[56.503s] Invoking command in '/home/mael/ros2_ws/build/baxter_joint_controller': PYTHONPATH=/home/mael/ros2_ws/build/baxter_joint_controller/prefix_override:/home/mael/ros2_ws/install/baxter_joint_controller/lib/python3.10/site-packages:${PYTHONPATH} /usr/bin/python3 setup.py develop --editable --build-directory /home/mael/ros2_ws/build/baxter_joint_controller/build --no-deps install_data
[56.625s] running develop
[56.721s] /usr/lib/python3/dist-packages/setuptools/command/easy_install.py:158: EasyInstallDeprecationWarning: easy_install command is deprecated. Use build and pip and other standards-based tools.
[56.722s]   warnings.warn(
[56.828s] /usr/lib/python3/dist-packages/setuptools/command/install.py:34: SetuptoolsDeprecationWarning: setup.py install is deprecated. Use build and pip and other standards-based tools.
[56.828s]   warnings.warn(
[57.356s] /usr/lib/python3/dist-packages/pkg_resources/__init__.py:116: PkgResourcesDeprecationWarning: 1.16.0-unknown is an invalid version and will not be supported in a future release
[57.356s]   warnings.warn(
[57.361s] /usr/lib/python3/dist-packages/pkg_resources/__init__.py:116: PkgResourcesDeprecationWarning: 0.1.43ubuntu1 is an invalid version and will not be supported in a future release
[57.361s]   warnings.warn(
[57.363s] /usr/lib/python3/dist-packages/pkg_resources/__init__.py:116: PkgResourcesDeprecationWarning: 1.1build1 is an invalid version and will not be supported in a future release
[57.363s]   warnings.warn(
[57.501s] running egg_info
[57.501s] writing baxter_joint_controller.egg-info/PKG-INFO
[58.400s] writing dependency_links to baxter_joint_controller.egg-info/dependency_links.txt
[58.400s] writing entry points to baxter_joint_controller.egg-info/entry_points.txt
[58.401s] writing requirements to baxter_joint_controller.egg-info/requires.txt
[58.401s] writing top-level names to baxter_joint_controller.egg-info/top_level.txt
[58.407s] reading manifest file 'baxter_joint_controller.egg-info/SOURCES.txt'
[58.495s] writing manifest file 'baxter_joint_controller.egg-info/SOURCES.txt'
[58.759s] running build_ext
[58.759s] Creating /home/mael/ros2_ws/install/baxter_joint_controller/lib/python3.10/site-packages/baxter-joint-controller.egg-link (link to .)
[58.971s] Installing controller script to /home/mael/ros2_ws/install/baxter_joint_controller/lib/baxter_joint_controller
[58.972s] 
[58.972s] Installed /home/mael/ros2_ws/build/baxter_joint_controller
[58.973s] running install_data
[60.599s] Invoked command in '/home/mael/ros2_ws/build/baxter_joint_controller' returned '0': PYTHONPATH=/home/mael/ros2_ws/build/baxter_joint_controller/prefix_override:/home/mael/ros2_ws/install/baxter_joint_controller/lib/python3.10/site-packages:${PYTHONPATH} /usr/bin/python3 setup.py develop --editable --build-directory /home/mael/ros2_ws/build/baxter_joint_controller/build --no-deps install_data
