[0.214s] Invoking command in '/home/mael/ros2_ws/build/zed_ros2': CMAKE_PREFIX_PATH=/home/mael/ros2_ws/install/zed_wrapper:/home/mael/ros2_ws/install/zed_components:/home/mael/ros2_ws/install/zed_interfaces:/home/mael/ros2_ws/install/zed_ros2:/home/mael/ros2_ws/install/baxter_moveit_ros2:/home/mael/ros2_ws/install/baxter_description:/home/mael/ros2_ws/install/rethink_ee_description:/home/mael/ros2_ws/install/perception_pcl:/home/mael/ros2_ws/install/pcl_ros:/home/mael/ros2_ws/install/pcl_conversions:/home/mael/ros2_ws/install/baxter_maintenance_msgs:/home/mael/ros2_ws/install/baxter_core_msgs:/home/mael/ros2_ws/install/apriltag_ros_pose:/home/mael/ros2_ws/install/apriltag_ros2:/home/mael/ros2_ws/install/ros_tcp_endpoint:/home/mael/ros2_ws/install/baxter_joint_controller:/home/mael/ros2_ws/install/baxter_6dof_vr:/opt/ros/humble /usr/bin/cmake --build /home/mael/ros2_ws/build/zed_ros2 -- -j8 -l8
[0.718s] Invoked command in '/home/mael/ros2_ws/build/zed_ros2' returned '0': CMAKE_PREFIX_PATH=/home/mael/ros2_ws/install/zed_wrapper:/home/mael/ros2_ws/install/zed_components:/home/mael/ros2_ws/install/zed_interfaces:/home/mael/ros2_ws/install/zed_ros2:/home/mael/ros2_ws/install/baxter_moveit_ros2:/home/mael/ros2_ws/install/baxter_description:/home/mael/ros2_ws/install/rethink_ee_description:/home/mael/ros2_ws/install/perception_pcl:/home/mael/ros2_ws/install/pcl_ros:/home/mael/ros2_ws/install/pcl_conversions:/home/mael/ros2_ws/install/baxter_maintenance_msgs:/home/mael/ros2_ws/install/baxter_core_msgs:/home/mael/ros2_ws/install/apriltag_ros_pose:/home/mael/ros2_ws/install/apriltag_ros2:/home/mael/ros2_ws/install/ros_tcp_endpoint:/home/mael/ros2_ws/install/baxter_joint_controller:/home/mael/ros2_ws/install/baxter_6dof_vr:/opt/ros/humble /usr/bin/cmake --build /home/mael/ros2_ws/build/zed_ros2 -- -j8 -l8
[0.789s] Invoking command in '/home/mael/ros2_ws/build/zed_ros2': CMAKE_PREFIX_PATH=/home/mael/ros2_ws/install/zed_wrapper:/home/mael/ros2_ws/install/zed_components:/home/mael/ros2_ws/install/zed_interfaces:/home/mael/ros2_ws/install/zed_ros2:/home/mael/ros2_ws/install/baxter_moveit_ros2:/home/mael/ros2_ws/install/baxter_description:/home/mael/ros2_ws/install/rethink_ee_description:/home/mael/ros2_ws/install/perception_pcl:/home/mael/ros2_ws/install/pcl_ros:/home/mael/ros2_ws/install/pcl_conversions:/home/mael/ros2_ws/install/baxter_maintenance_msgs:/home/mael/ros2_ws/install/baxter_core_msgs:/home/mael/ros2_ws/install/apriltag_ros_pose:/home/mael/ros2_ws/install/apriltag_ros2:/home/mael/ros2_ws/install/ros_tcp_endpoint:/home/mael/ros2_ws/install/baxter_joint_controller:/home/mael/ros2_ws/install/baxter_6dof_vr:/opt/ros/humble /usr/bin/cmake --install /home/mael/ros2_ws/build/zed_ros2
[0.883s] -- Install configuration: ""
[0.991s] -- Execute custom install script
[0.992s] -- Up-to-date symlink: /home/mael/ros2_ws/install/zed_ros2/share/ament_index/resource_index/package_run_dependencies/zed_ros2
[0.993s] -- Up-to-date symlink: /home/mael/ros2_ws/install/zed_ros2/share/ament_index/resource_index/parent_prefix_path/zed_ros2
[0.994s] -- Up-to-date symlink: /home/mael/ros2_ws/install/zed_ros2/share/zed_ros2/environment/ament_prefix_path.sh
[0.995s] -- Up-to-date symlink: /home/mael/ros2_ws/install/zed_ros2/share/zed_ros2/environment/ament_prefix_path.dsv
[0.995s] -- Up-to-date symlink: /home/mael/ros2_ws/install/zed_ros2/share/zed_ros2/environment/path.sh
[0.996s] -- Up-to-date symlink: /home/mael/ros2_ws/install/zed_ros2/share/zed_ros2/environment/path.dsv
[0.997s] -- Up-to-date symlink: /home/mael/ros2_ws/install/zed_ros2/share/zed_ros2/local_setup.bash
[0.997s] -- Up-to-date symlink: /home/mael/ros2_ws/install/zed_ros2/share/zed_ros2/local_setup.sh
[0.998s] -- Up-to-date symlink: /home/mael/ros2_ws/install/zed_ros2/share/zed_ros2/local_setup.zsh
[0.999s] -- Up-to-date symlink: /home/mael/ros2_ws/install/zed_ros2/share/zed_ros2/local_setup.dsv
[0.999s] -- Symlinking: /home/mael/ros2_ws/install/zed_ros2/share/zed_ros2/package.dsv
[1.031s] -- Up-to-date symlink: /home/mael/ros2_ws/install/zed_ros2/share/ament_index/resource_index/packages/zed_ros2
[1.032s] -- Up-to-date symlink: /home/mael/ros2_ws/install/zed_ros2/share/zed_ros2/cmake/zed_ros2Config.cmake
[1.032s] -- Up-to-date symlink: /home/mael/ros2_ws/install/zed_ros2/share/zed_ros2/cmake/zed_ros2Config-version.cmake
[1.033s] -- Up-to-date symlink: /home/mael/ros2_ws/install/zed_ros2/share/zed_ros2/package.xml
[1.040s] Invoked command in '/home/mael/ros2_ws/build/zed_ros2' returned '0': CMAKE_PREFIX_PATH=/home/mael/ros2_ws/install/zed_wrapper:/home/mael/ros2_ws/install/zed_components:/home/mael/ros2_ws/install/zed_interfaces:/home/mael/ros2_ws/install/zed_ros2:/home/mael/ros2_ws/install/baxter_moveit_ros2:/home/mael/ros2_ws/install/baxter_description:/home/mael/ros2_ws/install/rethink_ee_description:/home/mael/ros2_ws/install/perception_pcl:/home/mael/ros2_ws/install/pcl_ros:/home/mael/ros2_ws/install/pcl_conversions:/home/mael/ros2_ws/install/baxter_maintenance_msgs:/home/mael/ros2_ws/install/baxter_core_msgs:/home/mael/ros2_ws/install/apriltag_ros_pose:/home/mael/ros2_ws/install/apriltag_ros2:/home/mael/ros2_ws/install/ros_tcp_endpoint:/home/mael/ros2_ws/install/baxter_joint_controller:/home/mael/ros2_ws/install/baxter_6dof_vr:/opt/ros/humble /usr/bin/cmake --install /home/mael/ros2_ws/build/zed_ros2
