[0.802s] Invoking command in '/home/mael/ros2_ws/build/baxter_moveit_ros2': CMAKE_PREFIX_PATH=/home/mael/ros2_ws/install/baxter_description:/home/mael/ros2_ws/install/rethink_ee_description:/home/mael/ros2_ws/install/zed_ros2:/home/mael/ros2_ws/install/zed_wrapper:/home/mael/ros2_ws/install/zed_components:/home/mael/ros2_ws/install/zed_interfaces:/home/mael/ros2_ws/install/baxter_moveit_ros2:/home/mael/ros2_ws/install/perception_pcl:/home/mael/ros2_ws/install/pcl_ros:/home/mael/ros2_ws/install/pcl_conversions:/home/mael/ros2_ws/install/baxter_maintenance_msgs:/home/mael/ros2_ws/install/baxter_core_msgs:/home/mael/ros2_ws/install/apriltag_ros_pose:/home/mael/ros2_ws/install/apriltag_ros2:/home/mael/ros2_ws/install/ros_tcp_endpoint:/home/mael/ros2_ws/install/baxter_joint_controller:/home/mael/ros2_ws/install/baxter_6dof_vr:/opt/ros/humble /usr/bin/cmake --build /home/mael/ros2_ws/build/baxter_moveit_ros2 -- -j8 -l8
[1.293s] Invoked command in '/home/mael/ros2_ws/build/baxter_moveit_ros2' returned '0': CMAKE_PREFIX_PATH=/home/mael/ros2_ws/install/baxter_description:/home/mael/ros2_ws/install/rethink_ee_description:/home/mael/ros2_ws/install/zed_ros2:/home/mael/ros2_ws/install/zed_wrapper:/home/mael/ros2_ws/install/zed_components:/home/mael/ros2_ws/install/zed_interfaces:/home/mael/ros2_ws/install/baxter_moveit_ros2:/home/mael/ros2_ws/install/perception_pcl:/home/mael/ros2_ws/install/pcl_ros:/home/mael/ros2_ws/install/pcl_conversions:/home/mael/ros2_ws/install/baxter_maintenance_msgs:/home/mael/ros2_ws/install/baxter_core_msgs:/home/mael/ros2_ws/install/apriltag_ros_pose:/home/mael/ros2_ws/install/apriltag_ros2:/home/mael/ros2_ws/install/ros_tcp_endpoint:/home/mael/ros2_ws/install/baxter_joint_controller:/home/mael/ros2_ws/install/baxter_6dof_vr:/opt/ros/humble /usr/bin/cmake --build /home/mael/ros2_ws/build/baxter_moveit_ros2 -- -j8 -l8
[1.620s] Invoking command in '/home/mael/ros2_ws/build/baxter_moveit_ros2': CMAKE_PREFIX_PATH=/home/mael/ros2_ws/install/baxter_description:/home/mael/ros2_ws/install/rethink_ee_description:/home/mael/ros2_ws/install/zed_ros2:/home/mael/ros2_ws/install/zed_wrapper:/home/mael/ros2_ws/install/zed_components:/home/mael/ros2_ws/install/zed_interfaces:/home/mael/ros2_ws/install/baxter_moveit_ros2:/home/mael/ros2_ws/install/perception_pcl:/home/mael/ros2_ws/install/pcl_ros:/home/mael/ros2_ws/install/pcl_conversions:/home/mael/ros2_ws/install/baxter_maintenance_msgs:/home/mael/ros2_ws/install/baxter_core_msgs:/home/mael/ros2_ws/install/apriltag_ros_pose:/home/mael/ros2_ws/install/apriltag_ros2:/home/mael/ros2_ws/install/ros_tcp_endpoint:/home/mael/ros2_ws/install/baxter_joint_controller:/home/mael/ros2_ws/install/baxter_6dof_vr:/opt/ros/humble /usr/bin/cmake --install /home/mael/ros2_ws/build/baxter_moveit_ros2
[1.633s] -- Install configuration: ""
[1.634s] -- Execute custom install script
[1.634s] -- Up-to-date symlink: /home/mael/ros2_ws/install/baxter_moveit_ros2/share/ament_index/resource_index/package_run_dependencies/baxter_moveit_ros2
[1.634s] -- Up-to-date symlink: /home/mael/ros2_ws/install/baxter_moveit_ros2/share/ament_index/resource_index/parent_prefix_path/baxter_moveit_ros2
[1.634s] -- Up-to-date symlink: /home/mael/ros2_ws/install/baxter_moveit_ros2/share/baxter_moveit_ros2/environment/ament_prefix_path.sh
[1.635s] -- Up-to-date symlink: /home/mael/ros2_ws/install/baxter_moveit_ros2/share/baxter_moveit_ros2/environment/ament_prefix_path.dsv
[1.635s] -- Up-to-date symlink: /home/mael/ros2_ws/install/baxter_moveit_ros2/share/baxter_moveit_ros2/environment/path.sh
[1.636s] -- Up-to-date symlink: /home/mael/ros2_ws/install/baxter_moveit_ros2/share/baxter_moveit_ros2/environment/path.dsv
[1.636s] -- Up-to-date symlink: /home/mael/ros2_ws/install/baxter_moveit_ros2/share/baxter_moveit_ros2/local_setup.bash
[1.636s] -- Up-to-date symlink: /home/mael/ros2_ws/install/baxter_moveit_ros2/share/baxter_moveit_ros2/local_setup.sh
[1.636s] -- Up-to-date symlink: /home/mael/ros2_ws/install/baxter_moveit_ros2/share/baxter_moveit_ros2/local_setup.zsh
[1.638s] -- Up-to-date symlink: /home/mael/ros2_ws/install/baxter_moveit_ros2/share/baxter_moveit_ros2/local_setup.dsv
[1.638s] -- Symlinking: /home/mael/ros2_ws/install/baxter_moveit_ros2/share/baxter_moveit_ros2/package.dsv
[1.652s] -- Up-to-date symlink: /home/mael/ros2_ws/install/baxter_moveit_ros2/share/ament_index/resource_index/packages/baxter_moveit_ros2
[1.653s] -- Up-to-date symlink: /home/mael/ros2_ws/install/baxter_moveit_ros2/share/baxter_moveit_ros2/cmake/baxter_moveit_ros2Config.cmake
[1.654s] -- Up-to-date symlink: /home/mael/ros2_ws/install/baxter_moveit_ros2/share/baxter_moveit_ros2/cmake/baxter_moveit_ros2Config-version.cmake
[1.661s] -- Up-to-date symlink: /home/mael/ros2_ws/install/baxter_moveit_ros2/share/baxter_moveit_ros2/package.xml
[1.662s] -- Up-to-date symlink: /home/mael/ros2_ws/install/baxter_moveit_ros2/share/baxter_moveit_ros2/launch/baxter_servo.launch.py
[1.662s] -- Up-to-date symlink: /home/mael/ros2_ws/install/baxter_moveit_ros2/share/baxter_moveit_ros2/launch/demo.launch.py
[1.662s] -- Up-to-date symlink: /home/mael/ros2_ws/install/baxter_moveit_ros2/share/baxter_moveit_ros2/launch/move_group.launch.py
[1.663s] -- Up-to-date symlink: /home/mael/ros2_ws/install/baxter_moveit_ros2/share/baxter_moveit_ros2/launch/moveit_rviz.launch.py
[1.663s] -- Up-to-date symlink: /home/mael/ros2_ws/install/baxter_moveit_ros2/share/baxter_moveit_ros2/launch/rsp.launch.py
[1.663s] -- Up-to-date symlink: /home/mael/ros2_ws/install/baxter_moveit_ros2/share/baxter_moveit_ros2/launch/setup_assistant.launch.py
[1.663s] -- Up-to-date symlink: /home/mael/ros2_ws/install/baxter_moveit_ros2/share/baxter_moveit_ros2/launch/spawn_controllers.launch.py
[1.664s] -- Up-to-date symlink: /home/mael/ros2_ws/install/baxter_moveit_ros2/share/baxter_moveit_ros2/launch/static_virtual_joint_tfs.launch.py
[1.664s] -- Up-to-date symlink: /home/mael/ros2_ws/install/baxter_moveit_ros2/share/baxter_moveit_ros2/launch/warehouse_db.launch.py
[1.664s] -- Up-to-date symlink: /home/mael/ros2_ws/install/baxter_moveit_ros2/share/baxter_moveit_ros2/config/baxter.ros2_control.xacro
[1.664s] -- Up-to-date symlink: /home/mael/ros2_ws/install/baxter_moveit_ros2/share/baxter_moveit_ros2/config/baxter.srdf
[1.664s] -- Up-to-date symlink: /home/mael/ros2_ws/install/baxter_moveit_ros2/share/baxter_moveit_ros2/config/baxter.urdf.xacro
[1.664s] -- Up-to-date symlink: /home/mael/ros2_ws/install/baxter_moveit_ros2/share/baxter_moveit_ros2/config/baxter_pose_tracking.yaml
[1.665s] -- Symlinking: /home/mael/ros2_ws/install/baxter_moveit_ros2/share/baxter_moveit_ros2/config/baxter_servo_config.yaml
[1.670s] -- Up-to-date symlink: /home/mael/ros2_ws/install/baxter_moveit_ros2/share/baxter_moveit_ros2/config/initial_positions.yaml
[1.670s] -- Up-to-date symlink: /home/mael/ros2_ws/install/baxter_moveit_ros2/share/baxter_moveit_ros2/config/joint_limits.yaml
[1.671s] -- Up-to-date symlink: /home/mael/ros2_ws/install/baxter_moveit_ros2/share/baxter_moveit_ros2/config/kinematics.yaml
[1.671s] -- Up-to-date symlink: /home/mael/ros2_ws/install/baxter_moveit_ros2/share/baxter_moveit_ros2/config/moveit.rviz
[1.672s] -- Up-to-date symlink: /home/mael/ros2_ws/install/baxter_moveit_ros2/share/baxter_moveit_ros2/config/moveit_controllers.yaml
[1.676s] -- Up-to-date symlink: /home/mael/ros2_ws/install/baxter_moveit_ros2/share/baxter_moveit_ros2/config/pilz_cartesian_limits.yaml
[1.676s] -- Up-to-date symlink: /home/mael/ros2_ws/install/baxter_moveit_ros2/share/baxter_moveit_ros2/config/pose_tracking_settings.yaml
[1.676s] -- Up-to-date symlink: /home/mael/ros2_ws/install/baxter_moveit_ros2/share/baxter_moveit_ros2/config/ros2_controllers.yaml
[1.676s] -- Up-to-date symlink: /home/mael/ros2_ws/install/baxter_moveit_ros2/share/baxter_moveit_ros2/config/sensors_3d.yaml
[1.677s] -- Up-to-date symlink: /home/mael/ros2_ws/install/baxter_moveit_ros2/share/baxter_moveit_ros2/.setup_assistant
[1.685s] Invoked command in '/home/mael/ros2_ws/build/baxter_moveit_ros2' returned '0': CMAKE_PREFIX_PATH=/home/mael/ros2_ws/install/baxter_description:/home/mael/ros2_ws/install/rethink_ee_description:/home/mael/ros2_ws/install/zed_ros2:/home/mael/ros2_ws/install/zed_wrapper:/home/mael/ros2_ws/install/zed_components:/home/mael/ros2_ws/install/zed_interfaces:/home/mael/ros2_ws/install/baxter_moveit_ros2:/home/mael/ros2_ws/install/perception_pcl:/home/mael/ros2_ws/install/pcl_ros:/home/mael/ros2_ws/install/pcl_conversions:/home/mael/ros2_ws/install/baxter_maintenance_msgs:/home/mael/ros2_ws/install/baxter_core_msgs:/home/mael/ros2_ws/install/apriltag_ros_pose:/home/mael/ros2_ws/install/apriltag_ros2:/home/mael/ros2_ws/install/ros_tcp_endpoint:/home/mael/ros2_ws/install/baxter_joint_controller:/home/mael/ros2_ws/install/baxter_6dof_vr:/opt/ros/humble /usr/bin/cmake --install /home/mael/ros2_ws/build/baxter_moveit_ros2
