[  5%] Built target moveit_servo_lib_parameters
[ 16%] Built target servo_controller_input
[ 27%] Built target fake_command_publisher
[ 55%] Built target moveit_servo_lib
[ 66%] Built target servo_node
[ 77%] Built target pose_tracking
[35m[1mConsolidate compiler generated dependencies of target servo_pose_tracking_demo[0m
[ 88%] Built target servo_node_main
[100%] Built target servo_pose_tracking_demo
-- Install configuration: "Release"
-- Execute custom install script
-- Up-to-date symlink: /home/mael/ros2_ws/install/moveit_servo_baxter/include/moveit_servo_lib_parameters/moveit_servo_lib_parameters.hpp
-- Up-to-date symlink: /home/mael/ros2_ws/install/moveit_servo_baxter/lib/moveit_servo_baxter/servo_node_main
-- Up-to-date symlink: /home/mael/ros2_ws/install/moveit_servo_baxter/lib/moveit_servo_baxter/servo_pose_tracking_demo
-- Up-to-date symlink: /home/mael/ros2_ws/install/moveit_servo_baxter/lib/moveit_servo_baxter/fake_command_publisher
-- Up-to-date symlink: /home/mael/ros2_ws/install/moveit_servo_baxter/include/moveit_servo_baxter/moveit_servo_baxter/collision_check.h
-- Up-to-date symlink: /home/mael/ros2_ws/install/moveit_servo_baxter/include/moveit_servo_baxter/moveit_servo_baxter/make_shared_from_pool.h
-- Up-to-date symlink: /home/mael/ros2_ws/install/moveit_servo_baxter/include/moveit_servo_baxter/moveit_servo_baxter/pose_tracking.h
-- Up-to-date symlink: /home/mael/ros2_ws/install/moveit_servo_baxter/include/moveit_servo_baxter/moveit_servo_baxter/servo.h
-- Up-to-date symlink: /home/mael/ros2_ws/install/moveit_servo_baxter/include/moveit_servo_baxter/moveit_servo_baxter/servo_calcs.h
-- Up-to-date symlink: /home/mael/ros2_ws/install/moveit_servo_baxter/include/moveit_servo_baxter/moveit_servo_baxter/servo_node.h
-- Up-to-date symlink: /home/mael/ros2_ws/install/moveit_servo_baxter/include/moveit_servo_baxter/moveit_servo_baxter/servo_server.h
-- Up-to-date symlink: /home/mael/ros2_ws/install/moveit_servo_baxter/include/moveit_servo_baxter/moveit_servo_baxter/status_codes.h
-- Up-to-date symlink: /home/mael/ros2_ws/install/moveit_servo_baxter/include/moveit_servo_baxter/moveit_servo_baxter/utilities.h
-- Up-to-date symlink: /home/mael/ros2_ws/install/moveit_servo_baxter/share/moveit_servo_baxter/launch/pose_tracking_example.launch.py
-- Up-to-date symlink: /home/mael/ros2_ws/install/moveit_servo_baxter/share/moveit_servo_baxter/launch/servo_example.launch.py
-- Up-to-date symlink: /home/mael/ros2_ws/install/moveit_servo_baxter/share/moveit_servo_baxter/config/demo_rviz_config.rviz
-- Up-to-date symlink: /home/mael/ros2_ws/install/moveit_servo_baxter/share/moveit_servo_baxter/config/demo_rviz_pose_tracking.rviz
-- Up-to-date symlink: /home/mael/ros2_ws/install/moveit_servo_baxter/share/moveit_servo_baxter/config/panda_simulated_config.yaml
-- Up-to-date symlink: /home/mael/ros2_ws/install/moveit_servo_baxter/share/moveit_servo_baxter/config/panda_simulated_config_pose_tracking.yaml
-- Up-to-date symlink: /home/mael/ros2_ws/install/moveit_servo_baxter/share/moveit_servo_baxter/config/pose_tracking_settings.yaml
-- Up-to-date symlink: /home/mael/ros2_ws/install/moveit_servo_baxter/share/moveit_servo_baxter/environment/library_path.sh
-- Up-to-date symlink: /home/mael/ros2_ws/install/moveit_servo_baxter/share/moveit_servo_baxter/environment/library_path.dsv
-- Up-to-date symlink: /home/mael/ros2_ws/install/moveit_servo_baxter/share/ament_index/resource_index/package_run_dependencies/moveit_servo_baxter
-- Up-to-date symlink: /home/mael/ros2_ws/install/moveit_servo_baxter/share/ament_index/resource_index/parent_prefix_path/moveit_servo_baxter
-- Up-to-date symlink: /home/mael/ros2_ws/install/moveit_servo_baxter/share/moveit_servo_baxter/environment/ament_prefix_path.sh
-- Up-to-date symlink: /home/mael/ros2_ws/install/moveit_servo_baxter/share/moveit_servo_baxter/environment/ament_prefix_path.dsv
-- Up-to-date symlink: /home/mael/ros2_ws/install/moveit_servo_baxter/share/moveit_servo_baxter/environment/path.sh
-- Up-to-date symlink: /home/mael/ros2_ws/install/moveit_servo_baxter/share/moveit_servo_baxter/environment/path.dsv
-- Up-to-date symlink: /home/mael/ros2_ws/install/moveit_servo_baxter/share/moveit_servo_baxter/local_setup.bash
-- Up-to-date symlink: /home/mael/ros2_ws/install/moveit_servo_baxter/share/moveit_servo_baxter/local_setup.sh
-- Up-to-date symlink: /home/mael/ros2_ws/install/moveit_servo_baxter/share/moveit_servo_baxter/local_setup.zsh
-- Up-to-date symlink: /home/mael/ros2_ws/install/moveit_servo_baxter/share/moveit_servo_baxter/local_setup.dsv
-- Symlinking: /home/mael/ros2_ws/install/moveit_servo_baxter/share/moveit_servo_baxter/package.dsv
-- Up-to-date symlink: /home/mael/ros2_ws/install/moveit_servo_baxter/share/ament_index/resource_index/packages/moveit_servo_baxter
-- Up-to-date symlink: /home/mael/ros2_ws/install/moveit_servo_baxter/share/ament_index/resource_index/rclcpp_components/moveit_servo_baxter
-- Up-to-date symlink: /home/mael/ros2_ws/install/moveit_servo_baxter/share/moveit_servo_baxter/cmake/ament_cmake_export_targets-extras.cmake
-- Up-to-date symlink: /home/mael/ros2_ws/install/moveit_servo_baxter/share/moveit_servo_baxter/cmake/ament_cmake_export_dependencies-extras.cmake
-- Up-to-date symlink: /home/mael/ros2_ws/install/moveit_servo_baxter/share/moveit_servo_baxter/cmake/moveit_servo_baxterConfig.cmake
-- Up-to-date symlink: /home/mael/ros2_ws/install/moveit_servo_baxter/share/moveit_servo_baxter/cmake/moveit_servo_baxterConfig-version.cmake
-- Up-to-date symlink: /home/mael/ros2_ws/install/moveit_servo_baxter/share/moveit_servo_baxter/package.xml
-- Up-to-date: /home/mael/ros2_ws/install/moveit_servo_baxter/lib/libmoveit_servo_lib.so.
-- Up-to-date: /home/mael/ros2_ws/install/moveit_servo_baxter/lib/libmoveit_servo_lib.so
-- Up-to-date: /home/mael/ros2_ws/install/moveit_servo_baxter/lib/libpose_tracking.so
-- Up-to-date: /home/mael/ros2_ws/install/moveit_servo_baxter/lib/libservo_node.so
-- Up-to-date: /home/mael/ros2_ws/install/moveit_servo_baxter/lib/libservo_controller_input.so
-- Up-to-date: /home/mael/ros2_ws/install/moveit_servo_baxter/share/moveit_servo_baxter/cmake/moveit_servoTargetsExport.cmake
-- Up-to-date: /home/mael/ros2_ws/install/moveit_servo_baxter/share/moveit_servo_baxter/cmake/moveit_servoTargetsExport-release.cmake
