[0.081s] Invoking command in '/home/mael/ros2_ws/build/moveit_servo_baxter': CMAKE_PREFIX_PATH=${CMAKE_PREFIX_PATH}:/home/mael/ros2_ws/install/ros_tcp_endpoint:/home/mael/ros2_ws/install/baxter_joint_controller:/home/mael/ros2_ws/install/baxter_6dof_vr:/opt/ros/humble /usr/bin/cmake --build /home/mael/ros2_ws/build/moveit_servo_baxter -- -j8 -l8
[0.279s] [  5%] Built target moveit_servo_lib_parameters
[0.295s] [ 16%] Built target fake_command_publisher
[0.311s] [ 27%] Built target servo_controller_input
[0.370s] [ 55%] Built target moveit_servo_lib
[0.454s] [ 66%] Built target pose_tracking
[0.487s] [ 77%] Built target servo_node
[0.525s] [ 88%] Built target servo_pose_tracking_demo
[0.553s] [100%] Built target servo_node_main
[0.584s] Invoked command in '/home/mael/ros2_ws/build/moveit_servo_baxter' returned '0': CMAKE_PREFIX_PATH=${CMAKE_PREFIX_PATH}:/home/mael/ros2_ws/install/ros_tcp_endpoint:/home/mael/ros2_ws/install/baxter_joint_controller:/home/mael/ros2_ws/install/baxter_6dof_vr:/opt/ros/humble /usr/bin/cmake --build /home/mael/ros2_ws/build/moveit_servo_baxter -- -j8 -l8
[0.717s] Invoking command in '/home/mael/ros2_ws/build/moveit_servo_baxter': CMAKE_PREFIX_PATH=${CMAKE_PREFIX_PATH}:/home/mael/ros2_ws/install/ros_tcp_endpoint:/home/mael/ros2_ws/install/baxter_joint_controller:/home/mael/ros2_ws/install/baxter_6dof_vr:/opt/ros/humble /usr/bin/cmake --install /home/mael/ros2_ws/build/moveit_servo_baxter
[0.735s] -- Install configuration: "Release"
[0.737s] -- Execute custom install script
[0.737s] -- Up-to-date symlink: /home/mael/ros2_ws/install/moveit_servo_baxter/include/moveit_servo_lib_parameters/moveit_servo_lib_parameters.hpp
[0.737s] -- Up-to-date symlink: /home/mael/ros2_ws/install/moveit_servo_baxter/lib/moveit_servo_baxter/servo_node_main
[0.737s] -- Up-to-date symlink: /home/mael/ros2_ws/install/moveit_servo_baxter/lib/moveit_servo_baxter/servo_pose_tracking_demo
[0.737s] -- Up-to-date symlink: /home/mael/ros2_ws/install/moveit_servo_baxter/lib/moveit_servo_baxter/fake_command_publisher
[0.737s] -- Up-to-date symlink: /home/mael/ros2_ws/install/moveit_servo_baxter/include/moveit_servo_baxter/moveit_servo_baxter/collision_check.h
[0.737s] -- Up-to-date symlink: /home/mael/ros2_ws/install/moveit_servo_baxter/include/moveit_servo_baxter/moveit_servo_baxter/make_shared_from_pool.h
[0.737s] -- Up-to-date symlink: /home/mael/ros2_ws/install/moveit_servo_baxter/include/moveit_servo_baxter/moveit_servo_baxter/pose_tracking.h
[0.738s] -- Up-to-date symlink: /home/mael/ros2_ws/install/moveit_servo_baxter/include/moveit_servo_baxter/moveit_servo_baxter/servo.h
[0.738s] -- Up-to-date symlink: /home/mael/ros2_ws/install/moveit_servo_baxter/include/moveit_servo_baxter/moveit_servo_baxter/servo_calcs.h
[0.738s] -- Up-to-date symlink: /home/mael/ros2_ws/install/moveit_servo_baxter/include/moveit_servo_baxter/moveit_servo_baxter/servo_node.h
[0.738s] -- Up-to-date symlink: /home/mael/ros2_ws/install/moveit_servo_baxter/include/moveit_servo_baxter/moveit_servo_baxter/servo_server.h
[0.738s] -- Up-to-date symlink: /home/mael/ros2_ws/install/moveit_servo_baxter/include/moveit_servo_baxter/moveit_servo_baxter/status_codes.h
[0.738s] -- Up-to-date symlink: /home/mael/ros2_ws/install/moveit_servo_baxter/include/moveit_servo_baxter/moveit_servo_baxter/utilities.h
[0.738s] -- Up-to-date symlink: /home/mael/ros2_ws/install/moveit_servo_baxter/share/moveit_servo_baxter/launch/pose_tracking_example.launch.py
[0.738s] -- Up-to-date symlink: /home/mael/ros2_ws/install/moveit_servo_baxter/share/moveit_servo_baxter/launch/servo_example.launch.py
[0.738s] -- Up-to-date symlink: /home/mael/ros2_ws/install/moveit_servo_baxter/share/moveit_servo_baxter/config/demo_rviz_config.rviz
[0.739s] -- Up-to-date symlink: /home/mael/ros2_ws/install/moveit_servo_baxter/share/moveit_servo_baxter/config/demo_rviz_pose_tracking.rviz
[0.739s] -- Up-to-date symlink: /home/mael/ros2_ws/install/moveit_servo_baxter/share/moveit_servo_baxter/config/panda_simulated_config.yaml
[0.739s] -- Up-to-date symlink: /home/mael/ros2_ws/install/moveit_servo_baxter/share/moveit_servo_baxter/config/panda_simulated_config_pose_tracking.yaml
[0.739s] -- Up-to-date symlink: /home/mael/ros2_ws/install/moveit_servo_baxter/share/moveit_servo_baxter/config/pose_tracking_settings.yaml
[0.739s] -- Up-to-date symlink: /home/mael/ros2_ws/install/moveit_servo_baxter/share/moveit_servo_baxter/environment/library_path.sh
[0.739s] -- Up-to-date symlink: /home/mael/ros2_ws/install/moveit_servo_baxter/share/moveit_servo_baxter/environment/library_path.dsv
[0.739s] -- Up-to-date symlink: /home/mael/ros2_ws/install/moveit_servo_baxter/share/ament_index/resource_index/package_run_dependencies/moveit_servo_baxter
[0.739s] -- Up-to-date symlink: /home/mael/ros2_ws/install/moveit_servo_baxter/share/ament_index/resource_index/parent_prefix_path/moveit_servo_baxter
[0.739s] -- Up-to-date symlink: /home/mael/ros2_ws/install/moveit_servo_baxter/share/moveit_servo_baxter/environment/ament_prefix_path.sh
[0.739s] -- Up-to-date symlink: /home/mael/ros2_ws/install/moveit_servo_baxter/share/moveit_servo_baxter/environment/ament_prefix_path.dsv
[0.740s] -- Up-to-date symlink: /home/mael/ros2_ws/install/moveit_servo_baxter/share/moveit_servo_baxter/environment/path.sh
[0.740s] -- Up-to-date symlink: /home/mael/ros2_ws/install/moveit_servo_baxter/share/moveit_servo_baxter/environment/path.dsv
[0.740s] -- Up-to-date symlink: /home/mael/ros2_ws/install/moveit_servo_baxter/share/moveit_servo_baxter/local_setup.bash
[0.740s] -- Up-to-date symlink: /home/mael/ros2_ws/install/moveit_servo_baxter/share/moveit_servo_baxter/local_setup.sh
[0.740s] -- Up-to-date symlink: /home/mael/ros2_ws/install/moveit_servo_baxter/share/moveit_servo_baxter/local_setup.zsh
[0.746s] -- Up-to-date symlink: /home/mael/ros2_ws/install/moveit_servo_baxter/share/moveit_servo_baxter/local_setup.dsv
[0.746s] -- Symlinking: /home/mael/ros2_ws/install/moveit_servo_baxter/share/moveit_servo_baxter/package.dsv
[0.760s] -- Up-to-date symlink: /home/mael/ros2_ws/install/moveit_servo_baxter/share/ament_index/resource_index/packages/moveit_servo_baxter
[0.760s] -- Up-to-date symlink: /home/mael/ros2_ws/install/moveit_servo_baxter/share/ament_index/resource_index/rclcpp_components/moveit_servo_baxter
[0.761s] -- Up-to-date symlink: /home/mael/ros2_ws/install/moveit_servo_baxter/share/moveit_servo_baxter/cmake/ament_cmake_export_targets-extras.cmake
[0.761s] -- Up-to-date symlink: /home/mael/ros2_ws/install/moveit_servo_baxter/share/moveit_servo_baxter/cmake/ament_cmake_export_dependencies-extras.cmake
[0.761s] -- Up-to-date symlink: /home/mael/ros2_ws/install/moveit_servo_baxter/share/moveit_servo_baxter/cmake/moveit_servo_baxterConfig.cmake
[0.761s] -- Up-to-date symlink: /home/mael/ros2_ws/install/moveit_servo_baxter/share/moveit_servo_baxter/cmake/moveit_servo_baxterConfig-version.cmake
[0.761s] -- Up-to-date symlink: /home/mael/ros2_ws/install/moveit_servo_baxter/share/moveit_servo_baxter/package.xml
[0.762s] -- Up-to-date: /home/mael/ros2_ws/install/moveit_servo_baxter/lib/libmoveit_servo_lib.so.
[0.762s] -- Up-to-date: /home/mael/ros2_ws/install/moveit_servo_baxter/lib/libmoveit_servo_lib.so
[0.762s] -- Up-to-date: /home/mael/ros2_ws/install/moveit_servo_baxter/lib/libpose_tracking.so
[0.763s] -- Up-to-date: /home/mael/ros2_ws/install/moveit_servo_baxter/lib/libservo_node.so
[0.763s] -- Up-to-date: /home/mael/ros2_ws/install/moveit_servo_baxter/lib/libservo_controller_input.so
[0.764s] -- Up-to-date: /home/mael/ros2_ws/install/moveit_servo_baxter/share/moveit_servo_baxter/cmake/moveit_servoTargetsExport.cmake
[0.764s] -- Up-to-date: /home/mael/ros2_ws/install/moveit_servo_baxter/share/moveit_servo_baxter/cmake/moveit_servoTargetsExport-release.cmake
[1.382s] Invoked command in '/home/mael/ros2_ws/build/moveit_servo_baxter' returned '0': CMAKE_PREFIX_PATH=${CMAKE_PREFIX_PATH}:/home/mael/ros2_ws/install/ros_tcp_endpoint:/home/mael/ros2_ws/install/baxter_joint_controller:/home/mael/ros2_ws/install/baxter_6dof_vr:/opt/ros/humble /usr/bin/cmake --install /home/mael/ros2_ws/build/moveit_servo_baxter
