[0.086s] Invoking command in '/home/mael/ros2_ws/build/apriltag_ros2': CMAKE_PREFIX_PATH=${CMAKE_PREFIX_PATH}:/home/mael/ros2_ws/install/ros_tcp_endpoint:/home/mael/ros2_ws/install/baxter_joint_controller:/home/mael/ros2_ws/install/baxter_6dof_vr:/opt/ros/humble /usr/bin/cmake --build /home/mael/ros2_ws/build/apriltag_ros2 -- -j8 -l8
[0.680s] [  1%] Built target apriltag_ros2__cpp
[0.680s] [  9%] Built target apriltag_ros2__rosidl_generator_c
[0.681s] [  9%] Built target ament_cmake_python_symlink_apriltag_ros2
[0.681s] [ 13%] Built target apriltag_ros2_continuous_detector_node
[0.682s] [ 16%] Built target apriltag_ros2_single_image_detector_node
[0.683s] [ 19%] Built target apriltag_ros2_single_image_client_node
[0.683s] [ 27%] Built target apriltag_ros2__rosidl_typesupport_cpp
[0.683s] [ 36%] Built target apriltag_ros2__rosidl_typesupport_fastrtps_cpp
[0.684s] [ 44%] Built target apriltag_ros2__rosidl_typesupport_introspection_c
[0.684s] [ 52%] Built target apriltag_ros2__rosidl_typesupport_c
[0.684s] [ 60%] Built target apriltag_ros2__rosidl_typesupport_introspection_cpp
[0.685s] [ 68%] Built target apriltag_ros2__rosidl_typesupport_fastrtps_c
[0.685s] [ 72%] Built target apriltag_ros2_common
[0.685s] [ 72%] Built target apriltag_ros2
[0.685s] [ 75%] Built target apriltag_ros2_continuous_detector
[0.685s] [ 77%] Built target apriltag_ros2__py
[0.685s] [ 83%] Built target apriltag_ros2__rosidl_generator_py
[0.685s] [ 86%] Built target apriltag_ros2_single_image_detector
[0.685s] [ 90%] Built target apriltag_ros2__rosidl_typesupport_fastrtps_c__pyext
[0.685s] [ 93%] Built target apriltag_ros2__rosidl_typesupport_introspection_c__pyext
[0.686s] [ 96%] Built target apriltag_ros2__rosidl_typesupport_c__pyext
[0.686s] [100%] Built target apriltag_ros2_single_image_client
[0.832s] running egg_info
[0.837s] writing apriltag_ros2.egg-info/PKG-INFO
[0.837s] writing dependency_links to apriltag_ros2.egg-info/dependency_links.txt
[0.837s] writing top-level names to apriltag_ros2.egg-info/top_level.txt
[0.839s] reading manifest file 'apriltag_ros2.egg-info/SOURCES.txt'
[0.840s] writing manifest file 'apriltag_ros2.egg-info/SOURCES.txt'
[0.915s] [100%] Built target ament_cmake_python_build_apriltag_ros2_egg
[1.124s] Invoked command in '/home/mael/ros2_ws/build/apriltag_ros2' returned '0': CMAKE_PREFIX_PATH=${CMAKE_PREFIX_PATH}:/home/mael/ros2_ws/install/ros_tcp_endpoint:/home/mael/ros2_ws/install/baxter_joint_controller:/home/mael/ros2_ws/install/baxter_6dof_vr:/opt/ros/humble /usr/bin/cmake --build /home/mael/ros2_ws/build/apriltag_ros2 -- -j8 -l8
[1.562s] Invoking command in '/home/mael/ros2_ws/build/apriltag_ros2': CMAKE_PREFIX_PATH=${CMAKE_PREFIX_PATH}:/home/mael/ros2_ws/install/ros_tcp_endpoint:/home/mael/ros2_ws/install/baxter_joint_controller:/home/mael/ros2_ws/install/baxter_6dof_vr:/opt/ros/humble /usr/bin/cmake --install /home/mael/ros2_ws/build/apriltag_ros2
[1.573s] -- Install configuration: "Release"
[1.573s] -- Execute custom install script
[1.574s] -- Up-to-date symlink: /home/mael/ros2_ws/install/apriltag_ros2/share/ament_index/resource_index/rosidl_interfaces/apriltag_ros2
[1.576s] -- Up-to-date symlink: /home/mael/ros2_ws/install/apriltag_ros2/include/apriltag_ros2/apriltag_ros2/msg/april_tag_detection.h
[1.577s] -- Up-to-date symlink: /home/mael/ros2_ws/install/apriltag_ros2/include/apriltag_ros2/apriltag_ros2/msg/april_tag_detection_array.h
[1.577s] -- Up-to-date symlink: /home/mael/ros2_ws/install/apriltag_ros2/include/apriltag_ros2/apriltag_ros2/msg/detail/april_tag_detection__functions.h
[1.579s] -- Up-to-date symlink: /home/mael/ros2_ws/install/apriltag_ros2/include/apriltag_ros2/apriltag_ros2/msg/detail/april_tag_detection__struct.h
[1.580s] -- Up-to-date symlink: /home/mael/ros2_ws/install/apriltag_ros2/include/apriltag_ros2/apriltag_ros2/msg/detail/april_tag_detection__type_support.h
[1.581s] -- Up-to-date symlink: /home/mael/ros2_ws/install/apriltag_ros2/include/apriltag_ros2/apriltag_ros2/msg/detail/april_tag_detection_array__functions.h
[1.581s] -- Up-to-date symlink: /home/mael/ros2_ws/install/apriltag_ros2/include/apriltag_ros2/apriltag_ros2/msg/detail/april_tag_detection_array__struct.h
[1.581s] -- Up-to-date symlink: /home/mael/ros2_ws/install/apriltag_ros2/include/apriltag_ros2/apriltag_ros2/msg/detail/april_tag_detection_array__type_support.h
[1.582s] -- Up-to-date symlink: /home/mael/ros2_ws/install/apriltag_ros2/include/apriltag_ros2/apriltag_ros2/msg/rosidl_generator_c__visibility_control.h
[1.582s] -- Up-to-date symlink: /home/mael/ros2_ws/install/apriltag_ros2/include/apriltag_ros2/apriltag_ros2/srv/analyze_single_image.h
[1.582s] -- Up-to-date symlink: /home/mael/ros2_ws/install/apriltag_ros2/include/apriltag_ros2/apriltag_ros2/srv/detail/analyze_single_image__functions.h
[1.582s] -- Up-to-date symlink: /home/mael/ros2_ws/install/apriltag_ros2/include/apriltag_ros2/apriltag_ros2/srv/detail/analyze_single_image__struct.h
[1.582s] -- Up-to-date symlink: /home/mael/ros2_ws/install/apriltag_ros2/include/apriltag_ros2/apriltag_ros2/srv/detail/analyze_single_image__type_support.h
[1.583s] -- Up-to-date symlink: /home/mael/ros2_ws/install/apriltag_ros2/share/apriltag_ros2/environment/library_path.sh
[1.583s] -- Up-to-date symlink: /home/mael/ros2_ws/install/apriltag_ros2/share/apriltag_ros2/environment/library_path.dsv
[1.586s] -- Up-to-date symlink: /home/mael/ros2_ws/install/apriltag_ros2/include/apriltag_ros2/apriltag_ros2/msg/detail/april_tag_detection__rosidl_typesupport_fastrtps_c.h
[1.586s] -- Up-to-date symlink: /home/mael/ros2_ws/install/apriltag_ros2/include/apriltag_ros2/apriltag_ros2/msg/detail/april_tag_detection_array__rosidl_typesupport_fastrtps_c.h
[1.587s] -- Up-to-date symlink: /home/mael/ros2_ws/install/apriltag_ros2/include/apriltag_ros2/apriltag_ros2/msg/rosidl_typesupport_fastrtps_c__visibility_control.h
[1.587s] -- Up-to-date symlink: /home/mael/ros2_ws/install/apriltag_ros2/include/apriltag_ros2/apriltag_ros2/srv/detail/analyze_single_image__rosidl_typesupport_fastrtps_c.h
[1.588s] -- Up-to-date symlink: /home/mael/ros2_ws/install/apriltag_ros2/include/apriltag_ros2/apriltag_ros2/msg/april_tag_detection.hpp
[1.589s] -- Up-to-date symlink: /home/mael/ros2_ws/install/apriltag_ros2/include/apriltag_ros2/apriltag_ros2/msg/april_tag_detection_array.hpp
[1.589s] -- Up-to-date symlink: /home/mael/ros2_ws/install/apriltag_ros2/include/apriltag_ros2/apriltag_ros2/msg/detail/april_tag_detection__builder.hpp
[1.590s] -- Up-to-date symlink: /home/mael/ros2_ws/install/apriltag_ros2/include/apriltag_ros2/apriltag_ros2/msg/detail/april_tag_detection__struct.hpp
[1.590s] -- Up-to-date symlink: /home/mael/ros2_ws/install/apriltag_ros2/include/apriltag_ros2/apriltag_ros2/msg/detail/april_tag_detection__traits.hpp
[1.591s] -- Up-to-date symlink: /home/mael/ros2_ws/install/apriltag_ros2/include/apriltag_ros2/apriltag_ros2/msg/detail/april_tag_detection_array__builder.hpp
[1.591s] -- Up-to-date symlink: /home/mael/ros2_ws/install/apriltag_ros2/include/apriltag_ros2/apriltag_ros2/msg/detail/april_tag_detection_array__struct.hpp
[1.592s] -- Up-to-date symlink: /home/mael/ros2_ws/install/apriltag_ros2/include/apriltag_ros2/apriltag_ros2/msg/detail/april_tag_detection_array__traits.hpp
[1.592s] -- Up-to-date symlink: /home/mael/ros2_ws/install/apriltag_ros2/include/apriltag_ros2/apriltag_ros2/srv/analyze_single_image.hpp
[1.593s] -- Up-to-date symlink: /home/mael/ros2_ws/install/apriltag_ros2/include/apriltag_ros2/apriltag_ros2/srv/detail/analyze_single_image__builder.hpp
[1.593s] -- Up-to-date symlink: /home/mael/ros2_ws/install/apriltag_ros2/include/apriltag_ros2/apriltag_ros2/srv/detail/analyze_single_image__struct.hpp
[1.596s] -- Up-to-date symlink: /home/mael/ros2_ws/install/apriltag_ros2/include/apriltag_ros2/apriltag_ros2/srv/detail/analyze_single_image__traits.hpp
[1.596s] -- Up-to-date symlink: /home/mael/ros2_ws/install/apriltag_ros2/include/apriltag_ros2/apriltag_ros2/msg/detail/april_tag_detection__rosidl_typesupport_fastrtps_cpp.hpp
[1.597s] -- Up-to-date symlink: /home/mael/ros2_ws/install/apriltag_ros2/include/apriltag_ros2/apriltag_ros2/msg/detail/april_tag_detection_array__rosidl_typesupport_fastrtps_cpp.hpp
[1.597s] -- Up-to-date symlink: /home/mael/ros2_ws/install/apriltag_ros2/include/apriltag_ros2/apriltag_ros2/msg/rosidl_typesupport_fastrtps_cpp__visibility_control.h
[1.598s] -- Up-to-date symlink: /home/mael/ros2_ws/install/apriltag_ros2/include/apriltag_ros2/apriltag_ros2/srv/detail/analyze_single_image__rosidl_typesupport_fastrtps_cpp.hpp
[1.600s] -- Up-to-date symlink: /home/mael/ros2_ws/install/apriltag_ros2/include/apriltag_ros2/apriltag_ros2/msg/detail/april_tag_detection__rosidl_typesupport_introspection_c.h
[1.600s] -- Up-to-date symlink: /home/mael/ros2_ws/install/apriltag_ros2/include/apriltag_ros2/apriltag_ros2/msg/detail/april_tag_detection_array__rosidl_typesupport_introspection_c.h
[1.601s] -- Up-to-date symlink: /home/mael/ros2_ws/install/apriltag_ros2/include/apriltag_ros2/apriltag_ros2/msg/rosidl_typesupport_introspection_c__visibility_control.h
[1.601s] -- Up-to-date symlink: /home/mael/ros2_ws/install/apriltag_ros2/include/apriltag_ros2/apriltag_ros2/srv/detail/analyze_single_image__rosidl_typesupport_introspection_c.h
[1.602s] -- Up-to-date symlink: /home/mael/ros2_ws/install/apriltag_ros2/include/apriltag_ros2/apriltag_ros2/msg/detail/april_tag_detection__rosidl_typesupport_introspection_cpp.hpp
[1.603s] -- Up-to-date symlink: /home/mael/ros2_ws/install/apriltag_ros2/include/apriltag_ros2/apriltag_ros2/msg/detail/april_tag_detection_array__rosidl_typesupport_introspection_cpp.hpp
[1.603s] -- Up-to-date symlink: /home/mael/ros2_ws/install/apriltag_ros2/include/apriltag_ros2/apriltag_ros2/srv/detail/analyze_single_image__rosidl_typesupport_introspection_cpp.hpp
[1.603s] -- Up-to-date symlink: /home/mael/ros2_ws/install/apriltag_ros2/share/apriltag_ros2/environment/pythonpath.sh
[1.603s] -- Up-to-date symlink: /home/mael/ros2_ws/install/apriltag_ros2/share/apriltag_ros2/environment/pythonpath.dsv
[1.604s] -- Up-to-date symlink: /home/mael/ros2_ws/install/apriltag_ros2/local/lib/python3.10/dist-packages/apriltag_ros2-3.2.1-py3.10.egg-info/PKG-INFO
[1.604s] -- Up-to-date symlink: /home/mael/ros2_ws/install/apriltag_ros2/local/lib/python3.10/dist-packages/apriltag_ros2-3.2.1-py3.10.egg-info/SOURCES.txt
[1.605s] -- Up-to-date symlink: /home/mael/ros2_ws/install/apriltag_ros2/local/lib/python3.10/dist-packages/apriltag_ros2-3.2.1-py3.10.egg-info/dependency_links.txt
[1.605s] -- Up-to-date symlink: /home/mael/ros2_ws/install/apriltag_ros2/local/lib/python3.10/dist-packages/apriltag_ros2-3.2.1-py3.10.egg-info/top_level.txt
[1.606s] -- Up-to-date symlink: /home/mael/ros2_ws/install/apriltag_ros2/local/lib/python3.10/dist-packages/apriltag_ros2/__init__.py
[1.606s] -- Up-to-date symlink: /home/mael/ros2_ws/install/apriltag_ros2/local/lib/python3.10/dist-packages/apriltag_ros2/_apriltag_ros2_s.ep.rosidl_typesupport_c.c
[1.606s] -- Up-to-date symlink: /home/mael/ros2_ws/install/apriltag_ros2/local/lib/python3.10/dist-packages/apriltag_ros2/_apriltag_ros2_s.ep.rosidl_typesupport_fastrtps_c.c
[1.607s] -- Up-to-date symlink: /home/mael/ros2_ws/install/apriltag_ros2/local/lib/python3.10/dist-packages/apriltag_ros2/_apriltag_ros2_s.ep.rosidl_typesupport_introspection_c.c
[1.607s] -- Up-to-date symlink: /home/mael/ros2_ws/install/apriltag_ros2/local/lib/python3.10/dist-packages/apriltag_ros2/apriltag_ros2_s__rosidl_typesupport_c.cpython-310-x86_64-linux-gnu.so
[1.607s] -- Up-to-date symlink: /home/mael/ros2_ws/install/apriltag_ros2/local/lib/python3.10/dist-packages/apriltag_ros2/apriltag_ros2_s__rosidl_typesupport_fastrtps_c.cpython-310-x86_64-linux-gnu.so
[1.607s] -- Up-to-date symlink: /home/mael/ros2_ws/install/apriltag_ros2/local/lib/python3.10/dist-packages/apriltag_ros2/apriltag_ros2_s__rosidl_typesupport_introspection_c.cpython-310-x86_64-linux-gnu.so
[1.607s] -- Up-to-date symlink: /home/mael/ros2_ws/install/apriltag_ros2/local/lib/python3.10/dist-packages/apriltag_ros2/libapriltag_ros2__rosidl_generator_py.so
[1.608s] -- Up-to-date symlink: /home/mael/ros2_ws/install/apriltag_ros2/local/lib/python3.10/dist-packages/apriltag_ros2/msg/__init__.py
[1.608s] -- Up-to-date symlink: /home/mael/ros2_ws/install/apriltag_ros2/local/lib/python3.10/dist-packages/apriltag_ros2/msg/_april_tag_detection.py
[1.608s] -- Up-to-date symlink: /home/mael/ros2_ws/install/apriltag_ros2/local/lib/python3.10/dist-packages/apriltag_ros2/msg/_april_tag_detection_array.py
[1.608s] -- Up-to-date symlink: /home/mael/ros2_ws/install/apriltag_ros2/local/lib/python3.10/dist-packages/apriltag_ros2/msg/_april_tag_detection_array_s.c
[1.608s] -- Up-to-date symlink: /home/mael/ros2_ws/install/apriltag_ros2/local/lib/python3.10/dist-packages/apriltag_ros2/msg/_april_tag_detection_s.c
[1.609s] -- Up-to-date symlink: /home/mael/ros2_ws/install/apriltag_ros2/local/lib/python3.10/dist-packages/apriltag_ros2/srv/__init__.py
[1.609s] -- Up-to-date symlink: /home/mael/ros2_ws/install/apriltag_ros2/local/lib/python3.10/dist-packages/apriltag_ros2/srv/_analyze_single_image.py
[1.609s] -- Up-to-date symlink: /home/mael/ros2_ws/install/apriltag_ros2/local/lib/python3.10/dist-packages/apriltag_ros2/srv/_analyze_single_image_s.c
[1.609s] -- Up-to-date symlink: /home/mael/ros2_ws/install/apriltag_ros2/local/lib/python3.10/dist-packages/apriltag_ros2/apriltag_ros2_s__rosidl_typesupport_fastrtps_c.cpython-310-x86_64-linux-gnu.so
[1.610s] -- Up-to-date symlink: /home/mael/ros2_ws/install/apriltag_ros2/local/lib/python3.10/dist-packages/apriltag_ros2/apriltag_ros2_s__rosidl_typesupport_introspection_c.cpython-310-x86_64-linux-gnu.so
[1.610s] -- Up-to-date symlink: /home/mael/ros2_ws/install/apriltag_ros2/local/lib/python3.10/dist-packages/apriltag_ros2/apriltag_ros2_s__rosidl_typesupport_c.cpython-310-x86_64-linux-gnu.so
[1.610s] -- Up-to-date symlink: /home/mael/ros2_ws/install/apriltag_ros2/share/apriltag_ros2/msg/AprilTagDetection.idl
[1.611s] -- Up-to-date symlink: /home/mael/ros2_ws/install/apriltag_ros2/share/apriltag_ros2/msg/AprilTagDetectionArray.idl
[1.611s] -- Up-to-date symlink: /home/mael/ros2_ws/install/apriltag_ros2/share/apriltag_ros2/srv/AnalyzeSingleImage.idl
[1.611s] -- Up-to-date symlink: /home/mael/ros2_ws/install/apriltag_ros2/share/apriltag_ros2/msg/AprilTagDetection.msg
[1.613s] -- Up-to-date symlink: /home/mael/ros2_ws/install/apriltag_ros2/share/apriltag_ros2/msg/AprilTagDetectionArray.msg
[1.613s] -- Up-to-date symlink: /home/mael/ros2_ws/install/apriltag_ros2/share/apriltag_ros2/srv/AnalyzeSingleImage.srv
[1.613s] -- Up-to-date symlink: /home/mael/ros2_ws/install/apriltag_ros2/share/apriltag_ros2/srv/AnalyzeSingleImage_Request.msg
[1.613s] -- Up-to-date symlink: /home/mael/ros2_ws/install/apriltag_ros2/share/apriltag_ros2/srv/AnalyzeSingleImage_Response.msg
[1.615s] -- Up-to-date symlink: /home/mael/ros2_ws/install/apriltag_ros2/lib/apriltag_ros2/apriltag_ros2_continuous_detector_node
[1.615s] -- Up-to-date symlink: /home/mael/ros2_ws/install/apriltag_ros2/lib/apriltag_ros2/apriltag_ros2_single_image_detector_node
[1.616s] -- Up-to-date symlink: /home/mael/ros2_ws/install/apriltag_ros2/lib/apriltag_ros2/apriltag_ros2_single_image_client_node
[1.617s] -- Up-to-date symlink: /home/mael/ros2_ws/install/apriltag_ros2/include/apriltag_ros2/common_functions.hpp
[1.617s] -- Up-to-date symlink: /home/mael/ros2_ws/install/apriltag_ros2/include/apriltag_ros2/continuous_detector.hpp
[1.618s] -- Up-to-date symlink: /home/mael/ros2_ws/install/apriltag_ros2/include/apriltag_ros2/single_image_detector.hpp
[1.618s] -- Up-to-date symlink: /home/mael/ros2_ws/install/apriltag_ros2/lib/libapriltag_ros2_common.so
[1.620s] -- Up-to-date symlink: /home/mael/ros2_ws/install/apriltag_ros2/lib/libapriltag_ros2_continuous_detector.so
[1.620s] -- Up-to-date symlink: /home/mael/ros2_ws/install/apriltag_ros2/lib/libapriltag_ros2_single_image_detector.so
[1.620s] -- Up-to-date symlink: /home/mael/ros2_ws/install/apriltag_ros2/lib/libapriltag_ros2_single_image_client.so
[1.622s] -- Up-to-date symlink: /home/mael/ros2_ws/install/apriltag_ros2/share/apriltag_ros2/config/settings.param.yaml
[1.622s] -- Up-to-date symlink: /home/mael/ros2_ws/install/apriltag_ros2/share/apriltag_ros2/config/tags.param.yaml
[1.623s] -- Up-to-date symlink: /home/mael/ros2_ws/install/apriltag_ros2/share/apriltag_ros2/config/tags.yaml
[1.624s] -- Up-to-date symlink: /home/mael/ros2_ws/install/apriltag_ros2/share/apriltag_ros2/launch/continuous_detection.launch.xml
[1.624s] -- Up-to-date symlink: /home/mael/ros2_ws/install/apriltag_ros2/share/apriltag_ros2/launch/continuous_detection_zed.launch.xml
[1.625s] -- Up-to-date symlink: /home/mael/ros2_ws/install/apriltag_ros2/share/apriltag_ros2/launch/single_image_client.launch.xml
[1.625s] -- Up-to-date symlink: /home/mael/ros2_ws/install/apriltag_ros2/share/apriltag_ros2/launch/single_image_detector.launch.xml
[1.626s] -- Up-to-date symlink: /home/mael/ros2_ws/install/apriltag_ros2/share/apriltag_ros2/scripts/analyze_image
[1.626s] -- Up-to-date symlink: /home/mael/ros2_ws/install/apriltag_ros2/share/apriltag_ros2/scripts/calibrate_bundle.m
[1.626s] -- Up-to-date symlink: /home/mael/ros2_ws/install/apriltag_ros2/share/ament_index/resource_index/package_run_dependencies/apriltag_ros2
[1.627s] -- Up-to-date symlink: /home/mael/ros2_ws/install/apriltag_ros2/share/ament_index/resource_index/parent_prefix_path/apriltag_ros2
[1.627s] -- Up-to-date symlink: /home/mael/ros2_ws/install/apriltag_ros2/share/apriltag_ros2/environment/ament_prefix_path.sh
[1.628s] -- Up-to-date symlink: /home/mael/ros2_ws/install/apriltag_ros2/share/apriltag_ros2/environment/ament_prefix_path.dsv
[1.628s] -- Up-to-date symlink: /home/mael/ros2_ws/install/apriltag_ros2/share/apriltag_ros2/environment/path.sh
[1.629s] -- Up-to-date symlink: /home/mael/ros2_ws/install/apriltag_ros2/share/apriltag_ros2/environment/path.dsv
[1.629s] -- Up-to-date symlink: /home/mael/ros2_ws/install/apriltag_ros2/share/apriltag_ros2/local_setup.bash
[1.630s] -- Up-to-date symlink: /home/mael/ros2_ws/install/apriltag_ros2/share/apriltag_ros2/local_setup.sh
[1.631s] -- Up-to-date symlink: /home/mael/ros2_ws/install/apriltag_ros2/share/apriltag_ros2/local_setup.zsh
[1.632s] -- Up-to-date symlink: /home/mael/ros2_ws/install/apriltag_ros2/share/apriltag_ros2/local_setup.dsv
[1.632s] -- Symlinking: /home/mael/ros2_ws/install/apriltag_ros2/share/apriltag_ros2/package.dsv
[1.653s] -- Up-to-date symlink: /home/mael/ros2_ws/install/apriltag_ros2/share/ament_index/resource_index/packages/apriltag_ros2
[1.653s] -- Up-to-date symlink: /home/mael/ros2_ws/install/apriltag_ros2/share/ament_index/resource_index/rclcpp_components/apriltag_ros2
[1.653s] -- Up-to-date symlink: /home/mael/ros2_ws/install/apriltag_ros2/share/apriltag_ros2/cmake/rosidl_cmake-extras.cmake
[1.654s] -- Up-to-date symlink: /home/mael/ros2_ws/install/apriltag_ros2/share/apriltag_ros2/cmake/ament_cmake_export_dependencies-extras.cmake
[1.654s] -- Up-to-date symlink: /home/mael/ros2_ws/install/apriltag_ros2/share/apriltag_ros2/cmake/ament_cmake_export_include_directories-extras.cmake
[1.654s] -- Up-to-date symlink: /home/mael/ros2_ws/install/apriltag_ros2/share/apriltag_ros2/cmake/ament_cmake_export_libraries-extras.cmake
[1.656s] -- Up-to-date symlink: /home/mael/ros2_ws/install/apriltag_ros2/share/apriltag_ros2/cmake/ament_cmake_export_targets-extras.cmake
[1.656s] -- Up-to-date symlink: /home/mael/ros2_ws/install/apriltag_ros2/share/apriltag_ros2/cmake/rosidl_cmake_export_typesupport_targets-extras.cmake
[1.657s] -- Up-to-date symlink: /home/mael/ros2_ws/install/apriltag_ros2/share/apriltag_ros2/cmake/rosidl_cmake_export_typesupport_libraries-extras.cmake
[1.657s] -- Up-to-date symlink: /home/mael/ros2_ws/install/apriltag_ros2/share/apriltag_ros2/cmake/apriltag_ros2Config.cmake
[1.657s] -- Up-to-date symlink: /home/mael/ros2_ws/install/apriltag_ros2/share/apriltag_ros2/cmake/apriltag_ros2Config-version.cmake
[1.657s] -- Up-to-date symlink: /home/mael/ros2_ws/install/apriltag_ros2/share/apriltag_ros2/package.xml
[1.658s] -- Up-to-date: /home/mael/ros2_ws/install/apriltag_ros2/lib/libapriltag_ros2__rosidl_generator_c.so
[1.658s] -- Up-to-date: /home/mael/ros2_ws/install/apriltag_ros2/lib/libapriltag_ros2__rosidl_typesupport_fastrtps_c.so
[1.659s] -- Up-to-date: /home/mael/ros2_ws/install/apriltag_ros2/lib/libapriltag_ros2__rosidl_typesupport_fastrtps_cpp.so
[1.660s] -- Up-to-date: /home/mael/ros2_ws/install/apriltag_ros2/lib/libapriltag_ros2__rosidl_typesupport_introspection_c.so
[1.661s] -- Up-to-date: /home/mael/ros2_ws/install/apriltag_ros2/lib/libapriltag_ros2__rosidl_typesupport_c.so
[1.661s] -- Up-to-date: /home/mael/ros2_ws/install/apriltag_ros2/lib/libapriltag_ros2__rosidl_typesupport_introspection_cpp.so
[1.662s] -- Up-to-date: /home/mael/ros2_ws/install/apriltag_ros2/lib/libapriltag_ros2__rosidl_typesupport_cpp.so
[1.807s] Listing '/home/mael/ros2_ws/install/apriltag_ros2/local/lib/python3.10/dist-packages/apriltag_ros2'...
[1.807s] Listing '/home/mael/ros2_ws/install/apriltag_ros2/local/lib/python3.10/dist-packages/apriltag_ros2/msg'...
[1.807s] Listing '/home/mael/ros2_ws/install/apriltag_ros2/local/lib/python3.10/dist-packages/apriltag_ros2/srv'...
[1.827s] -- Up-to-date: /home/mael/ros2_ws/install/apriltag_ros2/lib/libapriltag_ros2__rosidl_generator_py.so
[1.828s] -- Up-to-date: /home/mael/ros2_ws/install/apriltag_ros2/share/apriltag_ros2/cmake/export_apriltag_ros2__rosidl_generator_cExport.cmake
[1.828s] -- Up-to-date: /home/mael/ros2_ws/install/apriltag_ros2/share/apriltag_ros2/cmake/export_apriltag_ros2__rosidl_generator_cExport-release.cmake
[1.828s] -- Up-to-date: /home/mael/ros2_ws/install/apriltag_ros2/share/apriltag_ros2/cmake/export_apriltag_ros2__rosidl_typesupport_fastrtps_cExport.cmake
[1.828s] -- Up-to-date: /home/mael/ros2_ws/install/apriltag_ros2/share/apriltag_ros2/cmake/export_apriltag_ros2__rosidl_typesupport_fastrtps_cExport-release.cmake
[1.828s] -- Up-to-date: /home/mael/ros2_ws/install/apriltag_ros2/share/apriltag_ros2/cmake/export_apriltag_ros2__rosidl_generator_cppExport.cmake
[1.828s] -- Up-to-date: /home/mael/ros2_ws/install/apriltag_ros2/share/apriltag_ros2/cmake/export_apriltag_ros2__rosidl_typesupport_fastrtps_cppExport.cmake
[1.828s] -- Up-to-date: /home/mael/ros2_ws/install/apriltag_ros2/share/apriltag_ros2/cmake/export_apriltag_ros2__rosidl_typesupport_fastrtps_cppExport-release.cmake
[1.828s] -- Up-to-date: /home/mael/ros2_ws/install/apriltag_ros2/share/apriltag_ros2/cmake/apriltag_ros2__rosidl_typesupport_introspection_cExport.cmake
[1.829s] -- Up-to-date: /home/mael/ros2_ws/install/apriltag_ros2/share/apriltag_ros2/cmake/apriltag_ros2__rosidl_typesupport_introspection_cExport-release.cmake
[1.829s] -- Up-to-date: /home/mael/ros2_ws/install/apriltag_ros2/share/apriltag_ros2/cmake/apriltag_ros2__rosidl_typesupport_cExport.cmake
[1.829s] -- Up-to-date: /home/mael/ros2_ws/install/apriltag_ros2/share/apriltag_ros2/cmake/apriltag_ros2__rosidl_typesupport_cExport-release.cmake
[1.829s] -- Up-to-date: /home/mael/ros2_ws/install/apriltag_ros2/share/apriltag_ros2/cmake/apriltag_ros2__rosidl_typesupport_introspection_cppExport.cmake
[1.829s] -- Up-to-date: /home/mael/ros2_ws/install/apriltag_ros2/share/apriltag_ros2/cmake/apriltag_ros2__rosidl_typesupport_introspection_cppExport-release.cmake
[1.829s] -- Up-to-date: /home/mael/ros2_ws/install/apriltag_ros2/share/apriltag_ros2/cmake/apriltag_ros2__rosidl_typesupport_cppExport.cmake
[1.829s] -- Up-to-date: /home/mael/ros2_ws/install/apriltag_ros2/share/apriltag_ros2/cmake/apriltag_ros2__rosidl_typesupport_cppExport-release.cmake
[1.829s] -- Up-to-date: /home/mael/ros2_ws/install/apriltag_ros2/share/apriltag_ros2/cmake/export_apriltag_ros2__rosidl_generator_pyExport.cmake
[1.830s] -- Up-to-date: /home/mael/ros2_ws/install/apriltag_ros2/share/apriltag_ros2/cmake/export_apriltag_ros2__rosidl_generator_pyExport-release.cmake
[1.838s] Invoked command in '/home/mael/ros2_ws/build/apriltag_ros2' returned '0': CMAKE_PREFIX_PATH=${CMAKE_PREFIX_PATH}:/home/mael/ros2_ws/install/ros_tcp_endpoint:/home/mael/ros2_ws/install/baxter_joint_controller:/home/mael/ros2_ws/install/baxter_6dof_vr:/opt/ros/humble /usr/bin/cmake --install /home/mael/ros2_ws/build/apriltag_ros2
