-- Found moveit_common: 2.5.4 (/opt/ros/humble/share/moveit_common/cmake)
-- Found ament_cmake: 1.3.5 (/opt/ros/humble/share/ament_cmake/cmake)
-- Override CMake install command with custom implementation using symlinks instead of copying resources
-- Could NOT find libbfd (missing: LIBBFD_LIBRARY LIBBFD_INCLUDE_DIR) 
-- BACKWARD_HAS_UNWIND=1
-- BACKWARD_HAS_BACKTRACE=0
-- BACKWARD_HAS_BACKTRACE_SYMBOL=0
-- BACKWARD_HAS_DW=1
-- BACKWARD_HAS_BFD=0
-- Found Backward: /opt/ros/humble/share/backward_ros/cmake  
[0mmoveit_servo_baxter: You did not request a specific build type: Choosing 'Release' for maximum performance[0m
-- Found eigen3_cmake_module: 0.1.1 (/opt/ros/humble/share/eigen3_cmake_module/cmake)
-- Found generate_parameter_library: 0.3.3 (/opt/ros/humble/share/generate_parameter_library/cmake)
-- Found parameter_traits: 0.3.3 (/opt/ros/humble/share/parameter_traits/cmake)
-- Found rosidl_generator_c: 3.1.4 (/opt/ros/humble/share/rosidl_generator_c/cmake)
-- Found rosidl_adapter: 3.1.4 (/opt/ros/humble/share/rosidl_adapter/cmake)
-- Found rosidl_generator_cpp: 3.1.4 (/opt/ros/humble/share/rosidl_generator_cpp/cmake)
-- Using all available rosidl_typesupport_c: rosidl_typesupport_fastrtps_c;rosidl_typesupport_introspection_c
-- Using all available rosidl_typesupport_cpp: rosidl_typesupport_fastrtps_cpp;rosidl_typesupport_introspection_cpp
-- Found rmw_implementation_cmake: 6.1.1 (/opt/ros/humble/share/rmw_implementation_cmake/cmake)
-- Found rmw_fastrtps_cpp: 6.2.2 (/opt/ros/humble/share/rmw_fastrtps_cpp/cmake)
-- Using RMW implementation 'rmw_fastrtps_cpp' as default
-- Found rclcpp_lifecycle: 16.0.4 (/opt/ros/humble/share/rclcpp_lifecycle/cmake)
-- Found control_msgs: 4.4.0 (/opt/ros/humble/share/control_msgs/cmake)
-- Found control_toolbox: 3.1.0 (/opt/ros/humble/share/control_toolbox/cmake)
-- Found moveit_core: 2.5.4 (/opt/ros/humble/share/moveit_core/cmake)
-- Found Boost: /usr/lib/x86_64-linux-gnu/cmake/Boost-1.74.0/BoostConfig.cmake (found version "1.74.0") found components: chrono date_time filesystem iostreams program_options regex serialization system thread 
-- Found Boost: /usr/lib/x86_64-linux-gnu/cmake/Boost-1.74.0/BoostConfig.cmake (found version "1.74.0") found components: filesystem 
-- library: /usr/lib/x86_64-linux-gnu/libcurl.so
-- Ensuring Eigen3 include directory is part of orocos-kdl CMake target
-- Found moveit_ros_planning: 2.5.4 (/opt/ros/humble/share/moveit_ros_planning/cmake)
-- Found Boost: /usr/lib/x86_64-linux-gnu/cmake/Boost-1.74.0/BoostConfig.cmake (found version "1.74.0") found components: system filesystem date_time program_options thread chrono 
-- Found std_srvs: 4.2.3 (/opt/ros/humble/share/std_srvs/cmake)
-- Configuring done
-- Generating done
-- Build files have been written to: /home/mael/ros2_ws/build/moveit_servo_baxter
[  5%] [34m[1mRunning `/opt/ros/humble/bin/generate_parameter_library_py /home/mael/ros2_ws/build/moveit_servo_baxter/moveit_servo_lib_parameters/include//moveit_servo_lib_parameters.hpp /home/mael/ros2_ws/src/moveit_servo_baxter/src/servo_parameters.yaml `[0m
[ 11%] [32mBuilding CXX object CMakeFiles/fake_command_publisher.dir/test/publish_fake_jog_commands.cpp.o[0m
[ 16%] [32mBuilding CXX object CMakeFiles/servo_controller_input.dir/src/teleop_demo/joystick_servo_example.cpp.o[0m
[ 16%] Built target moveit_servo_lib_parameters
[ 22%] [32mBuilding CXX object CMakeFiles/moveit_servo_lib.dir/src/servo.cpp.o[0m
[ 33%] [32mBuilding CXX object CMakeFiles/moveit_servo_lib.dir/src/collision_check.cpp.o[0m
[ 38%] [32mBuilding CXX object CMakeFiles/moveit_servo_lib.dir/src/servo_calcs.cpp.o[0m
[ 38%] [32mBuilding CXX object CMakeFiles/moveit_servo_lib.dir/src/utilities.cpp.o[0m
[ 44%] [32m[1mLinking CXX executable fake_command_publisher[0m
[ 44%] Built target fake_command_publisher
[ 50%] [32m[1mLinking CXX shared library libservo_controller_input.so[0m
[ 50%] Built target servo_controller_input
[ 55%] [32m[1mLinking CXX shared library libmoveit_servo_lib.so[0m
[ 55%] Built target moveit_servo_lib
[ 61%] [32mBuilding CXX object CMakeFiles/pose_tracking.dir/src/pose_tracking.cpp.o[0m
[ 66%] [32m[1mLinking CXX shared library libpose_tracking.so[0m
[ 66%] Built target pose_tracking
[ 72%] [32mBuilding CXX object CMakeFiles/servo_pose_tracking_demo.dir/src/cpp_interface_demo/pose_tracking_demo.cpp.o[0m
[ 77%] [32mBuilding CXX object CMakeFiles/servo_node.dir/src/servo_node.cpp.o[0m
[ 83%] [32m[1mLinking CXX shared library libservo_node.so[0m
[ 83%] Built target servo_node
[ 88%] [32mBuilding CXX object CMakeFiles/servo_node_main.dir/src/servo_node_main.cpp.o[0m
[ 94%] [32m[1mLinking CXX executable servo_pose_tracking_demo[0m
[ 94%] Built target servo_pose_tracking_demo
[100%] [32m[1mLinking CXX executable servo_node_main[0m
[100%] Built target servo_node_main
-- Install configuration: "Release"
-- Execute custom install script
-- Symlinking: /home/mael/ros2_ws/install/moveit_servo_baxter/include/moveit_servo_lib_parameters/moveit_servo_lib_parameters.hpp
-- Symlinking: /home/mael/ros2_ws/install/moveit_servo_baxter/lib/moveit_servo_baxter/servo_node_main
-- Symlinking: /home/mael/ros2_ws/install/moveit_servo_baxter/lib/moveit_servo_baxter/servo_pose_tracking_demo
-- Symlinking: /home/mael/ros2_ws/install/moveit_servo_baxter/lib/moveit_servo_baxter/fake_command_publisher
-- Symlinking: /home/mael/ros2_ws/install/moveit_servo_baxter/include/moveit_servo_baxter/moveit_servo_baxter/collision_check.h
-- Symlinking: /home/mael/ros2_ws/install/moveit_servo_baxter/include/moveit_servo_baxter/moveit_servo_baxter/make_shared_from_pool.h
-- Symlinking: /home/mael/ros2_ws/install/moveit_servo_baxter/include/moveit_servo_baxter/moveit_servo_baxter/pose_tracking.h
-- Symlinking: /home/mael/ros2_ws/install/moveit_servo_baxter/include/moveit_servo_baxter/moveit_servo_baxter/servo.h
-- Symlinking: /home/mael/ros2_ws/install/moveit_servo_baxter/include/moveit_servo_baxter/moveit_servo_baxter/servo_calcs.h
-- Symlinking: /home/mael/ros2_ws/install/moveit_servo_baxter/include/moveit_servo_baxter/moveit_servo_baxter/servo_node.h
-- Symlinking: /home/mael/ros2_ws/install/moveit_servo_baxter/include/moveit_servo_baxter/moveit_servo_baxter/servo_server.h
-- Symlinking: /home/mael/ros2_ws/install/moveit_servo_baxter/include/moveit_servo_baxter/moveit_servo_baxter/status_codes.h
-- Symlinking: /home/mael/ros2_ws/install/moveit_servo_baxter/include/moveit_servo_baxter/moveit_servo_baxter/utilities.h
-- Symlinking: /home/mael/ros2_ws/install/moveit_servo_baxter/share/moveit_servo_baxter/launch/pose_tracking_example.launch.py
-- Symlinking: /home/mael/ros2_ws/install/moveit_servo_baxter/share/moveit_servo_baxter/launch/servo_example.launch.py
-- Symlinking: /home/mael/ros2_ws/install/moveit_servo_baxter/share/moveit_servo_baxter/config/demo_rviz_config.rviz
-- Symlinking: /home/mael/ros2_ws/install/moveit_servo_baxter/share/moveit_servo_baxter/config/demo_rviz_pose_tracking.rviz
-- Symlinking: /home/mael/ros2_ws/install/moveit_servo_baxter/share/moveit_servo_baxter/config/panda_simulated_config.yaml
-- Symlinking: /home/mael/ros2_ws/install/moveit_servo_baxter/share/moveit_servo_baxter/config/panda_simulated_config_pose_tracking.yaml
-- Symlinking: /home/mael/ros2_ws/install/moveit_servo_baxter/share/moveit_servo_baxter/config/pose_tracking_settings.yaml
-- Symlinking: /home/mael/ros2_ws/install/moveit_servo_baxter/share/moveit_servo_baxter/environment/library_path.sh
-- Symlinking: /home/mael/ros2_ws/install/moveit_servo_baxter/share/moveit_servo_baxter/environment/library_path.dsv
-- Symlinking: /home/mael/ros2_ws/install/moveit_servo_baxter/share/ament_index/resource_index/package_run_dependencies/moveit_servo_baxter
-- Symlinking: /home/mael/ros2_ws/install/moveit_servo_baxter/share/ament_index/resource_index/parent_prefix_path/moveit_servo_baxter
-- Symlinking: /home/mael/ros2_ws/install/moveit_servo_baxter/share/moveit_servo_baxter/environment/ament_prefix_path.sh
-- Symlinking: /home/mael/ros2_ws/install/moveit_servo_baxter/share/moveit_servo_baxter/environment/ament_prefix_path.dsv
-- Symlinking: /home/mael/ros2_ws/install/moveit_servo_baxter/share/moveit_servo_baxter/environment/path.sh
-- Symlinking: /home/mael/ros2_ws/install/moveit_servo_baxter/share/moveit_servo_baxter/environment/path.dsv
-- Symlinking: /home/mael/ros2_ws/install/moveit_servo_baxter/share/moveit_servo_baxter/local_setup.bash
-- Symlinking: /home/mael/ros2_ws/install/moveit_servo_baxter/share/moveit_servo_baxter/local_setup.sh
-- Symlinking: /home/mael/ros2_ws/install/moveit_servo_baxter/share/moveit_servo_baxter/local_setup.zsh
-- Symlinking: /home/mael/ros2_ws/install/moveit_servo_baxter/share/moveit_servo_baxter/local_setup.dsv
-- Symlinking: /home/mael/ros2_ws/install/moveit_servo_baxter/share/moveit_servo_baxter/package.dsv
-- Symlinking: /home/mael/ros2_ws/install/moveit_servo_baxter/share/ament_index/resource_index/packages/moveit_servo_baxter
-- Symlinking: /home/mael/ros2_ws/install/moveit_servo_baxter/share/ament_index/resource_index/rclcpp_components/moveit_servo_baxter
-- Symlinking: /home/mael/ros2_ws/install/moveit_servo_baxter/share/moveit_servo_baxter/cmake/ament_cmake_export_targets-extras.cmake
-- Symlinking: /home/mael/ros2_ws/install/moveit_servo_baxter/share/moveit_servo_baxter/cmake/ament_cmake_export_dependencies-extras.cmake
-- Symlinking: /home/mael/ros2_ws/install/moveit_servo_baxter/share/moveit_servo_baxter/cmake/moveit_servo_baxterConfig.cmake
-- Symlinking: /home/mael/ros2_ws/install/moveit_servo_baxter/share/moveit_servo_baxter/cmake/moveit_servo_baxterConfig-version.cmake
-- Symlinking: /home/mael/ros2_ws/install/moveit_servo_baxter/share/moveit_servo_baxter/package.xml
-- Installing: /home/mael/ros2_ws/install/moveit_servo_baxter/lib/libmoveit_servo_lib.so.
-- Set runtime path of "/home/mael/ros2_ws/install/moveit_servo_baxter/lib/libmoveit_servo_lib.so." to ""
-- Installing: /home/mael/ros2_ws/install/moveit_servo_baxter/lib/libmoveit_servo_lib.so
-- Installing: /home/mael/ros2_ws/install/moveit_servo_baxter/lib/libpose_tracking.so
-- Set runtime path of "/home/mael/ros2_ws/install/moveit_servo_baxter/lib/libpose_tracking.so" to ""
-- Installing: /home/mael/ros2_ws/install/moveit_servo_baxter/lib/libservo_node.so
-- Set runtime path of "/home/mael/ros2_ws/install/moveit_servo_baxter/lib/libservo_node.so" to ""
-- Installing: /home/mael/ros2_ws/install/moveit_servo_baxter/lib/libservo_controller_input.so
-- Set runtime path of "/home/mael/ros2_ws/install/moveit_servo_baxter/lib/libservo_controller_input.so" to ""
-- Installing: /home/mael/ros2_ws/install/moveit_servo_baxter/share/moveit_servo_baxter/cmake/moveit_servoTargetsExport.cmake
-- Installing: /home/mael/ros2_ws/install/moveit_servo_baxter/share/moveit_servo_baxter/cmake/moveit_servoTargetsExport-release.cmake
