[7.018s] Invoking command in '/home/mael/ros2_ws/build/moveit_servo_baxter': CMAKE_PREFIX_PATH=${CMAKE_PREFIX_PATH}:/home/mael/ros2_ws/install/ros_tcp_endpoint:/home/mael/ros2_ws/install/baxter_joint_controller:/home/mael/ros2_ws/install/baxter_6dof_vr:/opt/ros/humble /usr/bin/cmake /home/mael/ros2_ws/src/moveit_servo_baxter -DAMENT_CMAKE_SYMLINK_INSTALL=1 -DCMAKE_INSTALL_PREFIX=/home/mael/ros2_ws/install/moveit_servo_baxter
[7.059s] -- Found moveit_common: 2.5.4 (/opt/ros/humble/share/moveit_common/cmake)
[7.061s] -- Found ament_cmake: 1.3.5 (/opt/ros/humble/share/ament_cmake/cmake)
[7.598s] -- Override CMake install command with custom implementation using symlinks instead of copying resources
[8.031s] -- Could NOT find libbfd (missing: LIBBFD_LIBRARY LIBBFD_INCLUDE_DIR) 
[8.031s] -- BACKWARD_HAS_UNWIND=1
[8.031s] -- BACKWARD_HAS_BACKTRACE=0
[8.031s] -- BACKWARD_HAS_BACKTRACE_SYMBOL=0
[8.031s] -- BACKWARD_HAS_DW=1
[8.031s] -- BACKWARD_HAS_BFD=0
[8.032s] -- Found Backward: /opt/ros/humble/share/backward_ros/cmake  
[8.032s] [0mmoveit_servo_baxter: You did not request a specific build type: Choosing 'Release' for maximum performance[0m
[8.033s] -- Found eigen3_cmake_module: 0.1.1 (/opt/ros/humble/share/eigen3_cmake_module/cmake)
[8.036s] -- Found generate_parameter_library: 0.3.3 (/opt/ros/humble/share/generate_parameter_library/cmake)
[8.038s] -- Found parameter_traits: 0.3.3 (/opt/ros/humble/share/parameter_traits/cmake)
[8.079s] -- Found rosidl_generator_c: 3.1.4 (/opt/ros/humble/share/rosidl_generator_c/cmake)
[8.084s] -- Found rosidl_adapter: 3.1.4 (/opt/ros/humble/share/rosidl_adapter/cmake)
[8.095s] -- Found rosidl_generator_cpp: 3.1.4 (/opt/ros/humble/share/rosidl_generator_cpp/cmake)
[8.115s] -- Using all available rosidl_typesupport_c: rosidl_typesupport_fastrtps_c;rosidl_typesupport_introspection_c
[8.146s] -- Using all available rosidl_typesupport_cpp: rosidl_typesupport_fastrtps_cpp;rosidl_typesupport_introspection_cpp
[8.257s] -- Found rmw_implementation_cmake: 6.1.1 (/opt/ros/humble/share/rmw_implementation_cmake/cmake)
[8.261s] -- Found rmw_fastrtps_cpp: 6.2.2 (/opt/ros/humble/share/rmw_fastrtps_cpp/cmake)
[8.420s] -- Using RMW implementation 'rmw_fastrtps_cpp' as default
[8.668s] -- Found rclcpp_lifecycle: 16.0.4 (/opt/ros/humble/share/rclcpp_lifecycle/cmake)
[8.739s] -- Found control_msgs: 4.4.0 (/opt/ros/humble/share/control_msgs/cmake)
[9.530s] -- Found control_toolbox: 3.1.0 (/opt/ros/humble/share/control_toolbox/cmake)
[9.640s] -- Found moveit_core: 2.5.4 (/opt/ros/humble/share/moveit_core/cmake)
[9.664s] -- Found Boost: /usr/lib/x86_64-linux-gnu/cmake/Boost-1.74.0/BoostConfig.cmake (found version "1.74.0") found components: chrono date_time filesystem iostreams program_options regex serialization system thread 
[9.681s] -- Found Boost: /usr/lib/x86_64-linux-gnu/cmake/Boost-1.74.0/BoostConfig.cmake (found version "1.74.0") found components: filesystem 
[9.741s] -- library: /usr/lib/x86_64-linux-gnu/libcurl.so
[10.095s] -- Ensuring Eigen3 include directory is part of orocos-kdl CMake target
[11.394s] -- Found moveit_ros_planning: 2.5.4 (/opt/ros/humble/share/moveit_ros_planning/cmake)
[11.403s] -- Found Boost: /usr/lib/x86_64-linux-gnu/cmake/Boost-1.74.0/BoostConfig.cmake (found version "1.74.0") found components: system filesystem date_time program_options thread chrono 
[12.026s] -- Found std_srvs: 4.2.3 (/opt/ros/humble/share/std_srvs/cmake)
[13.000s] -- Configuring done
[15.013s] -- Generating done
[15.188s] -- Build files have been written to: /home/mael/ros2_ws/build/moveit_servo_baxter
[19.455s] Invoked command in '/home/mael/ros2_ws/build/moveit_servo_baxter' returned '0': CMAKE_PREFIX_PATH=${CMAKE_PREFIX_PATH}:/home/mael/ros2_ws/install/ros_tcp_endpoint:/home/mael/ros2_ws/install/baxter_joint_controller:/home/mael/ros2_ws/install/baxter_6dof_vr:/opt/ros/humble /usr/bin/cmake /home/mael/ros2_ws/src/moveit_servo_baxter -DAMENT_CMAKE_SYMLINK_INSTALL=1 -DCMAKE_INSTALL_PREFIX=/home/mael/ros2_ws/install/moveit_servo_baxter
[19.455s] Invoking command in '/home/mael/ros2_ws/build/moveit_servo_baxter': CMAKE_PREFIX_PATH=${CMAKE_PREFIX_PATH}:/home/mael/ros2_ws/install/ros_tcp_endpoint:/home/mael/ros2_ws/install/baxter_joint_controller:/home/mael/ros2_ws/install/baxter_6dof_vr:/opt/ros/humble /usr/bin/cmake --build /home/mael/ros2_ws/build/moveit_servo_baxter -- -j8 -l8
[19.456s] [  5%] [34m[1mRunning `/opt/ros/humble/bin/generate_parameter_library_py /home/mael/ros2_ws/build/moveit_servo_baxter/moveit_servo_lib_parameters/include//moveit_servo_lib_parameters.hpp /home/mael/ros2_ws/src/moveit_servo_baxter/src/servo_parameters.yaml `[0m
[19.456s] [ 11%] [32mBuilding CXX object CMakeFiles/fake_command_publisher.dir/test/publish_fake_jog_commands.cpp.o[0m
[19.456s] [ 16%] [32mBuilding CXX object CMakeFiles/servo_controller_input.dir/src/teleop_demo/joystick_servo_example.cpp.o[0m
[23.012s] [ 16%] Built target moveit_servo_lib_parameters
[23.057s] [ 22%] [32mBuilding CXX object CMakeFiles/moveit_servo_lib.dir/src/servo.cpp.o[0m
[23.057s] [ 33%] [32mBuilding CXX object CMakeFiles/moveit_servo_lib.dir/src/collision_check.cpp.o[0m
[23.058s] [ 38%] [32mBuilding CXX object CMakeFiles/moveit_servo_lib.dir/src/servo_calcs.cpp.o[0m
[23.058s] [ 38%] [32mBuilding CXX object CMakeFiles/moveit_servo_lib.dir/src/utilities.cpp.o[0m
[33.100s] [ 44%] [32m[1mLinking CXX executable fake_command_publisher[0m
[35.838s] [ 44%] Built target fake_command_publisher
[44.139s] [ 50%] [32m[1mLinking CXX shared library libservo_controller_input.so[0m
[55.892s] [ 50%] Built target servo_controller_input
[81.200s] [ 55%] [32m[1mLinking CXX shared library libmoveit_servo_lib.so[0m
[81.927s] [ 55%] Built target moveit_servo_lib
[81.949s] [ 61%] [32mBuilding CXX object CMakeFiles/pose_tracking.dir/src/pose_tracking.cpp.o[0m
[105.432s] [ 66%] [32m[1mLinking CXX shared library libpose_tracking.so[0m
[106.134s] [ 66%] Built target pose_tracking
[106.163s] [ 72%] [32mBuilding CXX object CMakeFiles/servo_pose_tracking_demo.dir/src/cpp_interface_demo/pose_tracking_demo.cpp.o[0m
[106.165s] [ 77%] [32mBuilding CXX object CMakeFiles/servo_node.dir/src/servo_node.cpp.o[0m
[123.251s] [ 83%] [32m[1mLinking CXX shared library libservo_node.so[0m
[123.592s] [ 83%] Built target servo_node
[123.619s] [ 88%] [32mBuilding CXX object CMakeFiles/servo_node_main.dir/src/servo_node_main.cpp.o[0m
[133.007s] [ 94%] [32m[1mLinking CXX executable servo_pose_tracking_demo[0m
[134.686s] [ 94%] Built target servo_pose_tracking_demo
[136.200s] [100%] [32m[1mLinking CXX executable servo_node_main[0m
[136.737s] [100%] Built target servo_node_main
[136.751s] Invoked command in '/home/mael/ros2_ws/build/moveit_servo_baxter' returned '0': CMAKE_PREFIX_PATH=${CMAKE_PREFIX_PATH}:/home/mael/ros2_ws/install/ros_tcp_endpoint:/home/mael/ros2_ws/install/baxter_joint_controller:/home/mael/ros2_ws/install/baxter_6dof_vr:/opt/ros/humble /usr/bin/cmake --build /home/mael/ros2_ws/build/moveit_servo_baxter -- -j8 -l8
[136.820s] Invoking command in '/home/mael/ros2_ws/build/moveit_servo_baxter': CMAKE_PREFIX_PATH=${CMAKE_PREFIX_PATH}:/home/mael/ros2_ws/install/ros_tcp_endpoint:/home/mael/ros2_ws/install/baxter_joint_controller:/home/mael/ros2_ws/install/baxter_6dof_vr:/opt/ros/humble /usr/bin/cmake --install /home/mael/ros2_ws/build/moveit_servo_baxter
[136.830s] -- Install configuration: "Release"
[136.831s] -- Execute custom install script
[136.831s] -- Symlinking: /home/mael/ros2_ws/install/moveit_servo_baxter/include/moveit_servo_lib_parameters/moveit_servo_lib_parameters.hpp
[136.840s] -- Symlinking: /home/mael/ros2_ws/install/moveit_servo_baxter/lib/moveit_servo_baxter/servo_node_main
[136.849s] -- Symlinking: /home/mael/ros2_ws/install/moveit_servo_baxter/lib/moveit_servo_baxter/servo_pose_tracking_demo
[136.858s] -- Symlinking: /home/mael/ros2_ws/install/moveit_servo_baxter/lib/moveit_servo_baxter/fake_command_publisher
[136.866s] -- Symlinking: /home/mael/ros2_ws/install/moveit_servo_baxter/include/moveit_servo_baxter/moveit_servo_baxter/collision_check.h
[136.875s] -- Symlinking: /home/mael/ros2_ws/install/moveit_servo_baxter/include/moveit_servo_baxter/moveit_servo_baxter/make_shared_from_pool.h
[136.883s] -- Symlinking: /home/mael/ros2_ws/install/moveit_servo_baxter/include/moveit_servo_baxter/moveit_servo_baxter/pose_tracking.h
[136.891s] -- Symlinking: /home/mael/ros2_ws/install/moveit_servo_baxter/include/moveit_servo_baxter/moveit_servo_baxter/servo.h
[136.900s] -- Symlinking: /home/mael/ros2_ws/install/moveit_servo_baxter/include/moveit_servo_baxter/moveit_servo_baxter/servo_calcs.h
[136.908s] -- Symlinking: /home/mael/ros2_ws/install/moveit_servo_baxter/include/moveit_servo_baxter/moveit_servo_baxter/servo_node.h
[136.918s] -- Symlinking: /home/mael/ros2_ws/install/moveit_servo_baxter/include/moveit_servo_baxter/moveit_servo_baxter/servo_server.h
[136.927s] -- Symlinking: /home/mael/ros2_ws/install/moveit_servo_baxter/include/moveit_servo_baxter/moveit_servo_baxter/status_codes.h
[136.936s] -- Symlinking: /home/mael/ros2_ws/install/moveit_servo_baxter/include/moveit_servo_baxter/moveit_servo_baxter/utilities.h
[136.944s] -- Symlinking: /home/mael/ros2_ws/install/moveit_servo_baxter/share/moveit_servo_baxter/launch/pose_tracking_example.launch.py
[136.953s] -- Symlinking: /home/mael/ros2_ws/install/moveit_servo_baxter/share/moveit_servo_baxter/launch/servo_example.launch.py
[136.962s] -- Symlinking: /home/mael/ros2_ws/install/moveit_servo_baxter/share/moveit_servo_baxter/config/demo_rviz_config.rviz
[136.970s] -- Symlinking: /home/mael/ros2_ws/install/moveit_servo_baxter/share/moveit_servo_baxter/config/demo_rviz_pose_tracking.rviz
[136.978s] -- Symlinking: /home/mael/ros2_ws/install/moveit_servo_baxter/share/moveit_servo_baxter/config/panda_simulated_config.yaml
[136.987s] -- Symlinking: /home/mael/ros2_ws/install/moveit_servo_baxter/share/moveit_servo_baxter/config/panda_simulated_config_pose_tracking.yaml
[136.997s] -- Symlinking: /home/mael/ros2_ws/install/moveit_servo_baxter/share/moveit_servo_baxter/config/pose_tracking_settings.yaml
[137.005s] -- Symlinking: /home/mael/ros2_ws/install/moveit_servo_baxter/share/moveit_servo_baxter/environment/library_path.sh
[137.014s] -- Symlinking: /home/mael/ros2_ws/install/moveit_servo_baxter/share/moveit_servo_baxter/environment/library_path.dsv
[137.022s] -- Symlinking: /home/mael/ros2_ws/install/moveit_servo_baxter/share/ament_index/resource_index/package_run_dependencies/moveit_servo_baxter
[137.031s] -- Symlinking: /home/mael/ros2_ws/install/moveit_servo_baxter/share/ament_index/resource_index/parent_prefix_path/moveit_servo_baxter
[137.039s] -- Symlinking: /home/mael/ros2_ws/install/moveit_servo_baxter/share/moveit_servo_baxter/environment/ament_prefix_path.sh
[137.048s] -- Symlinking: /home/mael/ros2_ws/install/moveit_servo_baxter/share/moveit_servo_baxter/environment/ament_prefix_path.dsv
[137.057s] -- Symlinking: /home/mael/ros2_ws/install/moveit_servo_baxter/share/moveit_servo_baxter/environment/path.sh
[137.065s] -- Symlinking: /home/mael/ros2_ws/install/moveit_servo_baxter/share/moveit_servo_baxter/environment/path.dsv
[137.074s] -- Symlinking: /home/mael/ros2_ws/install/moveit_servo_baxter/share/moveit_servo_baxter/local_setup.bash
[137.082s] -- Symlinking: /home/mael/ros2_ws/install/moveit_servo_baxter/share/moveit_servo_baxter/local_setup.sh
[137.091s] -- Symlinking: /home/mael/ros2_ws/install/moveit_servo_baxter/share/moveit_servo_baxter/local_setup.zsh
[137.101s] -- Symlinking: /home/mael/ros2_ws/install/moveit_servo_baxter/share/moveit_servo_baxter/local_setup.dsv
[137.110s] -- Symlinking: /home/mael/ros2_ws/install/moveit_servo_baxter/share/moveit_servo_baxter/package.dsv
[137.119s] -- Symlinking: /home/mael/ros2_ws/install/moveit_servo_baxter/share/ament_index/resource_index/packages/moveit_servo_baxter
[137.128s] -- Symlinking: /home/mael/ros2_ws/install/moveit_servo_baxter/share/ament_index/resource_index/rclcpp_components/moveit_servo_baxter
[137.138s] -- Symlinking: /home/mael/ros2_ws/install/moveit_servo_baxter/share/moveit_servo_baxter/cmake/ament_cmake_export_targets-extras.cmake
[137.148s] -- Symlinking: /home/mael/ros2_ws/install/moveit_servo_baxter/share/moveit_servo_baxter/cmake/ament_cmake_export_dependencies-extras.cmake
[137.156s] -- Symlinking: /home/mael/ros2_ws/install/moveit_servo_baxter/share/moveit_servo_baxter/cmake/moveit_servo_baxterConfig.cmake
[137.166s] -- Symlinking: /home/mael/ros2_ws/install/moveit_servo_baxter/share/moveit_servo_baxter/cmake/moveit_servo_baxterConfig-version.cmake
[137.175s] -- Symlinking: /home/mael/ros2_ws/install/moveit_servo_baxter/share/moveit_servo_baxter/package.xml
[137.184s] -- Installing: /home/mael/ros2_ws/install/moveit_servo_baxter/lib/libmoveit_servo_lib.so.
[137.188s] -- Set runtime path of "/home/mael/ros2_ws/install/moveit_servo_baxter/lib/libmoveit_servo_lib.so." to ""
[137.188s] -- Installing: /home/mael/ros2_ws/install/moveit_servo_baxter/lib/libmoveit_servo_lib.so
[137.188s] -- Installing: /home/mael/ros2_ws/install/moveit_servo_baxter/lib/libpose_tracking.so
[137.190s] -- Set runtime path of "/home/mael/ros2_ws/install/moveit_servo_baxter/lib/libpose_tracking.so" to ""
[137.190s] -- Installing: /home/mael/ros2_ws/install/moveit_servo_baxter/lib/libservo_node.so
[137.191s] -- Set runtime path of "/home/mael/ros2_ws/install/moveit_servo_baxter/lib/libservo_node.so" to ""
[137.191s] -- Installing: /home/mael/ros2_ws/install/moveit_servo_baxter/lib/libservo_controller_input.so
[137.193s] -- Set runtime path of "/home/mael/ros2_ws/install/moveit_servo_baxter/lib/libservo_controller_input.so" to ""
[137.193s] -- Installing: /home/mael/ros2_ws/install/moveit_servo_baxter/share/moveit_servo_baxter/cmake/moveit_servoTargetsExport.cmake
[137.194s] -- Installing: /home/mael/ros2_ws/install/moveit_servo_baxter/share/moveit_servo_baxter/cmake/moveit_servoTargetsExport-release.cmake
[137.198s] Invoked command in '/home/mael/ros2_ws/build/moveit_servo_baxter' returned '0': CMAKE_PREFIX_PATH=${CMAKE_PREFIX_PATH}:/home/mael/ros2_ws/install/ros_tcp_endpoint:/home/mael/ros2_ws/install/baxter_joint_controller:/home/mael/ros2_ws/install/baxter_6dof_vr:/opt/ros/humble /usr/bin/cmake --install /home/mael/ros2_ws/build/moveit_servo_baxter
