[2.224s] Invoking command in '/home/mael/ros2_ws/build/baxter_maintenance_msgs': CMAKE_PREFIX_PATH=${CMAKE_PREFIX_PATH}:/home/mael/ros2_ws/install/ros_tcp_endpoint:/home/mael/ros2_ws/install/baxter_joint_controller:/home/mael/ros2_ws/install/baxter_6dof_vr:/opt/ros/humble /usr/bin/cmake --build /home/mael/ros2_ws/build/baxter_maintenance_msgs -- -j8 -l8
[2.280s] [  1%] Built target baxter_maintenance_msgs__cpp
[2.285s] [ 12%] Built target baxter_maintenance_msgs__rosidl_generator_c
[2.286s] [ 12%] Built target ament_cmake_python_symlink_baxter_maintenance_msgs
[2.321s] [ 32%] Built target baxter_maintenance_msgs__rosidl_typesupport_introspection_cpp
[2.322s] [ 37%] Built target baxter_maintenance_msgs__rosidl_typesupport_cpp
[2.324s] [ 46%] Built target baxter_maintenance_msgs__rosidl_typesupport_c
[2.328s] [ 58%] Built target baxter_maintenance_msgs__rosidl_typesupport_introspection_c
[2.334s] [ 69%] Built target baxter_maintenance_msgs__rosidl_typesupport_fastrtps_c
[2.338s] [ 81%] Built target baxter_maintenance_msgs__rosidl_typesupport_fastrtps_cpp
[2.364s] [ 81%] Built target baxter_maintenance_msgs
[2.386s] [ 82%] Built target baxter_maintenance_msgs__py
[2.418s] [ 92%] Built target baxter_maintenance_msgs__rosidl_generator_py
[2.450s] [ 94%] Built target baxter_maintenance_msgs__rosidl_typesupport_introspection_c__pyext
[2.451s] [ 97%] Built target baxter_maintenance_msgs__rosidl_typesupport_fastrtps_c__pyext
[2.458s] [100%] Built target baxter_maintenance_msgs__rosidl_typesupport_c__pyext
[2.608s] running egg_info
[2.609s] writing baxter_maintenance_msgs.egg-info/PKG-INFO
[2.609s] writing dependency_links to baxter_maintenance_msgs.egg-info/dependency_links.txt
[2.609s] writing top-level names to baxter_maintenance_msgs.egg-info/top_level.txt
[2.612s] reading manifest file 'baxter_maintenance_msgs.egg-info/SOURCES.txt'
[2.613s] writing manifest file 'baxter_maintenance_msgs.egg-info/SOURCES.txt'
[2.638s] [100%] Built target ament_cmake_python_build_baxter_maintenance_msgs_egg
[2.804s] Invoked command in '/home/mael/ros2_ws/build/baxter_maintenance_msgs' returned '0': CMAKE_PREFIX_PATH=${CMAKE_PREFIX_PATH}:/home/mael/ros2_ws/install/ros_tcp_endpoint:/home/mael/ros2_ws/install/baxter_joint_controller:/home/mael/ros2_ws/install/baxter_6dof_vr:/opt/ros/humble /usr/bin/cmake --build /home/mael/ros2_ws/build/baxter_maintenance_msgs -- -j8 -l8
[3.202s] Invoking command in '/home/mael/ros2_ws/build/baxter_maintenance_msgs': CMAKE_PREFIX_PATH=${CMAKE_PREFIX_PATH}:/home/mael/ros2_ws/install/ros_tcp_endpoint:/home/mael/ros2_ws/install/baxter_joint_controller:/home/mael/ros2_ws/install/baxter_6dof_vr:/opt/ros/humble /usr/bin/cmake --install /home/mael/ros2_ws/build/baxter_maintenance_msgs
[3.203s] -- Install configuration: ""
[3.204s] -- Execute custom install script
[3.205s] -- Up-to-date symlink: /home/mael/ros2_ws/install/baxter_maintenance_msgs/share/ament_index/resource_index/rosidl_interfaces/baxter_maintenance_msgs
[3.206s] -- Up-to-date symlink: /home/mael/ros2_ws/install/baxter_maintenance_msgs/include/baxter_maintenance_msgs/baxter_maintenance_msgs/msg/calibrate_arm_data.h
[3.206s] -- Up-to-date symlink: /home/mael/ros2_ws/install/baxter_maintenance_msgs/include/baxter_maintenance_msgs/baxter_maintenance_msgs/msg/calibrate_arm_enable.h
[3.207s] -- Up-to-date symlink: /home/mael/ros2_ws/install/baxter_maintenance_msgs/include/baxter_maintenance_msgs/baxter_maintenance_msgs/msg/detail/calibrate_arm_data__functions.h
[3.207s] -- Up-to-date symlink: /home/mael/ros2_ws/install/baxter_maintenance_msgs/include/baxter_maintenance_msgs/baxter_maintenance_msgs/msg/detail/calibrate_arm_data__struct.h
[3.207s] -- Up-to-date symlink: /home/mael/ros2_ws/install/baxter_maintenance_msgs/include/baxter_maintenance_msgs/baxter_maintenance_msgs/msg/detail/calibrate_arm_data__type_support.h
[3.208s] -- Up-to-date symlink: /home/mael/ros2_ws/install/baxter_maintenance_msgs/include/baxter_maintenance_msgs/baxter_maintenance_msgs/msg/detail/calibrate_arm_enable__functions.h
[3.208s] -- Up-to-date symlink: /home/mael/ros2_ws/install/baxter_maintenance_msgs/include/baxter_maintenance_msgs/baxter_maintenance_msgs/msg/detail/calibrate_arm_enable__struct.h
[3.208s] -- Up-to-date symlink: /home/mael/ros2_ws/install/baxter_maintenance_msgs/include/baxter_maintenance_msgs/baxter_maintenance_msgs/msg/detail/calibrate_arm_enable__type_support.h
[3.209s] -- Up-to-date symlink: /home/mael/ros2_ws/install/baxter_maintenance_msgs/include/baxter_maintenance_msgs/baxter_maintenance_msgs/msg/detail/tare_data__functions.h
[3.209s] -- Up-to-date symlink: /home/mael/ros2_ws/install/baxter_maintenance_msgs/include/baxter_maintenance_msgs/baxter_maintenance_msgs/msg/detail/tare_data__struct.h
[3.209s] -- Up-to-date symlink: /home/mael/ros2_ws/install/baxter_maintenance_msgs/include/baxter_maintenance_msgs/baxter_maintenance_msgs/msg/detail/tare_data__type_support.h
[3.209s] -- Up-to-date symlink: /home/mael/ros2_ws/install/baxter_maintenance_msgs/include/baxter_maintenance_msgs/baxter_maintenance_msgs/msg/detail/tare_enable__functions.h
[3.210s] -- Up-to-date symlink: /home/mael/ros2_ws/install/baxter_maintenance_msgs/include/baxter_maintenance_msgs/baxter_maintenance_msgs/msg/detail/tare_enable__struct.h
[3.210s] -- Up-to-date symlink: /home/mael/ros2_ws/install/baxter_maintenance_msgs/include/baxter_maintenance_msgs/baxter_maintenance_msgs/msg/detail/tare_enable__type_support.h
[3.210s] -- Up-to-date symlink: /home/mael/ros2_ws/install/baxter_maintenance_msgs/include/baxter_maintenance_msgs/baxter_maintenance_msgs/msg/detail/update_source__functions.h
[3.210s] -- Up-to-date symlink: /home/mael/ros2_ws/install/baxter_maintenance_msgs/include/baxter_maintenance_msgs/baxter_maintenance_msgs/msg/detail/update_source__struct.h
[3.210s] -- Up-to-date symlink: /home/mael/ros2_ws/install/baxter_maintenance_msgs/include/baxter_maintenance_msgs/baxter_maintenance_msgs/msg/detail/update_source__type_support.h
[3.211s] -- Up-to-date symlink: /home/mael/ros2_ws/install/baxter_maintenance_msgs/include/baxter_maintenance_msgs/baxter_maintenance_msgs/msg/detail/update_sources__functions.h
[3.211s] -- Up-to-date symlink: /home/mael/ros2_ws/install/baxter_maintenance_msgs/include/baxter_maintenance_msgs/baxter_maintenance_msgs/msg/detail/update_sources__struct.h
[3.211s] -- Up-to-date symlink: /home/mael/ros2_ws/install/baxter_maintenance_msgs/include/baxter_maintenance_msgs/baxter_maintenance_msgs/msg/detail/update_sources__type_support.h
[3.212s] -- Up-to-date symlink: /home/mael/ros2_ws/install/baxter_maintenance_msgs/include/baxter_maintenance_msgs/baxter_maintenance_msgs/msg/detail/update_status__functions.h
[3.212s] -- Up-to-date symlink: /home/mael/ros2_ws/install/baxter_maintenance_msgs/include/baxter_maintenance_msgs/baxter_maintenance_msgs/msg/detail/update_status__struct.h
[3.212s] -- Up-to-date symlink: /home/mael/ros2_ws/install/baxter_maintenance_msgs/include/baxter_maintenance_msgs/baxter_maintenance_msgs/msg/detail/update_status__type_support.h
[3.212s] -- Up-to-date symlink: /home/mael/ros2_ws/install/baxter_maintenance_msgs/include/baxter_maintenance_msgs/baxter_maintenance_msgs/msg/rosidl_generator_c__visibility_control.h
[3.213s] -- Up-to-date symlink: /home/mael/ros2_ws/install/baxter_maintenance_msgs/include/baxter_maintenance_msgs/baxter_maintenance_msgs/msg/tare_data.h
[3.213s] -- Up-to-date symlink: /home/mael/ros2_ws/install/baxter_maintenance_msgs/include/baxter_maintenance_msgs/baxter_maintenance_msgs/msg/tare_enable.h
[3.213s] -- Up-to-date symlink: /home/mael/ros2_ws/install/baxter_maintenance_msgs/include/baxter_maintenance_msgs/baxter_maintenance_msgs/msg/update_source.h
[3.213s] -- Up-to-date symlink: /home/mael/ros2_ws/install/baxter_maintenance_msgs/include/baxter_maintenance_msgs/baxter_maintenance_msgs/msg/update_sources.h
[3.214s] -- Up-to-date symlink: /home/mael/ros2_ws/install/baxter_maintenance_msgs/include/baxter_maintenance_msgs/baxter_maintenance_msgs/msg/update_status.h
[3.214s] -- Up-to-date symlink: /home/mael/ros2_ws/install/baxter_maintenance_msgs/share/baxter_maintenance_msgs/environment/library_path.sh
[3.214s] -- Up-to-date symlink: /home/mael/ros2_ws/install/baxter_maintenance_msgs/share/baxter_maintenance_msgs/environment/library_path.dsv
[3.215s] -- Up-to-date symlink: /home/mael/ros2_ws/install/baxter_maintenance_msgs/include/baxter_maintenance_msgs/baxter_maintenance_msgs/msg/detail/calibrate_arm_data__rosidl_typesupport_fastrtps_c.h
[3.215s] -- Up-to-date symlink: /home/mael/ros2_ws/install/baxter_maintenance_msgs/include/baxter_maintenance_msgs/baxter_maintenance_msgs/msg/detail/calibrate_arm_enable__rosidl_typesupport_fastrtps_c.h
[3.215s] -- Up-to-date symlink: /home/mael/ros2_ws/install/baxter_maintenance_msgs/include/baxter_maintenance_msgs/baxter_maintenance_msgs/msg/detail/tare_data__rosidl_typesupport_fastrtps_c.h
[3.215s] -- Up-to-date symlink: /home/mael/ros2_ws/install/baxter_maintenance_msgs/include/baxter_maintenance_msgs/baxter_maintenance_msgs/msg/detail/tare_enable__rosidl_typesupport_fastrtps_c.h
[3.215s] -- Up-to-date symlink: /home/mael/ros2_ws/install/baxter_maintenance_msgs/include/baxter_maintenance_msgs/baxter_maintenance_msgs/msg/detail/update_source__rosidl_typesupport_fastrtps_c.h
[3.215s] -- Up-to-date symlink: /home/mael/ros2_ws/install/baxter_maintenance_msgs/include/baxter_maintenance_msgs/baxter_maintenance_msgs/msg/detail/update_sources__rosidl_typesupport_fastrtps_c.h
[3.216s] -- Up-to-date symlink: /home/mael/ros2_ws/install/baxter_maintenance_msgs/include/baxter_maintenance_msgs/baxter_maintenance_msgs/msg/detail/update_status__rosidl_typesupport_fastrtps_c.h
[3.216s] -- Up-to-date symlink: /home/mael/ros2_ws/install/baxter_maintenance_msgs/include/baxter_maintenance_msgs/baxter_maintenance_msgs/msg/rosidl_typesupport_fastrtps_c__visibility_control.h
[3.216s] -- Up-to-date symlink: /home/mael/ros2_ws/install/baxter_maintenance_msgs/include/baxter_maintenance_msgs/baxter_maintenance_msgs/msg/detail/calibrate_arm_data__rosidl_typesupport_introspection_c.h
[3.216s] -- Up-to-date symlink: /home/mael/ros2_ws/install/baxter_maintenance_msgs/include/baxter_maintenance_msgs/baxter_maintenance_msgs/msg/detail/calibrate_arm_enable__rosidl_typesupport_introspection_c.h
[3.216s] -- Up-to-date symlink: /home/mael/ros2_ws/install/baxter_maintenance_msgs/include/baxter_maintenance_msgs/baxter_maintenance_msgs/msg/detail/tare_data__rosidl_typesupport_introspection_c.h
[3.216s] -- Up-to-date symlink: /home/mael/ros2_ws/install/baxter_maintenance_msgs/include/baxter_maintenance_msgs/baxter_maintenance_msgs/msg/detail/tare_enable__rosidl_typesupport_introspection_c.h
[3.216s] -- Up-to-date symlink: /home/mael/ros2_ws/install/baxter_maintenance_msgs/include/baxter_maintenance_msgs/baxter_maintenance_msgs/msg/detail/update_source__rosidl_typesupport_introspection_c.h
[3.216s] -- Up-to-date symlink: /home/mael/ros2_ws/install/baxter_maintenance_msgs/include/baxter_maintenance_msgs/baxter_maintenance_msgs/msg/detail/update_sources__rosidl_typesupport_introspection_c.h
[3.217s] -- Up-to-date symlink: /home/mael/ros2_ws/install/baxter_maintenance_msgs/include/baxter_maintenance_msgs/baxter_maintenance_msgs/msg/detail/update_status__rosidl_typesupport_introspection_c.h
[3.217s] -- Up-to-date symlink: /home/mael/ros2_ws/install/baxter_maintenance_msgs/include/baxter_maintenance_msgs/baxter_maintenance_msgs/msg/rosidl_typesupport_introspection_c__visibility_control.h
[3.217s] -- Up-to-date symlink: /home/mael/ros2_ws/install/baxter_maintenance_msgs/include/baxter_maintenance_msgs/baxter_maintenance_msgs/msg/calibrate_arm_data.hpp
[3.217s] -- Up-to-date symlink: /home/mael/ros2_ws/install/baxter_maintenance_msgs/include/baxter_maintenance_msgs/baxter_maintenance_msgs/msg/calibrate_arm_enable.hpp
[3.217s] -- Up-to-date symlink: /home/mael/ros2_ws/install/baxter_maintenance_msgs/include/baxter_maintenance_msgs/baxter_maintenance_msgs/msg/detail/calibrate_arm_data__builder.hpp
[3.217s] -- Up-to-date symlink: /home/mael/ros2_ws/install/baxter_maintenance_msgs/include/baxter_maintenance_msgs/baxter_maintenance_msgs/msg/detail/calibrate_arm_data__struct.hpp
[3.217s] -- Up-to-date symlink: /home/mael/ros2_ws/install/baxter_maintenance_msgs/include/baxter_maintenance_msgs/baxter_maintenance_msgs/msg/detail/calibrate_arm_data__traits.hpp
[3.217s] -- Up-to-date symlink: /home/mael/ros2_ws/install/baxter_maintenance_msgs/include/baxter_maintenance_msgs/baxter_maintenance_msgs/msg/detail/calibrate_arm_enable__builder.hpp
[3.217s] -- Up-to-date symlink: /home/mael/ros2_ws/install/baxter_maintenance_msgs/include/baxter_maintenance_msgs/baxter_maintenance_msgs/msg/detail/calibrate_arm_enable__struct.hpp
[3.218s] -- Up-to-date symlink: /home/mael/ros2_ws/install/baxter_maintenance_msgs/include/baxter_maintenance_msgs/baxter_maintenance_msgs/msg/detail/calibrate_arm_enable__traits.hpp
[3.218s] -- Up-to-date symlink: /home/mael/ros2_ws/install/baxter_maintenance_msgs/include/baxter_maintenance_msgs/baxter_maintenance_msgs/msg/detail/tare_data__builder.hpp
[3.218s] -- Up-to-date symlink: /home/mael/ros2_ws/install/baxter_maintenance_msgs/include/baxter_maintenance_msgs/baxter_maintenance_msgs/msg/detail/tare_data__struct.hpp
[3.218s] -- Up-to-date symlink: /home/mael/ros2_ws/install/baxter_maintenance_msgs/include/baxter_maintenance_msgs/baxter_maintenance_msgs/msg/detail/tare_data__traits.hpp
[3.218s] -- Up-to-date symlink: /home/mael/ros2_ws/install/baxter_maintenance_msgs/include/baxter_maintenance_msgs/baxter_maintenance_msgs/msg/detail/tare_enable__builder.hpp
[3.218s] -- Up-to-date symlink: /home/mael/ros2_ws/install/baxter_maintenance_msgs/include/baxter_maintenance_msgs/baxter_maintenance_msgs/msg/detail/tare_enable__struct.hpp
[3.218s] -- Up-to-date symlink: /home/mael/ros2_ws/install/baxter_maintenance_msgs/include/baxter_maintenance_msgs/baxter_maintenance_msgs/msg/detail/tare_enable__traits.hpp
[3.218s] -- Up-to-date symlink: /home/mael/ros2_ws/install/baxter_maintenance_msgs/include/baxter_maintenance_msgs/baxter_maintenance_msgs/msg/detail/update_source__builder.hpp
[3.218s] -- Up-to-date symlink: /home/mael/ros2_ws/install/baxter_maintenance_msgs/include/baxter_maintenance_msgs/baxter_maintenance_msgs/msg/detail/update_source__struct.hpp
[3.219s] -- Up-to-date symlink: /home/mael/ros2_ws/install/baxter_maintenance_msgs/include/baxter_maintenance_msgs/baxter_maintenance_msgs/msg/detail/update_source__traits.hpp
[3.219s] -- Up-to-date symlink: /home/mael/ros2_ws/install/baxter_maintenance_msgs/include/baxter_maintenance_msgs/baxter_maintenance_msgs/msg/detail/update_sources__builder.hpp
[3.219s] -- Up-to-date symlink: /home/mael/ros2_ws/install/baxter_maintenance_msgs/include/baxter_maintenance_msgs/baxter_maintenance_msgs/msg/detail/update_sources__struct.hpp
[3.219s] -- Up-to-date symlink: /home/mael/ros2_ws/install/baxter_maintenance_msgs/include/baxter_maintenance_msgs/baxter_maintenance_msgs/msg/detail/update_sources__traits.hpp
[3.219s] -- Up-to-date symlink: /home/mael/ros2_ws/install/baxter_maintenance_msgs/include/baxter_maintenance_msgs/baxter_maintenance_msgs/msg/detail/update_status__builder.hpp
[3.219s] -- Up-to-date symlink: /home/mael/ros2_ws/install/baxter_maintenance_msgs/include/baxter_maintenance_msgs/baxter_maintenance_msgs/msg/detail/update_status__struct.hpp
[3.219s] -- Up-to-date symlink: /home/mael/ros2_ws/install/baxter_maintenance_msgs/include/baxter_maintenance_msgs/baxter_maintenance_msgs/msg/detail/update_status__traits.hpp
[3.219s] -- Up-to-date symlink: /home/mael/ros2_ws/install/baxter_maintenance_msgs/include/baxter_maintenance_msgs/baxter_maintenance_msgs/msg/tare_data.hpp
[3.219s] -- Up-to-date symlink: /home/mael/ros2_ws/install/baxter_maintenance_msgs/include/baxter_maintenance_msgs/baxter_maintenance_msgs/msg/tare_enable.hpp
[3.219s] -- Up-to-date symlink: /home/mael/ros2_ws/install/baxter_maintenance_msgs/include/baxter_maintenance_msgs/baxter_maintenance_msgs/msg/update_source.hpp
[3.220s] -- Up-to-date symlink: /home/mael/ros2_ws/install/baxter_maintenance_msgs/include/baxter_maintenance_msgs/baxter_maintenance_msgs/msg/update_sources.hpp
[3.220s] -- Up-to-date symlink: /home/mael/ros2_ws/install/baxter_maintenance_msgs/include/baxter_maintenance_msgs/baxter_maintenance_msgs/msg/update_status.hpp
[3.220s] -- Up-to-date symlink: /home/mael/ros2_ws/install/baxter_maintenance_msgs/include/baxter_maintenance_msgs/baxter_maintenance_msgs/msg/detail/calibrate_arm_data__rosidl_typesupport_fastrtps_cpp.hpp
[3.220s] -- Up-to-date symlink: /home/mael/ros2_ws/install/baxter_maintenance_msgs/include/baxter_maintenance_msgs/baxter_maintenance_msgs/msg/detail/calibrate_arm_enable__rosidl_typesupport_fastrtps_cpp.hpp
[3.221s] -- Up-to-date symlink: /home/mael/ros2_ws/install/baxter_maintenance_msgs/include/baxter_maintenance_msgs/baxter_maintenance_msgs/msg/detail/tare_data__rosidl_typesupport_fastrtps_cpp.hpp
[3.221s] -- Up-to-date symlink: /home/mael/ros2_ws/install/baxter_maintenance_msgs/include/baxter_maintenance_msgs/baxter_maintenance_msgs/msg/detail/tare_enable__rosidl_typesupport_fastrtps_cpp.hpp
[3.221s] -- Up-to-date symlink: /home/mael/ros2_ws/install/baxter_maintenance_msgs/include/baxter_maintenance_msgs/baxter_maintenance_msgs/msg/detail/update_source__rosidl_typesupport_fastrtps_cpp.hpp
[3.221s] -- Up-to-date symlink: /home/mael/ros2_ws/install/baxter_maintenance_msgs/include/baxter_maintenance_msgs/baxter_maintenance_msgs/msg/detail/update_sources__rosidl_typesupport_fastrtps_cpp.hpp
[3.221s] -- Up-to-date symlink: /home/mael/ros2_ws/install/baxter_maintenance_msgs/include/baxter_maintenance_msgs/baxter_maintenance_msgs/msg/detail/update_status__rosidl_typesupport_fastrtps_cpp.hpp
[3.222s] -- Up-to-date symlink: /home/mael/ros2_ws/install/baxter_maintenance_msgs/include/baxter_maintenance_msgs/baxter_maintenance_msgs/msg/rosidl_typesupport_fastrtps_cpp__visibility_control.h
[3.222s] -- Up-to-date symlink: /home/mael/ros2_ws/install/baxter_maintenance_msgs/include/baxter_maintenance_msgs/baxter_maintenance_msgs/msg/detail/calibrate_arm_data__rosidl_typesupport_introspection_cpp.hpp
[3.222s] -- Up-to-date symlink: /home/mael/ros2_ws/install/baxter_maintenance_msgs/include/baxter_maintenance_msgs/baxter_maintenance_msgs/msg/detail/calibrate_arm_enable__rosidl_typesupport_introspection_cpp.hpp
[3.222s] -- Up-to-date symlink: /home/mael/ros2_ws/install/baxter_maintenance_msgs/include/baxter_maintenance_msgs/baxter_maintenance_msgs/msg/detail/tare_data__rosidl_typesupport_introspection_cpp.hpp
[3.223s] -- Up-to-date symlink: /home/mael/ros2_ws/install/baxter_maintenance_msgs/include/baxter_maintenance_msgs/baxter_maintenance_msgs/msg/detail/tare_enable__rosidl_typesupport_introspection_cpp.hpp
[3.226s] -- Up-to-date symlink: /home/mael/ros2_ws/install/baxter_maintenance_msgs/include/baxter_maintenance_msgs/baxter_maintenance_msgs/msg/detail/update_source__rosidl_typesupport_introspection_cpp.hpp
[3.226s] -- Up-to-date symlink: /home/mael/ros2_ws/install/baxter_maintenance_msgs/include/baxter_maintenance_msgs/baxter_maintenance_msgs/msg/detail/update_sources__rosidl_typesupport_introspection_cpp.hpp
[3.227s] -- Up-to-date symlink: /home/mael/ros2_ws/install/baxter_maintenance_msgs/include/baxter_maintenance_msgs/baxter_maintenance_msgs/msg/detail/update_status__rosidl_typesupport_introspection_cpp.hpp
[3.227s] -- Up-to-date symlink: /home/mael/ros2_ws/install/baxter_maintenance_msgs/share/baxter_maintenance_msgs/environment/pythonpath.sh
[3.228s] -- Up-to-date symlink: /home/mael/ros2_ws/install/baxter_maintenance_msgs/share/baxter_maintenance_msgs/environment/pythonpath.dsv
[3.228s] -- Up-to-date symlink: /home/mael/ros2_ws/install/baxter_maintenance_msgs/local/lib/python3.10/dist-packages/baxter_maintenance_msgs-0.0.0-py3.10.egg-info/PKG-INFO
[3.228s] -- Up-to-date symlink: /home/mael/ros2_ws/install/baxter_maintenance_msgs/local/lib/python3.10/dist-packages/baxter_maintenance_msgs-0.0.0-py3.10.egg-info/SOURCES.txt
[3.228s] -- Up-to-date symlink: /home/mael/ros2_ws/install/baxter_maintenance_msgs/local/lib/python3.10/dist-packages/baxter_maintenance_msgs-0.0.0-py3.10.egg-info/dependency_links.txt
[3.229s] -- Up-to-date symlink: /home/mael/ros2_ws/install/baxter_maintenance_msgs/local/lib/python3.10/dist-packages/baxter_maintenance_msgs-0.0.0-py3.10.egg-info/top_level.txt
[3.229s] -- Up-to-date symlink: /home/mael/ros2_ws/install/baxter_maintenance_msgs/local/lib/python3.10/dist-packages/baxter_maintenance_msgs/__init__.py
[3.229s] -- Up-to-date symlink: /home/mael/ros2_ws/install/baxter_maintenance_msgs/local/lib/python3.10/dist-packages/baxter_maintenance_msgs/_baxter_maintenance_msgs_s.ep.rosidl_typesupport_c.c
[3.229s] -- Up-to-date symlink: /home/mael/ros2_ws/install/baxter_maintenance_msgs/local/lib/python3.10/dist-packages/baxter_maintenance_msgs/_baxter_maintenance_msgs_s.ep.rosidl_typesupport_fastrtps_c.c
[3.231s] -- Up-to-date symlink: /home/mael/ros2_ws/install/baxter_maintenance_msgs/local/lib/python3.10/dist-packages/baxter_maintenance_msgs/_baxter_maintenance_msgs_s.ep.rosidl_typesupport_introspection_c.c
[3.232s] -- Up-to-date symlink: /home/mael/ros2_ws/install/baxter_maintenance_msgs/local/lib/python3.10/dist-packages/baxter_maintenance_msgs/baxter_maintenance_msgs_s__rosidl_typesupport_c.cpython-310-x86_64-linux-gnu.so
[3.232s] -- Up-to-date symlink: /home/mael/ros2_ws/install/baxter_maintenance_msgs/local/lib/python3.10/dist-packages/baxter_maintenance_msgs/baxter_maintenance_msgs_s__rosidl_typesupport_fastrtps_c.cpython-310-x86_64-linux-gnu.so
[3.232s] -- Up-to-date symlink: /home/mael/ros2_ws/install/baxter_maintenance_msgs/local/lib/python3.10/dist-packages/baxter_maintenance_msgs/baxter_maintenance_msgs_s__rosidl_typesupport_introspection_c.cpython-310-x86_64-linux-gnu.so
[3.232s] -- Up-to-date symlink: /home/mael/ros2_ws/install/baxter_maintenance_msgs/local/lib/python3.10/dist-packages/baxter_maintenance_msgs/libbaxter_maintenance_msgs__rosidl_generator_py.so
[3.232s] -- Up-to-date symlink: /home/mael/ros2_ws/install/baxter_maintenance_msgs/local/lib/python3.10/dist-packages/baxter_maintenance_msgs/msg/__init__.py
[3.232s] -- Up-to-date symlink: /home/mael/ros2_ws/install/baxter_maintenance_msgs/local/lib/python3.10/dist-packages/baxter_maintenance_msgs/msg/_calibrate_arm_data.py
[3.233s] -- Up-to-date symlink: /home/mael/ros2_ws/install/baxter_maintenance_msgs/local/lib/python3.10/dist-packages/baxter_maintenance_msgs/msg/_calibrate_arm_data_s.c
[3.233s] -- Up-to-date symlink: /home/mael/ros2_ws/install/baxter_maintenance_msgs/local/lib/python3.10/dist-packages/baxter_maintenance_msgs/msg/_calibrate_arm_enable.py
[3.233s] -- Up-to-date symlink: /home/mael/ros2_ws/install/baxter_maintenance_msgs/local/lib/python3.10/dist-packages/baxter_maintenance_msgs/msg/_calibrate_arm_enable_s.c
[3.233s] -- Up-to-date symlink: /home/mael/ros2_ws/install/baxter_maintenance_msgs/local/lib/python3.10/dist-packages/baxter_maintenance_msgs/msg/_tare_data.py
[3.233s] -- Up-to-date symlink: /home/mael/ros2_ws/install/baxter_maintenance_msgs/local/lib/python3.10/dist-packages/baxter_maintenance_msgs/msg/_tare_data_s.c
[3.233s] -- Up-to-date symlink: /home/mael/ros2_ws/install/baxter_maintenance_msgs/local/lib/python3.10/dist-packages/baxter_maintenance_msgs/msg/_tare_enable.py
[3.233s] -- Up-to-date symlink: /home/mael/ros2_ws/install/baxter_maintenance_msgs/local/lib/python3.10/dist-packages/baxter_maintenance_msgs/msg/_tare_enable_s.c
[3.233s] -- Up-to-date symlink: /home/mael/ros2_ws/install/baxter_maintenance_msgs/local/lib/python3.10/dist-packages/baxter_maintenance_msgs/msg/_update_source.py
[3.233s] -- Up-to-date symlink: /home/mael/ros2_ws/install/baxter_maintenance_msgs/local/lib/python3.10/dist-packages/baxter_maintenance_msgs/msg/_update_source_s.c
[3.233s] -- Up-to-date symlink: /home/mael/ros2_ws/install/baxter_maintenance_msgs/local/lib/python3.10/dist-packages/baxter_maintenance_msgs/msg/_update_sources.py
[3.234s] -- Up-to-date symlink: /home/mael/ros2_ws/install/baxter_maintenance_msgs/local/lib/python3.10/dist-packages/baxter_maintenance_msgs/msg/_update_sources_s.c
[3.234s] -- Up-to-date symlink: /home/mael/ros2_ws/install/baxter_maintenance_msgs/local/lib/python3.10/dist-packages/baxter_maintenance_msgs/msg/_update_status.py
[3.234s] -- Up-to-date symlink: /home/mael/ros2_ws/install/baxter_maintenance_msgs/local/lib/python3.10/dist-packages/baxter_maintenance_msgs/msg/_update_status_s.c
[3.234s] -- Up-to-date symlink: /home/mael/ros2_ws/install/baxter_maintenance_msgs/local/lib/python3.10/dist-packages/baxter_maintenance_msgs/baxter_maintenance_msgs_s__rosidl_typesupport_fastrtps_c.cpython-310-x86_64-linux-gnu.so
[3.234s] -- Up-to-date symlink: /home/mael/ros2_ws/install/baxter_maintenance_msgs/local/lib/python3.10/dist-packages/baxter_maintenance_msgs/baxter_maintenance_msgs_s__rosidl_typesupport_introspection_c.cpython-310-x86_64-linux-gnu.so
[3.234s] -- Up-to-date symlink: /home/mael/ros2_ws/install/baxter_maintenance_msgs/local/lib/python3.10/dist-packages/baxter_maintenance_msgs/baxter_maintenance_msgs_s__rosidl_typesupport_c.cpython-310-x86_64-linux-gnu.so
[3.234s] -- Up-to-date symlink: /home/mael/ros2_ws/install/baxter_maintenance_msgs/share/baxter_maintenance_msgs/msg/UpdateStatus.idl
[3.234s] -- Up-to-date symlink: /home/mael/ros2_ws/install/baxter_maintenance_msgs/share/baxter_maintenance_msgs/msg/UpdateSources.idl
[3.234s] -- Up-to-date symlink: /home/mael/ros2_ws/install/baxter_maintenance_msgs/share/baxter_maintenance_msgs/msg/TareData.idl
[3.234s] -- Up-to-date symlink: /home/mael/ros2_ws/install/baxter_maintenance_msgs/share/baxter_maintenance_msgs/msg/CalibrateArmEnable.idl
[3.235s] -- Up-to-date symlink: /home/mael/ros2_ws/install/baxter_maintenance_msgs/share/baxter_maintenance_msgs/msg/CalibrateArmData.idl
[3.235s] -- Up-to-date symlink: /home/mael/ros2_ws/install/baxter_maintenance_msgs/share/baxter_maintenance_msgs/msg/TareEnable.idl
[3.235s] -- Up-to-date symlink: /home/mael/ros2_ws/install/baxter_maintenance_msgs/share/baxter_maintenance_msgs/msg/UpdateSource.idl
[3.235s] -- Up-to-date symlink: /home/mael/ros2_ws/install/baxter_maintenance_msgs/share/baxter_maintenance_msgs/msg/UpdateStatus.msg
[3.235s] -- Up-to-date symlink: /home/mael/ros2_ws/install/baxter_maintenance_msgs/share/baxter_maintenance_msgs/msg/UpdateSources.msg
[3.235s] -- Up-to-date symlink: /home/mael/ros2_ws/install/baxter_maintenance_msgs/share/baxter_maintenance_msgs/msg/TareData.msg
[3.235s] -- Up-to-date symlink: /home/mael/ros2_ws/install/baxter_maintenance_msgs/share/baxter_maintenance_msgs/msg/CalibrateArmEnable.msg
[3.235s] -- Up-to-date symlink: /home/mael/ros2_ws/install/baxter_maintenance_msgs/share/baxter_maintenance_msgs/msg/CalibrateArmData.msg
[3.235s] -- Up-to-date symlink: /home/mael/ros2_ws/install/baxter_maintenance_msgs/share/baxter_maintenance_msgs/msg/TareEnable.msg
[3.235s] -- Up-to-date symlink: /home/mael/ros2_ws/install/baxter_maintenance_msgs/share/baxter_maintenance_msgs/msg/UpdateSource.msg
[3.235s] -- Up-to-date symlink: /home/mael/ros2_ws/install/baxter_maintenance_msgs/share/baxter_maintenance_msgs/mapping_rules.yaml
[3.236s] -- Up-to-date symlink: /home/mael/ros2_ws/install/baxter_maintenance_msgs/share/ament_index/resource_index/package_run_dependencies/baxter_maintenance_msgs
[3.236s] -- Up-to-date symlink: /home/mael/ros2_ws/install/baxter_maintenance_msgs/share/ament_index/resource_index/parent_prefix_path/baxter_maintenance_msgs
[3.236s] -- Up-to-date symlink: /home/mael/ros2_ws/install/baxter_maintenance_msgs/share/baxter_maintenance_msgs/environment/ament_prefix_path.sh
[3.236s] -- Up-to-date symlink: /home/mael/ros2_ws/install/baxter_maintenance_msgs/share/baxter_maintenance_msgs/environment/ament_prefix_path.dsv
[3.236s] -- Up-to-date symlink: /home/mael/ros2_ws/install/baxter_maintenance_msgs/share/baxter_maintenance_msgs/environment/path.sh
[3.236s] -- Up-to-date symlink: /home/mael/ros2_ws/install/baxter_maintenance_msgs/share/baxter_maintenance_msgs/environment/path.dsv
[3.236s] -- Up-to-date symlink: /home/mael/ros2_ws/install/baxter_maintenance_msgs/share/baxter_maintenance_msgs/local_setup.bash
[3.236s] -- Up-to-date symlink: /home/mael/ros2_ws/install/baxter_maintenance_msgs/share/baxter_maintenance_msgs/local_setup.sh
[3.236s] -- Up-to-date symlink: /home/mael/ros2_ws/install/baxter_maintenance_msgs/share/baxter_maintenance_msgs/local_setup.zsh
[3.236s] -- Up-to-date symlink: /home/mael/ros2_ws/install/baxter_maintenance_msgs/share/baxter_maintenance_msgs/local_setup.dsv
[3.236s] -- Symlinking: /home/mael/ros2_ws/install/baxter_maintenance_msgs/share/baxter_maintenance_msgs/package.dsv
[3.244s] -- Up-to-date symlink: /home/mael/ros2_ws/install/baxter_maintenance_msgs/share/ament_index/resource_index/packages/baxter_maintenance_msgs
[3.244s] -- Up-to-date symlink: /home/mael/ros2_ws/install/baxter_maintenance_msgs/share/baxter_maintenance_msgs/cmake/rosidl_cmake-extras.cmake
[3.245s] -- Up-to-date symlink: /home/mael/ros2_ws/install/baxter_maintenance_msgs/share/baxter_maintenance_msgs/cmake/ament_cmake_export_include_directories-extras.cmake
[3.245s] -- Up-to-date symlink: /home/mael/ros2_ws/install/baxter_maintenance_msgs/share/baxter_maintenance_msgs/cmake/ament_cmake_export_libraries-extras.cmake
[3.245s] -- Up-to-date symlink: /home/mael/ros2_ws/install/baxter_maintenance_msgs/share/baxter_maintenance_msgs/cmake/ament_cmake_export_targets-extras.cmake
[3.245s] -- Up-to-date symlink: /home/mael/ros2_ws/install/baxter_maintenance_msgs/share/baxter_maintenance_msgs/cmake/rosidl_cmake_export_typesupport_targets-extras.cmake
[3.246s] -- Up-to-date symlink: /home/mael/ros2_ws/install/baxter_maintenance_msgs/share/baxter_maintenance_msgs/cmake/ament_cmake_export_dependencies-extras.cmake
[3.246s] -- Up-to-date symlink: /home/mael/ros2_ws/install/baxter_maintenance_msgs/share/baxter_maintenance_msgs/cmake/rosidl_cmake_export_typesupport_libraries-extras.cmake
[3.246s] -- Up-to-date symlink: /home/mael/ros2_ws/install/baxter_maintenance_msgs/share/baxter_maintenance_msgs/cmake/baxter_maintenance_msgsConfig.cmake
[3.246s] -- Up-to-date symlink: /home/mael/ros2_ws/install/baxter_maintenance_msgs/share/baxter_maintenance_msgs/cmake/baxter_maintenance_msgsConfig-version.cmake
[3.246s] -- Up-to-date symlink: /home/mael/ros2_ws/install/baxter_maintenance_msgs/share/baxter_maintenance_msgs/package.xml
[3.247s] -- Up-to-date: /home/mael/ros2_ws/install/baxter_maintenance_msgs/lib/libbaxter_maintenance_msgs__rosidl_generator_c.so
[3.247s] -- Up-to-date: /home/mael/ros2_ws/install/baxter_maintenance_msgs/lib/libbaxter_maintenance_msgs__rosidl_typesupport_fastrtps_c.so
[3.248s] -- Up-to-date: /home/mael/ros2_ws/install/baxter_maintenance_msgs/lib/libbaxter_maintenance_msgs__rosidl_typesupport_introspection_c.so
[3.248s] -- Up-to-date: /home/mael/ros2_ws/install/baxter_maintenance_msgs/lib/libbaxter_maintenance_msgs__rosidl_typesupport_c.so
[3.248s] -- Up-to-date: /home/mael/ros2_ws/install/baxter_maintenance_msgs/lib/libbaxter_maintenance_msgs__rosidl_typesupport_fastrtps_cpp.so
[3.249s] -- Up-to-date: /home/mael/ros2_ws/install/baxter_maintenance_msgs/lib/libbaxter_maintenance_msgs__rosidl_typesupport_introspection_cpp.so
[3.249s] -- Up-to-date: /home/mael/ros2_ws/install/baxter_maintenance_msgs/lib/libbaxter_maintenance_msgs__rosidl_typesupport_cpp.so
[3.284s] Listing '/home/mael/ros2_ws/install/baxter_maintenance_msgs/local/lib/python3.10/dist-packages/baxter_maintenance_msgs'...
[3.284s] Listing '/home/mael/ros2_ws/install/baxter_maintenance_msgs/local/lib/python3.10/dist-packages/baxter_maintenance_msgs/msg'...
[3.287s] -- Up-to-date: /home/mael/ros2_ws/install/baxter_maintenance_msgs/lib/libbaxter_maintenance_msgs__rosidl_generator_py.so
[3.288s] -- Up-to-date: /home/mael/ros2_ws/install/baxter_maintenance_msgs/share/baxter_maintenance_msgs/cmake/export_baxter_maintenance_msgs__rosidl_generator_cExport.cmake
[3.288s] -- Up-to-date: /home/mael/ros2_ws/install/baxter_maintenance_msgs/share/baxter_maintenance_msgs/cmake/export_baxter_maintenance_msgs__rosidl_generator_cExport-noconfig.cmake
[3.288s] -- Up-to-date: /home/mael/ros2_ws/install/baxter_maintenance_msgs/share/baxter_maintenance_msgs/cmake/export_baxter_maintenance_msgs__rosidl_typesupport_fastrtps_cExport.cmake
[3.288s] -- Up-to-date: /home/mael/ros2_ws/install/baxter_maintenance_msgs/share/baxter_maintenance_msgs/cmake/export_baxter_maintenance_msgs__rosidl_typesupport_fastrtps_cExport-noconfig.cmake
[3.288s] -- Up-to-date: /home/mael/ros2_ws/install/baxter_maintenance_msgs/share/baxter_maintenance_msgs/cmake/baxter_maintenance_msgs__rosidl_typesupport_introspection_cExport.cmake
[3.288s] -- Up-to-date: /home/mael/ros2_ws/install/baxter_maintenance_msgs/share/baxter_maintenance_msgs/cmake/baxter_maintenance_msgs__rosidl_typesupport_introspection_cExport-noconfig.cmake
[3.288s] -- Up-to-date: /home/mael/ros2_ws/install/baxter_maintenance_msgs/share/baxter_maintenance_msgs/cmake/baxter_maintenance_msgs__rosidl_typesupport_cExport.cmake
[3.288s] -- Up-to-date: /home/mael/ros2_ws/install/baxter_maintenance_msgs/share/baxter_maintenance_msgs/cmake/baxter_maintenance_msgs__rosidl_typesupport_cExport-noconfig.cmake
[3.289s] -- Up-to-date: /home/mael/ros2_ws/install/baxter_maintenance_msgs/share/baxter_maintenance_msgs/cmake/export_baxter_maintenance_msgs__rosidl_generator_cppExport.cmake
[3.289s] -- Up-to-date: /home/mael/ros2_ws/install/baxter_maintenance_msgs/share/baxter_maintenance_msgs/cmake/export_baxter_maintenance_msgs__rosidl_typesupport_fastrtps_cppExport.cmake
[3.289s] -- Up-to-date: /home/mael/ros2_ws/install/baxter_maintenance_msgs/share/baxter_maintenance_msgs/cmake/export_baxter_maintenance_msgs__rosidl_typesupport_fastrtps_cppExport-noconfig.cmake
[3.289s] -- Up-to-date: /home/mael/ros2_ws/install/baxter_maintenance_msgs/share/baxter_maintenance_msgs/cmake/baxter_maintenance_msgs__rosidl_typesupport_introspection_cppExport.cmake
[3.289s] -- Up-to-date: /home/mael/ros2_ws/install/baxter_maintenance_msgs/share/baxter_maintenance_msgs/cmake/baxter_maintenance_msgs__rosidl_typesupport_introspection_cppExport-noconfig.cmake
[3.289s] -- Up-to-date: /home/mael/ros2_ws/install/baxter_maintenance_msgs/share/baxter_maintenance_msgs/cmake/baxter_maintenance_msgs__rosidl_typesupport_cppExport.cmake
[3.289s] -- Up-to-date: /home/mael/ros2_ws/install/baxter_maintenance_msgs/share/baxter_maintenance_msgs/cmake/baxter_maintenance_msgs__rosidl_typesupport_cppExport-noconfig.cmake
[3.289s] -- Up-to-date: /home/mael/ros2_ws/install/baxter_maintenance_msgs/share/baxter_maintenance_msgs/cmake/export_baxter_maintenance_msgs__rosidl_generator_pyExport.cmake
[3.289s] -- Up-to-date: /home/mael/ros2_ws/install/baxter_maintenance_msgs/share/baxter_maintenance_msgs/cmake/export_baxter_maintenance_msgs__rosidl_generator_pyExport-noconfig.cmake
[3.473s] Invoked command in '/home/mael/ros2_ws/build/baxter_maintenance_msgs' returned '0': CMAKE_PREFIX_PATH=${CMAKE_PREFIX_PATH}:/home/mael/ros2_ws/install/ros_tcp_endpoint:/home/mael/ros2_ws/install/baxter_joint_controller:/home/mael/ros2_ws/install/baxter_6dof_vr:/opt/ros/humble /usr/bin/cmake --install /home/mael/ros2_ws/build/baxter_maintenance_msgs
