[23.817s] Invoking command in '/home/mael/ros2_ws/build/ros_tcp_endpoint': PYTHONPATH=/home/mael/ros2_ws/build/ros_tcp_endpoint/prefix_override:/home/mael/ros2_ws/install/ros_tcp_endpoint/lib/python3.10/site-packages:${PYTHONPATH} /usr/bin/python3 setup.py develop --editable --build-directory /home/mael/ros2_ws/build/ros_tcp_endpoint/build --no-deps install_data
[23.909s] /usr/lib/python3/dist-packages/setuptools/dist.py:723: UserWarning: Usage of dash-separated 'script-dir' will not be supported in future versions. Please use the underscore name 'script_dir' instead
[23.909s]   warnings.warn(
[23.938s] running develop
[24.034s] /usr/lib/python3/dist-packages/setuptools/command/easy_install.py:158: EasyInstallDeprecationWarning: easy_install command is deprecated. Use build and pip and other standards-based tools.
[24.035s]   warnings.warn(
[24.145s] /usr/lib/python3/dist-packages/setuptools/command/install.py:34: SetuptoolsDeprecationWarning: setup.py install is deprecated. Use build and pip and other standards-based tools.
[24.146s]   warnings.warn(
[24.673s] /usr/lib/python3/dist-packages/pkg_resources/__init__.py:116: PkgResourcesDeprecationWarning: 1.16.0-unknown is an invalid version and will not be supported in a future release
[24.673s]   warnings.warn(
[24.674s] /usr/lib/python3/dist-packages/pkg_resources/__init__.py:116: PkgResourcesDeprecationWarning: 0.1.43ubuntu1 is an invalid version and will not be supported in a future release
[24.674s]   warnings.warn(
[24.680s] /usr/lib/python3/dist-packages/pkg_resources/__init__.py:116: PkgResourcesDeprecationWarning: 1.1build1 is an invalid version and will not be supported in a future release
[24.680s]   warnings.warn(
[24.811s] running egg_info
[24.811s] writing ros_tcp_endpoint.egg-info/PKG-INFO
[25.111s] writing dependency_links to ros_tcp_endpoint.egg-info/dependency_links.txt
[25.715s] writing entry points to ros_tcp_endpoint.egg-info/entry_points.txt
[25.715s] writing requirements to ros_tcp_endpoint.egg-info/requires.txt
[25.716s] writing top-level names to ros_tcp_endpoint.egg-info/top_level.txt
[25.717s] reading manifest file 'ros_tcp_endpoint.egg-info/SOURCES.txt'
[25.718s] writing manifest file 'ros_tcp_endpoint.egg-info/SOURCES.txt'
[26.072s] running build_ext
[26.072s] Creating /home/mael/ros2_ws/install/ros_tcp_endpoint/lib/python3.10/site-packages/ros-tcp-endpoint.egg-link (link to .)
[26.284s] Installing default_server_endpoint script to /home/mael/ros2_ws/install/ros_tcp_endpoint/lib/ros_tcp_endpoint
[26.286s] 
[26.286s] Installed /home/mael/ros2_ws/build/ros_tcp_endpoint
[26.287s] running install_data
[31.811s] Invoked command in '/home/mael/ros2_ws/build/ros_tcp_endpoint' returned '0': PYTHONPATH=/home/mael/ros2_ws/build/ros_tcp_endpoint/prefix_override:/home/mael/ros2_ws/install/ros_tcp_endpoint/lib/python3.10/site-packages:${PYTHONPATH} /usr/bin/python3 setup.py develop --editable --build-directory /home/mael/ros2_ws/build/ros_tcp_endpoint/build --no-deps install_data
