[0.297s] Invoking command in '/home/mael/ros2_ws/build/zed_components': CMAKE_PREFIX_PATH=/home/mael/ros2_ws/install/zed_interfaces:/home/mael/ros2_ws/install/zed_ros2:/home/mael/ros2_ws/install/zed_wrapper:/home/mael/ros2_ws/install/zed_components:/home/mael/ros2_ws/install/baxter_moveit_ros2:/home/mael/ros2_ws/install/baxter_description:/home/mael/ros2_ws/install/rethink_ee_description:/home/mael/ros2_ws/install/perception_pcl:/home/mael/ros2_ws/install/pcl_ros:/home/mael/ros2_ws/install/pcl_conversions:/home/mael/ros2_ws/install/baxter_maintenance_msgs:/home/mael/ros2_ws/install/baxter_core_msgs:/home/mael/ros2_ws/install/apriltag_ros_pose:/home/mael/ros2_ws/install/apriltag_ros2:/home/mael/ros2_ws/install/ros_tcp_endpoint:/home/mael/ros2_ws/install/baxter_joint_controller:/home/mael/ros2_ws/install/baxter_6dof_vr:/opt/ros/humble LD_LIBRARY_PATH=/home/mael/ros2_ws/install/zed_interfaces/lib:/home/mael/ros2_ws/install/zed_components/lib:/home/mael/ros2_ws/install/pcl_ros/lib:/home/mael/ros2_ws/install/baxter_maintenance_msgs/lib:/home/mael/ros2_ws/install/baxter_core_msgs/lib:/home/mael/ros2_ws/install/apriltag_ros_pose/lib:/home/mael/ros2_ws/install/apriltag_ros2/lib:/opt/ros/humble/opt/rviz_ogre_vendor/lib:/opt/ros/humble/lib/x86_64-linux-gnu:/opt/ros/humble/lib /usr/bin/cmake --build /home/mael/ros2_ws/build/zed_components -- -j8 -l8
[0.630s] [100%] Built target zed_camera_component
[0.631s] Invoked command in '/home/mael/ros2_ws/build/zed_components' returned '0': CMAKE_PREFIX_PATH=/home/mael/ros2_ws/install/zed_interfaces:/home/mael/ros2_ws/install/zed_ros2:/home/mael/ros2_ws/install/zed_wrapper:/home/mael/ros2_ws/install/zed_components:/home/mael/ros2_ws/install/baxter_moveit_ros2:/home/mael/ros2_ws/install/baxter_description:/home/mael/ros2_ws/install/rethink_ee_description:/home/mael/ros2_ws/install/perception_pcl:/home/mael/ros2_ws/install/pcl_ros:/home/mael/ros2_ws/install/pcl_conversions:/home/mael/ros2_ws/install/baxter_maintenance_msgs:/home/mael/ros2_ws/install/baxter_core_msgs:/home/mael/ros2_ws/install/apriltag_ros_pose:/home/mael/ros2_ws/install/apriltag_ros2:/home/mael/ros2_ws/install/ros_tcp_endpoint:/home/mael/ros2_ws/install/baxter_joint_controller:/home/mael/ros2_ws/install/baxter_6dof_vr:/opt/ros/humble LD_LIBRARY_PATH=/home/mael/ros2_ws/install/zed_interfaces/lib:/home/mael/ros2_ws/install/zed_components/lib:/home/mael/ros2_ws/install/pcl_ros/lib:/home/mael/ros2_ws/install/baxter_maintenance_msgs/lib:/home/mael/ros2_ws/install/baxter_core_msgs/lib:/home/mael/ros2_ws/install/apriltag_ros_pose/lib:/home/mael/ros2_ws/install/apriltag_ros2/lib:/opt/ros/humble/opt/rviz_ogre_vendor/lib:/opt/ros/humble/lib/x86_64-linux-gnu:/opt/ros/humble/lib /usr/bin/cmake --build /home/mael/ros2_ws/build/zed_components -- -j8 -l8
[1.272s] Invoking command in '/home/mael/ros2_ws/build/zed_components': CMAKE_PREFIX_PATH=/home/mael/ros2_ws/install/zed_interfaces:/home/mael/ros2_ws/install/zed_ros2:/home/mael/ros2_ws/install/zed_wrapper:/home/mael/ros2_ws/install/zed_components:/home/mael/ros2_ws/install/baxter_moveit_ros2:/home/mael/ros2_ws/install/baxter_description:/home/mael/ros2_ws/install/rethink_ee_description:/home/mael/ros2_ws/install/perception_pcl:/home/mael/ros2_ws/install/pcl_ros:/home/mael/ros2_ws/install/pcl_conversions:/home/mael/ros2_ws/install/baxter_maintenance_msgs:/home/mael/ros2_ws/install/baxter_core_msgs:/home/mael/ros2_ws/install/apriltag_ros_pose:/home/mael/ros2_ws/install/apriltag_ros2:/home/mael/ros2_ws/install/ros_tcp_endpoint:/home/mael/ros2_ws/install/baxter_joint_controller:/home/mael/ros2_ws/install/baxter_6dof_vr:/opt/ros/humble LD_LIBRARY_PATH=/home/mael/ros2_ws/install/zed_interfaces/lib:/home/mael/ros2_ws/install/zed_components/lib:/home/mael/ros2_ws/install/pcl_ros/lib:/home/mael/ros2_ws/install/baxter_maintenance_msgs/lib:/home/mael/ros2_ws/install/baxter_core_msgs/lib:/home/mael/ros2_ws/install/apriltag_ros_pose/lib:/home/mael/ros2_ws/install/apriltag_ros2/lib:/opt/ros/humble/opt/rviz_ogre_vendor/lib:/opt/ros/humble/lib/x86_64-linux-gnu:/opt/ros/humble/lib /usr/bin/cmake --install /home/mael/ros2_ws/build/zed_components
[1.284s] -- Install configuration: "Release"
[1.285s] -- Execute custom install script
[1.285s] -- Up-to-date symlink: /home/mael/ros2_ws/install/zed_components/lib/libzed_camera_component.so
[1.286s] -- Up-to-date symlink: /home/mael/ros2_ws/install/zed_components/include/zed_components//cost_traversability.hpp
[1.286s] -- Up-to-date symlink: /home/mael/ros2_ws/install/zed_components/include/zed_components//sl_types.hpp
[1.286s] -- Up-to-date symlink: /home/mael/ros2_ws/install/zed_components/include/zed_components//zed_camera_component.hpp
[1.286s] -- Up-to-date symlink: /home/mael/ros2_ws/install/zed_components/include/zed_components//sl_logging.hpp
[1.286s] -- Up-to-date symlink: /home/mael/ros2_ws/install/zed_components/include/zed_components//sl_tools.hpp
[1.286s] -- Up-to-date symlink: /home/mael/ros2_ws/install/zed_components/include/zed_components//sl_win_avg.hpp
[1.286s] -- Up-to-date symlink: /home/mael/ros2_ws/install/zed_components/include/zed_components//visibility_control.hpp
[1.287s] -- Up-to-date symlink: /home/mael/ros2_ws/install/zed_components/share/zed_components/environment/library_path.sh
[1.287s] -- Up-to-date symlink: /home/mael/ros2_ws/install/zed_components/share/zed_components/environment/library_path.dsv
[1.287s] -- Up-to-date symlink: /home/mael/ros2_ws/install/zed_components/share/ament_index/resource_index/package_run_dependencies/zed_components
[1.287s] -- Up-to-date symlink: /home/mael/ros2_ws/install/zed_components/share/ament_index/resource_index/parent_prefix_path/zed_components
[1.287s] -- Up-to-date symlink: /home/mael/ros2_ws/install/zed_components/share/zed_components/environment/ament_prefix_path.sh
[1.287s] -- Up-to-date symlink: /home/mael/ros2_ws/install/zed_components/share/zed_components/environment/ament_prefix_path.dsv
[1.287s] -- Up-to-date symlink: /home/mael/ros2_ws/install/zed_components/share/zed_components/environment/path.sh
[1.287s] -- Up-to-date symlink: /home/mael/ros2_ws/install/zed_components/share/zed_components/environment/path.dsv
[1.288s] -- Up-to-date symlink: /home/mael/ros2_ws/install/zed_components/share/zed_components/local_setup.bash
[1.288s] -- Up-to-date symlink: /home/mael/ros2_ws/install/zed_components/share/zed_components/local_setup.sh
[1.288s] -- Up-to-date symlink: /home/mael/ros2_ws/install/zed_components/share/zed_components/local_setup.zsh
[1.288s] -- Up-to-date symlink: /home/mael/ros2_ws/install/zed_components/share/zed_components/local_setup.dsv
[1.288s] -- Symlinking: /home/mael/ros2_ws/install/zed_components/share/zed_components/package.dsv
[1.301s] -- Up-to-date symlink: /home/mael/ros2_ws/install/zed_components/share/ament_index/resource_index/packages/zed_components
[1.302s] -- Up-to-date symlink: /home/mael/ros2_ws/install/zed_components/share/ament_index/resource_index/rclcpp_components/zed_components
[1.302s] -- Up-to-date symlink: /home/mael/ros2_ws/install/zed_components/share/zed_components/cmake/ament_cmake_export_include_directories-extras.cmake
[1.303s] -- Up-to-date symlink: /home/mael/ros2_ws/install/zed_components/share/zed_components/cmake/ament_cmake_export_libraries-extras.cmake
[1.303s] -- Up-to-date symlink: /home/mael/ros2_ws/install/zed_components/share/zed_components/cmake/ament_cmake_export_dependencies-extras.cmake
[1.303s] -- Up-to-date symlink: /home/mael/ros2_ws/install/zed_components/share/zed_components/cmake/zed_componentsConfig.cmake
[1.303s] -- Up-to-date symlink: /home/mael/ros2_ws/install/zed_components/share/zed_components/cmake/zed_componentsConfig-version.cmake
[1.303s] -- Up-to-date symlink: /home/mael/ros2_ws/install/zed_components/share/zed_components/package.xml
[1.310s] Invoked command in '/home/mael/ros2_ws/build/zed_components' returned '0': CMAKE_PREFIX_PATH=/home/mael/ros2_ws/install/zed_interfaces:/home/mael/ros2_ws/install/zed_ros2:/home/mael/ros2_ws/install/zed_wrapper:/home/mael/ros2_ws/install/zed_components:/home/mael/ros2_ws/install/baxter_moveit_ros2:/home/mael/ros2_ws/install/baxter_description:/home/mael/ros2_ws/install/rethink_ee_description:/home/mael/ros2_ws/install/perception_pcl:/home/mael/ros2_ws/install/pcl_ros:/home/mael/ros2_ws/install/pcl_conversions:/home/mael/ros2_ws/install/baxter_maintenance_msgs:/home/mael/ros2_ws/install/baxter_core_msgs:/home/mael/ros2_ws/install/apriltag_ros_pose:/home/mael/ros2_ws/install/apriltag_ros2:/home/mael/ros2_ws/install/ros_tcp_endpoint:/home/mael/ros2_ws/install/baxter_joint_controller:/home/mael/ros2_ws/install/baxter_6dof_vr:/opt/ros/humble LD_LIBRARY_PATH=/home/mael/ros2_ws/install/zed_interfaces/lib:/home/mael/ros2_ws/install/zed_components/lib:/home/mael/ros2_ws/install/pcl_ros/lib:/home/mael/ros2_ws/install/baxter_maintenance_msgs/lib:/home/mael/ros2_ws/install/baxter_core_msgs/lib:/home/mael/ros2_ws/install/apriltag_ros_pose/lib:/home/mael/ros2_ws/install/apriltag_ros2/lib:/opt/ros/humble/opt/rviz_ogre_vendor/lib:/opt/ros/humble/lib/x86_64-linux-gnu:/opt/ros/humble/lib /usr/bin/cmake --install /home/mael/ros2_ws/build/zed_components
