[2.275s] Invoking command in '/home/mael/ros2_ws/build/pcl_conversions': CMAKE_PREFIX_PATH=${CMAKE_PREFIX_PATH}:/home/mael/ros2_ws/install/ros_tcp_endpoint:/home/mael/ros2_ws/install/baxter_joint_controller:/home/mael/ros2_ws/install/baxter_6dof_vr:/opt/ros/humble /usr/bin/cmake --build /home/mael/ros2_ws/build/pcl_conversions -- -j8 -l8
[2.864s] [ 33%] Built target gtest
[2.864s] [ 66%] Built target gtest_main
[2.864s] [100%] Built target pcl_conversions-test
[3.392s] Invoked command in '/home/mael/ros2_ws/build/pcl_conversions' returned '0': CMAKE_PREFIX_PATH=${CMAKE_PREFIX_PATH}:/home/mael/ros2_ws/install/ros_tcp_endpoint:/home/mael/ros2_ws/install/baxter_joint_controller:/home/mael/ros2_ws/install/baxter_6dof_vr:/opt/ros/humble /usr/bin/cmake --build /home/mael/ros2_ws/build/pcl_conversions -- -j8 -l8
[3.439s] Invoking command in '/home/mael/ros2_ws/build/pcl_conversions': CMAKE_PREFIX_PATH=${CMAKE_PREFIX_PATH}:/home/mael/ros2_ws/install/ros_tcp_endpoint:/home/mael/ros2_ws/install/baxter_joint_controller:/home/mael/ros2_ws/install/baxter_6dof_vr:/opt/ros/humble /usr/bin/cmake --install /home/mael/ros2_ws/build/pcl_conversions
[3.448s] -- Install configuration: ""
[3.449s] -- Execute custom install script
[3.449s] -- Up-to-date symlink: /home/mael/ros2_ws/install/pcl_conversions/include/pcl_conversions/pcl_conversions/pcl_conversions.h
[3.450s] -- Up-to-date symlink: /home/mael/ros2_ws/install/pcl_conversions/share/ament_index/resource_index/package_run_dependencies/pcl_conversions
[3.451s] -- Up-to-date symlink: /home/mael/ros2_ws/install/pcl_conversions/share/ament_index/resource_index/parent_prefix_path/pcl_conversions
[3.451s] -- Up-to-date symlink: /home/mael/ros2_ws/install/pcl_conversions/share/pcl_conversions/environment/ament_prefix_path.sh
[3.452s] -- Up-to-date symlink: /home/mael/ros2_ws/install/pcl_conversions/share/pcl_conversions/environment/ament_prefix_path.dsv
[3.452s] -- Up-to-date symlink: /home/mael/ros2_ws/install/pcl_conversions/share/pcl_conversions/environment/path.sh
[3.452s] -- Up-to-date symlink: /home/mael/ros2_ws/install/pcl_conversions/share/pcl_conversions/environment/path.dsv
[3.453s] -- Up-to-date symlink: /home/mael/ros2_ws/install/pcl_conversions/share/pcl_conversions/local_setup.bash
[3.453s] -- Up-to-date symlink: /home/mael/ros2_ws/install/pcl_conversions/share/pcl_conversions/local_setup.sh
[3.454s] -- Up-to-date symlink: /home/mael/ros2_ws/install/pcl_conversions/share/pcl_conversions/local_setup.zsh
[3.454s] -- Up-to-date symlink: /home/mael/ros2_ws/install/pcl_conversions/share/pcl_conversions/local_setup.dsv
[3.454s] -- Symlinking: /home/mael/ros2_ws/install/pcl_conversions/share/pcl_conversions/package.dsv
[3.465s] -- Up-to-date symlink: /home/mael/ros2_ws/install/pcl_conversions/share/ament_index/resource_index/packages/pcl_conversions
[3.465s] -- Up-to-date symlink: /home/mael/ros2_ws/install/pcl_conversions/share/pcl_conversions/cmake/ament_cmake_export_include_directories-extras.cmake
[3.465s] -- Up-to-date symlink: /home/mael/ros2_ws/install/pcl_conversions/share/pcl_conversions/cmake/ament_cmake_export_dependencies-extras.cmake
[3.465s] -- Up-to-date symlink: /home/mael/ros2_ws/install/pcl_conversions/share/pcl_conversions/cmake/pcl_conversionsConfig.cmake
[3.465s] -- Up-to-date symlink: /home/mael/ros2_ws/install/pcl_conversions/share/pcl_conversions/cmake/pcl_conversionsConfig-version.cmake
[3.466s] -- Up-to-date symlink: /home/mael/ros2_ws/install/pcl_conversions/share/pcl_conversions/package.xml
[3.470s] Invoked command in '/home/mael/ros2_ws/build/pcl_conversions' returned '0': CMAKE_PREFIX_PATH=${CMAKE_PREFIX_PATH}:/home/mael/ros2_ws/install/ros_tcp_endpoint:/home/mael/ros2_ws/install/baxter_joint_controller:/home/mael/ros2_ws/install/baxter_6dof_vr:/opt/ros/humble /usr/bin/cmake --install /home/mael/ros2_ws/build/pcl_conversions
