[0.806s] Invoking command in '/home/mael/ros2_ws/build/moveit_servo_baxter': CMAKE_PREFIX_PATH=${CMAKE_PREFIX_PATH}:/home/mael/ros2_ws/install/ros_tcp_endpoint:/home/mael/ros2_ws/install/baxter_joint_controller:/home/mael/ros2_ws/install/baxter_6dof_vr:/opt/ros/humble /usr/bin/cmake /home/mael/ros2_ws/src/moveit_servo_baxter -DAMENT_CMAKE_SYMLINK_INSTALL=1 -DCMAKE_INSTALL_PREFIX=/home/mael/ros2_ws/install/moveit_servo_baxter
[1.608s] -- The CXX compiler identification is GNU 11.3.0
[1.702s] -- Detecting CXX compiler ABI info
[1.894s] -- Detecting CXX compiler ABI info - done
[1.908s] -- Check for working CXX compiler: /usr/bin/c++ - skipped
[1.927s] -- Detecting CXX compile features
[1.963s] -- Detecting CXX compile features - done
[2.045s] -- Found moveit_common: 2.5.4 (/opt/ros/humble/share/moveit_common/cmake)
[2.141s] -- Found ament_cmake: 1.3.5 (/opt/ros/humble/share/ament_cmake/cmake)
[3.000s] -- Found Python3: /usr/bin/python3.10 (found version "3.10.6") found components: Interpreter 
[3.337s] -- Override CMake install command with custom implementation using symlinks instead of copying resources
[7.122s] -- Found libdw: /usr/lib/x86_64-linux-gnu/libdw.so  
[7.122s] -- Could NOT find libbfd (missing: LIBBFD_LIBRARY LIBBFD_INCLUDE_DIR) 
[7.122s] -- BACKWARD_HAS_UNWIND=1
[7.122s] -- BACKWARD_HAS_BACKTRACE=0
[7.123s] -- BACKWARD_HAS_BACKTRACE_SYMBOL=0
[7.123s] -- BACKWARD_HAS_DW=1
[7.123s] -- BACKWARD_HAS_BFD=0
[7.123s] -- Found Backward: /opt/ros/humble/share/backward_ros/cmake  
[7.123s] [0mmoveit_servo_baxter: You did not request a specific build type: Choosing 'Release' for maximum performance[0m
[7.225s] -- Found eigen3_cmake_module: 0.1.1 (/opt/ros/humble/share/eigen3_cmake_module/cmake)
[7.534s] -- Found Eigen3: TRUE (found version "3.4.0") 
[7.726s] -- Found generate_parameter_library: 0.3.3 (/opt/ros/humble/share/generate_parameter_library/cmake)
[8.083s] -- Found parameter_traits: 0.3.3 (/opt/ros/humble/share/parameter_traits/cmake)
[16.296s] -- Found rosidl_generator_c: 3.1.4 (/opt/ros/humble/share/rosidl_generator_c/cmake)
[16.530s] -- Found rosidl_adapter: 3.1.4 (/opt/ros/humble/share/rosidl_adapter/cmake)
[17.590s] -- Found rosidl_generator_cpp: 3.1.4 (/opt/ros/humble/share/rosidl_generator_cpp/cmake)
[18.472s] -- Using all available rosidl_typesupport_c: rosidl_typesupport_fastrtps_c;rosidl_typesupport_introspection_c
[19.595s] -- Using all available rosidl_typesupport_cpp: rosidl_typesupport_fastrtps_cpp;rosidl_typesupport_introspection_cpp
[26.039s] -- Found rmw_implementation_cmake: 6.1.1 (/opt/ros/humble/share/rmw_implementation_cmake/cmake)
[26.529s] -- Found rmw_fastrtps_cpp: 6.2.2 (/opt/ros/humble/share/rmw_fastrtps_cpp/cmake)
[29.553s] -- Found OpenSSL: /usr/lib/x86_64-linux-gnu/libcrypto.so (found version "3.0.2")  
[29.719s] -- Found FastRTPS: /opt/ros/humble/include  
[30.002s] -- Using RMW implementation 'rmw_fastrtps_cpp' as default
[30.577s] -- Looking for C++ include pthread.h
[31.685s] -- Looking for C++ include pthread.h - found
[31.685s] -- Performing Test CMAKE_HAVE_LIBC_PTHREAD
[32.262s] -- Performing Test CMAKE_HAVE_LIBC_PTHREAD - Success
[32.264s] -- Found Threads: TRUE  
[38.453s] -- Found rclcpp_lifecycle: 16.0.4 (/opt/ros/humble/share/rclcpp_lifecycle/cmake)
[39.858s] -- Found control_msgs: 4.4.0 (/opt/ros/humble/share/control_msgs/cmake)
[47.605s] -- Found control_toolbox: 3.1.0 (/opt/ros/humble/share/control_toolbox/cmake)
[49.719s] -- Found moveit_core: 2.5.4 (/opt/ros/humble/share/moveit_core/cmake)
[52.917s] -- Found Boost: /usr/lib/x86_64-linux-gnu/cmake/Boost-1.74.0/BoostConfig.cmake (found version "1.74.0") found components: chrono date_time filesystem iostreams program_options regex serialization system thread 
[53.911s] -- Found Boost: /usr/lib/x86_64-linux-gnu/cmake/Boost-1.74.0/BoostConfig.cmake (found version "1.74.0") found components: filesystem 
[56.749s] -- library: /usr/lib/x86_64-linux-gnu/libcurl.so
[61.373s] -- Ensuring Eigen3 include directory is part of orocos-kdl CMake target
[81.500s] -- Found moveit_ros_planning: 2.5.4 (/opt/ros/humble/share/moveit_ros_planning/cmake)
[81.512s] -- Found Boost: /usr/lib/x86_64-linux-gnu/cmake/Boost-1.74.0/BoostConfig.cmake (found version "1.74.0") found components: system filesystem date_time program_options thread chrono 
[82.454s] -- Found std_srvs: 4.2.3 (/opt/ros/humble/share/std_srvs/cmake)
[83.555s] -- Found ament_lint_auto: 0.12.6 (/opt/ros/humble/share/ament_lint_auto/cmake)
[83.728s] -- Found ament_cmake_gtest: 1.3.5 (/opt/ros/humble/share/ament_cmake_gtest/cmake)
[83.953s] [31mCMake Error at CMakeLists.txt:145 (find_package):
[83.954s]   By not providing "Findros_testing.cmake" in CMAKE_MODULE_PATH this project
[83.954s]   has asked CMake to find a package configuration file provided by
[83.954s]   "ros_testing", but CMake did not find one.
[83.954s] 
[83.954s]   Could not find a package configuration file provided by "ros_testing" with
[83.954s]   any of the following names:
[83.954s] 
[83.954s]     ros_testingConfig.cmake
[83.954s]     ros_testing-config.cmake
[83.954s] 
[83.954s]   Add the installation prefix of "ros_testing" to CMAKE_PREFIX_PATH or set
[83.955s]   "ros_testing_DIR" to a directory containing one of the above files.  If
[83.955s]   "ros_testing" provides a separate development package or SDK, be sure it
[83.955s]   has been installed.
[83.955s] 
[83.955s] [0m
[83.955s] -- Configuring incomplete, errors occurred!
[83.955s] See also "/home/mael/ros2_ws/build/moveit_servo_baxter/CMakeFiles/CMakeOutput.log".
[83.966s] Invoked command in '/home/mael/ros2_ws/build/moveit_servo_baxter' returned '1': CMAKE_PREFIX_PATH=${CMAKE_PREFIX_PATH}:/home/mael/ros2_ws/install/ros_tcp_endpoint:/home/mael/ros2_ws/install/baxter_joint_controller:/home/mael/ros2_ws/install/baxter_6dof_vr:/opt/ros/humble /usr/bin/cmake /home/mael/ros2_ws/src/moveit_servo_baxter -DAMENT_CMAKE_SYMLINK_INSTALL=1 -DCMAKE_INSTALL_PREFIX=/home/mael/ros2_ws/install/moveit_servo_baxter
