[0.543s] Invoking command in '/home/mael/ros2_ws/build/pcl_ros': CMAKE_PREFIX_PATH=/home/mael/ros2_ws/install/pcl_conversions:/home/mael/ros2_ws/install/zed_ros2:/home/mael/ros2_ws/install/zed_wrapper:/home/mael/ros2_ws/install/zed_components:/home/mael/ros2_ws/install/zed_interfaces:/home/mael/ros2_ws/install/baxter_moveit_ros2:/home/mael/ros2_ws/install/baxter_description:/home/mael/ros2_ws/install/rethink_ee_description:/home/mael/ros2_ws/install/perception_pcl:/home/mael/ros2_ws/install/pcl_ros:/home/mael/ros2_ws/install/baxter_maintenance_msgs:/home/mael/ros2_ws/install/baxter_core_msgs:/home/mael/ros2_ws/install/apriltag_ros_pose:/home/mael/ros2_ws/install/apriltag_ros2:/home/mael/ros2_ws/install/ros_tcp_endpoint:/home/mael/ros2_ws/install/baxter_joint_controller:/home/mael/ros2_ws/install/baxter_6dof_vr:/opt/ros/humble /usr/bin/cmake --build /home/mael/ros2_ws/build/pcl_ros -- -j8 -l8
[1.132s] [  6%] Built target filter_passthrough_node
[1.132s] [ 12%] Built target filter_statistical_outlier_removal_node
[1.132s] [ 19%] Built target filter_extract_indices_node
[1.132s] [ 25%] Built target pcl_ros_tf
[1.132s] [ 32%] Built target filter_radius_outlier_removal_node
[1.132s] [ 38%] Built target filter_project_inliers_node
[1.132s] [ 45%] Built target filter_crop_box_node
[1.133s] [ 51%] Built target filter_voxel_grid_node
[1.133s] [ 58%] Built target pcd_to_pointcloud
[1.133s] [ 64%] Built target dummy_topics
[1.133s] [ 70%] Built target pcd_to_pointcloud_lib
[1.133s] [100%] Built target pcl_ros_filters
[1.614s] Invoked command in '/home/mael/ros2_ws/build/pcl_ros' returned '0': CMAKE_PREFIX_PATH=/home/mael/ros2_ws/install/pcl_conversions:/home/mael/ros2_ws/install/zed_ros2:/home/mael/ros2_ws/install/zed_wrapper:/home/mael/ros2_ws/install/zed_components:/home/mael/ros2_ws/install/zed_interfaces:/home/mael/ros2_ws/install/baxter_moveit_ros2:/home/mael/ros2_ws/install/baxter_description:/home/mael/ros2_ws/install/rethink_ee_description:/home/mael/ros2_ws/install/perception_pcl:/home/mael/ros2_ws/install/pcl_ros:/home/mael/ros2_ws/install/baxter_maintenance_msgs:/home/mael/ros2_ws/install/baxter_core_msgs:/home/mael/ros2_ws/install/apriltag_ros_pose:/home/mael/ros2_ws/install/apriltag_ros2:/home/mael/ros2_ws/install/ros_tcp_endpoint:/home/mael/ros2_ws/install/baxter_joint_controller:/home/mael/ros2_ws/install/baxter_6dof_vr:/opt/ros/humble /usr/bin/cmake --build /home/mael/ros2_ws/build/pcl_ros -- -j8 -l8
[3.586s] Invoking command in '/home/mael/ros2_ws/build/pcl_ros': CMAKE_PREFIX_PATH=/home/mael/ros2_ws/install/pcl_conversions:/home/mael/ros2_ws/install/zed_ros2:/home/mael/ros2_ws/install/zed_wrapper:/home/mael/ros2_ws/install/zed_components:/home/mael/ros2_ws/install/zed_interfaces:/home/mael/ros2_ws/install/baxter_moveit_ros2:/home/mael/ros2_ws/install/baxter_description:/home/mael/ros2_ws/install/rethink_ee_description:/home/mael/ros2_ws/install/perception_pcl:/home/mael/ros2_ws/install/pcl_ros:/home/mael/ros2_ws/install/baxter_maintenance_msgs:/home/mael/ros2_ws/install/baxter_core_msgs:/home/mael/ros2_ws/install/apriltag_ros_pose:/home/mael/ros2_ws/install/apriltag_ros2:/home/mael/ros2_ws/install/ros_tcp_endpoint:/home/mael/ros2_ws/install/baxter_joint_controller:/home/mael/ros2_ws/install/baxter_6dof_vr:/opt/ros/humble /usr/bin/cmake --install /home/mael/ros2_ws/build/pcl_ros
[3.899s] -- Install configuration: ""
[3.899s] -- Execute custom install script
[3.899s] -- Up-to-date symlink: /home/mael/ros2_ws/install/pcl_ros/lib/pcl_ros/filter_extract_indices_node
[3.899s] -- Up-to-date symlink: /home/mael/ros2_ws/install/pcl_ros/lib/pcl_ros/filter_passthrough_node
[3.899s] -- Up-to-date symlink: /home/mael/ros2_ws/install/pcl_ros/lib/pcl_ros/filter_project_inliers_node
[3.899s] -- Up-to-date symlink: /home/mael/ros2_ws/install/pcl_ros/lib/pcl_ros/filter_radius_outlier_removal_node
[3.899s] -- Up-to-date symlink: /home/mael/ros2_ws/install/pcl_ros/lib/pcl_ros/filter_statistical_outlier_removal_node
[3.900s] -- Up-to-date symlink: /home/mael/ros2_ws/install/pcl_ros/lib/pcl_ros/filter_crop_box_node
[3.900s] -- Up-to-date symlink: /home/mael/ros2_ws/install/pcl_ros/lib/pcl_ros/filter_voxel_grid_node
[3.900s] -- Up-to-date symlink: /home/mael/ros2_ws/install/pcl_ros/lib/pcl_ros/pcd_to_pointcloud
[3.901s] -- Up-to-date symlink: /home/mael/ros2_ws/install/pcl_ros/include/pcl_ros/pcl_ros/features/boundary.hpp
[3.901s] -- Up-to-date symlink: /home/mael/ros2_ws/install/pcl_ros/include/pcl_ros/pcl_ros/features/feature.hpp
[3.902s] -- Up-to-date symlink: /home/mael/ros2_ws/install/pcl_ros/include/pcl_ros/pcl_ros/features/fpfh.hpp
[3.902s] -- Up-to-date symlink: /home/mael/ros2_ws/install/pcl_ros/include/pcl_ros/pcl_ros/features/fpfh_omp.hpp
[3.902s] -- Up-to-date symlink: /home/mael/ros2_ws/install/pcl_ros/include/pcl_ros/pcl_ros/features/moment_invariants.hpp
[3.902s] -- Up-to-date symlink: /home/mael/ros2_ws/install/pcl_ros/include/pcl_ros/pcl_ros/features/normal_3d.hpp
[3.902s] -- Up-to-date symlink: /home/mael/ros2_ws/install/pcl_ros/include/pcl_ros/pcl_ros/features/normal_3d_omp.hpp
[3.902s] -- Up-to-date symlink: /home/mael/ros2_ws/install/pcl_ros/include/pcl_ros/pcl_ros/features/normal_3d_tbb.hpp
[3.902s] -- Up-to-date symlink: /home/mael/ros2_ws/install/pcl_ros/include/pcl_ros/pcl_ros/features/pfh.hpp
[3.902s] -- Up-to-date symlink: /home/mael/ros2_ws/install/pcl_ros/include/pcl_ros/pcl_ros/features/principal_curvatures.hpp
[3.902s] -- Up-to-date symlink: /home/mael/ros2_ws/install/pcl_ros/include/pcl_ros/pcl_ros/features/shot.hpp
[3.902s] -- Up-to-date symlink: /home/mael/ros2_ws/install/pcl_ros/include/pcl_ros/pcl_ros/features/shot_omp.hpp
[3.902s] -- Up-to-date symlink: /home/mael/ros2_ws/install/pcl_ros/include/pcl_ros/pcl_ros/features/vfh.hpp
[3.903s] -- Up-to-date symlink: /home/mael/ros2_ws/install/pcl_ros/include/pcl_ros/pcl_ros/filters/crop_box.hpp
[3.903s] -- Up-to-date symlink: /home/mael/ros2_ws/install/pcl_ros/include/pcl_ros/pcl_ros/filters/extract_indices.hpp
[3.903s] -- Up-to-date symlink: /home/mael/ros2_ws/install/pcl_ros/include/pcl_ros/pcl_ros/filters/filter.hpp
[3.903s] -- Up-to-date symlink: /home/mael/ros2_ws/install/pcl_ros/include/pcl_ros/pcl_ros/filters/passthrough.hpp
[3.903s] -- Up-to-date symlink: /home/mael/ros2_ws/install/pcl_ros/include/pcl_ros/pcl_ros/filters/project_inliers.hpp
[3.903s] -- Up-to-date symlink: /home/mael/ros2_ws/install/pcl_ros/include/pcl_ros/pcl_ros/filters/radius_outlier_removal.hpp
[3.903s] -- Up-to-date symlink: /home/mael/ros2_ws/install/pcl_ros/include/pcl_ros/pcl_ros/filters/statistical_outlier_removal.hpp
[3.903s] -- Up-to-date symlink: /home/mael/ros2_ws/install/pcl_ros/include/pcl_ros/pcl_ros/filters/voxel_grid.hpp
[3.903s] -- Up-to-date symlink: /home/mael/ros2_ws/install/pcl_ros/include/pcl_ros/pcl_ros/impl/transforms.hpp
[3.903s] -- Up-to-date symlink: /home/mael/ros2_ws/install/pcl_ros/include/pcl_ros/pcl_ros/io/bag_io.hpp
[3.904s] -- Up-to-date symlink: /home/mael/ros2_ws/install/pcl_ros/include/pcl_ros/pcl_ros/io/concatenate_data.hpp
[3.904s] -- Up-to-date symlink: /home/mael/ros2_ws/install/pcl_ros/include/pcl_ros/pcl_ros/io/concatenate_fields.hpp
[3.904s] -- Up-to-date symlink: /home/mael/ros2_ws/install/pcl_ros/include/pcl_ros/pcl_ros/io/pcd_io.hpp
[3.904s] -- Up-to-date symlink: /home/mael/ros2_ws/install/pcl_ros/include/pcl_ros/pcl_ros/pcl_node.hpp
[3.904s] -- Up-to-date symlink: /home/mael/ros2_ws/install/pcl_ros/include/pcl_ros/pcl_ros/point_cloud.hpp
[3.904s] -- Up-to-date symlink: /home/mael/ros2_ws/install/pcl_ros/include/pcl_ros/pcl_ros/publisher.hpp
[3.904s] -- Up-to-date symlink: /home/mael/ros2_ws/install/pcl_ros/include/pcl_ros/pcl_ros/segmentation/extract_clusters.hpp
[3.904s] -- Up-to-date symlink: /home/mael/ros2_ws/install/pcl_ros/include/pcl_ros/pcl_ros/segmentation/extract_polygonal_prism_data.hpp
[3.904s] -- Up-to-date symlink: /home/mael/ros2_ws/install/pcl_ros/include/pcl_ros/pcl_ros/segmentation/sac_segmentation.hpp
[3.904s] -- Up-to-date symlink: /home/mael/ros2_ws/install/pcl_ros/include/pcl_ros/pcl_ros/segmentation/segment_differences.hpp
[3.904s] -- Up-to-date symlink: /home/mael/ros2_ws/install/pcl_ros/include/pcl_ros/pcl_ros/surface/convex_hull.hpp
[3.905s] -- Up-to-date symlink: /home/mael/ros2_ws/install/pcl_ros/include/pcl_ros/pcl_ros/surface/moving_least_squares.hpp
[3.905s] -- Up-to-date symlink: /home/mael/ros2_ws/install/pcl_ros/include/pcl_ros/pcl_ros/transforms.hpp
[3.905s] -- Up-to-date symlink: /home/mael/ros2_ws/install/pcl_ros/share/pcl_ros/plugins/nodelet/libpcl_ros_features.xml
[3.905s] -- Up-to-date symlink: /home/mael/ros2_ws/install/pcl_ros/share/pcl_ros/plugins/nodelet/libpcl_ros_filters.xml
[3.905s] -- Up-to-date symlink: /home/mael/ros2_ws/install/pcl_ros/share/pcl_ros/plugins/nodelet/libpcl_ros_io.xml
[3.905s] -- Up-to-date symlink: /home/mael/ros2_ws/install/pcl_ros/share/pcl_ros/plugins/nodelet/libpcl_ros_segmentation.xml
[3.905s] -- Up-to-date symlink: /home/mael/ros2_ws/install/pcl_ros/share/pcl_ros/plugins/nodelet/libpcl_ros_surface.xml
[3.905s] -- Up-to-date symlink: /home/mael/ros2_ws/install/pcl_ros/share/pcl_ros/samples/data/.gitignore
[3.905s] -- Up-to-date symlink: /home/mael/ros2_ws/install/pcl_ros/share/pcl_ros/samples/pcl_ros/features/sample_normal_3d.launch
[3.905s] -- Up-to-date symlink: /home/mael/ros2_ws/install/pcl_ros/share/pcl_ros/samples/pcl_ros/filters/config/statistical_outlier_removal.rviz
[3.905s] -- Up-to-date symlink: /home/mael/ros2_ws/install/pcl_ros/share/pcl_ros/samples/pcl_ros/filters/config/voxel_grid.rviz
[3.906s] -- Up-to-date symlink: /home/mael/ros2_ws/install/pcl_ros/share/pcl_ros/samples/pcl_ros/filters/sample_statistical_outlier_removal.launch
[3.906s] -- Up-to-date symlink: /home/mael/ros2_ws/install/pcl_ros/share/pcl_ros/samples/pcl_ros/filters/sample_voxel_grid.launch
[3.906s] -- Up-to-date symlink: /home/mael/ros2_ws/install/pcl_ros/share/pcl_ros/samples/pcl_ros/io/sample_concatenate_data.launch
[3.906s] -- Up-to-date symlink: /home/mael/ros2_ws/install/pcl_ros/share/pcl_ros/samples/pcl_ros/segmentation/sample_extract_clusters.launch
[3.906s] -- Up-to-date symlink: /home/mael/ros2_ws/install/pcl_ros/share/pcl_ros/samples/pcl_ros/surface/sample_convex_hull.launch
[3.907s] -- Up-to-date symlink: /home/mael/ros2_ws/install/pcl_ros/share/pcl_ros/environment/library_path.sh
[3.907s] -- Up-to-date symlink: /home/mael/ros2_ws/install/pcl_ros/share/pcl_ros/environment/library_path.dsv
[3.907s] -- Up-to-date symlink: /home/mael/ros2_ws/install/pcl_ros/share/ament_index/resource_index/package_run_dependencies/pcl_ros
[3.907s] -- Up-to-date symlink: /home/mael/ros2_ws/install/pcl_ros/share/ament_index/resource_index/parent_prefix_path/pcl_ros
[3.907s] -- Up-to-date symlink: /home/mael/ros2_ws/install/pcl_ros/share/pcl_ros/environment/ament_prefix_path.sh
[3.907s] -- Up-to-date symlink: /home/mael/ros2_ws/install/pcl_ros/share/pcl_ros/environment/ament_prefix_path.dsv
[3.907s] -- Up-to-date symlink: /home/mael/ros2_ws/install/pcl_ros/share/pcl_ros/environment/path.sh
[3.907s] -- Up-to-date symlink: /home/mael/ros2_ws/install/pcl_ros/share/pcl_ros/environment/path.dsv
[3.907s] -- Up-to-date symlink: /home/mael/ros2_ws/install/pcl_ros/share/pcl_ros/local_setup.bash
[3.908s] -- Up-to-date symlink: /home/mael/ros2_ws/install/pcl_ros/share/pcl_ros/local_setup.sh
[3.908s] -- Up-to-date symlink: /home/mael/ros2_ws/install/pcl_ros/share/pcl_ros/local_setup.zsh
[3.908s] -- Up-to-date symlink: /home/mael/ros2_ws/install/pcl_ros/share/pcl_ros/local_setup.dsv
[3.908s] -- Symlinking: /home/mael/ros2_ws/install/pcl_ros/share/pcl_ros/package.dsv
[3.908s] -- Up-to-date symlink: /home/mael/ros2_ws/install/pcl_ros/share/ament_index/resource_index/packages/pcl_ros
[3.908s] -- Up-to-date symlink: /home/mael/ros2_ws/install/pcl_ros/share/ament_index/resource_index/rclcpp_components/pcl_ros
[3.908s] -- Up-to-date symlink: /home/mael/ros2_ws/install/pcl_ros/share/pcl_ros/cmake/ament_cmake_export_include_directories-extras.cmake
[3.908s] -- Up-to-date symlink: /home/mael/ros2_ws/install/pcl_ros/share/pcl_ros/cmake/ament_cmake_export_libraries-extras.cmake
[3.908s] -- Up-to-date symlink: /home/mael/ros2_ws/install/pcl_ros/share/pcl_ros/cmake/ament_cmake_export_targets-extras.cmake
[3.909s] -- Up-to-date symlink: /home/mael/ros2_ws/install/pcl_ros/share/pcl_ros/cmake/ament_cmake_export_dependencies-extras.cmake
[3.909s] -- Up-to-date symlink: /home/mael/ros2_ws/install/pcl_ros/share/pcl_ros/cmake/pcl_rosConfig.cmake
[3.910s] -- Up-to-date symlink: /home/mael/ros2_ws/install/pcl_ros/share/pcl_ros/cmake/pcl_rosConfig-version.cmake
[3.911s] -- Up-to-date symlink: /home/mael/ros2_ws/install/pcl_ros/share/pcl_ros/package.xml
[3.911s] -- Up-to-date: /home/mael/ros2_ws/install/pcl_ros/lib/libpcl_ros_tf.a
[3.911s] -- Up-to-date: /home/mael/ros2_ws/install/pcl_ros/lib/libpcd_to_pointcloud_lib.so
[3.911s] -- Up-to-date: /home/mael/ros2_ws/install/pcl_ros/lib/libpcl_ros_filters.so
[3.911s] -- Up-to-date: /home/mael/ros2_ws/install/pcl_ros/share/pcl_ros/cmake/export_pcl_rosExport.cmake
[3.911s] -- Up-to-date: /home/mael/ros2_ws/install/pcl_ros/share/pcl_ros/cmake/export_pcl_rosExport-noconfig.cmake
[3.947s] Invoked command in '/home/mael/ros2_ws/build/pcl_ros' returned '0': CMAKE_PREFIX_PATH=/home/mael/ros2_ws/install/pcl_conversions:/home/mael/ros2_ws/install/zed_ros2:/home/mael/ros2_ws/install/zed_wrapper:/home/mael/ros2_ws/install/zed_components:/home/mael/ros2_ws/install/zed_interfaces:/home/mael/ros2_ws/install/baxter_moveit_ros2:/home/mael/ros2_ws/install/baxter_description:/home/mael/ros2_ws/install/rethink_ee_description:/home/mael/ros2_ws/install/perception_pcl:/home/mael/ros2_ws/install/pcl_ros:/home/mael/ros2_ws/install/baxter_maintenance_msgs:/home/mael/ros2_ws/install/baxter_core_msgs:/home/mael/ros2_ws/install/apriltag_ros_pose:/home/mael/ros2_ws/install/apriltag_ros2:/home/mael/ros2_ws/install/ros_tcp_endpoint:/home/mael/ros2_ws/install/baxter_joint_controller:/home/mael/ros2_ws/install/baxter_6dof_vr:/opt/ros/humble /usr/bin/cmake --install /home/mael/ros2_ws/build/pcl_ros
