running develop
/usr/lib/python3/dist-packages/setuptools/command/easy_install.py:158: EasyInstallDeprecationWarning: easy_install command is deprecated. Use build and pip and other standards-based tools.
  warnings.warn(
/usr/lib/python3/dist-packages/setuptools/command/install.py:34: SetuptoolsDeprecationWarning: setup.py install is deprecated. Use build and pip and other standards-based tools.
  warnings.warn(
/usr/lib/python3/dist-packages/pkg_resources/__init__.py:116: PkgResourcesDeprecationWarning: 1.16.0-unknown is an invalid version and will not be supported in a future release
  warnings.warn(
/usr/lib/python3/dist-packages/pkg_resources/__init__.py:116: PkgResourcesDeprecationWarning: 0.1.43ubuntu1 is an invalid version and will not be supported in a future release
  warnings.warn(
/usr/lib/python3/dist-packages/pkg_resources/__init__.py:116: PkgResourcesDeprecationWarning: 1.1build1 is an invalid version and will not be supported in a future release
  warnings.warn(
running egg_info
writing baxter_6dof_vr.egg-info/PKG-INFO
writing dependency_links to baxter_6dof_vr.egg-info/dependency_links.txt
writing entry points to baxter_6dof_vr.egg-info/entry_points.txt
writing requirements to baxter_6dof_vr.egg-info/requires.txt
writing top-level names to baxter_6dof_vr.egg-info/top_level.txt
reading manifest file 'baxter_6dof_vr.egg-info/SOURCES.txt'
writing manifest file 'baxter_6dof_vr.egg-info/SOURCES.txt'
running build_ext
Creating /home/mael/ros2_ws/install/baxter_6dof_vr/lib/python3.10/site-packages/baxter-6dof-vr.egg-link (link to .)
Installing pose_to_tf script to /home/mael/ros2_ws/install/baxter_6dof_vr/lib/baxter_6dof_vr

Installed /home/mael/ros2_ws/build/baxter_6dof_vr
running install_data
