[2.951s] Invoking command in '/home/mael/ros2_ws/build/baxter_6dof_vr': PYTHONPATH=/home/mael/ros2_ws/build/baxter_6dof_vr/prefix_override:/home/mael/ros2_ws/install/baxter_6dof_vr/lib/python3.10/site-packages:${PYTHONPATH} /usr/bin/python3 setup.py develop --editable --build-directory /home/mael/ros2_ws/build/baxter_6dof_vr/build --no-deps install_data
[3.476s] running develop
[3.476s] /usr/lib/python3/dist-packages/setuptools/command/easy_install.py:158: EasyInstallDeprecationWarning: easy_install command is deprecated. Use build and pip and other standards-based tools.
[3.476s]   warnings.warn(
[3.478s] /usr/lib/python3/dist-packages/setuptools/command/install.py:34: SetuptoolsDeprecationWarning: setup.py install is deprecated. Use build and pip and other standards-based tools.
[3.478s]   warnings.warn(
[3.591s] /usr/lib/python3/dist-packages/pkg_resources/__init__.py:116: PkgResourcesDeprecationWarning: 1.16.0-unknown is an invalid version and will not be supported in a future release
[3.591s]   warnings.warn(
[3.592s] /usr/lib/python3/dist-packages/pkg_resources/__init__.py:116: PkgResourcesDeprecationWarning: 0.1.43ubuntu1 is an invalid version and will not be supported in a future release
[3.592s]   warnings.warn(
[3.593s] /usr/lib/python3/dist-packages/pkg_resources/__init__.py:116: PkgResourcesDeprecationWarning: 1.1build1 is an invalid version and will not be supported in a future release
[3.593s]   warnings.warn(
[3.784s] running egg_info
[3.784s] writing baxter_6dof_vr.egg-info/PKG-INFO
[3.810s] writing dependency_links to baxter_6dof_vr.egg-info/dependency_links.txt
[3.811s] writing entry points to baxter_6dof_vr.egg-info/entry_points.txt
[3.812s] writing requirements to baxter_6dof_vr.egg-info/requires.txt
[3.813s] writing top-level names to baxter_6dof_vr.egg-info/top_level.txt
[3.815s] reading manifest file 'baxter_6dof_vr.egg-info/SOURCES.txt'
[3.815s] writing manifest file 'baxter_6dof_vr.egg-info/SOURCES.txt'
[3.868s] running build_ext
[3.868s] Creating /home/mael/ros2_ws/install/baxter_6dof_vr/lib/python3.10/site-packages/baxter-6dof-vr.egg-link (link to .)
[4.108s] Installing pose_to_tf script to /home/mael/ros2_ws/install/baxter_6dof_vr/lib/baxter_6dof_vr
[4.108s] 
[4.108s] Installed /home/mael/ros2_ws/build/baxter_6dof_vr
[4.108s] running install_data
[6.260s] Invoked command in '/home/mael/ros2_ws/build/baxter_6dof_vr' returned '0': PYTHONPATH=/home/mael/ros2_ws/build/baxter_6dof_vr/prefix_override:/home/mael/ros2_ws/install/baxter_6dof_vr/lib/python3.10/site-packages:${PYTHONPATH} /usr/bin/python3 setup.py develop --editable --build-directory /home/mael/ros2_ws/build/baxter_6dof_vr/build --no-deps install_data
