running develop
running egg_info
creating baxter_6dof_vr.egg-info
writing baxter_6dof_vr.egg-info/PKG-INFO
writing dependency_links to baxter_6dof_vr.egg-info/dependency_links.txt
writing entry points to baxter_6dof_vr.egg-info/entry_points.txt
writing requirements to baxter_6dof_vr.egg-info/requires.txt
writing top-level names to baxter_6dof_vr.egg-info/top_level.txt
writing manifest file 'baxter_6dof_vr.egg-info/SOURCES.txt'
reading manifest file 'baxter_6dof_vr.egg-info/SOURCES.txt'
writing manifest file 'baxter_6dof_vr.egg-info/SOURCES.txt'
running build_ext
Creating /home/mael/ros2_ws/install/baxter_6dof_vr/lib/python3.10/site-packages/baxter-6dof-vr.egg-link (link to .)
Installing pose_to_tf script to /home/mael/ros2_ws/install/baxter_6dof_vr/lib/baxter_6dof_vr

Installed /home/mael/ros2_ws/build/baxter_6dof_vr
running install_data
creating /home/mael/ros2_ws/install/baxter_6dof_vr/share/ament_index
creating /home/mael/ros2_ws/install/baxter_6dof_vr/share/ament_index/resource_index
creating /home/mael/ros2_ws/install/baxter_6dof_vr/share/ament_index/resource_index/packages
copying resource/baxter_6dof_vr -> /home/mael/ros2_ws/install/baxter_6dof_vr/share/ament_index/resource_index/packages
copying package.xml -> /home/mael/ros2_ws/install/baxter_6dof_vr/share/baxter_6dof_vr
creating /home/mael/ros2_ws/install/baxter_6dof_vr/share/baxter_6dof_vr/launch
copying launch/continuous_detection_zed.launch.xml -> /home/mael/ros2_ws/install/baxter_6dof_vr/share/baxter_6dof_vr/launch
copying launch/pointcloud_aligned_apriltag.launch.py -> /home/mael/ros2_ws/install/baxter_6dof_vr/share/baxter_6dof_vr/launch
creating /home/mael/ros2_ws/install/baxter_6dof_vr/share/baxter_6dof_vr/config
copying config/rviz.rviz -> /home/mael/ros2_ws/install/baxter_6dof_vr/share/baxter_6dof_vr/config
