[1.779s] Invoking command in '/home/mael/ros2_ws/build/baxter_6dof_vr': PYTHONPATH=/home/mael/ros2_ws/build/baxter_6dof_vr/prefix_override:/home/mael/ros2_ws/install/baxter_6dof_vr/lib/python3.10/site-packages:${PYTHONPATH} /usr/bin/python3 setup.py develop --editable --build-directory /home/mael/ros2_ws/build/baxter_6dof_vr/build --no-deps install_data
[2.580s] /usr/lib/python3/dist-packages/setuptools/command/easy_install.py:158: EasyInstallDeprecationWarning: easy_install command is deprecated. Use build and pip and other standards-based tools.
[2.580s]   warnings.warn(
[2.580s] /usr/lib/python3/dist-packages/setuptools/command/install.py:34: SetuptoolsDeprecationWarning: setup.py install is deprecated. Use build and pip and other standards-based tools.
[2.580s]   warnings.warn(
[2.581s] /usr/lib/python3/dist-packages/pkg_resources/__init__.py:116: PkgResourcesDeprecationWarning: 1.16.0-unknown is an invalid version and will not be supported in a future release
[2.581s]   warnings.warn(
[2.581s] /usr/lib/python3/dist-packages/pkg_resources/__init__.py:116: PkgResourcesDeprecationWarning: 0.1.43ubuntu1 is an invalid version and will not be supported in a future release
[2.582s]   warnings.warn(
[2.582s] /usr/lib/python3/dist-packages/pkg_resources/__init__.py:116: PkgResourcesDeprecationWarning: 1.1build1 is an invalid version and will not be supported in a future release
[2.582s]   warnings.warn(
[2.583s] running develop
[2.583s] running egg_info
[2.583s] creating baxter_6dof_vr.egg-info
[2.583s] writing baxter_6dof_vr.egg-info/PKG-INFO
[2.583s] writing dependency_links to baxter_6dof_vr.egg-info/dependency_links.txt
[2.583s] writing entry points to baxter_6dof_vr.egg-info/entry_points.txt
[2.583s] writing requirements to baxter_6dof_vr.egg-info/requires.txt
[2.583s] writing top-level names to baxter_6dof_vr.egg-info/top_level.txt
[2.583s] writing manifest file 'baxter_6dof_vr.egg-info/SOURCES.txt'
[2.584s] reading manifest file 'baxter_6dof_vr.egg-info/SOURCES.txt'
[2.584s] writing manifest file 'baxter_6dof_vr.egg-info/SOURCES.txt'
[2.584s] running build_ext
[2.584s] Creating /home/mael/ros2_ws/install/baxter_6dof_vr/lib/python3.10/site-packages/baxter-6dof-vr.egg-link (link to .)
[2.584s] Installing pose_to_tf script to /home/mael/ros2_ws/install/baxter_6dof_vr/lib/baxter_6dof_vr
[2.584s] 
[2.584s] Installed /home/mael/ros2_ws/build/baxter_6dof_vr
[2.584s] running install_data
[2.584s] creating /home/mael/ros2_ws/install/baxter_6dof_vr/share/ament_index
[2.584s] creating /home/mael/ros2_ws/install/baxter_6dof_vr/share/ament_index/resource_index
[2.585s] creating /home/mael/ros2_ws/install/baxter_6dof_vr/share/ament_index/resource_index/packages
[2.585s] copying resource/baxter_6dof_vr -> /home/mael/ros2_ws/install/baxter_6dof_vr/share/ament_index/resource_index/packages
[2.585s] copying package.xml -> /home/mael/ros2_ws/install/baxter_6dof_vr/share/baxter_6dof_vr
[2.585s] creating /home/mael/ros2_ws/install/baxter_6dof_vr/share/baxter_6dof_vr/launch
[2.585s] copying launch/continuous_detection_zed.launch.xml -> /home/mael/ros2_ws/install/baxter_6dof_vr/share/baxter_6dof_vr/launch
[2.585s] copying launch/pointcloud_aligned_apriltag.launch.py -> /home/mael/ros2_ws/install/baxter_6dof_vr/share/baxter_6dof_vr/launch
[2.585s] creating /home/mael/ros2_ws/install/baxter_6dof_vr/share/baxter_6dof_vr/config
[2.585s] copying config/rviz.rviz -> /home/mael/ros2_ws/install/baxter_6dof_vr/share/baxter_6dof_vr/config
[2.742s] Invoked command in '/home/mael/ros2_ws/build/baxter_6dof_vr' returned '0': PYTHONPATH=/home/mael/ros2_ws/build/baxter_6dof_vr/prefix_override:/home/mael/ros2_ws/install/baxter_6dof_vr/lib/python3.10/site-packages:${PYTHONPATH} /usr/bin/python3 setup.py develop --editable --build-directory /home/mael/ros2_ws/build/baxter_6dof_vr/build --no-deps install_data
