[1.952s] Invoking command in '/home/mael/ros2_ws/build/pcl_ros': CMAKE_PREFIX_PATH=/home/mael/ros2_ws/install/pcl_conversions:/home/mael/ros2_ws/install/zed_ros2:/home/mael/ros2_ws/install/zed_wrapper:/home/mael/ros2_ws/install/zed_components:/home/mael/ros2_ws/install/zed_interfaces:/home/mael/ros2_ws/install/baxter_moveit_ros2:/home/mael/ros2_ws/install/baxter_description:/home/mael/ros2_ws/install/rethink_ee_description:/home/mael/ros2_ws/install/perception_pcl:/home/mael/ros2_ws/install/pcl_ros:/home/mael/ros2_ws/install/baxter_maintenance_msgs:/home/mael/ros2_ws/install/baxter_core_msgs:/home/mael/ros2_ws/install/apriltag_ros_pose:/home/mael/ros2_ws/install/apriltag_ros2:/home/mael/ros2_ws/install/ros_tcp_endpoint:/home/mael/ros2_ws/install/baxter_joint_controller:/home/mael/ros2_ws/install/baxter_6dof_vr:/opt/ros/humble /usr/bin/cmake --build /home/mael/ros2_ws/build/pcl_ros -- -j8 -l8
[5.258s] [  6%] Built target pcl_ros_tf
[7.420s] [ 12%] Built target filter_voxel_grid_node
[8.570s] [ 19%] Built target pcd_to_pointcloud_lib
[9.663s] [ 25%] Built target pcd_to_pointcloud
[12.146s] [ 32%] Built target dummy_topics
[13.734s] [ 61%] Built target pcl_ros_filters
[14.866s] [ 67%] Built target filter_crop_box_node
[16.747s] [ 74%] Built target filter_statistical_outlier_removal_node
[18.621s] [ 80%] Built target filter_radius_outlier_removal_node
[20.010s] [ 87%] Built target filter_project_inliers_node
[20.924s] [ 93%] Built target filter_passthrough_node
[22.217s] [100%] Built target filter_extract_indices_node
[24.399s] Invoked command in '/home/mael/ros2_ws/build/pcl_ros' returned '0': CMAKE_PREFIX_PATH=/home/mael/ros2_ws/install/pcl_conversions:/home/mael/ros2_ws/install/zed_ros2:/home/mael/ros2_ws/install/zed_wrapper:/home/mael/ros2_ws/install/zed_components:/home/mael/ros2_ws/install/zed_interfaces:/home/mael/ros2_ws/install/baxter_moveit_ros2:/home/mael/ros2_ws/install/baxter_description:/home/mael/ros2_ws/install/rethink_ee_description:/home/mael/ros2_ws/install/perception_pcl:/home/mael/ros2_ws/install/pcl_ros:/home/mael/ros2_ws/install/baxter_maintenance_msgs:/home/mael/ros2_ws/install/baxter_core_msgs:/home/mael/ros2_ws/install/apriltag_ros_pose:/home/mael/ros2_ws/install/apriltag_ros2:/home/mael/ros2_ws/install/ros_tcp_endpoint:/home/mael/ros2_ws/install/baxter_joint_controller:/home/mael/ros2_ws/install/baxter_6dof_vr:/opt/ros/humble /usr/bin/cmake --build /home/mael/ros2_ws/build/pcl_ros -- -j8 -l8
[25.158s] Invoking command in '/home/mael/ros2_ws/build/pcl_ros': CMAKE_PREFIX_PATH=/home/mael/ros2_ws/install/pcl_conversions:/home/mael/ros2_ws/install/zed_ros2:/home/mael/ros2_ws/install/zed_wrapper:/home/mael/ros2_ws/install/zed_components:/home/mael/ros2_ws/install/zed_interfaces:/home/mael/ros2_ws/install/baxter_moveit_ros2:/home/mael/ros2_ws/install/baxter_description:/home/mael/ros2_ws/install/rethink_ee_description:/home/mael/ros2_ws/install/perception_pcl:/home/mael/ros2_ws/install/pcl_ros:/home/mael/ros2_ws/install/baxter_maintenance_msgs:/home/mael/ros2_ws/install/baxter_core_msgs:/home/mael/ros2_ws/install/apriltag_ros_pose:/home/mael/ros2_ws/install/apriltag_ros2:/home/mael/ros2_ws/install/ros_tcp_endpoint:/home/mael/ros2_ws/install/baxter_joint_controller:/home/mael/ros2_ws/install/baxter_6dof_vr:/opt/ros/humble /usr/bin/cmake --install /home/mael/ros2_ws/build/pcl_ros
[25.329s] -- Install configuration: ""
[25.527s] -- Execute custom install script
[25.782s] -- Up-to-date symlink: /home/mael/ros2_ws/install/pcl_ros/lib/pcl_ros/filter_extract_indices_node
[25.791s] -- Up-to-date symlink: /home/mael/ros2_ws/install/pcl_ros/lib/pcl_ros/filter_passthrough_node
[25.793s] -- Up-to-date symlink: /home/mael/ros2_ws/install/pcl_ros/lib/pcl_ros/filter_project_inliers_node
[25.798s] -- Up-to-date symlink: /home/mael/ros2_ws/install/pcl_ros/lib/pcl_ros/filter_radius_outlier_removal_node
[25.801s] -- Up-to-date symlink: /home/mael/ros2_ws/install/pcl_ros/lib/pcl_ros/filter_statistical_outlier_removal_node
[25.900s] -- Up-to-date symlink: /home/mael/ros2_ws/install/pcl_ros/lib/pcl_ros/filter_crop_box_node
[26.001s] -- Up-to-date symlink: /home/mael/ros2_ws/install/pcl_ros/lib/pcl_ros/filter_voxel_grid_node
[26.002s] -- Up-to-date symlink: /home/mael/ros2_ws/install/pcl_ros/lib/pcl_ros/pcd_to_pointcloud
[26.009s] -- Up-to-date symlink: /home/mael/ros2_ws/install/pcl_ros/include/pcl_ros/pcl_ros/features/boundary.hpp
[26.010s] -- Up-to-date symlink: /home/mael/ros2_ws/install/pcl_ros/include/pcl_ros/pcl_ros/features/feature.hpp
[26.105s] -- Up-to-date symlink: /home/mael/ros2_ws/install/pcl_ros/include/pcl_ros/pcl_ros/features/fpfh.hpp
[26.107s] -- Up-to-date symlink: /home/mael/ros2_ws/install/pcl_ros/include/pcl_ros/pcl_ros/features/fpfh_omp.hpp
[26.107s] -- Up-to-date symlink: /home/mael/ros2_ws/install/pcl_ros/include/pcl_ros/pcl_ros/features/moment_invariants.hpp
[26.110s] -- Up-to-date symlink: /home/mael/ros2_ws/install/pcl_ros/include/pcl_ros/pcl_ros/features/normal_3d.hpp
[26.111s] -- Up-to-date symlink: /home/mael/ros2_ws/install/pcl_ros/include/pcl_ros/pcl_ros/features/normal_3d_omp.hpp
[26.111s] -- Up-to-date symlink: /home/mael/ros2_ws/install/pcl_ros/include/pcl_ros/pcl_ros/features/normal_3d_tbb.hpp
[26.140s] -- Up-to-date symlink: /home/mael/ros2_ws/install/pcl_ros/include/pcl_ros/pcl_ros/features/pfh.hpp
[26.143s] -- Up-to-date symlink: /home/mael/ros2_ws/install/pcl_ros/include/pcl_ros/pcl_ros/features/principal_curvatures.hpp
[26.144s] -- Up-to-date symlink: /home/mael/ros2_ws/install/pcl_ros/include/pcl_ros/pcl_ros/features/shot.hpp
[26.146s] -- Up-to-date symlink: /home/mael/ros2_ws/install/pcl_ros/include/pcl_ros/pcl_ros/features/shot_omp.hpp
[26.146s] -- Up-to-date symlink: /home/mael/ros2_ws/install/pcl_ros/include/pcl_ros/pcl_ros/features/vfh.hpp
[26.147s] -- Up-to-date symlink: /home/mael/ros2_ws/install/pcl_ros/include/pcl_ros/pcl_ros/filters/crop_box.hpp
[26.147s] -- Up-to-date symlink: /home/mael/ros2_ws/install/pcl_ros/include/pcl_ros/pcl_ros/filters/extract_indices.hpp
[26.148s] -- Up-to-date symlink: /home/mael/ros2_ws/install/pcl_ros/include/pcl_ros/pcl_ros/filters/filter.hpp
[26.149s] -- Up-to-date symlink: /home/mael/ros2_ws/install/pcl_ros/include/pcl_ros/pcl_ros/filters/passthrough.hpp
[26.149s] -- Up-to-date symlink: /home/mael/ros2_ws/install/pcl_ros/include/pcl_ros/pcl_ros/filters/project_inliers.hpp
[26.149s] -- Up-to-date symlink: /home/mael/ros2_ws/install/pcl_ros/include/pcl_ros/pcl_ros/filters/radius_outlier_removal.hpp
[26.150s] -- Up-to-date symlink: /home/mael/ros2_ws/install/pcl_ros/include/pcl_ros/pcl_ros/filters/statistical_outlier_removal.hpp
[26.150s] -- Up-to-date symlink: /home/mael/ros2_ws/install/pcl_ros/include/pcl_ros/pcl_ros/filters/voxel_grid.hpp
[26.151s] -- Up-to-date symlink: /home/mael/ros2_ws/install/pcl_ros/include/pcl_ros/pcl_ros/impl/transforms.hpp
[26.151s] -- Up-to-date symlink: /home/mael/ros2_ws/install/pcl_ros/include/pcl_ros/pcl_ros/io/bag_io.hpp
[26.152s] -- Up-to-date symlink: /home/mael/ros2_ws/install/pcl_ros/include/pcl_ros/pcl_ros/io/concatenate_data.hpp
[26.154s] -- Up-to-date symlink: /home/mael/ros2_ws/install/pcl_ros/include/pcl_ros/pcl_ros/io/concatenate_fields.hpp
[26.154s] -- Up-to-date symlink: /home/mael/ros2_ws/install/pcl_ros/include/pcl_ros/pcl_ros/io/pcd_io.hpp
[26.156s] -- Up-to-date symlink: /home/mael/ros2_ws/install/pcl_ros/include/pcl_ros/pcl_ros/pcl_node.hpp
[26.157s] -- Up-to-date symlink: /home/mael/ros2_ws/install/pcl_ros/include/pcl_ros/pcl_ros/point_cloud.hpp
[26.157s] -- Up-to-date symlink: /home/mael/ros2_ws/install/pcl_ros/include/pcl_ros/pcl_ros/publisher.hpp
[26.158s] -- Up-to-date symlink: /home/mael/ros2_ws/install/pcl_ros/include/pcl_ros/pcl_ros/segmentation/extract_clusters.hpp
[26.159s] -- Up-to-date symlink: /home/mael/ros2_ws/install/pcl_ros/include/pcl_ros/pcl_ros/segmentation/extract_polygonal_prism_data.hpp
[26.162s] -- Up-to-date symlink: /home/mael/ros2_ws/install/pcl_ros/include/pcl_ros/pcl_ros/segmentation/sac_segmentation.hpp
[26.163s] -- Up-to-date symlink: /home/mael/ros2_ws/install/pcl_ros/include/pcl_ros/pcl_ros/segmentation/segment_differences.hpp
[26.163s] -- Up-to-date symlink: /home/mael/ros2_ws/install/pcl_ros/include/pcl_ros/pcl_ros/surface/convex_hull.hpp
[26.164s] -- Up-to-date symlink: /home/mael/ros2_ws/install/pcl_ros/include/pcl_ros/pcl_ros/surface/moving_least_squares.hpp
[26.165s] -- Up-to-date symlink: /home/mael/ros2_ws/install/pcl_ros/include/pcl_ros/pcl_ros/transforms.hpp
[26.165s] -- Up-to-date symlink: /home/mael/ros2_ws/install/pcl_ros/share/pcl_ros/plugins/nodelet/libpcl_ros_features.xml
[26.166s] -- Up-to-date symlink: /home/mael/ros2_ws/install/pcl_ros/share/pcl_ros/plugins/nodelet/libpcl_ros_filters.xml
[26.167s] -- Up-to-date symlink: /home/mael/ros2_ws/install/pcl_ros/share/pcl_ros/plugins/nodelet/libpcl_ros_io.xml
[26.167s] -- Up-to-date symlink: /home/mael/ros2_ws/install/pcl_ros/share/pcl_ros/plugins/nodelet/libpcl_ros_segmentation.xml
[26.167s] -- Up-to-date symlink: /home/mael/ros2_ws/install/pcl_ros/share/pcl_ros/plugins/nodelet/libpcl_ros_surface.xml
[26.168s] -- Up-to-date symlink: /home/mael/ros2_ws/install/pcl_ros/share/pcl_ros/samples/data/.gitignore
[26.168s] -- Up-to-date symlink: /home/mael/ros2_ws/install/pcl_ros/share/pcl_ros/samples/pcl_ros/features/sample_normal_3d.launch
[26.169s] -- Up-to-date symlink: /home/mael/ros2_ws/install/pcl_ros/share/pcl_ros/samples/pcl_ros/filters/config/statistical_outlier_removal.rviz
[26.169s] -- Up-to-date symlink: /home/mael/ros2_ws/install/pcl_ros/share/pcl_ros/samples/pcl_ros/filters/config/voxel_grid.rviz
[26.169s] -- Up-to-date symlink: /home/mael/ros2_ws/install/pcl_ros/share/pcl_ros/samples/pcl_ros/filters/sample_statistical_outlier_removal.launch
[26.170s] -- Up-to-date symlink: /home/mael/ros2_ws/install/pcl_ros/share/pcl_ros/samples/pcl_ros/filters/sample_voxel_grid.launch
[26.170s] -- Up-to-date symlink: /home/mael/ros2_ws/install/pcl_ros/share/pcl_ros/samples/pcl_ros/io/sample_concatenate_data.launch
[26.171s] -- Up-to-date symlink: /home/mael/ros2_ws/install/pcl_ros/share/pcl_ros/samples/pcl_ros/segmentation/sample_extract_clusters.launch
[26.171s] -- Up-to-date symlink: /home/mael/ros2_ws/install/pcl_ros/share/pcl_ros/samples/pcl_ros/surface/sample_convex_hull.launch
[26.171s] -- Up-to-date symlink: /home/mael/ros2_ws/install/pcl_ros/share/pcl_ros/environment/library_path.sh
[26.171s] -- Up-to-date symlink: /home/mael/ros2_ws/install/pcl_ros/share/pcl_ros/environment/library_path.dsv
[26.172s] -- Up-to-date symlink: /home/mael/ros2_ws/install/pcl_ros/share/ament_index/resource_index/package_run_dependencies/pcl_ros
[26.172s] -- Up-to-date symlink: /home/mael/ros2_ws/install/pcl_ros/share/ament_index/resource_index/parent_prefix_path/pcl_ros
[26.172s] -- Up-to-date symlink: /home/mael/ros2_ws/install/pcl_ros/share/pcl_ros/environment/ament_prefix_path.sh
[26.172s] -- Up-to-date symlink: /home/mael/ros2_ws/install/pcl_ros/share/pcl_ros/environment/ament_prefix_path.dsv
[26.173s] -- Up-to-date symlink: /home/mael/ros2_ws/install/pcl_ros/share/pcl_ros/environment/path.sh
[26.173s] -- Up-to-date symlink: /home/mael/ros2_ws/install/pcl_ros/share/pcl_ros/environment/path.dsv
[26.173s] -- Up-to-date symlink: /home/mael/ros2_ws/install/pcl_ros/share/pcl_ros/local_setup.bash
[26.173s] -- Up-to-date symlink: /home/mael/ros2_ws/install/pcl_ros/share/pcl_ros/local_setup.sh
[26.174s] -- Up-to-date symlink: /home/mael/ros2_ws/install/pcl_ros/share/pcl_ros/local_setup.zsh
[26.174s] -- Up-to-date symlink: /home/mael/ros2_ws/install/pcl_ros/share/pcl_ros/local_setup.dsv
[26.174s] -- Symlinking: /home/mael/ros2_ws/install/pcl_ros/share/pcl_ros/package.dsv
[26.204s] -- Up-to-date symlink: /home/mael/ros2_ws/install/pcl_ros/share/ament_index/resource_index/packages/pcl_ros
[26.204s] -- Up-to-date symlink: /home/mael/ros2_ws/install/pcl_ros/share/ament_index/resource_index/rclcpp_components/pcl_ros
[26.205s] -- Up-to-date symlink: /home/mael/ros2_ws/install/pcl_ros/share/pcl_ros/cmake/ament_cmake_export_include_directories-extras.cmake
[26.206s] -- Up-to-date symlink: /home/mael/ros2_ws/install/pcl_ros/share/pcl_ros/cmake/ament_cmake_export_libraries-extras.cmake
[26.206s] -- Up-to-date symlink: /home/mael/ros2_ws/install/pcl_ros/share/pcl_ros/cmake/ament_cmake_export_targets-extras.cmake
[26.207s] -- Up-to-date symlink: /home/mael/ros2_ws/install/pcl_ros/share/pcl_ros/cmake/ament_cmake_export_dependencies-extras.cmake
[26.208s] -- Up-to-date symlink: /home/mael/ros2_ws/install/pcl_ros/share/pcl_ros/cmake/pcl_rosConfig.cmake
[26.208s] -- Up-to-date symlink: /home/mael/ros2_ws/install/pcl_ros/share/pcl_ros/cmake/pcl_rosConfig-version.cmake
[26.209s] -- Up-to-date symlink: /home/mael/ros2_ws/install/pcl_ros/share/pcl_ros/package.xml
[26.209s] -- Up-to-date: /home/mael/ros2_ws/install/pcl_ros/lib/libpcl_ros_tf.a
[26.439s] -- Up-to-date: /home/mael/ros2_ws/install/pcl_ros/lib/libpcd_to_pointcloud_lib.so
[26.545s] -- Up-to-date: /home/mael/ros2_ws/install/pcl_ros/lib/libpcl_ros_filters.so
[26.662s] -- Up-to-date: /home/mael/ros2_ws/install/pcl_ros/share/pcl_ros/cmake/export_pcl_rosExport.cmake
[26.663s] -- Up-to-date: /home/mael/ros2_ws/install/pcl_ros/share/pcl_ros/cmake/export_pcl_rosExport-noconfig.cmake
[26.787s] Invoked command in '/home/mael/ros2_ws/build/pcl_ros' returned '0': CMAKE_PREFIX_PATH=/home/mael/ros2_ws/install/pcl_conversions:/home/mael/ros2_ws/install/zed_ros2:/home/mael/ros2_ws/install/zed_wrapper:/home/mael/ros2_ws/install/zed_components:/home/mael/ros2_ws/install/zed_interfaces:/home/mael/ros2_ws/install/baxter_moveit_ros2:/home/mael/ros2_ws/install/baxter_description:/home/mael/ros2_ws/install/rethink_ee_description:/home/mael/ros2_ws/install/perception_pcl:/home/mael/ros2_ws/install/pcl_ros:/home/mael/ros2_ws/install/baxter_maintenance_msgs:/home/mael/ros2_ws/install/baxter_core_msgs:/home/mael/ros2_ws/install/apriltag_ros_pose:/home/mael/ros2_ws/install/apriltag_ros2:/home/mael/ros2_ws/install/ros_tcp_endpoint:/home/mael/ros2_ws/install/baxter_joint_controller:/home/mael/ros2_ws/install/baxter_6dof_vr:/opt/ros/humble /usr/bin/cmake --install /home/mael/ros2_ws/build/pcl_ros
