[0.106s] Invoking command in '/home/mael/ros2_ws/build/zed_interfaces': CMAKE_PREFIX_PATH=${CMAKE_PREFIX_PATH}:/home/mael/ros2_ws/install/ros_tcp_endpoint:/home/mael/ros2_ws/install/baxter_joint_controller:/home/mael/ros2_ws/install/baxter_6dof_vr:/opt/ros/humble /usr/bin/cmake --build /home/mael/ros2_ws/build/zed_interfaces -- -j8 -l8
[0.724s] [  0%] Built target zed_interfaces__cpp
[0.724s] [ 12%] Built target zed_interfaces__rosidl_generator_c
[0.724s] [ 24%] Built target zed_interfaces__rosidl_typesupport_cpp
[0.724s] [ 24%] Built target ament_cmake_python_symlink_zed_interfaces
[0.724s] [ 36%] Built target zed_interfaces__rosidl_typesupport_introspection_cpp
[0.724s] [ 48%] Built target zed_interfaces__rosidl_typesupport_fastrtps_cpp
[0.725s] [ 60%] Built target zed_interfaces__rosidl_typesupport_fastrtps_c
[0.725s] [ 72%] Built target zed_interfaces__rosidl_typesupport_introspection_c
[0.725s] [ 84%] Built target zed_interfaces__rosidl_typesupport_c
[0.725s] [ 84%] Built target zed_interfaces
[0.725s] [ 85%] Built target zed_interfaces__py
[0.725s] [ 96%] Built target zed_interfaces__rosidl_generator_py
[0.725s] [ 98%] Built target zed_interfaces__rosidl_typesupport_introspection_c__pyext
[0.725s] [ 99%] Built target zed_interfaces__rosidl_typesupport_fastrtps_c__pyext
[0.725s] [100%] Built target zed_interfaces__rosidl_typesupport_c__pyext
[0.851s] running egg_info
[0.852s] writing zed_interfaces.egg-info/PKG-INFO
[0.854s] writing dependency_links to zed_interfaces.egg-info/dependency_links.txt
[0.855s] writing top-level names to zed_interfaces.egg-info/top_level.txt
[0.860s] reading manifest file 'zed_interfaces.egg-info/SOURCES.txt'
[0.861s] writing manifest file 'zed_interfaces.egg-info/SOURCES.txt'
[0.912s] [100%] Built target ament_cmake_python_build_zed_interfaces_egg
[1.223s] Invoked command in '/home/mael/ros2_ws/build/zed_interfaces' returned '0': CMAKE_PREFIX_PATH=${CMAKE_PREFIX_PATH}:/home/mael/ros2_ws/install/ros_tcp_endpoint:/home/mael/ros2_ws/install/baxter_joint_controller:/home/mael/ros2_ws/install/baxter_6dof_vr:/opt/ros/humble /usr/bin/cmake --build /home/mael/ros2_ws/build/zed_interfaces -- -j8 -l8
[3.008s] Invoking command in '/home/mael/ros2_ws/build/zed_interfaces': CMAKE_PREFIX_PATH=${CMAKE_PREFIX_PATH}:/home/mael/ros2_ws/install/ros_tcp_endpoint:/home/mael/ros2_ws/install/baxter_joint_controller:/home/mael/ros2_ws/install/baxter_6dof_vr:/opt/ros/humble /usr/bin/cmake --install /home/mael/ros2_ws/build/zed_interfaces
[3.019s] -- Install configuration: ""
[3.021s] -- Execute custom install script
[3.022s] -- Up-to-date symlink: /home/mael/ros2_ws/install/zed_interfaces/share/ament_index/resource_index/rosidl_interfaces/zed_interfaces
[3.025s] -- Up-to-date symlink: /home/mael/ros2_ws/install/zed_interfaces/include/zed_interfaces/zed_interfaces/msg/bounding_box2_df.h
[3.026s] -- Up-to-date symlink: /home/mael/ros2_ws/install/zed_interfaces/include/zed_interfaces/zed_interfaces/msg/bounding_box2_di.h
[3.026s] -- Up-to-date symlink: /home/mael/ros2_ws/install/zed_interfaces/include/zed_interfaces/zed_interfaces/msg/bounding_box3_d.h
[3.026s] -- Up-to-date symlink: /home/mael/ros2_ws/install/zed_interfaces/include/zed_interfaces/zed_interfaces/msg/depth_info_stamped.h
[3.026s] -- Up-to-date symlink: /home/mael/ros2_ws/install/zed_interfaces/include/zed_interfaces/zed_interfaces/msg/detail/bounding_box2_df__functions.h
[3.029s] -- Up-to-date symlink: /home/mael/ros2_ws/install/zed_interfaces/include/zed_interfaces/zed_interfaces/msg/detail/bounding_box2_df__struct.h
[3.029s] -- Up-to-date symlink: /home/mael/ros2_ws/install/zed_interfaces/include/zed_interfaces/zed_interfaces/msg/detail/bounding_box2_df__type_support.h
[3.029s] -- Up-to-date symlink: /home/mael/ros2_ws/install/zed_interfaces/include/zed_interfaces/zed_interfaces/msg/detail/bounding_box2_di__functions.h
[3.029s] -- Up-to-date symlink: /home/mael/ros2_ws/install/zed_interfaces/include/zed_interfaces/zed_interfaces/msg/detail/bounding_box2_di__struct.h
[3.029s] -- Up-to-date symlink: /home/mael/ros2_ws/install/zed_interfaces/include/zed_interfaces/zed_interfaces/msg/detail/bounding_box2_di__type_support.h
[3.029s] -- Up-to-date symlink: /home/mael/ros2_ws/install/zed_interfaces/include/zed_interfaces/zed_interfaces/msg/detail/bounding_box3_d__functions.h
[3.030s] -- Up-to-date symlink: /home/mael/ros2_ws/install/zed_interfaces/include/zed_interfaces/zed_interfaces/msg/detail/bounding_box3_d__struct.h
[3.030s] -- Up-to-date symlink: /home/mael/ros2_ws/install/zed_interfaces/include/zed_interfaces/zed_interfaces/msg/detail/bounding_box3_d__type_support.h
[3.030s] -- Up-to-date symlink: /home/mael/ros2_ws/install/zed_interfaces/include/zed_interfaces/zed_interfaces/msg/detail/depth_info_stamped__functions.h
[3.030s] -- Up-to-date symlink: /home/mael/ros2_ws/install/zed_interfaces/include/zed_interfaces/zed_interfaces/msg/detail/depth_info_stamped__struct.h
[3.030s] -- Up-to-date symlink: /home/mael/ros2_ws/install/zed_interfaces/include/zed_interfaces/zed_interfaces/msg/detail/depth_info_stamped__type_support.h
[3.030s] -- Up-to-date symlink: /home/mael/ros2_ws/install/zed_interfaces/include/zed_interfaces/zed_interfaces/msg/detail/heartbeat__functions.h
[3.030s] -- Up-to-date symlink: /home/mael/ros2_ws/install/zed_interfaces/include/zed_interfaces/zed_interfaces/msg/detail/heartbeat__struct.h
[3.030s] -- Up-to-date symlink: /home/mael/ros2_ws/install/zed_interfaces/include/zed_interfaces/zed_interfaces/msg/detail/heartbeat__type_support.h
[3.031s] -- Up-to-date symlink: /home/mael/ros2_ws/install/zed_interfaces/include/zed_interfaces/zed_interfaces/msg/detail/keypoint2_df__functions.h
[3.031s] -- Up-to-date symlink: /home/mael/ros2_ws/install/zed_interfaces/include/zed_interfaces/zed_interfaces/msg/detail/keypoint2_df__struct.h
[3.031s] -- Up-to-date symlink: /home/mael/ros2_ws/install/zed_interfaces/include/zed_interfaces/zed_interfaces/msg/detail/keypoint2_df__type_support.h
[3.031s] -- Up-to-date symlink: /home/mael/ros2_ws/install/zed_interfaces/include/zed_interfaces/zed_interfaces/msg/detail/keypoint2_di__functions.h
[3.034s] -- Up-to-date symlink: /home/mael/ros2_ws/install/zed_interfaces/include/zed_interfaces/zed_interfaces/msg/detail/keypoint2_di__struct.h
[3.035s] -- Up-to-date symlink: /home/mael/ros2_ws/install/zed_interfaces/include/zed_interfaces/zed_interfaces/msg/detail/keypoint2_di__type_support.h
[3.035s] -- Up-to-date symlink: /home/mael/ros2_ws/install/zed_interfaces/include/zed_interfaces/zed_interfaces/msg/detail/keypoint3_d__functions.h
[3.035s] -- Up-to-date symlink: /home/mael/ros2_ws/install/zed_interfaces/include/zed_interfaces/zed_interfaces/msg/detail/keypoint3_d__struct.h
[3.035s] -- Up-to-date symlink: /home/mael/ros2_ws/install/zed_interfaces/include/zed_interfaces/zed_interfaces/msg/detail/keypoint3_d__type_support.h
[3.035s] -- Up-to-date symlink: /home/mael/ros2_ws/install/zed_interfaces/include/zed_interfaces/zed_interfaces/msg/detail/object__functions.h
[3.035s] -- Up-to-date symlink: /home/mael/ros2_ws/install/zed_interfaces/include/zed_interfaces/zed_interfaces/msg/detail/object__struct.h
[3.035s] -- Up-to-date symlink: /home/mael/ros2_ws/install/zed_interfaces/include/zed_interfaces/zed_interfaces/msg/detail/object__type_support.h
[3.036s] -- Up-to-date symlink: /home/mael/ros2_ws/install/zed_interfaces/include/zed_interfaces/zed_interfaces/msg/detail/objects_stamped__functions.h
[3.036s] -- Up-to-date symlink: /home/mael/ros2_ws/install/zed_interfaces/include/zed_interfaces/zed_interfaces/msg/detail/objects_stamped__struct.h
[3.036s] -- Up-to-date symlink: /home/mael/ros2_ws/install/zed_interfaces/include/zed_interfaces/zed_interfaces/msg/detail/objects_stamped__type_support.h
[3.036s] -- Up-to-date symlink: /home/mael/ros2_ws/install/zed_interfaces/include/zed_interfaces/zed_interfaces/msg/detail/plane_stamped__functions.h
[3.036s] -- Up-to-date symlink: /home/mael/ros2_ws/install/zed_interfaces/include/zed_interfaces/zed_interfaces/msg/detail/plane_stamped__struct.h
[3.036s] -- Up-to-date symlink: /home/mael/ros2_ws/install/zed_interfaces/include/zed_interfaces/zed_interfaces/msg/detail/plane_stamped__type_support.h
[3.036s] -- Up-to-date symlink: /home/mael/ros2_ws/install/zed_interfaces/include/zed_interfaces/zed_interfaces/msg/detail/pos_track_status__functions.h
[3.036s] -- Up-to-date symlink: /home/mael/ros2_ws/install/zed_interfaces/include/zed_interfaces/zed_interfaces/msg/detail/pos_track_status__struct.h
[3.036s] -- Up-to-date symlink: /home/mael/ros2_ws/install/zed_interfaces/include/zed_interfaces/zed_interfaces/msg/detail/pos_track_status__type_support.h
[3.037s] -- Up-to-date symlink: /home/mael/ros2_ws/install/zed_interfaces/include/zed_interfaces/zed_interfaces/msg/detail/skeleton2_d__functions.h
[3.037s] -- Up-to-date symlink: /home/mael/ros2_ws/install/zed_interfaces/include/zed_interfaces/zed_interfaces/msg/detail/skeleton2_d__struct.h
[3.037s] -- Up-to-date symlink: /home/mael/ros2_ws/install/zed_interfaces/include/zed_interfaces/zed_interfaces/msg/detail/skeleton2_d__type_support.h
[3.037s] -- Up-to-date symlink: /home/mael/ros2_ws/install/zed_interfaces/include/zed_interfaces/zed_interfaces/msg/detail/skeleton3_d__functions.h
[3.037s] -- Up-to-date symlink: /home/mael/ros2_ws/install/zed_interfaces/include/zed_interfaces/zed_interfaces/msg/detail/skeleton3_d__struct.h
[3.037s] -- Up-to-date symlink: /home/mael/ros2_ws/install/zed_interfaces/include/zed_interfaces/zed_interfaces/msg/detail/skeleton3_d__type_support.h
[3.038s] -- Up-to-date symlink: /home/mael/ros2_ws/install/zed_interfaces/include/zed_interfaces/zed_interfaces/msg/heartbeat.h
[3.038s] -- Up-to-date symlink: /home/mael/ros2_ws/install/zed_interfaces/include/zed_interfaces/zed_interfaces/msg/keypoint2_df.h
[3.038s] -- Up-to-date symlink: /home/mael/ros2_ws/install/zed_interfaces/include/zed_interfaces/zed_interfaces/msg/keypoint2_di.h
[3.038s] -- Up-to-date symlink: /home/mael/ros2_ws/install/zed_interfaces/include/zed_interfaces/zed_interfaces/msg/keypoint3_d.h
[3.038s] -- Up-to-date symlink: /home/mael/ros2_ws/install/zed_interfaces/include/zed_interfaces/zed_interfaces/msg/object.h
[3.038s] -- Up-to-date symlink: /home/mael/ros2_ws/install/zed_interfaces/include/zed_interfaces/zed_interfaces/msg/objects_stamped.h
[3.038s] -- Up-to-date symlink: /home/mael/ros2_ws/install/zed_interfaces/include/zed_interfaces/zed_interfaces/msg/plane_stamped.h
[3.038s] -- Up-to-date symlink: /home/mael/ros2_ws/install/zed_interfaces/include/zed_interfaces/zed_interfaces/msg/pos_track_status.h
[3.038s] -- Up-to-date symlink: /home/mael/ros2_ws/install/zed_interfaces/include/zed_interfaces/zed_interfaces/msg/rosidl_generator_c__visibility_control.h
[3.039s] -- Up-to-date symlink: /home/mael/ros2_ws/install/zed_interfaces/include/zed_interfaces/zed_interfaces/msg/skeleton2_d.h
[3.039s] -- Up-to-date symlink: /home/mael/ros2_ws/install/zed_interfaces/include/zed_interfaces/zed_interfaces/msg/skeleton3_d.h
[3.039s] -- Up-to-date symlink: /home/mael/ros2_ws/install/zed_interfaces/include/zed_interfaces/zed_interfaces/srv/detail/set_pose__functions.h
[3.039s] -- Up-to-date symlink: /home/mael/ros2_ws/install/zed_interfaces/include/zed_interfaces/zed_interfaces/srv/detail/set_pose__struct.h
[3.039s] -- Up-to-date symlink: /home/mael/ros2_ws/install/zed_interfaces/include/zed_interfaces/zed_interfaces/srv/detail/set_pose__type_support.h
[3.040s] -- Up-to-date symlink: /home/mael/ros2_ws/install/zed_interfaces/include/zed_interfaces/zed_interfaces/srv/detail/set_roi__functions.h
[3.040s] -- Up-to-date symlink: /home/mael/ros2_ws/install/zed_interfaces/include/zed_interfaces/zed_interfaces/srv/detail/set_roi__struct.h
[3.040s] -- Up-to-date symlink: /home/mael/ros2_ws/install/zed_interfaces/include/zed_interfaces/zed_interfaces/srv/detail/set_roi__type_support.h
[3.040s] -- Up-to-date symlink: /home/mael/ros2_ws/install/zed_interfaces/include/zed_interfaces/zed_interfaces/srv/detail/start_svo_rec__functions.h
[3.041s] -- Up-to-date symlink: /home/mael/ros2_ws/install/zed_interfaces/include/zed_interfaces/zed_interfaces/srv/detail/start_svo_rec__struct.h
[3.041s] -- Up-to-date symlink: /home/mael/ros2_ws/install/zed_interfaces/include/zed_interfaces/zed_interfaces/srv/detail/start_svo_rec__type_support.h
[3.041s] -- Up-to-date symlink: /home/mael/ros2_ws/install/zed_interfaces/include/zed_interfaces/zed_interfaces/srv/set_pose.h
[3.041s] -- Up-to-date symlink: /home/mael/ros2_ws/install/zed_interfaces/include/zed_interfaces/zed_interfaces/srv/set_roi.h
[3.043s] -- Up-to-date symlink: /home/mael/ros2_ws/install/zed_interfaces/include/zed_interfaces/zed_interfaces/srv/start_svo_rec.h
[3.043s] -- Up-to-date symlink: /home/mael/ros2_ws/install/zed_interfaces/share/zed_interfaces/environment/library_path.sh
[3.043s] -- Up-to-date symlink: /home/mael/ros2_ws/install/zed_interfaces/share/zed_interfaces/environment/library_path.dsv
[3.045s] -- Up-to-date symlink: /home/mael/ros2_ws/install/zed_interfaces/include/zed_interfaces/zed_interfaces/msg/detail/bounding_box2_df__rosidl_typesupport_fastrtps_c.h
[3.045s] -- Up-to-date symlink: /home/mael/ros2_ws/install/zed_interfaces/include/zed_interfaces/zed_interfaces/msg/detail/bounding_box2_di__rosidl_typesupport_fastrtps_c.h
[3.045s] -- Up-to-date symlink: /home/mael/ros2_ws/install/zed_interfaces/include/zed_interfaces/zed_interfaces/msg/detail/bounding_box3_d__rosidl_typesupport_fastrtps_c.h
[3.045s] -- Up-to-date symlink: /home/mael/ros2_ws/install/zed_interfaces/include/zed_interfaces/zed_interfaces/msg/detail/depth_info_stamped__rosidl_typesupport_fastrtps_c.h
[3.046s] -- Up-to-date symlink: /home/mael/ros2_ws/install/zed_interfaces/include/zed_interfaces/zed_interfaces/msg/detail/heartbeat__rosidl_typesupport_fastrtps_c.h
[3.046s] -- Up-to-date symlink: /home/mael/ros2_ws/install/zed_interfaces/include/zed_interfaces/zed_interfaces/msg/detail/keypoint2_df__rosidl_typesupport_fastrtps_c.h
[3.046s] -- Up-to-date symlink: /home/mael/ros2_ws/install/zed_interfaces/include/zed_interfaces/zed_interfaces/msg/detail/keypoint2_di__rosidl_typesupport_fastrtps_c.h
[3.046s] -- Up-to-date symlink: /home/mael/ros2_ws/install/zed_interfaces/include/zed_interfaces/zed_interfaces/msg/detail/keypoint3_d__rosidl_typesupport_fastrtps_c.h
[3.046s] -- Up-to-date symlink: /home/mael/ros2_ws/install/zed_interfaces/include/zed_interfaces/zed_interfaces/msg/detail/object__rosidl_typesupport_fastrtps_c.h
[3.047s] -- Up-to-date symlink: /home/mael/ros2_ws/install/zed_interfaces/include/zed_interfaces/zed_interfaces/msg/detail/objects_stamped__rosidl_typesupport_fastrtps_c.h
[3.047s] -- Up-to-date symlink: /home/mael/ros2_ws/install/zed_interfaces/include/zed_interfaces/zed_interfaces/msg/detail/plane_stamped__rosidl_typesupport_fastrtps_c.h
[3.047s] -- Up-to-date symlink: /home/mael/ros2_ws/install/zed_interfaces/include/zed_interfaces/zed_interfaces/msg/detail/pos_track_status__rosidl_typesupport_fastrtps_c.h
[3.047s] -- Up-to-date symlink: /home/mael/ros2_ws/install/zed_interfaces/include/zed_interfaces/zed_interfaces/msg/detail/skeleton2_d__rosidl_typesupport_fastrtps_c.h
[3.047s] -- Up-to-date symlink: /home/mael/ros2_ws/install/zed_interfaces/include/zed_interfaces/zed_interfaces/msg/detail/skeleton3_d__rosidl_typesupport_fastrtps_c.h
[3.048s] -- Up-to-date symlink: /home/mael/ros2_ws/install/zed_interfaces/include/zed_interfaces/zed_interfaces/msg/rosidl_typesupport_fastrtps_c__visibility_control.h
[3.048s] -- Up-to-date symlink: /home/mael/ros2_ws/install/zed_interfaces/include/zed_interfaces/zed_interfaces/srv/detail/set_pose__rosidl_typesupport_fastrtps_c.h
[3.048s] -- Up-to-date symlink: /home/mael/ros2_ws/install/zed_interfaces/include/zed_interfaces/zed_interfaces/srv/detail/set_roi__rosidl_typesupport_fastrtps_c.h
[3.048s] -- Up-to-date symlink: /home/mael/ros2_ws/install/zed_interfaces/include/zed_interfaces/zed_interfaces/srv/detail/start_svo_rec__rosidl_typesupport_fastrtps_c.h
[3.050s] -- Up-to-date symlink: /home/mael/ros2_ws/install/zed_interfaces/include/zed_interfaces/zed_interfaces/msg/bounding_box2_df.hpp
[3.050s] -- Up-to-date symlink: /home/mael/ros2_ws/install/zed_interfaces/include/zed_interfaces/zed_interfaces/msg/bounding_box2_di.hpp
[3.050s] -- Up-to-date symlink: /home/mael/ros2_ws/install/zed_interfaces/include/zed_interfaces/zed_interfaces/msg/bounding_box3_d.hpp
[3.051s] -- Up-to-date symlink: /home/mael/ros2_ws/install/zed_interfaces/include/zed_interfaces/zed_interfaces/msg/depth_info_stamped.hpp
[3.051s] -- Up-to-date symlink: /home/mael/ros2_ws/install/zed_interfaces/include/zed_interfaces/zed_interfaces/msg/detail/bounding_box2_df__builder.hpp
[3.051s] -- Up-to-date symlink: /home/mael/ros2_ws/install/zed_interfaces/include/zed_interfaces/zed_interfaces/msg/detail/bounding_box2_df__struct.hpp
[3.052s] -- Up-to-date symlink: /home/mael/ros2_ws/install/zed_interfaces/include/zed_interfaces/zed_interfaces/msg/detail/bounding_box2_df__traits.hpp
[3.052s] -- Up-to-date symlink: /home/mael/ros2_ws/install/zed_interfaces/include/zed_interfaces/zed_interfaces/msg/detail/bounding_box2_di__builder.hpp
[3.053s] -- Up-to-date symlink: /home/mael/ros2_ws/install/zed_interfaces/include/zed_interfaces/zed_interfaces/msg/detail/bounding_box2_di__struct.hpp
[3.053s] -- Up-to-date symlink: /home/mael/ros2_ws/install/zed_interfaces/include/zed_interfaces/zed_interfaces/msg/detail/bounding_box2_di__traits.hpp
[3.053s] -- Up-to-date symlink: /home/mael/ros2_ws/install/zed_interfaces/include/zed_interfaces/zed_interfaces/msg/detail/bounding_box3_d__builder.hpp
[3.054s] -- Up-to-date symlink: /home/mael/ros2_ws/install/zed_interfaces/include/zed_interfaces/zed_interfaces/msg/detail/bounding_box3_d__struct.hpp
[3.054s] -- Up-to-date symlink: /home/mael/ros2_ws/install/zed_interfaces/include/zed_interfaces/zed_interfaces/msg/detail/bounding_box3_d__traits.hpp
[3.054s] -- Up-to-date symlink: /home/mael/ros2_ws/install/zed_interfaces/include/zed_interfaces/zed_interfaces/msg/detail/depth_info_stamped__builder.hpp
[3.055s] -- Up-to-date symlink: /home/mael/ros2_ws/install/zed_interfaces/include/zed_interfaces/zed_interfaces/msg/detail/depth_info_stamped__struct.hpp
[3.055s] -- Up-to-date symlink: /home/mael/ros2_ws/install/zed_interfaces/include/zed_interfaces/zed_interfaces/msg/detail/depth_info_stamped__traits.hpp
[3.055s] -- Up-to-date symlink: /home/mael/ros2_ws/install/zed_interfaces/include/zed_interfaces/zed_interfaces/msg/detail/heartbeat__builder.hpp
[3.056s] -- Up-to-date symlink: /home/mael/ros2_ws/install/zed_interfaces/include/zed_interfaces/zed_interfaces/msg/detail/heartbeat__struct.hpp
[3.056s] -- Up-to-date symlink: /home/mael/ros2_ws/install/zed_interfaces/include/zed_interfaces/zed_interfaces/msg/detail/heartbeat__traits.hpp
[3.056s] -- Up-to-date symlink: /home/mael/ros2_ws/install/zed_interfaces/include/zed_interfaces/zed_interfaces/msg/detail/keypoint2_df__builder.hpp
[3.056s] -- Up-to-date symlink: /home/mael/ros2_ws/install/zed_interfaces/include/zed_interfaces/zed_interfaces/msg/detail/keypoint2_df__struct.hpp
[3.057s] -- Up-to-date symlink: /home/mael/ros2_ws/install/zed_interfaces/include/zed_interfaces/zed_interfaces/msg/detail/keypoint2_df__traits.hpp
[3.057s] -- Up-to-date symlink: /home/mael/ros2_ws/install/zed_interfaces/include/zed_interfaces/zed_interfaces/msg/detail/keypoint2_di__builder.hpp
[3.057s] -- Up-to-date symlink: /home/mael/ros2_ws/install/zed_interfaces/include/zed_interfaces/zed_interfaces/msg/detail/keypoint2_di__struct.hpp
[3.057s] -- Up-to-date symlink: /home/mael/ros2_ws/install/zed_interfaces/include/zed_interfaces/zed_interfaces/msg/detail/keypoint2_di__traits.hpp
[3.057s] -- Up-to-date symlink: /home/mael/ros2_ws/install/zed_interfaces/include/zed_interfaces/zed_interfaces/msg/detail/keypoint3_d__builder.hpp
[3.058s] -- Up-to-date symlink: /home/mael/ros2_ws/install/zed_interfaces/include/zed_interfaces/zed_interfaces/msg/detail/keypoint3_d__struct.hpp
[3.058s] -- Up-to-date symlink: /home/mael/ros2_ws/install/zed_interfaces/include/zed_interfaces/zed_interfaces/msg/detail/keypoint3_d__traits.hpp
[3.058s] -- Up-to-date symlink: /home/mael/ros2_ws/install/zed_interfaces/include/zed_interfaces/zed_interfaces/msg/detail/object__builder.hpp
[3.058s] -- Up-to-date symlink: /home/mael/ros2_ws/install/zed_interfaces/include/zed_interfaces/zed_interfaces/msg/detail/object__struct.hpp
[3.058s] -- Up-to-date symlink: /home/mael/ros2_ws/install/zed_interfaces/include/zed_interfaces/zed_interfaces/msg/detail/object__traits.hpp
[3.059s] -- Up-to-date symlink: /home/mael/ros2_ws/install/zed_interfaces/include/zed_interfaces/zed_interfaces/msg/detail/objects_stamped__builder.hpp
[3.059s] -- Up-to-date symlink: /home/mael/ros2_ws/install/zed_interfaces/include/zed_interfaces/zed_interfaces/msg/detail/objects_stamped__struct.hpp
[3.059s] -- Up-to-date symlink: /home/mael/ros2_ws/install/zed_interfaces/include/zed_interfaces/zed_interfaces/msg/detail/objects_stamped__traits.hpp
[3.059s] -- Up-to-date symlink: /home/mael/ros2_ws/install/zed_interfaces/include/zed_interfaces/zed_interfaces/msg/detail/plane_stamped__builder.hpp
[3.059s] -- Up-to-date symlink: /home/mael/ros2_ws/install/zed_interfaces/include/zed_interfaces/zed_interfaces/msg/detail/plane_stamped__struct.hpp
[3.060s] -- Up-to-date symlink: /home/mael/ros2_ws/install/zed_interfaces/include/zed_interfaces/zed_interfaces/msg/detail/plane_stamped__traits.hpp
[3.060s] -- Up-to-date symlink: /home/mael/ros2_ws/install/zed_interfaces/include/zed_interfaces/zed_interfaces/msg/detail/pos_track_status__builder.hpp
[3.060s] -- Up-to-date symlink: /home/mael/ros2_ws/install/zed_interfaces/include/zed_interfaces/zed_interfaces/msg/detail/pos_track_status__struct.hpp
[3.061s] -- Up-to-date symlink: /home/mael/ros2_ws/install/zed_interfaces/include/zed_interfaces/zed_interfaces/msg/detail/pos_track_status__traits.hpp
[3.061s] -- Up-to-date symlink: /home/mael/ros2_ws/install/zed_interfaces/include/zed_interfaces/zed_interfaces/msg/detail/skeleton2_d__builder.hpp
[3.061s] -- Up-to-date symlink: /home/mael/ros2_ws/install/zed_interfaces/include/zed_interfaces/zed_interfaces/msg/detail/skeleton2_d__struct.hpp
[3.062s] -- Up-to-date symlink: /home/mael/ros2_ws/install/zed_interfaces/include/zed_interfaces/zed_interfaces/msg/detail/skeleton2_d__traits.hpp
[3.062s] -- Up-to-date symlink: /home/mael/ros2_ws/install/zed_interfaces/include/zed_interfaces/zed_interfaces/msg/detail/skeleton3_d__builder.hpp
[3.063s] -- Up-to-date symlink: /home/mael/ros2_ws/install/zed_interfaces/include/zed_interfaces/zed_interfaces/msg/detail/skeleton3_d__struct.hpp
[3.063s] -- Up-to-date symlink: /home/mael/ros2_ws/install/zed_interfaces/include/zed_interfaces/zed_interfaces/msg/detail/skeleton3_d__traits.hpp
[3.063s] -- Up-to-date symlink: /home/mael/ros2_ws/install/zed_interfaces/include/zed_interfaces/zed_interfaces/msg/heartbeat.hpp
[3.064s] -- Up-to-date symlink: /home/mael/ros2_ws/install/zed_interfaces/include/zed_interfaces/zed_interfaces/msg/keypoint2_df.hpp
[3.064s] -- Up-to-date symlink: /home/mael/ros2_ws/install/zed_interfaces/include/zed_interfaces/zed_interfaces/msg/keypoint2_di.hpp
[3.064s] -- Up-to-date symlink: /home/mael/ros2_ws/install/zed_interfaces/include/zed_interfaces/zed_interfaces/msg/keypoint3_d.hpp
[3.064s] -- Up-to-date symlink: /home/mael/ros2_ws/install/zed_interfaces/include/zed_interfaces/zed_interfaces/msg/object.hpp
[3.064s] -- Up-to-date symlink: /home/mael/ros2_ws/install/zed_interfaces/include/zed_interfaces/zed_interfaces/msg/objects_stamped.hpp
[3.064s] -- Up-to-date symlink: /home/mael/ros2_ws/install/zed_interfaces/include/zed_interfaces/zed_interfaces/msg/plane_stamped.hpp
[3.065s] -- Up-to-date symlink: /home/mael/ros2_ws/install/zed_interfaces/include/zed_interfaces/zed_interfaces/msg/pos_track_status.hpp
[3.065s] -- Up-to-date symlink: /home/mael/ros2_ws/install/zed_interfaces/include/zed_interfaces/zed_interfaces/msg/skeleton2_d.hpp
[3.065s] -- Up-to-date symlink: /home/mael/ros2_ws/install/zed_interfaces/include/zed_interfaces/zed_interfaces/msg/skeleton3_d.hpp
[3.065s] -- Up-to-date symlink: /home/mael/ros2_ws/install/zed_interfaces/include/zed_interfaces/zed_interfaces/srv/detail/set_pose__builder.hpp
[3.065s] -- Up-to-date symlink: /home/mael/ros2_ws/install/zed_interfaces/include/zed_interfaces/zed_interfaces/srv/detail/set_pose__struct.hpp
[3.066s] -- Up-to-date symlink: /home/mael/ros2_ws/install/zed_interfaces/include/zed_interfaces/zed_interfaces/srv/detail/set_pose__traits.hpp
[3.066s] -- Up-to-date symlink: /home/mael/ros2_ws/install/zed_interfaces/include/zed_interfaces/zed_interfaces/srv/detail/set_roi__builder.hpp
[3.066s] -- Up-to-date symlink: /home/mael/ros2_ws/install/zed_interfaces/include/zed_interfaces/zed_interfaces/srv/detail/set_roi__struct.hpp
[3.066s] -- Up-to-date symlink: /home/mael/ros2_ws/install/zed_interfaces/include/zed_interfaces/zed_interfaces/srv/detail/set_roi__traits.hpp
[3.066s] -- Up-to-date symlink: /home/mael/ros2_ws/install/zed_interfaces/include/zed_interfaces/zed_interfaces/srv/detail/start_svo_rec__builder.hpp
[3.067s] -- Up-to-date symlink: /home/mael/ros2_ws/install/zed_interfaces/include/zed_interfaces/zed_interfaces/srv/detail/start_svo_rec__struct.hpp
[3.067s] -- Up-to-date symlink: /home/mael/ros2_ws/install/zed_interfaces/include/zed_interfaces/zed_interfaces/srv/detail/start_svo_rec__traits.hpp
[3.067s] -- Up-to-date symlink: /home/mael/ros2_ws/install/zed_interfaces/include/zed_interfaces/zed_interfaces/srv/set_pose.hpp
[3.067s] -- Up-to-date symlink: /home/mael/ros2_ws/install/zed_interfaces/include/zed_interfaces/zed_interfaces/srv/set_roi.hpp
[3.067s] -- Up-to-date symlink: /home/mael/ros2_ws/install/zed_interfaces/include/zed_interfaces/zed_interfaces/srv/start_svo_rec.hpp
[3.069s] -- Up-to-date symlink: /home/mael/ros2_ws/install/zed_interfaces/include/zed_interfaces/zed_interfaces/msg/detail/bounding_box2_df__rosidl_typesupport_fastrtps_cpp.hpp
[3.070s] -- Up-to-date symlink: /home/mael/ros2_ws/install/zed_interfaces/include/zed_interfaces/zed_interfaces/msg/detail/bounding_box2_di__rosidl_typesupport_fastrtps_cpp.hpp
[3.070s] -- Up-to-date symlink: /home/mael/ros2_ws/install/zed_interfaces/include/zed_interfaces/zed_interfaces/msg/detail/bounding_box3_d__rosidl_typesupport_fastrtps_cpp.hpp
[3.070s] -- Up-to-date symlink: /home/mael/ros2_ws/install/zed_interfaces/include/zed_interfaces/zed_interfaces/msg/detail/depth_info_stamped__rosidl_typesupport_fastrtps_cpp.hpp
[3.070s] -- Up-to-date symlink: /home/mael/ros2_ws/install/zed_interfaces/include/zed_interfaces/zed_interfaces/msg/detail/heartbeat__rosidl_typesupport_fastrtps_cpp.hpp
[3.070s] -- Up-to-date symlink: /home/mael/ros2_ws/install/zed_interfaces/include/zed_interfaces/zed_interfaces/msg/detail/keypoint2_df__rosidl_typesupport_fastrtps_cpp.hpp
[3.071s] -- Up-to-date symlink: /home/mael/ros2_ws/install/zed_interfaces/include/zed_interfaces/zed_interfaces/msg/detail/keypoint2_di__rosidl_typesupport_fastrtps_cpp.hpp
[3.071s] -- Up-to-date symlink: /home/mael/ros2_ws/install/zed_interfaces/include/zed_interfaces/zed_interfaces/msg/detail/keypoint3_d__rosidl_typesupport_fastrtps_cpp.hpp
[3.071s] -- Up-to-date symlink: /home/mael/ros2_ws/install/zed_interfaces/include/zed_interfaces/zed_interfaces/msg/detail/object__rosidl_typesupport_fastrtps_cpp.hpp
[3.071s] -- Up-to-date symlink: /home/mael/ros2_ws/install/zed_interfaces/include/zed_interfaces/zed_interfaces/msg/detail/objects_stamped__rosidl_typesupport_fastrtps_cpp.hpp
[3.072s] -- Up-to-date symlink: /home/mael/ros2_ws/install/zed_interfaces/include/zed_interfaces/zed_interfaces/msg/detail/plane_stamped__rosidl_typesupport_fastrtps_cpp.hpp
[3.072s] -- Up-to-date symlink: /home/mael/ros2_ws/install/zed_interfaces/include/zed_interfaces/zed_interfaces/msg/detail/pos_track_status__rosidl_typesupport_fastrtps_cpp.hpp
[3.072s] -- Up-to-date symlink: /home/mael/ros2_ws/install/zed_interfaces/include/zed_interfaces/zed_interfaces/msg/detail/skeleton2_d__rosidl_typesupport_fastrtps_cpp.hpp
[3.072s] -- Up-to-date symlink: /home/mael/ros2_ws/install/zed_interfaces/include/zed_interfaces/zed_interfaces/msg/detail/skeleton3_d__rosidl_typesupport_fastrtps_cpp.hpp
[3.073s] -- Up-to-date symlink: /home/mael/ros2_ws/install/zed_interfaces/include/zed_interfaces/zed_interfaces/msg/rosidl_typesupport_fastrtps_cpp__visibility_control.h
[3.073s] -- Up-to-date symlink: /home/mael/ros2_ws/install/zed_interfaces/include/zed_interfaces/zed_interfaces/srv/detail/set_pose__rosidl_typesupport_fastrtps_cpp.hpp
[3.074s] -- Up-to-date symlink: /home/mael/ros2_ws/install/zed_interfaces/include/zed_interfaces/zed_interfaces/srv/detail/set_roi__rosidl_typesupport_fastrtps_cpp.hpp
[3.074s] -- Up-to-date symlink: /home/mael/ros2_ws/install/zed_interfaces/include/zed_interfaces/zed_interfaces/srv/detail/start_svo_rec__rosidl_typesupport_fastrtps_cpp.hpp
[3.076s] -- Up-to-date symlink: /home/mael/ros2_ws/install/zed_interfaces/include/zed_interfaces/zed_interfaces/msg/detail/bounding_box2_df__rosidl_typesupport_introspection_c.h
[3.076s] -- Up-to-date symlink: /home/mael/ros2_ws/install/zed_interfaces/include/zed_interfaces/zed_interfaces/msg/detail/bounding_box2_di__rosidl_typesupport_introspection_c.h
[3.076s] -- Up-to-date symlink: /home/mael/ros2_ws/install/zed_interfaces/include/zed_interfaces/zed_interfaces/msg/detail/bounding_box3_d__rosidl_typesupport_introspection_c.h
[3.076s] -- Up-to-date symlink: /home/mael/ros2_ws/install/zed_interfaces/include/zed_interfaces/zed_interfaces/msg/detail/depth_info_stamped__rosidl_typesupport_introspection_c.h
[3.077s] -- Up-to-date symlink: /home/mael/ros2_ws/install/zed_interfaces/include/zed_interfaces/zed_interfaces/msg/detail/heartbeat__rosidl_typesupport_introspection_c.h
[3.077s] -- Up-to-date symlink: /home/mael/ros2_ws/install/zed_interfaces/include/zed_interfaces/zed_interfaces/msg/detail/keypoint2_df__rosidl_typesupport_introspection_c.h
[3.078s] -- Up-to-date symlink: /home/mael/ros2_ws/install/zed_interfaces/include/zed_interfaces/zed_interfaces/msg/detail/keypoint2_di__rosidl_typesupport_introspection_c.h
[3.078s] -- Up-to-date symlink: /home/mael/ros2_ws/install/zed_interfaces/include/zed_interfaces/zed_interfaces/msg/detail/keypoint3_d__rosidl_typesupport_introspection_c.h
[3.078s] -- Up-to-date symlink: /home/mael/ros2_ws/install/zed_interfaces/include/zed_interfaces/zed_interfaces/msg/detail/object__rosidl_typesupport_introspection_c.h
[3.079s] -- Up-to-date symlink: /home/mael/ros2_ws/install/zed_interfaces/include/zed_interfaces/zed_interfaces/msg/detail/objects_stamped__rosidl_typesupport_introspection_c.h
[3.079s] -- Up-to-date symlink: /home/mael/ros2_ws/install/zed_interfaces/include/zed_interfaces/zed_interfaces/msg/detail/plane_stamped__rosidl_typesupport_introspection_c.h
[3.080s] -- Up-to-date symlink: /home/mael/ros2_ws/install/zed_interfaces/include/zed_interfaces/zed_interfaces/msg/detail/pos_track_status__rosidl_typesupport_introspection_c.h
[3.080s] -- Up-to-date symlink: /home/mael/ros2_ws/install/zed_interfaces/include/zed_interfaces/zed_interfaces/msg/detail/skeleton2_d__rosidl_typesupport_introspection_c.h
[3.080s] -- Up-to-date symlink: /home/mael/ros2_ws/install/zed_interfaces/include/zed_interfaces/zed_interfaces/msg/detail/skeleton3_d__rosidl_typesupport_introspection_c.h
[3.080s] -- Up-to-date symlink: /home/mael/ros2_ws/install/zed_interfaces/include/zed_interfaces/zed_interfaces/msg/rosidl_typesupport_introspection_c__visibility_control.h
[3.080s] -- Up-to-date symlink: /home/mael/ros2_ws/install/zed_interfaces/include/zed_interfaces/zed_interfaces/srv/detail/set_pose__rosidl_typesupport_introspection_c.h
[3.080s] -- Up-to-date symlink: /home/mael/ros2_ws/install/zed_interfaces/include/zed_interfaces/zed_interfaces/srv/detail/set_roi__rosidl_typesupport_introspection_c.h
[3.081s] -- Up-to-date symlink: /home/mael/ros2_ws/install/zed_interfaces/include/zed_interfaces/zed_interfaces/srv/detail/start_svo_rec__rosidl_typesupport_introspection_c.h
[3.082s] -- Up-to-date symlink: /home/mael/ros2_ws/install/zed_interfaces/include/zed_interfaces/zed_interfaces/msg/detail/bounding_box2_df__rosidl_typesupport_introspection_cpp.hpp
[3.082s] -- Up-to-date symlink: /home/mael/ros2_ws/install/zed_interfaces/include/zed_interfaces/zed_interfaces/msg/detail/bounding_box2_di__rosidl_typesupport_introspection_cpp.hpp
[3.082s] -- Up-to-date symlink: /home/mael/ros2_ws/install/zed_interfaces/include/zed_interfaces/zed_interfaces/msg/detail/bounding_box3_d__rosidl_typesupport_introspection_cpp.hpp
[3.082s] -- Up-to-date symlink: /home/mael/ros2_ws/install/zed_interfaces/include/zed_interfaces/zed_interfaces/msg/detail/depth_info_stamped__rosidl_typesupport_introspection_cpp.hpp
[3.083s] -- Up-to-date symlink: /home/mael/ros2_ws/install/zed_interfaces/include/zed_interfaces/zed_interfaces/msg/detail/heartbeat__rosidl_typesupport_introspection_cpp.hpp
[3.083s] -- Up-to-date symlink: /home/mael/ros2_ws/install/zed_interfaces/include/zed_interfaces/zed_interfaces/msg/detail/keypoint2_df__rosidl_typesupport_introspection_cpp.hpp
[3.083s] -- Up-to-date symlink: /home/mael/ros2_ws/install/zed_interfaces/include/zed_interfaces/zed_interfaces/msg/detail/keypoint2_di__rosidl_typesupport_introspection_cpp.hpp
[3.083s] -- Up-to-date symlink: /home/mael/ros2_ws/install/zed_interfaces/include/zed_interfaces/zed_interfaces/msg/detail/keypoint3_d__rosidl_typesupport_introspection_cpp.hpp
[3.083s] -- Up-to-date symlink: /home/mael/ros2_ws/install/zed_interfaces/include/zed_interfaces/zed_interfaces/msg/detail/object__rosidl_typesupport_introspection_cpp.hpp
[3.084s] -- Up-to-date symlink: /home/mael/ros2_ws/install/zed_interfaces/include/zed_interfaces/zed_interfaces/msg/detail/objects_stamped__rosidl_typesupport_introspection_cpp.hpp
[3.084s] -- Up-to-date symlink: /home/mael/ros2_ws/install/zed_interfaces/include/zed_interfaces/zed_interfaces/msg/detail/plane_stamped__rosidl_typesupport_introspection_cpp.hpp
[3.084s] -- Up-to-date symlink: /home/mael/ros2_ws/install/zed_interfaces/include/zed_interfaces/zed_interfaces/msg/detail/pos_track_status__rosidl_typesupport_introspection_cpp.hpp
[3.084s] -- Up-to-date symlink: /home/mael/ros2_ws/install/zed_interfaces/include/zed_interfaces/zed_interfaces/msg/detail/skeleton2_d__rosidl_typesupport_introspection_cpp.hpp
[3.084s] -- Up-to-date symlink: /home/mael/ros2_ws/install/zed_interfaces/include/zed_interfaces/zed_interfaces/msg/detail/skeleton3_d__rosidl_typesupport_introspection_cpp.hpp
[3.084s] -- Up-to-date symlink: /home/mael/ros2_ws/install/zed_interfaces/include/zed_interfaces/zed_interfaces/srv/detail/set_pose__rosidl_typesupport_introspection_cpp.hpp
[3.085s] -- Up-to-date symlink: /home/mael/ros2_ws/install/zed_interfaces/include/zed_interfaces/zed_interfaces/srv/detail/set_roi__rosidl_typesupport_introspection_cpp.hpp
[3.085s] -- Up-to-date symlink: /home/mael/ros2_ws/install/zed_interfaces/include/zed_interfaces/zed_interfaces/srv/detail/start_svo_rec__rosidl_typesupport_introspection_cpp.hpp
[3.085s] -- Up-to-date symlink: /home/mael/ros2_ws/install/zed_interfaces/share/zed_interfaces/environment/pythonpath.sh
[3.085s] -- Up-to-date symlink: /home/mael/ros2_ws/install/zed_interfaces/share/zed_interfaces/environment/pythonpath.dsv
[3.086s] -- Up-to-date symlink: /home/mael/ros2_ws/install/zed_interfaces/local/lib/python3.10/dist-packages/zed_interfaces-4.0.0-py3.10.egg-info/PKG-INFO
[3.086s] -- Up-to-date symlink: /home/mael/ros2_ws/install/zed_interfaces/local/lib/python3.10/dist-packages/zed_interfaces-4.0.0-py3.10.egg-info/SOURCES.txt
[3.086s] -- Up-to-date symlink: /home/mael/ros2_ws/install/zed_interfaces/local/lib/python3.10/dist-packages/zed_interfaces-4.0.0-py3.10.egg-info/dependency_links.txt
[3.086s] -- Up-to-date symlink: /home/mael/ros2_ws/install/zed_interfaces/local/lib/python3.10/dist-packages/zed_interfaces-4.0.0-py3.10.egg-info/top_level.txt
[3.088s] -- Up-to-date symlink: /home/mael/ros2_ws/install/zed_interfaces/local/lib/python3.10/dist-packages/zed_interfaces/__init__.py
[3.089s] -- Up-to-date symlink: /home/mael/ros2_ws/install/zed_interfaces/local/lib/python3.10/dist-packages/zed_interfaces/_zed_interfaces_s.ep.rosidl_typesupport_c.c
[3.089s] -- Up-to-date symlink: /home/mael/ros2_ws/install/zed_interfaces/local/lib/python3.10/dist-packages/zed_interfaces/_zed_interfaces_s.ep.rosidl_typesupport_fastrtps_c.c
[3.089s] -- Up-to-date symlink: /home/mael/ros2_ws/install/zed_interfaces/local/lib/python3.10/dist-packages/zed_interfaces/_zed_interfaces_s.ep.rosidl_typesupport_introspection_c.c
[3.089s] -- Up-to-date symlink: /home/mael/ros2_ws/install/zed_interfaces/local/lib/python3.10/dist-packages/zed_interfaces/libzed_interfaces__rosidl_generator_py.so
[3.089s] -- Up-to-date symlink: /home/mael/ros2_ws/install/zed_interfaces/local/lib/python3.10/dist-packages/zed_interfaces/msg/__init__.py
[3.089s] -- Up-to-date symlink: /home/mael/ros2_ws/install/zed_interfaces/local/lib/python3.10/dist-packages/zed_interfaces/msg/_bounding_box2_df.py
[3.089s] -- Up-to-date symlink: /home/mael/ros2_ws/install/zed_interfaces/local/lib/python3.10/dist-packages/zed_interfaces/msg/_bounding_box2_df_s.c
[3.090s] -- Up-to-date symlink: /home/mael/ros2_ws/install/zed_interfaces/local/lib/python3.10/dist-packages/zed_interfaces/msg/_bounding_box2_di.py
[3.090s] -- Up-to-date symlink: /home/mael/ros2_ws/install/zed_interfaces/local/lib/python3.10/dist-packages/zed_interfaces/msg/_bounding_box2_di_s.c
[3.090s] -- Up-to-date symlink: /home/mael/ros2_ws/install/zed_interfaces/local/lib/python3.10/dist-packages/zed_interfaces/msg/_bounding_box3_d.py
[3.090s] -- Up-to-date symlink: /home/mael/ros2_ws/install/zed_interfaces/local/lib/python3.10/dist-packages/zed_interfaces/msg/_bounding_box3_d_s.c
[3.090s] -- Up-to-date symlink: /home/mael/ros2_ws/install/zed_interfaces/local/lib/python3.10/dist-packages/zed_interfaces/msg/_depth_info_stamped.py
[3.090s] -- Up-to-date symlink: /home/mael/ros2_ws/install/zed_interfaces/local/lib/python3.10/dist-packages/zed_interfaces/msg/_depth_info_stamped_s.c
[3.091s] -- Up-to-date symlink: /home/mael/ros2_ws/install/zed_interfaces/local/lib/python3.10/dist-packages/zed_interfaces/msg/_heartbeat.py
[3.091s] -- Up-to-date symlink: /home/mael/ros2_ws/install/zed_interfaces/local/lib/python3.10/dist-packages/zed_interfaces/msg/_heartbeat_s.c
[3.091s] -- Up-to-date symlink: /home/mael/ros2_ws/install/zed_interfaces/local/lib/python3.10/dist-packages/zed_interfaces/msg/_keypoint2_df.py
[3.091s] -- Up-to-date symlink: /home/mael/ros2_ws/install/zed_interfaces/local/lib/python3.10/dist-packages/zed_interfaces/msg/_keypoint2_df_s.c
[3.091s] -- Up-to-date symlink: /home/mael/ros2_ws/install/zed_interfaces/local/lib/python3.10/dist-packages/zed_interfaces/msg/_keypoint2_di.py
[3.091s] -- Up-to-date symlink: /home/mael/ros2_ws/install/zed_interfaces/local/lib/python3.10/dist-packages/zed_interfaces/msg/_keypoint2_di_s.c
[3.092s] -- Up-to-date symlink: /home/mael/ros2_ws/install/zed_interfaces/local/lib/python3.10/dist-packages/zed_interfaces/msg/_keypoint3_d.py
[3.092s] -- Up-to-date symlink: /home/mael/ros2_ws/install/zed_interfaces/local/lib/python3.10/dist-packages/zed_interfaces/msg/_keypoint3_d_s.c
[3.092s] -- Up-to-date symlink: /home/mael/ros2_ws/install/zed_interfaces/local/lib/python3.10/dist-packages/zed_interfaces/msg/_object.py
[3.093s] -- Up-to-date symlink: /home/mael/ros2_ws/install/zed_interfaces/local/lib/python3.10/dist-packages/zed_interfaces/msg/_object_s.c
[3.093s] -- Up-to-date symlink: /home/mael/ros2_ws/install/zed_interfaces/local/lib/python3.10/dist-packages/zed_interfaces/msg/_objects_stamped.py
[3.093s] -- Up-to-date symlink: /home/mael/ros2_ws/install/zed_interfaces/local/lib/python3.10/dist-packages/zed_interfaces/msg/_objects_stamped_s.c
[3.093s] -- Up-to-date symlink: /home/mael/ros2_ws/install/zed_interfaces/local/lib/python3.10/dist-packages/zed_interfaces/msg/_plane_stamped.py
[3.093s] -- Up-to-date symlink: /home/mael/ros2_ws/install/zed_interfaces/local/lib/python3.10/dist-packages/zed_interfaces/msg/_plane_stamped_s.c
[3.093s] -- Up-to-date symlink: /home/mael/ros2_ws/install/zed_interfaces/local/lib/python3.10/dist-packages/zed_interfaces/msg/_pos_track_status.py
[3.094s] -- Up-to-date symlink: /home/mael/ros2_ws/install/zed_interfaces/local/lib/python3.10/dist-packages/zed_interfaces/msg/_pos_track_status_s.c
[3.094s] -- Up-to-date symlink: /home/mael/ros2_ws/install/zed_interfaces/local/lib/python3.10/dist-packages/zed_interfaces/msg/_skeleton2_d.py
[3.094s] -- Up-to-date symlink: /home/mael/ros2_ws/install/zed_interfaces/local/lib/python3.10/dist-packages/zed_interfaces/msg/_skeleton2_d_s.c
[3.094s] -- Up-to-date symlink: /home/mael/ros2_ws/install/zed_interfaces/local/lib/python3.10/dist-packages/zed_interfaces/msg/_skeleton3_d.py
[3.095s] -- Up-to-date symlink: /home/mael/ros2_ws/install/zed_interfaces/local/lib/python3.10/dist-packages/zed_interfaces/msg/_skeleton3_d_s.c
[3.095s] -- Up-to-date symlink: /home/mael/ros2_ws/install/zed_interfaces/local/lib/python3.10/dist-packages/zed_interfaces/srv/__init__.py
[3.095s] -- Up-to-date symlink: /home/mael/ros2_ws/install/zed_interfaces/local/lib/python3.10/dist-packages/zed_interfaces/srv/_set_pose.py
[3.096s] -- Up-to-date symlink: /home/mael/ros2_ws/install/zed_interfaces/local/lib/python3.10/dist-packages/zed_interfaces/srv/_set_pose_s.c
[3.096s] -- Up-to-date symlink: /home/mael/ros2_ws/install/zed_interfaces/local/lib/python3.10/dist-packages/zed_interfaces/srv/_set_roi.py
[3.097s] -- Up-to-date symlink: /home/mael/ros2_ws/install/zed_interfaces/local/lib/python3.10/dist-packages/zed_interfaces/srv/_set_roi_s.c
[3.097s] -- Up-to-date symlink: /home/mael/ros2_ws/install/zed_interfaces/local/lib/python3.10/dist-packages/zed_interfaces/srv/_start_svo_rec.py
[3.098s] -- Up-to-date symlink: /home/mael/ros2_ws/install/zed_interfaces/local/lib/python3.10/dist-packages/zed_interfaces/srv/_start_svo_rec_s.c
[3.098s] -- Up-to-date symlink: /home/mael/ros2_ws/install/zed_interfaces/local/lib/python3.10/dist-packages/zed_interfaces/zed_interfaces_s__rosidl_typesupport_c.cpython-310-x86_64-linux-gnu.so
[3.098s] -- Up-to-date symlink: /home/mael/ros2_ws/install/zed_interfaces/local/lib/python3.10/dist-packages/zed_interfaces/zed_interfaces_s__rosidl_typesupport_fastrtps_c.cpython-310-x86_64-linux-gnu.so
[3.098s] -- Up-to-date symlink: /home/mael/ros2_ws/install/zed_interfaces/local/lib/python3.10/dist-packages/zed_interfaces/zed_interfaces_s__rosidl_typesupport_introspection_c.cpython-310-x86_64-linux-gnu.so
[3.098s] -- Up-to-date symlink: /home/mael/ros2_ws/install/zed_interfaces/local/lib/python3.10/dist-packages/zed_interfaces/zed_interfaces_s__rosidl_typesupport_fastrtps_c.cpython-310-x86_64-linux-gnu.so
[3.098s] -- Up-to-date symlink: /home/mael/ros2_ws/install/zed_interfaces/local/lib/python3.10/dist-packages/zed_interfaces/zed_interfaces_s__rosidl_typesupport_introspection_c.cpython-310-x86_64-linux-gnu.so
[3.098s] -- Up-to-date symlink: /home/mael/ros2_ws/install/zed_interfaces/local/lib/python3.10/dist-packages/zed_interfaces/zed_interfaces_s__rosidl_typesupport_c.cpython-310-x86_64-linux-gnu.so
[3.099s] -- Up-to-date symlink: /home/mael/ros2_ws/install/zed_interfaces/share/zed_interfaces/msg/Object.idl
[3.099s] -- Up-to-date symlink: /home/mael/ros2_ws/install/zed_interfaces/share/zed_interfaces/msg/ObjectsStamped.idl
[3.099s] -- Up-to-date symlink: /home/mael/ros2_ws/install/zed_interfaces/share/zed_interfaces/msg/Keypoint2Di.idl
[3.101s] -- Up-to-date symlink: /home/mael/ros2_ws/install/zed_interfaces/share/zed_interfaces/msg/Keypoint2Df.idl
[3.101s] -- Up-to-date symlink: /home/mael/ros2_ws/install/zed_interfaces/share/zed_interfaces/msg/Keypoint3D.idl
[3.101s] -- Up-to-date symlink: /home/mael/ros2_ws/install/zed_interfaces/share/zed_interfaces/msg/BoundingBox2Di.idl
[3.101s] -- Up-to-date symlink: /home/mael/ros2_ws/install/zed_interfaces/share/zed_interfaces/msg/BoundingBox2Df.idl
[3.101s] -- Up-to-date symlink: /home/mael/ros2_ws/install/zed_interfaces/share/zed_interfaces/msg/BoundingBox3D.idl
[3.101s] -- Up-to-date symlink: /home/mael/ros2_ws/install/zed_interfaces/share/zed_interfaces/msg/Skeleton2D.idl
[3.102s] -- Up-to-date symlink: /home/mael/ros2_ws/install/zed_interfaces/share/zed_interfaces/msg/Skeleton3D.idl
[3.102s] -- Up-to-date symlink: /home/mael/ros2_ws/install/zed_interfaces/share/zed_interfaces/msg/DepthInfoStamped.idl
[3.103s] -- Up-to-date symlink: /home/mael/ros2_ws/install/zed_interfaces/share/zed_interfaces/msg/PlaneStamped.idl
[3.103s] -- Up-to-date symlink: /home/mael/ros2_ws/install/zed_interfaces/share/zed_interfaces/msg/PosTrackStatus.idl
[3.103s] -- Up-to-date symlink: /home/mael/ros2_ws/install/zed_interfaces/share/zed_interfaces/msg/Heartbeat.idl
[3.103s] -- Up-to-date symlink: /home/mael/ros2_ws/install/zed_interfaces/share/zed_interfaces/srv/SetPose.idl
[3.103s] -- Up-to-date symlink: /home/mael/ros2_ws/install/zed_interfaces/share/zed_interfaces/srv/StartSvoRec.idl
[3.104s] -- Up-to-date symlink: /home/mael/ros2_ws/install/zed_interfaces/share/zed_interfaces/srv/SetROI.idl
[3.104s] -- Up-to-date symlink: /home/mael/ros2_ws/install/zed_interfaces/share/zed_interfaces/msg/Object.msg
[3.104s] -- Up-to-date symlink: /home/mael/ros2_ws/install/zed_interfaces/share/zed_interfaces/msg/ObjectsStamped.msg
[3.105s] -- Up-to-date symlink: /home/mael/ros2_ws/install/zed_interfaces/share/zed_interfaces/msg/Keypoint2Di.msg
[3.105s] -- Up-to-date symlink: /home/mael/ros2_ws/install/zed_interfaces/share/zed_interfaces/msg/Keypoint2Df.msg
[3.105s] -- Up-to-date symlink: /home/mael/ros2_ws/install/zed_interfaces/share/zed_interfaces/msg/Keypoint3D.msg
[3.105s] -- Up-to-date symlink: /home/mael/ros2_ws/install/zed_interfaces/share/zed_interfaces/msg/BoundingBox2Di.msg
[3.106s] -- Up-to-date symlink: /home/mael/ros2_ws/install/zed_interfaces/share/zed_interfaces/msg/BoundingBox2Df.msg
[3.106s] -- Up-to-date symlink: /home/mael/ros2_ws/install/zed_interfaces/share/zed_interfaces/msg/BoundingBox3D.msg
[3.106s] -- Up-to-date symlink: /home/mael/ros2_ws/install/zed_interfaces/share/zed_interfaces/msg/Skeleton2D.msg
[3.106s] -- Up-to-date symlink: /home/mael/ros2_ws/install/zed_interfaces/share/zed_interfaces/msg/Skeleton3D.msg
[3.107s] -- Up-to-date symlink: /home/mael/ros2_ws/install/zed_interfaces/share/zed_interfaces/msg/DepthInfoStamped.msg
[3.107s] -- Up-to-date symlink: /home/mael/ros2_ws/install/zed_interfaces/share/zed_interfaces/msg/PlaneStamped.msg
[3.107s] -- Up-to-date symlink: /home/mael/ros2_ws/install/zed_interfaces/share/zed_interfaces/msg/PosTrackStatus.msg
[3.108s] -- Up-to-date symlink: /home/mael/ros2_ws/install/zed_interfaces/share/zed_interfaces/msg/Heartbeat.msg
[3.108s] -- Up-to-date symlink: /home/mael/ros2_ws/install/zed_interfaces/share/zed_interfaces/srv/SetPose.srv
[3.108s] -- Up-to-date symlink: /home/mael/ros2_ws/install/zed_interfaces/share/zed_interfaces/srv/SetPose_Request.msg
[3.108s] -- Up-to-date symlink: /home/mael/ros2_ws/install/zed_interfaces/share/zed_interfaces/srv/SetPose_Response.msg
[3.109s] -- Up-to-date symlink: /home/mael/ros2_ws/install/zed_interfaces/share/zed_interfaces/srv/StartSvoRec.srv
[3.109s] -- Up-to-date symlink: /home/mael/ros2_ws/install/zed_interfaces/share/zed_interfaces/srv/StartSvoRec_Request.msg
[3.109s] -- Up-to-date symlink: /home/mael/ros2_ws/install/zed_interfaces/share/zed_interfaces/srv/StartSvoRec_Response.msg
[3.109s] -- Up-to-date symlink: /home/mael/ros2_ws/install/zed_interfaces/share/zed_interfaces/srv/SetROI.srv
[3.110s] -- Up-to-date symlink: /home/mael/ros2_ws/install/zed_interfaces/share/zed_interfaces/srv/SetROI_Request.msg
[3.110s] -- Up-to-date symlink: /home/mael/ros2_ws/install/zed_interfaces/share/zed_interfaces/srv/SetROI_Response.msg
[3.110s] -- Up-to-date symlink: /home/mael/ros2_ws/install/zed_interfaces/share/zed_interfaces/meshes/zed.stl
[3.111s] -- Up-to-date symlink: /home/mael/ros2_ws/install/zed_interfaces/share/zed_interfaces/meshes/zed2.stl
[3.111s] -- Up-to-date symlink: /home/mael/ros2_ws/install/zed_interfaces/share/zed_interfaces/meshes/zed2i.stl
[3.111s] -- Up-to-date symlink: /home/mael/ros2_ws/install/zed_interfaces/share/zed_interfaces/meshes/zedm.stl
[3.111s] -- Up-to-date symlink: /home/mael/ros2_ws/install/zed_interfaces/share/zed_interfaces/meshes/zedx.stl
[3.111s] -- Up-to-date symlink: /home/mael/ros2_ws/install/zed_interfaces/share/zed_interfaces/meshes/zedxm.stl
[3.112s] -- Up-to-date symlink: /home/mael/ros2_ws/install/zed_interfaces/share/ament_index/resource_index/package_run_dependencies/zed_interfaces
[3.112s] -- Up-to-date symlink: /home/mael/ros2_ws/install/zed_interfaces/share/ament_index/resource_index/parent_prefix_path/zed_interfaces
[3.112s] -- Up-to-date symlink: /home/mael/ros2_ws/install/zed_interfaces/share/zed_interfaces/environment/ament_prefix_path.sh
[3.112s] -- Up-to-date symlink: /home/mael/ros2_ws/install/zed_interfaces/share/zed_interfaces/environment/ament_prefix_path.dsv
[3.113s] -- Up-to-date symlink: /home/mael/ros2_ws/install/zed_interfaces/share/zed_interfaces/environment/path.sh
[3.113s] -- Up-to-date symlink: /home/mael/ros2_ws/install/zed_interfaces/share/zed_interfaces/environment/path.dsv
[3.114s] -- Up-to-date symlink: /home/mael/ros2_ws/install/zed_interfaces/share/zed_interfaces/local_setup.bash
[3.114s] -- Up-to-date symlink: /home/mael/ros2_ws/install/zed_interfaces/share/zed_interfaces/local_setup.sh
[3.115s] -- Up-to-date symlink: /home/mael/ros2_ws/install/zed_interfaces/share/zed_interfaces/local_setup.zsh
[3.115s] -- Up-to-date symlink: /home/mael/ros2_ws/install/zed_interfaces/share/zed_interfaces/local_setup.dsv
[3.115s] -- Symlinking: /home/mael/ros2_ws/install/zed_interfaces/share/zed_interfaces/package.dsv
[3.131s] -- Up-to-date symlink: /home/mael/ros2_ws/install/zed_interfaces/share/ament_index/resource_index/packages/zed_interfaces
[3.131s] -- Up-to-date symlink: /home/mael/ros2_ws/install/zed_interfaces/share/zed_interfaces/cmake/rosidl_cmake-extras.cmake
[3.131s] -- Up-to-date symlink: /home/mael/ros2_ws/install/zed_interfaces/share/zed_interfaces/cmake/ament_cmake_export_dependencies-extras.cmake
[3.132s] -- Up-to-date symlink: /home/mael/ros2_ws/install/zed_interfaces/share/zed_interfaces/cmake/ament_cmake_export_include_directories-extras.cmake
[3.132s] -- Up-to-date symlink: /home/mael/ros2_ws/install/zed_interfaces/share/zed_interfaces/cmake/ament_cmake_export_libraries-extras.cmake
[3.132s] -- Up-to-date symlink: /home/mael/ros2_ws/install/zed_interfaces/share/zed_interfaces/cmake/ament_cmake_export_targets-extras.cmake
[3.133s] -- Up-to-date symlink: /home/mael/ros2_ws/install/zed_interfaces/share/zed_interfaces/cmake/rosidl_cmake_export_typesupport_targets-extras.cmake
[3.134s] -- Up-to-date symlink: /home/mael/ros2_ws/install/zed_interfaces/share/zed_interfaces/cmake/rosidl_cmake_export_typesupport_libraries-extras.cmake
[3.134s] -- Up-to-date symlink: /home/mael/ros2_ws/install/zed_interfaces/share/zed_interfaces/cmake/zed_interfacesConfig.cmake
[3.134s] -- Up-to-date symlink: /home/mael/ros2_ws/install/zed_interfaces/share/zed_interfaces/cmake/zed_interfacesConfig-version.cmake
[3.134s] -- Up-to-date symlink: /home/mael/ros2_ws/install/zed_interfaces/share/zed_interfaces/package.xml
[3.136s] -- Up-to-date: /home/mael/ros2_ws/install/zed_interfaces/lib/libzed_interfaces__rosidl_generator_c.so
[3.136s] -- Up-to-date: /home/mael/ros2_ws/install/zed_interfaces/lib/libzed_interfaces__rosidl_typesupport_fastrtps_c.so
[3.136s] -- Up-to-date: /home/mael/ros2_ws/install/zed_interfaces/lib/libzed_interfaces__rosidl_typesupport_fastrtps_cpp.so
[3.137s] -- Up-to-date: /home/mael/ros2_ws/install/zed_interfaces/lib/libzed_interfaces__rosidl_typesupport_introspection_c.so
[3.137s] -- Up-to-date: /home/mael/ros2_ws/install/zed_interfaces/lib/libzed_interfaces__rosidl_typesupport_c.so
[3.138s] -- Up-to-date: /home/mael/ros2_ws/install/zed_interfaces/lib/libzed_interfaces__rosidl_typesupport_introspection_cpp.so
[3.138s] -- Up-to-date: /home/mael/ros2_ws/install/zed_interfaces/lib/libzed_interfaces__rosidl_typesupport_cpp.so
[3.217s] Listing '/home/mael/ros2_ws/install/zed_interfaces/local/lib/python3.10/dist-packages/zed_interfaces'...
[3.217s] Listing '/home/mael/ros2_ws/install/zed_interfaces/local/lib/python3.10/dist-packages/zed_interfaces/msg'...
[3.217s] Listing '/home/mael/ros2_ws/install/zed_interfaces/local/lib/python3.10/dist-packages/zed_interfaces/srv'...
[3.223s] -- Up-to-date: /home/mael/ros2_ws/install/zed_interfaces/lib/libzed_interfaces__rosidl_generator_py.so
[3.224s] -- Up-to-date: /home/mael/ros2_ws/install/zed_interfaces/share/zed_interfaces/cmake/export_zed_interfaces__rosidl_generator_cExport.cmake
[3.224s] -- Up-to-date: /home/mael/ros2_ws/install/zed_interfaces/share/zed_interfaces/cmake/export_zed_interfaces__rosidl_generator_cExport-noconfig.cmake
[3.224s] -- Up-to-date: /home/mael/ros2_ws/install/zed_interfaces/share/zed_interfaces/cmake/export_zed_interfaces__rosidl_typesupport_fastrtps_cExport.cmake
[3.224s] -- Up-to-date: /home/mael/ros2_ws/install/zed_interfaces/share/zed_interfaces/cmake/export_zed_interfaces__rosidl_typesupport_fastrtps_cExport-noconfig.cmake
[3.224s] -- Up-to-date: /home/mael/ros2_ws/install/zed_interfaces/share/zed_interfaces/cmake/export_zed_interfaces__rosidl_generator_cppExport.cmake
[3.225s] -- Up-to-date: /home/mael/ros2_ws/install/zed_interfaces/share/zed_interfaces/cmake/export_zed_interfaces__rosidl_typesupport_fastrtps_cppExport.cmake
[3.225s] -- Up-to-date: /home/mael/ros2_ws/install/zed_interfaces/share/zed_interfaces/cmake/export_zed_interfaces__rosidl_typesupport_fastrtps_cppExport-noconfig.cmake
[3.225s] -- Up-to-date: /home/mael/ros2_ws/install/zed_interfaces/share/zed_interfaces/cmake/zed_interfaces__rosidl_typesupport_introspection_cExport.cmake
[3.225s] -- Up-to-date: /home/mael/ros2_ws/install/zed_interfaces/share/zed_interfaces/cmake/zed_interfaces__rosidl_typesupport_introspection_cExport-noconfig.cmake
[3.225s] -- Up-to-date: /home/mael/ros2_ws/install/zed_interfaces/share/zed_interfaces/cmake/zed_interfaces__rosidl_typesupport_cExport.cmake
[3.225s] -- Up-to-date: /home/mael/ros2_ws/install/zed_interfaces/share/zed_interfaces/cmake/zed_interfaces__rosidl_typesupport_cExport-noconfig.cmake
[3.226s] -- Up-to-date: /home/mael/ros2_ws/install/zed_interfaces/share/zed_interfaces/cmake/zed_interfaces__rosidl_typesupport_introspection_cppExport.cmake
[3.226s] -- Up-to-date: /home/mael/ros2_ws/install/zed_interfaces/share/zed_interfaces/cmake/zed_interfaces__rosidl_typesupport_introspection_cppExport-noconfig.cmake
[3.226s] -- Up-to-date: /home/mael/ros2_ws/install/zed_interfaces/share/zed_interfaces/cmake/zed_interfaces__rosidl_typesupport_cppExport.cmake
[3.226s] -- Up-to-date: /home/mael/ros2_ws/install/zed_interfaces/share/zed_interfaces/cmake/zed_interfaces__rosidl_typesupport_cppExport-noconfig.cmake
[3.226s] -- Up-to-date: /home/mael/ros2_ws/install/zed_interfaces/share/zed_interfaces/cmake/export_zed_interfaces__rosidl_generator_pyExport.cmake
[3.226s] -- Up-to-date: /home/mael/ros2_ws/install/zed_interfaces/share/zed_interfaces/cmake/export_zed_interfaces__rosidl_generator_pyExport-noconfig.cmake
[3.236s] Invoked command in '/home/mael/ros2_ws/build/zed_interfaces' returned '0': CMAKE_PREFIX_PATH=${CMAKE_PREFIX_PATH}:/home/mael/ros2_ws/install/ros_tcp_endpoint:/home/mael/ros2_ws/install/baxter_joint_controller:/home/mael/ros2_ws/install/baxter_6dof_vr:/opt/ros/humble /usr/bin/cmake --install /home/mael/ros2_ws/build/zed_interfaces
