[9.818s] Invoking command in '/home/mael/ros2_ws/build/ros_tcp_endpoint': PYTHONPATH=/home/mael/ros2_ws/build/ros_tcp_endpoint/prefix_override:/home/mael/ros2_ws/install/ros_tcp_endpoint/lib/python3.10/site-packages:${PYTHONPATH} /usr/bin/python3 setup.py develop --editable --build-directory /home/mael/ros2_ws/build/ros_tcp_endpoint/build --no-deps install_data
[10.187s] /usr/lib/python3/dist-packages/setuptools/dist.py:723: UserWarning: Usage of dash-separated 'script-dir' will not be supported in future versions. Please use the underscore name 'script_dir' instead
[10.188s]   warnings.warn(
[10.202s] running develop
[10.202s] /usr/lib/python3/dist-packages/setuptools/command/easy_install.py:158: EasyInstallDeprecationWarning: easy_install command is deprecated. Use build and pip and other standards-based tools.
[10.202s]   warnings.warn(
[10.204s] /usr/lib/python3/dist-packages/setuptools/command/install.py:34: SetuptoolsDeprecationWarning: setup.py install is deprecated. Use build and pip and other standards-based tools.
[10.204s]   warnings.warn(
[10.294s] /usr/lib/python3/dist-packages/pkg_resources/__init__.py:116: PkgResourcesDeprecationWarning: 1.16.0-unknown is an invalid version and will not be supported in a future release
[10.294s]   warnings.warn(
[10.294s] /usr/lib/python3/dist-packages/pkg_resources/__init__.py:116: PkgResourcesDeprecationWarning: 0.1.43ubuntu1 is an invalid version and will not be supported in a future release
[10.294s]   warnings.warn(
[10.295s] /usr/lib/python3/dist-packages/pkg_resources/__init__.py:116: PkgResourcesDeprecationWarning: 1.1build1 is an invalid version and will not be supported in a future release
[10.295s]   warnings.warn(
[10.450s] running egg_info
[10.450s] writing ros_tcp_endpoint.egg-info/PKG-INFO
[10.460s] writing dependency_links to ros_tcp_endpoint.egg-info/dependency_links.txt
[10.670s] writing entry points to ros_tcp_endpoint.egg-info/entry_points.txt
[10.843s] writing requirements to ros_tcp_endpoint.egg-info/requires.txt
[10.845s] writing top-level names to ros_tcp_endpoint.egg-info/top_level.txt
[10.849s] reading manifest file 'ros_tcp_endpoint.egg-info/SOURCES.txt'
[10.850s] writing manifest file 'ros_tcp_endpoint.egg-info/SOURCES.txt'
[11.244s] running build_ext
[11.244s] Creating /home/mael/ros2_ws/install/ros_tcp_endpoint/lib/python3.10/site-packages/ros-tcp-endpoint.egg-link (link to .)
[11.510s] Installing default_server_endpoint script to /home/mael/ros2_ws/install/ros_tcp_endpoint/lib/ros_tcp_endpoint
[11.510s] 
[11.510s] Installed /home/mael/ros2_ws/build/ros_tcp_endpoint
[11.510s] running install_data
[15.507s] Invoked command in '/home/mael/ros2_ws/build/ros_tcp_endpoint' returned '0': PYTHONPATH=/home/mael/ros2_ws/build/ros_tcp_endpoint/prefix_override:/home/mael/ros2_ws/install/ros_tcp_endpoint/lib/python3.10/site-packages:${PYTHONPATH} /usr/bin/python3 setup.py develop --editable --build-directory /home/mael/ros2_ws/build/ros_tcp_endpoint/build --no-deps install_data
