[2.160s] Invoking command in '/home/mael/ros2_ws/build/zed_wrapper': CMAKE_PREFIX_PATH=/home/mael/ros2_ws/install/zed_components:/home/mael/ros2_ws/install/zed_interfaces:/home/mael/ros2_ws/install/zed_ros2:/home/mael/ros2_ws/install/zed_wrapper:/home/mael/ros2_ws/install/baxter_moveit_ros2:/home/mael/ros2_ws/install/baxter_description:/home/mael/ros2_ws/install/rethink_ee_description:/home/mael/ros2_ws/install/perception_pcl:/home/mael/ros2_ws/install/pcl_ros:/home/mael/ros2_ws/install/pcl_conversions:/home/mael/ros2_ws/install/baxter_maintenance_msgs:/home/mael/ros2_ws/install/baxter_core_msgs:/home/mael/ros2_ws/install/apriltag_ros_pose:/home/mael/ros2_ws/install/apriltag_ros2:/home/mael/ros2_ws/install/ros_tcp_endpoint:/home/mael/ros2_ws/install/baxter_joint_controller:/home/mael/ros2_ws/install/baxter_6dof_vr:/opt/ros/humble /usr/bin/cmake --build /home/mael/ros2_ws/build/zed_wrapper -- -j8 -l8
[3.151s] [100%] Built target zed_wrapper
[3.169s] Invoked command in '/home/mael/ros2_ws/build/zed_wrapper' returned '0': CMAKE_PREFIX_PATH=/home/mael/ros2_ws/install/zed_components:/home/mael/ros2_ws/install/zed_interfaces:/home/mael/ros2_ws/install/zed_ros2:/home/mael/ros2_ws/install/zed_wrapper:/home/mael/ros2_ws/install/baxter_moveit_ros2:/home/mael/ros2_ws/install/baxter_description:/home/mael/ros2_ws/install/rethink_ee_description:/home/mael/ros2_ws/install/perception_pcl:/home/mael/ros2_ws/install/pcl_ros:/home/mael/ros2_ws/install/pcl_conversions:/home/mael/ros2_ws/install/baxter_maintenance_msgs:/home/mael/ros2_ws/install/baxter_core_msgs:/home/mael/ros2_ws/install/apriltag_ros_pose:/home/mael/ros2_ws/install/apriltag_ros2:/home/mael/ros2_ws/install/ros_tcp_endpoint:/home/mael/ros2_ws/install/baxter_joint_controller:/home/mael/ros2_ws/install/baxter_6dof_vr:/opt/ros/humble /usr/bin/cmake --build /home/mael/ros2_ws/build/zed_wrapper -- -j8 -l8
[3.220s] Invoking command in '/home/mael/ros2_ws/build/zed_wrapper': CMAKE_PREFIX_PATH=/home/mael/ros2_ws/install/zed_components:/home/mael/ros2_ws/install/zed_interfaces:/home/mael/ros2_ws/install/zed_ros2:/home/mael/ros2_ws/install/zed_wrapper:/home/mael/ros2_ws/install/baxter_moveit_ros2:/home/mael/ros2_ws/install/baxter_description:/home/mael/ros2_ws/install/rethink_ee_description:/home/mael/ros2_ws/install/perception_pcl:/home/mael/ros2_ws/install/pcl_ros:/home/mael/ros2_ws/install/pcl_conversions:/home/mael/ros2_ws/install/baxter_maintenance_msgs:/home/mael/ros2_ws/install/baxter_core_msgs:/home/mael/ros2_ws/install/apriltag_ros_pose:/home/mael/ros2_ws/install/apriltag_ros2:/home/mael/ros2_ws/install/ros_tcp_endpoint:/home/mael/ros2_ws/install/baxter_joint_controller:/home/mael/ros2_ws/install/baxter_6dof_vr:/opt/ros/humble /usr/bin/cmake --install /home/mael/ros2_ws/build/zed_wrapper
[3.337s] -- Install configuration: "Release"
[3.557s] -- Execute custom install script
[3.560s] -- Up-to-date symlink: /home/mael/ros2_ws/install/zed_wrapper/lib/zed_wrapper/zed_wrapper
[3.563s] -- Up-to-date symlink: /home/mael/ros2_ws/install/zed_wrapper/share/zed_wrapper/config/common.yaml
[3.563s] -- Up-to-date symlink: /home/mael/ros2_ws/install/zed_wrapper/share/zed_wrapper/config/zed.yaml
[3.564s] -- Up-to-date symlink: /home/mael/ros2_ws/install/zed_wrapper/share/zed_wrapper/config/zed2.yaml
[3.565s] -- Up-to-date symlink: /home/mael/ros2_ws/install/zed_wrapper/share/zed_wrapper/config/zed2i.yaml
[3.565s] -- Up-to-date symlink: /home/mael/ros2_ws/install/zed_wrapper/share/zed_wrapper/config/zedm.yaml
[3.566s] -- Up-to-date symlink: /home/mael/ros2_ws/install/zed_wrapper/share/zed_wrapper/config/zedx.yaml
[3.566s] -- Up-to-date symlink: /home/mael/ros2_ws/install/zed_wrapper/share/zed_wrapper/config/zedxm.yaml
[3.567s] -- Up-to-date symlink: /home/mael/ros2_ws/install/zed_wrapper/share/zed_wrapper/urdf/include/materials.urdf.xacro
[3.568s] -- Up-to-date symlink: /home/mael/ros2_ws/install/zed_wrapper/share/zed_wrapper/urdf/zed_descr.urdf.xacro
[3.568s] -- Up-to-date symlink: /home/mael/ros2_ws/install/zed_wrapper/share/zed_wrapper/urdf/zed_macro.urdf.xacro
[3.570s] -- Up-to-date symlink: /home/mael/ros2_ws/install/zed_wrapper/share/zed_wrapper/launch/include/zed_camera.launch.py
[3.570s] -- Up-to-date symlink: /home/mael/ros2_ws/install/zed_wrapper/share/zed_wrapper/launch/zed.launch.py
[3.571s] -- Up-to-date symlink: /home/mael/ros2_ws/install/zed_wrapper/share/zed_wrapper/launch/zed2.launch.py
[3.571s] -- Up-to-date symlink: /home/mael/ros2_ws/install/zed_wrapper/share/zed_wrapper/launch/zed2i.launch.py
[3.572s] -- Up-to-date symlink: /home/mael/ros2_ws/install/zed_wrapper/share/zed_wrapper/launch/zedm.launch.py
[3.573s] -- Up-to-date symlink: /home/mael/ros2_ws/install/zed_wrapper/share/zed_wrapper/launch/zedx.launch.py
[3.573s] -- Up-to-date symlink: /home/mael/ros2_ws/install/zed_wrapper/share/zed_wrapper/launch/zedxm.launch.py
[3.573s] -- Up-to-date symlink: /home/mael/ros2_ws/install/zed_wrapper/share/ament_index/resource_index/package_run_dependencies/zed_wrapper
[3.574s] -- Up-to-date symlink: /home/mael/ros2_ws/install/zed_wrapper/share/ament_index/resource_index/parent_prefix_path/zed_wrapper
[3.575s] -- Up-to-date symlink: /home/mael/ros2_ws/install/zed_wrapper/share/zed_wrapper/environment/ament_prefix_path.sh
[3.576s] -- Up-to-date symlink: /home/mael/ros2_ws/install/zed_wrapper/share/zed_wrapper/environment/ament_prefix_path.dsv
[3.577s] -- Up-to-date symlink: /home/mael/ros2_ws/install/zed_wrapper/share/zed_wrapper/environment/path.sh
[3.578s] -- Up-to-date symlink: /home/mael/ros2_ws/install/zed_wrapper/share/zed_wrapper/environment/path.dsv
[3.579s] -- Up-to-date symlink: /home/mael/ros2_ws/install/zed_wrapper/share/zed_wrapper/local_setup.bash
[3.580s] -- Up-to-date symlink: /home/mael/ros2_ws/install/zed_wrapper/share/zed_wrapper/local_setup.sh
[3.580s] -- Up-to-date symlink: /home/mael/ros2_ws/install/zed_wrapper/share/zed_wrapper/local_setup.zsh
[3.581s] -- Up-to-date symlink: /home/mael/ros2_ws/install/zed_wrapper/share/zed_wrapper/local_setup.dsv
[3.581s] -- Symlinking: /home/mael/ros2_ws/install/zed_wrapper/share/zed_wrapper/package.dsv
[3.600s] -- Up-to-date symlink: /home/mael/ros2_ws/install/zed_wrapper/share/ament_index/resource_index/packages/zed_wrapper
[3.600s] -- Up-to-date symlink: /home/mael/ros2_ws/install/zed_wrapper/share/zed_wrapper/cmake/zed_wrapperConfig.cmake
[3.600s] -- Up-to-date symlink: /home/mael/ros2_ws/install/zed_wrapper/share/zed_wrapper/cmake/zed_wrapperConfig-version.cmake
[3.601s] -- Up-to-date symlink: /home/mael/ros2_ws/install/zed_wrapper/share/zed_wrapper/package.xml
[3.608s] Invoked command in '/home/mael/ros2_ws/build/zed_wrapper' returned '0': CMAKE_PREFIX_PATH=/home/mael/ros2_ws/install/zed_components:/home/mael/ros2_ws/install/zed_interfaces:/home/mael/ros2_ws/install/zed_ros2:/home/mael/ros2_ws/install/zed_wrapper:/home/mael/ros2_ws/install/baxter_moveit_ros2:/home/mael/ros2_ws/install/baxter_description:/home/mael/ros2_ws/install/rethink_ee_description:/home/mael/ros2_ws/install/perception_pcl:/home/mael/ros2_ws/install/pcl_ros:/home/mael/ros2_ws/install/pcl_conversions:/home/mael/ros2_ws/install/baxter_maintenance_msgs:/home/mael/ros2_ws/install/baxter_core_msgs:/home/mael/ros2_ws/install/apriltag_ros_pose:/home/mael/ros2_ws/install/apriltag_ros2:/home/mael/ros2_ws/install/ros_tcp_endpoint:/home/mael/ros2_ws/install/baxter_joint_controller:/home/mael/ros2_ws/install/baxter_6dof_vr:/opt/ros/humble /usr/bin/cmake --install /home/mael/ros2_ws/build/zed_wrapper
