[2.105s] Invoking command in '/home/mael/ros2_ws/build/ros_tcp_endpoint': PYTHONPATH=/home/mael/ros2_ws/build/ros_tcp_endpoint/prefix_override:/home/mael/ros2_ws/install/ros_tcp_endpoint/lib/python3.10/site-packages:${PYTHONPATH} /usr/bin/python3 setup.py develop --editable --build-directory /home/mael/ros2_ws/build/ros_tcp_endpoint/build --no-deps install_data
[2.466s] /usr/lib/python3/dist-packages/setuptools/dist.py:723: UserWarning: Usage of dash-separated 'script-dir' will not be supported in future versions. Please use the underscore name 'script_dir' instead
[2.466s]   warnings.warn(
[2.504s] running develop
[2.504s] /usr/lib/python3/dist-packages/setuptools/command/easy_install.py:158: EasyInstallDeprecationWarning: easy_install command is deprecated. Use build and pip and other standards-based tools.
[2.505s]   warnings.warn(
[2.506s] /usr/lib/python3/dist-packages/setuptools/command/install.py:34: SetuptoolsDeprecationWarning: setup.py install is deprecated. Use build and pip and other standards-based tools.
[2.507s]   warnings.warn(
[2.591s] /usr/lib/python3/dist-packages/pkg_resources/__init__.py:116: PkgResourcesDeprecationWarning: 1.16.0-unknown is an invalid version and will not be supported in a future release
[2.592s]   warnings.warn(
[2.592s] /usr/lib/python3/dist-packages/pkg_resources/__init__.py:116: PkgResourcesDeprecationWarning: 0.1.43ubuntu1 is an invalid version and will not be supported in a future release
[2.592s]   warnings.warn(
[2.592s] /usr/lib/python3/dist-packages/pkg_resources/__init__.py:116: PkgResourcesDeprecationWarning: 1.1build1 is an invalid version and will not be supported in a future release
[2.592s]   warnings.warn(
[2.732s] running egg_info
[2.732s] writing ros_tcp_endpoint.egg-info/PKG-INFO
[2.944s] writing dependency_links to ros_tcp_endpoint.egg-info/dependency_links.txt
[3.052s] writing entry points to ros_tcp_endpoint.egg-info/entry_points.txt
[3.053s] writing requirements to ros_tcp_endpoint.egg-info/requires.txt
[3.055s] writing top-level names to ros_tcp_endpoint.egg-info/top_level.txt
[3.160s] reading manifest file 'ros_tcp_endpoint.egg-info/SOURCES.txt'
[3.160s] writing manifest file 'ros_tcp_endpoint.egg-info/SOURCES.txt'
[3.295s] running build_ext
[3.296s] Creating /home/mael/ros2_ws/install/ros_tcp_endpoint/lib/python3.10/site-packages/ros-tcp-endpoint.egg-link (link to .)
[3.328s] Installing default_server_endpoint script to /home/mael/ros2_ws/install/ros_tcp_endpoint/lib/ros_tcp_endpoint
[3.328s] 
[3.328s] Installed /home/mael/ros2_ws/build/ros_tcp_endpoint
[3.328s] running install_data
[3.896s] Invoked command in '/home/mael/ros2_ws/build/ros_tcp_endpoint' returned '0': PYTHONPATH=/home/mael/ros2_ws/build/ros_tcp_endpoint/prefix_override:/home/mael/ros2_ws/install/ros_tcp_endpoint/lib/python3.10/site-packages:${PYTHONPATH} /usr/bin/python3 setup.py develop --editable --build-directory /home/mael/ros2_ws/build/ros_tcp_endpoint/build --no-deps install_data
