-- Install configuration: ""
-- Execute custom install script
-- Up-to-date symlink: /home/mael/ros2_ws/install/baxter_moveit_ros2/share/ament_index/resource_index/package_run_dependencies/baxter_moveit_ros2
-- Up-to-date symlink: /home/mael/ros2_ws/install/baxter_moveit_ros2/share/ament_index/resource_index/parent_prefix_path/baxter_moveit_ros2
-- Up-to-date symlink: /home/mael/ros2_ws/install/baxter_moveit_ros2/share/baxter_moveit_ros2/environment/ament_prefix_path.sh
-- Up-to-date symlink: /home/mael/ros2_ws/install/baxter_moveit_ros2/share/baxter_moveit_ros2/environment/ament_prefix_path.dsv
-- Up-to-date symlink: /home/mael/ros2_ws/install/baxter_moveit_ros2/share/baxter_moveit_ros2/environment/path.sh
-- Up-to-date symlink: /home/mael/ros2_ws/install/baxter_moveit_ros2/share/baxter_moveit_ros2/environment/path.dsv
-- Up-to-date symlink: /home/mael/ros2_ws/install/baxter_moveit_ros2/share/baxter_moveit_ros2/local_setup.bash
-- Up-to-date symlink: /home/mael/ros2_ws/install/baxter_moveit_ros2/share/baxter_moveit_ros2/local_setup.sh
-- Up-to-date symlink: /home/mael/ros2_ws/install/baxter_moveit_ros2/share/baxter_moveit_ros2/local_setup.zsh
-- Up-to-date symlink: /home/mael/ros2_ws/install/baxter_moveit_ros2/share/baxter_moveit_ros2/local_setup.dsv
-- Symlinking: /home/mael/ros2_ws/install/baxter_moveit_ros2/share/baxter_moveit_ros2/package.dsv
-- Up-to-date symlink: /home/mael/ros2_ws/install/baxter_moveit_ros2/share/ament_index/resource_index/packages/baxter_moveit_ros2
-- Up-to-date symlink: /home/mael/ros2_ws/install/baxter_moveit_ros2/share/baxter_moveit_ros2/cmake/baxter_moveit_ros2Config.cmake
-- Up-to-date symlink: /home/mael/ros2_ws/install/baxter_moveit_ros2/share/baxter_moveit_ros2/cmake/baxter_moveit_ros2Config-version.cmake
-- Up-to-date symlink: /home/mael/ros2_ws/install/baxter_moveit_ros2/share/baxter_moveit_ros2/package.xml
-- Symlinking: /home/mael/ros2_ws/install/baxter_moveit_ros2/share/baxter_moveit_ros2/launch/baxter_servo.launch.py
-- Up-to-date symlink: /home/mael/ros2_ws/install/baxter_moveit_ros2/share/baxter_moveit_ros2/launch/demo.launch.py
-- Up-to-date symlink: /home/mael/ros2_ws/install/baxter_moveit_ros2/share/baxter_moveit_ros2/launch/move_group.launch.py
-- Up-to-date symlink: /home/mael/ros2_ws/install/baxter_moveit_ros2/share/baxter_moveit_ros2/launch/moveit_rviz.launch.py
-- Up-to-date symlink: /home/mael/ros2_ws/install/baxter_moveit_ros2/share/baxter_moveit_ros2/launch/rsp.launch.py
-- Up-to-date symlink: /home/mael/ros2_ws/install/baxter_moveit_ros2/share/baxter_moveit_ros2/launch/setup_assistant.launch.py
-- Up-to-date symlink: /home/mael/ros2_ws/install/baxter_moveit_ros2/share/baxter_moveit_ros2/launch/spawn_controllers.launch.py
-- Up-to-date symlink: /home/mael/ros2_ws/install/baxter_moveit_ros2/share/baxter_moveit_ros2/launch/static_virtual_joint_tfs.launch.py
-- Up-to-date symlink: /home/mael/ros2_ws/install/baxter_moveit_ros2/share/baxter_moveit_ros2/launch/warehouse_db.launch.py
-- Up-to-date symlink: /home/mael/ros2_ws/install/baxter_moveit_ros2/share/baxter_moveit_ros2/config/baxter.ros2_control.xacro
-- Up-to-date symlink: /home/mael/ros2_ws/install/baxter_moveit_ros2/share/baxter_moveit_ros2/config/baxter.srdf
-- Up-to-date symlink: /home/mael/ros2_ws/install/baxter_moveit_ros2/share/baxter_moveit_ros2/config/baxter.urdf.xacro
-- Symlinking: /home/mael/ros2_ws/install/baxter_moveit_ros2/share/baxter_moveit_ros2/config/baxter_pose_tracking.yaml
-- Up-to-date symlink: /home/mael/ros2_ws/install/baxter_moveit_ros2/share/baxter_moveit_ros2/config/initial_positions.yaml
-- Up-to-date symlink: /home/mael/ros2_ws/install/baxter_moveit_ros2/share/baxter_moveit_ros2/config/joint_limits.yaml
-- Up-to-date symlink: /home/mael/ros2_ws/install/baxter_moveit_ros2/share/baxter_moveit_ros2/config/kinematics.yaml
-- Up-to-date symlink: /home/mael/ros2_ws/install/baxter_moveit_ros2/share/baxter_moveit_ros2/config/moveit.rviz
-- Up-to-date symlink: /home/mael/ros2_ws/install/baxter_moveit_ros2/share/baxter_moveit_ros2/config/moveit_controllers.yaml
-- Up-to-date symlink: /home/mael/ros2_ws/install/baxter_moveit_ros2/share/baxter_moveit_ros2/config/pilz_cartesian_limits.yaml
-- Symlinking: /home/mael/ros2_ws/install/baxter_moveit_ros2/share/baxter_moveit_ros2/config/pose_tracking_settings.yaml
-- Up-to-date symlink: /home/mael/ros2_ws/install/baxter_moveit_ros2/share/baxter_moveit_ros2/config/ros2_controllers.yaml
-- Up-to-date symlink: /home/mael/ros2_ws/install/baxter_moveit_ros2/share/baxter_moveit_ros2/config/sensors_3d.yaml
-- Up-to-date symlink: /home/mael/ros2_ws/install/baxter_moveit_ros2/share/baxter_moveit_ros2/.setup_assistant
