[9.632s] Invoking command in '/home/mael/ros2_ws/build/baxter_joint_controller': PYTHONPATH=/home/mael/ros2_ws/build/baxter_joint_controller/prefix_override:/home/mael/ros2_ws/install/baxter_joint_controller/lib/python3.10/site-packages:${PYTHONPATH} /usr/bin/python3 setup.py develop --editable --build-directory /home/mael/ros2_ws/build/baxter_joint_controller/build --no-deps install_data
[10.007s] running develop
[10.007s] /usr/lib/python3/dist-packages/setuptools/command/easy_install.py:158: EasyInstallDeprecationWarning: easy_install command is deprecated. Use build and pip and other standards-based tools.
[10.007s]   warnings.warn(
[10.008s] /usr/lib/python3/dist-packages/setuptools/command/install.py:34: SetuptoolsDeprecationWarning: setup.py install is deprecated. Use build and pip and other standards-based tools.
[10.008s]   warnings.warn(
[10.091s] /usr/lib/python3/dist-packages/pkg_resources/__init__.py:116: PkgResourcesDeprecationWarning: 1.16.0-unknown is an invalid version and will not be supported in a future release
[10.091s]   warnings.warn(
[10.091s] /usr/lib/python3/dist-packages/pkg_resources/__init__.py:116: PkgResourcesDeprecationWarning: 0.1.43ubuntu1 is an invalid version and will not be supported in a future release
[10.091s]   warnings.warn(
[10.092s] /usr/lib/python3/dist-packages/pkg_resources/__init__.py:116: PkgResourcesDeprecationWarning: 1.1build1 is an invalid version and will not be supported in a future release
[10.092s]   warnings.warn(
[10.219s] running egg_info
[10.219s] writing baxter_joint_controller.egg-info/PKG-INFO
[10.319s] writing dependency_links to baxter_joint_controller.egg-info/dependency_links.txt
[10.319s] writing entry points to baxter_joint_controller.egg-info/entry_points.txt
[10.320s] writing requirements to baxter_joint_controller.egg-info/requires.txt
[10.320s] writing top-level names to baxter_joint_controller.egg-info/top_level.txt
[10.607s] reading manifest file 'baxter_joint_controller.egg-info/SOURCES.txt'
[10.609s] writing manifest file 'baxter_joint_controller.egg-info/SOURCES.txt'
[10.845s] running build_ext
[10.845s] Creating /home/mael/ros2_ws/install/baxter_joint_controller/lib/python3.10/site-packages/baxter-joint-controller.egg-link (link to .)
[10.993s] Installing controller script to /home/mael/ros2_ws/install/baxter_joint_controller/lib/baxter_joint_controller
[10.993s] 
[10.993s] Installed /home/mael/ros2_ws/build/baxter_joint_controller
[10.993s] running install_data
[16.232s] Invoked command in '/home/mael/ros2_ws/build/baxter_joint_controller' returned '0': PYTHONPATH=/home/mael/ros2_ws/build/baxter_joint_controller/prefix_override:/home/mael/ros2_ws/install/baxter_joint_controller/lib/python3.10/site-packages:${PYTHONPATH} /usr/bin/python3 setup.py develop --editable --build-directory /home/mael/ros2_ws/build/baxter_joint_controller/build --no-deps install_data
