[7.653s] Invoking command in '/home/mael/ros2_ws/build/ros_tcp_endpoint': PYTHONPATH=/home/mael/ros2_ws/build/ros_tcp_endpoint/prefix_override:/home/mael/ros2_ws/install/ros_tcp_endpoint/lib/python3.10/site-packages:${PYTHONPATH} /usr/bin/python3 setup.py develop --editable --build-directory /home/mael/ros2_ws/build/ros_tcp_endpoint/build --no-deps install_data
[8.557s] running develop
[8.557s] running egg_info
[8.558s] writing ros_tcp_endpoint.egg-info/PKG-INFO
[8.558s] writing dependency_links to ros_tcp_endpoint.egg-info/dependency_links.txt
[8.558s] writing entry points to ros_tcp_endpoint.egg-info/entry_points.txt
[8.558s] /usr/lib/python3/dist-packages/setuptools/dist.py:723: UserWarning: Usage of dash-separated 'script-dir' will not be supported in future versions. Please use the underscore name 'script_dir' instead
[8.559s]   warnings.warn(
[8.559s] /usr/lib/python3/dist-packages/setuptools/command/easy_install.py:158: EasyInstallDeprecationWarning: easy_install command is deprecated. Use build and pip and other standards-based tools.
[8.559s]   warnings.warn(
[8.571s] /usr/lib/python3/dist-packages/setuptools/command/install.py:34: SetuptoolsDeprecationWarning: setup.py install is deprecated. Use build and pip and other standards-based tools.
[8.571s]   warnings.warn(
[8.571s] /usr/lib/python3/dist-packages/pkg_resources/__init__.py:116: PkgResourcesDeprecationWarning: 1.16.0-unknown is an invalid version and will not be supported in a future release
[8.571s]   warnings.warn(
[8.571s] /usr/lib/python3/dist-packages/pkg_resources/__init__.py:116: PkgResourcesDeprecationWarning: 0.1.43ubuntu1 is an invalid version and will not be supported in a future release
[8.572s]   warnings.warn(
[8.572s] /usr/lib/python3/dist-packages/pkg_resources/__init__.py:116: PkgResourcesDeprecationWarning: 1.1build1 is an invalid version and will not be supported in a future release
[8.572s]   warnings.warn(
[8.572s] writing requirements to ros_tcp_endpoint.egg-info/requires.txt
[8.572s] writing top-level names to ros_tcp_endpoint.egg-info/top_level.txt
[8.573s] reading manifest file 'ros_tcp_endpoint.egg-info/SOURCES.txt'
[8.573s] writing manifest file 'ros_tcp_endpoint.egg-info/SOURCES.txt'
[8.611s] running build_ext
[8.611s] Creating /home/mael/ros2_ws/install/ros_tcp_endpoint/lib/python3.10/site-packages/ros-tcp-endpoint.egg-link (link to .)
[8.743s] Installing default_server_endpoint script to /home/mael/ros2_ws/install/ros_tcp_endpoint/lib/ros_tcp_endpoint
[8.743s] 
[8.743s] Installed /home/mael/ros2_ws/build/ros_tcp_endpoint
[8.743s] running install_data
[10.989s] Invoked command in '/home/mael/ros2_ws/build/ros_tcp_endpoint' returned '0': PYTHONPATH=/home/mael/ros2_ws/build/ros_tcp_endpoint/prefix_override:/home/mael/ros2_ws/install/ros_tcp_endpoint/lib/python3.10/site-packages:${PYTHONPATH} /usr/bin/python3 setup.py develop --editable --build-directory /home/mael/ros2_ws/build/ros_tcp_endpoint/build --no-deps install_data
