[3.833s] Invoking command in '/home/mael/ros2_ws/build/ros_tcp_endpoint': PYTHONPATH=/home/mael/ros2_ws/build/ros_tcp_endpoint/prefix_override:/home/mael/ros2_ws/install/ros_tcp_endpoint/lib/python3.10/site-packages:${PYTHONPATH} /usr/bin/python3 setup.py develop --editable --build-directory /home/mael/ros2_ws/build/ros_tcp_endpoint/build --no-deps install_data
[4.161s] /usr/lib/python3/dist-packages/setuptools/dist.py:723: UserWarning: Usage of dash-separated 'script-dir' will not be supported in future versions. Please use the underscore name 'script_dir' instead
[4.163s]   warnings.warn(
[4.164s] /usr/lib/python3/dist-packages/setuptools/command/easy_install.py:158: EasyInstallDeprecationWarning: easy_install command is deprecated. Use build and pip and other standards-based tools.
[4.165s]   warnings.warn(
[4.165s] /usr/lib/python3/dist-packages/setuptools/command/install.py:34: SetuptoolsDeprecationWarning: setup.py install is deprecated. Use build and pip and other standards-based tools.
[4.165s]   warnings.warn(
[4.165s] /usr/lib/python3/dist-packages/pkg_resources/__init__.py:116: PkgResourcesDeprecationWarning: 1.16.0-unknown is an invalid version and will not be supported in a future release
[4.165s]   warnings.warn(
[4.165s] /usr/lib/python3/dist-packages/pkg_resources/__init__.py:116: PkgResourcesDeprecationWarning: 0.1.43ubuntu1 is an invalid version and will not be supported in a future release
[4.165s]   warnings.warn(
[4.165s] /usr/lib/python3/dist-packages/pkg_resources/__init__.py:116: PkgResourcesDeprecationWarning: 1.1build1 is an invalid version and will not be supported in a future release
[4.165s]   warnings.warn(
[4.165s] running develop
[4.294s] running egg_info
[4.295s] writing ros_tcp_endpoint.egg-info/PKG-INFO
[4.479s] writing dependency_links to ros_tcp_endpoint.egg-info/dependency_links.txt
[4.579s] writing entry points to ros_tcp_endpoint.egg-info/entry_points.txt
[4.580s] writing requirements to ros_tcp_endpoint.egg-info/requires.txt
[4.581s] writing top-level names to ros_tcp_endpoint.egg-info/top_level.txt
[4.589s] reading manifest file 'ros_tcp_endpoint.egg-info/SOURCES.txt'
[4.589s] writing manifest file 'ros_tcp_endpoint.egg-info/SOURCES.txt'
[4.644s] running build_ext
[4.645s] Creating /home/mael/ros2_ws/install/ros_tcp_endpoint/lib/python3.10/site-packages/ros-tcp-endpoint.egg-link (link to .)
[4.924s] Installing default_server_endpoint script to /home/mael/ros2_ws/install/ros_tcp_endpoint/lib/ros_tcp_endpoint
[4.925s] 
[4.925s] Installed /home/mael/ros2_ws/build/ros_tcp_endpoint
[4.926s] running install_data
[4.982s] Invoked command in '/home/mael/ros2_ws/build/ros_tcp_endpoint' returned '0': PYTHONPATH=/home/mael/ros2_ws/build/ros_tcp_endpoint/prefix_override:/home/mael/ros2_ws/install/ros_tcp_endpoint/lib/python3.10/site-packages:${PYTHONPATH} /usr/bin/python3 setup.py develop --editable --build-directory /home/mael/ros2_ws/build/ros_tcp_endpoint/build --no-deps install_data
