[9.403s] Invoking command in '/home/mael/ros2_ws/build/ros_tcp_endpoint': PYTHONPATH=/home/mael/ros2_ws/build/ros_tcp_endpoint/prefix_override:/home/mael/ros2_ws/install/ros_tcp_endpoint/lib/python3.10/site-packages:${PYTHONPATH} /usr/bin/python3 setup.py develop --editable --build-directory /home/mael/ros2_ws/build/ros_tcp_endpoint/build --no-deps install_data
[9.694s] /usr/lib/python3/dist-packages/setuptools/dist.py:723: UserWarning: Usage of dash-separated 'script-dir' will not be supported in future versions. Please use the underscore name 'script_dir' instead
[9.695s]   warnings.warn(
[9.723s] running develop
[9.724s] /usr/lib/python3/dist-packages/setuptools/command/easy_install.py:158: EasyInstallDeprecationWarning: easy_install command is deprecated. Use build and pip and other standards-based tools.
[9.724s]   warnings.warn(
[9.725s] /usr/lib/python3/dist-packages/setuptools/command/install.py:34: SetuptoolsDeprecationWarning: setup.py install is deprecated. Use build and pip and other standards-based tools.
[9.725s]   warnings.warn(
[9.790s] /usr/lib/python3/dist-packages/pkg_resources/__init__.py:116: PkgResourcesDeprecationWarning: 1.16.0-unknown is an invalid version and will not be supported in a future release
[9.790s]   warnings.warn(
[9.790s] /usr/lib/python3/dist-packages/pkg_resources/__init__.py:116: PkgResourcesDeprecationWarning: 0.1.43ubuntu1 is an invalid version and will not be supported in a future release
[9.790s]   warnings.warn(
[9.791s] /usr/lib/python3/dist-packages/pkg_resources/__init__.py:116: PkgResourcesDeprecationWarning: 1.1build1 is an invalid version and will not be supported in a future release
[9.791s]   warnings.warn(
[9.921s] running egg_info
[9.921s] writing ros_tcp_endpoint.egg-info/PKG-INFO
[10.065s] writing dependency_links to ros_tcp_endpoint.egg-info/dependency_links.txt
[10.252s] writing entry points to ros_tcp_endpoint.egg-info/entry_points.txt
[10.253s] writing requirements to ros_tcp_endpoint.egg-info/requires.txt
[10.254s] writing top-level names to ros_tcp_endpoint.egg-info/top_level.txt
[10.269s] reading manifest file 'ros_tcp_endpoint.egg-info/SOURCES.txt'
[10.271s] writing manifest file 'ros_tcp_endpoint.egg-info/SOURCES.txt'
[10.356s] running build_ext
[10.356s] Creating /home/mael/ros2_ws/install/ros_tcp_endpoint/lib/python3.10/site-packages/ros-tcp-endpoint.egg-link (link to .)
[10.579s] Installing default_server_endpoint script to /home/mael/ros2_ws/install/ros_tcp_endpoint/lib/ros_tcp_endpoint
[10.579s] 
[10.579s] Installed /home/mael/ros2_ws/build/ros_tcp_endpoint
[10.579s] running install_data
[10.684s] Invoked command in '/home/mael/ros2_ws/build/ros_tcp_endpoint' returned '0': PYTHONPATH=/home/mael/ros2_ws/build/ros_tcp_endpoint/prefix_override:/home/mael/ros2_ws/install/ros_tcp_endpoint/lib/python3.10/site-packages:${PYTHONPATH} /usr/bin/python3 setup.py develop --editable --build-directory /home/mael/ros2_ws/build/ros_tcp_endpoint/build --no-deps install_data
