[2.012s] Invoking command in '/home/mael/ros2_ws/build/baxter_6dof_vr': PYTHONPATH=/home/mael/ros2_ws/build/baxter_6dof_vr/prefix_override:/home/mael/ros2_ws/install/baxter_6dof_vr/lib/python3.10/site-packages:${PYTHONPATH} /usr/bin/python3 setup.py develop --editable --build-directory /home/mael/ros2_ws/build/baxter_6dof_vr/build --no-deps install_data
[2.603s] running develop
[2.604s] /usr/lib/python3/dist-packages/setuptools/command/easy_install.py:158: EasyInstallDeprecationWarning: easy_install command is deprecated. Use build and pip and other standards-based tools.
[2.606s]   warnings.warn(
[2.606s] /usr/lib/python3/dist-packages/setuptools/command/install.py:34: SetuptoolsDeprecationWarning: setup.py install is deprecated. Use build and pip and other standards-based tools.
[2.606s]   warnings.warn(
[2.730s] /usr/lib/python3/dist-packages/pkg_resources/__init__.py:116: PkgResourcesDeprecationWarning: 1.16.0-unknown is an invalid version and will not be supported in a future release
[2.730s]   warnings.warn(
[2.731s] /usr/lib/python3/dist-packages/pkg_resources/__init__.py:116: PkgResourcesDeprecationWarning: 0.1.43ubuntu1 is an invalid version and will not be supported in a future release
[2.731s]   warnings.warn(
[2.731s] /usr/lib/python3/dist-packages/pkg_resources/__init__.py:116: PkgResourcesDeprecationWarning: 1.1build1 is an invalid version and will not be supported in a future release
[2.731s]   warnings.warn(
[2.955s] running egg_info
[2.957s] writing baxter_6dof_vr.egg-info/PKG-INFO
[2.958s] writing dependency_links to baxter_6dof_vr.egg-info/dependency_links.txt
[2.958s] writing entry points to baxter_6dof_vr.egg-info/entry_points.txt
[2.959s] writing requirements to baxter_6dof_vr.egg-info/requires.txt
[2.959s] writing top-level names to baxter_6dof_vr.egg-info/top_level.txt
[2.962s] reading manifest file 'baxter_6dof_vr.egg-info/SOURCES.txt'
[2.963s] writing manifest file 'baxter_6dof_vr.egg-info/SOURCES.txt'
[3.023s] running build_ext
[3.024s] Creating /home/mael/ros2_ws/install/baxter_6dof_vr/lib/python3.10/site-packages/baxter-6dof-vr.egg-link (link to .)
[3.025s] Installing pose_to_tf script to /home/mael/ros2_ws/install/baxter_6dof_vr/lib/baxter_6dof_vr
[3.025s] 
[3.025s] Installed /home/mael/ros2_ws/build/baxter_6dof_vr
[3.025s] running install_data
[3.216s] Invoked command in '/home/mael/ros2_ws/build/baxter_6dof_vr' returned '0': PYTHONPATH=/home/mael/ros2_ws/build/baxter_6dof_vr/prefix_override:/home/mael/ros2_ws/install/baxter_6dof_vr/lib/python3.10/site-packages:${PYTHONPATH} /usr/bin/python3 setup.py develop --editable --build-directory /home/mael/ros2_ws/build/baxter_6dof_vr/build --no-deps install_data
