[  0%] Built target ament_cmake_python_symlink_baxter_core_msgs
[  0%] Built target baxter_core_msgs__cpp
[ 12%] Built target baxter_core_msgs__rosidl_generator_c
[ 24%] Built target baxter_core_msgs__rosidl_typesupport_c
[ 36%] Built target baxter_core_msgs__rosidl_typesupport_cpp
[ 61%] Built target baxter_core_msgs__rosidl_typesupport_introspection_cpp
[ 60%] Built target baxter_core_msgs__rosidl_typesupport_fastrtps_cpp
[ 74%] Built target baxter_core_msgs__rosidl_typesupport_introspection_c
[ 87%] Built target baxter_core_msgs__rosidl_typesupport_fastrtps_c
[ 87%] Built target baxter_core_msgs
[ 87%] Built target baxter_core_msgs__py
[ 99%] Built target baxter_core_msgs__rosidl_generator_py
[ 99%] Built target baxter_core_msgs__rosidl_typesupport_introspection_c__pyext
[100%] Built target baxter_core_msgs__rosidl_typesupport_c__pyext
[100%] Built target baxter_core_msgs__rosidl_typesupport_fastrtps_c__pyext
running egg_info
writing baxter_core_msgs.egg-info/PKG-INFO
writing dependency_links to baxter_core_msgs.egg-info/dependency_links.txt
writing top-level names to baxter_core_msgs.egg-info/top_level.txt
reading manifest file 'baxter_core_msgs.egg-info/SOURCES.txt'
writing manifest file 'baxter_core_msgs.egg-info/SOURCES.txt'
[100%] Built target ament_cmake_python_build_baxter_core_msgs_egg
-- Install configuration: ""
-- Execute custom install script
-- Up-to-date symlink: /home/mael/ros2_ws/install/baxter_core_msgs/share/ament_index/resource_index/rosidl_interfaces/baxter_core_msgs
-- Up-to-date symlink: /home/mael/ros2_ws/install/baxter_core_msgs/include/baxter_core_msgs/baxter_core_msgs/msg/analog_io_state.h
-- Up-to-date symlink: /home/mael/ros2_ws/install/baxter_core_msgs/include/baxter_core_msgs/baxter_core_msgs/msg/analog_io_states.h
-- Up-to-date symlink: /home/mael/ros2_ws/install/baxter_core_msgs/include/baxter_core_msgs/baxter_core_msgs/msg/analog_output_command.h
-- Up-to-date symlink: /home/mael/ros2_ws/install/baxter_core_msgs/include/baxter_core_msgs/baxter_core_msgs/msg/assembly_state.h
-- Up-to-date symlink: /home/mael/ros2_ws/install/baxter_core_msgs/include/baxter_core_msgs/baxter_core_msgs/msg/assembly_states.h
-- Up-to-date symlink: /home/mael/ros2_ws/install/baxter_core_msgs/include/baxter_core_msgs/baxter_core_msgs/msg/bridge_publisher.h
-- Up-to-date symlink: /home/mael/ros2_ws/install/baxter_core_msgs/include/baxter_core_msgs/baxter_core_msgs/msg/camera_control.h
-- Up-to-date symlink: /home/mael/ros2_ws/install/baxter_core_msgs/include/baxter_core_msgs/baxter_core_msgs/msg/camera_settings.h
-- Up-to-date symlink: /home/mael/ros2_ws/install/baxter_core_msgs/include/baxter_core_msgs/baxter_core_msgs/msg/collision_avoidance_state.h
-- Up-to-date symlink: /home/mael/ros2_ws/install/baxter_core_msgs/include/baxter_core_msgs/baxter_core_msgs/msg/collision_detection_state.h
-- Up-to-date symlink: /home/mael/ros2_ws/install/baxter_core_msgs/include/baxter_core_msgs/baxter_core_msgs/msg/detail/analog_io_state__functions.h
-- Up-to-date symlink: /home/mael/ros2_ws/install/baxter_core_msgs/include/baxter_core_msgs/baxter_core_msgs/msg/detail/analog_io_state__struct.h
-- Up-to-date symlink: /home/mael/ros2_ws/install/baxter_core_msgs/include/baxter_core_msgs/baxter_core_msgs/msg/detail/analog_io_state__type_support.h
-- Up-to-date symlink: /home/mael/ros2_ws/install/baxter_core_msgs/include/baxter_core_msgs/baxter_core_msgs/msg/detail/analog_io_states__functions.h
-- Up-to-date symlink: /home/mael/ros2_ws/install/baxter_core_msgs/include/baxter_core_msgs/baxter_core_msgs/msg/detail/analog_io_states__struct.h
-- Up-to-date symlink: /home/mael/ros2_ws/install/baxter_core_msgs/include/baxter_core_msgs/baxter_core_msgs/msg/detail/analog_io_states__type_support.h
-- Up-to-date symlink: /home/mael/ros2_ws/install/baxter_core_msgs/include/baxter_core_msgs/baxter_core_msgs/msg/detail/analog_output_command__functions.h
-- Up-to-date symlink: /home/mael/ros2_ws/install/baxter_core_msgs/include/baxter_core_msgs/baxter_core_msgs/msg/detail/analog_output_command__struct.h
-- Up-to-date symlink: /home/mael/ros2_ws/install/baxter_core_msgs/include/baxter_core_msgs/baxter_core_msgs/msg/detail/analog_output_command__type_support.h
-- Up-to-date symlink: /home/mael/ros2_ws/install/baxter_core_msgs/include/baxter_core_msgs/baxter_core_msgs/msg/detail/assembly_state__functions.h
-- Up-to-date symlink: /home/mael/ros2_ws/install/baxter_core_msgs/include/baxter_core_msgs/baxter_core_msgs/msg/detail/assembly_state__struct.h
-- Up-to-date symlink: /home/mael/ros2_ws/install/baxter_core_msgs/include/baxter_core_msgs/baxter_core_msgs/msg/detail/assembly_state__type_support.h
-- Up-to-date symlink: /home/mael/ros2_ws/install/baxter_core_msgs/include/baxter_core_msgs/baxter_core_msgs/msg/detail/assembly_states__functions.h
-- Up-to-date symlink: /home/mael/ros2_ws/install/baxter_core_msgs/include/baxter_core_msgs/baxter_core_msgs/msg/detail/assembly_states__struct.h
-- Up-to-date symlink: /home/mael/ros2_ws/install/baxter_core_msgs/include/baxter_core_msgs/baxter_core_msgs/msg/detail/assembly_states__type_support.h
-- Up-to-date symlink: /home/mael/ros2_ws/install/baxter_core_msgs/include/baxter_core_msgs/baxter_core_msgs/msg/detail/bridge_publisher__functions.h
-- Up-to-date symlink: /home/mael/ros2_ws/install/baxter_core_msgs/include/baxter_core_msgs/baxter_core_msgs/msg/detail/bridge_publisher__struct.h
-- Up-to-date symlink: /home/mael/ros2_ws/install/baxter_core_msgs/include/baxter_core_msgs/baxter_core_msgs/msg/detail/bridge_publisher__type_support.h
-- Up-to-date symlink: /home/mael/ros2_ws/install/baxter_core_msgs/include/baxter_core_msgs/baxter_core_msgs/msg/detail/camera_control__functions.h
-- Up-to-date symlink: /home/mael/ros2_ws/install/baxter_core_msgs/include/baxter_core_msgs/baxter_core_msgs/msg/detail/camera_control__struct.h
-- Up-to-date symlink: /home/mael/ros2_ws/install/baxter_core_msgs/include/baxter_core_msgs/baxter_core_msgs/msg/detail/camera_control__type_support.h
-- Up-to-date symlink: /home/mael/ros2_ws/install/baxter_core_msgs/include/baxter_core_msgs/baxter_core_msgs/msg/detail/camera_settings__functions.h
-- Up-to-date symlink: /home/mael/ros2_ws/install/baxter_core_msgs/include/baxter_core_msgs/baxter_core_msgs/msg/detail/camera_settings__struct.h
-- Up-to-date symlink: /home/mael/ros2_ws/install/baxter_core_msgs/include/baxter_core_msgs/baxter_core_msgs/msg/detail/camera_settings__type_support.h
-- Up-to-date symlink: /home/mael/ros2_ws/install/baxter_core_msgs/include/baxter_core_msgs/baxter_core_msgs/msg/detail/collision_avoidance_state__functions.h
-- Up-to-date symlink: /home/mael/ros2_ws/install/baxter_core_msgs/include/baxter_core_msgs/baxter_core_msgs/msg/detail/collision_avoidance_state__struct.h
-- Up-to-date symlink: /home/mael/ros2_ws/install/baxter_core_msgs/include/baxter_core_msgs/baxter_core_msgs/msg/detail/collision_avoidance_state__type_support.h
-- Up-to-date symlink: /home/mael/ros2_ws/install/baxter_core_msgs/include/baxter_core_msgs/baxter_core_msgs/msg/detail/collision_detection_state__functions.h
-- Up-to-date symlink: /home/mael/ros2_ws/install/baxter_core_msgs/include/baxter_core_msgs/baxter_core_msgs/msg/detail/collision_detection_state__struct.h
-- Up-to-date symlink: /home/mael/ros2_ws/install/baxter_core_msgs/include/baxter_core_msgs/baxter_core_msgs/msg/detail/collision_detection_state__type_support.h
-- Up-to-date symlink: /home/mael/ros2_ws/install/baxter_core_msgs/include/baxter_core_msgs/baxter_core_msgs/msg/detail/digital_io_state__functions.h
-- Up-to-date symlink: /home/mael/ros2_ws/install/baxter_core_msgs/include/baxter_core_msgs/baxter_core_msgs/msg/detail/digital_io_state__struct.h
-- Up-to-date symlink: /home/mael/ros2_ws/install/baxter_core_msgs/include/baxter_core_msgs/baxter_core_msgs/msg/detail/digital_io_state__type_support.h
-- Up-to-date symlink: /home/mael/ros2_ws/install/baxter_core_msgs/include/baxter_core_msgs/baxter_core_msgs/msg/detail/digital_io_states__functions.h
-- Up-to-date symlink: /home/mael/ros2_ws/install/baxter_core_msgs/include/baxter_core_msgs/baxter_core_msgs/msg/detail/digital_io_states__struct.h
-- Up-to-date symlink: /home/mael/ros2_ws/install/baxter_core_msgs/include/baxter_core_msgs/baxter_core_msgs/msg/detail/digital_io_states__type_support.h
-- Up-to-date symlink: /home/mael/ros2_ws/install/baxter_core_msgs/include/baxter_core_msgs/baxter_core_msgs/msg/detail/digital_output_command__functions.h
-- Up-to-date symlink: /home/mael/ros2_ws/install/baxter_core_msgs/include/baxter_core_msgs/baxter_core_msgs/msg/detail/digital_output_command__struct.h
-- Up-to-date symlink: /home/mael/ros2_ws/install/baxter_core_msgs/include/baxter_core_msgs/baxter_core_msgs/msg/detail/digital_output_command__type_support.h
-- Up-to-date symlink: /home/mael/ros2_ws/install/baxter_core_msgs/include/baxter_core_msgs/baxter_core_msgs/msg/detail/end_effector_command__functions.h
-- Up-to-date symlink: /home/mael/ros2_ws/install/baxter_core_msgs/include/baxter_core_msgs/baxter_core_msgs/msg/detail/end_effector_command__struct.h
-- Up-to-date symlink: /home/mael/ros2_ws/install/baxter_core_msgs/include/baxter_core_msgs/baxter_core_msgs/msg/detail/end_effector_command__type_support.h
-- Up-to-date symlink: /home/mael/ros2_ws/install/baxter_core_msgs/include/baxter_core_msgs/baxter_core_msgs/msg/detail/end_effector_properties__functions.h
-- Up-to-date symlink: /home/mael/ros2_ws/install/baxter_core_msgs/include/baxter_core_msgs/baxter_core_msgs/msg/detail/end_effector_properties__struct.h
-- Up-to-date symlink: /home/mael/ros2_ws/install/baxter_core_msgs/include/baxter_core_msgs/baxter_core_msgs/msg/detail/end_effector_properties__type_support.h
-- Up-to-date symlink: /home/mael/ros2_ws/install/baxter_core_msgs/include/baxter_core_msgs/baxter_core_msgs/msg/detail/end_effector_state__functions.h
-- Up-to-date symlink: /home/mael/ros2_ws/install/baxter_core_msgs/include/baxter_core_msgs/baxter_core_msgs/msg/detail/end_effector_state__struct.h
-- Up-to-date symlink: /home/mael/ros2_ws/install/baxter_core_msgs/include/baxter_core_msgs/baxter_core_msgs/msg/detail/end_effector_state__type_support.h
-- Up-to-date symlink: /home/mael/ros2_ws/install/baxter_core_msgs/include/baxter_core_msgs/baxter_core_msgs/msg/detail/endpoint_state__functions.h
-- Up-to-date symlink: /home/mael/ros2_ws/install/baxter_core_msgs/include/baxter_core_msgs/baxter_core_msgs/msg/detail/endpoint_state__struct.h
-- Up-to-date symlink: /home/mael/ros2_ws/install/baxter_core_msgs/include/baxter_core_msgs/baxter_core_msgs/msg/detail/endpoint_state__type_support.h
-- Up-to-date symlink: /home/mael/ros2_ws/install/baxter_core_msgs/include/baxter_core_msgs/baxter_core_msgs/msg/detail/endpoint_states__functions.h
-- Up-to-date symlink: /home/mael/ros2_ws/install/baxter_core_msgs/include/baxter_core_msgs/baxter_core_msgs/msg/detail/endpoint_states__struct.h
-- Up-to-date symlink: /home/mael/ros2_ws/install/baxter_core_msgs/include/baxter_core_msgs/baxter_core_msgs/msg/detail/endpoint_states__type_support.h
-- Up-to-date symlink: /home/mael/ros2_ws/install/baxter_core_msgs/include/baxter_core_msgs/baxter_core_msgs/msg/detail/head_pan_command__functions.h
-- Up-to-date symlink: /home/mael/ros2_ws/install/baxter_core_msgs/include/baxter_core_msgs/baxter_core_msgs/msg/detail/head_pan_command__struct.h
-- Up-to-date symlink: /home/mael/ros2_ws/install/baxter_core_msgs/include/baxter_core_msgs/baxter_core_msgs/msg/detail/head_pan_command__type_support.h
-- Up-to-date symlink: /home/mael/ros2_ws/install/baxter_core_msgs/include/baxter_core_msgs/baxter_core_msgs/msg/detail/head_state__functions.h
-- Up-to-date symlink: /home/mael/ros2_ws/install/baxter_core_msgs/include/baxter_core_msgs/baxter_core_msgs/msg/detail/head_state__struct.h
-- Up-to-date symlink: /home/mael/ros2_ws/install/baxter_core_msgs/include/baxter_core_msgs/baxter_core_msgs/msg/detail/head_state__type_support.h
-- Up-to-date symlink: /home/mael/ros2_ws/install/baxter_core_msgs/include/baxter_core_msgs/baxter_core_msgs/msg/detail/joint_command__functions.h
-- Up-to-date symlink: /home/mael/ros2_ws/install/baxter_core_msgs/include/baxter_core_msgs/baxter_core_msgs/msg/detail/joint_command__struct.h
-- Up-to-date symlink: /home/mael/ros2_ws/install/baxter_core_msgs/include/baxter_core_msgs/baxter_core_msgs/msg/detail/joint_command__type_support.h
-- Up-to-date symlink: /home/mael/ros2_ws/install/baxter_core_msgs/include/baxter_core_msgs/baxter_core_msgs/msg/detail/navigator_state__functions.h
-- Up-to-date symlink: /home/mael/ros2_ws/install/baxter_core_msgs/include/baxter_core_msgs/baxter_core_msgs/msg/detail/navigator_state__struct.h
-- Up-to-date symlink: /home/mael/ros2_ws/install/baxter_core_msgs/include/baxter_core_msgs/baxter_core_msgs/msg/detail/navigator_state__type_support.h
-- Up-to-date symlink: /home/mael/ros2_ws/install/baxter_core_msgs/include/baxter_core_msgs/baxter_core_msgs/msg/detail/navigator_states__functions.h
-- Up-to-date symlink: /home/mael/ros2_ws/install/baxter_core_msgs/include/baxter_core_msgs/baxter_core_msgs/msg/detail/navigator_states__struct.h
-- Up-to-date symlink: /home/mael/ros2_ws/install/baxter_core_msgs/include/baxter_core_msgs/baxter_core_msgs/msg/detail/navigator_states__type_support.h
-- Up-to-date symlink: /home/mael/ros2_ws/install/baxter_core_msgs/include/baxter_core_msgs/baxter_core_msgs/msg/detail/robust_controller_status__functions.h
-- Up-to-date symlink: /home/mael/ros2_ws/install/baxter_core_msgs/include/baxter_core_msgs/baxter_core_msgs/msg/detail/robust_controller_status__struct.h
-- Up-to-date symlink: /home/mael/ros2_ws/install/baxter_core_msgs/include/baxter_core_msgs/baxter_core_msgs/msg/detail/robust_controller_status__type_support.h
-- Up-to-date symlink: /home/mael/ros2_ws/install/baxter_core_msgs/include/baxter_core_msgs/baxter_core_msgs/msg/detail/sea_joint_state__functions.h
-- Up-to-date symlink: /home/mael/ros2_ws/install/baxter_core_msgs/include/baxter_core_msgs/baxter_core_msgs/msg/detail/sea_joint_state__struct.h
-- Up-to-date symlink: /home/mael/ros2_ws/install/baxter_core_msgs/include/baxter_core_msgs/baxter_core_msgs/msg/detail/sea_joint_state__type_support.h
-- Up-to-date symlink: /home/mael/ros2_ws/install/baxter_core_msgs/include/baxter_core_msgs/baxter_core_msgs/msg/detail/urdf_configuration__functions.h
-- Up-to-date symlink: /home/mael/ros2_ws/install/baxter_core_msgs/include/baxter_core_msgs/baxter_core_msgs/msg/detail/urdf_configuration__struct.h
-- Up-to-date symlink: /home/mael/ros2_ws/install/baxter_core_msgs/include/baxter_core_msgs/baxter_core_msgs/msg/detail/urdf_configuration__type_support.h
-- Up-to-date symlink: /home/mael/ros2_ws/install/baxter_core_msgs/include/baxter_core_msgs/baxter_core_msgs/msg/digital_io_state.h
-- Up-to-date symlink: /home/mael/ros2_ws/install/baxter_core_msgs/include/baxter_core_msgs/baxter_core_msgs/msg/digital_io_states.h
-- Up-to-date symlink: /home/mael/ros2_ws/install/baxter_core_msgs/include/baxter_core_msgs/baxter_core_msgs/msg/digital_output_command.h
-- Up-to-date symlink: /home/mael/ros2_ws/install/baxter_core_msgs/include/baxter_core_msgs/baxter_core_msgs/msg/end_effector_command.h
-- Up-to-date symlink: /home/mael/ros2_ws/install/baxter_core_msgs/include/baxter_core_msgs/baxter_core_msgs/msg/end_effector_properties.h
-- Up-to-date symlink: /home/mael/ros2_ws/install/baxter_core_msgs/include/baxter_core_msgs/baxter_core_msgs/msg/end_effector_state.h
-- Up-to-date symlink: /home/mael/ros2_ws/install/baxter_core_msgs/include/baxter_core_msgs/baxter_core_msgs/msg/endpoint_state.h
-- Up-to-date symlink: /home/mael/ros2_ws/install/baxter_core_msgs/include/baxter_core_msgs/baxter_core_msgs/msg/endpoint_states.h
-- Up-to-date symlink: /home/mael/ros2_ws/install/baxter_core_msgs/include/baxter_core_msgs/baxter_core_msgs/msg/head_pan_command.h
-- Up-to-date symlink: /home/mael/ros2_ws/install/baxter_core_msgs/include/baxter_core_msgs/baxter_core_msgs/msg/head_state.h
-- Up-to-date symlink: /home/mael/ros2_ws/install/baxter_core_msgs/include/baxter_core_msgs/baxter_core_msgs/msg/joint_command.h
-- Up-to-date symlink: /home/mael/ros2_ws/install/baxter_core_msgs/include/baxter_core_msgs/baxter_core_msgs/msg/navigator_state.h
-- Up-to-date symlink: /home/mael/ros2_ws/install/baxter_core_msgs/include/baxter_core_msgs/baxter_core_msgs/msg/navigator_states.h
-- Up-to-date symlink: /home/mael/ros2_ws/install/baxter_core_msgs/include/baxter_core_msgs/baxter_core_msgs/msg/robust_controller_status.h
-- Up-to-date symlink: /home/mael/ros2_ws/install/baxter_core_msgs/include/baxter_core_msgs/baxter_core_msgs/msg/rosidl_generator_c__visibility_control.h
-- Up-to-date symlink: /home/mael/ros2_ws/install/baxter_core_msgs/include/baxter_core_msgs/baxter_core_msgs/msg/sea_joint_state.h
-- Up-to-date symlink: /home/mael/ros2_ws/install/baxter_core_msgs/include/baxter_core_msgs/baxter_core_msgs/msg/urdf_configuration.h
-- Up-to-date symlink: /home/mael/ros2_ws/install/baxter_core_msgs/include/baxter_core_msgs/baxter_core_msgs/srv/bridge_publishers_auth.h
-- Up-to-date symlink: /home/mael/ros2_ws/install/baxter_core_msgs/include/baxter_core_msgs/baxter_core_msgs/srv/bridge_publishers_force.h
-- Up-to-date symlink: /home/mael/ros2_ws/install/baxter_core_msgs/include/baxter_core_msgs/baxter_core_msgs/srv/close_camera.h
-- Up-to-date symlink: /home/mael/ros2_ws/install/baxter_core_msgs/include/baxter_core_msgs/baxter_core_msgs/srv/detail/bridge_publishers_auth__functions.h
-- Up-to-date symlink: /home/mael/ros2_ws/install/baxter_core_msgs/include/baxter_core_msgs/baxter_core_msgs/srv/detail/bridge_publishers_auth__struct.h
-- Up-to-date symlink: /home/mael/ros2_ws/install/baxter_core_msgs/include/baxter_core_msgs/baxter_core_msgs/srv/detail/bridge_publishers_auth__type_support.h
-- Up-to-date symlink: /home/mael/ros2_ws/install/baxter_core_msgs/include/baxter_core_msgs/baxter_core_msgs/srv/detail/bridge_publishers_force__functions.h
-- Up-to-date symlink: /home/mael/ros2_ws/install/baxter_core_msgs/include/baxter_core_msgs/baxter_core_msgs/srv/detail/bridge_publishers_force__struct.h
-- Up-to-date symlink: /home/mael/ros2_ws/install/baxter_core_msgs/include/baxter_core_msgs/baxter_core_msgs/srv/detail/bridge_publishers_force__type_support.h
-- Up-to-date symlink: /home/mael/ros2_ws/install/baxter_core_msgs/include/baxter_core_msgs/baxter_core_msgs/srv/detail/close_camera__functions.h
-- Up-to-date symlink: /home/mael/ros2_ws/install/baxter_core_msgs/include/baxter_core_msgs/baxter_core_msgs/srv/detail/close_camera__struct.h
-- Up-to-date symlink: /home/mael/ros2_ws/install/baxter_core_msgs/include/baxter_core_msgs/baxter_core_msgs/srv/detail/close_camera__type_support.h
-- Up-to-date symlink: /home/mael/ros2_ws/install/baxter_core_msgs/include/baxter_core_msgs/baxter_core_msgs/srv/detail/list_cameras__functions.h
-- Up-to-date symlink: /home/mael/ros2_ws/install/baxter_core_msgs/include/baxter_core_msgs/baxter_core_msgs/srv/detail/list_cameras__struct.h
-- Up-to-date symlink: /home/mael/ros2_ws/install/baxter_core_msgs/include/baxter_core_msgs/baxter_core_msgs/srv/detail/list_cameras__type_support.h
-- Up-to-date symlink: /home/mael/ros2_ws/install/baxter_core_msgs/include/baxter_core_msgs/baxter_core_msgs/srv/detail/open_camera__functions.h
-- Up-to-date symlink: /home/mael/ros2_ws/install/baxter_core_msgs/include/baxter_core_msgs/baxter_core_msgs/srv/detail/open_camera__struct.h
-- Up-to-date symlink: /home/mael/ros2_ws/install/baxter_core_msgs/include/baxter_core_msgs/baxter_core_msgs/srv/detail/open_camera__type_support.h
-- Up-to-date symlink: /home/mael/ros2_ws/install/baxter_core_msgs/include/baxter_core_msgs/baxter_core_msgs/srv/detail/solve_position_ik__functions.h
-- Up-to-date symlink: /home/mael/ros2_ws/install/baxter_core_msgs/include/baxter_core_msgs/baxter_core_msgs/srv/detail/solve_position_ik__struct.h
-- Up-to-date symlink: /home/mael/ros2_ws/install/baxter_core_msgs/include/baxter_core_msgs/baxter_core_msgs/srv/detail/solve_position_ik__type_support.h
-- Up-to-date symlink: /home/mael/ros2_ws/install/baxter_core_msgs/include/baxter_core_msgs/baxter_core_msgs/srv/list_cameras.h
-- Up-to-date symlink: /home/mael/ros2_ws/install/baxter_core_msgs/include/baxter_core_msgs/baxter_core_msgs/srv/open_camera.h
-- Up-to-date symlink: /home/mael/ros2_ws/install/baxter_core_msgs/include/baxter_core_msgs/baxter_core_msgs/srv/solve_position_ik.h
-- Up-to-date symlink: /home/mael/ros2_ws/install/baxter_core_msgs/share/baxter_core_msgs/environment/library_path.sh
-- Up-to-date symlink: /home/mael/ros2_ws/install/baxter_core_msgs/share/baxter_core_msgs/environment/library_path.dsv
-- Up-to-date symlink: /home/mael/ros2_ws/install/baxter_core_msgs/include/baxter_core_msgs/baxter_core_msgs/msg/detail/analog_io_state__rosidl_typesupport_fastrtps_c.h
-- Up-to-date symlink: /home/mael/ros2_ws/install/baxter_core_msgs/include/baxter_core_msgs/baxter_core_msgs/msg/detail/analog_io_states__rosidl_typesupport_fastrtps_c.h
-- Up-to-date symlink: /home/mael/ros2_ws/install/baxter_core_msgs/include/baxter_core_msgs/baxter_core_msgs/msg/detail/analog_output_command__rosidl_typesupport_fastrtps_c.h
-- Up-to-date symlink: /home/mael/ros2_ws/install/baxter_core_msgs/include/baxter_core_msgs/baxter_core_msgs/msg/detail/assembly_state__rosidl_typesupport_fastrtps_c.h
-- Up-to-date symlink: /home/mael/ros2_ws/install/baxter_core_msgs/include/baxter_core_msgs/baxter_core_msgs/msg/detail/assembly_states__rosidl_typesupport_fastrtps_c.h
-- Up-to-date symlink: /home/mael/ros2_ws/install/baxter_core_msgs/include/baxter_core_msgs/baxter_core_msgs/msg/detail/bridge_publisher__rosidl_typesupport_fastrtps_c.h
-- Up-to-date symlink: /home/mael/ros2_ws/install/baxter_core_msgs/include/baxter_core_msgs/baxter_core_msgs/msg/detail/camera_control__rosidl_typesupport_fastrtps_c.h
-- Up-to-date symlink: /home/mael/ros2_ws/install/baxter_core_msgs/include/baxter_core_msgs/baxter_core_msgs/msg/detail/camera_settings__rosidl_typesupport_fastrtps_c.h
-- Up-to-date symlink: /home/mael/ros2_ws/install/baxter_core_msgs/include/baxter_core_msgs/baxter_core_msgs/msg/detail/collision_avoidance_state__rosidl_typesupport_fastrtps_c.h
-- Up-to-date symlink: /home/mael/ros2_ws/install/baxter_core_msgs/include/baxter_core_msgs/baxter_core_msgs/msg/detail/collision_detection_state__rosidl_typesupport_fastrtps_c.h
-- Up-to-date symlink: /home/mael/ros2_ws/install/baxter_core_msgs/include/baxter_core_msgs/baxter_core_msgs/msg/detail/digital_io_state__rosidl_typesupport_fastrtps_c.h
-- Up-to-date symlink: /home/mael/ros2_ws/install/baxter_core_msgs/include/baxter_core_msgs/baxter_core_msgs/msg/detail/digital_io_states__rosidl_typesupport_fastrtps_c.h
-- Up-to-date symlink: /home/mael/ros2_ws/install/baxter_core_msgs/include/baxter_core_msgs/baxter_core_msgs/msg/detail/digital_output_command__rosidl_typesupport_fastrtps_c.h
-- Up-to-date symlink: /home/mael/ros2_ws/install/baxter_core_msgs/include/baxter_core_msgs/baxter_core_msgs/msg/detail/end_effector_command__rosidl_typesupport_fastrtps_c.h
-- Up-to-date symlink: /home/mael/ros2_ws/install/baxter_core_msgs/include/baxter_core_msgs/baxter_core_msgs/msg/detail/end_effector_properties__rosidl_typesupport_fastrtps_c.h
-- Up-to-date symlink: /home/mael/ros2_ws/install/baxter_core_msgs/include/baxter_core_msgs/baxter_core_msgs/msg/detail/end_effector_state__rosidl_typesupport_fastrtps_c.h
-- Up-to-date symlink: /home/mael/ros2_ws/install/baxter_core_msgs/include/baxter_core_msgs/baxter_core_msgs/msg/detail/endpoint_state__rosidl_typesupport_fastrtps_c.h
-- Up-to-date symlink: /home/mael/ros2_ws/install/baxter_core_msgs/include/baxter_core_msgs/baxter_core_msgs/msg/detail/endpoint_states__rosidl_typesupport_fastrtps_c.h
-- Up-to-date symlink: /home/mael/ros2_ws/install/baxter_core_msgs/include/baxter_core_msgs/baxter_core_msgs/msg/detail/head_pan_command__rosidl_typesupport_fastrtps_c.h
-- Up-to-date symlink: /home/mael/ros2_ws/install/baxter_core_msgs/include/baxter_core_msgs/baxter_core_msgs/msg/detail/head_state__rosidl_typesupport_fastrtps_c.h
-- Up-to-date symlink: /home/mael/ros2_ws/install/baxter_core_msgs/include/baxter_core_msgs/baxter_core_msgs/msg/detail/joint_command__rosidl_typesupport_fastrtps_c.h
-- Up-to-date symlink: /home/mael/ros2_ws/install/baxter_core_msgs/include/baxter_core_msgs/baxter_core_msgs/msg/detail/navigator_state__rosidl_typesupport_fastrtps_c.h
-- Up-to-date symlink: /home/mael/ros2_ws/install/baxter_core_msgs/include/baxter_core_msgs/baxter_core_msgs/msg/detail/navigator_states__rosidl_typesupport_fastrtps_c.h
-- Up-to-date symlink: /home/mael/ros2_ws/install/baxter_core_msgs/include/baxter_core_msgs/baxter_core_msgs/msg/detail/robust_controller_status__rosidl_typesupport_fastrtps_c.h
-- Up-to-date symlink: /home/mael/ros2_ws/install/baxter_core_msgs/include/baxter_core_msgs/baxter_core_msgs/msg/detail/sea_joint_state__rosidl_typesupport_fastrtps_c.h
-- Up-to-date symlink: /home/mael/ros2_ws/install/baxter_core_msgs/include/baxter_core_msgs/baxter_core_msgs/msg/detail/urdf_configuration__rosidl_typesupport_fastrtps_c.h
-- Up-to-date symlink: /home/mael/ros2_ws/install/baxter_core_msgs/include/baxter_core_msgs/baxter_core_msgs/msg/rosidl_typesupport_fastrtps_c__visibility_control.h
-- Up-to-date symlink: /home/mael/ros2_ws/install/baxter_core_msgs/include/baxter_core_msgs/baxter_core_msgs/srv/detail/bridge_publishers_auth__rosidl_typesupport_fastrtps_c.h
-- Up-to-date symlink: /home/mael/ros2_ws/install/baxter_core_msgs/include/baxter_core_msgs/baxter_core_msgs/srv/detail/bridge_publishers_force__rosidl_typesupport_fastrtps_c.h
-- Up-to-date symlink: /home/mael/ros2_ws/install/baxter_core_msgs/include/baxter_core_msgs/baxter_core_msgs/srv/detail/close_camera__rosidl_typesupport_fastrtps_c.h
-- Up-to-date symlink: /home/mael/ros2_ws/install/baxter_core_msgs/include/baxter_core_msgs/baxter_core_msgs/srv/detail/list_cameras__rosidl_typesupport_fastrtps_c.h
-- Up-to-date symlink: /home/mael/ros2_ws/install/baxter_core_msgs/include/baxter_core_msgs/baxter_core_msgs/srv/detail/open_camera__rosidl_typesupport_fastrtps_c.h
-- Up-to-date symlink: /home/mael/ros2_ws/install/baxter_core_msgs/include/baxter_core_msgs/baxter_core_msgs/srv/detail/solve_position_ik__rosidl_typesupport_fastrtps_c.h
-- Up-to-date symlink: /home/mael/ros2_ws/install/baxter_core_msgs/include/baxter_core_msgs/baxter_core_msgs/msg/analog_io_state.hpp
-- Up-to-date symlink: /home/mael/ros2_ws/install/baxter_core_msgs/include/baxter_core_msgs/baxter_core_msgs/msg/analog_io_states.hpp
-- Up-to-date symlink: /home/mael/ros2_ws/install/baxter_core_msgs/include/baxter_core_msgs/baxter_core_msgs/msg/analog_output_command.hpp
-- Up-to-date symlink: /home/mael/ros2_ws/install/baxter_core_msgs/include/baxter_core_msgs/baxter_core_msgs/msg/assembly_state.hpp
-- Up-to-date symlink: /home/mael/ros2_ws/install/baxter_core_msgs/include/baxter_core_msgs/baxter_core_msgs/msg/assembly_states.hpp
-- Up-to-date symlink: /home/mael/ros2_ws/install/baxter_core_msgs/include/baxter_core_msgs/baxter_core_msgs/msg/bridge_publisher.hpp
-- Up-to-date symlink: /home/mael/ros2_ws/install/baxter_core_msgs/include/baxter_core_msgs/baxter_core_msgs/msg/camera_control.hpp
-- Up-to-date symlink: /home/mael/ros2_ws/install/baxter_core_msgs/include/baxter_core_msgs/baxter_core_msgs/msg/camera_settings.hpp
-- Up-to-date symlink: /home/mael/ros2_ws/install/baxter_core_msgs/include/baxter_core_msgs/baxter_core_msgs/msg/collision_avoidance_state.hpp
-- Up-to-date symlink: /home/mael/ros2_ws/install/baxter_core_msgs/include/baxter_core_msgs/baxter_core_msgs/msg/collision_detection_state.hpp
-- Up-to-date symlink: /home/mael/ros2_ws/install/baxter_core_msgs/include/baxter_core_msgs/baxter_core_msgs/msg/detail/analog_io_state__builder.hpp
-- Up-to-date symlink: /home/mael/ros2_ws/install/baxter_core_msgs/include/baxter_core_msgs/baxter_core_msgs/msg/detail/analog_io_state__struct.hpp
-- Up-to-date symlink: /home/mael/ros2_ws/install/baxter_core_msgs/include/baxter_core_msgs/baxter_core_msgs/msg/detail/analog_io_state__traits.hpp
-- Up-to-date symlink: /home/mael/ros2_ws/install/baxter_core_msgs/include/baxter_core_msgs/baxter_core_msgs/msg/detail/analog_io_states__builder.hpp
-- Up-to-date symlink: /home/mael/ros2_ws/install/baxter_core_msgs/include/baxter_core_msgs/baxter_core_msgs/msg/detail/analog_io_states__struct.hpp
-- Up-to-date symlink: /home/mael/ros2_ws/install/baxter_core_msgs/include/baxter_core_msgs/baxter_core_msgs/msg/detail/analog_io_states__traits.hpp
-- Up-to-date symlink: /home/mael/ros2_ws/install/baxter_core_msgs/include/baxter_core_msgs/baxter_core_msgs/msg/detail/analog_output_command__builder.hpp
-- Up-to-date symlink: /home/mael/ros2_ws/install/baxter_core_msgs/include/baxter_core_msgs/baxter_core_msgs/msg/detail/analog_output_command__struct.hpp
-- Up-to-date symlink: /home/mael/ros2_ws/install/baxter_core_msgs/include/baxter_core_msgs/baxter_core_msgs/msg/detail/analog_output_command__traits.hpp
-- Up-to-date symlink: /home/mael/ros2_ws/install/baxter_core_msgs/include/baxter_core_msgs/baxter_core_msgs/msg/detail/assembly_state__builder.hpp
-- Up-to-date symlink: /home/mael/ros2_ws/install/baxter_core_msgs/include/baxter_core_msgs/baxter_core_msgs/msg/detail/assembly_state__struct.hpp
-- Up-to-date symlink: /home/mael/ros2_ws/install/baxter_core_msgs/include/baxter_core_msgs/baxter_core_msgs/msg/detail/assembly_state__traits.hpp
-- Up-to-date symlink: /home/mael/ros2_ws/install/baxter_core_msgs/include/baxter_core_msgs/baxter_core_msgs/msg/detail/assembly_states__builder.hpp
-- Up-to-date symlink: /home/mael/ros2_ws/install/baxter_core_msgs/include/baxter_core_msgs/baxter_core_msgs/msg/detail/assembly_states__struct.hpp
-- Up-to-date symlink: /home/mael/ros2_ws/install/baxter_core_msgs/include/baxter_core_msgs/baxter_core_msgs/msg/detail/assembly_states__traits.hpp
-- Up-to-date symlink: /home/mael/ros2_ws/install/baxter_core_msgs/include/baxter_core_msgs/baxter_core_msgs/msg/detail/bridge_publisher__builder.hpp
-- Up-to-date symlink: /home/mael/ros2_ws/install/baxter_core_msgs/include/baxter_core_msgs/baxter_core_msgs/msg/detail/bridge_publisher__struct.hpp
-- Up-to-date symlink: /home/mael/ros2_ws/install/baxter_core_msgs/include/baxter_core_msgs/baxter_core_msgs/msg/detail/bridge_publisher__traits.hpp
-- Up-to-date symlink: /home/mael/ros2_ws/install/baxter_core_msgs/include/baxter_core_msgs/baxter_core_msgs/msg/detail/camera_control__builder.hpp
-- Up-to-date symlink: /home/mael/ros2_ws/install/baxter_core_msgs/include/baxter_core_msgs/baxter_core_msgs/msg/detail/camera_control__struct.hpp
-- Up-to-date symlink: /home/mael/ros2_ws/install/baxter_core_msgs/include/baxter_core_msgs/baxter_core_msgs/msg/detail/camera_control__traits.hpp
-- Up-to-date symlink: /home/mael/ros2_ws/install/baxter_core_msgs/include/baxter_core_msgs/baxter_core_msgs/msg/detail/camera_settings__builder.hpp
-- Up-to-date symlink: /home/mael/ros2_ws/install/baxter_core_msgs/include/baxter_core_msgs/baxter_core_msgs/msg/detail/camera_settings__struct.hpp
-- Up-to-date symlink: /home/mael/ros2_ws/install/baxter_core_msgs/include/baxter_core_msgs/baxter_core_msgs/msg/detail/camera_settings__traits.hpp
-- Up-to-date symlink: /home/mael/ros2_ws/install/baxter_core_msgs/include/baxter_core_msgs/baxter_core_msgs/msg/detail/collision_avoidance_state__builder.hpp
-- Up-to-date symlink: /home/mael/ros2_ws/install/baxter_core_msgs/include/baxter_core_msgs/baxter_core_msgs/msg/detail/collision_avoidance_state__struct.hpp
-- Up-to-date symlink: /home/mael/ros2_ws/install/baxter_core_msgs/include/baxter_core_msgs/baxter_core_msgs/msg/detail/collision_avoidance_state__traits.hpp
-- Up-to-date symlink: /home/mael/ros2_ws/install/baxter_core_msgs/include/baxter_core_msgs/baxter_core_msgs/msg/detail/collision_detection_state__builder.hpp
-- Up-to-date symlink: /home/mael/ros2_ws/install/baxter_core_msgs/include/baxter_core_msgs/baxter_core_msgs/msg/detail/collision_detection_state__struct.hpp
-- Up-to-date symlink: /home/mael/ros2_ws/install/baxter_core_msgs/include/baxter_core_msgs/baxter_core_msgs/msg/detail/collision_detection_state__traits.hpp
-- Up-to-date symlink: /home/mael/ros2_ws/install/baxter_core_msgs/include/baxter_core_msgs/baxter_core_msgs/msg/detail/digital_io_state__builder.hpp
-- Up-to-date symlink: /home/mael/ros2_ws/install/baxter_core_msgs/include/baxter_core_msgs/baxter_core_msgs/msg/detail/digital_io_state__struct.hpp
-- Up-to-date symlink: /home/mael/ros2_ws/install/baxter_core_msgs/include/baxter_core_msgs/baxter_core_msgs/msg/detail/digital_io_state__traits.hpp
-- Up-to-date symlink: /home/mael/ros2_ws/install/baxter_core_msgs/include/baxter_core_msgs/baxter_core_msgs/msg/detail/digital_io_states__builder.hpp
-- Up-to-date symlink: /home/mael/ros2_ws/install/baxter_core_msgs/include/baxter_core_msgs/baxter_core_msgs/msg/detail/digital_io_states__struct.hpp
-- Up-to-date symlink: /home/mael/ros2_ws/install/baxter_core_msgs/include/baxter_core_msgs/baxter_core_msgs/msg/detail/digital_io_states__traits.hpp
-- Up-to-date symlink: /home/mael/ros2_ws/install/baxter_core_msgs/include/baxter_core_msgs/baxter_core_msgs/msg/detail/digital_output_command__builder.hpp
-- Up-to-date symlink: /home/mael/ros2_ws/install/baxter_core_msgs/include/baxter_core_msgs/baxter_core_msgs/msg/detail/digital_output_command__struct.hpp
-- Up-to-date symlink: /home/mael/ros2_ws/install/baxter_core_msgs/include/baxter_core_msgs/baxter_core_msgs/msg/detail/digital_output_command__traits.hpp
-- Up-to-date symlink: /home/mael/ros2_ws/install/baxter_core_msgs/include/baxter_core_msgs/baxter_core_msgs/msg/detail/end_effector_command__builder.hpp
-- Up-to-date symlink: /home/mael/ros2_ws/install/baxter_core_msgs/include/baxter_core_msgs/baxter_core_msgs/msg/detail/end_effector_command__struct.hpp
-- Up-to-date symlink: /home/mael/ros2_ws/install/baxter_core_msgs/include/baxter_core_msgs/baxter_core_msgs/msg/detail/end_effector_command__traits.hpp
-- Up-to-date symlink: /home/mael/ros2_ws/install/baxter_core_msgs/include/baxter_core_msgs/baxter_core_msgs/msg/detail/end_effector_properties__builder.hpp
-- Up-to-date symlink: /home/mael/ros2_ws/install/baxter_core_msgs/include/baxter_core_msgs/baxter_core_msgs/msg/detail/end_effector_properties__struct.hpp
-- Up-to-date symlink: /home/mael/ros2_ws/install/baxter_core_msgs/include/baxter_core_msgs/baxter_core_msgs/msg/detail/end_effector_properties__traits.hpp
-- Up-to-date symlink: /home/mael/ros2_ws/install/baxter_core_msgs/include/baxter_core_msgs/baxter_core_msgs/msg/detail/end_effector_state__builder.hpp
-- Up-to-date symlink: /home/mael/ros2_ws/install/baxter_core_msgs/include/baxter_core_msgs/baxter_core_msgs/msg/detail/end_effector_state__struct.hpp
-- Up-to-date symlink: /home/mael/ros2_ws/install/baxter_core_msgs/include/baxter_core_msgs/baxter_core_msgs/msg/detail/end_effector_state__traits.hpp
-- Up-to-date symlink: /home/mael/ros2_ws/install/baxter_core_msgs/include/baxter_core_msgs/baxter_core_msgs/msg/detail/endpoint_state__builder.hpp
-- Up-to-date symlink: /home/mael/ros2_ws/install/baxter_core_msgs/include/baxter_core_msgs/baxter_core_msgs/msg/detail/endpoint_state__struct.hpp
-- Up-to-date symlink: /home/mael/ros2_ws/install/baxter_core_msgs/include/baxter_core_msgs/baxter_core_msgs/msg/detail/endpoint_state__traits.hpp
-- Up-to-date symlink: /home/mael/ros2_ws/install/baxter_core_msgs/include/baxter_core_msgs/baxter_core_msgs/msg/detail/endpoint_states__builder.hpp
-- Up-to-date symlink: /home/mael/ros2_ws/install/baxter_core_msgs/include/baxter_core_msgs/baxter_core_msgs/msg/detail/endpoint_states__struct.hpp
-- Up-to-date symlink: /home/mael/ros2_ws/install/baxter_core_msgs/include/baxter_core_msgs/baxter_core_msgs/msg/detail/endpoint_states__traits.hpp
-- Up-to-date symlink: /home/mael/ros2_ws/install/baxter_core_msgs/include/baxter_core_msgs/baxter_core_msgs/msg/detail/head_pan_command__builder.hpp
-- Up-to-date symlink: /home/mael/ros2_ws/install/baxter_core_msgs/include/baxter_core_msgs/baxter_core_msgs/msg/detail/head_pan_command__struct.hpp
-- Up-to-date symlink: /home/mael/ros2_ws/install/baxter_core_msgs/include/baxter_core_msgs/baxter_core_msgs/msg/detail/head_pan_command__traits.hpp
-- Up-to-date symlink: /home/mael/ros2_ws/install/baxter_core_msgs/include/baxter_core_msgs/baxter_core_msgs/msg/detail/head_state__builder.hpp
-- Up-to-date symlink: /home/mael/ros2_ws/install/baxter_core_msgs/include/baxter_core_msgs/baxter_core_msgs/msg/detail/head_state__struct.hpp
-- Up-to-date symlink: /home/mael/ros2_ws/install/baxter_core_msgs/include/baxter_core_msgs/baxter_core_msgs/msg/detail/head_state__traits.hpp
-- Up-to-date symlink: /home/mael/ros2_ws/install/baxter_core_msgs/include/baxter_core_msgs/baxter_core_msgs/msg/detail/joint_command__builder.hpp
-- Up-to-date symlink: /home/mael/ros2_ws/install/baxter_core_msgs/include/baxter_core_msgs/baxter_core_msgs/msg/detail/joint_command__struct.hpp
-- Up-to-date symlink: /home/mael/ros2_ws/install/baxter_core_msgs/include/baxter_core_msgs/baxter_core_msgs/msg/detail/joint_command__traits.hpp
-- Up-to-date symlink: /home/mael/ros2_ws/install/baxter_core_msgs/include/baxter_core_msgs/baxter_core_msgs/msg/detail/navigator_state__builder.hpp
-- Up-to-date symlink: /home/mael/ros2_ws/install/baxter_core_msgs/include/baxter_core_msgs/baxter_core_msgs/msg/detail/navigator_state__struct.hpp
-- Up-to-date symlink: /home/mael/ros2_ws/install/baxter_core_msgs/include/baxter_core_msgs/baxter_core_msgs/msg/detail/navigator_state__traits.hpp
-- Up-to-date symlink: /home/mael/ros2_ws/install/baxter_core_msgs/include/baxter_core_msgs/baxter_core_msgs/msg/detail/navigator_states__builder.hpp
-- Up-to-date symlink: /home/mael/ros2_ws/install/baxter_core_msgs/include/baxter_core_msgs/baxter_core_msgs/msg/detail/navigator_states__struct.hpp
-- Up-to-date symlink: /home/mael/ros2_ws/install/baxter_core_msgs/include/baxter_core_msgs/baxter_core_msgs/msg/detail/navigator_states__traits.hpp
-- Up-to-date symlink: /home/mael/ros2_ws/install/baxter_core_msgs/include/baxter_core_msgs/baxter_core_msgs/msg/detail/robust_controller_status__builder.hpp
-- Up-to-date symlink: /home/mael/ros2_ws/install/baxter_core_msgs/include/baxter_core_msgs/baxter_core_msgs/msg/detail/robust_controller_status__struct.hpp
-- Up-to-date symlink: /home/mael/ros2_ws/install/baxter_core_msgs/include/baxter_core_msgs/baxter_core_msgs/msg/detail/robust_controller_status__traits.hpp
-- Up-to-date symlink: /home/mael/ros2_ws/install/baxter_core_msgs/include/baxter_core_msgs/baxter_core_msgs/msg/detail/sea_joint_state__builder.hpp
-- Up-to-date symlink: /home/mael/ros2_ws/install/baxter_core_msgs/include/baxter_core_msgs/baxter_core_msgs/msg/detail/sea_joint_state__struct.hpp
-- Up-to-date symlink: /home/mael/ros2_ws/install/baxter_core_msgs/include/baxter_core_msgs/baxter_core_msgs/msg/detail/sea_joint_state__traits.hpp
-- Up-to-date symlink: /home/mael/ros2_ws/install/baxter_core_msgs/include/baxter_core_msgs/baxter_core_msgs/msg/detail/urdf_configuration__builder.hpp
-- Up-to-date symlink: /home/mael/ros2_ws/install/baxter_core_msgs/include/baxter_core_msgs/baxter_core_msgs/msg/detail/urdf_configuration__struct.hpp
-- Up-to-date symlink: /home/mael/ros2_ws/install/baxter_core_msgs/include/baxter_core_msgs/baxter_core_msgs/msg/detail/urdf_configuration__traits.hpp
-- Up-to-date symlink: /home/mael/ros2_ws/install/baxter_core_msgs/include/baxter_core_msgs/baxter_core_msgs/msg/digital_io_state.hpp
-- Up-to-date symlink: /home/mael/ros2_ws/install/baxter_core_msgs/include/baxter_core_msgs/baxter_core_msgs/msg/digital_io_states.hpp
-- Up-to-date symlink: /home/mael/ros2_ws/install/baxter_core_msgs/include/baxter_core_msgs/baxter_core_msgs/msg/digital_output_command.hpp
-- Up-to-date symlink: /home/mael/ros2_ws/install/baxter_core_msgs/include/baxter_core_msgs/baxter_core_msgs/msg/end_effector_command.hpp
-- Up-to-date symlink: /home/mael/ros2_ws/install/baxter_core_msgs/include/baxter_core_msgs/baxter_core_msgs/msg/end_effector_properties.hpp
-- Up-to-date symlink: /home/mael/ros2_ws/install/baxter_core_msgs/include/baxter_core_msgs/baxter_core_msgs/msg/end_effector_state.hpp
-- Up-to-date symlink: /home/mael/ros2_ws/install/baxter_core_msgs/include/baxter_core_msgs/baxter_core_msgs/msg/endpoint_state.hpp
-- Up-to-date symlink: /home/mael/ros2_ws/install/baxter_core_msgs/include/baxter_core_msgs/baxter_core_msgs/msg/endpoint_states.hpp
-- Up-to-date symlink: /home/mael/ros2_ws/install/baxter_core_msgs/include/baxter_core_msgs/baxter_core_msgs/msg/head_pan_command.hpp
-- Up-to-date symlink: /home/mael/ros2_ws/install/baxter_core_msgs/include/baxter_core_msgs/baxter_core_msgs/msg/head_state.hpp
-- Up-to-date symlink: /home/mael/ros2_ws/install/baxter_core_msgs/include/baxter_core_msgs/baxter_core_msgs/msg/joint_command.hpp
-- Up-to-date symlink: /home/mael/ros2_ws/install/baxter_core_msgs/include/baxter_core_msgs/baxter_core_msgs/msg/navigator_state.hpp
-- Up-to-date symlink: /home/mael/ros2_ws/install/baxter_core_msgs/include/baxter_core_msgs/baxter_core_msgs/msg/navigator_states.hpp
-- Up-to-date symlink: /home/mael/ros2_ws/install/baxter_core_msgs/include/baxter_core_msgs/baxter_core_msgs/msg/robust_controller_status.hpp
-- Up-to-date symlink: /home/mael/ros2_ws/install/baxter_core_msgs/include/baxter_core_msgs/baxter_core_msgs/msg/sea_joint_state.hpp
-- Up-to-date symlink: /home/mael/ros2_ws/install/baxter_core_msgs/include/baxter_core_msgs/baxter_core_msgs/msg/urdf_configuration.hpp
-- Up-to-date symlink: /home/mael/ros2_ws/install/baxter_core_msgs/include/baxter_core_msgs/baxter_core_msgs/srv/bridge_publishers_auth.hpp
-- Up-to-date symlink: /home/mael/ros2_ws/install/baxter_core_msgs/include/baxter_core_msgs/baxter_core_msgs/srv/bridge_publishers_force.hpp
-- Up-to-date symlink: /home/mael/ros2_ws/install/baxter_core_msgs/include/baxter_core_msgs/baxter_core_msgs/srv/close_camera.hpp
-- Up-to-date symlink: /home/mael/ros2_ws/install/baxter_core_msgs/include/baxter_core_msgs/baxter_core_msgs/srv/detail/bridge_publishers_auth__builder.hpp
-- Up-to-date symlink: /home/mael/ros2_ws/install/baxter_core_msgs/include/baxter_core_msgs/baxter_core_msgs/srv/detail/bridge_publishers_auth__struct.hpp
-- Up-to-date symlink: /home/mael/ros2_ws/install/baxter_core_msgs/include/baxter_core_msgs/baxter_core_msgs/srv/detail/bridge_publishers_auth__traits.hpp
-- Up-to-date symlink: /home/mael/ros2_ws/install/baxter_core_msgs/include/baxter_core_msgs/baxter_core_msgs/srv/detail/bridge_publishers_force__builder.hpp
-- Up-to-date symlink: /home/mael/ros2_ws/install/baxter_core_msgs/include/baxter_core_msgs/baxter_core_msgs/srv/detail/bridge_publishers_force__struct.hpp
-- Up-to-date symlink: /home/mael/ros2_ws/install/baxter_core_msgs/include/baxter_core_msgs/baxter_core_msgs/srv/detail/bridge_publishers_force__traits.hpp
-- Up-to-date symlink: /home/mael/ros2_ws/install/baxter_core_msgs/include/baxter_core_msgs/baxter_core_msgs/srv/detail/close_camera__builder.hpp
-- Up-to-date symlink: /home/mael/ros2_ws/install/baxter_core_msgs/include/baxter_core_msgs/baxter_core_msgs/srv/detail/close_camera__struct.hpp
-- Up-to-date symlink: /home/mael/ros2_ws/install/baxter_core_msgs/include/baxter_core_msgs/baxter_core_msgs/srv/detail/close_camera__traits.hpp
-- Up-to-date symlink: /home/mael/ros2_ws/install/baxter_core_msgs/include/baxter_core_msgs/baxter_core_msgs/srv/detail/list_cameras__builder.hpp
-- Up-to-date symlink: /home/mael/ros2_ws/install/baxter_core_msgs/include/baxter_core_msgs/baxter_core_msgs/srv/detail/list_cameras__struct.hpp
-- Up-to-date symlink: /home/mael/ros2_ws/install/baxter_core_msgs/include/baxter_core_msgs/baxter_core_msgs/srv/detail/list_cameras__traits.hpp
-- Up-to-date symlink: /home/mael/ros2_ws/install/baxter_core_msgs/include/baxter_core_msgs/baxter_core_msgs/srv/detail/open_camera__builder.hpp
-- Up-to-date symlink: /home/mael/ros2_ws/install/baxter_core_msgs/include/baxter_core_msgs/baxter_core_msgs/srv/detail/open_camera__struct.hpp
-- Up-to-date symlink: /home/mael/ros2_ws/install/baxter_core_msgs/include/baxter_core_msgs/baxter_core_msgs/srv/detail/open_camera__traits.hpp
-- Up-to-date symlink: /home/mael/ros2_ws/install/baxter_core_msgs/include/baxter_core_msgs/baxter_core_msgs/srv/detail/solve_position_ik__builder.hpp
-- Up-to-date symlink: /home/mael/ros2_ws/install/baxter_core_msgs/include/baxter_core_msgs/baxter_core_msgs/srv/detail/solve_position_ik__struct.hpp
-- Up-to-date symlink: /home/mael/ros2_ws/install/baxter_core_msgs/include/baxter_core_msgs/baxter_core_msgs/srv/detail/solve_position_ik__traits.hpp
-- Up-to-date symlink: /home/mael/ros2_ws/install/baxter_core_msgs/include/baxter_core_msgs/baxter_core_msgs/srv/list_cameras.hpp
-- Up-to-date symlink: /home/mael/ros2_ws/install/baxter_core_msgs/include/baxter_core_msgs/baxter_core_msgs/srv/open_camera.hpp
-- Up-to-date symlink: /home/mael/ros2_ws/install/baxter_core_msgs/include/baxter_core_msgs/baxter_core_msgs/srv/solve_position_ik.hpp
-- Up-to-date symlink: /home/mael/ros2_ws/install/baxter_core_msgs/include/baxter_core_msgs/baxter_core_msgs/msg/detail/analog_io_state__rosidl_typesupport_fastrtps_cpp.hpp
-- Up-to-date symlink: /home/mael/ros2_ws/install/baxter_core_msgs/include/baxter_core_msgs/baxter_core_msgs/msg/detail/analog_io_states__rosidl_typesupport_fastrtps_cpp.hpp
-- Up-to-date symlink: /home/mael/ros2_ws/install/baxter_core_msgs/include/baxter_core_msgs/baxter_core_msgs/msg/detail/analog_output_command__rosidl_typesupport_fastrtps_cpp.hpp
-- Up-to-date symlink: /home/mael/ros2_ws/install/baxter_core_msgs/include/baxter_core_msgs/baxter_core_msgs/msg/detail/assembly_state__rosidl_typesupport_fastrtps_cpp.hpp
-- Up-to-date symlink: /home/mael/ros2_ws/install/baxter_core_msgs/include/baxter_core_msgs/baxter_core_msgs/msg/detail/assembly_states__rosidl_typesupport_fastrtps_cpp.hpp
-- Up-to-date symlink: /home/mael/ros2_ws/install/baxter_core_msgs/include/baxter_core_msgs/baxter_core_msgs/msg/detail/bridge_publisher__rosidl_typesupport_fastrtps_cpp.hpp
-- Up-to-date symlink: /home/mael/ros2_ws/install/baxter_core_msgs/include/baxter_core_msgs/baxter_core_msgs/msg/detail/camera_control__rosidl_typesupport_fastrtps_cpp.hpp
-- Up-to-date symlink: /home/mael/ros2_ws/install/baxter_core_msgs/include/baxter_core_msgs/baxter_core_msgs/msg/detail/camera_settings__rosidl_typesupport_fastrtps_cpp.hpp
-- Up-to-date symlink: /home/mael/ros2_ws/install/baxter_core_msgs/include/baxter_core_msgs/baxter_core_msgs/msg/detail/collision_avoidance_state__rosidl_typesupport_fastrtps_cpp.hpp
-- Up-to-date symlink: /home/mael/ros2_ws/install/baxter_core_msgs/include/baxter_core_msgs/baxter_core_msgs/msg/detail/collision_detection_state__rosidl_typesupport_fastrtps_cpp.hpp
-- Up-to-date symlink: /home/mael/ros2_ws/install/baxter_core_msgs/include/baxter_core_msgs/baxter_core_msgs/msg/detail/digital_io_state__rosidl_typesupport_fastrtps_cpp.hpp
-- Up-to-date symlink: /home/mael/ros2_ws/install/baxter_core_msgs/include/baxter_core_msgs/baxter_core_msgs/msg/detail/digital_io_states__rosidl_typesupport_fastrtps_cpp.hpp
-- Up-to-date symlink: /home/mael/ros2_ws/install/baxter_core_msgs/include/baxter_core_msgs/baxter_core_msgs/msg/detail/digital_output_command__rosidl_typesupport_fastrtps_cpp.hpp
-- Up-to-date symlink: /home/mael/ros2_ws/install/baxter_core_msgs/include/baxter_core_msgs/baxter_core_msgs/msg/detail/end_effector_command__rosidl_typesupport_fastrtps_cpp.hpp
-- Up-to-date symlink: /home/mael/ros2_ws/install/baxter_core_msgs/include/baxter_core_msgs/baxter_core_msgs/msg/detail/end_effector_properties__rosidl_typesupport_fastrtps_cpp.hpp
-- Up-to-date symlink: /home/mael/ros2_ws/install/baxter_core_msgs/include/baxter_core_msgs/baxter_core_msgs/msg/detail/end_effector_state__rosidl_typesupport_fastrtps_cpp.hpp
-- Up-to-date symlink: /home/mael/ros2_ws/install/baxter_core_msgs/include/baxter_core_msgs/baxter_core_msgs/msg/detail/endpoint_state__rosidl_typesupport_fastrtps_cpp.hpp
-- Up-to-date symlink: /home/mael/ros2_ws/install/baxter_core_msgs/include/baxter_core_msgs/baxter_core_msgs/msg/detail/endpoint_states__rosidl_typesupport_fastrtps_cpp.hpp
-- Up-to-date symlink: /home/mael/ros2_ws/install/baxter_core_msgs/include/baxter_core_msgs/baxter_core_msgs/msg/detail/head_pan_command__rosidl_typesupport_fastrtps_cpp.hpp
-- Up-to-date symlink: /home/mael/ros2_ws/install/baxter_core_msgs/include/baxter_core_msgs/baxter_core_msgs/msg/detail/head_state__rosidl_typesupport_fastrtps_cpp.hpp
-- Up-to-date symlink: /home/mael/ros2_ws/install/baxter_core_msgs/include/baxter_core_msgs/baxter_core_msgs/msg/detail/joint_command__rosidl_typesupport_fastrtps_cpp.hpp
-- Up-to-date symlink: /home/mael/ros2_ws/install/baxter_core_msgs/include/baxter_core_msgs/baxter_core_msgs/msg/detail/navigator_state__rosidl_typesupport_fastrtps_cpp.hpp
-- Up-to-date symlink: /home/mael/ros2_ws/install/baxter_core_msgs/include/baxter_core_msgs/baxter_core_msgs/msg/detail/navigator_states__rosidl_typesupport_fastrtps_cpp.hpp
-- Up-to-date symlink: /home/mael/ros2_ws/install/baxter_core_msgs/include/baxter_core_msgs/baxter_core_msgs/msg/detail/robust_controller_status__rosidl_typesupport_fastrtps_cpp.hpp
-- Up-to-date symlink: /home/mael/ros2_ws/install/baxter_core_msgs/include/baxter_core_msgs/baxter_core_msgs/msg/detail/sea_joint_state__rosidl_typesupport_fastrtps_cpp.hpp
-- Up-to-date symlink: /home/mael/ros2_ws/install/baxter_core_msgs/include/baxter_core_msgs/baxter_core_msgs/msg/detail/urdf_configuration__rosidl_typesupport_fastrtps_cpp.hpp
-- Up-to-date symlink: /home/mael/ros2_ws/install/baxter_core_msgs/include/baxter_core_msgs/baxter_core_msgs/msg/rosidl_typesupport_fastrtps_cpp__visibility_control.h
-- Up-to-date symlink: /home/mael/ros2_ws/install/baxter_core_msgs/include/baxter_core_msgs/baxter_core_msgs/srv/detail/bridge_publishers_auth__rosidl_typesupport_fastrtps_cpp.hpp
-- Up-to-date symlink: /home/mael/ros2_ws/install/baxter_core_msgs/include/baxter_core_msgs/baxter_core_msgs/srv/detail/bridge_publishers_force__rosidl_typesupport_fastrtps_cpp.hpp
-- Up-to-date symlink: /home/mael/ros2_ws/install/baxter_core_msgs/include/baxter_core_msgs/baxter_core_msgs/srv/detail/close_camera__rosidl_typesupport_fastrtps_cpp.hpp
-- Up-to-date symlink: /home/mael/ros2_ws/install/baxter_core_msgs/include/baxter_core_msgs/baxter_core_msgs/srv/detail/list_cameras__rosidl_typesupport_fastrtps_cpp.hpp
-- Up-to-date symlink: /home/mael/ros2_ws/install/baxter_core_msgs/include/baxter_core_msgs/baxter_core_msgs/srv/detail/open_camera__rosidl_typesupport_fastrtps_cpp.hpp
-- Up-to-date symlink: /home/mael/ros2_ws/install/baxter_core_msgs/include/baxter_core_msgs/baxter_core_msgs/srv/detail/solve_position_ik__rosidl_typesupport_fastrtps_cpp.hpp
-- Up-to-date symlink: /home/mael/ros2_ws/install/baxter_core_msgs/include/baxter_core_msgs/baxter_core_msgs/msg/detail/analog_io_state__rosidl_typesupport_introspection_c.h
-- Up-to-date symlink: /home/mael/ros2_ws/install/baxter_core_msgs/include/baxter_core_msgs/baxter_core_msgs/msg/detail/analog_io_states__rosidl_typesupport_introspection_c.h
-- Up-to-date symlink: /home/mael/ros2_ws/install/baxter_core_msgs/include/baxter_core_msgs/baxter_core_msgs/msg/detail/analog_output_command__rosidl_typesupport_introspection_c.h
-- Up-to-date symlink: /home/mael/ros2_ws/install/baxter_core_msgs/include/baxter_core_msgs/baxter_core_msgs/msg/detail/assembly_state__rosidl_typesupport_introspection_c.h
-- Up-to-date symlink: /home/mael/ros2_ws/install/baxter_core_msgs/include/baxter_core_msgs/baxter_core_msgs/msg/detail/assembly_states__rosidl_typesupport_introspection_c.h
-- Up-to-date symlink: /home/mael/ros2_ws/install/baxter_core_msgs/include/baxter_core_msgs/baxter_core_msgs/msg/detail/bridge_publisher__rosidl_typesupport_introspection_c.h
-- Up-to-date symlink: /home/mael/ros2_ws/install/baxter_core_msgs/include/baxter_core_msgs/baxter_core_msgs/msg/detail/camera_control__rosidl_typesupport_introspection_c.h
-- Up-to-date symlink: /home/mael/ros2_ws/install/baxter_core_msgs/include/baxter_core_msgs/baxter_core_msgs/msg/detail/camera_settings__rosidl_typesupport_introspection_c.h
-- Up-to-date symlink: /home/mael/ros2_ws/install/baxter_core_msgs/include/baxter_core_msgs/baxter_core_msgs/msg/detail/collision_avoidance_state__rosidl_typesupport_introspection_c.h
-- Up-to-date symlink: /home/mael/ros2_ws/install/baxter_core_msgs/include/baxter_core_msgs/baxter_core_msgs/msg/detail/collision_detection_state__rosidl_typesupport_introspection_c.h
-- Up-to-date symlink: /home/mael/ros2_ws/install/baxter_core_msgs/include/baxter_core_msgs/baxter_core_msgs/msg/detail/digital_io_state__rosidl_typesupport_introspection_c.h
-- Up-to-date symlink: /home/mael/ros2_ws/install/baxter_core_msgs/include/baxter_core_msgs/baxter_core_msgs/msg/detail/digital_io_states__rosidl_typesupport_introspection_c.h
-- Up-to-date symlink: /home/mael/ros2_ws/install/baxter_core_msgs/include/baxter_core_msgs/baxter_core_msgs/msg/detail/digital_output_command__rosidl_typesupport_introspection_c.h
-- Up-to-date symlink: /home/mael/ros2_ws/install/baxter_core_msgs/include/baxter_core_msgs/baxter_core_msgs/msg/detail/end_effector_command__rosidl_typesupport_introspection_c.h
-- Up-to-date symlink: /home/mael/ros2_ws/install/baxter_core_msgs/include/baxter_core_msgs/baxter_core_msgs/msg/detail/end_effector_properties__rosidl_typesupport_introspection_c.h
-- Up-to-date symlink: /home/mael/ros2_ws/install/baxter_core_msgs/include/baxter_core_msgs/baxter_core_msgs/msg/detail/end_effector_state__rosidl_typesupport_introspection_c.h
-- Up-to-date symlink: /home/mael/ros2_ws/install/baxter_core_msgs/include/baxter_core_msgs/baxter_core_msgs/msg/detail/endpoint_state__rosidl_typesupport_introspection_c.h
-- Up-to-date symlink: /home/mael/ros2_ws/install/baxter_core_msgs/include/baxter_core_msgs/baxter_core_msgs/msg/detail/endpoint_states__rosidl_typesupport_introspection_c.h
-- Up-to-date symlink: /home/mael/ros2_ws/install/baxter_core_msgs/include/baxter_core_msgs/baxter_core_msgs/msg/detail/head_pan_command__rosidl_typesupport_introspection_c.h
-- Up-to-date symlink: /home/mael/ros2_ws/install/baxter_core_msgs/include/baxter_core_msgs/baxter_core_msgs/msg/detail/head_state__rosidl_typesupport_introspection_c.h
-- Up-to-date symlink: /home/mael/ros2_ws/install/baxter_core_msgs/include/baxter_core_msgs/baxter_core_msgs/msg/detail/joint_command__rosidl_typesupport_introspection_c.h
-- Up-to-date symlink: /home/mael/ros2_ws/install/baxter_core_msgs/include/baxter_core_msgs/baxter_core_msgs/msg/detail/navigator_state__rosidl_typesupport_introspection_c.h
-- Up-to-date symlink: /home/mael/ros2_ws/install/baxter_core_msgs/include/baxter_core_msgs/baxter_core_msgs/msg/detail/navigator_states__rosidl_typesupport_introspection_c.h
-- Up-to-date symlink: /home/mael/ros2_ws/install/baxter_core_msgs/include/baxter_core_msgs/baxter_core_msgs/msg/detail/robust_controller_status__rosidl_typesupport_introspection_c.h
-- Up-to-date symlink: /home/mael/ros2_ws/install/baxter_core_msgs/include/baxter_core_msgs/baxter_core_msgs/msg/detail/sea_joint_state__rosidl_typesupport_introspection_c.h
-- Up-to-date symlink: /home/mael/ros2_ws/install/baxter_core_msgs/include/baxter_core_msgs/baxter_core_msgs/msg/detail/urdf_configuration__rosidl_typesupport_introspection_c.h
-- Up-to-date symlink: /home/mael/ros2_ws/install/baxter_core_msgs/include/baxter_core_msgs/baxter_core_msgs/msg/rosidl_typesupport_introspection_c__visibility_control.h
-- Up-to-date symlink: /home/mael/ros2_ws/install/baxter_core_msgs/include/baxter_core_msgs/baxter_core_msgs/srv/detail/bridge_publishers_auth__rosidl_typesupport_introspection_c.h
-- Up-to-date symlink: /home/mael/ros2_ws/install/baxter_core_msgs/include/baxter_core_msgs/baxter_core_msgs/srv/detail/bridge_publishers_force__rosidl_typesupport_introspection_c.h
-- Up-to-date symlink: /home/mael/ros2_ws/install/baxter_core_msgs/include/baxter_core_msgs/baxter_core_msgs/srv/detail/close_camera__rosidl_typesupport_introspection_c.h
-- Up-to-date symlink: /home/mael/ros2_ws/install/baxter_core_msgs/include/baxter_core_msgs/baxter_core_msgs/srv/detail/list_cameras__rosidl_typesupport_introspection_c.h
-- Up-to-date symlink: /home/mael/ros2_ws/install/baxter_core_msgs/include/baxter_core_msgs/baxter_core_msgs/srv/detail/open_camera__rosidl_typesupport_introspection_c.h
-- Up-to-date symlink: /home/mael/ros2_ws/install/baxter_core_msgs/include/baxter_core_msgs/baxter_core_msgs/srv/detail/solve_position_ik__rosidl_typesupport_introspection_c.h
-- Up-to-date symlink: /home/mael/ros2_ws/install/baxter_core_msgs/include/baxter_core_msgs/baxter_core_msgs/msg/detail/analog_io_state__rosidl_typesupport_introspection_cpp.hpp
-- Up-to-date symlink: /home/mael/ros2_ws/install/baxter_core_msgs/include/baxter_core_msgs/baxter_core_msgs/msg/detail/analog_io_states__rosidl_typesupport_introspection_cpp.hpp
-- Up-to-date symlink: /home/mael/ros2_ws/install/baxter_core_msgs/include/baxter_core_msgs/baxter_core_msgs/msg/detail/analog_output_command__rosidl_typesupport_introspection_cpp.hpp
-- Up-to-date symlink: /home/mael/ros2_ws/install/baxter_core_msgs/include/baxter_core_msgs/baxter_core_msgs/msg/detail/assembly_state__rosidl_typesupport_introspection_cpp.hpp
-- Up-to-date symlink: /home/mael/ros2_ws/install/baxter_core_msgs/include/baxter_core_msgs/baxter_core_msgs/msg/detail/assembly_states__rosidl_typesupport_introspection_cpp.hpp
-- Up-to-date symlink: /home/mael/ros2_ws/install/baxter_core_msgs/include/baxter_core_msgs/baxter_core_msgs/msg/detail/bridge_publisher__rosidl_typesupport_introspection_cpp.hpp
-- Up-to-date symlink: /home/mael/ros2_ws/install/baxter_core_msgs/include/baxter_core_msgs/baxter_core_msgs/msg/detail/camera_control__rosidl_typesupport_introspection_cpp.hpp
-- Up-to-date symlink: /home/mael/ros2_ws/install/baxter_core_msgs/include/baxter_core_msgs/baxter_core_msgs/msg/detail/camera_settings__rosidl_typesupport_introspection_cpp.hpp
-- Up-to-date symlink: /home/mael/ros2_ws/install/baxter_core_msgs/include/baxter_core_msgs/baxter_core_msgs/msg/detail/collision_avoidance_state__rosidl_typesupport_introspection_cpp.hpp
-- Up-to-date symlink: /home/mael/ros2_ws/install/baxter_core_msgs/include/baxter_core_msgs/baxter_core_msgs/msg/detail/collision_detection_state__rosidl_typesupport_introspection_cpp.hpp
-- Up-to-date symlink: /home/mael/ros2_ws/install/baxter_core_msgs/include/baxter_core_msgs/baxter_core_msgs/msg/detail/digital_io_state__rosidl_typesupport_introspection_cpp.hpp
-- Up-to-date symlink: /home/mael/ros2_ws/install/baxter_core_msgs/include/baxter_core_msgs/baxter_core_msgs/msg/detail/digital_io_states__rosidl_typesupport_introspection_cpp.hpp
-- Up-to-date symlink: /home/mael/ros2_ws/install/baxter_core_msgs/include/baxter_core_msgs/baxter_core_msgs/msg/detail/digital_output_command__rosidl_typesupport_introspection_cpp.hpp
-- Up-to-date symlink: /home/mael/ros2_ws/install/baxter_core_msgs/include/baxter_core_msgs/baxter_core_msgs/msg/detail/end_effector_command__rosidl_typesupport_introspection_cpp.hpp
-- Up-to-date symlink: /home/mael/ros2_ws/install/baxter_core_msgs/include/baxter_core_msgs/baxter_core_msgs/msg/detail/end_effector_properties__rosidl_typesupport_introspection_cpp.hpp
-- Up-to-date symlink: /home/mael/ros2_ws/install/baxter_core_msgs/include/baxter_core_msgs/baxter_core_msgs/msg/detail/end_effector_state__rosidl_typesupport_introspection_cpp.hpp
-- Up-to-date symlink: /home/mael/ros2_ws/install/baxter_core_msgs/include/baxter_core_msgs/baxter_core_msgs/msg/detail/endpoint_state__rosidl_typesupport_introspection_cpp.hpp
-- Up-to-date symlink: /home/mael/ros2_ws/install/baxter_core_msgs/include/baxter_core_msgs/baxter_core_msgs/msg/detail/endpoint_states__rosidl_typesupport_introspection_cpp.hpp
-- Up-to-date symlink: /home/mael/ros2_ws/install/baxter_core_msgs/include/baxter_core_msgs/baxter_core_msgs/msg/detail/head_pan_command__rosidl_typesupport_introspection_cpp.hpp
-- Up-to-date symlink: /home/mael/ros2_ws/install/baxter_core_msgs/include/baxter_core_msgs/baxter_core_msgs/msg/detail/head_state__rosidl_typesupport_introspection_cpp.hpp
-- Up-to-date symlink: /home/mael/ros2_ws/install/baxter_core_msgs/include/baxter_core_msgs/baxter_core_msgs/msg/detail/joint_command__rosidl_typesupport_introspection_cpp.hpp
-- Up-to-date symlink: /home/mael/ros2_ws/install/baxter_core_msgs/include/baxter_core_msgs/baxter_core_msgs/msg/detail/navigator_state__rosidl_typesupport_introspection_cpp.hpp
-- Up-to-date symlink: /home/mael/ros2_ws/install/baxter_core_msgs/include/baxter_core_msgs/baxter_core_msgs/msg/detail/navigator_states__rosidl_typesupport_introspection_cpp.hpp
-- Up-to-date symlink: /home/mael/ros2_ws/install/baxter_core_msgs/include/baxter_core_msgs/baxter_core_msgs/msg/detail/robust_controller_status__rosidl_typesupport_introspection_cpp.hpp
-- Up-to-date symlink: /home/mael/ros2_ws/install/baxter_core_msgs/include/baxter_core_msgs/baxter_core_msgs/msg/detail/sea_joint_state__rosidl_typesupport_introspection_cpp.hpp
-- Up-to-date symlink: /home/mael/ros2_ws/install/baxter_core_msgs/include/baxter_core_msgs/baxter_core_msgs/msg/detail/urdf_configuration__rosidl_typesupport_introspection_cpp.hpp
-- Up-to-date symlink: /home/mael/ros2_ws/install/baxter_core_msgs/include/baxter_core_msgs/baxter_core_msgs/srv/detail/bridge_publishers_auth__rosidl_typesupport_introspection_cpp.hpp
-- Up-to-date symlink: /home/mael/ros2_ws/install/baxter_core_msgs/include/baxter_core_msgs/baxter_core_msgs/srv/detail/bridge_publishers_force__rosidl_typesupport_introspection_cpp.hpp
-- Up-to-date symlink: /home/mael/ros2_ws/install/baxter_core_msgs/include/baxter_core_msgs/baxter_core_msgs/srv/detail/close_camera__rosidl_typesupport_introspection_cpp.hpp
-- Up-to-date symlink: /home/mael/ros2_ws/install/baxter_core_msgs/include/baxter_core_msgs/baxter_core_msgs/srv/detail/list_cameras__rosidl_typesupport_introspection_cpp.hpp
-- Up-to-date symlink: /home/mael/ros2_ws/install/baxter_core_msgs/include/baxter_core_msgs/baxter_core_msgs/srv/detail/open_camera__rosidl_typesupport_introspection_cpp.hpp
-- Up-to-date symlink: /home/mael/ros2_ws/install/baxter_core_msgs/include/baxter_core_msgs/baxter_core_msgs/srv/detail/solve_position_ik__rosidl_typesupport_introspection_cpp.hpp
-- Up-to-date symlink: /home/mael/ros2_ws/install/baxter_core_msgs/share/baxter_core_msgs/environment/pythonpath.sh
-- Up-to-date symlink: /home/mael/ros2_ws/install/baxter_core_msgs/share/baxter_core_msgs/environment/pythonpath.dsv
-- Up-to-date symlink: /home/mael/ros2_ws/install/baxter_core_msgs/local/lib/python3.10/dist-packages/baxter_core_msgs-1.3.0-py3.10.egg-info/PKG-INFO
-- Up-to-date symlink: /home/mael/ros2_ws/install/baxter_core_msgs/local/lib/python3.10/dist-packages/baxter_core_msgs-1.3.0-py3.10.egg-info/SOURCES.txt
-- Up-to-date symlink: /home/mael/ros2_ws/install/baxter_core_msgs/local/lib/python3.10/dist-packages/baxter_core_msgs-1.3.0-py3.10.egg-info/dependency_links.txt
-- Up-to-date symlink: /home/mael/ros2_ws/install/baxter_core_msgs/local/lib/python3.10/dist-packages/baxter_core_msgs-1.3.0-py3.10.egg-info/top_level.txt
-- Up-to-date symlink: /home/mael/ros2_ws/install/baxter_core_msgs/local/lib/python3.10/dist-packages/baxter_core_msgs/__init__.py
-- Up-to-date symlink: /home/mael/ros2_ws/install/baxter_core_msgs/local/lib/python3.10/dist-packages/baxter_core_msgs/_baxter_core_msgs_s.ep.rosidl_typesupport_c.c
-- Up-to-date symlink: /home/mael/ros2_ws/install/baxter_core_msgs/local/lib/python3.10/dist-packages/baxter_core_msgs/_baxter_core_msgs_s.ep.rosidl_typesupport_fastrtps_c.c
-- Up-to-date symlink: /home/mael/ros2_ws/install/baxter_core_msgs/local/lib/python3.10/dist-packages/baxter_core_msgs/_baxter_core_msgs_s.ep.rosidl_typesupport_introspection_c.c
-- Up-to-date symlink: /home/mael/ros2_ws/install/baxter_core_msgs/local/lib/python3.10/dist-packages/baxter_core_msgs/baxter_core_msgs_s__rosidl_typesupport_c.cpython-310-x86_64-linux-gnu.so
-- Up-to-date symlink: /home/mael/ros2_ws/install/baxter_core_msgs/local/lib/python3.10/dist-packages/baxter_core_msgs/baxter_core_msgs_s__rosidl_typesupport_fastrtps_c.cpython-310-x86_64-linux-gnu.so
-- Up-to-date symlink: /home/mael/ros2_ws/install/baxter_core_msgs/local/lib/python3.10/dist-packages/baxter_core_msgs/baxter_core_msgs_s__rosidl_typesupport_introspection_c.cpython-310-x86_64-linux-gnu.so
-- Up-to-date symlink: /home/mael/ros2_ws/install/baxter_core_msgs/local/lib/python3.10/dist-packages/baxter_core_msgs/libbaxter_core_msgs__rosidl_generator_py.so
-- Up-to-date symlink: /home/mael/ros2_ws/install/baxter_core_msgs/local/lib/python3.10/dist-packages/baxter_core_msgs/msg/__init__.py
-- Up-to-date symlink: /home/mael/ros2_ws/install/baxter_core_msgs/local/lib/python3.10/dist-packages/baxter_core_msgs/msg/_analog_io_state.py
-- Up-to-date symlink: /home/mael/ros2_ws/install/baxter_core_msgs/local/lib/python3.10/dist-packages/baxter_core_msgs/msg/_analog_io_state_s.c
-- Up-to-date symlink: /home/mael/ros2_ws/install/baxter_core_msgs/local/lib/python3.10/dist-packages/baxter_core_msgs/msg/_analog_io_states.py
-- Up-to-date symlink: /home/mael/ros2_ws/install/baxter_core_msgs/local/lib/python3.10/dist-packages/baxter_core_msgs/msg/_analog_io_states_s.c
-- Up-to-date symlink: /home/mael/ros2_ws/install/baxter_core_msgs/local/lib/python3.10/dist-packages/baxter_core_msgs/msg/_analog_output_command.py
-- Up-to-date symlink: /home/mael/ros2_ws/install/baxter_core_msgs/local/lib/python3.10/dist-packages/baxter_core_msgs/msg/_analog_output_command_s.c
-- Up-to-date symlink: /home/mael/ros2_ws/install/baxter_core_msgs/local/lib/python3.10/dist-packages/baxter_core_msgs/msg/_assembly_state.py
-- Up-to-date symlink: /home/mael/ros2_ws/install/baxter_core_msgs/local/lib/python3.10/dist-packages/baxter_core_msgs/msg/_assembly_state_s.c
-- Up-to-date symlink: /home/mael/ros2_ws/install/baxter_core_msgs/local/lib/python3.10/dist-packages/baxter_core_msgs/msg/_assembly_states.py
-- Up-to-date symlink: /home/mael/ros2_ws/install/baxter_core_msgs/local/lib/python3.10/dist-packages/baxter_core_msgs/msg/_assembly_states_s.c
-- Up-to-date symlink: /home/mael/ros2_ws/install/baxter_core_msgs/local/lib/python3.10/dist-packages/baxter_core_msgs/msg/_bridge_publisher.py
-- Up-to-date symlink: /home/mael/ros2_ws/install/baxter_core_msgs/local/lib/python3.10/dist-packages/baxter_core_msgs/msg/_bridge_publisher_s.c
-- Up-to-date symlink: /home/mael/ros2_ws/install/baxter_core_msgs/local/lib/python3.10/dist-packages/baxter_core_msgs/msg/_camera_control.py
-- Up-to-date symlink: /home/mael/ros2_ws/install/baxter_core_msgs/local/lib/python3.10/dist-packages/baxter_core_msgs/msg/_camera_control_s.c
-- Up-to-date symlink: /home/mael/ros2_ws/install/baxter_core_msgs/local/lib/python3.10/dist-packages/baxter_core_msgs/msg/_camera_settings.py
-- Up-to-date symlink: /home/mael/ros2_ws/install/baxter_core_msgs/local/lib/python3.10/dist-packages/baxter_core_msgs/msg/_camera_settings_s.c
-- Up-to-date symlink: /home/mael/ros2_ws/install/baxter_core_msgs/local/lib/python3.10/dist-packages/baxter_core_msgs/msg/_collision_avoidance_state.py
-- Up-to-date symlink: /home/mael/ros2_ws/install/baxter_core_msgs/local/lib/python3.10/dist-packages/baxter_core_msgs/msg/_collision_avoidance_state_s.c
-- Up-to-date symlink: /home/mael/ros2_ws/install/baxter_core_msgs/local/lib/python3.10/dist-packages/baxter_core_msgs/msg/_collision_detection_state.py
-- Up-to-date symlink: /home/mael/ros2_ws/install/baxter_core_msgs/local/lib/python3.10/dist-packages/baxter_core_msgs/msg/_collision_detection_state_s.c
-- Up-to-date symlink: /home/mael/ros2_ws/install/baxter_core_msgs/local/lib/python3.10/dist-packages/baxter_core_msgs/msg/_digital_io_state.py
-- Up-to-date symlink: /home/mael/ros2_ws/install/baxter_core_msgs/local/lib/python3.10/dist-packages/baxter_core_msgs/msg/_digital_io_state_s.c
-- Up-to-date symlink: /home/mael/ros2_ws/install/baxter_core_msgs/local/lib/python3.10/dist-packages/baxter_core_msgs/msg/_digital_io_states.py
-- Up-to-date symlink: /home/mael/ros2_ws/install/baxter_core_msgs/local/lib/python3.10/dist-packages/baxter_core_msgs/msg/_digital_io_states_s.c
-- Up-to-date symlink: /home/mael/ros2_ws/install/baxter_core_msgs/local/lib/python3.10/dist-packages/baxter_core_msgs/msg/_digital_output_command.py
-- Up-to-date symlink: /home/mael/ros2_ws/install/baxter_core_msgs/local/lib/python3.10/dist-packages/baxter_core_msgs/msg/_digital_output_command_s.c
-- Up-to-date symlink: /home/mael/ros2_ws/install/baxter_core_msgs/local/lib/python3.10/dist-packages/baxter_core_msgs/msg/_end_effector_command.py
-- Up-to-date symlink: /home/mael/ros2_ws/install/baxter_core_msgs/local/lib/python3.10/dist-packages/baxter_core_msgs/msg/_end_effector_command_s.c
-- Up-to-date symlink: /home/mael/ros2_ws/install/baxter_core_msgs/local/lib/python3.10/dist-packages/baxter_core_msgs/msg/_end_effector_properties.py
-- Up-to-date symlink: /home/mael/ros2_ws/install/baxter_core_msgs/local/lib/python3.10/dist-packages/baxter_core_msgs/msg/_end_effector_properties_s.c
-- Up-to-date symlink: /home/mael/ros2_ws/install/baxter_core_msgs/local/lib/python3.10/dist-packages/baxter_core_msgs/msg/_end_effector_state.py
-- Up-to-date symlink: /home/mael/ros2_ws/install/baxter_core_msgs/local/lib/python3.10/dist-packages/baxter_core_msgs/msg/_end_effector_state_s.c
-- Up-to-date symlink: /home/mael/ros2_ws/install/baxter_core_msgs/local/lib/python3.10/dist-packages/baxter_core_msgs/msg/_endpoint_state.py
-- Up-to-date symlink: /home/mael/ros2_ws/install/baxter_core_msgs/local/lib/python3.10/dist-packages/baxter_core_msgs/msg/_endpoint_state_s.c
-- Up-to-date symlink: /home/mael/ros2_ws/install/baxter_core_msgs/local/lib/python3.10/dist-packages/baxter_core_msgs/msg/_endpoint_states.py
-- Up-to-date symlink: /home/mael/ros2_ws/install/baxter_core_msgs/local/lib/python3.10/dist-packages/baxter_core_msgs/msg/_endpoint_states_s.c
-- Up-to-date symlink: /home/mael/ros2_ws/install/baxter_core_msgs/local/lib/python3.10/dist-packages/baxter_core_msgs/msg/_head_pan_command.py
-- Up-to-date symlink: /home/mael/ros2_ws/install/baxter_core_msgs/local/lib/python3.10/dist-packages/baxter_core_msgs/msg/_head_pan_command_s.c
-- Up-to-date symlink: /home/mael/ros2_ws/install/baxter_core_msgs/local/lib/python3.10/dist-packages/baxter_core_msgs/msg/_head_state.py
-- Up-to-date symlink: /home/mael/ros2_ws/install/baxter_core_msgs/local/lib/python3.10/dist-packages/baxter_core_msgs/msg/_head_state_s.c
-- Up-to-date symlink: /home/mael/ros2_ws/install/baxter_core_msgs/local/lib/python3.10/dist-packages/baxter_core_msgs/msg/_joint_command.py
-- Up-to-date symlink: /home/mael/ros2_ws/install/baxter_core_msgs/local/lib/python3.10/dist-packages/baxter_core_msgs/msg/_joint_command_s.c
-- Up-to-date symlink: /home/mael/ros2_ws/install/baxter_core_msgs/local/lib/python3.10/dist-packages/baxter_core_msgs/msg/_navigator_state.py
-- Up-to-date symlink: /home/mael/ros2_ws/install/baxter_core_msgs/local/lib/python3.10/dist-packages/baxter_core_msgs/msg/_navigator_state_s.c
-- Up-to-date symlink: /home/mael/ros2_ws/install/baxter_core_msgs/local/lib/python3.10/dist-packages/baxter_core_msgs/msg/_navigator_states.py
-- Up-to-date symlink: /home/mael/ros2_ws/install/baxter_core_msgs/local/lib/python3.10/dist-packages/baxter_core_msgs/msg/_navigator_states_s.c
-- Up-to-date symlink: /home/mael/ros2_ws/install/baxter_core_msgs/local/lib/python3.10/dist-packages/baxter_core_msgs/msg/_robust_controller_status.py
-- Up-to-date symlink: /home/mael/ros2_ws/install/baxter_core_msgs/local/lib/python3.10/dist-packages/baxter_core_msgs/msg/_robust_controller_status_s.c
-- Up-to-date symlink: /home/mael/ros2_ws/install/baxter_core_msgs/local/lib/python3.10/dist-packages/baxter_core_msgs/msg/_sea_joint_state.py
-- Up-to-date symlink: /home/mael/ros2_ws/install/baxter_core_msgs/local/lib/python3.10/dist-packages/baxter_core_msgs/msg/_sea_joint_state_s.c
-- Up-to-date symlink: /home/mael/ros2_ws/install/baxter_core_msgs/local/lib/python3.10/dist-packages/baxter_core_msgs/msg/_urdf_configuration.py
-- Up-to-date symlink: /home/mael/ros2_ws/install/baxter_core_msgs/local/lib/python3.10/dist-packages/baxter_core_msgs/msg/_urdf_configuration_s.c
-- Up-to-date symlink: /home/mael/ros2_ws/install/baxter_core_msgs/local/lib/python3.10/dist-packages/baxter_core_msgs/srv/__init__.py
-- Up-to-date symlink: /home/mael/ros2_ws/install/baxter_core_msgs/local/lib/python3.10/dist-packages/baxter_core_msgs/srv/_bridge_publishers_auth.py
-- Up-to-date symlink: /home/mael/ros2_ws/install/baxter_core_msgs/local/lib/python3.10/dist-packages/baxter_core_msgs/srv/_bridge_publishers_auth_s.c
-- Up-to-date symlink: /home/mael/ros2_ws/install/baxter_core_msgs/local/lib/python3.10/dist-packages/baxter_core_msgs/srv/_bridge_publishers_force.py
-- Up-to-date symlink: /home/mael/ros2_ws/install/baxter_core_msgs/local/lib/python3.10/dist-packages/baxter_core_msgs/srv/_bridge_publishers_force_s.c
-- Up-to-date symlink: /home/mael/ros2_ws/install/baxter_core_msgs/local/lib/python3.10/dist-packages/baxter_core_msgs/srv/_close_camera.py
-- Up-to-date symlink: /home/mael/ros2_ws/install/baxter_core_msgs/local/lib/python3.10/dist-packages/baxter_core_msgs/srv/_close_camera_s.c
-- Up-to-date symlink: /home/mael/ros2_ws/install/baxter_core_msgs/local/lib/python3.10/dist-packages/baxter_core_msgs/srv/_list_cameras.py
-- Up-to-date symlink: /home/mael/ros2_ws/install/baxter_core_msgs/local/lib/python3.10/dist-packages/baxter_core_msgs/srv/_list_cameras_s.c
-- Up-to-date symlink: /home/mael/ros2_ws/install/baxter_core_msgs/local/lib/python3.10/dist-packages/baxter_core_msgs/srv/_open_camera.py
-- Up-to-date symlink: /home/mael/ros2_ws/install/baxter_core_msgs/local/lib/python3.10/dist-packages/baxter_core_msgs/srv/_open_camera_s.c
-- Up-to-date symlink: /home/mael/ros2_ws/install/baxter_core_msgs/local/lib/python3.10/dist-packages/baxter_core_msgs/srv/_solve_position_ik.py
-- Up-to-date symlink: /home/mael/ros2_ws/install/baxter_core_msgs/local/lib/python3.10/dist-packages/baxter_core_msgs/srv/_solve_position_ik_s.c
-- Up-to-date symlink: /home/mael/ros2_ws/install/baxter_core_msgs/local/lib/python3.10/dist-packages/baxter_core_msgs/baxter_core_msgs_s__rosidl_typesupport_fastrtps_c.cpython-310-x86_64-linux-gnu.so
-- Up-to-date symlink: /home/mael/ros2_ws/install/baxter_core_msgs/local/lib/python3.10/dist-packages/baxter_core_msgs/baxter_core_msgs_s__rosidl_typesupport_introspection_c.cpython-310-x86_64-linux-gnu.so
-- Up-to-date symlink: /home/mael/ros2_ws/install/baxter_core_msgs/local/lib/python3.10/dist-packages/baxter_core_msgs/baxter_core_msgs_s__rosidl_typesupport_c.cpython-310-x86_64-linux-gnu.so
-- Up-to-date symlink: /home/mael/ros2_ws/install/baxter_core_msgs/share/baxter_core_msgs/msg/EndEffectorState.idl
-- Up-to-date symlink: /home/mael/ros2_ws/install/baxter_core_msgs/share/baxter_core_msgs/msg/EndEffectorProperties.idl
-- Up-to-date symlink: /home/mael/ros2_ws/install/baxter_core_msgs/share/baxter_core_msgs/msg/DigitalIOStates.idl
-- Up-to-date symlink: /home/mael/ros2_ws/install/baxter_core_msgs/share/baxter_core_msgs/msg/EndEffectorCommand.idl
-- Up-to-date symlink: /home/mael/ros2_ws/install/baxter_core_msgs/share/baxter_core_msgs/msg/NavigatorState.idl
-- Up-to-date symlink: /home/mael/ros2_ws/install/baxter_core_msgs/share/baxter_core_msgs/msg/AnalogOutputCommand.idl
-- Up-to-date symlink: /home/mael/ros2_ws/install/baxter_core_msgs/share/baxter_core_msgs/msg/EndpointState.idl
-- Up-to-date symlink: /home/mael/ros2_ws/install/baxter_core_msgs/share/baxter_core_msgs/msg/CollisionDetectionState.idl
-- Up-to-date symlink: /home/mael/ros2_ws/install/baxter_core_msgs/share/baxter_core_msgs/msg/SEAJointState.idl
-- Up-to-date symlink: /home/mael/ros2_ws/install/baxter_core_msgs/share/baxter_core_msgs/msg/CollisionAvoidanceState.idl
-- Up-to-date symlink: /home/mael/ros2_ws/install/baxter_core_msgs/share/baxter_core_msgs/msg/URDFConfiguration.idl
-- Up-to-date symlink: /home/mael/ros2_ws/install/baxter_core_msgs/share/baxter_core_msgs/msg/CameraControl.idl
-- Up-to-date symlink: /home/mael/ros2_ws/install/baxter_core_msgs/share/baxter_core_msgs/msg/NavigatorStates.idl
-- Up-to-date symlink: /home/mael/ros2_ws/install/baxter_core_msgs/share/baxter_core_msgs/msg/AnalogIOState.idl
-- Up-to-date symlink: /home/mael/ros2_ws/install/baxter_core_msgs/share/baxter_core_msgs/msg/CameraSettings.idl
-- Up-to-date symlink: /home/mael/ros2_ws/install/baxter_core_msgs/share/baxter_core_msgs/msg/JointCommand.idl
-- Up-to-date symlink: /home/mael/ros2_ws/install/baxter_core_msgs/share/baxter_core_msgs/msg/DigitalIOState.idl
-- Up-to-date symlink: /home/mael/ros2_ws/install/baxter_core_msgs/share/baxter_core_msgs/msg/RobustControllerStatus.idl
-- Up-to-date symlink: /home/mael/ros2_ws/install/baxter_core_msgs/share/baxter_core_msgs/msg/AssemblyStates.idl
-- Up-to-date symlink: /home/mael/ros2_ws/install/baxter_core_msgs/share/baxter_core_msgs/msg/DigitalOutputCommand.idl
-- Up-to-date symlink: /home/mael/ros2_ws/install/baxter_core_msgs/share/baxter_core_msgs/msg/HeadPanCommand.idl
-- Up-to-date symlink: /home/mael/ros2_ws/install/baxter_core_msgs/share/baxter_core_msgs/msg/AssemblyState.idl
-- Up-to-date symlink: /home/mael/ros2_ws/install/baxter_core_msgs/share/baxter_core_msgs/msg/HeadState.idl
-- Up-to-date symlink: /home/mael/ros2_ws/install/baxter_core_msgs/share/baxter_core_msgs/msg/AnalogIOStates.idl
-- Up-to-date symlink: /home/mael/ros2_ws/install/baxter_core_msgs/share/baxter_core_msgs/msg/BridgePublisher.idl
-- Up-to-date symlink: /home/mael/ros2_ws/install/baxter_core_msgs/share/baxter_core_msgs/msg/EndpointStates.idl
-- Up-to-date symlink: /home/mael/ros2_ws/install/baxter_core_msgs/share/baxter_core_msgs/srv/ListCameras.idl
-- Up-to-date symlink: /home/mael/ros2_ws/install/baxter_core_msgs/share/baxter_core_msgs/srv/CloseCamera.idl
-- Up-to-date symlink: /home/mael/ros2_ws/install/baxter_core_msgs/share/baxter_core_msgs/srv/OpenCamera.idl
-- Up-to-date symlink: /home/mael/ros2_ws/install/baxter_core_msgs/share/baxter_core_msgs/srv/BridgePublishersForce.idl
-- Up-to-date symlink: /home/mael/ros2_ws/install/baxter_core_msgs/share/baxter_core_msgs/srv/BridgePublishersAuth.idl
-- Up-to-date symlink: /home/mael/ros2_ws/install/baxter_core_msgs/share/baxter_core_msgs/srv/SolvePositionIK.idl
-- Up-to-date symlink: /home/mael/ros2_ws/install/baxter_core_msgs/share/baxter_core_msgs/msg/EndEffectorState.msg
-- Up-to-date symlink: /home/mael/ros2_ws/install/baxter_core_msgs/share/baxter_core_msgs/msg/EndEffectorProperties.msg
-- Up-to-date symlink: /home/mael/ros2_ws/install/baxter_core_msgs/share/baxter_core_msgs/msg/DigitalIOStates.msg
-- Up-to-date symlink: /home/mael/ros2_ws/install/baxter_core_msgs/share/baxter_core_msgs/msg/EndEffectorCommand.msg
-- Up-to-date symlink: /home/mael/ros2_ws/install/baxter_core_msgs/share/baxter_core_msgs/msg/NavigatorState.msg
-- Up-to-date symlink: /home/mael/ros2_ws/install/baxter_core_msgs/share/baxter_core_msgs/msg/AnalogOutputCommand.msg
-- Up-to-date symlink: /home/mael/ros2_ws/install/baxter_core_msgs/share/baxter_core_msgs/msg/EndpointState.msg
-- Up-to-date symlink: /home/mael/ros2_ws/install/baxter_core_msgs/share/baxter_core_msgs/msg/CollisionDetectionState.msg
-- Up-to-date symlink: /home/mael/ros2_ws/install/baxter_core_msgs/share/baxter_core_msgs/msg/SEAJointState.msg
-- Up-to-date symlink: /home/mael/ros2_ws/install/baxter_core_msgs/share/baxter_core_msgs/msg/CollisionAvoidanceState.msg
-- Up-to-date symlink: /home/mael/ros2_ws/install/baxter_core_msgs/share/baxter_core_msgs/msg/URDFConfiguration.msg
-- Up-to-date symlink: /home/mael/ros2_ws/install/baxter_core_msgs/share/baxter_core_msgs/msg/CameraControl.msg
-- Up-to-date symlink: /home/mael/ros2_ws/install/baxter_core_msgs/share/baxter_core_msgs/msg/NavigatorStates.msg
-- Up-to-date symlink: /home/mael/ros2_ws/install/baxter_core_msgs/share/baxter_core_msgs/msg/AnalogIOState.msg
-- Up-to-date symlink: /home/mael/ros2_ws/install/baxter_core_msgs/share/baxter_core_msgs/msg/CameraSettings.msg
-- Up-to-date symlink: /home/mael/ros2_ws/install/baxter_core_msgs/share/baxter_core_msgs/msg/JointCommand.msg
-- Up-to-date symlink: /home/mael/ros2_ws/install/baxter_core_msgs/share/baxter_core_msgs/msg/DigitalIOState.msg
-- Up-to-date symlink: /home/mael/ros2_ws/install/baxter_core_msgs/share/baxter_core_msgs/msg/RobustControllerStatus.msg
-- Up-to-date symlink: /home/mael/ros2_ws/install/baxter_core_msgs/share/baxter_core_msgs/msg/AssemblyStates.msg
-- Up-to-date symlink: /home/mael/ros2_ws/install/baxter_core_msgs/share/baxter_core_msgs/msg/DigitalOutputCommand.msg
-- Up-to-date symlink: /home/mael/ros2_ws/install/baxter_core_msgs/share/baxter_core_msgs/msg/HeadPanCommand.msg
-- Up-to-date symlink: /home/mael/ros2_ws/install/baxter_core_msgs/share/baxter_core_msgs/msg/AssemblyState.msg
-- Up-to-date symlink: /home/mael/ros2_ws/install/baxter_core_msgs/share/baxter_core_msgs/msg/HeadState.msg
-- Up-to-date symlink: /home/mael/ros2_ws/install/baxter_core_msgs/share/baxter_core_msgs/msg/AnalogIOStates.msg
-- Up-to-date symlink: /home/mael/ros2_ws/install/baxter_core_msgs/share/baxter_core_msgs/msg/BridgePublisher.msg
-- Up-to-date symlink: /home/mael/ros2_ws/install/baxter_core_msgs/share/baxter_core_msgs/msg/EndpointStates.msg
-- Up-to-date symlink: /home/mael/ros2_ws/install/baxter_core_msgs/share/baxter_core_msgs/srv/ListCameras.srv
-- Up-to-date symlink: /home/mael/ros2_ws/install/baxter_core_msgs/share/baxter_core_msgs/srv/ListCameras_Request.msg
-- Up-to-date symlink: /home/mael/ros2_ws/install/baxter_core_msgs/share/baxter_core_msgs/srv/ListCameras_Response.msg
-- Up-to-date symlink: /home/mael/ros2_ws/install/baxter_core_msgs/share/baxter_core_msgs/srv/CloseCamera.srv
-- Up-to-date symlink: /home/mael/ros2_ws/install/baxter_core_msgs/share/baxter_core_msgs/srv/CloseCamera_Request.msg
-- Up-to-date symlink: /home/mael/ros2_ws/install/baxter_core_msgs/share/baxter_core_msgs/srv/CloseCamera_Response.msg
-- Up-to-date symlink: /home/mael/ros2_ws/install/baxter_core_msgs/share/baxter_core_msgs/srv/OpenCamera.srv
-- Up-to-date symlink: /home/mael/ros2_ws/install/baxter_core_msgs/share/baxter_core_msgs/srv/OpenCamera_Request.msg
-- Up-to-date symlink: /home/mael/ros2_ws/install/baxter_core_msgs/share/baxter_core_msgs/srv/OpenCamera_Response.msg
-- Up-to-date symlink: /home/mael/ros2_ws/install/baxter_core_msgs/share/baxter_core_msgs/srv/BridgePublishersForce.srv
-- Up-to-date symlink: /home/mael/ros2_ws/install/baxter_core_msgs/share/baxter_core_msgs/srv/BridgePublishersForce_Request.msg
-- Up-to-date symlink: /home/mael/ros2_ws/install/baxter_core_msgs/share/baxter_core_msgs/srv/BridgePublishersForce_Response.msg
-- Up-to-date symlink: /home/mael/ros2_ws/install/baxter_core_msgs/share/baxter_core_msgs/srv/BridgePublishersAuth.srv
-- Up-to-date symlink: /home/mael/ros2_ws/install/baxter_core_msgs/share/baxter_core_msgs/srv/BridgePublishersAuth_Request.msg
-- Up-to-date symlink: /home/mael/ros2_ws/install/baxter_core_msgs/share/baxter_core_msgs/srv/BridgePublishersAuth_Response.msg
-- Up-to-date symlink: /home/mael/ros2_ws/install/baxter_core_msgs/share/baxter_core_msgs/srv/SolvePositionIK.srv
-- Up-to-date symlink: /home/mael/ros2_ws/install/baxter_core_msgs/share/baxter_core_msgs/srv/SolvePositionIK_Request.msg
-- Up-to-date symlink: /home/mael/ros2_ws/install/baxter_core_msgs/share/baxter_core_msgs/srv/SolvePositionIK_Response.msg
-- Up-to-date symlink: /home/mael/ros2_ws/install/baxter_core_msgs/share/baxter_core_msgs/mapping_rules.yaml
-- Up-to-date symlink: /home/mael/ros2_ws/install/baxter_core_msgs/share/ament_index/resource_index/package_run_dependencies/baxter_core_msgs
-- Up-to-date symlink: /home/mael/ros2_ws/install/baxter_core_msgs/share/ament_index/resource_index/parent_prefix_path/baxter_core_msgs
-- Up-to-date symlink: /home/mael/ros2_ws/install/baxter_core_msgs/share/baxter_core_msgs/environment/ament_prefix_path.sh
-- Up-to-date symlink: /home/mael/ros2_ws/install/baxter_core_msgs/share/baxter_core_msgs/environment/ament_prefix_path.dsv
-- Up-to-date symlink: /home/mael/ros2_ws/install/baxter_core_msgs/share/baxter_core_msgs/environment/path.sh
-- Up-to-date symlink: /home/mael/ros2_ws/install/baxter_core_msgs/share/baxter_core_msgs/environment/path.dsv
-- Up-to-date symlink: /home/mael/ros2_ws/install/baxter_core_msgs/share/baxter_core_msgs/local_setup.bash
-- Up-to-date symlink: /home/mael/ros2_ws/install/baxter_core_msgs/share/baxter_core_msgs/local_setup.sh
-- Up-to-date symlink: /home/mael/ros2_ws/install/baxter_core_msgs/share/baxter_core_msgs/local_setup.zsh
-- Up-to-date symlink: /home/mael/ros2_ws/install/baxter_core_msgs/share/baxter_core_msgs/local_setup.dsv
-- Symlinking: /home/mael/ros2_ws/install/baxter_core_msgs/share/baxter_core_msgs/package.dsv
-- Up-to-date symlink: /home/mael/ros2_ws/install/baxter_core_msgs/share/ament_index/resource_index/packages/baxter_core_msgs
-- Up-to-date symlink: /home/mael/ros2_ws/install/baxter_core_msgs/share/baxter_core_msgs/cmake/rosidl_cmake-extras.cmake
-- Up-to-date symlink: /home/mael/ros2_ws/install/baxter_core_msgs/share/baxter_core_msgs/cmake/ament_cmake_export_dependencies-extras.cmake
-- Up-to-date symlink: /home/mael/ros2_ws/install/baxter_core_msgs/share/baxter_core_msgs/cmake/ament_cmake_export_include_directories-extras.cmake
-- Up-to-date symlink: /home/mael/ros2_ws/install/baxter_core_msgs/share/baxter_core_msgs/cmake/ament_cmake_export_libraries-extras.cmake
-- Up-to-date symlink: /home/mael/ros2_ws/install/baxter_core_msgs/share/baxter_core_msgs/cmake/ament_cmake_export_targets-extras.cmake
-- Up-to-date symlink: /home/mael/ros2_ws/install/baxter_core_msgs/share/baxter_core_msgs/cmake/rosidl_cmake_export_typesupport_targets-extras.cmake
-- Up-to-date symlink: /home/mael/ros2_ws/install/baxter_core_msgs/share/baxter_core_msgs/cmake/rosidl_cmake_export_typesupport_libraries-extras.cmake
-- Up-to-date symlink: /home/mael/ros2_ws/install/baxter_core_msgs/share/baxter_core_msgs/cmake/baxter_core_msgsConfig.cmake
-- Up-to-date symlink: /home/mael/ros2_ws/install/baxter_core_msgs/share/baxter_core_msgs/cmake/baxter_core_msgsConfig-version.cmake
-- Up-to-date symlink: /home/mael/ros2_ws/install/baxter_core_msgs/share/baxter_core_msgs/package.xml
-- Up-to-date: /home/mael/ros2_ws/install/baxter_core_msgs/lib/libbaxter_core_msgs__rosidl_generator_c.so
-- Up-to-date: /home/mael/ros2_ws/install/baxter_core_msgs/lib/libbaxter_core_msgs__rosidl_typesupport_fastrtps_c.so
-- Up-to-date: /home/mael/ros2_ws/install/baxter_core_msgs/lib/libbaxter_core_msgs__rosidl_typesupport_fastrtps_cpp.so
-- Up-to-date: /home/mael/ros2_ws/install/baxter_core_msgs/lib/libbaxter_core_msgs__rosidl_typesupport_introspection_c.so
-- Up-to-date: /home/mael/ros2_ws/install/baxter_core_msgs/lib/libbaxter_core_msgs__rosidl_typesupport_c.so
-- Up-to-date: /home/mael/ros2_ws/install/baxter_core_msgs/lib/libbaxter_core_msgs__rosidl_typesupport_introspection_cpp.so
-- Up-to-date: /home/mael/ros2_ws/install/baxter_core_msgs/lib/libbaxter_core_msgs__rosidl_typesupport_cpp.so
Listing '/home/mael/ros2_ws/install/baxter_core_msgs/local/lib/python3.10/dist-packages/baxter_core_msgs'...
Listing '/home/mael/ros2_ws/install/baxter_core_msgs/local/lib/python3.10/dist-packages/baxter_core_msgs/msg'...
Listing '/home/mael/ros2_ws/install/baxter_core_msgs/local/lib/python3.10/dist-packages/baxter_core_msgs/srv'...
-- Up-to-date: /home/mael/ros2_ws/install/baxter_core_msgs/lib/libbaxter_core_msgs__rosidl_generator_py.so
-- Up-to-date: /home/mael/ros2_ws/install/baxter_core_msgs/share/baxter_core_msgs/cmake/export_baxter_core_msgs__rosidl_generator_cExport.cmake
-- Up-to-date: /home/mael/ros2_ws/install/baxter_core_msgs/share/baxter_core_msgs/cmake/export_baxter_core_msgs__rosidl_generator_cExport-noconfig.cmake
-- Up-to-date: /home/mael/ros2_ws/install/baxter_core_msgs/share/baxter_core_msgs/cmake/export_baxter_core_msgs__rosidl_typesupport_fastrtps_cExport.cmake
-- Up-to-date: /home/mael/ros2_ws/install/baxter_core_msgs/share/baxter_core_msgs/cmake/export_baxter_core_msgs__rosidl_typesupport_fastrtps_cExport-noconfig.cmake
-- Up-to-date: /home/mael/ros2_ws/install/baxter_core_msgs/share/baxter_core_msgs/cmake/export_baxter_core_msgs__rosidl_generator_cppExport.cmake
-- Up-to-date: /home/mael/ros2_ws/install/baxter_core_msgs/share/baxter_core_msgs/cmake/export_baxter_core_msgs__rosidl_typesupport_fastrtps_cppExport.cmake
-- Up-to-date: /home/mael/ros2_ws/install/baxter_core_msgs/share/baxter_core_msgs/cmake/export_baxter_core_msgs__rosidl_typesupport_fastrtps_cppExport-noconfig.cmake
-- Up-to-date: /home/mael/ros2_ws/install/baxter_core_msgs/share/baxter_core_msgs/cmake/baxter_core_msgs__rosidl_typesupport_introspection_cExport.cmake
-- Up-to-date: /home/mael/ros2_ws/install/baxter_core_msgs/share/baxter_core_msgs/cmake/baxter_core_msgs__rosidl_typesupport_introspection_cExport-noconfig.cmake
-- Up-to-date: /home/mael/ros2_ws/install/baxter_core_msgs/share/baxter_core_msgs/cmake/baxter_core_msgs__rosidl_typesupport_cExport.cmake
-- Up-to-date: /home/mael/ros2_ws/install/baxter_core_msgs/share/baxter_core_msgs/cmake/baxter_core_msgs__rosidl_typesupport_cExport-noconfig.cmake
-- Up-to-date: /home/mael/ros2_ws/install/baxter_core_msgs/share/baxter_core_msgs/cmake/baxter_core_msgs__rosidl_typesupport_introspection_cppExport.cmake
-- Up-to-date: /home/mael/ros2_ws/install/baxter_core_msgs/share/baxter_core_msgs/cmake/baxter_core_msgs__rosidl_typesupport_introspection_cppExport-noconfig.cmake
-- Up-to-date: /home/mael/ros2_ws/install/baxter_core_msgs/share/baxter_core_msgs/cmake/baxter_core_msgs__rosidl_typesupport_cppExport.cmake
-- Up-to-date: /home/mael/ros2_ws/install/baxter_core_msgs/share/baxter_core_msgs/cmake/baxter_core_msgs__rosidl_typesupport_cppExport-noconfig.cmake
-- Up-to-date: /home/mael/ros2_ws/install/baxter_core_msgs/share/baxter_core_msgs/cmake/export_baxter_core_msgs__rosidl_generator_pyExport.cmake
-- Up-to-date: /home/mael/ros2_ws/install/baxter_core_msgs/share/baxter_core_msgs/cmake/export_baxter_core_msgs__rosidl_generator_pyExport-noconfig.cmake
