[0.683s] Invoking command in '/home/mael/ros2_ws/build/baxter_core_msgs': CMAKE_PREFIX_PATH=${CMAKE_PREFIX_PATH}:/home/mael/ros2_ws/install/ros_tcp_endpoint:/home/mael/ros2_ws/install/baxter_joint_controller:/home/mael/ros2_ws/install/baxter_6dof_vr:/opt/ros/humble /usr/bin/cmake --build /home/mael/ros2_ws/build/baxter_core_msgs -- -j8 -l8
[1.147s] [  0%] Built target baxter_core_msgs__cpp
[1.147s] [  0%] Built target ament_cmake_python_symlink_baxter_core_msgs
[1.147s] [ 12%] Built target baxter_core_msgs__rosidl_generator_c
[1.147s] [ 24%] Built target baxter_core_msgs__rosidl_typesupport_cpp
[1.147s] [ 37%] Built target baxter_core_msgs__rosidl_typesupport_fastrtps_cpp
[1.147s] [ 49%] Built target baxter_core_msgs__rosidl_typesupport_introspection_cpp
[1.147s] [ 62%] Built target baxter_core_msgs__rosidl_typesupport_introspection_c
[1.148s] [ 75%] Built target baxter_core_msgs__rosidl_typesupport_fastrtps_c
[1.148s] [ 87%] Built target baxter_core_msgs__rosidl_typesupport_c
[1.148s] [ 87%] Built target baxter_core_msgs
[1.148s] [ 87%] Built target baxter_core_msgs__py
[1.148s] [ 99%] Built target baxter_core_msgs__rosidl_generator_py
[1.148s] [100%] Built target baxter_core_msgs__rosidl_typesupport_c__pyext
[1.148s] [100%] Built target baxter_core_msgs__rosidl_typesupport_fastrtps_c__pyext
[1.148s] [100%] Built target baxter_core_msgs__rosidl_typesupport_introspection_c__pyext
[1.300s] running egg_info
[1.303s] writing baxter_core_msgs.egg-info/PKG-INFO
[1.303s] writing dependency_links to baxter_core_msgs.egg-info/dependency_links.txt
[1.303s] writing top-level names to baxter_core_msgs.egg-info/top_level.txt
[1.306s] reading manifest file 'baxter_core_msgs.egg-info/SOURCES.txt'
[1.313s] writing manifest file 'baxter_core_msgs.egg-info/SOURCES.txt'
[1.380s] [100%] Built target ament_cmake_python_build_baxter_core_msgs_egg
[1.405s] Invoked command in '/home/mael/ros2_ws/build/baxter_core_msgs' returned '0': CMAKE_PREFIX_PATH=${CMAKE_PREFIX_PATH}:/home/mael/ros2_ws/install/ros_tcp_endpoint:/home/mael/ros2_ws/install/baxter_joint_controller:/home/mael/ros2_ws/install/baxter_6dof_vr:/opt/ros/humble /usr/bin/cmake --build /home/mael/ros2_ws/build/baxter_core_msgs -- -j8 -l8
[3.921s] Invoking command in '/home/mael/ros2_ws/build/baxter_core_msgs': CMAKE_PREFIX_PATH=${CMAKE_PREFIX_PATH}:/home/mael/ros2_ws/install/ros_tcp_endpoint:/home/mael/ros2_ws/install/baxter_joint_controller:/home/mael/ros2_ws/install/baxter_6dof_vr:/opt/ros/humble /usr/bin/cmake --install /home/mael/ros2_ws/build/baxter_core_msgs
[3.932s] -- Install configuration: ""
[3.933s] -- Execute custom install script
[3.934s] -- Up-to-date symlink: /home/mael/ros2_ws/install/baxter_core_msgs/share/ament_index/resource_index/rosidl_interfaces/baxter_core_msgs
[3.938s] -- Up-to-date symlink: /home/mael/ros2_ws/install/baxter_core_msgs/include/baxter_core_msgs/baxter_core_msgs/msg/analog_io_state.h
[3.938s] -- Up-to-date symlink: /home/mael/ros2_ws/install/baxter_core_msgs/include/baxter_core_msgs/baxter_core_msgs/msg/analog_io_states.h
[3.939s] -- Up-to-date symlink: /home/mael/ros2_ws/install/baxter_core_msgs/include/baxter_core_msgs/baxter_core_msgs/msg/analog_output_command.h
[3.940s] -- Up-to-date symlink: /home/mael/ros2_ws/install/baxter_core_msgs/include/baxter_core_msgs/baxter_core_msgs/msg/assembly_state.h
[3.941s] -- Up-to-date symlink: /home/mael/ros2_ws/install/baxter_core_msgs/include/baxter_core_msgs/baxter_core_msgs/msg/assembly_states.h
[3.941s] -- Up-to-date symlink: /home/mael/ros2_ws/install/baxter_core_msgs/include/baxter_core_msgs/baxter_core_msgs/msg/bridge_publisher.h
[3.942s] -- Up-to-date symlink: /home/mael/ros2_ws/install/baxter_core_msgs/include/baxter_core_msgs/baxter_core_msgs/msg/camera_control.h
[3.942s] -- Up-to-date symlink: /home/mael/ros2_ws/install/baxter_core_msgs/include/baxter_core_msgs/baxter_core_msgs/msg/camera_settings.h
[3.942s] -- Up-to-date symlink: /home/mael/ros2_ws/install/baxter_core_msgs/include/baxter_core_msgs/baxter_core_msgs/msg/collision_avoidance_state.h
[3.942s] -- Up-to-date symlink: /home/mael/ros2_ws/install/baxter_core_msgs/include/baxter_core_msgs/baxter_core_msgs/msg/collision_detection_state.h
[3.944s] -- Up-to-date symlink: /home/mael/ros2_ws/install/baxter_core_msgs/include/baxter_core_msgs/baxter_core_msgs/msg/detail/analog_io_state__functions.h
[3.944s] -- Up-to-date symlink: /home/mael/ros2_ws/install/baxter_core_msgs/include/baxter_core_msgs/baxter_core_msgs/msg/detail/analog_io_state__struct.h
[3.945s] -- Up-to-date symlink: /home/mael/ros2_ws/install/baxter_core_msgs/include/baxter_core_msgs/baxter_core_msgs/msg/detail/analog_io_state__type_support.h
[3.945s] -- Up-to-date symlink: /home/mael/ros2_ws/install/baxter_core_msgs/include/baxter_core_msgs/baxter_core_msgs/msg/detail/analog_io_states__functions.h
[3.945s] -- Up-to-date symlink: /home/mael/ros2_ws/install/baxter_core_msgs/include/baxter_core_msgs/baxter_core_msgs/msg/detail/analog_io_states__struct.h
[3.946s] -- Up-to-date symlink: /home/mael/ros2_ws/install/baxter_core_msgs/include/baxter_core_msgs/baxter_core_msgs/msg/detail/analog_io_states__type_support.h
[3.946s] -- Up-to-date symlink: /home/mael/ros2_ws/install/baxter_core_msgs/include/baxter_core_msgs/baxter_core_msgs/msg/detail/analog_output_command__functions.h
[3.946s] -- Up-to-date symlink: /home/mael/ros2_ws/install/baxter_core_msgs/include/baxter_core_msgs/baxter_core_msgs/msg/detail/analog_output_command__struct.h
[3.946s] -- Up-to-date symlink: /home/mael/ros2_ws/install/baxter_core_msgs/include/baxter_core_msgs/baxter_core_msgs/msg/detail/analog_output_command__type_support.h
[3.947s] -- Up-to-date symlink: /home/mael/ros2_ws/install/baxter_core_msgs/include/baxter_core_msgs/baxter_core_msgs/msg/detail/assembly_state__functions.h
[3.947s] -- Up-to-date symlink: /home/mael/ros2_ws/install/baxter_core_msgs/include/baxter_core_msgs/baxter_core_msgs/msg/detail/assembly_state__struct.h
[3.948s] -- Up-to-date symlink: /home/mael/ros2_ws/install/baxter_core_msgs/include/baxter_core_msgs/baxter_core_msgs/msg/detail/assembly_state__type_support.h
[3.948s] -- Up-to-date symlink: /home/mael/ros2_ws/install/baxter_core_msgs/include/baxter_core_msgs/baxter_core_msgs/msg/detail/assembly_states__functions.h
[3.948s] -- Up-to-date symlink: /home/mael/ros2_ws/install/baxter_core_msgs/include/baxter_core_msgs/baxter_core_msgs/msg/detail/assembly_states__struct.h
[3.949s] -- Up-to-date symlink: /home/mael/ros2_ws/install/baxter_core_msgs/include/baxter_core_msgs/baxter_core_msgs/msg/detail/assembly_states__type_support.h
[3.950s] -- Up-to-date symlink: /home/mael/ros2_ws/install/baxter_core_msgs/include/baxter_core_msgs/baxter_core_msgs/msg/detail/bridge_publisher__functions.h
[3.950s] -- Up-to-date symlink: /home/mael/ros2_ws/install/baxter_core_msgs/include/baxter_core_msgs/baxter_core_msgs/msg/detail/bridge_publisher__struct.h
[3.950s] -- Up-to-date symlink: /home/mael/ros2_ws/install/baxter_core_msgs/include/baxter_core_msgs/baxter_core_msgs/msg/detail/bridge_publisher__type_support.h
[3.950s] -- Up-to-date symlink: /home/mael/ros2_ws/install/baxter_core_msgs/include/baxter_core_msgs/baxter_core_msgs/msg/detail/camera_control__functions.h
[3.950s] -- Up-to-date symlink: /home/mael/ros2_ws/install/baxter_core_msgs/include/baxter_core_msgs/baxter_core_msgs/msg/detail/camera_control__struct.h
[3.951s] -- Up-to-date symlink: /home/mael/ros2_ws/install/baxter_core_msgs/include/baxter_core_msgs/baxter_core_msgs/msg/detail/camera_control__type_support.h
[3.951s] -- Up-to-date symlink: /home/mael/ros2_ws/install/baxter_core_msgs/include/baxter_core_msgs/baxter_core_msgs/msg/detail/camera_settings__functions.h
[3.951s] -- Up-to-date symlink: /home/mael/ros2_ws/install/baxter_core_msgs/include/baxter_core_msgs/baxter_core_msgs/msg/detail/camera_settings__struct.h
[3.951s] -- Up-to-date symlink: /home/mael/ros2_ws/install/baxter_core_msgs/include/baxter_core_msgs/baxter_core_msgs/msg/detail/camera_settings__type_support.h
[3.952s] -- Up-to-date symlink: /home/mael/ros2_ws/install/baxter_core_msgs/include/baxter_core_msgs/baxter_core_msgs/msg/detail/collision_avoidance_state__functions.h
[3.952s] -- Up-to-date symlink: /home/mael/ros2_ws/install/baxter_core_msgs/include/baxter_core_msgs/baxter_core_msgs/msg/detail/collision_avoidance_state__struct.h
[3.952s] -- Up-to-date symlink: /home/mael/ros2_ws/install/baxter_core_msgs/include/baxter_core_msgs/baxter_core_msgs/msg/detail/collision_avoidance_state__type_support.h
[3.952s] -- Up-to-date symlink: /home/mael/ros2_ws/install/baxter_core_msgs/include/baxter_core_msgs/baxter_core_msgs/msg/detail/collision_detection_state__functions.h
[3.952s] -- Up-to-date symlink: /home/mael/ros2_ws/install/baxter_core_msgs/include/baxter_core_msgs/baxter_core_msgs/msg/detail/collision_detection_state__struct.h
[3.953s] -- Up-to-date symlink: /home/mael/ros2_ws/install/baxter_core_msgs/include/baxter_core_msgs/baxter_core_msgs/msg/detail/collision_detection_state__type_support.h
[3.953s] -- Up-to-date symlink: /home/mael/ros2_ws/install/baxter_core_msgs/include/baxter_core_msgs/baxter_core_msgs/msg/detail/digital_io_state__functions.h
[3.953s] -- Up-to-date symlink: /home/mael/ros2_ws/install/baxter_core_msgs/include/baxter_core_msgs/baxter_core_msgs/msg/detail/digital_io_state__struct.h
[3.953s] -- Up-to-date symlink: /home/mael/ros2_ws/install/baxter_core_msgs/include/baxter_core_msgs/baxter_core_msgs/msg/detail/digital_io_state__type_support.h
[3.953s] -- Up-to-date symlink: /home/mael/ros2_ws/install/baxter_core_msgs/include/baxter_core_msgs/baxter_core_msgs/msg/detail/digital_io_states__functions.h
[3.953s] -- Up-to-date symlink: /home/mael/ros2_ws/install/baxter_core_msgs/include/baxter_core_msgs/baxter_core_msgs/msg/detail/digital_io_states__struct.h
[3.954s] -- Up-to-date symlink: /home/mael/ros2_ws/install/baxter_core_msgs/include/baxter_core_msgs/baxter_core_msgs/msg/detail/digital_io_states__type_support.h
[3.954s] -- Up-to-date symlink: /home/mael/ros2_ws/install/baxter_core_msgs/include/baxter_core_msgs/baxter_core_msgs/msg/detail/digital_output_command__functions.h
[3.954s] -- Up-to-date symlink: /home/mael/ros2_ws/install/baxter_core_msgs/include/baxter_core_msgs/baxter_core_msgs/msg/detail/digital_output_command__struct.h
[3.955s] -- Up-to-date symlink: /home/mael/ros2_ws/install/baxter_core_msgs/include/baxter_core_msgs/baxter_core_msgs/msg/detail/digital_output_command__type_support.h
[3.955s] -- Up-to-date symlink: /home/mael/ros2_ws/install/baxter_core_msgs/include/baxter_core_msgs/baxter_core_msgs/msg/detail/end_effector_command__functions.h
[3.955s] -- Up-to-date symlink: /home/mael/ros2_ws/install/baxter_core_msgs/include/baxter_core_msgs/baxter_core_msgs/msg/detail/end_effector_command__struct.h
[3.956s] -- Up-to-date symlink: /home/mael/ros2_ws/install/baxter_core_msgs/include/baxter_core_msgs/baxter_core_msgs/msg/detail/end_effector_command__type_support.h
[3.956s] -- Up-to-date symlink: /home/mael/ros2_ws/install/baxter_core_msgs/include/baxter_core_msgs/baxter_core_msgs/msg/detail/end_effector_properties__functions.h
[3.956s] -- Up-to-date symlink: /home/mael/ros2_ws/install/baxter_core_msgs/include/baxter_core_msgs/baxter_core_msgs/msg/detail/end_effector_properties__struct.h
[3.956s] -- Up-to-date symlink: /home/mael/ros2_ws/install/baxter_core_msgs/include/baxter_core_msgs/baxter_core_msgs/msg/detail/end_effector_properties__type_support.h
[3.956s] -- Up-to-date symlink: /home/mael/ros2_ws/install/baxter_core_msgs/include/baxter_core_msgs/baxter_core_msgs/msg/detail/end_effector_state__functions.h
[3.956s] -- Up-to-date symlink: /home/mael/ros2_ws/install/baxter_core_msgs/include/baxter_core_msgs/baxter_core_msgs/msg/detail/end_effector_state__struct.h
[3.957s] -- Up-to-date symlink: /home/mael/ros2_ws/install/baxter_core_msgs/include/baxter_core_msgs/baxter_core_msgs/msg/detail/end_effector_state__type_support.h
[3.957s] -- Up-to-date symlink: /home/mael/ros2_ws/install/baxter_core_msgs/include/baxter_core_msgs/baxter_core_msgs/msg/detail/endpoint_state__functions.h
[3.957s] -- Up-to-date symlink: /home/mael/ros2_ws/install/baxter_core_msgs/include/baxter_core_msgs/baxter_core_msgs/msg/detail/endpoint_state__struct.h
[3.957s] -- Up-to-date symlink: /home/mael/ros2_ws/install/baxter_core_msgs/include/baxter_core_msgs/baxter_core_msgs/msg/detail/endpoint_state__type_support.h
[3.957s] -- Up-to-date symlink: /home/mael/ros2_ws/install/baxter_core_msgs/include/baxter_core_msgs/baxter_core_msgs/msg/detail/endpoint_states__functions.h
[3.958s] -- Up-to-date symlink: /home/mael/ros2_ws/install/baxter_core_msgs/include/baxter_core_msgs/baxter_core_msgs/msg/detail/endpoint_states__struct.h
[3.958s] -- Up-to-date symlink: /home/mael/ros2_ws/install/baxter_core_msgs/include/baxter_core_msgs/baxter_core_msgs/msg/detail/endpoint_states__type_support.h
[3.959s] -- Up-to-date symlink: /home/mael/ros2_ws/install/baxter_core_msgs/include/baxter_core_msgs/baxter_core_msgs/msg/detail/head_pan_command__functions.h
[3.959s] -- Up-to-date symlink: /home/mael/ros2_ws/install/baxter_core_msgs/include/baxter_core_msgs/baxter_core_msgs/msg/detail/head_pan_command__struct.h
[3.960s] -- Up-to-date symlink: /home/mael/ros2_ws/install/baxter_core_msgs/include/baxter_core_msgs/baxter_core_msgs/msg/detail/head_pan_command__type_support.h
[3.960s] -- Up-to-date symlink: /home/mael/ros2_ws/install/baxter_core_msgs/include/baxter_core_msgs/baxter_core_msgs/msg/detail/head_state__functions.h
[3.960s] -- Up-to-date symlink: /home/mael/ros2_ws/install/baxter_core_msgs/include/baxter_core_msgs/baxter_core_msgs/msg/detail/head_state__struct.h
[3.961s] -- Up-to-date symlink: /home/mael/ros2_ws/install/baxter_core_msgs/include/baxter_core_msgs/baxter_core_msgs/msg/detail/head_state__type_support.h
[3.961s] -- Up-to-date symlink: /home/mael/ros2_ws/install/baxter_core_msgs/include/baxter_core_msgs/baxter_core_msgs/msg/detail/joint_command__functions.h
[3.961s] -- Up-to-date symlink: /home/mael/ros2_ws/install/baxter_core_msgs/include/baxter_core_msgs/baxter_core_msgs/msg/detail/joint_command__struct.h
[3.962s] -- Up-to-date symlink: /home/mael/ros2_ws/install/baxter_core_msgs/include/baxter_core_msgs/baxter_core_msgs/msg/detail/joint_command__type_support.h
[3.962s] -- Up-to-date symlink: /home/mael/ros2_ws/install/baxter_core_msgs/include/baxter_core_msgs/baxter_core_msgs/msg/detail/navigator_state__functions.h
[3.962s] -- Up-to-date symlink: /home/mael/ros2_ws/install/baxter_core_msgs/include/baxter_core_msgs/baxter_core_msgs/msg/detail/navigator_state__struct.h
[3.962s] -- Up-to-date symlink: /home/mael/ros2_ws/install/baxter_core_msgs/include/baxter_core_msgs/baxter_core_msgs/msg/detail/navigator_state__type_support.h
[3.962s] -- Up-to-date symlink: /home/mael/ros2_ws/install/baxter_core_msgs/include/baxter_core_msgs/baxter_core_msgs/msg/detail/navigator_states__functions.h
[3.962s] -- Up-to-date symlink: /home/mael/ros2_ws/install/baxter_core_msgs/include/baxter_core_msgs/baxter_core_msgs/msg/detail/navigator_states__struct.h
[3.962s] -- Up-to-date symlink: /home/mael/ros2_ws/install/baxter_core_msgs/include/baxter_core_msgs/baxter_core_msgs/msg/detail/navigator_states__type_support.h
[3.963s] -- Up-to-date symlink: /home/mael/ros2_ws/install/baxter_core_msgs/include/baxter_core_msgs/baxter_core_msgs/msg/detail/robust_controller_status__functions.h
[3.963s] -- Up-to-date symlink: /home/mael/ros2_ws/install/baxter_core_msgs/include/baxter_core_msgs/baxter_core_msgs/msg/detail/robust_controller_status__struct.h
[3.963s] -- Up-to-date symlink: /home/mael/ros2_ws/install/baxter_core_msgs/include/baxter_core_msgs/baxter_core_msgs/msg/detail/robust_controller_status__type_support.h
[3.963s] -- Up-to-date symlink: /home/mael/ros2_ws/install/baxter_core_msgs/include/baxter_core_msgs/baxter_core_msgs/msg/detail/sea_joint_state__functions.h
[3.963s] -- Up-to-date symlink: /home/mael/ros2_ws/install/baxter_core_msgs/include/baxter_core_msgs/baxter_core_msgs/msg/detail/sea_joint_state__struct.h
[3.963s] -- Up-to-date symlink: /home/mael/ros2_ws/install/baxter_core_msgs/include/baxter_core_msgs/baxter_core_msgs/msg/detail/sea_joint_state__type_support.h
[3.963s] -- Up-to-date symlink: /home/mael/ros2_ws/install/baxter_core_msgs/include/baxter_core_msgs/baxter_core_msgs/msg/detail/urdf_configuration__functions.h
[3.964s] -- Up-to-date symlink: /home/mael/ros2_ws/install/baxter_core_msgs/include/baxter_core_msgs/baxter_core_msgs/msg/detail/urdf_configuration__struct.h
[3.964s] -- Up-to-date symlink: /home/mael/ros2_ws/install/baxter_core_msgs/include/baxter_core_msgs/baxter_core_msgs/msg/detail/urdf_configuration__type_support.h
[3.964s] -- Up-to-date symlink: /home/mael/ros2_ws/install/baxter_core_msgs/include/baxter_core_msgs/baxter_core_msgs/msg/digital_io_state.h
[3.965s] -- Up-to-date symlink: /home/mael/ros2_ws/install/baxter_core_msgs/include/baxter_core_msgs/baxter_core_msgs/msg/digital_io_states.h
[3.965s] -- Up-to-date symlink: /home/mael/ros2_ws/install/baxter_core_msgs/include/baxter_core_msgs/baxter_core_msgs/msg/digital_output_command.h
[3.965s] -- Up-to-date symlink: /home/mael/ros2_ws/install/baxter_core_msgs/include/baxter_core_msgs/baxter_core_msgs/msg/end_effector_command.h
[3.965s] -- Up-to-date symlink: /home/mael/ros2_ws/install/baxter_core_msgs/include/baxter_core_msgs/baxter_core_msgs/msg/end_effector_properties.h
[3.965s] -- Up-to-date symlink: /home/mael/ros2_ws/install/baxter_core_msgs/include/baxter_core_msgs/baxter_core_msgs/msg/end_effector_state.h
[3.966s] -- Up-to-date symlink: /home/mael/ros2_ws/install/baxter_core_msgs/include/baxter_core_msgs/baxter_core_msgs/msg/endpoint_state.h
[3.966s] -- Up-to-date symlink: /home/mael/ros2_ws/install/baxter_core_msgs/include/baxter_core_msgs/baxter_core_msgs/msg/endpoint_states.h
[3.967s] -- Up-to-date symlink: /home/mael/ros2_ws/install/baxter_core_msgs/include/baxter_core_msgs/baxter_core_msgs/msg/head_pan_command.h
[3.967s] -- Up-to-date symlink: /home/mael/ros2_ws/install/baxter_core_msgs/include/baxter_core_msgs/baxter_core_msgs/msg/head_state.h
[3.967s] -- Up-to-date symlink: /home/mael/ros2_ws/install/baxter_core_msgs/include/baxter_core_msgs/baxter_core_msgs/msg/joint_command.h
[3.968s] -- Up-to-date symlink: /home/mael/ros2_ws/install/baxter_core_msgs/include/baxter_core_msgs/baxter_core_msgs/msg/navigator_state.h
[3.968s] -- Up-to-date symlink: /home/mael/ros2_ws/install/baxter_core_msgs/include/baxter_core_msgs/baxter_core_msgs/msg/navigator_states.h
[3.969s] -- Up-to-date symlink: /home/mael/ros2_ws/install/baxter_core_msgs/include/baxter_core_msgs/baxter_core_msgs/msg/robust_controller_status.h
[3.970s] -- Up-to-date symlink: /home/mael/ros2_ws/install/baxter_core_msgs/include/baxter_core_msgs/baxter_core_msgs/msg/rosidl_generator_c__visibility_control.h
[3.971s] -- Up-to-date symlink: /home/mael/ros2_ws/install/baxter_core_msgs/include/baxter_core_msgs/baxter_core_msgs/msg/sea_joint_state.h
[3.971s] -- Up-to-date symlink: /home/mael/ros2_ws/install/baxter_core_msgs/include/baxter_core_msgs/baxter_core_msgs/msg/urdf_configuration.h
[3.972s] -- Up-to-date symlink: /home/mael/ros2_ws/install/baxter_core_msgs/include/baxter_core_msgs/baxter_core_msgs/srv/bridge_publishers_auth.h
[3.972s] -- Up-to-date symlink: /home/mael/ros2_ws/install/baxter_core_msgs/include/baxter_core_msgs/baxter_core_msgs/srv/bridge_publishers_force.h
[3.973s] -- Up-to-date symlink: /home/mael/ros2_ws/install/baxter_core_msgs/include/baxter_core_msgs/baxter_core_msgs/srv/close_camera.h
[3.973s] -- Up-to-date symlink: /home/mael/ros2_ws/install/baxter_core_msgs/include/baxter_core_msgs/baxter_core_msgs/srv/detail/bridge_publishers_auth__functions.h
[3.973s] -- Up-to-date symlink: /home/mael/ros2_ws/install/baxter_core_msgs/include/baxter_core_msgs/baxter_core_msgs/srv/detail/bridge_publishers_auth__struct.h
[3.974s] -- Up-to-date symlink: /home/mael/ros2_ws/install/baxter_core_msgs/include/baxter_core_msgs/baxter_core_msgs/srv/detail/bridge_publishers_auth__type_support.h
[3.974s] -- Up-to-date symlink: /home/mael/ros2_ws/install/baxter_core_msgs/include/baxter_core_msgs/baxter_core_msgs/srv/detail/bridge_publishers_force__functions.h
[3.975s] -- Up-to-date symlink: /home/mael/ros2_ws/install/baxter_core_msgs/include/baxter_core_msgs/baxter_core_msgs/srv/detail/bridge_publishers_force__struct.h
[3.975s] -- Up-to-date symlink: /home/mael/ros2_ws/install/baxter_core_msgs/include/baxter_core_msgs/baxter_core_msgs/srv/detail/bridge_publishers_force__type_support.h
[3.976s] -- Up-to-date symlink: /home/mael/ros2_ws/install/baxter_core_msgs/include/baxter_core_msgs/baxter_core_msgs/srv/detail/close_camera__functions.h
[3.976s] -- Up-to-date symlink: /home/mael/ros2_ws/install/baxter_core_msgs/include/baxter_core_msgs/baxter_core_msgs/srv/detail/close_camera__struct.h
[3.977s] -- Up-to-date symlink: /home/mael/ros2_ws/install/baxter_core_msgs/include/baxter_core_msgs/baxter_core_msgs/srv/detail/close_camera__type_support.h
[3.977s] -- Up-to-date symlink: /home/mael/ros2_ws/install/baxter_core_msgs/include/baxter_core_msgs/baxter_core_msgs/srv/detail/list_cameras__functions.h
[3.977s] -- Up-to-date symlink: /home/mael/ros2_ws/install/baxter_core_msgs/include/baxter_core_msgs/baxter_core_msgs/srv/detail/list_cameras__struct.h
[3.978s] -- Up-to-date symlink: /home/mael/ros2_ws/install/baxter_core_msgs/include/baxter_core_msgs/baxter_core_msgs/srv/detail/list_cameras__type_support.h
[3.978s] -- Up-to-date symlink: /home/mael/ros2_ws/install/baxter_core_msgs/include/baxter_core_msgs/baxter_core_msgs/srv/detail/open_camera__functions.h
[3.979s] -- Up-to-date symlink: /home/mael/ros2_ws/install/baxter_core_msgs/include/baxter_core_msgs/baxter_core_msgs/srv/detail/open_camera__struct.h
[3.979s] -- Up-to-date symlink: /home/mael/ros2_ws/install/baxter_core_msgs/include/baxter_core_msgs/baxter_core_msgs/srv/detail/open_camera__type_support.h
[3.980s] -- Up-to-date symlink: /home/mael/ros2_ws/install/baxter_core_msgs/include/baxter_core_msgs/baxter_core_msgs/srv/detail/solve_position_ik__functions.h
[3.980s] -- Up-to-date symlink: /home/mael/ros2_ws/install/baxter_core_msgs/include/baxter_core_msgs/baxter_core_msgs/srv/detail/solve_position_ik__struct.h
[3.980s] -- Up-to-date symlink: /home/mael/ros2_ws/install/baxter_core_msgs/include/baxter_core_msgs/baxter_core_msgs/srv/detail/solve_position_ik__type_support.h
[3.981s] -- Up-to-date symlink: /home/mael/ros2_ws/install/baxter_core_msgs/include/baxter_core_msgs/baxter_core_msgs/srv/list_cameras.h
[3.981s] -- Up-to-date symlink: /home/mael/ros2_ws/install/baxter_core_msgs/include/baxter_core_msgs/baxter_core_msgs/srv/open_camera.h
[3.982s] -- Up-to-date symlink: /home/mael/ros2_ws/install/baxter_core_msgs/include/baxter_core_msgs/baxter_core_msgs/srv/solve_position_ik.h
[3.982s] -- Up-to-date symlink: /home/mael/ros2_ws/install/baxter_core_msgs/share/baxter_core_msgs/environment/library_path.sh
[3.983s] -- Up-to-date symlink: /home/mael/ros2_ws/install/baxter_core_msgs/share/baxter_core_msgs/environment/library_path.dsv
[3.985s] -- Up-to-date symlink: /home/mael/ros2_ws/install/baxter_core_msgs/include/baxter_core_msgs/baxter_core_msgs/msg/detail/analog_io_state__rosidl_typesupport_fastrtps_c.h
[3.986s] -- Up-to-date symlink: /home/mael/ros2_ws/install/baxter_core_msgs/include/baxter_core_msgs/baxter_core_msgs/msg/detail/analog_io_states__rosidl_typesupport_fastrtps_c.h
[3.986s] -- Up-to-date symlink: /home/mael/ros2_ws/install/baxter_core_msgs/include/baxter_core_msgs/baxter_core_msgs/msg/detail/analog_output_command__rosidl_typesupport_fastrtps_c.h
[3.986s] -- Up-to-date symlink: /home/mael/ros2_ws/install/baxter_core_msgs/include/baxter_core_msgs/baxter_core_msgs/msg/detail/assembly_state__rosidl_typesupport_fastrtps_c.h
[3.987s] -- Up-to-date symlink: /home/mael/ros2_ws/install/baxter_core_msgs/include/baxter_core_msgs/baxter_core_msgs/msg/detail/assembly_states__rosidl_typesupport_fastrtps_c.h
[3.988s] -- Up-to-date symlink: /home/mael/ros2_ws/install/baxter_core_msgs/include/baxter_core_msgs/baxter_core_msgs/msg/detail/bridge_publisher__rosidl_typesupport_fastrtps_c.h
[3.988s] -- Up-to-date symlink: /home/mael/ros2_ws/install/baxter_core_msgs/include/baxter_core_msgs/baxter_core_msgs/msg/detail/camera_control__rosidl_typesupport_fastrtps_c.h
[3.988s] -- Up-to-date symlink: /home/mael/ros2_ws/install/baxter_core_msgs/include/baxter_core_msgs/baxter_core_msgs/msg/detail/camera_settings__rosidl_typesupport_fastrtps_c.h
[3.988s] -- Up-to-date symlink: /home/mael/ros2_ws/install/baxter_core_msgs/include/baxter_core_msgs/baxter_core_msgs/msg/detail/collision_avoidance_state__rosidl_typesupport_fastrtps_c.h
[3.988s] -- Up-to-date symlink: /home/mael/ros2_ws/install/baxter_core_msgs/include/baxter_core_msgs/baxter_core_msgs/msg/detail/collision_detection_state__rosidl_typesupport_fastrtps_c.h
[3.989s] -- Up-to-date symlink: /home/mael/ros2_ws/install/baxter_core_msgs/include/baxter_core_msgs/baxter_core_msgs/msg/detail/digital_io_state__rosidl_typesupport_fastrtps_c.h
[3.989s] -- Up-to-date symlink: /home/mael/ros2_ws/install/baxter_core_msgs/include/baxter_core_msgs/baxter_core_msgs/msg/detail/digital_io_states__rosidl_typesupport_fastrtps_c.h
[3.990s] -- Up-to-date symlink: /home/mael/ros2_ws/install/baxter_core_msgs/include/baxter_core_msgs/baxter_core_msgs/msg/detail/digital_output_command__rosidl_typesupport_fastrtps_c.h
[3.990s] -- Up-to-date symlink: /home/mael/ros2_ws/install/baxter_core_msgs/include/baxter_core_msgs/baxter_core_msgs/msg/detail/end_effector_command__rosidl_typesupport_fastrtps_c.h
[3.990s] -- Up-to-date symlink: /home/mael/ros2_ws/install/baxter_core_msgs/include/baxter_core_msgs/baxter_core_msgs/msg/detail/end_effector_properties__rosidl_typesupport_fastrtps_c.h
[3.991s] -- Up-to-date symlink: /home/mael/ros2_ws/install/baxter_core_msgs/include/baxter_core_msgs/baxter_core_msgs/msg/detail/end_effector_state__rosidl_typesupport_fastrtps_c.h
[3.991s] -- Up-to-date symlink: /home/mael/ros2_ws/install/baxter_core_msgs/include/baxter_core_msgs/baxter_core_msgs/msg/detail/endpoint_state__rosidl_typesupport_fastrtps_c.h
[3.992s] -- Up-to-date symlink: /home/mael/ros2_ws/install/baxter_core_msgs/include/baxter_core_msgs/baxter_core_msgs/msg/detail/endpoint_states__rosidl_typesupport_fastrtps_c.h
[3.992s] -- Up-to-date symlink: /home/mael/ros2_ws/install/baxter_core_msgs/include/baxter_core_msgs/baxter_core_msgs/msg/detail/head_pan_command__rosidl_typesupport_fastrtps_c.h
[3.992s] -- Up-to-date symlink: /home/mael/ros2_ws/install/baxter_core_msgs/include/baxter_core_msgs/baxter_core_msgs/msg/detail/head_state__rosidl_typesupport_fastrtps_c.h
[3.993s] -- Up-to-date symlink: /home/mael/ros2_ws/install/baxter_core_msgs/include/baxter_core_msgs/baxter_core_msgs/msg/detail/joint_command__rosidl_typesupport_fastrtps_c.h
[3.993s] -- Up-to-date symlink: /home/mael/ros2_ws/install/baxter_core_msgs/include/baxter_core_msgs/baxter_core_msgs/msg/detail/navigator_state__rosidl_typesupport_fastrtps_c.h
[3.994s] -- Up-to-date symlink: /home/mael/ros2_ws/install/baxter_core_msgs/include/baxter_core_msgs/baxter_core_msgs/msg/detail/navigator_states__rosidl_typesupport_fastrtps_c.h
[3.994s] -- Up-to-date symlink: /home/mael/ros2_ws/install/baxter_core_msgs/include/baxter_core_msgs/baxter_core_msgs/msg/detail/robust_controller_status__rosidl_typesupport_fastrtps_c.h
[3.995s] -- Up-to-date symlink: /home/mael/ros2_ws/install/baxter_core_msgs/include/baxter_core_msgs/baxter_core_msgs/msg/detail/sea_joint_state__rosidl_typesupport_fastrtps_c.h
[3.995s] -- Up-to-date symlink: /home/mael/ros2_ws/install/baxter_core_msgs/include/baxter_core_msgs/baxter_core_msgs/msg/detail/urdf_configuration__rosidl_typesupport_fastrtps_c.h
[3.995s] -- Up-to-date symlink: /home/mael/ros2_ws/install/baxter_core_msgs/include/baxter_core_msgs/baxter_core_msgs/msg/rosidl_typesupport_fastrtps_c__visibility_control.h
[3.996s] -- Up-to-date symlink: /home/mael/ros2_ws/install/baxter_core_msgs/include/baxter_core_msgs/baxter_core_msgs/srv/detail/bridge_publishers_auth__rosidl_typesupport_fastrtps_c.h
[3.996s] -- Up-to-date symlink: /home/mael/ros2_ws/install/baxter_core_msgs/include/baxter_core_msgs/baxter_core_msgs/srv/detail/bridge_publishers_force__rosidl_typesupport_fastrtps_c.h
[3.997s] -- Up-to-date symlink: /home/mael/ros2_ws/install/baxter_core_msgs/include/baxter_core_msgs/baxter_core_msgs/srv/detail/close_camera__rosidl_typesupport_fastrtps_c.h
[3.997s] -- Up-to-date symlink: /home/mael/ros2_ws/install/baxter_core_msgs/include/baxter_core_msgs/baxter_core_msgs/srv/detail/list_cameras__rosidl_typesupport_fastrtps_c.h
[3.997s] -- Up-to-date symlink: /home/mael/ros2_ws/install/baxter_core_msgs/include/baxter_core_msgs/baxter_core_msgs/srv/detail/open_camera__rosidl_typesupport_fastrtps_c.h
[3.998s] -- Up-to-date symlink: /home/mael/ros2_ws/install/baxter_core_msgs/include/baxter_core_msgs/baxter_core_msgs/srv/detail/solve_position_ik__rosidl_typesupport_fastrtps_c.h
[4.001s] -- Up-to-date symlink: /home/mael/ros2_ws/install/baxter_core_msgs/include/baxter_core_msgs/baxter_core_msgs/msg/analog_io_state.hpp
[4.001s] -- Up-to-date symlink: /home/mael/ros2_ws/install/baxter_core_msgs/include/baxter_core_msgs/baxter_core_msgs/msg/analog_io_states.hpp
[4.002s] -- Up-to-date symlink: /home/mael/ros2_ws/install/baxter_core_msgs/include/baxter_core_msgs/baxter_core_msgs/msg/analog_output_command.hpp
[4.002s] -- Up-to-date symlink: /home/mael/ros2_ws/install/baxter_core_msgs/include/baxter_core_msgs/baxter_core_msgs/msg/assembly_state.hpp
[4.002s] -- Up-to-date symlink: /home/mael/ros2_ws/install/baxter_core_msgs/include/baxter_core_msgs/baxter_core_msgs/msg/assembly_states.hpp
[4.003s] -- Up-to-date symlink: /home/mael/ros2_ws/install/baxter_core_msgs/include/baxter_core_msgs/baxter_core_msgs/msg/bridge_publisher.hpp
[4.003s] -- Up-to-date symlink: /home/mael/ros2_ws/install/baxter_core_msgs/include/baxter_core_msgs/baxter_core_msgs/msg/camera_control.hpp
[4.004s] -- Up-to-date symlink: /home/mael/ros2_ws/install/baxter_core_msgs/include/baxter_core_msgs/baxter_core_msgs/msg/camera_settings.hpp
[4.004s] -- Up-to-date symlink: /home/mael/ros2_ws/install/baxter_core_msgs/include/baxter_core_msgs/baxter_core_msgs/msg/collision_avoidance_state.hpp
[4.005s] -- Up-to-date symlink: /home/mael/ros2_ws/install/baxter_core_msgs/include/baxter_core_msgs/baxter_core_msgs/msg/collision_detection_state.hpp
[4.005s] -- Up-to-date symlink: /home/mael/ros2_ws/install/baxter_core_msgs/include/baxter_core_msgs/baxter_core_msgs/msg/detail/analog_io_state__builder.hpp
[4.005s] -- Up-to-date symlink: /home/mael/ros2_ws/install/baxter_core_msgs/include/baxter_core_msgs/baxter_core_msgs/msg/detail/analog_io_state__struct.hpp
[4.006s] -- Up-to-date symlink: /home/mael/ros2_ws/install/baxter_core_msgs/include/baxter_core_msgs/baxter_core_msgs/msg/detail/analog_io_state__traits.hpp
[4.006s] -- Up-to-date symlink: /home/mael/ros2_ws/install/baxter_core_msgs/include/baxter_core_msgs/baxter_core_msgs/msg/detail/analog_io_states__builder.hpp
[4.007s] -- Up-to-date symlink: /home/mael/ros2_ws/install/baxter_core_msgs/include/baxter_core_msgs/baxter_core_msgs/msg/detail/analog_io_states__struct.hpp
[4.007s] -- Up-to-date symlink: /home/mael/ros2_ws/install/baxter_core_msgs/include/baxter_core_msgs/baxter_core_msgs/msg/detail/analog_io_states__traits.hpp
[4.007s] -- Up-to-date symlink: /home/mael/ros2_ws/install/baxter_core_msgs/include/baxter_core_msgs/baxter_core_msgs/msg/detail/analog_output_command__builder.hpp
[4.008s] -- Up-to-date symlink: /home/mael/ros2_ws/install/baxter_core_msgs/include/baxter_core_msgs/baxter_core_msgs/msg/detail/analog_output_command__struct.hpp
[4.008s] -- Up-to-date symlink: /home/mael/ros2_ws/install/baxter_core_msgs/include/baxter_core_msgs/baxter_core_msgs/msg/detail/analog_output_command__traits.hpp
[4.009s] -- Up-to-date symlink: /home/mael/ros2_ws/install/baxter_core_msgs/include/baxter_core_msgs/baxter_core_msgs/msg/detail/assembly_state__builder.hpp
[4.009s] -- Up-to-date symlink: /home/mael/ros2_ws/install/baxter_core_msgs/include/baxter_core_msgs/baxter_core_msgs/msg/detail/assembly_state__struct.hpp
[4.009s] -- Up-to-date symlink: /home/mael/ros2_ws/install/baxter_core_msgs/include/baxter_core_msgs/baxter_core_msgs/msg/detail/assembly_state__traits.hpp
[4.010s] -- Up-to-date symlink: /home/mael/ros2_ws/install/baxter_core_msgs/include/baxter_core_msgs/baxter_core_msgs/msg/detail/assembly_states__builder.hpp
[4.010s] -- Up-to-date symlink: /home/mael/ros2_ws/install/baxter_core_msgs/include/baxter_core_msgs/baxter_core_msgs/msg/detail/assembly_states__struct.hpp
[4.011s] -- Up-to-date symlink: /home/mael/ros2_ws/install/baxter_core_msgs/include/baxter_core_msgs/baxter_core_msgs/msg/detail/assembly_states__traits.hpp
[4.011s] -- Up-to-date symlink: /home/mael/ros2_ws/install/baxter_core_msgs/include/baxter_core_msgs/baxter_core_msgs/msg/detail/bridge_publisher__builder.hpp
[4.011s] -- Up-to-date symlink: /home/mael/ros2_ws/install/baxter_core_msgs/include/baxter_core_msgs/baxter_core_msgs/msg/detail/bridge_publisher__struct.hpp
[4.012s] -- Up-to-date symlink: /home/mael/ros2_ws/install/baxter_core_msgs/include/baxter_core_msgs/baxter_core_msgs/msg/detail/bridge_publisher__traits.hpp
[4.012s] -- Up-to-date symlink: /home/mael/ros2_ws/install/baxter_core_msgs/include/baxter_core_msgs/baxter_core_msgs/msg/detail/camera_control__builder.hpp
[4.013s] -- Up-to-date symlink: /home/mael/ros2_ws/install/baxter_core_msgs/include/baxter_core_msgs/baxter_core_msgs/msg/detail/camera_control__struct.hpp
[4.013s] -- Up-to-date symlink: /home/mael/ros2_ws/install/baxter_core_msgs/include/baxter_core_msgs/baxter_core_msgs/msg/detail/camera_control__traits.hpp
[4.014s] -- Up-to-date symlink: /home/mael/ros2_ws/install/baxter_core_msgs/include/baxter_core_msgs/baxter_core_msgs/msg/detail/camera_settings__builder.hpp
[4.014s] -- Up-to-date symlink: /home/mael/ros2_ws/install/baxter_core_msgs/include/baxter_core_msgs/baxter_core_msgs/msg/detail/camera_settings__struct.hpp
[4.014s] -- Up-to-date symlink: /home/mael/ros2_ws/install/baxter_core_msgs/include/baxter_core_msgs/baxter_core_msgs/msg/detail/camera_settings__traits.hpp
[4.015s] -- Up-to-date symlink: /home/mael/ros2_ws/install/baxter_core_msgs/include/baxter_core_msgs/baxter_core_msgs/msg/detail/collision_avoidance_state__builder.hpp
[4.015s] -- Up-to-date symlink: /home/mael/ros2_ws/install/baxter_core_msgs/include/baxter_core_msgs/baxter_core_msgs/msg/detail/collision_avoidance_state__struct.hpp
[4.016s] -- Up-to-date symlink: /home/mael/ros2_ws/install/baxter_core_msgs/include/baxter_core_msgs/baxter_core_msgs/msg/detail/collision_avoidance_state__traits.hpp
[4.016s] -- Up-to-date symlink: /home/mael/ros2_ws/install/baxter_core_msgs/include/baxter_core_msgs/baxter_core_msgs/msg/detail/collision_detection_state__builder.hpp
[4.017s] -- Up-to-date symlink: /home/mael/ros2_ws/install/baxter_core_msgs/include/baxter_core_msgs/baxter_core_msgs/msg/detail/collision_detection_state__struct.hpp
[4.017s] -- Up-to-date symlink: /home/mael/ros2_ws/install/baxter_core_msgs/include/baxter_core_msgs/baxter_core_msgs/msg/detail/collision_detection_state__traits.hpp
[4.017s] -- Up-to-date symlink: /home/mael/ros2_ws/install/baxter_core_msgs/include/baxter_core_msgs/baxter_core_msgs/msg/detail/digital_io_state__builder.hpp
[4.018s] -- Up-to-date symlink: /home/mael/ros2_ws/install/baxter_core_msgs/include/baxter_core_msgs/baxter_core_msgs/msg/detail/digital_io_state__struct.hpp
[4.018s] -- Up-to-date symlink: /home/mael/ros2_ws/install/baxter_core_msgs/include/baxter_core_msgs/baxter_core_msgs/msg/detail/digital_io_state__traits.hpp
[4.019s] -- Up-to-date symlink: /home/mael/ros2_ws/install/baxter_core_msgs/include/baxter_core_msgs/baxter_core_msgs/msg/detail/digital_io_states__builder.hpp
[4.019s] -- Up-to-date symlink: /home/mael/ros2_ws/install/baxter_core_msgs/include/baxter_core_msgs/baxter_core_msgs/msg/detail/digital_io_states__struct.hpp
[4.019s] -- Up-to-date symlink: /home/mael/ros2_ws/install/baxter_core_msgs/include/baxter_core_msgs/baxter_core_msgs/msg/detail/digital_io_states__traits.hpp
[4.020s] -- Up-to-date symlink: /home/mael/ros2_ws/install/baxter_core_msgs/include/baxter_core_msgs/baxter_core_msgs/msg/detail/digital_output_command__builder.hpp
[4.020s] -- Up-to-date symlink: /home/mael/ros2_ws/install/baxter_core_msgs/include/baxter_core_msgs/baxter_core_msgs/msg/detail/digital_output_command__struct.hpp
[4.021s] -- Up-to-date symlink: /home/mael/ros2_ws/install/baxter_core_msgs/include/baxter_core_msgs/baxter_core_msgs/msg/detail/digital_output_command__traits.hpp
[4.021s] -- Up-to-date symlink: /home/mael/ros2_ws/install/baxter_core_msgs/include/baxter_core_msgs/baxter_core_msgs/msg/detail/end_effector_command__builder.hpp
[4.021s] -- Up-to-date symlink: /home/mael/ros2_ws/install/baxter_core_msgs/include/baxter_core_msgs/baxter_core_msgs/msg/detail/end_effector_command__struct.hpp
[4.022s] -- Up-to-date symlink: /home/mael/ros2_ws/install/baxter_core_msgs/include/baxter_core_msgs/baxter_core_msgs/msg/detail/end_effector_command__traits.hpp
[4.022s] -- Up-to-date symlink: /home/mael/ros2_ws/install/baxter_core_msgs/include/baxter_core_msgs/baxter_core_msgs/msg/detail/end_effector_properties__builder.hpp
[4.023s] -- Up-to-date symlink: /home/mael/ros2_ws/install/baxter_core_msgs/include/baxter_core_msgs/baxter_core_msgs/msg/detail/end_effector_properties__struct.hpp
[4.023s] -- Up-to-date symlink: /home/mael/ros2_ws/install/baxter_core_msgs/include/baxter_core_msgs/baxter_core_msgs/msg/detail/end_effector_properties__traits.hpp
[4.023s] -- Up-to-date symlink: /home/mael/ros2_ws/install/baxter_core_msgs/include/baxter_core_msgs/baxter_core_msgs/msg/detail/end_effector_state__builder.hpp
[4.024s] -- Up-to-date symlink: /home/mael/ros2_ws/install/baxter_core_msgs/include/baxter_core_msgs/baxter_core_msgs/msg/detail/end_effector_state__struct.hpp
[4.024s] -- Up-to-date symlink: /home/mael/ros2_ws/install/baxter_core_msgs/include/baxter_core_msgs/baxter_core_msgs/msg/detail/end_effector_state__traits.hpp
[4.025s] -- Up-to-date symlink: /home/mael/ros2_ws/install/baxter_core_msgs/include/baxter_core_msgs/baxter_core_msgs/msg/detail/endpoint_state__builder.hpp
[4.025s] -- Up-to-date symlink: /home/mael/ros2_ws/install/baxter_core_msgs/include/baxter_core_msgs/baxter_core_msgs/msg/detail/endpoint_state__struct.hpp
[4.025s] -- Up-to-date symlink: /home/mael/ros2_ws/install/baxter_core_msgs/include/baxter_core_msgs/baxter_core_msgs/msg/detail/endpoint_state__traits.hpp
[4.026s] -- Up-to-date symlink: /home/mael/ros2_ws/install/baxter_core_msgs/include/baxter_core_msgs/baxter_core_msgs/msg/detail/endpoint_states__builder.hpp
[4.026s] -- Up-to-date symlink: /home/mael/ros2_ws/install/baxter_core_msgs/include/baxter_core_msgs/baxter_core_msgs/msg/detail/endpoint_states__struct.hpp
[4.027s] -- Up-to-date symlink: /home/mael/ros2_ws/install/baxter_core_msgs/include/baxter_core_msgs/baxter_core_msgs/msg/detail/endpoint_states__traits.hpp
[4.027s] -- Up-to-date symlink: /home/mael/ros2_ws/install/baxter_core_msgs/include/baxter_core_msgs/baxter_core_msgs/msg/detail/head_pan_command__builder.hpp
[4.027s] -- Up-to-date symlink: /home/mael/ros2_ws/install/baxter_core_msgs/include/baxter_core_msgs/baxter_core_msgs/msg/detail/head_pan_command__struct.hpp
[4.027s] -- Up-to-date symlink: /home/mael/ros2_ws/install/baxter_core_msgs/include/baxter_core_msgs/baxter_core_msgs/msg/detail/head_pan_command__traits.hpp
[4.028s] -- Up-to-date symlink: /home/mael/ros2_ws/install/baxter_core_msgs/include/baxter_core_msgs/baxter_core_msgs/msg/detail/head_state__builder.hpp
[4.028s] -- Up-to-date symlink: /home/mael/ros2_ws/install/baxter_core_msgs/include/baxter_core_msgs/baxter_core_msgs/msg/detail/head_state__struct.hpp
[4.028s] -- Up-to-date symlink: /home/mael/ros2_ws/install/baxter_core_msgs/include/baxter_core_msgs/baxter_core_msgs/msg/detail/head_state__traits.hpp
[4.029s] -- Up-to-date symlink: /home/mael/ros2_ws/install/baxter_core_msgs/include/baxter_core_msgs/baxter_core_msgs/msg/detail/joint_command__builder.hpp
[4.029s] -- Up-to-date symlink: /home/mael/ros2_ws/install/baxter_core_msgs/include/baxter_core_msgs/baxter_core_msgs/msg/detail/joint_command__struct.hpp
[4.029s] -- Up-to-date symlink: /home/mael/ros2_ws/install/baxter_core_msgs/include/baxter_core_msgs/baxter_core_msgs/msg/detail/joint_command__traits.hpp
[4.029s] -- Up-to-date symlink: /home/mael/ros2_ws/install/baxter_core_msgs/include/baxter_core_msgs/baxter_core_msgs/msg/detail/navigator_state__builder.hpp
[4.029s] -- Up-to-date symlink: /home/mael/ros2_ws/install/baxter_core_msgs/include/baxter_core_msgs/baxter_core_msgs/msg/detail/navigator_state__struct.hpp
[4.030s] -- Up-to-date symlink: /home/mael/ros2_ws/install/baxter_core_msgs/include/baxter_core_msgs/baxter_core_msgs/msg/detail/navigator_state__traits.hpp
[4.030s] -- Up-to-date symlink: /home/mael/ros2_ws/install/baxter_core_msgs/include/baxter_core_msgs/baxter_core_msgs/msg/detail/navigator_states__builder.hpp
[4.030s] -- Up-to-date symlink: /home/mael/ros2_ws/install/baxter_core_msgs/include/baxter_core_msgs/baxter_core_msgs/msg/detail/navigator_states__struct.hpp
[4.031s] -- Up-to-date symlink: /home/mael/ros2_ws/install/baxter_core_msgs/include/baxter_core_msgs/baxter_core_msgs/msg/detail/navigator_states__traits.hpp
[4.031s] -- Up-to-date symlink: /home/mael/ros2_ws/install/baxter_core_msgs/include/baxter_core_msgs/baxter_core_msgs/msg/detail/robust_controller_status__builder.hpp
[4.031s] -- Up-to-date symlink: /home/mael/ros2_ws/install/baxter_core_msgs/include/baxter_core_msgs/baxter_core_msgs/msg/detail/robust_controller_status__struct.hpp
[4.031s] -- Up-to-date symlink: /home/mael/ros2_ws/install/baxter_core_msgs/include/baxter_core_msgs/baxter_core_msgs/msg/detail/robust_controller_status__traits.hpp
[4.031s] -- Up-to-date symlink: /home/mael/ros2_ws/install/baxter_core_msgs/include/baxter_core_msgs/baxter_core_msgs/msg/detail/sea_joint_state__builder.hpp
[4.032s] -- Up-to-date symlink: /home/mael/ros2_ws/install/baxter_core_msgs/include/baxter_core_msgs/baxter_core_msgs/msg/detail/sea_joint_state__struct.hpp
[4.032s] -- Up-to-date symlink: /home/mael/ros2_ws/install/baxter_core_msgs/include/baxter_core_msgs/baxter_core_msgs/msg/detail/sea_joint_state__traits.hpp
[4.032s] -- Up-to-date symlink: /home/mael/ros2_ws/install/baxter_core_msgs/include/baxter_core_msgs/baxter_core_msgs/msg/detail/urdf_configuration__builder.hpp
[4.032s] -- Up-to-date symlink: /home/mael/ros2_ws/install/baxter_core_msgs/include/baxter_core_msgs/baxter_core_msgs/msg/detail/urdf_configuration__struct.hpp
[4.032s] -- Up-to-date symlink: /home/mael/ros2_ws/install/baxter_core_msgs/include/baxter_core_msgs/baxter_core_msgs/msg/detail/urdf_configuration__traits.hpp
[4.033s] -- Up-to-date symlink: /home/mael/ros2_ws/install/baxter_core_msgs/include/baxter_core_msgs/baxter_core_msgs/msg/digital_io_state.hpp
[4.033s] -- Up-to-date symlink: /home/mael/ros2_ws/install/baxter_core_msgs/include/baxter_core_msgs/baxter_core_msgs/msg/digital_io_states.hpp
[4.033s] -- Up-to-date symlink: /home/mael/ros2_ws/install/baxter_core_msgs/include/baxter_core_msgs/baxter_core_msgs/msg/digital_output_command.hpp
[4.033s] -- Up-to-date symlink: /home/mael/ros2_ws/install/baxter_core_msgs/include/baxter_core_msgs/baxter_core_msgs/msg/end_effector_command.hpp
[4.034s] -- Up-to-date symlink: /home/mael/ros2_ws/install/baxter_core_msgs/include/baxter_core_msgs/baxter_core_msgs/msg/end_effector_properties.hpp
[4.034s] -- Up-to-date symlink: /home/mael/ros2_ws/install/baxter_core_msgs/include/baxter_core_msgs/baxter_core_msgs/msg/end_effector_state.hpp
[4.034s] -- Up-to-date symlink: /home/mael/ros2_ws/install/baxter_core_msgs/include/baxter_core_msgs/baxter_core_msgs/msg/endpoint_state.hpp
[4.035s] -- Up-to-date symlink: /home/mael/ros2_ws/install/baxter_core_msgs/include/baxter_core_msgs/baxter_core_msgs/msg/endpoint_states.hpp
[4.035s] -- Up-to-date symlink: /home/mael/ros2_ws/install/baxter_core_msgs/include/baxter_core_msgs/baxter_core_msgs/msg/head_pan_command.hpp
[4.036s] -- Up-to-date symlink: /home/mael/ros2_ws/install/baxter_core_msgs/include/baxter_core_msgs/baxter_core_msgs/msg/head_state.hpp
[4.036s] -- Up-to-date symlink: /home/mael/ros2_ws/install/baxter_core_msgs/include/baxter_core_msgs/baxter_core_msgs/msg/joint_command.hpp
[4.036s] -- Up-to-date symlink: /home/mael/ros2_ws/install/baxter_core_msgs/include/baxter_core_msgs/baxter_core_msgs/msg/navigator_state.hpp
[4.037s] -- Up-to-date symlink: /home/mael/ros2_ws/install/baxter_core_msgs/include/baxter_core_msgs/baxter_core_msgs/msg/navigator_states.hpp
[4.037s] -- Up-to-date symlink: /home/mael/ros2_ws/install/baxter_core_msgs/include/baxter_core_msgs/baxter_core_msgs/msg/robust_controller_status.hpp
[4.038s] -- Up-to-date symlink: /home/mael/ros2_ws/install/baxter_core_msgs/include/baxter_core_msgs/baxter_core_msgs/msg/sea_joint_state.hpp
[4.038s] -- Up-to-date symlink: /home/mael/ros2_ws/install/baxter_core_msgs/include/baxter_core_msgs/baxter_core_msgs/msg/urdf_configuration.hpp
[4.039s] -- Up-to-date symlink: /home/mael/ros2_ws/install/baxter_core_msgs/include/baxter_core_msgs/baxter_core_msgs/srv/bridge_publishers_auth.hpp
[4.039s] -- Up-to-date symlink: /home/mael/ros2_ws/install/baxter_core_msgs/include/baxter_core_msgs/baxter_core_msgs/srv/bridge_publishers_force.hpp
[4.039s] -- Up-to-date symlink: /home/mael/ros2_ws/install/baxter_core_msgs/include/baxter_core_msgs/baxter_core_msgs/srv/close_camera.hpp
[4.040s] -- Up-to-date symlink: /home/mael/ros2_ws/install/baxter_core_msgs/include/baxter_core_msgs/baxter_core_msgs/srv/detail/bridge_publishers_auth__builder.hpp
[4.040s] -- Up-to-date symlink: /home/mael/ros2_ws/install/baxter_core_msgs/include/baxter_core_msgs/baxter_core_msgs/srv/detail/bridge_publishers_auth__struct.hpp
[4.041s] -- Up-to-date symlink: /home/mael/ros2_ws/install/baxter_core_msgs/include/baxter_core_msgs/baxter_core_msgs/srv/detail/bridge_publishers_auth__traits.hpp
[4.041s] -- Up-to-date symlink: /home/mael/ros2_ws/install/baxter_core_msgs/include/baxter_core_msgs/baxter_core_msgs/srv/detail/bridge_publishers_force__builder.hpp
[4.042s] -- Up-to-date symlink: /home/mael/ros2_ws/install/baxter_core_msgs/include/baxter_core_msgs/baxter_core_msgs/srv/detail/bridge_publishers_force__struct.hpp
[4.042s] -- Up-to-date symlink: /home/mael/ros2_ws/install/baxter_core_msgs/include/baxter_core_msgs/baxter_core_msgs/srv/detail/bridge_publishers_force__traits.hpp
[4.042s] -- Up-to-date symlink: /home/mael/ros2_ws/install/baxter_core_msgs/include/baxter_core_msgs/baxter_core_msgs/srv/detail/close_camera__builder.hpp
[4.043s] -- Up-to-date symlink: /home/mael/ros2_ws/install/baxter_core_msgs/include/baxter_core_msgs/baxter_core_msgs/srv/detail/close_camera__struct.hpp
[4.043s] -- Up-to-date symlink: /home/mael/ros2_ws/install/baxter_core_msgs/include/baxter_core_msgs/baxter_core_msgs/srv/detail/close_camera__traits.hpp
[4.044s] -- Up-to-date symlink: /home/mael/ros2_ws/install/baxter_core_msgs/include/baxter_core_msgs/baxter_core_msgs/srv/detail/list_cameras__builder.hpp
[4.044s] -- Up-to-date symlink: /home/mael/ros2_ws/install/baxter_core_msgs/include/baxter_core_msgs/baxter_core_msgs/srv/detail/list_cameras__struct.hpp
[4.044s] -- Up-to-date symlink: /home/mael/ros2_ws/install/baxter_core_msgs/include/baxter_core_msgs/baxter_core_msgs/srv/detail/list_cameras__traits.hpp
[4.045s] -- Up-to-date symlink: /home/mael/ros2_ws/install/baxter_core_msgs/include/baxter_core_msgs/baxter_core_msgs/srv/detail/open_camera__builder.hpp
[4.045s] -- Up-to-date symlink: /home/mael/ros2_ws/install/baxter_core_msgs/include/baxter_core_msgs/baxter_core_msgs/srv/detail/open_camera__struct.hpp
[4.045s] -- Up-to-date symlink: /home/mael/ros2_ws/install/baxter_core_msgs/include/baxter_core_msgs/baxter_core_msgs/srv/detail/open_camera__traits.hpp
[4.046s] -- Up-to-date symlink: /home/mael/ros2_ws/install/baxter_core_msgs/include/baxter_core_msgs/baxter_core_msgs/srv/detail/solve_position_ik__builder.hpp
[4.046s] -- Up-to-date symlink: /home/mael/ros2_ws/install/baxter_core_msgs/include/baxter_core_msgs/baxter_core_msgs/srv/detail/solve_position_ik__struct.hpp
[4.047s] -- Up-to-date symlink: /home/mael/ros2_ws/install/baxter_core_msgs/include/baxter_core_msgs/baxter_core_msgs/srv/detail/solve_position_ik__traits.hpp
[4.047s] -- Up-to-date symlink: /home/mael/ros2_ws/install/baxter_core_msgs/include/baxter_core_msgs/baxter_core_msgs/srv/list_cameras.hpp
[4.047s] -- Up-to-date symlink: /home/mael/ros2_ws/install/baxter_core_msgs/include/baxter_core_msgs/baxter_core_msgs/srv/open_camera.hpp
[4.048s] -- Up-to-date symlink: /home/mael/ros2_ws/install/baxter_core_msgs/include/baxter_core_msgs/baxter_core_msgs/srv/solve_position_ik.hpp
[4.051s] -- Up-to-date symlink: /home/mael/ros2_ws/install/baxter_core_msgs/include/baxter_core_msgs/baxter_core_msgs/msg/detail/analog_io_state__rosidl_typesupport_fastrtps_cpp.hpp
[4.051s] -- Up-to-date symlink: /home/mael/ros2_ws/install/baxter_core_msgs/include/baxter_core_msgs/baxter_core_msgs/msg/detail/analog_io_states__rosidl_typesupport_fastrtps_cpp.hpp
[4.052s] -- Up-to-date symlink: /home/mael/ros2_ws/install/baxter_core_msgs/include/baxter_core_msgs/baxter_core_msgs/msg/detail/analog_output_command__rosidl_typesupport_fastrtps_cpp.hpp
[4.052s] -- Up-to-date symlink: /home/mael/ros2_ws/install/baxter_core_msgs/include/baxter_core_msgs/baxter_core_msgs/msg/detail/assembly_state__rosidl_typesupport_fastrtps_cpp.hpp
[4.053s] -- Up-to-date symlink: /home/mael/ros2_ws/install/baxter_core_msgs/include/baxter_core_msgs/baxter_core_msgs/msg/detail/assembly_states__rosidl_typesupport_fastrtps_cpp.hpp
[4.053s] -- Up-to-date symlink: /home/mael/ros2_ws/install/baxter_core_msgs/include/baxter_core_msgs/baxter_core_msgs/msg/detail/bridge_publisher__rosidl_typesupport_fastrtps_cpp.hpp
[4.054s] -- Up-to-date symlink: /home/mael/ros2_ws/install/baxter_core_msgs/include/baxter_core_msgs/baxter_core_msgs/msg/detail/camera_control__rosidl_typesupport_fastrtps_cpp.hpp
[4.054s] -- Up-to-date symlink: /home/mael/ros2_ws/install/baxter_core_msgs/include/baxter_core_msgs/baxter_core_msgs/msg/detail/camera_settings__rosidl_typesupport_fastrtps_cpp.hpp
[4.054s] -- Up-to-date symlink: /home/mael/ros2_ws/install/baxter_core_msgs/include/baxter_core_msgs/baxter_core_msgs/msg/detail/collision_avoidance_state__rosidl_typesupport_fastrtps_cpp.hpp
[4.055s] -- Up-to-date symlink: /home/mael/ros2_ws/install/baxter_core_msgs/include/baxter_core_msgs/baxter_core_msgs/msg/detail/collision_detection_state__rosidl_typesupport_fastrtps_cpp.hpp
[4.055s] -- Up-to-date symlink: /home/mael/ros2_ws/install/baxter_core_msgs/include/baxter_core_msgs/baxter_core_msgs/msg/detail/digital_io_state__rosidl_typesupport_fastrtps_cpp.hpp
[4.056s] -- Up-to-date symlink: /home/mael/ros2_ws/install/baxter_core_msgs/include/baxter_core_msgs/baxter_core_msgs/msg/detail/digital_io_states__rosidl_typesupport_fastrtps_cpp.hpp
[4.056s] -- Up-to-date symlink: /home/mael/ros2_ws/install/baxter_core_msgs/include/baxter_core_msgs/baxter_core_msgs/msg/detail/digital_output_command__rosidl_typesupport_fastrtps_cpp.hpp
[4.057s] -- Up-to-date symlink: /home/mael/ros2_ws/install/baxter_core_msgs/include/baxter_core_msgs/baxter_core_msgs/msg/detail/end_effector_command__rosidl_typesupport_fastrtps_cpp.hpp
[4.057s] -- Up-to-date symlink: /home/mael/ros2_ws/install/baxter_core_msgs/include/baxter_core_msgs/baxter_core_msgs/msg/detail/end_effector_properties__rosidl_typesupport_fastrtps_cpp.hpp
[4.057s] -- Up-to-date symlink: /home/mael/ros2_ws/install/baxter_core_msgs/include/baxter_core_msgs/baxter_core_msgs/msg/detail/end_effector_state__rosidl_typesupport_fastrtps_cpp.hpp
[4.058s] -- Up-to-date symlink: /home/mael/ros2_ws/install/baxter_core_msgs/include/baxter_core_msgs/baxter_core_msgs/msg/detail/endpoint_state__rosidl_typesupport_fastrtps_cpp.hpp
[4.058s] -- Up-to-date symlink: /home/mael/ros2_ws/install/baxter_core_msgs/include/baxter_core_msgs/baxter_core_msgs/msg/detail/endpoint_states__rosidl_typesupport_fastrtps_cpp.hpp
[4.059s] -- Up-to-date symlink: /home/mael/ros2_ws/install/baxter_core_msgs/include/baxter_core_msgs/baxter_core_msgs/msg/detail/head_pan_command__rosidl_typesupport_fastrtps_cpp.hpp
[4.059s] -- Up-to-date symlink: /home/mael/ros2_ws/install/baxter_core_msgs/include/baxter_core_msgs/baxter_core_msgs/msg/detail/head_state__rosidl_typesupport_fastrtps_cpp.hpp
[4.060s] -- Up-to-date symlink: /home/mael/ros2_ws/install/baxter_core_msgs/include/baxter_core_msgs/baxter_core_msgs/msg/detail/joint_command__rosidl_typesupport_fastrtps_cpp.hpp
[4.060s] -- Up-to-date symlink: /home/mael/ros2_ws/install/baxter_core_msgs/include/baxter_core_msgs/baxter_core_msgs/msg/detail/navigator_state__rosidl_typesupport_fastrtps_cpp.hpp
[4.060s] -- Up-to-date symlink: /home/mael/ros2_ws/install/baxter_core_msgs/include/baxter_core_msgs/baxter_core_msgs/msg/detail/navigator_states__rosidl_typesupport_fastrtps_cpp.hpp
[4.061s] -- Up-to-date symlink: /home/mael/ros2_ws/install/baxter_core_msgs/include/baxter_core_msgs/baxter_core_msgs/msg/detail/robust_controller_status__rosidl_typesupport_fastrtps_cpp.hpp
[4.061s] -- Up-to-date symlink: /home/mael/ros2_ws/install/baxter_core_msgs/include/baxter_core_msgs/baxter_core_msgs/msg/detail/sea_joint_state__rosidl_typesupport_fastrtps_cpp.hpp
[4.062s] -- Up-to-date symlink: /home/mael/ros2_ws/install/baxter_core_msgs/include/baxter_core_msgs/baxter_core_msgs/msg/detail/urdf_configuration__rosidl_typesupport_fastrtps_cpp.hpp
[4.062s] -- Up-to-date symlink: /home/mael/ros2_ws/install/baxter_core_msgs/include/baxter_core_msgs/baxter_core_msgs/msg/rosidl_typesupport_fastrtps_cpp__visibility_control.h
[4.063s] -- Up-to-date symlink: /home/mael/ros2_ws/install/baxter_core_msgs/include/baxter_core_msgs/baxter_core_msgs/srv/detail/bridge_publishers_auth__rosidl_typesupport_fastrtps_cpp.hpp
[4.063s] -- Up-to-date symlink: /home/mael/ros2_ws/install/baxter_core_msgs/include/baxter_core_msgs/baxter_core_msgs/srv/detail/bridge_publishers_force__rosidl_typesupport_fastrtps_cpp.hpp
[4.064s] -- Up-to-date symlink: /home/mael/ros2_ws/install/baxter_core_msgs/include/baxter_core_msgs/baxter_core_msgs/srv/detail/close_camera__rosidl_typesupport_fastrtps_cpp.hpp
[4.064s] -- Up-to-date symlink: /home/mael/ros2_ws/install/baxter_core_msgs/include/baxter_core_msgs/baxter_core_msgs/srv/detail/list_cameras__rosidl_typesupport_fastrtps_cpp.hpp
[4.064s] -- Up-to-date symlink: /home/mael/ros2_ws/install/baxter_core_msgs/include/baxter_core_msgs/baxter_core_msgs/srv/detail/open_camera__rosidl_typesupport_fastrtps_cpp.hpp
[4.065s] -- Up-to-date symlink: /home/mael/ros2_ws/install/baxter_core_msgs/include/baxter_core_msgs/baxter_core_msgs/srv/detail/solve_position_ik__rosidl_typesupport_fastrtps_cpp.hpp
[4.066s] -- Up-to-date symlink: /home/mael/ros2_ws/install/baxter_core_msgs/include/baxter_core_msgs/baxter_core_msgs/msg/detail/analog_io_state__rosidl_typesupport_introspection_c.h
[4.067s] -- Up-to-date symlink: /home/mael/ros2_ws/install/baxter_core_msgs/include/baxter_core_msgs/baxter_core_msgs/msg/detail/analog_io_states__rosidl_typesupport_introspection_c.h
[4.067s] -- Up-to-date symlink: /home/mael/ros2_ws/install/baxter_core_msgs/include/baxter_core_msgs/baxter_core_msgs/msg/detail/analog_output_command__rosidl_typesupport_introspection_c.h
[4.068s] -- Up-to-date symlink: /home/mael/ros2_ws/install/baxter_core_msgs/include/baxter_core_msgs/baxter_core_msgs/msg/detail/assembly_state__rosidl_typesupport_introspection_c.h
[4.068s] -- Up-to-date symlink: /home/mael/ros2_ws/install/baxter_core_msgs/include/baxter_core_msgs/baxter_core_msgs/msg/detail/assembly_states__rosidl_typesupport_introspection_c.h
[4.068s] -- Up-to-date symlink: /home/mael/ros2_ws/install/baxter_core_msgs/include/baxter_core_msgs/baxter_core_msgs/msg/detail/bridge_publisher__rosidl_typesupport_introspection_c.h
[4.069s] -- Up-to-date symlink: /home/mael/ros2_ws/install/baxter_core_msgs/include/baxter_core_msgs/baxter_core_msgs/msg/detail/camera_control__rosidl_typesupport_introspection_c.h
[4.069s] -- Up-to-date symlink: /home/mael/ros2_ws/install/baxter_core_msgs/include/baxter_core_msgs/baxter_core_msgs/msg/detail/camera_settings__rosidl_typesupport_introspection_c.h
[4.070s] -- Up-to-date symlink: /home/mael/ros2_ws/install/baxter_core_msgs/include/baxter_core_msgs/baxter_core_msgs/msg/detail/collision_avoidance_state__rosidl_typesupport_introspection_c.h
[4.070s] -- Up-to-date symlink: /home/mael/ros2_ws/install/baxter_core_msgs/include/baxter_core_msgs/baxter_core_msgs/msg/detail/collision_detection_state__rosidl_typesupport_introspection_c.h
[4.070s] -- Up-to-date symlink: /home/mael/ros2_ws/install/baxter_core_msgs/include/baxter_core_msgs/baxter_core_msgs/msg/detail/digital_io_state__rosidl_typesupport_introspection_c.h
[4.071s] -- Up-to-date symlink: /home/mael/ros2_ws/install/baxter_core_msgs/include/baxter_core_msgs/baxter_core_msgs/msg/detail/digital_io_states__rosidl_typesupport_introspection_c.h
[4.071s] -- Up-to-date symlink: /home/mael/ros2_ws/install/baxter_core_msgs/include/baxter_core_msgs/baxter_core_msgs/msg/detail/digital_output_command__rosidl_typesupport_introspection_c.h
[4.072s] -- Up-to-date symlink: /home/mael/ros2_ws/install/baxter_core_msgs/include/baxter_core_msgs/baxter_core_msgs/msg/detail/end_effector_command__rosidl_typesupport_introspection_c.h
[4.072s] -- Up-to-date symlink: /home/mael/ros2_ws/install/baxter_core_msgs/include/baxter_core_msgs/baxter_core_msgs/msg/detail/end_effector_properties__rosidl_typesupport_introspection_c.h
[4.073s] -- Up-to-date symlink: /home/mael/ros2_ws/install/baxter_core_msgs/include/baxter_core_msgs/baxter_core_msgs/msg/detail/end_effector_state__rosidl_typesupport_introspection_c.h
[4.073s] -- Up-to-date symlink: /home/mael/ros2_ws/install/baxter_core_msgs/include/baxter_core_msgs/baxter_core_msgs/msg/detail/endpoint_state__rosidl_typesupport_introspection_c.h
[4.073s] -- Up-to-date symlink: /home/mael/ros2_ws/install/baxter_core_msgs/include/baxter_core_msgs/baxter_core_msgs/msg/detail/endpoint_states__rosidl_typesupport_introspection_c.h
[4.074s] -- Up-to-date symlink: /home/mael/ros2_ws/install/baxter_core_msgs/include/baxter_core_msgs/baxter_core_msgs/msg/detail/head_pan_command__rosidl_typesupport_introspection_c.h
[4.074s] -- Up-to-date symlink: /home/mael/ros2_ws/install/baxter_core_msgs/include/baxter_core_msgs/baxter_core_msgs/msg/detail/head_state__rosidl_typesupport_introspection_c.h
[4.075s] -- Up-to-date symlink: /home/mael/ros2_ws/install/baxter_core_msgs/include/baxter_core_msgs/baxter_core_msgs/msg/detail/joint_command__rosidl_typesupport_introspection_c.h
[4.075s] -- Up-to-date symlink: /home/mael/ros2_ws/install/baxter_core_msgs/include/baxter_core_msgs/baxter_core_msgs/msg/detail/navigator_state__rosidl_typesupport_introspection_c.h
[4.076s] -- Up-to-date symlink: /home/mael/ros2_ws/install/baxter_core_msgs/include/baxter_core_msgs/baxter_core_msgs/msg/detail/navigator_states__rosidl_typesupport_introspection_c.h
[4.076s] -- Up-to-date symlink: /home/mael/ros2_ws/install/baxter_core_msgs/include/baxter_core_msgs/baxter_core_msgs/msg/detail/robust_controller_status__rosidl_typesupport_introspection_c.h
[4.077s] -- Up-to-date symlink: /home/mael/ros2_ws/install/baxter_core_msgs/include/baxter_core_msgs/baxter_core_msgs/msg/detail/sea_joint_state__rosidl_typesupport_introspection_c.h
[4.077s] -- Up-to-date symlink: /home/mael/ros2_ws/install/baxter_core_msgs/include/baxter_core_msgs/baxter_core_msgs/msg/detail/urdf_configuration__rosidl_typesupport_introspection_c.h
[4.077s] -- Up-to-date symlink: /home/mael/ros2_ws/install/baxter_core_msgs/include/baxter_core_msgs/baxter_core_msgs/msg/rosidl_typesupport_introspection_c__visibility_control.h
[4.078s] -- Up-to-date symlink: /home/mael/ros2_ws/install/baxter_core_msgs/include/baxter_core_msgs/baxter_core_msgs/srv/detail/bridge_publishers_auth__rosidl_typesupport_introspection_c.h
[4.078s] -- Up-to-date symlink: /home/mael/ros2_ws/install/baxter_core_msgs/include/baxter_core_msgs/baxter_core_msgs/srv/detail/bridge_publishers_force__rosidl_typesupport_introspection_c.h
[4.079s] -- Up-to-date symlink: /home/mael/ros2_ws/install/baxter_core_msgs/include/baxter_core_msgs/baxter_core_msgs/srv/detail/close_camera__rosidl_typesupport_introspection_c.h
[4.079s] -- Up-to-date symlink: /home/mael/ros2_ws/install/baxter_core_msgs/include/baxter_core_msgs/baxter_core_msgs/srv/detail/list_cameras__rosidl_typesupport_introspection_c.h
[4.079s] -- Up-to-date symlink: /home/mael/ros2_ws/install/baxter_core_msgs/include/baxter_core_msgs/baxter_core_msgs/srv/detail/open_camera__rosidl_typesupport_introspection_c.h
[4.080s] -- Up-to-date symlink: /home/mael/ros2_ws/install/baxter_core_msgs/include/baxter_core_msgs/baxter_core_msgs/srv/detail/solve_position_ik__rosidl_typesupport_introspection_c.h
[4.082s] -- Up-to-date symlink: /home/mael/ros2_ws/install/baxter_core_msgs/include/baxter_core_msgs/baxter_core_msgs/msg/detail/analog_io_state__rosidl_typesupport_introspection_cpp.hpp
[4.082s] -- Up-to-date symlink: /home/mael/ros2_ws/install/baxter_core_msgs/include/baxter_core_msgs/baxter_core_msgs/msg/detail/analog_io_states__rosidl_typesupport_introspection_cpp.hpp
[4.083s] -- Up-to-date symlink: /home/mael/ros2_ws/install/baxter_core_msgs/include/baxter_core_msgs/baxter_core_msgs/msg/detail/analog_output_command__rosidl_typesupport_introspection_cpp.hpp
[4.083s] -- Up-to-date symlink: /home/mael/ros2_ws/install/baxter_core_msgs/include/baxter_core_msgs/baxter_core_msgs/msg/detail/assembly_state__rosidl_typesupport_introspection_cpp.hpp
[4.083s] -- Up-to-date symlink: /home/mael/ros2_ws/install/baxter_core_msgs/include/baxter_core_msgs/baxter_core_msgs/msg/detail/assembly_states__rosidl_typesupport_introspection_cpp.hpp
[4.084s] -- Up-to-date symlink: /home/mael/ros2_ws/install/baxter_core_msgs/include/baxter_core_msgs/baxter_core_msgs/msg/detail/bridge_publisher__rosidl_typesupport_introspection_cpp.hpp
[4.084s] -- Up-to-date symlink: /home/mael/ros2_ws/install/baxter_core_msgs/include/baxter_core_msgs/baxter_core_msgs/msg/detail/camera_control__rosidl_typesupport_introspection_cpp.hpp
[4.085s] -- Up-to-date symlink: /home/mael/ros2_ws/install/baxter_core_msgs/include/baxter_core_msgs/baxter_core_msgs/msg/detail/camera_settings__rosidl_typesupport_introspection_cpp.hpp
[4.085s] -- Up-to-date symlink: /home/mael/ros2_ws/install/baxter_core_msgs/include/baxter_core_msgs/baxter_core_msgs/msg/detail/collision_avoidance_state__rosidl_typesupport_introspection_cpp.hpp
[4.085s] -- Up-to-date symlink: /home/mael/ros2_ws/install/baxter_core_msgs/include/baxter_core_msgs/baxter_core_msgs/msg/detail/collision_detection_state__rosidl_typesupport_introspection_cpp.hpp
[4.085s] -- Up-to-date symlink: /home/mael/ros2_ws/install/baxter_core_msgs/include/baxter_core_msgs/baxter_core_msgs/msg/detail/digital_io_state__rosidl_typesupport_introspection_cpp.hpp
[4.086s] -- Up-to-date symlink: /home/mael/ros2_ws/install/baxter_core_msgs/include/baxter_core_msgs/baxter_core_msgs/msg/detail/digital_io_states__rosidl_typesupport_introspection_cpp.hpp
[4.086s] -- Up-to-date symlink: /home/mael/ros2_ws/install/baxter_core_msgs/include/baxter_core_msgs/baxter_core_msgs/msg/detail/digital_output_command__rosidl_typesupport_introspection_cpp.hpp
[4.086s] -- Up-to-date symlink: /home/mael/ros2_ws/install/baxter_core_msgs/include/baxter_core_msgs/baxter_core_msgs/msg/detail/end_effector_command__rosidl_typesupport_introspection_cpp.hpp
[4.086s] -- Up-to-date symlink: /home/mael/ros2_ws/install/baxter_core_msgs/include/baxter_core_msgs/baxter_core_msgs/msg/detail/end_effector_properties__rosidl_typesupport_introspection_cpp.hpp
[4.087s] -- Up-to-date symlink: /home/mael/ros2_ws/install/baxter_core_msgs/include/baxter_core_msgs/baxter_core_msgs/msg/detail/end_effector_state__rosidl_typesupport_introspection_cpp.hpp
[4.087s] -- Up-to-date symlink: /home/mael/ros2_ws/install/baxter_core_msgs/include/baxter_core_msgs/baxter_core_msgs/msg/detail/endpoint_state__rosidl_typesupport_introspection_cpp.hpp
[4.087s] -- Up-to-date symlink: /home/mael/ros2_ws/install/baxter_core_msgs/include/baxter_core_msgs/baxter_core_msgs/msg/detail/endpoint_states__rosidl_typesupport_introspection_cpp.hpp
[4.087s] -- Up-to-date symlink: /home/mael/ros2_ws/install/baxter_core_msgs/include/baxter_core_msgs/baxter_core_msgs/msg/detail/head_pan_command__rosidl_typesupport_introspection_cpp.hpp
[4.088s] -- Up-to-date symlink: /home/mael/ros2_ws/install/baxter_core_msgs/include/baxter_core_msgs/baxter_core_msgs/msg/detail/head_state__rosidl_typesupport_introspection_cpp.hpp
[4.088s] -- Up-to-date symlink: /home/mael/ros2_ws/install/baxter_core_msgs/include/baxter_core_msgs/baxter_core_msgs/msg/detail/joint_command__rosidl_typesupport_introspection_cpp.hpp
[4.089s] -- Up-to-date symlink: /home/mael/ros2_ws/install/baxter_core_msgs/include/baxter_core_msgs/baxter_core_msgs/msg/detail/navigator_state__rosidl_typesupport_introspection_cpp.hpp
[4.089s] -- Up-to-date symlink: /home/mael/ros2_ws/install/baxter_core_msgs/include/baxter_core_msgs/baxter_core_msgs/msg/detail/navigator_states__rosidl_typesupport_introspection_cpp.hpp
[4.089s] -- Up-to-date symlink: /home/mael/ros2_ws/install/baxter_core_msgs/include/baxter_core_msgs/baxter_core_msgs/msg/detail/robust_controller_status__rosidl_typesupport_introspection_cpp.hpp
[4.090s] -- Up-to-date symlink: /home/mael/ros2_ws/install/baxter_core_msgs/include/baxter_core_msgs/baxter_core_msgs/msg/detail/sea_joint_state__rosidl_typesupport_introspection_cpp.hpp
[4.090s] -- Up-to-date symlink: /home/mael/ros2_ws/install/baxter_core_msgs/include/baxter_core_msgs/baxter_core_msgs/msg/detail/urdf_configuration__rosidl_typesupport_introspection_cpp.hpp
[4.091s] -- Up-to-date symlink: /home/mael/ros2_ws/install/baxter_core_msgs/include/baxter_core_msgs/baxter_core_msgs/srv/detail/bridge_publishers_auth__rosidl_typesupport_introspection_cpp.hpp
[4.091s] -- Up-to-date symlink: /home/mael/ros2_ws/install/baxter_core_msgs/include/baxter_core_msgs/baxter_core_msgs/srv/detail/bridge_publishers_force__rosidl_typesupport_introspection_cpp.hpp
[4.092s] -- Up-to-date symlink: /home/mael/ros2_ws/install/baxter_core_msgs/include/baxter_core_msgs/baxter_core_msgs/srv/detail/close_camera__rosidl_typesupport_introspection_cpp.hpp
[4.092s] -- Up-to-date symlink: /home/mael/ros2_ws/install/baxter_core_msgs/include/baxter_core_msgs/baxter_core_msgs/srv/detail/list_cameras__rosidl_typesupport_introspection_cpp.hpp
[4.092s] -- Up-to-date symlink: /home/mael/ros2_ws/install/baxter_core_msgs/include/baxter_core_msgs/baxter_core_msgs/srv/detail/open_camera__rosidl_typesupport_introspection_cpp.hpp
[4.093s] -- Up-to-date symlink: /home/mael/ros2_ws/install/baxter_core_msgs/include/baxter_core_msgs/baxter_core_msgs/srv/detail/solve_position_ik__rosidl_typesupport_introspection_cpp.hpp
[4.094s] -- Up-to-date symlink: /home/mael/ros2_ws/install/baxter_core_msgs/share/baxter_core_msgs/environment/pythonpath.sh
[4.094s] -- Up-to-date symlink: /home/mael/ros2_ws/install/baxter_core_msgs/share/baxter_core_msgs/environment/pythonpath.dsv
[4.094s] -- Up-to-date symlink: /home/mael/ros2_ws/install/baxter_core_msgs/local/lib/python3.10/dist-packages/baxter_core_msgs-1.3.0-py3.10.egg-info/PKG-INFO
[4.095s] -- Up-to-date symlink: /home/mael/ros2_ws/install/baxter_core_msgs/local/lib/python3.10/dist-packages/baxter_core_msgs-1.3.0-py3.10.egg-info/SOURCES.txt
[4.095s] -- Up-to-date symlink: /home/mael/ros2_ws/install/baxter_core_msgs/local/lib/python3.10/dist-packages/baxter_core_msgs-1.3.0-py3.10.egg-info/dependency_links.txt
[4.096s] -- Up-to-date symlink: /home/mael/ros2_ws/install/baxter_core_msgs/local/lib/python3.10/dist-packages/baxter_core_msgs-1.3.0-py3.10.egg-info/top_level.txt
[4.099s] -- Up-to-date symlink: /home/mael/ros2_ws/install/baxter_core_msgs/local/lib/python3.10/dist-packages/baxter_core_msgs/__init__.py
[4.099s] -- Up-to-date symlink: /home/mael/ros2_ws/install/baxter_core_msgs/local/lib/python3.10/dist-packages/baxter_core_msgs/_baxter_core_msgs_s.ep.rosidl_typesupport_c.c
[4.100s] -- Up-to-date symlink: /home/mael/ros2_ws/install/baxter_core_msgs/local/lib/python3.10/dist-packages/baxter_core_msgs/_baxter_core_msgs_s.ep.rosidl_typesupport_fastrtps_c.c
[4.100s] -- Up-to-date symlink: /home/mael/ros2_ws/install/baxter_core_msgs/local/lib/python3.10/dist-packages/baxter_core_msgs/_baxter_core_msgs_s.ep.rosidl_typesupport_introspection_c.c
[4.100s] -- Up-to-date symlink: /home/mael/ros2_ws/install/baxter_core_msgs/local/lib/python3.10/dist-packages/baxter_core_msgs/baxter_core_msgs_s__rosidl_typesupport_c.cpython-310-x86_64-linux-gnu.so
[4.101s] -- Up-to-date symlink: /home/mael/ros2_ws/install/baxter_core_msgs/local/lib/python3.10/dist-packages/baxter_core_msgs/baxter_core_msgs_s__rosidl_typesupport_fastrtps_c.cpython-310-x86_64-linux-gnu.so
[4.101s] -- Up-to-date symlink: /home/mael/ros2_ws/install/baxter_core_msgs/local/lib/python3.10/dist-packages/baxter_core_msgs/baxter_core_msgs_s__rosidl_typesupport_introspection_c.cpython-310-x86_64-linux-gnu.so
[4.102s] -- Up-to-date symlink: /home/mael/ros2_ws/install/baxter_core_msgs/local/lib/python3.10/dist-packages/baxter_core_msgs/libbaxter_core_msgs__rosidl_generator_py.so
[4.102s] -- Up-to-date symlink: /home/mael/ros2_ws/install/baxter_core_msgs/local/lib/python3.10/dist-packages/baxter_core_msgs/msg/__init__.py
[4.102s] -- Up-to-date symlink: /home/mael/ros2_ws/install/baxter_core_msgs/local/lib/python3.10/dist-packages/baxter_core_msgs/msg/_analog_io_state.py
[4.103s] -- Up-to-date symlink: /home/mael/ros2_ws/install/baxter_core_msgs/local/lib/python3.10/dist-packages/baxter_core_msgs/msg/_analog_io_state_s.c
[4.103s] -- Up-to-date symlink: /home/mael/ros2_ws/install/baxter_core_msgs/local/lib/python3.10/dist-packages/baxter_core_msgs/msg/_analog_io_states.py
[4.103s] -- Up-to-date symlink: /home/mael/ros2_ws/install/baxter_core_msgs/local/lib/python3.10/dist-packages/baxter_core_msgs/msg/_analog_io_states_s.c
[4.104s] -- Up-to-date symlink: /home/mael/ros2_ws/install/baxter_core_msgs/local/lib/python3.10/dist-packages/baxter_core_msgs/msg/_analog_output_command.py
[4.104s] -- Up-to-date symlink: /home/mael/ros2_ws/install/baxter_core_msgs/local/lib/python3.10/dist-packages/baxter_core_msgs/msg/_analog_output_command_s.c
[4.105s] -- Up-to-date symlink: /home/mael/ros2_ws/install/baxter_core_msgs/local/lib/python3.10/dist-packages/baxter_core_msgs/msg/_assembly_state.py
[4.105s] -- Up-to-date symlink: /home/mael/ros2_ws/install/baxter_core_msgs/local/lib/python3.10/dist-packages/baxter_core_msgs/msg/_assembly_state_s.c
[4.106s] -- Up-to-date symlink: /home/mael/ros2_ws/install/baxter_core_msgs/local/lib/python3.10/dist-packages/baxter_core_msgs/msg/_assembly_states.py
[4.106s] -- Up-to-date symlink: /home/mael/ros2_ws/install/baxter_core_msgs/local/lib/python3.10/dist-packages/baxter_core_msgs/msg/_assembly_states_s.c
[4.106s] -- Up-to-date symlink: /home/mael/ros2_ws/install/baxter_core_msgs/local/lib/python3.10/dist-packages/baxter_core_msgs/msg/_bridge_publisher.py
[4.107s] -- Up-to-date symlink: /home/mael/ros2_ws/install/baxter_core_msgs/local/lib/python3.10/dist-packages/baxter_core_msgs/msg/_bridge_publisher_s.c
[4.107s] -- Up-to-date symlink: /home/mael/ros2_ws/install/baxter_core_msgs/local/lib/python3.10/dist-packages/baxter_core_msgs/msg/_camera_control.py
[4.108s] -- Up-to-date symlink: /home/mael/ros2_ws/install/baxter_core_msgs/local/lib/python3.10/dist-packages/baxter_core_msgs/msg/_camera_control_s.c
[4.108s] -- Up-to-date symlink: /home/mael/ros2_ws/install/baxter_core_msgs/local/lib/python3.10/dist-packages/baxter_core_msgs/msg/_camera_settings.py
[4.109s] -- Up-to-date symlink: /home/mael/ros2_ws/install/baxter_core_msgs/local/lib/python3.10/dist-packages/baxter_core_msgs/msg/_camera_settings_s.c
[4.109s] -- Up-to-date symlink: /home/mael/ros2_ws/install/baxter_core_msgs/local/lib/python3.10/dist-packages/baxter_core_msgs/msg/_collision_avoidance_state.py
[4.109s] -- Up-to-date symlink: /home/mael/ros2_ws/install/baxter_core_msgs/local/lib/python3.10/dist-packages/baxter_core_msgs/msg/_collision_avoidance_state_s.c
[4.110s] -- Up-to-date symlink: /home/mael/ros2_ws/install/baxter_core_msgs/local/lib/python3.10/dist-packages/baxter_core_msgs/msg/_collision_detection_state.py
[4.110s] -- Up-to-date symlink: /home/mael/ros2_ws/install/baxter_core_msgs/local/lib/python3.10/dist-packages/baxter_core_msgs/msg/_collision_detection_state_s.c
[4.111s] -- Up-to-date symlink: /home/mael/ros2_ws/install/baxter_core_msgs/local/lib/python3.10/dist-packages/baxter_core_msgs/msg/_digital_io_state.py
[4.111s] -- Up-to-date symlink: /home/mael/ros2_ws/install/baxter_core_msgs/local/lib/python3.10/dist-packages/baxter_core_msgs/msg/_digital_io_state_s.c
[4.111s] -- Up-to-date symlink: /home/mael/ros2_ws/install/baxter_core_msgs/local/lib/python3.10/dist-packages/baxter_core_msgs/msg/_digital_io_states.py
[4.111s] -- Up-to-date symlink: /home/mael/ros2_ws/install/baxter_core_msgs/local/lib/python3.10/dist-packages/baxter_core_msgs/msg/_digital_io_states_s.c
[4.111s] -- Up-to-date symlink: /home/mael/ros2_ws/install/baxter_core_msgs/local/lib/python3.10/dist-packages/baxter_core_msgs/msg/_digital_output_command.py
[4.112s] -- Up-to-date symlink: /home/mael/ros2_ws/install/baxter_core_msgs/local/lib/python3.10/dist-packages/baxter_core_msgs/msg/_digital_output_command_s.c
[4.112s] -- Up-to-date symlink: /home/mael/ros2_ws/install/baxter_core_msgs/local/lib/python3.10/dist-packages/baxter_core_msgs/msg/_end_effector_command.py
[4.112s] -- Up-to-date symlink: /home/mael/ros2_ws/install/baxter_core_msgs/local/lib/python3.10/dist-packages/baxter_core_msgs/msg/_end_effector_command_s.c
[4.112s] -- Up-to-date symlink: /home/mael/ros2_ws/install/baxter_core_msgs/local/lib/python3.10/dist-packages/baxter_core_msgs/msg/_end_effector_properties.py
[4.112s] -- Up-to-date symlink: /home/mael/ros2_ws/install/baxter_core_msgs/local/lib/python3.10/dist-packages/baxter_core_msgs/msg/_end_effector_properties_s.c
[4.113s] -- Up-to-date symlink: /home/mael/ros2_ws/install/baxter_core_msgs/local/lib/python3.10/dist-packages/baxter_core_msgs/msg/_end_effector_state.py
[4.113s] -- Up-to-date symlink: /home/mael/ros2_ws/install/baxter_core_msgs/local/lib/python3.10/dist-packages/baxter_core_msgs/msg/_end_effector_state_s.c
[4.113s] -- Up-to-date symlink: /home/mael/ros2_ws/install/baxter_core_msgs/local/lib/python3.10/dist-packages/baxter_core_msgs/msg/_endpoint_state.py
[4.113s] -- Up-to-date symlink: /home/mael/ros2_ws/install/baxter_core_msgs/local/lib/python3.10/dist-packages/baxter_core_msgs/msg/_endpoint_state_s.c
[4.113s] -- Up-to-date symlink: /home/mael/ros2_ws/install/baxter_core_msgs/local/lib/python3.10/dist-packages/baxter_core_msgs/msg/_endpoint_states.py
[4.114s] -- Up-to-date symlink: /home/mael/ros2_ws/install/baxter_core_msgs/local/lib/python3.10/dist-packages/baxter_core_msgs/msg/_endpoint_states_s.c
[4.114s] -- Up-to-date symlink: /home/mael/ros2_ws/install/baxter_core_msgs/local/lib/python3.10/dist-packages/baxter_core_msgs/msg/_head_pan_command.py
[4.114s] -- Up-to-date symlink: /home/mael/ros2_ws/install/baxter_core_msgs/local/lib/python3.10/dist-packages/baxter_core_msgs/msg/_head_pan_command_s.c
[4.115s] -- Up-to-date symlink: /home/mael/ros2_ws/install/baxter_core_msgs/local/lib/python3.10/dist-packages/baxter_core_msgs/msg/_head_state.py
[4.115s] -- Up-to-date symlink: /home/mael/ros2_ws/install/baxter_core_msgs/local/lib/python3.10/dist-packages/baxter_core_msgs/msg/_head_state_s.c
[4.115s] -- Up-to-date symlink: /home/mael/ros2_ws/install/baxter_core_msgs/local/lib/python3.10/dist-packages/baxter_core_msgs/msg/_joint_command.py
[4.115s] -- Up-to-date symlink: /home/mael/ros2_ws/install/baxter_core_msgs/local/lib/python3.10/dist-packages/baxter_core_msgs/msg/_joint_command_s.c
[4.115s] -- Up-to-date symlink: /home/mael/ros2_ws/install/baxter_core_msgs/local/lib/python3.10/dist-packages/baxter_core_msgs/msg/_navigator_state.py
[4.115s] -- Up-to-date symlink: /home/mael/ros2_ws/install/baxter_core_msgs/local/lib/python3.10/dist-packages/baxter_core_msgs/msg/_navigator_state_s.c
[4.116s] -- Up-to-date symlink: /home/mael/ros2_ws/install/baxter_core_msgs/local/lib/python3.10/dist-packages/baxter_core_msgs/msg/_navigator_states.py
[4.116s] -- Up-to-date symlink: /home/mael/ros2_ws/install/baxter_core_msgs/local/lib/python3.10/dist-packages/baxter_core_msgs/msg/_navigator_states_s.c
[4.116s] -- Up-to-date symlink: /home/mael/ros2_ws/install/baxter_core_msgs/local/lib/python3.10/dist-packages/baxter_core_msgs/msg/_robust_controller_status.py
[4.116s] -- Up-to-date symlink: /home/mael/ros2_ws/install/baxter_core_msgs/local/lib/python3.10/dist-packages/baxter_core_msgs/msg/_robust_controller_status_s.c
[4.116s] -- Up-to-date symlink: /home/mael/ros2_ws/install/baxter_core_msgs/local/lib/python3.10/dist-packages/baxter_core_msgs/msg/_sea_joint_state.py
[4.116s] -- Up-to-date symlink: /home/mael/ros2_ws/install/baxter_core_msgs/local/lib/python3.10/dist-packages/baxter_core_msgs/msg/_sea_joint_state_s.c
[4.117s] -- Up-to-date symlink: /home/mael/ros2_ws/install/baxter_core_msgs/local/lib/python3.10/dist-packages/baxter_core_msgs/msg/_urdf_configuration.py
[4.117s] -- Up-to-date symlink: /home/mael/ros2_ws/install/baxter_core_msgs/local/lib/python3.10/dist-packages/baxter_core_msgs/msg/_urdf_configuration_s.c
[4.117s] -- Up-to-date symlink: /home/mael/ros2_ws/install/baxter_core_msgs/local/lib/python3.10/dist-packages/baxter_core_msgs/srv/__init__.py
[4.117s] -- Up-to-date symlink: /home/mael/ros2_ws/install/baxter_core_msgs/local/lib/python3.10/dist-packages/baxter_core_msgs/srv/_bridge_publishers_auth.py
[4.118s] -- Up-to-date symlink: /home/mael/ros2_ws/install/baxter_core_msgs/local/lib/python3.10/dist-packages/baxter_core_msgs/srv/_bridge_publishers_auth_s.c
[4.118s] -- Up-to-date symlink: /home/mael/ros2_ws/install/baxter_core_msgs/local/lib/python3.10/dist-packages/baxter_core_msgs/srv/_bridge_publishers_force.py
[4.118s] -- Up-to-date symlink: /home/mael/ros2_ws/install/baxter_core_msgs/local/lib/python3.10/dist-packages/baxter_core_msgs/srv/_bridge_publishers_force_s.c
[4.119s] -- Up-to-date symlink: /home/mael/ros2_ws/install/baxter_core_msgs/local/lib/python3.10/dist-packages/baxter_core_msgs/srv/_close_camera.py
[4.119s] -- Up-to-date symlink: /home/mael/ros2_ws/install/baxter_core_msgs/local/lib/python3.10/dist-packages/baxter_core_msgs/srv/_close_camera_s.c
[4.119s] -- Up-to-date symlink: /home/mael/ros2_ws/install/baxter_core_msgs/local/lib/python3.10/dist-packages/baxter_core_msgs/srv/_list_cameras.py
[4.119s] -- Up-to-date symlink: /home/mael/ros2_ws/install/baxter_core_msgs/local/lib/python3.10/dist-packages/baxter_core_msgs/srv/_list_cameras_s.c
[4.119s] -- Up-to-date symlink: /home/mael/ros2_ws/install/baxter_core_msgs/local/lib/python3.10/dist-packages/baxter_core_msgs/srv/_open_camera.py
[4.121s] -- Up-to-date symlink: /home/mael/ros2_ws/install/baxter_core_msgs/local/lib/python3.10/dist-packages/baxter_core_msgs/srv/_open_camera_s.c
[4.121s] -- Up-to-date symlink: /home/mael/ros2_ws/install/baxter_core_msgs/local/lib/python3.10/dist-packages/baxter_core_msgs/srv/_solve_position_ik.py
[4.121s] -- Up-to-date symlink: /home/mael/ros2_ws/install/baxter_core_msgs/local/lib/python3.10/dist-packages/baxter_core_msgs/srv/_solve_position_ik_s.c
[4.121s] -- Up-to-date symlink: /home/mael/ros2_ws/install/baxter_core_msgs/local/lib/python3.10/dist-packages/baxter_core_msgs/baxter_core_msgs_s__rosidl_typesupport_fastrtps_c.cpython-310-x86_64-linux-gnu.so
[4.122s] -- Up-to-date symlink: /home/mael/ros2_ws/install/baxter_core_msgs/local/lib/python3.10/dist-packages/baxter_core_msgs/baxter_core_msgs_s__rosidl_typesupport_introspection_c.cpython-310-x86_64-linux-gnu.so
[4.122s] -- Up-to-date symlink: /home/mael/ros2_ws/install/baxter_core_msgs/local/lib/python3.10/dist-packages/baxter_core_msgs/baxter_core_msgs_s__rosidl_typesupport_c.cpython-310-x86_64-linux-gnu.so
[4.123s] -- Up-to-date symlink: /home/mael/ros2_ws/install/baxter_core_msgs/share/baxter_core_msgs/msg/EndEffectorState.idl
[4.123s] -- Up-to-date symlink: /home/mael/ros2_ws/install/baxter_core_msgs/share/baxter_core_msgs/msg/EndEffectorProperties.idl
[4.123s] -- Up-to-date symlink: /home/mael/ros2_ws/install/baxter_core_msgs/share/baxter_core_msgs/msg/DigitalIOStates.idl
[4.123s] -- Up-to-date symlink: /home/mael/ros2_ws/install/baxter_core_msgs/share/baxter_core_msgs/msg/EndEffectorCommand.idl
[4.124s] -- Up-to-date symlink: /home/mael/ros2_ws/install/baxter_core_msgs/share/baxter_core_msgs/msg/NavigatorState.idl
[4.124s] -- Up-to-date symlink: /home/mael/ros2_ws/install/baxter_core_msgs/share/baxter_core_msgs/msg/AnalogOutputCommand.idl
[4.124s] -- Up-to-date symlink: /home/mael/ros2_ws/install/baxter_core_msgs/share/baxter_core_msgs/msg/EndpointState.idl
[4.124s] -- Up-to-date symlink: /home/mael/ros2_ws/install/baxter_core_msgs/share/baxter_core_msgs/msg/CollisionDetectionState.idl
[4.124s] -- Up-to-date symlink: /home/mael/ros2_ws/install/baxter_core_msgs/share/baxter_core_msgs/msg/SEAJointState.idl
[4.124s] -- Up-to-date symlink: /home/mael/ros2_ws/install/baxter_core_msgs/share/baxter_core_msgs/msg/CollisionAvoidanceState.idl
[4.125s] -- Up-to-date symlink: /home/mael/ros2_ws/install/baxter_core_msgs/share/baxter_core_msgs/msg/URDFConfiguration.idl
[4.125s] -- Up-to-date symlink: /home/mael/ros2_ws/install/baxter_core_msgs/share/baxter_core_msgs/msg/CameraControl.idl
[4.125s] -- Up-to-date symlink: /home/mael/ros2_ws/install/baxter_core_msgs/share/baxter_core_msgs/msg/NavigatorStates.idl
[4.125s] -- Up-to-date symlink: /home/mael/ros2_ws/install/baxter_core_msgs/share/baxter_core_msgs/msg/AnalogIOState.idl
[4.125s] -- Up-to-date symlink: /home/mael/ros2_ws/install/baxter_core_msgs/share/baxter_core_msgs/msg/CameraSettings.idl
[4.125s] -- Up-to-date symlink: /home/mael/ros2_ws/install/baxter_core_msgs/share/baxter_core_msgs/msg/JointCommand.idl
[4.126s] -- Up-to-date symlink: /home/mael/ros2_ws/install/baxter_core_msgs/share/baxter_core_msgs/msg/DigitalIOState.idl
[4.126s] -- Up-to-date symlink: /home/mael/ros2_ws/install/baxter_core_msgs/share/baxter_core_msgs/msg/RobustControllerStatus.idl
[4.126s] -- Up-to-date symlink: /home/mael/ros2_ws/install/baxter_core_msgs/share/baxter_core_msgs/msg/AssemblyStates.idl
[4.126s] -- Up-to-date symlink: /home/mael/ros2_ws/install/baxter_core_msgs/share/baxter_core_msgs/msg/DigitalOutputCommand.idl
[4.127s] -- Up-to-date symlink: /home/mael/ros2_ws/install/baxter_core_msgs/share/baxter_core_msgs/msg/HeadPanCommand.idl
[4.127s] -- Up-to-date symlink: /home/mael/ros2_ws/install/baxter_core_msgs/share/baxter_core_msgs/msg/AssemblyState.idl
[4.127s] -- Up-to-date symlink: /home/mael/ros2_ws/install/baxter_core_msgs/share/baxter_core_msgs/msg/HeadState.idl
[4.127s] -- Up-to-date symlink: /home/mael/ros2_ws/install/baxter_core_msgs/share/baxter_core_msgs/msg/AnalogIOStates.idl
[4.127s] -- Up-to-date symlink: /home/mael/ros2_ws/install/baxter_core_msgs/share/baxter_core_msgs/msg/BridgePublisher.idl
[4.128s] -- Up-to-date symlink: /home/mael/ros2_ws/install/baxter_core_msgs/share/baxter_core_msgs/msg/EndpointStates.idl
[4.128s] -- Up-to-date symlink: /home/mael/ros2_ws/install/baxter_core_msgs/share/baxter_core_msgs/srv/ListCameras.idl
[4.129s] -- Up-to-date symlink: /home/mael/ros2_ws/install/baxter_core_msgs/share/baxter_core_msgs/srv/CloseCamera.idl
[4.129s] -- Up-to-date symlink: /home/mael/ros2_ws/install/baxter_core_msgs/share/baxter_core_msgs/srv/OpenCamera.idl
[4.129s] -- Up-to-date symlink: /home/mael/ros2_ws/install/baxter_core_msgs/share/baxter_core_msgs/srv/BridgePublishersForce.idl
[4.130s] -- Up-to-date symlink: /home/mael/ros2_ws/install/baxter_core_msgs/share/baxter_core_msgs/srv/BridgePublishersAuth.idl
[4.130s] -- Up-to-date symlink: /home/mael/ros2_ws/install/baxter_core_msgs/share/baxter_core_msgs/srv/SolvePositionIK.idl
[4.130s] -- Up-to-date symlink: /home/mael/ros2_ws/install/baxter_core_msgs/share/baxter_core_msgs/msg/EndEffectorState.msg
[4.131s] -- Up-to-date symlink: /home/mael/ros2_ws/install/baxter_core_msgs/share/baxter_core_msgs/msg/EndEffectorProperties.msg
[4.131s] -- Up-to-date symlink: /home/mael/ros2_ws/install/baxter_core_msgs/share/baxter_core_msgs/msg/DigitalIOStates.msg
[4.131s] -- Up-to-date symlink: /home/mael/ros2_ws/install/baxter_core_msgs/share/baxter_core_msgs/msg/EndEffectorCommand.msg
[4.131s] -- Up-to-date symlink: /home/mael/ros2_ws/install/baxter_core_msgs/share/baxter_core_msgs/msg/NavigatorState.msg
[4.132s] -- Up-to-date symlink: /home/mael/ros2_ws/install/baxter_core_msgs/share/baxter_core_msgs/msg/AnalogOutputCommand.msg
[4.132s] -- Up-to-date symlink: /home/mael/ros2_ws/install/baxter_core_msgs/share/baxter_core_msgs/msg/EndpointState.msg
[4.132s] -- Up-to-date symlink: /home/mael/ros2_ws/install/baxter_core_msgs/share/baxter_core_msgs/msg/CollisionDetectionState.msg
[4.133s] -- Up-to-date symlink: /home/mael/ros2_ws/install/baxter_core_msgs/share/baxter_core_msgs/msg/SEAJointState.msg
[4.133s] -- Up-to-date symlink: /home/mael/ros2_ws/install/baxter_core_msgs/share/baxter_core_msgs/msg/CollisionAvoidanceState.msg
[4.133s] -- Up-to-date symlink: /home/mael/ros2_ws/install/baxter_core_msgs/share/baxter_core_msgs/msg/URDFConfiguration.msg
[4.133s] -- Up-to-date symlink: /home/mael/ros2_ws/install/baxter_core_msgs/share/baxter_core_msgs/msg/CameraControl.msg
[4.134s] -- Up-to-date symlink: /home/mael/ros2_ws/install/baxter_core_msgs/share/baxter_core_msgs/msg/NavigatorStates.msg
[4.134s] -- Up-to-date symlink: /home/mael/ros2_ws/install/baxter_core_msgs/share/baxter_core_msgs/msg/AnalogIOState.msg
[4.134s] -- Up-to-date symlink: /home/mael/ros2_ws/install/baxter_core_msgs/share/baxter_core_msgs/msg/CameraSettings.msg
[4.134s] -- Up-to-date symlink: /home/mael/ros2_ws/install/baxter_core_msgs/share/baxter_core_msgs/msg/JointCommand.msg
[4.135s] -- Up-to-date symlink: /home/mael/ros2_ws/install/baxter_core_msgs/share/baxter_core_msgs/msg/DigitalIOState.msg
[4.135s] -- Up-to-date symlink: /home/mael/ros2_ws/install/baxter_core_msgs/share/baxter_core_msgs/msg/RobustControllerStatus.msg
[4.135s] -- Up-to-date symlink: /home/mael/ros2_ws/install/baxter_core_msgs/share/baxter_core_msgs/msg/AssemblyStates.msg
[4.135s] -- Up-to-date symlink: /home/mael/ros2_ws/install/baxter_core_msgs/share/baxter_core_msgs/msg/DigitalOutputCommand.msg
[4.136s] -- Up-to-date symlink: /home/mael/ros2_ws/install/baxter_core_msgs/share/baxter_core_msgs/msg/HeadPanCommand.msg
[4.136s] -- Up-to-date symlink: /home/mael/ros2_ws/install/baxter_core_msgs/share/baxter_core_msgs/msg/AssemblyState.msg
[4.136s] -- Up-to-date symlink: /home/mael/ros2_ws/install/baxter_core_msgs/share/baxter_core_msgs/msg/HeadState.msg
[4.136s] -- Up-to-date symlink: /home/mael/ros2_ws/install/baxter_core_msgs/share/baxter_core_msgs/msg/AnalogIOStates.msg
[4.137s] -- Up-to-date symlink: /home/mael/ros2_ws/install/baxter_core_msgs/share/baxter_core_msgs/msg/BridgePublisher.msg
[4.137s] -- Up-to-date symlink: /home/mael/ros2_ws/install/baxter_core_msgs/share/baxter_core_msgs/msg/EndpointStates.msg
[4.137s] -- Up-to-date symlink: /home/mael/ros2_ws/install/baxter_core_msgs/share/baxter_core_msgs/srv/ListCameras.srv
[4.138s] -- Up-to-date symlink: /home/mael/ros2_ws/install/baxter_core_msgs/share/baxter_core_msgs/srv/ListCameras_Request.msg
[4.138s] -- Up-to-date symlink: /home/mael/ros2_ws/install/baxter_core_msgs/share/baxter_core_msgs/srv/ListCameras_Response.msg
[4.140s] -- Up-to-date symlink: /home/mael/ros2_ws/install/baxter_core_msgs/share/baxter_core_msgs/srv/CloseCamera.srv
[4.140s] -- Up-to-date symlink: /home/mael/ros2_ws/install/baxter_core_msgs/share/baxter_core_msgs/srv/CloseCamera_Request.msg
[4.141s] -- Up-to-date symlink: /home/mael/ros2_ws/install/baxter_core_msgs/share/baxter_core_msgs/srv/CloseCamera_Response.msg
[4.141s] -- Up-to-date symlink: /home/mael/ros2_ws/install/baxter_core_msgs/share/baxter_core_msgs/srv/OpenCamera.srv
[4.141s] -- Up-to-date symlink: /home/mael/ros2_ws/install/baxter_core_msgs/share/baxter_core_msgs/srv/OpenCamera_Request.msg
[4.141s] -- Up-to-date symlink: /home/mael/ros2_ws/install/baxter_core_msgs/share/baxter_core_msgs/srv/OpenCamera_Response.msg
[4.141s] -- Up-to-date symlink: /home/mael/ros2_ws/install/baxter_core_msgs/share/baxter_core_msgs/srv/BridgePublishersForce.srv
[4.141s] -- Up-to-date symlink: /home/mael/ros2_ws/install/baxter_core_msgs/share/baxter_core_msgs/srv/BridgePublishersForce_Request.msg
[4.142s] -- Up-to-date symlink: /home/mael/ros2_ws/install/baxter_core_msgs/share/baxter_core_msgs/srv/BridgePublishersForce_Response.msg
[4.142s] -- Up-to-date symlink: /home/mael/ros2_ws/install/baxter_core_msgs/share/baxter_core_msgs/srv/BridgePublishersAuth.srv
[4.142s] -- Up-to-date symlink: /home/mael/ros2_ws/install/baxter_core_msgs/share/baxter_core_msgs/srv/BridgePublishersAuth_Request.msg
[4.142s] -- Up-to-date symlink: /home/mael/ros2_ws/install/baxter_core_msgs/share/baxter_core_msgs/srv/BridgePublishersAuth_Response.msg
[4.142s] -- Up-to-date symlink: /home/mael/ros2_ws/install/baxter_core_msgs/share/baxter_core_msgs/srv/SolvePositionIK.srv
[4.142s] -- Up-to-date symlink: /home/mael/ros2_ws/install/baxter_core_msgs/share/baxter_core_msgs/srv/SolvePositionIK_Request.msg
[4.142s] -- Up-to-date symlink: /home/mael/ros2_ws/install/baxter_core_msgs/share/baxter_core_msgs/srv/SolvePositionIK_Response.msg
[4.143s] -- Up-to-date symlink: /home/mael/ros2_ws/install/baxter_core_msgs/share/baxter_core_msgs/mapping_rules.yaml
[4.143s] -- Up-to-date symlink: /home/mael/ros2_ws/install/baxter_core_msgs/share/ament_index/resource_index/package_run_dependencies/baxter_core_msgs
[4.143s] -- Up-to-date symlink: /home/mael/ros2_ws/install/baxter_core_msgs/share/ament_index/resource_index/parent_prefix_path/baxter_core_msgs
[4.143s] -- Up-to-date symlink: /home/mael/ros2_ws/install/baxter_core_msgs/share/baxter_core_msgs/environment/ament_prefix_path.sh
[4.144s] -- Up-to-date symlink: /home/mael/ros2_ws/install/baxter_core_msgs/share/baxter_core_msgs/environment/ament_prefix_path.dsv
[4.144s] -- Up-to-date symlink: /home/mael/ros2_ws/install/baxter_core_msgs/share/baxter_core_msgs/environment/path.sh
[4.144s] -- Up-to-date symlink: /home/mael/ros2_ws/install/baxter_core_msgs/share/baxter_core_msgs/environment/path.dsv
[4.144s] -- Up-to-date symlink: /home/mael/ros2_ws/install/baxter_core_msgs/share/baxter_core_msgs/local_setup.bash
[4.144s] -- Up-to-date symlink: /home/mael/ros2_ws/install/baxter_core_msgs/share/baxter_core_msgs/local_setup.sh
[4.145s] -- Up-to-date symlink: /home/mael/ros2_ws/install/baxter_core_msgs/share/baxter_core_msgs/local_setup.zsh
[4.145s] -- Up-to-date symlink: /home/mael/ros2_ws/install/baxter_core_msgs/share/baxter_core_msgs/local_setup.dsv
[4.146s] -- Symlinking: /home/mael/ros2_ws/install/baxter_core_msgs/share/baxter_core_msgs/package.dsv
[4.161s] -- Up-to-date symlink: /home/mael/ros2_ws/install/baxter_core_msgs/share/ament_index/resource_index/packages/baxter_core_msgs
[4.161s] -- Up-to-date symlink: /home/mael/ros2_ws/install/baxter_core_msgs/share/baxter_core_msgs/cmake/rosidl_cmake-extras.cmake
[4.161s] -- Up-to-date symlink: /home/mael/ros2_ws/install/baxter_core_msgs/share/baxter_core_msgs/cmake/ament_cmake_export_dependencies-extras.cmake
[4.162s] -- Up-to-date symlink: /home/mael/ros2_ws/install/baxter_core_msgs/share/baxter_core_msgs/cmake/ament_cmake_export_include_directories-extras.cmake
[4.162s] -- Up-to-date symlink: /home/mael/ros2_ws/install/baxter_core_msgs/share/baxter_core_msgs/cmake/ament_cmake_export_libraries-extras.cmake
[4.162s] -- Up-to-date symlink: /home/mael/ros2_ws/install/baxter_core_msgs/share/baxter_core_msgs/cmake/ament_cmake_export_targets-extras.cmake
[4.162s] -- Up-to-date symlink: /home/mael/ros2_ws/install/baxter_core_msgs/share/baxter_core_msgs/cmake/rosidl_cmake_export_typesupport_targets-extras.cmake
[4.163s] -- Up-to-date symlink: /home/mael/ros2_ws/install/baxter_core_msgs/share/baxter_core_msgs/cmake/rosidl_cmake_export_typesupport_libraries-extras.cmake
[4.163s] -- Up-to-date symlink: /home/mael/ros2_ws/install/baxter_core_msgs/share/baxter_core_msgs/cmake/baxter_core_msgsConfig.cmake
[4.163s] -- Up-to-date symlink: /home/mael/ros2_ws/install/baxter_core_msgs/share/baxter_core_msgs/cmake/baxter_core_msgsConfig-version.cmake
[4.164s] -- Up-to-date symlink: /home/mael/ros2_ws/install/baxter_core_msgs/share/baxter_core_msgs/package.xml
[4.164s] -- Up-to-date: /home/mael/ros2_ws/install/baxter_core_msgs/lib/libbaxter_core_msgs__rosidl_generator_c.so
[4.164s] -- Up-to-date: /home/mael/ros2_ws/install/baxter_core_msgs/lib/libbaxter_core_msgs__rosidl_typesupport_fastrtps_c.so
[4.165s] -- Up-to-date: /home/mael/ros2_ws/install/baxter_core_msgs/lib/libbaxter_core_msgs__rosidl_typesupport_fastrtps_cpp.so
[4.166s] -- Up-to-date: /home/mael/ros2_ws/install/baxter_core_msgs/lib/libbaxter_core_msgs__rosidl_typesupport_introspection_c.so
[4.166s] -- Up-to-date: /home/mael/ros2_ws/install/baxter_core_msgs/lib/libbaxter_core_msgs__rosidl_typesupport_c.so
[4.167s] -- Up-to-date: /home/mael/ros2_ws/install/baxter_core_msgs/lib/libbaxter_core_msgs__rosidl_typesupport_introspection_cpp.so
[4.167s] -- Up-to-date: /home/mael/ros2_ws/install/baxter_core_msgs/lib/libbaxter_core_msgs__rosidl_typesupport_cpp.so
[4.226s] Listing '/home/mael/ros2_ws/install/baxter_core_msgs/local/lib/python3.10/dist-packages/baxter_core_msgs'...
[4.226s] Listing '/home/mael/ros2_ws/install/baxter_core_msgs/local/lib/python3.10/dist-packages/baxter_core_msgs/msg'...
[4.226s] Listing '/home/mael/ros2_ws/install/baxter_core_msgs/local/lib/python3.10/dist-packages/baxter_core_msgs/srv'...
[4.235s] -- Up-to-date: /home/mael/ros2_ws/install/baxter_core_msgs/lib/libbaxter_core_msgs__rosidl_generator_py.so
[4.235s] -- Up-to-date: /home/mael/ros2_ws/install/baxter_core_msgs/share/baxter_core_msgs/cmake/export_baxter_core_msgs__rosidl_generator_cExport.cmake
[4.235s] -- Up-to-date: /home/mael/ros2_ws/install/baxter_core_msgs/share/baxter_core_msgs/cmake/export_baxter_core_msgs__rosidl_generator_cExport-noconfig.cmake
[4.235s] -- Up-to-date: /home/mael/ros2_ws/install/baxter_core_msgs/share/baxter_core_msgs/cmake/export_baxter_core_msgs__rosidl_typesupport_fastrtps_cExport.cmake
[4.235s] -- Up-to-date: /home/mael/ros2_ws/install/baxter_core_msgs/share/baxter_core_msgs/cmake/export_baxter_core_msgs__rosidl_typesupport_fastrtps_cExport-noconfig.cmake
[4.236s] -- Up-to-date: /home/mael/ros2_ws/install/baxter_core_msgs/share/baxter_core_msgs/cmake/export_baxter_core_msgs__rosidl_generator_cppExport.cmake
[4.245s] -- Up-to-date: /home/mael/ros2_ws/install/baxter_core_msgs/share/baxter_core_msgs/cmake/export_baxter_core_msgs__rosidl_typesupport_fastrtps_cppExport.cmake
[4.245s] -- Up-to-date: /home/mael/ros2_ws/install/baxter_core_msgs/share/baxter_core_msgs/cmake/export_baxter_core_msgs__rosidl_typesupport_fastrtps_cppExport-noconfig.cmake
[4.245s] -- Up-to-date: /home/mael/ros2_ws/install/baxter_core_msgs/share/baxter_core_msgs/cmake/baxter_core_msgs__rosidl_typesupport_introspection_cExport.cmake
[4.245s] -- Up-to-date: /home/mael/ros2_ws/install/baxter_core_msgs/share/baxter_core_msgs/cmake/baxter_core_msgs__rosidl_typesupport_introspection_cExport-noconfig.cmake
[4.245s] -- Up-to-date: /home/mael/ros2_ws/install/baxter_core_msgs/share/baxter_core_msgs/cmake/baxter_core_msgs__rosidl_typesupport_cExport.cmake
[4.246s] -- Up-to-date: /home/mael/ros2_ws/install/baxter_core_msgs/share/baxter_core_msgs/cmake/baxter_core_msgs__rosidl_typesupport_cExport-noconfig.cmake
[4.246s] -- Up-to-date: /home/mael/ros2_ws/install/baxter_core_msgs/share/baxter_core_msgs/cmake/baxter_core_msgs__rosidl_typesupport_introspection_cppExport.cmake
[4.246s] -- Up-to-date: /home/mael/ros2_ws/install/baxter_core_msgs/share/baxter_core_msgs/cmake/baxter_core_msgs__rosidl_typesupport_introspection_cppExport-noconfig.cmake
[4.246s] -- Up-to-date: /home/mael/ros2_ws/install/baxter_core_msgs/share/baxter_core_msgs/cmake/baxter_core_msgs__rosidl_typesupport_cppExport.cmake
[4.246s] -- Up-to-date: /home/mael/ros2_ws/install/baxter_core_msgs/share/baxter_core_msgs/cmake/baxter_core_msgs__rosidl_typesupport_cppExport-noconfig.cmake
[4.246s] -- Up-to-date: /home/mael/ros2_ws/install/baxter_core_msgs/share/baxter_core_msgs/cmake/export_baxter_core_msgs__rosidl_generator_pyExport.cmake
[4.246s] -- Up-to-date: /home/mael/ros2_ws/install/baxter_core_msgs/share/baxter_core_msgs/cmake/export_baxter_core_msgs__rosidl_generator_pyExport-noconfig.cmake
[4.252s] Invoked command in '/home/mael/ros2_ws/build/baxter_core_msgs' returned '0': CMAKE_PREFIX_PATH=${CMAKE_PREFIX_PATH}:/home/mael/ros2_ws/install/ros_tcp_endpoint:/home/mael/ros2_ws/install/baxter_joint_controller:/home/mael/ros2_ws/install/baxter_6dof_vr:/opt/ros/humble /usr/bin/cmake --install /home/mael/ros2_ws/build/baxter_core_msgs
