[0.079s] Invoking command in '/home/mael/ros2_ws/build/rethink_ee_description': CMAKE_PREFIX_PATH=${CMAKE_PREFIX_PATH}:/home/mael/ros2_ws/install/ros_tcp_endpoint:/home/mael/ros2_ws/install/baxter_joint_controller:/home/mael/ros2_ws/install/baxter_6dof_vr:/opt/ros/humble /usr/bin/cmake --build /home/mael/ros2_ws/build/rethink_ee_description -- -j8 -l8
[0.533s] Invoked command in '/home/mael/ros2_ws/build/rethink_ee_description' returned '0': CMAKE_PREFIX_PATH=${CMAKE_PREFIX_PATH}:/home/mael/ros2_ws/install/ros_tcp_endpoint:/home/mael/ros2_ws/install/baxter_joint_controller:/home/mael/ros2_ws/install/baxter_6dof_vr:/opt/ros/humble /usr/bin/cmake --build /home/mael/ros2_ws/build/rethink_ee_description -- -j8 -l8
[0.951s] Invoking command in '/home/mael/ros2_ws/build/rethink_ee_description': CMAKE_PREFIX_PATH=${CMAKE_PREFIX_PATH}:/home/mael/ros2_ws/install/ros_tcp_endpoint:/home/mael/ros2_ws/install/baxter_joint_controller:/home/mael/ros2_ws/install/baxter_6dof_vr:/opt/ros/humble /usr/bin/cmake --install /home/mael/ros2_ws/build/rethink_ee_description
[0.967s] -- Install configuration: ""
[0.968s] -- Execute custom install script
[0.968s] -- Up-to-date symlink: /home/mael/ros2_ws/install/rethink_ee_description/share/rethink_ee_description/meshes/electric_gripper/electric_gripper_base.DAE
[0.968s] -- Up-to-date symlink: /home/mael/ros2_ws/install/rethink_ee_description/share/rethink_ee_description/meshes/electric_gripper/electric_gripper_base.STL
[0.968s] -- Up-to-date symlink: /home/mael/ros2_ws/install/rethink_ee_description/share/rethink_ee_description/meshes/electric_gripper/electric_gripper_w_fingers.DAE
[0.968s] -- Up-to-date symlink: /home/mael/ros2_ws/install/rethink_ee_description/share/rethink_ee_description/meshes/electric_gripper/electric_gripper_w_fingers.STL
[0.968s] -- Up-to-date symlink: /home/mael/ros2_ws/install/rethink_ee_description/share/rethink_ee_description/meshes/electric_gripper/fingers/basic_hard_tip.DAE
[0.968s] -- Up-to-date symlink: /home/mael/ros2_ws/install/rethink_ee_description/share/rethink_ee_description/meshes/electric_gripper/fingers/basic_hard_tip.STL
[0.968s] -- Up-to-date symlink: /home/mael/ros2_ws/install/rethink_ee_description/share/rethink_ee_description/meshes/electric_gripper/fingers/basic_soft_tip.DAE
[0.968s] -- Up-to-date symlink: /home/mael/ros2_ws/install/rethink_ee_description/share/rethink_ee_description/meshes/electric_gripper/fingers/basic_soft_tip.STL
[0.968s] -- Up-to-date symlink: /home/mael/ros2_ws/install/rethink_ee_description/share/rethink_ee_description/meshes/electric_gripper/fingers/extended_narrow.DAE
[0.969s] -- Up-to-date symlink: /home/mael/ros2_ws/install/rethink_ee_description/share/rethink_ee_description/meshes/electric_gripper/fingers/extended_narrow.STL
[0.969s] -- Up-to-date symlink: /home/mael/ros2_ws/install/rethink_ee_description/share/rethink_ee_description/meshes/electric_gripper/fingers/extended_wide.DAE
[0.969s] -- Up-to-date symlink: /home/mael/ros2_ws/install/rethink_ee_description/share/rethink_ee_description/meshes/electric_gripper/fingers/extended_wide.STL
[0.971s] -- Up-to-date symlink: /home/mael/ros2_ws/install/rethink_ee_description/share/rethink_ee_description/meshes/electric_gripper/fingers/half_round_tip.DAE
[0.971s] -- Up-to-date symlink: /home/mael/ros2_ws/install/rethink_ee_description/share/rethink_ee_description/meshes/electric_gripper/fingers/half_round_tip.STL
[0.971s] -- Up-to-date symlink: /home/mael/ros2_ws/install/rethink_ee_description/share/rethink_ee_description/meshes/electric_gripper/fingers/limiter.DAE
[0.972s] -- Up-to-date symlink: /home/mael/ros2_ws/install/rethink_ee_description/share/rethink_ee_description/meshes/electric_gripper/fingers/limiter.STL
[0.972s] -- Up-to-date symlink: /home/mael/ros2_ws/install/rethink_ee_description/share/rethink_ee_description/meshes/electric_gripper/fingers/paddle_tip.DAE
[0.972s] -- Up-to-date symlink: /home/mael/ros2_ws/install/rethink_ee_description/share/rethink_ee_description/meshes/electric_gripper/fingers/paddle_tip.STL
[0.972s] -- Up-to-date symlink: /home/mael/ros2_ws/install/rethink_ee_description/share/rethink_ee_description/meshes/electric_gripper/fingers/standard_narrow.DAE
[0.972s] -- Up-to-date symlink: /home/mael/ros2_ws/install/rethink_ee_description/share/rethink_ee_description/meshes/electric_gripper/fingers/standard_narrow.STL
[0.972s] -- Up-to-date symlink: /home/mael/ros2_ws/install/rethink_ee_description/share/rethink_ee_description/meshes/electric_gripper/fingers/standard_wide.DAE
[0.972s] -- Up-to-date symlink: /home/mael/ros2_ws/install/rethink_ee_description/share/rethink_ee_description/meshes/electric_gripper/fingers/standard_wide.STL
[0.972s] -- Up-to-date symlink: /home/mael/ros2_ws/install/rethink_ee_description/share/rethink_ee_description/meshes/pneumatic_gripper/archive/pneumatic_gripper.STL
[0.973s] -- Up-to-date symlink: /home/mael/ros2_ws/install/rethink_ee_description/share/rethink_ee_description/meshes/pneumatic_gripper/archive/pneumatic_gripper_30mm_cup.STL
[0.973s] -- Up-to-date symlink: /home/mael/ros2_ws/install/rethink_ee_description/share/rethink_ee_description/meshes/pneumatic_gripper/pneumatic_gripper_base.DAE
[0.973s] -- Up-to-date symlink: /home/mael/ros2_ws/install/rethink_ee_description/share/rethink_ee_description/meshes/pneumatic_gripper/pneumatic_gripper_base.STL
[0.973s] -- Up-to-date symlink: /home/mael/ros2_ws/install/rethink_ee_description/share/rethink_ee_description/meshes/pneumatic_gripper/pneumatic_gripper_w_cup.DAE
[0.973s] -- Up-to-date symlink: /home/mael/ros2_ws/install/rethink_ee_description/share/rethink_ee_description/meshes/pneumatic_gripper/pneumatic_gripper_w_cup.STL
[0.973s] -- Up-to-date symlink: /home/mael/ros2_ws/install/rethink_ee_description/share/rethink_ee_description/urdf/electric_gripper/example_end_effector.urdf.xacro
[0.973s] -- Up-to-date symlink: /home/mael/ros2_ws/install/rethink_ee_description/share/rethink_ee_description/urdf/electric_gripper/fingers/basic_hard_tip.xacro
[0.974s] -- Up-to-date symlink: /home/mael/ros2_ws/install/rethink_ee_description/share/rethink_ee_description/urdf/electric_gripper/fingers/basic_soft_tip.xacro
[0.974s] -- Up-to-date symlink: /home/mael/ros2_ws/install/rethink_ee_description/share/rethink_ee_description/urdf/electric_gripper/fingers/extended_narrow.xacro
[0.974s] -- Up-to-date symlink: /home/mael/ros2_ws/install/rethink_ee_description/share/rethink_ee_description/urdf/electric_gripper/fingers/extended_wide.xacro
[0.974s] -- Up-to-date symlink: /home/mael/ros2_ws/install/rethink_ee_description/share/rethink_ee_description/urdf/electric_gripper/fingers/half_round_tip.xacro
[0.980s] -- Up-to-date symlink: /home/mael/ros2_ws/install/rethink_ee_description/share/rethink_ee_description/urdf/electric_gripper/fingers/none.xacro
[0.980s] -- Up-to-date symlink: /home/mael/ros2_ws/install/rethink_ee_description/share/rethink_ee_description/urdf/electric_gripper/fingers/paddle_tip.xacro
[0.980s] -- Up-to-date symlink: /home/mael/ros2_ws/install/rethink_ee_description/share/rethink_ee_description/urdf/electric_gripper/fingers/standard_narrow.xacro
[0.980s] -- Up-to-date symlink: /home/mael/ros2_ws/install/rethink_ee_description/share/rethink_ee_description/urdf/electric_gripper/fingers/standard_wide.xacro
[0.980s] -- Up-to-date symlink: /home/mael/ros2_ws/install/rethink_ee_description/share/rethink_ee_description/urdf/electric_gripper/rethink_electric_gripper.xacro
[0.980s] -- Up-to-date symlink: /home/mael/ros2_ws/install/rethink_ee_description/share/rethink_ee_description/urdf/null_gripper/example_end_effector.urdf.xacro
[0.980s] -- Up-to-date symlink: /home/mael/ros2_ws/install/rethink_ee_description/share/rethink_ee_description/urdf/null_gripper/null_gripper.xacro
[0.980s] -- Up-to-date symlink: /home/mael/ros2_ws/install/rethink_ee_description/share/rethink_ee_description/urdf/pneumatic_gripper/example_end_effector.urdf.xacro
[0.981s] -- Up-to-date symlink: /home/mael/ros2_ws/install/rethink_ee_description/share/rethink_ee_description/urdf/pneumatic_gripper/pneumatic_gripper_base.xacro
[0.981s] -- Up-to-date symlink: /home/mael/ros2_ws/install/rethink_ee_description/share/rethink_ee_description/urdf/pneumatic_gripper/rethink_pneumatic_gripper.xacro
[0.981s] -- Up-to-date symlink: /home/mael/ros2_ws/install/rethink_ee_description/share/ament_index/resource_index/package_run_dependencies/rethink_ee_description
[0.981s] -- Up-to-date symlink: /home/mael/ros2_ws/install/rethink_ee_description/share/ament_index/resource_index/parent_prefix_path/rethink_ee_description
[0.981s] -- Up-to-date symlink: /home/mael/ros2_ws/install/rethink_ee_description/share/rethink_ee_description/environment/ament_prefix_path.sh
[0.982s] -- Up-to-date symlink: /home/mael/ros2_ws/install/rethink_ee_description/share/rethink_ee_description/environment/ament_prefix_path.dsv
[0.983s] -- Up-to-date symlink: /home/mael/ros2_ws/install/rethink_ee_description/share/rethink_ee_description/environment/path.sh
[0.983s] -- Up-to-date symlink: /home/mael/ros2_ws/install/rethink_ee_description/share/rethink_ee_description/environment/path.dsv
[0.983s] -- Up-to-date symlink: /home/mael/ros2_ws/install/rethink_ee_description/share/rethink_ee_description/local_setup.bash
[0.983s] -- Up-to-date symlink: /home/mael/ros2_ws/install/rethink_ee_description/share/rethink_ee_description/local_setup.sh
[0.983s] -- Up-to-date symlink: /home/mael/ros2_ws/install/rethink_ee_description/share/rethink_ee_description/local_setup.zsh
[0.983s] -- Up-to-date symlink: /home/mael/ros2_ws/install/rethink_ee_description/share/rethink_ee_description/local_setup.dsv
[0.983s] -- Symlinking: /home/mael/ros2_ws/install/rethink_ee_description/share/rethink_ee_description/package.dsv
[1.012s] -- Up-to-date symlink: /home/mael/ros2_ws/install/rethink_ee_description/share/ament_index/resource_index/packages/rethink_ee_description
[1.012s] -- Up-to-date symlink: /home/mael/ros2_ws/install/rethink_ee_description/share/rethink_ee_description/cmake/rethink_ee_descriptionConfig.cmake
[1.012s] -- Up-to-date symlink: /home/mael/ros2_ws/install/rethink_ee_description/share/rethink_ee_description/cmake/rethink_ee_descriptionConfig-version.cmake
[1.012s] -- Up-to-date symlink: /home/mael/ros2_ws/install/rethink_ee_description/share/rethink_ee_description/package.xml
[1.055s] Invoked command in '/home/mael/ros2_ws/build/rethink_ee_description' returned '0': CMAKE_PREFIX_PATH=${CMAKE_PREFIX_PATH}:/home/mael/ros2_ws/install/ros_tcp_endpoint:/home/mael/ros2_ws/install/baxter_joint_controller:/home/mael/ros2_ws/install/baxter_6dof_vr:/opt/ros/humble /usr/bin/cmake --install /home/mael/ros2_ws/build/rethink_ee_description
