-- Install configuration: ""
-- Execute custom install script
-- Up-to-date symlink: /home/mael/ros2_ws/install/baxter_description/share/baxter_description/meshes/base/PEDESTAL.DAE
-- Up-to-date symlink: /home/mael/ros2_ws/install/baxter_description/share/baxter_description/meshes/base/PEDESTAL.STL
-- Up-to-date symlink: /home/mael/ros2_ws/install/baxter_description/share/baxter_description/meshes/base/pedestal_link_collision.DAE
-- Up-to-date symlink: /home/mael/ros2_ws/install/baxter_description/share/baxter_description/meshes/base/pedestal_link_collision.STL
-- Up-to-date symlink: /home/mael/ros2_ws/install/baxter_description/share/baxter_description/meshes/head/H0.DAE
-- Up-to-date symlink: /home/mael/ros2_ws/install/baxter_description/share/baxter_description/meshes/head/H0.STL
-- Up-to-date symlink: /home/mael/ros2_ws/install/baxter_description/share/baxter_description/meshes/head/H1.DAE
-- Up-to-date symlink: /home/mael/ros2_ws/install/baxter_description/share/baxter_description/meshes/head/H1.STL
-- Up-to-date symlink: /home/mael/ros2_ws/install/baxter_description/share/baxter_description/meshes/lower_elbow/E1.DAE
-- Up-to-date symlink: /home/mael/ros2_ws/install/baxter_description/share/baxter_description/meshes/lower_elbow/E1.STL
-- Up-to-date symlink: /home/mael/ros2_ws/install/baxter_description/share/baxter_description/meshes/lower_forearm/W1.DAE
-- Up-to-date symlink: /home/mael/ros2_ws/install/baxter_description/share/baxter_description/meshes/lower_forearm/W1.STL
-- Up-to-date symlink: /home/mael/ros2_ws/install/baxter_description/share/baxter_description/meshes/lower_shoulder/S1.DAE
-- Up-to-date symlink: /home/mael/ros2_ws/install/baxter_description/share/baxter_description/meshes/lower_shoulder/S1.STL
-- Up-to-date symlink: /home/mael/ros2_ws/install/baxter_description/share/baxter_description/meshes/torso/base_link.DAE
-- Up-to-date symlink: /home/mael/ros2_ws/install/baxter_description/share/baxter_description/meshes/torso/base_link.STL
-- Up-to-date symlink: /home/mael/ros2_ws/install/baxter_description/share/baxter_description/meshes/torso/base_link_collision.DAE
-- Up-to-date symlink: /home/mael/ros2_ws/install/baxter_description/share/baxter_description/meshes/torso/base_link_collision.STL
-- Up-to-date symlink: /home/mael/ros2_ws/install/baxter_description/share/baxter_description/meshes/upper_elbow/E0.DAE
-- Up-to-date symlink: /home/mael/ros2_ws/install/baxter_description/share/baxter_description/meshes/upper_elbow/E0.STL
-- Up-to-date symlink: /home/mael/ros2_ws/install/baxter_description/share/baxter_description/meshes/upper_forearm/W0.DAE
-- Up-to-date symlink: /home/mael/ros2_ws/install/baxter_description/share/baxter_description/meshes/upper_forearm/W0.STL
-- Up-to-date symlink: /home/mael/ros2_ws/install/baxter_description/share/baxter_description/meshes/upper_shoulder/S0.DAE
-- Up-to-date symlink: /home/mael/ros2_ws/install/baxter_description/share/baxter_description/meshes/upper_shoulder/S0.STL
-- Up-to-date symlink: /home/mael/ros2_ws/install/baxter_description/share/baxter_description/meshes/wrist/W2.DAE
-- Up-to-date symlink: /home/mael/ros2_ws/install/baxter_description/share/baxter_description/meshes/wrist/W2.STL
-- Up-to-date symlink: /home/mael/ros2_ws/install/baxter_description/share/baxter_description/urdf/baxter.urdf.xacro
-- Up-to-date symlink: /home/mael/ros2_ws/install/baxter_description/share/baxter_description/urdf/baxter_base/baxter_base.gazebo.xacro
-- Up-to-date symlink: /home/mael/ros2_ws/install/baxter_description/share/baxter_description/urdf/baxter_base/baxter_base.urdf.xacro
-- Up-to-date symlink: /home/mael/ros2_ws/install/baxter_description/share/baxter_description/urdf/gazebosim.urdf.xacro
-- Up-to-date symlink: /home/mael/ros2_ws/install/baxter_description/share/baxter_description/urdf/left_end_effector.urdf.xacro
-- Up-to-date symlink: /home/mael/ros2_ws/install/baxter_description/share/baxter_description/urdf/pedestal/pedestal.xacro
-- Up-to-date symlink: /home/mael/ros2_ws/install/baxter_description/share/baxter_description/urdf/right_end_effector.urdf.xacro
-- Up-to-date symlink: /home/mael/ros2_ws/install/baxter_description/share/baxter_description/launch/baxter_state_publisher_launch.py
-- Up-to-date symlink: /home/mael/ros2_ws/install/baxter_description/share/baxter_description/launch/config.rviz
-- Up-to-date symlink: /home/mael/ros2_ws/install/baxter_description/share/baxter_description/launch/rviz_launch.py
-- Up-to-date symlink: /home/mael/ros2_ws/install/baxter_description/share/ament_index/resource_index/package_run_dependencies/baxter_description
-- Up-to-date symlink: /home/mael/ros2_ws/install/baxter_description/share/ament_index/resource_index/parent_prefix_path/baxter_description
-- Up-to-date symlink: /home/mael/ros2_ws/install/baxter_description/share/baxter_description/environment/ament_prefix_path.sh
-- Up-to-date symlink: /home/mael/ros2_ws/install/baxter_description/share/baxter_description/environment/ament_prefix_path.dsv
-- Up-to-date symlink: /home/mael/ros2_ws/install/baxter_description/share/baxter_description/environment/path.sh
-- Up-to-date symlink: /home/mael/ros2_ws/install/baxter_description/share/baxter_description/environment/path.dsv
-- Up-to-date symlink: /home/mael/ros2_ws/install/baxter_description/share/baxter_description/local_setup.bash
-- Up-to-date symlink: /home/mael/ros2_ws/install/baxter_description/share/baxter_description/local_setup.sh
-- Up-to-date symlink: /home/mael/ros2_ws/install/baxter_description/share/baxter_description/local_setup.zsh
-- Up-to-date symlink: /home/mael/ros2_ws/install/baxter_description/share/baxter_description/local_setup.dsv
-- Symlinking: /home/mael/ros2_ws/install/baxter_description/share/baxter_description/package.dsv
-- Up-to-date symlink: /home/mael/ros2_ws/install/baxter_description/share/ament_index/resource_index/packages/baxter_description
-- Up-to-date symlink: /home/mael/ros2_ws/install/baxter_description/share/baxter_description/cmake/baxter_descriptionConfig.cmake
-- Up-to-date symlink: /home/mael/ros2_ws/install/baxter_description/share/baxter_description/cmake/baxter_descriptionConfig-version.cmake
-- Up-to-date symlink: /home/mael/ros2_ws/install/baxter_description/share/baxter_description/package.xml
