[2.174s] Invoking command in '/home/mael/ros2_ws/build/zed_interfaces': CMAKE_PREFIX_PATH=${CMAKE_PREFIX_PATH}:/home/mael/ros2_ws/install/ros_tcp_endpoint:/home/mael/ros2_ws/install/baxter_joint_controller:/home/mael/ros2_ws/install/baxter_6dof_vr:/opt/ros/humble /usr/bin/cmake --build /home/mael/ros2_ws/build/zed_interfaces -- -j8 -l8
[2.872s] [  0%] Built target zed_interfaces__cpp
[2.872s] [  0%] Built target ament_cmake_python_symlink_zed_interfaces
[2.873s] [ 12%] Built target zed_interfaces__rosidl_generator_c
[2.873s] [ 24%] Built target zed_interfaces__rosidl_typesupport_cpp
[2.874s] [ 36%] Built target zed_interfaces__rosidl_typesupport_fastrtps_cpp
[2.874s] [ 48%] Built target zed_interfaces__rosidl_typesupport_c
[2.874s] [ 60%] Built target zed_interfaces__rosidl_typesupport_introspection_cpp
[2.874s] [ 72%] Built target zed_interfaces__rosidl_typesupport_introspection_c
[2.874s] [ 84%] Built target zed_interfaces__rosidl_typesupport_fastrtps_c
[2.874s] [ 84%] Built target zed_interfaces
[2.874s] [ 85%] Built target zed_interfaces__py
[2.874s] [ 96%] Built target zed_interfaces__rosidl_generator_py
[2.874s] [ 99%] Built target zed_interfaces__rosidl_typesupport_introspection_c__pyext
[2.874s] [ 99%] Built target zed_interfaces__rosidl_typesupport_fastrtps_c__pyext
[2.874s] [100%] Built target zed_interfaces__rosidl_typesupport_c__pyext
[2.874s] running egg_info
[2.874s] writing zed_interfaces.egg-info/PKG-INFO
[2.875s] writing dependency_links to zed_interfaces.egg-info/dependency_links.txt
[2.875s] writing top-level names to zed_interfaces.egg-info/top_level.txt
[2.875s] reading manifest file 'zed_interfaces.egg-info/SOURCES.txt'
[2.875s] writing manifest file 'zed_interfaces.egg-info/SOURCES.txt'
[2.875s] [100%] Built target ament_cmake_python_build_zed_interfaces_egg
[3.401s] Invoked command in '/home/mael/ros2_ws/build/zed_interfaces' returned '0': CMAKE_PREFIX_PATH=${CMAKE_PREFIX_PATH}:/home/mael/ros2_ws/install/ros_tcp_endpoint:/home/mael/ros2_ws/install/baxter_joint_controller:/home/mael/ros2_ws/install/baxter_6dof_vr:/opt/ros/humble /usr/bin/cmake --build /home/mael/ros2_ws/build/zed_interfaces -- -j8 -l8
[5.144s] Invoking command in '/home/mael/ros2_ws/build/zed_interfaces': CMAKE_PREFIX_PATH=${CMAKE_PREFIX_PATH}:/home/mael/ros2_ws/install/ros_tcp_endpoint:/home/mael/ros2_ws/install/baxter_joint_controller:/home/mael/ros2_ws/install/baxter_6dof_vr:/opt/ros/humble /usr/bin/cmake --install /home/mael/ros2_ws/build/zed_interfaces
[5.154s] -- Install configuration: ""
[5.155s] -- Execute custom install script
[5.155s] -- Up-to-date symlink: /home/mael/ros2_ws/install/zed_interfaces/share/ament_index/resource_index/rosidl_interfaces/zed_interfaces
[5.157s] -- Up-to-date symlink: /home/mael/ros2_ws/install/zed_interfaces/include/zed_interfaces/zed_interfaces/msg/bounding_box2_df.h
[5.157s] -- Up-to-date symlink: /home/mael/ros2_ws/install/zed_interfaces/include/zed_interfaces/zed_interfaces/msg/bounding_box2_di.h
[5.157s] -- Up-to-date symlink: /home/mael/ros2_ws/install/zed_interfaces/include/zed_interfaces/zed_interfaces/msg/bounding_box3_d.h
[5.158s] -- Up-to-date symlink: /home/mael/ros2_ws/install/zed_interfaces/include/zed_interfaces/zed_interfaces/msg/depth_info_stamped.h
[5.158s] -- Up-to-date symlink: /home/mael/ros2_ws/install/zed_interfaces/include/zed_interfaces/zed_interfaces/msg/detail/bounding_box2_df__functions.h
[5.159s] -- Up-to-date symlink: /home/mael/ros2_ws/install/zed_interfaces/include/zed_interfaces/zed_interfaces/msg/detail/bounding_box2_df__struct.h
[5.165s] -- Up-to-date symlink: /home/mael/ros2_ws/install/zed_interfaces/include/zed_interfaces/zed_interfaces/msg/detail/bounding_box2_df__type_support.h
[5.165s] -- Up-to-date symlink: /home/mael/ros2_ws/install/zed_interfaces/include/zed_interfaces/zed_interfaces/msg/detail/bounding_box2_di__functions.h
[5.165s] -- Up-to-date symlink: /home/mael/ros2_ws/install/zed_interfaces/include/zed_interfaces/zed_interfaces/msg/detail/bounding_box2_di__struct.h
[5.165s] -- Up-to-date symlink: /home/mael/ros2_ws/install/zed_interfaces/include/zed_interfaces/zed_interfaces/msg/detail/bounding_box2_di__type_support.h
[5.165s] -- Up-to-date symlink: /home/mael/ros2_ws/install/zed_interfaces/include/zed_interfaces/zed_interfaces/msg/detail/bounding_box3_d__functions.h
[5.165s] -- Up-to-date symlink: /home/mael/ros2_ws/install/zed_interfaces/include/zed_interfaces/zed_interfaces/msg/detail/bounding_box3_d__struct.h
[5.166s] -- Up-to-date symlink: /home/mael/ros2_ws/install/zed_interfaces/include/zed_interfaces/zed_interfaces/msg/detail/bounding_box3_d__type_support.h
[5.166s] -- Up-to-date symlink: /home/mael/ros2_ws/install/zed_interfaces/include/zed_interfaces/zed_interfaces/msg/detail/depth_info_stamped__functions.h
[5.166s] -- Up-to-date symlink: /home/mael/ros2_ws/install/zed_interfaces/include/zed_interfaces/zed_interfaces/msg/detail/depth_info_stamped__struct.h
[5.166s] -- Up-to-date symlink: /home/mael/ros2_ws/install/zed_interfaces/include/zed_interfaces/zed_interfaces/msg/detail/depth_info_stamped__type_support.h
[5.166s] -- Up-to-date symlink: /home/mael/ros2_ws/install/zed_interfaces/include/zed_interfaces/zed_interfaces/msg/detail/heartbeat__functions.h
[5.166s] -- Up-to-date symlink: /home/mael/ros2_ws/install/zed_interfaces/include/zed_interfaces/zed_interfaces/msg/detail/heartbeat__struct.h
[5.166s] -- Up-to-date symlink: /home/mael/ros2_ws/install/zed_interfaces/include/zed_interfaces/zed_interfaces/msg/detail/heartbeat__type_support.h
[5.166s] -- Up-to-date symlink: /home/mael/ros2_ws/install/zed_interfaces/include/zed_interfaces/zed_interfaces/msg/detail/keypoint2_df__functions.h
[5.178s] -- Up-to-date symlink: /home/mael/ros2_ws/install/zed_interfaces/include/zed_interfaces/zed_interfaces/msg/detail/keypoint2_df__struct.h
[5.178s] -- Up-to-date symlink: /home/mael/ros2_ws/install/zed_interfaces/include/zed_interfaces/zed_interfaces/msg/detail/keypoint2_df__type_support.h
[5.178s] -- Up-to-date symlink: /home/mael/ros2_ws/install/zed_interfaces/include/zed_interfaces/zed_interfaces/msg/detail/keypoint2_di__functions.h
[5.179s] -- Up-to-date symlink: /home/mael/ros2_ws/install/zed_interfaces/include/zed_interfaces/zed_interfaces/msg/detail/keypoint2_di__struct.h
[5.179s] -- Up-to-date symlink: /home/mael/ros2_ws/install/zed_interfaces/include/zed_interfaces/zed_interfaces/msg/detail/keypoint2_di__type_support.h
[5.179s] -- Up-to-date symlink: /home/mael/ros2_ws/install/zed_interfaces/include/zed_interfaces/zed_interfaces/msg/detail/keypoint3_d__functions.h
[5.179s] -- Up-to-date symlink: /home/mael/ros2_ws/install/zed_interfaces/include/zed_interfaces/zed_interfaces/msg/detail/keypoint3_d__struct.h
[5.179s] -- Up-to-date symlink: /home/mael/ros2_ws/install/zed_interfaces/include/zed_interfaces/zed_interfaces/msg/detail/keypoint3_d__type_support.h
[5.179s] -- Up-to-date symlink: /home/mael/ros2_ws/install/zed_interfaces/include/zed_interfaces/zed_interfaces/msg/detail/object__functions.h
[5.182s] -- Up-to-date symlink: /home/mael/ros2_ws/install/zed_interfaces/include/zed_interfaces/zed_interfaces/msg/detail/object__struct.h
[5.183s] -- Up-to-date symlink: /home/mael/ros2_ws/install/zed_interfaces/include/zed_interfaces/zed_interfaces/msg/detail/object__type_support.h
[5.183s] -- Up-to-date symlink: /home/mael/ros2_ws/install/zed_interfaces/include/zed_interfaces/zed_interfaces/msg/detail/objects_stamped__functions.h
[5.183s] -- Up-to-date symlink: /home/mael/ros2_ws/install/zed_interfaces/include/zed_interfaces/zed_interfaces/msg/detail/objects_stamped__struct.h
[5.183s] -- Up-to-date symlink: /home/mael/ros2_ws/install/zed_interfaces/include/zed_interfaces/zed_interfaces/msg/detail/objects_stamped__type_support.h
[5.183s] -- Up-to-date symlink: /home/mael/ros2_ws/install/zed_interfaces/include/zed_interfaces/zed_interfaces/msg/detail/plane_stamped__functions.h
[5.183s] -- Up-to-date symlink: /home/mael/ros2_ws/install/zed_interfaces/include/zed_interfaces/zed_interfaces/msg/detail/plane_stamped__struct.h
[5.184s] -- Up-to-date symlink: /home/mael/ros2_ws/install/zed_interfaces/include/zed_interfaces/zed_interfaces/msg/detail/plane_stamped__type_support.h
[5.184s] -- Up-to-date symlink: /home/mael/ros2_ws/install/zed_interfaces/include/zed_interfaces/zed_interfaces/msg/detail/pos_track_status__functions.h
[5.184s] -- Up-to-date symlink: /home/mael/ros2_ws/install/zed_interfaces/include/zed_interfaces/zed_interfaces/msg/detail/pos_track_status__struct.h
[5.184s] -- Up-to-date symlink: /home/mael/ros2_ws/install/zed_interfaces/include/zed_interfaces/zed_interfaces/msg/detail/pos_track_status__type_support.h
[5.184s] -- Up-to-date symlink: /home/mael/ros2_ws/install/zed_interfaces/include/zed_interfaces/zed_interfaces/msg/detail/skeleton2_d__functions.h
[5.184s] -- Up-to-date symlink: /home/mael/ros2_ws/install/zed_interfaces/include/zed_interfaces/zed_interfaces/msg/detail/skeleton2_d__struct.h
[5.184s] -- Up-to-date symlink: /home/mael/ros2_ws/install/zed_interfaces/include/zed_interfaces/zed_interfaces/msg/detail/skeleton2_d__type_support.h
[5.185s] -- Up-to-date symlink: /home/mael/ros2_ws/install/zed_interfaces/include/zed_interfaces/zed_interfaces/msg/detail/skeleton3_d__functions.h
[5.185s] -- Up-to-date symlink: /home/mael/ros2_ws/install/zed_interfaces/include/zed_interfaces/zed_interfaces/msg/detail/skeleton3_d__struct.h
[5.185s] -- Up-to-date symlink: /home/mael/ros2_ws/install/zed_interfaces/include/zed_interfaces/zed_interfaces/msg/detail/skeleton3_d__type_support.h
[5.185s] -- Up-to-date symlink: /home/mael/ros2_ws/install/zed_interfaces/include/zed_interfaces/zed_interfaces/msg/heartbeat.h
[5.185s] -- Up-to-date symlink: /home/mael/ros2_ws/install/zed_interfaces/include/zed_interfaces/zed_interfaces/msg/keypoint2_df.h
[5.185s] -- Up-to-date symlink: /home/mael/ros2_ws/install/zed_interfaces/include/zed_interfaces/zed_interfaces/msg/keypoint2_di.h
[5.185s] -- Up-to-date symlink: /home/mael/ros2_ws/install/zed_interfaces/include/zed_interfaces/zed_interfaces/msg/keypoint3_d.h
[5.186s] -- Up-to-date symlink: /home/mael/ros2_ws/install/zed_interfaces/include/zed_interfaces/zed_interfaces/msg/object.h
[5.186s] -- Up-to-date symlink: /home/mael/ros2_ws/install/zed_interfaces/include/zed_interfaces/zed_interfaces/msg/objects_stamped.h
[5.187s] -- Up-to-date symlink: /home/mael/ros2_ws/install/zed_interfaces/include/zed_interfaces/zed_interfaces/msg/plane_stamped.h
[5.187s] -- Up-to-date symlink: /home/mael/ros2_ws/install/zed_interfaces/include/zed_interfaces/zed_interfaces/msg/pos_track_status.h
[5.187s] -- Up-to-date symlink: /home/mael/ros2_ws/install/zed_interfaces/include/zed_interfaces/zed_interfaces/msg/rosidl_generator_c__visibility_control.h
[5.188s] -- Up-to-date symlink: /home/mael/ros2_ws/install/zed_interfaces/include/zed_interfaces/zed_interfaces/msg/skeleton2_d.h
[5.188s] -- Up-to-date symlink: /home/mael/ros2_ws/install/zed_interfaces/include/zed_interfaces/zed_interfaces/msg/skeleton3_d.h
[5.189s] -- Up-to-date symlink: /home/mael/ros2_ws/install/zed_interfaces/include/zed_interfaces/zed_interfaces/srv/detail/set_pose__functions.h
[5.189s] -- Up-to-date symlink: /home/mael/ros2_ws/install/zed_interfaces/include/zed_interfaces/zed_interfaces/srv/detail/set_pose__struct.h
[5.189s] -- Up-to-date symlink: /home/mael/ros2_ws/install/zed_interfaces/include/zed_interfaces/zed_interfaces/srv/detail/set_pose__type_support.h
[5.194s] -- Up-to-date symlink: /home/mael/ros2_ws/install/zed_interfaces/include/zed_interfaces/zed_interfaces/srv/detail/set_roi__functions.h
[5.194s] -- Up-to-date symlink: /home/mael/ros2_ws/install/zed_interfaces/include/zed_interfaces/zed_interfaces/srv/detail/set_roi__struct.h
[5.194s] -- Up-to-date symlink: /home/mael/ros2_ws/install/zed_interfaces/include/zed_interfaces/zed_interfaces/srv/detail/set_roi__type_support.h
[5.194s] -- Up-to-date symlink: /home/mael/ros2_ws/install/zed_interfaces/include/zed_interfaces/zed_interfaces/srv/detail/start_svo_rec__functions.h
[5.195s] -- Up-to-date symlink: /home/mael/ros2_ws/install/zed_interfaces/include/zed_interfaces/zed_interfaces/srv/detail/start_svo_rec__struct.h
[5.195s] -- Up-to-date symlink: /home/mael/ros2_ws/install/zed_interfaces/include/zed_interfaces/zed_interfaces/srv/detail/start_svo_rec__type_support.h
[5.195s] -- Up-to-date symlink: /home/mael/ros2_ws/install/zed_interfaces/include/zed_interfaces/zed_interfaces/srv/set_pose.h
[5.195s] -- Up-to-date symlink: /home/mael/ros2_ws/install/zed_interfaces/include/zed_interfaces/zed_interfaces/srv/set_roi.h
[5.195s] -- Up-to-date symlink: /home/mael/ros2_ws/install/zed_interfaces/include/zed_interfaces/zed_interfaces/srv/start_svo_rec.h
[5.195s] -- Up-to-date symlink: /home/mael/ros2_ws/install/zed_interfaces/share/zed_interfaces/environment/library_path.sh
[5.195s] -- Up-to-date symlink: /home/mael/ros2_ws/install/zed_interfaces/share/zed_interfaces/environment/library_path.dsv
[5.198s] -- Up-to-date symlink: /home/mael/ros2_ws/install/zed_interfaces/include/zed_interfaces/zed_interfaces/msg/detail/bounding_box2_df__rosidl_typesupport_fastrtps_c.h
[5.198s] -- Up-to-date symlink: /home/mael/ros2_ws/install/zed_interfaces/include/zed_interfaces/zed_interfaces/msg/detail/bounding_box2_di__rosidl_typesupport_fastrtps_c.h
[5.198s] -- Up-to-date symlink: /home/mael/ros2_ws/install/zed_interfaces/include/zed_interfaces/zed_interfaces/msg/detail/bounding_box3_d__rosidl_typesupport_fastrtps_c.h
[5.199s] -- Up-to-date symlink: /home/mael/ros2_ws/install/zed_interfaces/include/zed_interfaces/zed_interfaces/msg/detail/depth_info_stamped__rosidl_typesupport_fastrtps_c.h
[5.199s] -- Up-to-date symlink: /home/mael/ros2_ws/install/zed_interfaces/include/zed_interfaces/zed_interfaces/msg/detail/heartbeat__rosidl_typesupport_fastrtps_c.h
[5.199s] -- Up-to-date symlink: /home/mael/ros2_ws/install/zed_interfaces/include/zed_interfaces/zed_interfaces/msg/detail/keypoint2_df__rosidl_typesupport_fastrtps_c.h
[5.199s] -- Up-to-date symlink: /home/mael/ros2_ws/install/zed_interfaces/include/zed_interfaces/zed_interfaces/msg/detail/keypoint2_di__rosidl_typesupport_fastrtps_c.h
[5.199s] -- Up-to-date symlink: /home/mael/ros2_ws/install/zed_interfaces/include/zed_interfaces/zed_interfaces/msg/detail/keypoint3_d__rosidl_typesupport_fastrtps_c.h
[5.200s] -- Up-to-date symlink: /home/mael/ros2_ws/install/zed_interfaces/include/zed_interfaces/zed_interfaces/msg/detail/object__rosidl_typesupport_fastrtps_c.h
[5.200s] -- Up-to-date symlink: /home/mael/ros2_ws/install/zed_interfaces/include/zed_interfaces/zed_interfaces/msg/detail/objects_stamped__rosidl_typesupport_fastrtps_c.h
[5.200s] -- Up-to-date symlink: /home/mael/ros2_ws/install/zed_interfaces/include/zed_interfaces/zed_interfaces/msg/detail/plane_stamped__rosidl_typesupport_fastrtps_c.h
[5.200s] -- Up-to-date symlink: /home/mael/ros2_ws/install/zed_interfaces/include/zed_interfaces/zed_interfaces/msg/detail/pos_track_status__rosidl_typesupport_fastrtps_c.h
[5.200s] -- Up-to-date symlink: /home/mael/ros2_ws/install/zed_interfaces/include/zed_interfaces/zed_interfaces/msg/detail/skeleton2_d__rosidl_typesupport_fastrtps_c.h
[5.201s] -- Up-to-date symlink: /home/mael/ros2_ws/install/zed_interfaces/include/zed_interfaces/zed_interfaces/msg/detail/skeleton3_d__rosidl_typesupport_fastrtps_c.h
[5.201s] -- Up-to-date symlink: /home/mael/ros2_ws/install/zed_interfaces/include/zed_interfaces/zed_interfaces/msg/rosidl_typesupport_fastrtps_c__visibility_control.h
[5.201s] -- Up-to-date symlink: /home/mael/ros2_ws/install/zed_interfaces/include/zed_interfaces/zed_interfaces/srv/detail/set_pose__rosidl_typesupport_fastrtps_c.h
[5.201s] -- Up-to-date symlink: /home/mael/ros2_ws/install/zed_interfaces/include/zed_interfaces/zed_interfaces/srv/detail/set_roi__rosidl_typesupport_fastrtps_c.h
[5.201s] -- Up-to-date symlink: /home/mael/ros2_ws/install/zed_interfaces/include/zed_interfaces/zed_interfaces/srv/detail/start_svo_rec__rosidl_typesupport_fastrtps_c.h
[5.203s] -- Up-to-date symlink: /home/mael/ros2_ws/install/zed_interfaces/include/zed_interfaces/zed_interfaces/msg/bounding_box2_df.hpp
[5.203s] -- Up-to-date symlink: /home/mael/ros2_ws/install/zed_interfaces/include/zed_interfaces/zed_interfaces/msg/bounding_box2_di.hpp
[5.203s] -- Up-to-date symlink: /home/mael/ros2_ws/install/zed_interfaces/include/zed_interfaces/zed_interfaces/msg/bounding_box3_d.hpp
[5.203s] -- Up-to-date symlink: /home/mael/ros2_ws/install/zed_interfaces/include/zed_interfaces/zed_interfaces/msg/depth_info_stamped.hpp
[5.203s] -- Up-to-date symlink: /home/mael/ros2_ws/install/zed_interfaces/include/zed_interfaces/zed_interfaces/msg/detail/bounding_box2_df__builder.hpp
[5.203s] -- Up-to-date symlink: /home/mael/ros2_ws/install/zed_interfaces/include/zed_interfaces/zed_interfaces/msg/detail/bounding_box2_df__struct.hpp
[5.204s] -- Up-to-date symlink: /home/mael/ros2_ws/install/zed_interfaces/include/zed_interfaces/zed_interfaces/msg/detail/bounding_box2_df__traits.hpp
[5.204s] -- Up-to-date symlink: /home/mael/ros2_ws/install/zed_interfaces/include/zed_interfaces/zed_interfaces/msg/detail/bounding_box2_di__builder.hpp
[5.204s] -- Up-to-date symlink: /home/mael/ros2_ws/install/zed_interfaces/include/zed_interfaces/zed_interfaces/msg/detail/bounding_box2_di__struct.hpp
[5.204s] -- Up-to-date symlink: /home/mael/ros2_ws/install/zed_interfaces/include/zed_interfaces/zed_interfaces/msg/detail/bounding_box2_di__traits.hpp
[5.205s] -- Up-to-date symlink: /home/mael/ros2_ws/install/zed_interfaces/include/zed_interfaces/zed_interfaces/msg/detail/bounding_box3_d__builder.hpp
[5.205s] -- Up-to-date symlink: /home/mael/ros2_ws/install/zed_interfaces/include/zed_interfaces/zed_interfaces/msg/detail/bounding_box3_d__struct.hpp
[5.205s] -- Up-to-date symlink: /home/mael/ros2_ws/install/zed_interfaces/include/zed_interfaces/zed_interfaces/msg/detail/bounding_box3_d__traits.hpp
[5.205s] -- Up-to-date symlink: /home/mael/ros2_ws/install/zed_interfaces/include/zed_interfaces/zed_interfaces/msg/detail/depth_info_stamped__builder.hpp
[5.205s] -- Up-to-date symlink: /home/mael/ros2_ws/install/zed_interfaces/include/zed_interfaces/zed_interfaces/msg/detail/depth_info_stamped__struct.hpp
[5.206s] -- Up-to-date symlink: /home/mael/ros2_ws/install/zed_interfaces/include/zed_interfaces/zed_interfaces/msg/detail/depth_info_stamped__traits.hpp
[5.206s] -- Up-to-date symlink: /home/mael/ros2_ws/install/zed_interfaces/include/zed_interfaces/zed_interfaces/msg/detail/heartbeat__builder.hpp
[5.206s] -- Up-to-date symlink: /home/mael/ros2_ws/install/zed_interfaces/include/zed_interfaces/zed_interfaces/msg/detail/heartbeat__struct.hpp
[5.206s] -- Up-to-date symlink: /home/mael/ros2_ws/install/zed_interfaces/include/zed_interfaces/zed_interfaces/msg/detail/heartbeat__traits.hpp
[5.206s] -- Up-to-date symlink: /home/mael/ros2_ws/install/zed_interfaces/include/zed_interfaces/zed_interfaces/msg/detail/keypoint2_df__builder.hpp
[5.206s] -- Up-to-date symlink: /home/mael/ros2_ws/install/zed_interfaces/include/zed_interfaces/zed_interfaces/msg/detail/keypoint2_df__struct.hpp
[5.206s] -- Up-to-date symlink: /home/mael/ros2_ws/install/zed_interfaces/include/zed_interfaces/zed_interfaces/msg/detail/keypoint2_df__traits.hpp
[5.207s] -- Up-to-date symlink: /home/mael/ros2_ws/install/zed_interfaces/include/zed_interfaces/zed_interfaces/msg/detail/keypoint2_di__builder.hpp
[5.207s] -- Up-to-date symlink: /home/mael/ros2_ws/install/zed_interfaces/include/zed_interfaces/zed_interfaces/msg/detail/keypoint2_di__struct.hpp
[5.207s] -- Up-to-date symlink: /home/mael/ros2_ws/install/zed_interfaces/include/zed_interfaces/zed_interfaces/msg/detail/keypoint2_di__traits.hpp
[5.207s] -- Up-to-date symlink: /home/mael/ros2_ws/install/zed_interfaces/include/zed_interfaces/zed_interfaces/msg/detail/keypoint3_d__builder.hpp
[5.207s] -- Up-to-date symlink: /home/mael/ros2_ws/install/zed_interfaces/include/zed_interfaces/zed_interfaces/msg/detail/keypoint3_d__struct.hpp
[5.207s] -- Up-to-date symlink: /home/mael/ros2_ws/install/zed_interfaces/include/zed_interfaces/zed_interfaces/msg/detail/keypoint3_d__traits.hpp
[5.207s] -- Up-to-date symlink: /home/mael/ros2_ws/install/zed_interfaces/include/zed_interfaces/zed_interfaces/msg/detail/object__builder.hpp
[5.207s] -- Up-to-date symlink: /home/mael/ros2_ws/install/zed_interfaces/include/zed_interfaces/zed_interfaces/msg/detail/object__struct.hpp
[5.208s] -- Up-to-date symlink: /home/mael/ros2_ws/install/zed_interfaces/include/zed_interfaces/zed_interfaces/msg/detail/object__traits.hpp
[5.208s] -- Up-to-date symlink: /home/mael/ros2_ws/install/zed_interfaces/include/zed_interfaces/zed_interfaces/msg/detail/objects_stamped__builder.hpp
[5.208s] -- Up-to-date symlink: /home/mael/ros2_ws/install/zed_interfaces/include/zed_interfaces/zed_interfaces/msg/detail/objects_stamped__struct.hpp
[5.208s] -- Up-to-date symlink: /home/mael/ros2_ws/install/zed_interfaces/include/zed_interfaces/zed_interfaces/msg/detail/objects_stamped__traits.hpp
[5.208s] -- Up-to-date symlink: /home/mael/ros2_ws/install/zed_interfaces/include/zed_interfaces/zed_interfaces/msg/detail/plane_stamped__builder.hpp
[5.209s] -- Up-to-date symlink: /home/mael/ros2_ws/install/zed_interfaces/include/zed_interfaces/zed_interfaces/msg/detail/plane_stamped__struct.hpp
[5.209s] -- Up-to-date symlink: /home/mael/ros2_ws/install/zed_interfaces/include/zed_interfaces/zed_interfaces/msg/detail/plane_stamped__traits.hpp
[5.209s] -- Up-to-date symlink: /home/mael/ros2_ws/install/zed_interfaces/include/zed_interfaces/zed_interfaces/msg/detail/pos_track_status__builder.hpp
[5.209s] -- Up-to-date symlink: /home/mael/ros2_ws/install/zed_interfaces/include/zed_interfaces/zed_interfaces/msg/detail/pos_track_status__struct.hpp
[5.209s] -- Up-to-date symlink: /home/mael/ros2_ws/install/zed_interfaces/include/zed_interfaces/zed_interfaces/msg/detail/pos_track_status__traits.hpp
[5.210s] -- Up-to-date symlink: /home/mael/ros2_ws/install/zed_interfaces/include/zed_interfaces/zed_interfaces/msg/detail/skeleton2_d__builder.hpp
[5.210s] -- Up-to-date symlink: /home/mael/ros2_ws/install/zed_interfaces/include/zed_interfaces/zed_interfaces/msg/detail/skeleton2_d__struct.hpp
[5.210s] -- Up-to-date symlink: /home/mael/ros2_ws/install/zed_interfaces/include/zed_interfaces/zed_interfaces/msg/detail/skeleton2_d__traits.hpp
[5.210s] -- Up-to-date symlink: /home/mael/ros2_ws/install/zed_interfaces/include/zed_interfaces/zed_interfaces/msg/detail/skeleton3_d__builder.hpp
[5.210s] -- Up-to-date symlink: /home/mael/ros2_ws/install/zed_interfaces/include/zed_interfaces/zed_interfaces/msg/detail/skeleton3_d__struct.hpp
[5.210s] -- Up-to-date symlink: /home/mael/ros2_ws/install/zed_interfaces/include/zed_interfaces/zed_interfaces/msg/detail/skeleton3_d__traits.hpp
[5.211s] -- Up-to-date symlink: /home/mael/ros2_ws/install/zed_interfaces/include/zed_interfaces/zed_interfaces/msg/heartbeat.hpp
[5.211s] -- Up-to-date symlink: /home/mael/ros2_ws/install/zed_interfaces/include/zed_interfaces/zed_interfaces/msg/keypoint2_df.hpp
[5.211s] -- Up-to-date symlink: /home/mael/ros2_ws/install/zed_interfaces/include/zed_interfaces/zed_interfaces/msg/keypoint2_di.hpp
[5.211s] -- Up-to-date symlink: /home/mael/ros2_ws/install/zed_interfaces/include/zed_interfaces/zed_interfaces/msg/keypoint3_d.hpp
[5.211s] -- Up-to-date symlink: /home/mael/ros2_ws/install/zed_interfaces/include/zed_interfaces/zed_interfaces/msg/object.hpp
[5.211s] -- Up-to-date symlink: /home/mael/ros2_ws/install/zed_interfaces/include/zed_interfaces/zed_interfaces/msg/objects_stamped.hpp
[5.211s] -- Up-to-date symlink: /home/mael/ros2_ws/install/zed_interfaces/include/zed_interfaces/zed_interfaces/msg/plane_stamped.hpp
[5.211s] -- Up-to-date symlink: /home/mael/ros2_ws/install/zed_interfaces/include/zed_interfaces/zed_interfaces/msg/pos_track_status.hpp
[5.212s] -- Up-to-date symlink: /home/mael/ros2_ws/install/zed_interfaces/include/zed_interfaces/zed_interfaces/msg/skeleton2_d.hpp
[5.212s] -- Up-to-date symlink: /home/mael/ros2_ws/install/zed_interfaces/include/zed_interfaces/zed_interfaces/msg/skeleton3_d.hpp
[5.212s] -- Up-to-date symlink: /home/mael/ros2_ws/install/zed_interfaces/include/zed_interfaces/zed_interfaces/srv/detail/set_pose__builder.hpp
[5.212s] -- Up-to-date symlink: /home/mael/ros2_ws/install/zed_interfaces/include/zed_interfaces/zed_interfaces/srv/detail/set_pose__struct.hpp
[5.212s] -- Up-to-date symlink: /home/mael/ros2_ws/install/zed_interfaces/include/zed_interfaces/zed_interfaces/srv/detail/set_pose__traits.hpp
[5.212s] -- Up-to-date symlink: /home/mael/ros2_ws/install/zed_interfaces/include/zed_interfaces/zed_interfaces/srv/detail/set_roi__builder.hpp
[5.212s] -- Up-to-date symlink: /home/mael/ros2_ws/install/zed_interfaces/include/zed_interfaces/zed_interfaces/srv/detail/set_roi__struct.hpp
[5.212s] -- Up-to-date symlink: /home/mael/ros2_ws/install/zed_interfaces/include/zed_interfaces/zed_interfaces/srv/detail/set_roi__traits.hpp
[5.212s] -- Up-to-date symlink: /home/mael/ros2_ws/install/zed_interfaces/include/zed_interfaces/zed_interfaces/srv/detail/start_svo_rec__builder.hpp
[5.212s] -- Up-to-date symlink: /home/mael/ros2_ws/install/zed_interfaces/include/zed_interfaces/zed_interfaces/srv/detail/start_svo_rec__struct.hpp
[5.213s] -- Up-to-date symlink: /home/mael/ros2_ws/install/zed_interfaces/include/zed_interfaces/zed_interfaces/srv/detail/start_svo_rec__traits.hpp
[5.213s] -- Up-to-date symlink: /home/mael/ros2_ws/install/zed_interfaces/include/zed_interfaces/zed_interfaces/srv/set_pose.hpp
[5.213s] -- Up-to-date symlink: /home/mael/ros2_ws/install/zed_interfaces/include/zed_interfaces/zed_interfaces/srv/set_roi.hpp
[5.213s] -- Up-to-date symlink: /home/mael/ros2_ws/install/zed_interfaces/include/zed_interfaces/zed_interfaces/srv/start_svo_rec.hpp
[5.213s] -- Up-to-date symlink: /home/mael/ros2_ws/install/zed_interfaces/include/zed_interfaces/zed_interfaces/msg/detail/bounding_box2_df__rosidl_typesupport_fastrtps_cpp.hpp
[5.214s] -- Up-to-date symlink: /home/mael/ros2_ws/install/zed_interfaces/include/zed_interfaces/zed_interfaces/msg/detail/bounding_box2_di__rosidl_typesupport_fastrtps_cpp.hpp
[5.214s] -- Up-to-date symlink: /home/mael/ros2_ws/install/zed_interfaces/include/zed_interfaces/zed_interfaces/msg/detail/bounding_box3_d__rosidl_typesupport_fastrtps_cpp.hpp
[5.214s] -- Up-to-date symlink: /home/mael/ros2_ws/install/zed_interfaces/include/zed_interfaces/zed_interfaces/msg/detail/depth_info_stamped__rosidl_typesupport_fastrtps_cpp.hpp
[5.214s] -- Up-to-date symlink: /home/mael/ros2_ws/install/zed_interfaces/include/zed_interfaces/zed_interfaces/msg/detail/heartbeat__rosidl_typesupport_fastrtps_cpp.hpp
[5.216s] -- Up-to-date symlink: /home/mael/ros2_ws/install/zed_interfaces/include/zed_interfaces/zed_interfaces/msg/detail/keypoint2_df__rosidl_typesupport_fastrtps_cpp.hpp
[5.216s] -- Up-to-date symlink: /home/mael/ros2_ws/install/zed_interfaces/include/zed_interfaces/zed_interfaces/msg/detail/keypoint2_di__rosidl_typesupport_fastrtps_cpp.hpp
[5.216s] -- Up-to-date symlink: /home/mael/ros2_ws/install/zed_interfaces/include/zed_interfaces/zed_interfaces/msg/detail/keypoint3_d__rosidl_typesupport_fastrtps_cpp.hpp
[5.217s] -- Up-to-date symlink: /home/mael/ros2_ws/install/zed_interfaces/include/zed_interfaces/zed_interfaces/msg/detail/object__rosidl_typesupport_fastrtps_cpp.hpp
[5.217s] -- Up-to-date symlink: /home/mael/ros2_ws/install/zed_interfaces/include/zed_interfaces/zed_interfaces/msg/detail/objects_stamped__rosidl_typesupport_fastrtps_cpp.hpp
[5.217s] -- Up-to-date symlink: /home/mael/ros2_ws/install/zed_interfaces/include/zed_interfaces/zed_interfaces/msg/detail/plane_stamped__rosidl_typesupport_fastrtps_cpp.hpp
[5.217s] -- Up-to-date symlink: /home/mael/ros2_ws/install/zed_interfaces/include/zed_interfaces/zed_interfaces/msg/detail/pos_track_status__rosidl_typesupport_fastrtps_cpp.hpp
[5.217s] -- Up-to-date symlink: /home/mael/ros2_ws/install/zed_interfaces/include/zed_interfaces/zed_interfaces/msg/detail/skeleton2_d__rosidl_typesupport_fastrtps_cpp.hpp
[5.217s] -- Up-to-date symlink: /home/mael/ros2_ws/install/zed_interfaces/include/zed_interfaces/zed_interfaces/msg/detail/skeleton3_d__rosidl_typesupport_fastrtps_cpp.hpp
[5.217s] -- Up-to-date symlink: /home/mael/ros2_ws/install/zed_interfaces/include/zed_interfaces/zed_interfaces/msg/rosidl_typesupport_fastrtps_cpp__visibility_control.h
[5.217s] -- Up-to-date symlink: /home/mael/ros2_ws/install/zed_interfaces/include/zed_interfaces/zed_interfaces/srv/detail/set_pose__rosidl_typesupport_fastrtps_cpp.hpp
[5.217s] -- Up-to-date symlink: /home/mael/ros2_ws/install/zed_interfaces/include/zed_interfaces/zed_interfaces/srv/detail/set_roi__rosidl_typesupport_fastrtps_cpp.hpp
[5.218s] -- Up-to-date symlink: /home/mael/ros2_ws/install/zed_interfaces/include/zed_interfaces/zed_interfaces/srv/detail/start_svo_rec__rosidl_typesupport_fastrtps_cpp.hpp
[5.218s] -- Up-to-date symlink: /home/mael/ros2_ws/install/zed_interfaces/include/zed_interfaces/zed_interfaces/msg/detail/bounding_box2_df__rosidl_typesupport_introspection_c.h
[5.218s] -- Up-to-date symlink: /home/mael/ros2_ws/install/zed_interfaces/include/zed_interfaces/zed_interfaces/msg/detail/bounding_box2_di__rosidl_typesupport_introspection_c.h
[5.218s] -- Up-to-date symlink: /home/mael/ros2_ws/install/zed_interfaces/include/zed_interfaces/zed_interfaces/msg/detail/bounding_box3_d__rosidl_typesupport_introspection_c.h
[5.218s] -- Up-to-date symlink: /home/mael/ros2_ws/install/zed_interfaces/include/zed_interfaces/zed_interfaces/msg/detail/depth_info_stamped__rosidl_typesupport_introspection_c.h
[5.218s] -- Up-to-date symlink: /home/mael/ros2_ws/install/zed_interfaces/include/zed_interfaces/zed_interfaces/msg/detail/heartbeat__rosidl_typesupport_introspection_c.h
[5.218s] -- Up-to-date symlink: /home/mael/ros2_ws/install/zed_interfaces/include/zed_interfaces/zed_interfaces/msg/detail/keypoint2_df__rosidl_typesupport_introspection_c.h
[5.218s] -- Up-to-date symlink: /home/mael/ros2_ws/install/zed_interfaces/include/zed_interfaces/zed_interfaces/msg/detail/keypoint2_di__rosidl_typesupport_introspection_c.h
[5.219s] -- Up-to-date symlink: /home/mael/ros2_ws/install/zed_interfaces/include/zed_interfaces/zed_interfaces/msg/detail/keypoint3_d__rosidl_typesupport_introspection_c.h
[5.219s] -- Up-to-date symlink: /home/mael/ros2_ws/install/zed_interfaces/include/zed_interfaces/zed_interfaces/msg/detail/object__rosidl_typesupport_introspection_c.h
[5.219s] -- Up-to-date symlink: /home/mael/ros2_ws/install/zed_interfaces/include/zed_interfaces/zed_interfaces/msg/detail/objects_stamped__rosidl_typesupport_introspection_c.h
[5.219s] -- Up-to-date symlink: /home/mael/ros2_ws/install/zed_interfaces/include/zed_interfaces/zed_interfaces/msg/detail/plane_stamped__rosidl_typesupport_introspection_c.h
[5.219s] -- Up-to-date symlink: /home/mael/ros2_ws/install/zed_interfaces/include/zed_interfaces/zed_interfaces/msg/detail/pos_track_status__rosidl_typesupport_introspection_c.h
[5.219s] -- Up-to-date symlink: /home/mael/ros2_ws/install/zed_interfaces/include/zed_interfaces/zed_interfaces/msg/detail/skeleton2_d__rosidl_typesupport_introspection_c.h
[5.219s] -- Up-to-date symlink: /home/mael/ros2_ws/install/zed_interfaces/include/zed_interfaces/zed_interfaces/msg/detail/skeleton3_d__rosidl_typesupport_introspection_c.h
[5.219s] -- Up-to-date symlink: /home/mael/ros2_ws/install/zed_interfaces/include/zed_interfaces/zed_interfaces/msg/rosidl_typesupport_introspection_c__visibility_control.h
[5.219s] -- Up-to-date symlink: /home/mael/ros2_ws/install/zed_interfaces/include/zed_interfaces/zed_interfaces/srv/detail/set_pose__rosidl_typesupport_introspection_c.h
[5.220s] -- Up-to-date symlink: /home/mael/ros2_ws/install/zed_interfaces/include/zed_interfaces/zed_interfaces/srv/detail/set_roi__rosidl_typesupport_introspection_c.h
[5.220s] -- Up-to-date symlink: /home/mael/ros2_ws/install/zed_interfaces/include/zed_interfaces/zed_interfaces/srv/detail/start_svo_rec__rosidl_typesupport_introspection_c.h
[5.220s] -- Up-to-date symlink: /home/mael/ros2_ws/install/zed_interfaces/include/zed_interfaces/zed_interfaces/msg/detail/bounding_box2_df__rosidl_typesupport_introspection_cpp.hpp
[5.220s] -- Up-to-date symlink: /home/mael/ros2_ws/install/zed_interfaces/include/zed_interfaces/zed_interfaces/msg/detail/bounding_box2_di__rosidl_typesupport_introspection_cpp.hpp
[5.220s] -- Up-to-date symlink: /home/mael/ros2_ws/install/zed_interfaces/include/zed_interfaces/zed_interfaces/msg/detail/bounding_box3_d__rosidl_typesupport_introspection_cpp.hpp
[5.220s] -- Up-to-date symlink: /home/mael/ros2_ws/install/zed_interfaces/include/zed_interfaces/zed_interfaces/msg/detail/depth_info_stamped__rosidl_typesupport_introspection_cpp.hpp
[5.220s] -- Up-to-date symlink: /home/mael/ros2_ws/install/zed_interfaces/include/zed_interfaces/zed_interfaces/msg/detail/heartbeat__rosidl_typesupport_introspection_cpp.hpp
[5.220s] -- Up-to-date symlink: /home/mael/ros2_ws/install/zed_interfaces/include/zed_interfaces/zed_interfaces/msg/detail/keypoint2_df__rosidl_typesupport_introspection_cpp.hpp
[5.221s] -- Up-to-date symlink: /home/mael/ros2_ws/install/zed_interfaces/include/zed_interfaces/zed_interfaces/msg/detail/keypoint2_di__rosidl_typesupport_introspection_cpp.hpp
[5.221s] -- Up-to-date symlink: /home/mael/ros2_ws/install/zed_interfaces/include/zed_interfaces/zed_interfaces/msg/detail/keypoint3_d__rosidl_typesupport_introspection_cpp.hpp
[5.221s] -- Up-to-date symlink: /home/mael/ros2_ws/install/zed_interfaces/include/zed_interfaces/zed_interfaces/msg/detail/object__rosidl_typesupport_introspection_cpp.hpp
[5.221s] -- Up-to-date symlink: /home/mael/ros2_ws/install/zed_interfaces/include/zed_interfaces/zed_interfaces/msg/detail/objects_stamped__rosidl_typesupport_introspection_cpp.hpp
[5.221s] -- Up-to-date symlink: /home/mael/ros2_ws/install/zed_interfaces/include/zed_interfaces/zed_interfaces/msg/detail/plane_stamped__rosidl_typesupport_introspection_cpp.hpp
[5.221s] -- Up-to-date symlink: /home/mael/ros2_ws/install/zed_interfaces/include/zed_interfaces/zed_interfaces/msg/detail/pos_track_status__rosidl_typesupport_introspection_cpp.hpp
[5.221s] -- Up-to-date symlink: /home/mael/ros2_ws/install/zed_interfaces/include/zed_interfaces/zed_interfaces/msg/detail/skeleton2_d__rosidl_typesupport_introspection_cpp.hpp
[5.221s] -- Up-to-date symlink: /home/mael/ros2_ws/install/zed_interfaces/include/zed_interfaces/zed_interfaces/msg/detail/skeleton3_d__rosidl_typesupport_introspection_cpp.hpp
[5.222s] -- Up-to-date symlink: /home/mael/ros2_ws/install/zed_interfaces/include/zed_interfaces/zed_interfaces/srv/detail/set_pose__rosidl_typesupport_introspection_cpp.hpp
[5.222s] -- Up-to-date symlink: /home/mael/ros2_ws/install/zed_interfaces/include/zed_interfaces/zed_interfaces/srv/detail/set_roi__rosidl_typesupport_introspection_cpp.hpp
[5.222s] -- Up-to-date symlink: /home/mael/ros2_ws/install/zed_interfaces/include/zed_interfaces/zed_interfaces/srv/detail/start_svo_rec__rosidl_typesupport_introspection_cpp.hpp
[5.222s] -- Up-to-date symlink: /home/mael/ros2_ws/install/zed_interfaces/share/zed_interfaces/environment/pythonpath.sh
[5.222s] -- Up-to-date symlink: /home/mael/ros2_ws/install/zed_interfaces/share/zed_interfaces/environment/pythonpath.dsv
[5.222s] -- Up-to-date symlink: /home/mael/ros2_ws/install/zed_interfaces/local/lib/python3.10/dist-packages/zed_interfaces-4.0.0-py3.10.egg-info/PKG-INFO
[5.222s] -- Up-to-date symlink: /home/mael/ros2_ws/install/zed_interfaces/local/lib/python3.10/dist-packages/zed_interfaces-4.0.0-py3.10.egg-info/SOURCES.txt
[5.222s] -- Up-to-date symlink: /home/mael/ros2_ws/install/zed_interfaces/local/lib/python3.10/dist-packages/zed_interfaces-4.0.0-py3.10.egg-info/dependency_links.txt
[5.223s] -- Up-to-date symlink: /home/mael/ros2_ws/install/zed_interfaces/local/lib/python3.10/dist-packages/zed_interfaces-4.0.0-py3.10.egg-info/top_level.txt
[5.223s] -- Up-to-date symlink: /home/mael/ros2_ws/install/zed_interfaces/local/lib/python3.10/dist-packages/zed_interfaces/__init__.py
[5.223s] -- Up-to-date symlink: /home/mael/ros2_ws/install/zed_interfaces/local/lib/python3.10/dist-packages/zed_interfaces/_zed_interfaces_s.ep.rosidl_typesupport_c.c
[5.223s] -- Up-to-date symlink: /home/mael/ros2_ws/install/zed_interfaces/local/lib/python3.10/dist-packages/zed_interfaces/_zed_interfaces_s.ep.rosidl_typesupport_fastrtps_c.c
[5.223s] -- Up-to-date symlink: /home/mael/ros2_ws/install/zed_interfaces/local/lib/python3.10/dist-packages/zed_interfaces/_zed_interfaces_s.ep.rosidl_typesupport_introspection_c.c
[5.223s] -- Up-to-date symlink: /home/mael/ros2_ws/install/zed_interfaces/local/lib/python3.10/dist-packages/zed_interfaces/libzed_interfaces__rosidl_generator_py.so
[5.223s] -- Up-to-date symlink: /home/mael/ros2_ws/install/zed_interfaces/local/lib/python3.10/dist-packages/zed_interfaces/msg/__init__.py
[5.223s] -- Up-to-date symlink: /home/mael/ros2_ws/install/zed_interfaces/local/lib/python3.10/dist-packages/zed_interfaces/msg/_bounding_box2_df.py
[5.223s] -- Up-to-date symlink: /home/mael/ros2_ws/install/zed_interfaces/local/lib/python3.10/dist-packages/zed_interfaces/msg/_bounding_box2_df_s.c
[5.224s] -- Up-to-date symlink: /home/mael/ros2_ws/install/zed_interfaces/local/lib/python3.10/dist-packages/zed_interfaces/msg/_bounding_box2_di.py
[5.224s] -- Up-to-date symlink: /home/mael/ros2_ws/install/zed_interfaces/local/lib/python3.10/dist-packages/zed_interfaces/msg/_bounding_box2_di_s.c
[5.224s] -- Up-to-date symlink: /home/mael/ros2_ws/install/zed_interfaces/local/lib/python3.10/dist-packages/zed_interfaces/msg/_bounding_box3_d.py
[5.224s] -- Up-to-date symlink: /home/mael/ros2_ws/install/zed_interfaces/local/lib/python3.10/dist-packages/zed_interfaces/msg/_bounding_box3_d_s.c
[5.224s] -- Up-to-date symlink: /home/mael/ros2_ws/install/zed_interfaces/local/lib/python3.10/dist-packages/zed_interfaces/msg/_depth_info_stamped.py
[5.224s] -- Up-to-date symlink: /home/mael/ros2_ws/install/zed_interfaces/local/lib/python3.10/dist-packages/zed_interfaces/msg/_depth_info_stamped_s.c
[5.224s] -- Up-to-date symlink: /home/mael/ros2_ws/install/zed_interfaces/local/lib/python3.10/dist-packages/zed_interfaces/msg/_heartbeat.py
[5.224s] -- Up-to-date symlink: /home/mael/ros2_ws/install/zed_interfaces/local/lib/python3.10/dist-packages/zed_interfaces/msg/_heartbeat_s.c
[5.225s] -- Up-to-date symlink: /home/mael/ros2_ws/install/zed_interfaces/local/lib/python3.10/dist-packages/zed_interfaces/msg/_keypoint2_df.py
[5.225s] -- Up-to-date symlink: /home/mael/ros2_ws/install/zed_interfaces/local/lib/python3.10/dist-packages/zed_interfaces/msg/_keypoint2_df_s.c
[5.225s] -- Up-to-date symlink: /home/mael/ros2_ws/install/zed_interfaces/local/lib/python3.10/dist-packages/zed_interfaces/msg/_keypoint2_di.py
[5.225s] -- Up-to-date symlink: /home/mael/ros2_ws/install/zed_interfaces/local/lib/python3.10/dist-packages/zed_interfaces/msg/_keypoint2_di_s.c
[5.225s] -- Up-to-date symlink: /home/mael/ros2_ws/install/zed_interfaces/local/lib/python3.10/dist-packages/zed_interfaces/msg/_keypoint3_d.py
[5.226s] -- Up-to-date symlink: /home/mael/ros2_ws/install/zed_interfaces/local/lib/python3.10/dist-packages/zed_interfaces/msg/_keypoint3_d_s.c
[5.226s] -- Up-to-date symlink: /home/mael/ros2_ws/install/zed_interfaces/local/lib/python3.10/dist-packages/zed_interfaces/msg/_object.py
[5.226s] -- Up-to-date symlink: /home/mael/ros2_ws/install/zed_interfaces/local/lib/python3.10/dist-packages/zed_interfaces/msg/_object_s.c
[5.227s] -- Up-to-date symlink: /home/mael/ros2_ws/install/zed_interfaces/local/lib/python3.10/dist-packages/zed_interfaces/msg/_objects_stamped.py
[5.227s] -- Up-to-date symlink: /home/mael/ros2_ws/install/zed_interfaces/local/lib/python3.10/dist-packages/zed_interfaces/msg/_objects_stamped_s.c
[5.227s] -- Up-to-date symlink: /home/mael/ros2_ws/install/zed_interfaces/local/lib/python3.10/dist-packages/zed_interfaces/msg/_plane_stamped.py
[5.227s] -- Up-to-date symlink: /home/mael/ros2_ws/install/zed_interfaces/local/lib/python3.10/dist-packages/zed_interfaces/msg/_plane_stamped_s.c
[5.227s] -- Up-to-date symlink: /home/mael/ros2_ws/install/zed_interfaces/local/lib/python3.10/dist-packages/zed_interfaces/msg/_pos_track_status.py
[5.227s] -- Up-to-date symlink: /home/mael/ros2_ws/install/zed_interfaces/local/lib/python3.10/dist-packages/zed_interfaces/msg/_pos_track_status_s.c
[5.227s] -- Up-to-date symlink: /home/mael/ros2_ws/install/zed_interfaces/local/lib/python3.10/dist-packages/zed_interfaces/msg/_skeleton2_d.py
[5.228s] -- Up-to-date symlink: /home/mael/ros2_ws/install/zed_interfaces/local/lib/python3.10/dist-packages/zed_interfaces/msg/_skeleton2_d_s.c
[5.228s] -- Up-to-date symlink: /home/mael/ros2_ws/install/zed_interfaces/local/lib/python3.10/dist-packages/zed_interfaces/msg/_skeleton3_d.py
[5.228s] -- Up-to-date symlink: /home/mael/ros2_ws/install/zed_interfaces/local/lib/python3.10/dist-packages/zed_interfaces/msg/_skeleton3_d_s.c
[5.228s] -- Up-to-date symlink: /home/mael/ros2_ws/install/zed_interfaces/local/lib/python3.10/dist-packages/zed_interfaces/srv/__init__.py
[5.228s] -- Up-to-date symlink: /home/mael/ros2_ws/install/zed_interfaces/local/lib/python3.10/dist-packages/zed_interfaces/srv/_set_pose.py
[5.228s] -- Up-to-date symlink: /home/mael/ros2_ws/install/zed_interfaces/local/lib/python3.10/dist-packages/zed_interfaces/srv/_set_pose_s.c
[5.228s] -- Up-to-date symlink: /home/mael/ros2_ws/install/zed_interfaces/local/lib/python3.10/dist-packages/zed_interfaces/srv/_set_roi.py
[5.228s] -- Up-to-date symlink: /home/mael/ros2_ws/install/zed_interfaces/local/lib/python3.10/dist-packages/zed_interfaces/srv/_set_roi_s.c
[5.229s] -- Up-to-date symlink: /home/mael/ros2_ws/install/zed_interfaces/local/lib/python3.10/dist-packages/zed_interfaces/srv/_start_svo_rec.py
[5.229s] -- Up-to-date symlink: /home/mael/ros2_ws/install/zed_interfaces/local/lib/python3.10/dist-packages/zed_interfaces/srv/_start_svo_rec_s.c
[5.229s] -- Up-to-date symlink: /home/mael/ros2_ws/install/zed_interfaces/local/lib/python3.10/dist-packages/zed_interfaces/zed_interfaces_s__rosidl_typesupport_c.cpython-310-x86_64-linux-gnu.so
[5.229s] -- Up-to-date symlink: /home/mael/ros2_ws/install/zed_interfaces/local/lib/python3.10/dist-packages/zed_interfaces/zed_interfaces_s__rosidl_typesupport_fastrtps_c.cpython-310-x86_64-linux-gnu.so
[5.229s] -- Up-to-date symlink: /home/mael/ros2_ws/install/zed_interfaces/local/lib/python3.10/dist-packages/zed_interfaces/zed_interfaces_s__rosidl_typesupport_introspection_c.cpython-310-x86_64-linux-gnu.so
[5.229s] -- Up-to-date symlink: /home/mael/ros2_ws/install/zed_interfaces/local/lib/python3.10/dist-packages/zed_interfaces/zed_interfaces_s__rosidl_typesupport_fastrtps_c.cpython-310-x86_64-linux-gnu.so
[5.229s] -- Up-to-date symlink: /home/mael/ros2_ws/install/zed_interfaces/local/lib/python3.10/dist-packages/zed_interfaces/zed_interfaces_s__rosidl_typesupport_introspection_c.cpython-310-x86_64-linux-gnu.so
[5.229s] -- Up-to-date symlink: /home/mael/ros2_ws/install/zed_interfaces/local/lib/python3.10/dist-packages/zed_interfaces/zed_interfaces_s__rosidl_typesupport_c.cpython-310-x86_64-linux-gnu.so
[5.229s] -- Up-to-date symlink: /home/mael/ros2_ws/install/zed_interfaces/share/zed_interfaces/msg/Object.idl
[5.230s] -- Up-to-date symlink: /home/mael/ros2_ws/install/zed_interfaces/share/zed_interfaces/msg/ObjectsStamped.idl
[5.230s] -- Up-to-date symlink: /home/mael/ros2_ws/install/zed_interfaces/share/zed_interfaces/msg/Keypoint2Di.idl
[5.230s] -- Up-to-date symlink: /home/mael/ros2_ws/install/zed_interfaces/share/zed_interfaces/msg/Keypoint2Df.idl
[5.230s] -- Up-to-date symlink: /home/mael/ros2_ws/install/zed_interfaces/share/zed_interfaces/msg/Keypoint3D.idl
[5.230s] -- Up-to-date symlink: /home/mael/ros2_ws/install/zed_interfaces/share/zed_interfaces/msg/BoundingBox2Di.idl
[5.230s] -- Up-to-date symlink: /home/mael/ros2_ws/install/zed_interfaces/share/zed_interfaces/msg/BoundingBox2Df.idl
[5.230s] -- Up-to-date symlink: /home/mael/ros2_ws/install/zed_interfaces/share/zed_interfaces/msg/BoundingBox3D.idl
[5.230s] -- Up-to-date symlink: /home/mael/ros2_ws/install/zed_interfaces/share/zed_interfaces/msg/Skeleton2D.idl
[5.230s] -- Up-to-date symlink: /home/mael/ros2_ws/install/zed_interfaces/share/zed_interfaces/msg/Skeleton3D.idl
[5.231s] -- Up-to-date symlink: /home/mael/ros2_ws/install/zed_interfaces/share/zed_interfaces/msg/DepthInfoStamped.idl
[5.231s] -- Up-to-date symlink: /home/mael/ros2_ws/install/zed_interfaces/share/zed_interfaces/msg/PlaneStamped.idl
[5.231s] -- Up-to-date symlink: /home/mael/ros2_ws/install/zed_interfaces/share/zed_interfaces/msg/PosTrackStatus.idl
[5.231s] -- Up-to-date symlink: /home/mael/ros2_ws/install/zed_interfaces/share/zed_interfaces/msg/Heartbeat.idl
[5.231s] -- Up-to-date symlink: /home/mael/ros2_ws/install/zed_interfaces/share/zed_interfaces/srv/SetPose.idl
[5.231s] -- Up-to-date symlink: /home/mael/ros2_ws/install/zed_interfaces/share/zed_interfaces/srv/StartSvoRec.idl
[5.231s] -- Up-to-date symlink: /home/mael/ros2_ws/install/zed_interfaces/share/zed_interfaces/srv/SetROI.idl
[5.231s] -- Up-to-date symlink: /home/mael/ros2_ws/install/zed_interfaces/share/zed_interfaces/msg/Object.msg
[5.231s] -- Up-to-date symlink: /home/mael/ros2_ws/install/zed_interfaces/share/zed_interfaces/msg/ObjectsStamped.msg
[5.232s] -- Up-to-date symlink: /home/mael/ros2_ws/install/zed_interfaces/share/zed_interfaces/msg/Keypoint2Di.msg
[5.232s] -- Up-to-date symlink: /home/mael/ros2_ws/install/zed_interfaces/share/zed_interfaces/msg/Keypoint2Df.msg
[5.232s] -- Up-to-date symlink: /home/mael/ros2_ws/install/zed_interfaces/share/zed_interfaces/msg/Keypoint3D.msg
[5.232s] -- Up-to-date symlink: /home/mael/ros2_ws/install/zed_interfaces/share/zed_interfaces/msg/BoundingBox2Di.msg
[5.232s] -- Up-to-date symlink: /home/mael/ros2_ws/install/zed_interfaces/share/zed_interfaces/msg/BoundingBox2Df.msg
[5.232s] -- Up-to-date symlink: /home/mael/ros2_ws/install/zed_interfaces/share/zed_interfaces/msg/BoundingBox3D.msg
[5.232s] -- Up-to-date symlink: /home/mael/ros2_ws/install/zed_interfaces/share/zed_interfaces/msg/Skeleton2D.msg
[5.232s] -- Up-to-date symlink: /home/mael/ros2_ws/install/zed_interfaces/share/zed_interfaces/msg/Skeleton3D.msg
[5.233s] -- Up-to-date symlink: /home/mael/ros2_ws/install/zed_interfaces/share/zed_interfaces/msg/DepthInfoStamped.msg
[5.233s] -- Up-to-date symlink: /home/mael/ros2_ws/install/zed_interfaces/share/zed_interfaces/msg/PlaneStamped.msg
[5.233s] -- Up-to-date symlink: /home/mael/ros2_ws/install/zed_interfaces/share/zed_interfaces/msg/PosTrackStatus.msg
[5.234s] -- Up-to-date symlink: /home/mael/ros2_ws/install/zed_interfaces/share/zed_interfaces/msg/Heartbeat.msg
[5.234s] -- Up-to-date symlink: /home/mael/ros2_ws/install/zed_interfaces/share/zed_interfaces/srv/SetPose.srv
[5.234s] -- Up-to-date symlink: /home/mael/ros2_ws/install/zed_interfaces/share/zed_interfaces/srv/SetPose_Request.msg
[5.235s] -- Up-to-date symlink: /home/mael/ros2_ws/install/zed_interfaces/share/zed_interfaces/srv/SetPose_Response.msg
[5.235s] -- Up-to-date symlink: /home/mael/ros2_ws/install/zed_interfaces/share/zed_interfaces/srv/StartSvoRec.srv
[5.235s] -- Up-to-date symlink: /home/mael/ros2_ws/install/zed_interfaces/share/zed_interfaces/srv/StartSvoRec_Request.msg
[5.235s] -- Up-to-date symlink: /home/mael/ros2_ws/install/zed_interfaces/share/zed_interfaces/srv/StartSvoRec_Response.msg
[5.236s] -- Up-to-date symlink: /home/mael/ros2_ws/install/zed_interfaces/share/zed_interfaces/srv/SetROI.srv
[5.236s] -- Up-to-date symlink: /home/mael/ros2_ws/install/zed_interfaces/share/zed_interfaces/srv/SetROI_Request.msg
[5.236s] -- Up-to-date symlink: /home/mael/ros2_ws/install/zed_interfaces/share/zed_interfaces/srv/SetROI_Response.msg
[5.237s] -- Up-to-date symlink: /home/mael/ros2_ws/install/zed_interfaces/share/zed_interfaces/meshes/zed.stl
[5.237s] -- Up-to-date symlink: /home/mael/ros2_ws/install/zed_interfaces/share/zed_interfaces/meshes/zed2.stl
[5.237s] -- Up-to-date symlink: /home/mael/ros2_ws/install/zed_interfaces/share/zed_interfaces/meshes/zed2i.stl
[5.237s] -- Up-to-date symlink: /home/mael/ros2_ws/install/zed_interfaces/share/zed_interfaces/meshes/zedm.stl
[5.237s] -- Up-to-date symlink: /home/mael/ros2_ws/install/zed_interfaces/share/zed_interfaces/meshes/zedx.stl
[5.238s] -- Up-to-date symlink: /home/mael/ros2_ws/install/zed_interfaces/share/zed_interfaces/meshes/zedxm.stl
[5.238s] -- Up-to-date symlink: /home/mael/ros2_ws/install/zed_interfaces/share/ament_index/resource_index/package_run_dependencies/zed_interfaces
[5.238s] -- Up-to-date symlink: /home/mael/ros2_ws/install/zed_interfaces/share/ament_index/resource_index/parent_prefix_path/zed_interfaces
[5.238s] -- Up-to-date symlink: /home/mael/ros2_ws/install/zed_interfaces/share/zed_interfaces/environment/ament_prefix_path.sh
[5.239s] -- Up-to-date symlink: /home/mael/ros2_ws/install/zed_interfaces/share/zed_interfaces/environment/ament_prefix_path.dsv
[5.239s] -- Up-to-date symlink: /home/mael/ros2_ws/install/zed_interfaces/share/zed_interfaces/environment/path.sh
[5.239s] -- Up-to-date symlink: /home/mael/ros2_ws/install/zed_interfaces/share/zed_interfaces/environment/path.dsv
[5.239s] -- Up-to-date symlink: /home/mael/ros2_ws/install/zed_interfaces/share/zed_interfaces/local_setup.bash
[5.240s] -- Up-to-date symlink: /home/mael/ros2_ws/install/zed_interfaces/share/zed_interfaces/local_setup.sh
[5.240s] -- Up-to-date symlink: /home/mael/ros2_ws/install/zed_interfaces/share/zed_interfaces/local_setup.zsh
[5.240s] -- Up-to-date symlink: /home/mael/ros2_ws/install/zed_interfaces/share/zed_interfaces/local_setup.dsv
[5.240s] -- Symlinking: /home/mael/ros2_ws/install/zed_interfaces/share/zed_interfaces/package.dsv
[5.249s] -- Up-to-date symlink: /home/mael/ros2_ws/install/zed_interfaces/share/ament_index/resource_index/packages/zed_interfaces
[5.249s] -- Up-to-date symlink: /home/mael/ros2_ws/install/zed_interfaces/share/zed_interfaces/cmake/rosidl_cmake-extras.cmake
[5.249s] -- Up-to-date symlink: /home/mael/ros2_ws/install/zed_interfaces/share/zed_interfaces/cmake/ament_cmake_export_dependencies-extras.cmake
[5.249s] -- Up-to-date symlink: /home/mael/ros2_ws/install/zed_interfaces/share/zed_interfaces/cmake/ament_cmake_export_include_directories-extras.cmake
[5.250s] -- Up-to-date symlink: /home/mael/ros2_ws/install/zed_interfaces/share/zed_interfaces/cmake/ament_cmake_export_libraries-extras.cmake
[5.250s] -- Up-to-date symlink: /home/mael/ros2_ws/install/zed_interfaces/share/zed_interfaces/cmake/ament_cmake_export_targets-extras.cmake
[5.250s] -- Up-to-date symlink: /home/mael/ros2_ws/install/zed_interfaces/share/zed_interfaces/cmake/rosidl_cmake_export_typesupport_targets-extras.cmake
[5.250s] -- Up-to-date symlink: /home/mael/ros2_ws/install/zed_interfaces/share/zed_interfaces/cmake/rosidl_cmake_export_typesupport_libraries-extras.cmake
[5.251s] -- Up-to-date symlink: /home/mael/ros2_ws/install/zed_interfaces/share/zed_interfaces/cmake/zed_interfacesConfig.cmake
[5.251s] -- Up-to-date symlink: /home/mael/ros2_ws/install/zed_interfaces/share/zed_interfaces/cmake/zed_interfacesConfig-version.cmake
[5.251s] -- Up-to-date symlink: /home/mael/ros2_ws/install/zed_interfaces/share/zed_interfaces/package.xml
[5.251s] -- Up-to-date: /home/mael/ros2_ws/install/zed_interfaces/lib/libzed_interfaces__rosidl_generator_c.so
[5.252s] -- Up-to-date: /home/mael/ros2_ws/install/zed_interfaces/lib/libzed_interfaces__rosidl_typesupport_fastrtps_c.so
[5.252s] -- Up-to-date: /home/mael/ros2_ws/install/zed_interfaces/lib/libzed_interfaces__rosidl_typesupport_fastrtps_cpp.so
[5.253s] -- Up-to-date: /home/mael/ros2_ws/install/zed_interfaces/lib/libzed_interfaces__rosidl_typesupport_introspection_c.so
[5.253s] -- Up-to-date: /home/mael/ros2_ws/install/zed_interfaces/lib/libzed_interfaces__rosidl_typesupport_c.so
[5.254s] -- Up-to-date: /home/mael/ros2_ws/install/zed_interfaces/lib/libzed_interfaces__rosidl_typesupport_introspection_cpp.so
[5.254s] -- Up-to-date: /home/mael/ros2_ws/install/zed_interfaces/lib/libzed_interfaces__rosidl_typesupport_cpp.so
[5.296s] Listing '/home/mael/ros2_ws/install/zed_interfaces/local/lib/python3.10/dist-packages/zed_interfaces'...
[5.296s] Listing '/home/mael/ros2_ws/install/zed_interfaces/local/lib/python3.10/dist-packages/zed_interfaces/msg'...
[5.296s] Listing '/home/mael/ros2_ws/install/zed_interfaces/local/lib/python3.10/dist-packages/zed_interfaces/srv'...
[5.301s] -- Up-to-date: /home/mael/ros2_ws/install/zed_interfaces/lib/libzed_interfaces__rosidl_generator_py.so
[5.301s] -- Up-to-date: /home/mael/ros2_ws/install/zed_interfaces/share/zed_interfaces/cmake/export_zed_interfaces__rosidl_generator_cExport.cmake
[5.301s] -- Up-to-date: /home/mael/ros2_ws/install/zed_interfaces/share/zed_interfaces/cmake/export_zed_interfaces__rosidl_generator_cExport-noconfig.cmake
[5.302s] -- Up-to-date: /home/mael/ros2_ws/install/zed_interfaces/share/zed_interfaces/cmake/export_zed_interfaces__rosidl_typesupport_fastrtps_cExport.cmake
[5.302s] -- Up-to-date: /home/mael/ros2_ws/install/zed_interfaces/share/zed_interfaces/cmake/export_zed_interfaces__rosidl_typesupport_fastrtps_cExport-noconfig.cmake
[5.302s] -- Up-to-date: /home/mael/ros2_ws/install/zed_interfaces/share/zed_interfaces/cmake/export_zed_interfaces__rosidl_generator_cppExport.cmake
[5.302s] -- Up-to-date: /home/mael/ros2_ws/install/zed_interfaces/share/zed_interfaces/cmake/export_zed_interfaces__rosidl_typesupport_fastrtps_cppExport.cmake
[5.302s] -- Up-to-date: /home/mael/ros2_ws/install/zed_interfaces/share/zed_interfaces/cmake/export_zed_interfaces__rosidl_typesupport_fastrtps_cppExport-noconfig.cmake
[5.302s] -- Up-to-date: /home/mael/ros2_ws/install/zed_interfaces/share/zed_interfaces/cmake/zed_interfaces__rosidl_typesupport_introspection_cExport.cmake
[5.303s] -- Up-to-date: /home/mael/ros2_ws/install/zed_interfaces/share/zed_interfaces/cmake/zed_interfaces__rosidl_typesupport_introspection_cExport-noconfig.cmake
[5.303s] -- Up-to-date: /home/mael/ros2_ws/install/zed_interfaces/share/zed_interfaces/cmake/zed_interfaces__rosidl_typesupport_cExport.cmake
[5.303s] -- Up-to-date: /home/mael/ros2_ws/install/zed_interfaces/share/zed_interfaces/cmake/zed_interfaces__rosidl_typesupport_cExport-noconfig.cmake
[5.303s] -- Up-to-date: /home/mael/ros2_ws/install/zed_interfaces/share/zed_interfaces/cmake/zed_interfaces__rosidl_typesupport_introspection_cppExport.cmake
[5.303s] -- Up-to-date: /home/mael/ros2_ws/install/zed_interfaces/share/zed_interfaces/cmake/zed_interfaces__rosidl_typesupport_introspection_cppExport-noconfig.cmake
[5.303s] -- Up-to-date: /home/mael/ros2_ws/install/zed_interfaces/share/zed_interfaces/cmake/zed_interfaces__rosidl_typesupport_cppExport.cmake
[5.303s] -- Up-to-date: /home/mael/ros2_ws/install/zed_interfaces/share/zed_interfaces/cmake/zed_interfaces__rosidl_typesupport_cppExport-noconfig.cmake
[5.303s] -- Up-to-date: /home/mael/ros2_ws/install/zed_interfaces/share/zed_interfaces/cmake/export_zed_interfaces__rosidl_generator_pyExport.cmake
[5.304s] -- Up-to-date: /home/mael/ros2_ws/install/zed_interfaces/share/zed_interfaces/cmake/export_zed_interfaces__rosidl_generator_pyExport-noconfig.cmake
[5.725s] Invoked command in '/home/mael/ros2_ws/build/zed_interfaces' returned '0': CMAKE_PREFIX_PATH=${CMAKE_PREFIX_PATH}:/home/mael/ros2_ws/install/ros_tcp_endpoint:/home/mael/ros2_ws/install/baxter_joint_controller:/home/mael/ros2_ws/install/baxter_6dof_vr:/opt/ros/humble /usr/bin/cmake --install /home/mael/ros2_ws/build/zed_interfaces
