[6.875s] Invoking command in '/home/mael/ros2_ws/build/pcl_ros': CMAKE_PREFIX_PATH=/home/mael/ros2_ws/install/pcl_conversions:/home/mael/ros2_ws/install/zed_ros2:/home/mael/ros2_ws/install/zed_wrapper:/home/mael/ros2_ws/install/zed_components:/home/mael/ros2_ws/install/zed_interfaces:/home/mael/ros2_ws/install/baxter_moveit_ros2:/home/mael/ros2_ws/install/baxter_description:/home/mael/ros2_ws/install/rethink_ee_description:/home/mael/ros2_ws/install/perception_pcl:/home/mael/ros2_ws/install/pcl_ros:/home/mael/ros2_ws/install/baxter_maintenance_msgs:/home/mael/ros2_ws/install/baxter_core_msgs:/home/mael/ros2_ws/install/apriltag_ros_pose:/home/mael/ros2_ws/install/apriltag_ros2:/home/mael/ros2_ws/install/ros_tcp_endpoint:/home/mael/ros2_ws/install/baxter_joint_controller:/home/mael/ros2_ws/install/baxter_6dof_vr:/opt/ros/humble /usr/bin/cmake --build /home/mael/ros2_ws/build/pcl_ros -- -j8 -l8
[6.958s] [  6%] Built target filter_project_inliers_node
[6.965s] [ 12%] Built target filter_passthrough_node
[6.967s] [ 19%] Built target filter_voxel_grid_node
[6.968s] [ 25%] Built target filter_extract_indices_node
[6.969s] [ 32%] Built target filter_radius_outlier_removal_node
[6.971s] [ 38%] Built target filter_statistical_outlier_removal_node
[6.975s] [ 45%] Built target pcl_ros_tf
[6.978s] [ 51%] Built target filter_crop_box_node
[7.005s] [ 58%] Built target pcd_to_pointcloud
[7.008s] [ 64%] Built target pcd_to_pointcloud_lib
[7.016s] [ 70%] Built target dummy_topics
[7.039s] [100%] Built target pcl_ros_filters
[9.728s] Invoked command in '/home/mael/ros2_ws/build/pcl_ros' returned '0': CMAKE_PREFIX_PATH=/home/mael/ros2_ws/install/pcl_conversions:/home/mael/ros2_ws/install/zed_ros2:/home/mael/ros2_ws/install/zed_wrapper:/home/mael/ros2_ws/install/zed_components:/home/mael/ros2_ws/install/zed_interfaces:/home/mael/ros2_ws/install/baxter_moveit_ros2:/home/mael/ros2_ws/install/baxter_description:/home/mael/ros2_ws/install/rethink_ee_description:/home/mael/ros2_ws/install/perception_pcl:/home/mael/ros2_ws/install/pcl_ros:/home/mael/ros2_ws/install/baxter_maintenance_msgs:/home/mael/ros2_ws/install/baxter_core_msgs:/home/mael/ros2_ws/install/apriltag_ros_pose:/home/mael/ros2_ws/install/apriltag_ros2:/home/mael/ros2_ws/install/ros_tcp_endpoint:/home/mael/ros2_ws/install/baxter_joint_controller:/home/mael/ros2_ws/install/baxter_6dof_vr:/opt/ros/humble /usr/bin/cmake --build /home/mael/ros2_ws/build/pcl_ros -- -j8 -l8
[9.813s] Invoking command in '/home/mael/ros2_ws/build/pcl_ros': CMAKE_PREFIX_PATH=/home/mael/ros2_ws/install/pcl_conversions:/home/mael/ros2_ws/install/zed_ros2:/home/mael/ros2_ws/install/zed_wrapper:/home/mael/ros2_ws/install/zed_components:/home/mael/ros2_ws/install/zed_interfaces:/home/mael/ros2_ws/install/baxter_moveit_ros2:/home/mael/ros2_ws/install/baxter_description:/home/mael/ros2_ws/install/rethink_ee_description:/home/mael/ros2_ws/install/perception_pcl:/home/mael/ros2_ws/install/pcl_ros:/home/mael/ros2_ws/install/baxter_maintenance_msgs:/home/mael/ros2_ws/install/baxter_core_msgs:/home/mael/ros2_ws/install/apriltag_ros_pose:/home/mael/ros2_ws/install/apriltag_ros2:/home/mael/ros2_ws/install/ros_tcp_endpoint:/home/mael/ros2_ws/install/baxter_joint_controller:/home/mael/ros2_ws/install/baxter_6dof_vr:/opt/ros/humble /usr/bin/cmake --install /home/mael/ros2_ws/build/pcl_ros
[9.822s] -- Install configuration: ""
[9.823s] -- Execute custom install script
[9.835s] -- Up-to-date symlink: /home/mael/ros2_ws/install/pcl_ros/lib/pcl_ros/filter_extract_indices_node
[9.835s] -- Up-to-date symlink: /home/mael/ros2_ws/install/pcl_ros/lib/pcl_ros/filter_passthrough_node
[9.836s] -- Up-to-date symlink: /home/mael/ros2_ws/install/pcl_ros/lib/pcl_ros/filter_project_inliers_node
[9.836s] -- Up-to-date symlink: /home/mael/ros2_ws/install/pcl_ros/lib/pcl_ros/filter_radius_outlier_removal_node
[9.836s] -- Up-to-date symlink: /home/mael/ros2_ws/install/pcl_ros/lib/pcl_ros/filter_statistical_outlier_removal_node
[9.836s] -- Up-to-date symlink: /home/mael/ros2_ws/install/pcl_ros/lib/pcl_ros/filter_crop_box_node
[9.850s] -- Up-to-date symlink: /home/mael/ros2_ws/install/pcl_ros/lib/pcl_ros/filter_voxel_grid_node
[9.850s] -- Up-to-date symlink: /home/mael/ros2_ws/install/pcl_ros/lib/pcl_ros/pcd_to_pointcloud
[9.850s] -- Up-to-date symlink: /home/mael/ros2_ws/install/pcl_ros/include/pcl_ros/pcl_ros/features/boundary.hpp
[9.850s] -- Up-to-date symlink: /home/mael/ros2_ws/install/pcl_ros/include/pcl_ros/pcl_ros/features/feature.hpp
[9.850s] -- Up-to-date symlink: /home/mael/ros2_ws/install/pcl_ros/include/pcl_ros/pcl_ros/features/fpfh.hpp
[9.850s] -- Up-to-date symlink: /home/mael/ros2_ws/install/pcl_ros/include/pcl_ros/pcl_ros/features/fpfh_omp.hpp
[9.850s] -- Up-to-date symlink: /home/mael/ros2_ws/install/pcl_ros/include/pcl_ros/pcl_ros/features/moment_invariants.hpp
[9.850s] -- Up-to-date symlink: /home/mael/ros2_ws/install/pcl_ros/include/pcl_ros/pcl_ros/features/normal_3d.hpp
[9.850s] -- Up-to-date symlink: /home/mael/ros2_ws/install/pcl_ros/include/pcl_ros/pcl_ros/features/normal_3d_omp.hpp
[9.851s] -- Up-to-date symlink: /home/mael/ros2_ws/install/pcl_ros/include/pcl_ros/pcl_ros/features/normal_3d_tbb.hpp
[9.851s] -- Up-to-date symlink: /home/mael/ros2_ws/install/pcl_ros/include/pcl_ros/pcl_ros/features/pfh.hpp
[9.851s] -- Up-to-date symlink: /home/mael/ros2_ws/install/pcl_ros/include/pcl_ros/pcl_ros/features/principal_curvatures.hpp
[9.851s] -- Up-to-date symlink: /home/mael/ros2_ws/install/pcl_ros/include/pcl_ros/pcl_ros/features/shot.hpp
[9.851s] -- Up-to-date symlink: /home/mael/ros2_ws/install/pcl_ros/include/pcl_ros/pcl_ros/features/shot_omp.hpp
[9.851s] -- Up-to-date symlink: /home/mael/ros2_ws/install/pcl_ros/include/pcl_ros/pcl_ros/features/vfh.hpp
[9.851s] -- Up-to-date symlink: /home/mael/ros2_ws/install/pcl_ros/include/pcl_ros/pcl_ros/filters/crop_box.hpp
[9.851s] -- Up-to-date symlink: /home/mael/ros2_ws/install/pcl_ros/include/pcl_ros/pcl_ros/filters/extract_indices.hpp
[9.852s] -- Up-to-date symlink: /home/mael/ros2_ws/install/pcl_ros/include/pcl_ros/pcl_ros/filters/filter.hpp
[9.852s] -- Up-to-date symlink: /home/mael/ros2_ws/install/pcl_ros/include/pcl_ros/pcl_ros/filters/passthrough.hpp
[9.852s] -- Up-to-date symlink: /home/mael/ros2_ws/install/pcl_ros/include/pcl_ros/pcl_ros/filters/project_inliers.hpp
[9.852s] -- Up-to-date symlink: /home/mael/ros2_ws/install/pcl_ros/include/pcl_ros/pcl_ros/filters/radius_outlier_removal.hpp
[9.852s] -- Up-to-date symlink: /home/mael/ros2_ws/install/pcl_ros/include/pcl_ros/pcl_ros/filters/statistical_outlier_removal.hpp
[9.852s] -- Up-to-date symlink: /home/mael/ros2_ws/install/pcl_ros/include/pcl_ros/pcl_ros/filters/voxel_grid.hpp
[9.852s] -- Up-to-date symlink: /home/mael/ros2_ws/install/pcl_ros/include/pcl_ros/pcl_ros/impl/transforms.hpp
[9.853s] -- Up-to-date symlink: /home/mael/ros2_ws/install/pcl_ros/include/pcl_ros/pcl_ros/io/bag_io.hpp
[9.853s] -- Up-to-date symlink: /home/mael/ros2_ws/install/pcl_ros/include/pcl_ros/pcl_ros/io/concatenate_data.hpp
[9.853s] -- Up-to-date symlink: /home/mael/ros2_ws/install/pcl_ros/include/pcl_ros/pcl_ros/io/concatenate_fields.hpp
[9.857s] -- Up-to-date symlink: /home/mael/ros2_ws/install/pcl_ros/include/pcl_ros/pcl_ros/io/pcd_io.hpp
[9.861s] -- Up-to-date symlink: /home/mael/ros2_ws/install/pcl_ros/include/pcl_ros/pcl_ros/pcl_node.hpp
[9.861s] -- Up-to-date symlink: /home/mael/ros2_ws/install/pcl_ros/include/pcl_ros/pcl_ros/point_cloud.hpp
[9.862s] -- Up-to-date symlink: /home/mael/ros2_ws/install/pcl_ros/include/pcl_ros/pcl_ros/publisher.hpp
[9.862s] -- Up-to-date symlink: /home/mael/ros2_ws/install/pcl_ros/include/pcl_ros/pcl_ros/segmentation/extract_clusters.hpp
[9.862s] -- Up-to-date symlink: /home/mael/ros2_ws/install/pcl_ros/include/pcl_ros/pcl_ros/segmentation/extract_polygonal_prism_data.hpp
[9.862s] -- Up-to-date symlink: /home/mael/ros2_ws/install/pcl_ros/include/pcl_ros/pcl_ros/segmentation/sac_segmentation.hpp
[9.862s] -- Up-to-date symlink: /home/mael/ros2_ws/install/pcl_ros/include/pcl_ros/pcl_ros/segmentation/segment_differences.hpp
[9.863s] -- Up-to-date symlink: /home/mael/ros2_ws/install/pcl_ros/include/pcl_ros/pcl_ros/surface/convex_hull.hpp
[9.863s] -- Up-to-date symlink: /home/mael/ros2_ws/install/pcl_ros/include/pcl_ros/pcl_ros/surface/moving_least_squares.hpp
[9.863s] -- Up-to-date symlink: /home/mael/ros2_ws/install/pcl_ros/include/pcl_ros/pcl_ros/transforms.hpp
[9.863s] -- Up-to-date symlink: /home/mael/ros2_ws/install/pcl_ros/share/pcl_ros/plugins/nodelet/libpcl_ros_features.xml
[9.863s] -- Up-to-date symlink: /home/mael/ros2_ws/install/pcl_ros/share/pcl_ros/plugins/nodelet/libpcl_ros_filters.xml
[9.864s] -- Up-to-date symlink: /home/mael/ros2_ws/install/pcl_ros/share/pcl_ros/plugins/nodelet/libpcl_ros_io.xml
[9.867s] -- Up-to-date symlink: /home/mael/ros2_ws/install/pcl_ros/share/pcl_ros/plugins/nodelet/libpcl_ros_segmentation.xml
[9.867s] -- Up-to-date symlink: /home/mael/ros2_ws/install/pcl_ros/share/pcl_ros/plugins/nodelet/libpcl_ros_surface.xml
[9.867s] -- Up-to-date symlink: /home/mael/ros2_ws/install/pcl_ros/share/pcl_ros/samples/data/.gitignore
[9.867s] -- Up-to-date symlink: /home/mael/ros2_ws/install/pcl_ros/share/pcl_ros/samples/pcl_ros/features/sample_normal_3d.launch
[9.870s] -- Up-to-date symlink: /home/mael/ros2_ws/install/pcl_ros/share/pcl_ros/samples/pcl_ros/filters/config/statistical_outlier_removal.rviz
[9.870s] -- Up-to-date symlink: /home/mael/ros2_ws/install/pcl_ros/share/pcl_ros/samples/pcl_ros/filters/config/voxel_grid.rviz
[9.870s] -- Up-to-date symlink: /home/mael/ros2_ws/install/pcl_ros/share/pcl_ros/samples/pcl_ros/filters/sample_statistical_outlier_removal.launch
[9.871s] -- Up-to-date symlink: /home/mael/ros2_ws/install/pcl_ros/share/pcl_ros/samples/pcl_ros/filters/sample_voxel_grid.launch
[9.871s] -- Up-to-date symlink: /home/mael/ros2_ws/install/pcl_ros/share/pcl_ros/samples/pcl_ros/io/sample_concatenate_data.launch
[9.871s] -- Up-to-date symlink: /home/mael/ros2_ws/install/pcl_ros/share/pcl_ros/samples/pcl_ros/segmentation/sample_extract_clusters.launch
[9.871s] -- Up-to-date symlink: /home/mael/ros2_ws/install/pcl_ros/share/pcl_ros/samples/pcl_ros/surface/sample_convex_hull.launch
[9.871s] -- Up-to-date symlink: /home/mael/ros2_ws/install/pcl_ros/share/pcl_ros/environment/library_path.sh
[9.871s] -- Up-to-date symlink: /home/mael/ros2_ws/install/pcl_ros/share/pcl_ros/environment/library_path.dsv
[9.871s] -- Up-to-date symlink: /home/mael/ros2_ws/install/pcl_ros/share/ament_index/resource_index/package_run_dependencies/pcl_ros
[9.871s] -- Up-to-date symlink: /home/mael/ros2_ws/install/pcl_ros/share/ament_index/resource_index/parent_prefix_path/pcl_ros
[9.872s] -- Up-to-date symlink: /home/mael/ros2_ws/install/pcl_ros/share/pcl_ros/environment/ament_prefix_path.sh
[9.872s] -- Up-to-date symlink: /home/mael/ros2_ws/install/pcl_ros/share/pcl_ros/environment/ament_prefix_path.dsv
[9.872s] -- Up-to-date symlink: /home/mael/ros2_ws/install/pcl_ros/share/pcl_ros/environment/path.sh
[9.872s] -- Up-to-date symlink: /home/mael/ros2_ws/install/pcl_ros/share/pcl_ros/environment/path.dsv
[9.872s] -- Up-to-date symlink: /home/mael/ros2_ws/install/pcl_ros/share/pcl_ros/local_setup.bash
[9.872s] -- Up-to-date symlink: /home/mael/ros2_ws/install/pcl_ros/share/pcl_ros/local_setup.sh
[9.872s] -- Up-to-date symlink: /home/mael/ros2_ws/install/pcl_ros/share/pcl_ros/local_setup.zsh
[9.872s] -- Up-to-date symlink: /home/mael/ros2_ws/install/pcl_ros/share/pcl_ros/local_setup.dsv
[9.872s] -- Symlinking: /home/mael/ros2_ws/install/pcl_ros/share/pcl_ros/package.dsv
[9.874s] -- Up-to-date symlink: /home/mael/ros2_ws/install/pcl_ros/share/ament_index/resource_index/packages/pcl_ros
[9.874s] -- Up-to-date symlink: /home/mael/ros2_ws/install/pcl_ros/share/ament_index/resource_index/rclcpp_components/pcl_ros
[9.874s] -- Up-to-date symlink: /home/mael/ros2_ws/install/pcl_ros/share/pcl_ros/cmake/ament_cmake_export_include_directories-extras.cmake
[9.876s] -- Up-to-date symlink: /home/mael/ros2_ws/install/pcl_ros/share/pcl_ros/cmake/ament_cmake_export_libraries-extras.cmake
[9.876s] -- Up-to-date symlink: /home/mael/ros2_ws/install/pcl_ros/share/pcl_ros/cmake/ament_cmake_export_targets-extras.cmake
[9.876s] -- Up-to-date symlink: /home/mael/ros2_ws/install/pcl_ros/share/pcl_ros/cmake/ament_cmake_export_dependencies-extras.cmake
[9.877s] -- Up-to-date symlink: /home/mael/ros2_ws/install/pcl_ros/share/pcl_ros/cmake/pcl_rosConfig.cmake
[9.877s] -- Up-to-date symlink: /home/mael/ros2_ws/install/pcl_ros/share/pcl_ros/cmake/pcl_rosConfig-version.cmake
[9.877s] -- Up-to-date symlink: /home/mael/ros2_ws/install/pcl_ros/share/pcl_ros/package.xml
[9.877s] -- Up-to-date: /home/mael/ros2_ws/install/pcl_ros/lib/libpcl_ros_tf.a
[9.880s] -- Up-to-date: /home/mael/ros2_ws/install/pcl_ros/lib/libpcd_to_pointcloud_lib.so
[9.883s] -- Up-to-date: /home/mael/ros2_ws/install/pcl_ros/lib/libpcl_ros_filters.so
[9.883s] -- Up-to-date: /home/mael/ros2_ws/install/pcl_ros/share/pcl_ros/cmake/export_pcl_rosExport.cmake
[9.883s] -- Up-to-date: /home/mael/ros2_ws/install/pcl_ros/share/pcl_ros/cmake/export_pcl_rosExport-noconfig.cmake
[11.113s] Invoked command in '/home/mael/ros2_ws/build/pcl_ros' returned '0': CMAKE_PREFIX_PATH=/home/mael/ros2_ws/install/pcl_conversions:/home/mael/ros2_ws/install/zed_ros2:/home/mael/ros2_ws/install/zed_wrapper:/home/mael/ros2_ws/install/zed_components:/home/mael/ros2_ws/install/zed_interfaces:/home/mael/ros2_ws/install/baxter_moveit_ros2:/home/mael/ros2_ws/install/baxter_description:/home/mael/ros2_ws/install/rethink_ee_description:/home/mael/ros2_ws/install/perception_pcl:/home/mael/ros2_ws/install/pcl_ros:/home/mael/ros2_ws/install/baxter_maintenance_msgs:/home/mael/ros2_ws/install/baxter_core_msgs:/home/mael/ros2_ws/install/apriltag_ros_pose:/home/mael/ros2_ws/install/apriltag_ros2:/home/mael/ros2_ws/install/ros_tcp_endpoint:/home/mael/ros2_ws/install/baxter_joint_controller:/home/mael/ros2_ws/install/baxter_6dof_vr:/opt/ros/humble /usr/bin/cmake --install /home/mael/ros2_ws/build/pcl_ros
