[0.011s] Invoking command in '/home/mael/ros2_ws/build/zed_components': CMAKE_PREFIX_PATH=/home/mael/ros2_ws/install/zed_interfaces:/home/mael/ros2_ws/install/zed_ros2:/home/mael/ros2_ws/install/zed_wrapper:/home/mael/ros2_ws/install/zed_components:/home/mael/ros2_ws/install/baxter_moveit_ros2:/home/mael/ros2_ws/install/baxter_description:/home/mael/ros2_ws/install/rethink_ee_description:/home/mael/ros2_ws/install/perception_pcl:/home/mael/ros2_ws/install/pcl_ros:/home/mael/ros2_ws/install/pcl_conversions:/home/mael/ros2_ws/install/baxter_maintenance_msgs:/home/mael/ros2_ws/install/baxter_core_msgs:/home/mael/ros2_ws/install/apriltag_ros_pose:/home/mael/ros2_ws/install/apriltag_ros2:/home/mael/ros2_ws/install/ros_tcp_endpoint:/home/mael/ros2_ws/install/baxter_joint_controller:/home/mael/ros2_ws/install/baxter_6dof_vr:/opt/ros/humble LD_LIBRARY_PATH=/home/mael/ros2_ws/install/zed_interfaces/lib:/home/mael/ros2_ws/install/zed_components/lib:/home/mael/ros2_ws/install/pcl_ros/lib:/home/mael/ros2_ws/install/baxter_maintenance_msgs/lib:/home/mael/ros2_ws/install/baxter_core_msgs/lib:/home/mael/ros2_ws/install/apriltag_ros_pose/lib:/home/mael/ros2_ws/install/apriltag_ros2/lib:/opt/ros/humble/opt/rviz_ogre_vendor/lib:/opt/ros/humble/lib/x86_64-linux-gnu:/opt/ros/humble/lib /usr/bin/cmake /home/mael/ros2_ws/src/zed-ros2-wrapper/zed_components -DAMENT_CMAKE_SYMLINK_INSTALL=1 -DCMAKE_INSTALL_PREFIX=/home/mael/ros2_ws/install/zed_components
[0.200s] -- The C compiler identification is GNU 11.3.0
[0.358s] -- The CXX compiler identification is GNU 11.3.0
[0.364s] -- Detecting C compiler ABI info
[0.556s] -- Detecting C compiler ABI info - done
[0.568s] -- Check for working C compiler: /usr/bin/cc - skipped
[0.568s] -- Detecting C compile features
[0.568s] -- Detecting C compile features - done
[0.572s] -- Detecting CXX compiler ABI info
[0.756s] -- Detecting CXX compiler ABI info - done
[0.769s] -- Check for working CXX compiler: /usr/bin/c++ - skipped
[0.769s] -- Detecting CXX compile features
[0.770s] -- Detecting CXX compile features - done
[0.979s] -- Looking for sgemm_
[2.933s] -- Looking for sgemm_ - not found
[2.934s] -- Looking for pthread.h
[4.198s] -- Looking for pthread.h - found
[4.199s] -- Performing Test CMAKE_HAVE_LIBC_PTHREAD
[5.213s] -- Performing Test CMAKE_HAVE_LIBC_PTHREAD - Success
[5.214s] -- Found Threads: TRUE  
[5.247s] -- Looking for sgemm_
[8.541s] -- Looking for sgemm_ - found
[8.542s] -- Found BLAS: /usr/lib/x86_64-linux-gnu/libopenblas.so  
[11.652s] -- Found CUDA: /usr/local/cuda (found suitable version "12.1", minimum required is "12") 
[102.354s] -- Found CUDA: /usr/local/cuda (found version "12.1") 
[102.365s] -- Found ament_cmake_auto: 1.3.5 (/opt/ros/humble/share/ament_cmake_auto/cmake)
[102.573s] -- Found Python3: /usr/bin/python3.10 (found version "3.10.6") found components: Interpreter 
[102.777s] -- Override CMake install command with custom implementation using symlinks instead of copying resources
[103.005s] -- Found rosidl_generator_c: 3.1.4 (/opt/ros/humble/share/rosidl_generator_c/cmake)
[103.016s] -- Found rosidl_adapter: 3.1.4 (/opt/ros/humble/share/rosidl_adapter/cmake)
[103.033s] -- Found rosidl_generator_cpp: 3.1.4 (/opt/ros/humble/share/rosidl_generator_cpp/cmake)
[103.059s] -- Using all available rosidl_typesupport_c: rosidl_typesupport_fastrtps_c;rosidl_typesupport_introspection_c
[103.096s] -- Using all available rosidl_typesupport_cpp: rosidl_typesupport_fastrtps_cpp;rosidl_typesupport_introspection_cpp
[103.606s] -- Found rmw_implementation_cmake: 6.1.1 (/opt/ros/humble/share/rmw_implementation_cmake/cmake)
[103.611s] -- Found rmw_fastrtps_cpp: 6.2.2 (/opt/ros/humble/share/rmw_fastrtps_cpp/cmake)
[103.748s] -- Found OpenSSL: /usr/lib/x86_64-linux-gnu/libcrypto.so (found version "3.0.2")  
[103.779s] -- Found FastRTPS: /opt/ros/humble/include  
[103.838s] -- Using RMW implementation 'rmw_fastrtps_cpp' as default
[105.424s] -- Found eigen3_cmake_module: 0.1.1 (/opt/ros/humble/share/eigen3_cmake_module/cmake)
[105.426s] -- Found Eigen3: TRUE (found version "3.4.0") 
[105.426s] -- Ensuring Eigen3 include directory is part of orocos-kdl CMake target
[106.137s] -- Found ament_lint_auto: 0.12.6 (/opt/ros/humble/share/ament_lint_auto/cmake)
[106.175s] -- Added test 'copyright' to check source files copyright and LICENSE
[106.177s] -- Added test 'cppcheck' to perform static code analysis on C / C++ code
[106.178s] -- Configured cppcheck include dirs: /home/mael/ros2_ws/src/zed-ros2-wrapper/zed_components/src/include;/home/mael/ros2_ws/src/zed-ros2-wrapper/zed_components/src/zed_camera/include;/home/mael/ros2_ws/src/zed-ros2-wrapper/zed_components/src/tools/include
[106.178s] -- Configured cppcheck exclude dirs and/or files: 
[106.179s] -- Added test 'lint_cmake' to check CMake code style
[106.181s] -- Added test 'uncrustify' to check C / C++ code style
[106.181s] -- Configured uncrustify additional arguments: 
[106.182s] -- Added test 'xmllint' to check XML markup files
[106.185s] -- Configuring done
[106.210s] -- Generating done
[106.212s] -- Build files have been written to: /home/mael/ros2_ws/build/zed_components
[106.234s] Invoked command in '/home/mael/ros2_ws/build/zed_components' returned '0': CMAKE_PREFIX_PATH=/home/mael/ros2_ws/install/zed_interfaces:/home/mael/ros2_ws/install/zed_ros2:/home/mael/ros2_ws/install/zed_wrapper:/home/mael/ros2_ws/install/zed_components:/home/mael/ros2_ws/install/baxter_moveit_ros2:/home/mael/ros2_ws/install/baxter_description:/home/mael/ros2_ws/install/rethink_ee_description:/home/mael/ros2_ws/install/perception_pcl:/home/mael/ros2_ws/install/pcl_ros:/home/mael/ros2_ws/install/pcl_conversions:/home/mael/ros2_ws/install/baxter_maintenance_msgs:/home/mael/ros2_ws/install/baxter_core_msgs:/home/mael/ros2_ws/install/apriltag_ros_pose:/home/mael/ros2_ws/install/apriltag_ros2:/home/mael/ros2_ws/install/ros_tcp_endpoint:/home/mael/ros2_ws/install/baxter_joint_controller:/home/mael/ros2_ws/install/baxter_6dof_vr:/opt/ros/humble LD_LIBRARY_PATH=/home/mael/ros2_ws/install/zed_interfaces/lib:/home/mael/ros2_ws/install/zed_components/lib:/home/mael/ros2_ws/install/pcl_ros/lib:/home/mael/ros2_ws/install/baxter_maintenance_msgs/lib:/home/mael/ros2_ws/install/baxter_core_msgs/lib:/home/mael/ros2_ws/install/apriltag_ros_pose/lib:/home/mael/ros2_ws/install/apriltag_ros2/lib:/opt/ros/humble/opt/rviz_ogre_vendor/lib:/opt/ros/humble/lib/x86_64-linux-gnu:/opt/ros/humble/lib /usr/bin/cmake /home/mael/ros2_ws/src/zed-ros2-wrapper/zed_components -DAMENT_CMAKE_SYMLINK_INSTALL=1 -DCMAKE_INSTALL_PREFIX=/home/mael/ros2_ws/install/zed_components
[106.234s] Invoking command in '/home/mael/ros2_ws/build/zed_components': CMAKE_PREFIX_PATH=/home/mael/ros2_ws/install/zed_interfaces:/home/mael/ros2_ws/install/zed_ros2:/home/mael/ros2_ws/install/zed_wrapper:/home/mael/ros2_ws/install/zed_components:/home/mael/ros2_ws/install/baxter_moveit_ros2:/home/mael/ros2_ws/install/baxter_description:/home/mael/ros2_ws/install/rethink_ee_description:/home/mael/ros2_ws/install/perception_pcl:/home/mael/ros2_ws/install/pcl_ros:/home/mael/ros2_ws/install/pcl_conversions:/home/mael/ros2_ws/install/baxter_maintenance_msgs:/home/mael/ros2_ws/install/baxter_core_msgs:/home/mael/ros2_ws/install/apriltag_ros_pose:/home/mael/ros2_ws/install/apriltag_ros2:/home/mael/ros2_ws/install/ros_tcp_endpoint:/home/mael/ros2_ws/install/baxter_joint_controller:/home/mael/ros2_ws/install/baxter_6dof_vr:/opt/ros/humble LD_LIBRARY_PATH=/home/mael/ros2_ws/install/zed_interfaces/lib:/home/mael/ros2_ws/install/zed_components/lib:/home/mael/ros2_ws/install/pcl_ros/lib:/home/mael/ros2_ws/install/baxter_maintenance_msgs/lib:/home/mael/ros2_ws/install/baxter_core_msgs/lib:/home/mael/ros2_ws/install/apriltag_ros_pose/lib:/home/mael/ros2_ws/install/apriltag_ros2/lib:/opt/ros/humble/opt/rviz_ogre_vendor/lib:/opt/ros/humble/lib/x86_64-linux-gnu:/opt/ros/humble/lib /usr/bin/cmake --build /home/mael/ros2_ws/build/zed_components -- -j8 -l8
[106.275s] [ 25%] [32mBuilding CXX object CMakeFiles/zed_camera_component.dir/src/tools/src/sl_tools.cpp.o[0m
[107.961s] [ 50%] [32mBuilding CXX object CMakeFiles/zed_camera_component.dir/src/zed_camera/src/zed_camera_component.cpp.o[0m
[109.066s] In file included from [01m[K/home/mael/ros2_ws/src/zed-ros2-wrapper/zed_components/src/zed_camera/include/zed_camera_component.hpp:19[m[K,
[109.067s]                  from [01m[K/home/mael/ros2_ws/src/zed-ros2-wrapper/zed_components/src/zed_camera/src/zed_camera_component.cpp:20[m[K:
[109.067s] [01m[K/usr/local/zed/include/sl/Fusion.hpp:68:64:[m[K [01;36m[Knote: [m[K‘[01m[K#pragma message: ~ FUSION SDK is distributed in Early Access ~[m[K’
[109.067s]    68 | #pragma message("~ FUSION SDK is distributed in Early Access ~"[01;36m[K)[m[K
[109.067s]       |                                                                [01;36m[K^[m[K
[165.535s] [ 75%] [32mBuilding CXX object CMakeFiles/zed_camera_component.dir/src/tools/src/sl_win_avg.cpp.o[0m
[166.413s] [100%] [32m[1mLinking CXX shared library libzed_camera_component.so[0m
[181.126s] [100%] Built target zed_camera_component
[181.136s] Invoked command in '/home/mael/ros2_ws/build/zed_components' returned '0': CMAKE_PREFIX_PATH=/home/mael/ros2_ws/install/zed_interfaces:/home/mael/ros2_ws/install/zed_ros2:/home/mael/ros2_ws/install/zed_wrapper:/home/mael/ros2_ws/install/zed_components:/home/mael/ros2_ws/install/baxter_moveit_ros2:/home/mael/ros2_ws/install/baxter_description:/home/mael/ros2_ws/install/rethink_ee_description:/home/mael/ros2_ws/install/perception_pcl:/home/mael/ros2_ws/install/pcl_ros:/home/mael/ros2_ws/install/pcl_conversions:/home/mael/ros2_ws/install/baxter_maintenance_msgs:/home/mael/ros2_ws/install/baxter_core_msgs:/home/mael/ros2_ws/install/apriltag_ros_pose:/home/mael/ros2_ws/install/apriltag_ros2:/home/mael/ros2_ws/install/ros_tcp_endpoint:/home/mael/ros2_ws/install/baxter_joint_controller:/home/mael/ros2_ws/install/baxter_6dof_vr:/opt/ros/humble LD_LIBRARY_PATH=/home/mael/ros2_ws/install/zed_interfaces/lib:/home/mael/ros2_ws/install/zed_components/lib:/home/mael/ros2_ws/install/pcl_ros/lib:/home/mael/ros2_ws/install/baxter_maintenance_msgs/lib:/home/mael/ros2_ws/install/baxter_core_msgs/lib:/home/mael/ros2_ws/install/apriltag_ros_pose/lib:/home/mael/ros2_ws/install/apriltag_ros2/lib:/opt/ros/humble/opt/rviz_ogre_vendor/lib:/opt/ros/humble/lib/x86_64-linux-gnu:/opt/ros/humble/lib /usr/bin/cmake --build /home/mael/ros2_ws/build/zed_components -- -j8 -l8
[181.167s] Invoking command in '/home/mael/ros2_ws/build/zed_components': CMAKE_PREFIX_PATH=/home/mael/ros2_ws/install/zed_interfaces:/home/mael/ros2_ws/install/zed_ros2:/home/mael/ros2_ws/install/zed_wrapper:/home/mael/ros2_ws/install/zed_components:/home/mael/ros2_ws/install/baxter_moveit_ros2:/home/mael/ros2_ws/install/baxter_description:/home/mael/ros2_ws/install/rethink_ee_description:/home/mael/ros2_ws/install/perception_pcl:/home/mael/ros2_ws/install/pcl_ros:/home/mael/ros2_ws/install/pcl_conversions:/home/mael/ros2_ws/install/baxter_maintenance_msgs:/home/mael/ros2_ws/install/baxter_core_msgs:/home/mael/ros2_ws/install/apriltag_ros_pose:/home/mael/ros2_ws/install/apriltag_ros2:/home/mael/ros2_ws/install/ros_tcp_endpoint:/home/mael/ros2_ws/install/baxter_joint_controller:/home/mael/ros2_ws/install/baxter_6dof_vr:/opt/ros/humble LD_LIBRARY_PATH=/home/mael/ros2_ws/install/zed_interfaces/lib:/home/mael/ros2_ws/install/zed_components/lib:/home/mael/ros2_ws/install/pcl_ros/lib:/home/mael/ros2_ws/install/baxter_maintenance_msgs/lib:/home/mael/ros2_ws/install/baxter_core_msgs/lib:/home/mael/ros2_ws/install/apriltag_ros_pose/lib:/home/mael/ros2_ws/install/apriltag_ros2/lib:/opt/ros/humble/opt/rviz_ogre_vendor/lib:/opt/ros/humble/lib/x86_64-linux-gnu:/opt/ros/humble/lib /usr/bin/cmake --install /home/mael/ros2_ws/build/zed_components
[181.174s] -- Install configuration: "Release"
[181.174s] -- Execute custom install script
[181.174s] -- Symlinking: /home/mael/ros2_ws/install/zed_components/lib/libzed_camera_component.so
[181.182s] -- Symlinking: /home/mael/ros2_ws/install/zed_components/include/zed_components//cost_traversability.hpp
[181.190s] -- Symlinking: /home/mael/ros2_ws/install/zed_components/include/zed_components//sl_types.hpp
[181.197s] -- Symlinking: /home/mael/ros2_ws/install/zed_components/include/zed_components//zed_camera_component.hpp
[181.205s] -- Symlinking: /home/mael/ros2_ws/install/zed_components/include/zed_components//sl_logging.hpp
[181.212s] -- Symlinking: /home/mael/ros2_ws/install/zed_components/include/zed_components//sl_tools.hpp
[181.220s] -- Symlinking: /home/mael/ros2_ws/install/zed_components/include/zed_components//sl_win_avg.hpp
[181.227s] -- Symlinking: /home/mael/ros2_ws/install/zed_components/include/zed_components//visibility_control.hpp
[181.235s] -- Symlinking: /home/mael/ros2_ws/install/zed_components/share/zed_components/environment/library_path.sh
[181.243s] -- Symlinking: /home/mael/ros2_ws/install/zed_components/share/zed_components/environment/library_path.dsv
[181.250s] -- Symlinking: /home/mael/ros2_ws/install/zed_components/share/ament_index/resource_index/package_run_dependencies/zed_components
[181.258s] -- Symlinking: /home/mael/ros2_ws/install/zed_components/share/ament_index/resource_index/parent_prefix_path/zed_components
[181.265s] -- Symlinking: /home/mael/ros2_ws/install/zed_components/share/zed_components/environment/ament_prefix_path.sh
[181.272s] -- Symlinking: /home/mael/ros2_ws/install/zed_components/share/zed_components/environment/ament_prefix_path.dsv
[181.280s] -- Symlinking: /home/mael/ros2_ws/install/zed_components/share/zed_components/environment/path.sh
[181.288s] -- Symlinking: /home/mael/ros2_ws/install/zed_components/share/zed_components/environment/path.dsv
[181.295s] -- Symlinking: /home/mael/ros2_ws/install/zed_components/share/zed_components/local_setup.bash
[181.303s] -- Symlinking: /home/mael/ros2_ws/install/zed_components/share/zed_components/local_setup.sh
[181.310s] -- Symlinking: /home/mael/ros2_ws/install/zed_components/share/zed_components/local_setup.zsh
[181.318s] -- Symlinking: /home/mael/ros2_ws/install/zed_components/share/zed_components/local_setup.dsv
[181.325s] -- Symlinking: /home/mael/ros2_ws/install/zed_components/share/zed_components/package.dsv
[181.333s] -- Symlinking: /home/mael/ros2_ws/install/zed_components/share/ament_index/resource_index/packages/zed_components
[181.340s] -- Symlinking: /home/mael/ros2_ws/install/zed_components/share/ament_index/resource_index/rclcpp_components/zed_components
[181.348s] -- Symlinking: /home/mael/ros2_ws/install/zed_components/share/zed_components/cmake/ament_cmake_export_include_directories-extras.cmake
[181.356s] -- Symlinking: /home/mael/ros2_ws/install/zed_components/share/zed_components/cmake/ament_cmake_export_libraries-extras.cmake
[181.363s] -- Symlinking: /home/mael/ros2_ws/install/zed_components/share/zed_components/cmake/ament_cmake_export_dependencies-extras.cmake
[181.371s] -- Symlinking: /home/mael/ros2_ws/install/zed_components/share/zed_components/cmake/zed_componentsConfig.cmake
[181.378s] -- Symlinking: /home/mael/ros2_ws/install/zed_components/share/zed_components/cmake/zed_componentsConfig-version.cmake
[181.386s] -- Symlinking: /home/mael/ros2_ws/install/zed_components/share/zed_components/package.xml
[181.395s] Invoked command in '/home/mael/ros2_ws/build/zed_components' returned '0': CMAKE_PREFIX_PATH=/home/mael/ros2_ws/install/zed_interfaces:/home/mael/ros2_ws/install/zed_ros2:/home/mael/ros2_ws/install/zed_wrapper:/home/mael/ros2_ws/install/zed_components:/home/mael/ros2_ws/install/baxter_moveit_ros2:/home/mael/ros2_ws/install/baxter_description:/home/mael/ros2_ws/install/rethink_ee_description:/home/mael/ros2_ws/install/perception_pcl:/home/mael/ros2_ws/install/pcl_ros:/home/mael/ros2_ws/install/pcl_conversions:/home/mael/ros2_ws/install/baxter_maintenance_msgs:/home/mael/ros2_ws/install/baxter_core_msgs:/home/mael/ros2_ws/install/apriltag_ros_pose:/home/mael/ros2_ws/install/apriltag_ros2:/home/mael/ros2_ws/install/ros_tcp_endpoint:/home/mael/ros2_ws/install/baxter_joint_controller:/home/mael/ros2_ws/install/baxter_6dof_vr:/opt/ros/humble LD_LIBRARY_PATH=/home/mael/ros2_ws/install/zed_interfaces/lib:/home/mael/ros2_ws/install/zed_components/lib:/home/mael/ros2_ws/install/pcl_ros/lib:/home/mael/ros2_ws/install/baxter_maintenance_msgs/lib:/home/mael/ros2_ws/install/baxter_core_msgs/lib:/home/mael/ros2_ws/install/apriltag_ros_pose/lib:/home/mael/ros2_ws/install/apriltag_ros2/lib:/opt/ros/humble/opt/rviz_ogre_vendor/lib:/opt/ros/humble/lib/x86_64-linux-gnu:/opt/ros/humble/lib /usr/bin/cmake --install /home/mael/ros2_ws/build/zed_components
