[0.099s] Invoking command in '/home/mael/ros2_ws/build/zed_interfaces': CMAKE_PREFIX_PATH=${CMAKE_PREFIX_PATH}:/home/mael/ros2_ws/install/ros_tcp_endpoint:/home/mael/ros2_ws/install/baxter_joint_controller:/home/mael/ros2_ws/install/baxter_6dof_vr:/opt/ros/humble /usr/bin/cmake --build /home/mael/ros2_ws/build/zed_interfaces -- -j8 -l8
[0.698s] [  0%] Built target zed_interfaces__cpp
[0.699s] [ 12%] Built target zed_interfaces__rosidl_generator_c
[0.699s] [ 12%] Built target ament_cmake_python_symlink_zed_interfaces
[0.699s] [ 24%] Built target zed_interfaces__rosidl_typesupport_fastrtps_cpp
[0.701s] [ 36%] Built target zed_interfaces__rosidl_typesupport_introspection_cpp
[0.701s] [ 48%] Built target zed_interfaces__rosidl_typesupport_introspection_c
[0.701s] [ 60%] Built target zed_interfaces__rosidl_typesupport_cpp
[0.702s] [ 72%] Built target zed_interfaces__rosidl_typesupport_c
[0.702s] [ 84%] Built target zed_interfaces__rosidl_typesupport_fastrtps_c
[0.702s] [ 84%] Built target zed_interfaces
[0.702s] [ 85%] Built target zed_interfaces__py
[0.702s] [ 96%] Built target zed_interfaces__rosidl_generator_py
[0.702s] [ 97%] Built target zed_interfaces__rosidl_typesupport_fastrtps_c__pyext
[0.702s] [ 98%] Built target zed_interfaces__rosidl_typesupport_c__pyext
[0.702s] [100%] Built target zed_interfaces__rosidl_typesupport_introspection_c__pyext
[0.726s] running egg_info
[0.727s] writing zed_interfaces.egg-info/PKG-INFO
[0.727s] writing dependency_links to zed_interfaces.egg-info/dependency_links.txt
[0.728s] writing top-level names to zed_interfaces.egg-info/top_level.txt
[0.732s] reading manifest file 'zed_interfaces.egg-info/SOURCES.txt'
[0.733s] writing manifest file 'zed_interfaces.egg-info/SOURCES.txt'
[0.773s] [100%] Built target ament_cmake_python_build_zed_interfaces_egg
[1.192s] Invoked command in '/home/mael/ros2_ws/build/zed_interfaces' returned '0': CMAKE_PREFIX_PATH=${CMAKE_PREFIX_PATH}:/home/mael/ros2_ws/install/ros_tcp_endpoint:/home/mael/ros2_ws/install/baxter_joint_controller:/home/mael/ros2_ws/install/baxter_6dof_vr:/opt/ros/humble /usr/bin/cmake --build /home/mael/ros2_ws/build/zed_interfaces -- -j8 -l8
[2.822s] Invoking command in '/home/mael/ros2_ws/build/zed_interfaces': CMAKE_PREFIX_PATH=${CMAKE_PREFIX_PATH}:/home/mael/ros2_ws/install/ros_tcp_endpoint:/home/mael/ros2_ws/install/baxter_joint_controller:/home/mael/ros2_ws/install/baxter_6dof_vr:/opt/ros/humble /usr/bin/cmake --install /home/mael/ros2_ws/build/zed_interfaces
[2.858s] -- Install configuration: ""
[2.858s] -- Execute custom install script
[2.858s] -- Up-to-date symlink: /home/mael/ros2_ws/install/zed_interfaces/share/ament_index/resource_index/rosidl_interfaces/zed_interfaces
[2.860s] -- Up-to-date symlink: /home/mael/ros2_ws/install/zed_interfaces/include/zed_interfaces/zed_interfaces/msg/bounding_box2_df.h
[2.860s] -- Up-to-date symlink: /home/mael/ros2_ws/install/zed_interfaces/include/zed_interfaces/zed_interfaces/msg/bounding_box2_di.h
[2.860s] -- Up-to-date symlink: /home/mael/ros2_ws/install/zed_interfaces/include/zed_interfaces/zed_interfaces/msg/bounding_box3_d.h
[2.860s] -- Up-to-date symlink: /home/mael/ros2_ws/install/zed_interfaces/include/zed_interfaces/zed_interfaces/msg/depth_info_stamped.h
[2.861s] -- Up-to-date symlink: /home/mael/ros2_ws/install/zed_interfaces/include/zed_interfaces/zed_interfaces/msg/detail/bounding_box2_df__functions.h
[2.861s] -- Up-to-date symlink: /home/mael/ros2_ws/install/zed_interfaces/include/zed_interfaces/zed_interfaces/msg/detail/bounding_box2_df__struct.h
[2.861s] -- Up-to-date symlink: /home/mael/ros2_ws/install/zed_interfaces/include/zed_interfaces/zed_interfaces/msg/detail/bounding_box2_df__type_support.h
[2.861s] -- Up-to-date symlink: /home/mael/ros2_ws/install/zed_interfaces/include/zed_interfaces/zed_interfaces/msg/detail/bounding_box2_di__functions.h
[2.861s] -- Up-to-date symlink: /home/mael/ros2_ws/install/zed_interfaces/include/zed_interfaces/zed_interfaces/msg/detail/bounding_box2_di__struct.h
[2.861s] -- Up-to-date symlink: /home/mael/ros2_ws/install/zed_interfaces/include/zed_interfaces/zed_interfaces/msg/detail/bounding_box2_di__type_support.h
[2.861s] -- Up-to-date symlink: /home/mael/ros2_ws/install/zed_interfaces/include/zed_interfaces/zed_interfaces/msg/detail/bounding_box3_d__functions.h
[2.861s] -- Up-to-date symlink: /home/mael/ros2_ws/install/zed_interfaces/include/zed_interfaces/zed_interfaces/msg/detail/bounding_box3_d__struct.h
[2.862s] -- Up-to-date symlink: /home/mael/ros2_ws/install/zed_interfaces/include/zed_interfaces/zed_interfaces/msg/detail/bounding_box3_d__type_support.h
[2.862s] -- Up-to-date symlink: /home/mael/ros2_ws/install/zed_interfaces/include/zed_interfaces/zed_interfaces/msg/detail/depth_info_stamped__functions.h
[2.862s] -- Up-to-date symlink: /home/mael/ros2_ws/install/zed_interfaces/include/zed_interfaces/zed_interfaces/msg/detail/depth_info_stamped__struct.h
[2.862s] -- Up-to-date symlink: /home/mael/ros2_ws/install/zed_interfaces/include/zed_interfaces/zed_interfaces/msg/detail/depth_info_stamped__type_support.h
[2.862s] -- Up-to-date symlink: /home/mael/ros2_ws/install/zed_interfaces/include/zed_interfaces/zed_interfaces/msg/detail/heartbeat__functions.h
[2.862s] -- Up-to-date symlink: /home/mael/ros2_ws/install/zed_interfaces/include/zed_interfaces/zed_interfaces/msg/detail/heartbeat__struct.h
[2.862s] -- Up-to-date symlink: /home/mael/ros2_ws/install/zed_interfaces/include/zed_interfaces/zed_interfaces/msg/detail/heartbeat__type_support.h
[2.863s] -- Up-to-date symlink: /home/mael/ros2_ws/install/zed_interfaces/include/zed_interfaces/zed_interfaces/msg/detail/keypoint2_df__functions.h
[2.863s] -- Up-to-date symlink: /home/mael/ros2_ws/install/zed_interfaces/include/zed_interfaces/zed_interfaces/msg/detail/keypoint2_df__struct.h
[2.863s] -- Up-to-date symlink: /home/mael/ros2_ws/install/zed_interfaces/include/zed_interfaces/zed_interfaces/msg/detail/keypoint2_df__type_support.h
[2.863s] -- Up-to-date symlink: /home/mael/ros2_ws/install/zed_interfaces/include/zed_interfaces/zed_interfaces/msg/detail/keypoint2_di__functions.h
[2.863s] -- Up-to-date symlink: /home/mael/ros2_ws/install/zed_interfaces/include/zed_interfaces/zed_interfaces/msg/detail/keypoint2_di__struct.h
[2.864s] -- Up-to-date symlink: /home/mael/ros2_ws/install/zed_interfaces/include/zed_interfaces/zed_interfaces/msg/detail/keypoint2_di__type_support.h
[2.864s] -- Up-to-date symlink: /home/mael/ros2_ws/install/zed_interfaces/include/zed_interfaces/zed_interfaces/msg/detail/keypoint3_d__functions.h
[2.864s] -- Up-to-date symlink: /home/mael/ros2_ws/install/zed_interfaces/include/zed_interfaces/zed_interfaces/msg/detail/keypoint3_d__struct.h
[2.864s] -- Up-to-date symlink: /home/mael/ros2_ws/install/zed_interfaces/include/zed_interfaces/zed_interfaces/msg/detail/keypoint3_d__type_support.h
[2.864s] -- Up-to-date symlink: /home/mael/ros2_ws/install/zed_interfaces/include/zed_interfaces/zed_interfaces/msg/detail/object__functions.h
[2.864s] -- Up-to-date symlink: /home/mael/ros2_ws/install/zed_interfaces/include/zed_interfaces/zed_interfaces/msg/detail/object__struct.h
[2.864s] -- Up-to-date symlink: /home/mael/ros2_ws/install/zed_interfaces/include/zed_interfaces/zed_interfaces/msg/detail/object__type_support.h
[2.865s] -- Up-to-date symlink: /home/mael/ros2_ws/install/zed_interfaces/include/zed_interfaces/zed_interfaces/msg/detail/objects_stamped__functions.h
[2.865s] -- Up-to-date symlink: /home/mael/ros2_ws/install/zed_interfaces/include/zed_interfaces/zed_interfaces/msg/detail/objects_stamped__struct.h
[2.865s] -- Up-to-date symlink: /home/mael/ros2_ws/install/zed_interfaces/include/zed_interfaces/zed_interfaces/msg/detail/objects_stamped__type_support.h
[2.865s] -- Up-to-date symlink: /home/mael/ros2_ws/install/zed_interfaces/include/zed_interfaces/zed_interfaces/msg/detail/plane_stamped__functions.h
[2.865s] -- Up-to-date symlink: /home/mael/ros2_ws/install/zed_interfaces/include/zed_interfaces/zed_interfaces/msg/detail/plane_stamped__struct.h
[2.865s] -- Up-to-date symlink: /home/mael/ros2_ws/install/zed_interfaces/include/zed_interfaces/zed_interfaces/msg/detail/plane_stamped__type_support.h
[2.866s] -- Up-to-date symlink: /home/mael/ros2_ws/install/zed_interfaces/include/zed_interfaces/zed_interfaces/msg/detail/pos_track_status__functions.h
[2.866s] -- Up-to-date symlink: /home/mael/ros2_ws/install/zed_interfaces/include/zed_interfaces/zed_interfaces/msg/detail/pos_track_status__struct.h
[2.866s] -- Up-to-date symlink: /home/mael/ros2_ws/install/zed_interfaces/include/zed_interfaces/zed_interfaces/msg/detail/pos_track_status__type_support.h
[2.866s] -- Up-to-date symlink: /home/mael/ros2_ws/install/zed_interfaces/include/zed_interfaces/zed_interfaces/msg/detail/skeleton2_d__functions.h
[2.866s] -- Up-to-date symlink: /home/mael/ros2_ws/install/zed_interfaces/include/zed_interfaces/zed_interfaces/msg/detail/skeleton2_d__struct.h
[2.866s] -- Up-to-date symlink: /home/mael/ros2_ws/install/zed_interfaces/include/zed_interfaces/zed_interfaces/msg/detail/skeleton2_d__type_support.h
[2.866s] -- Up-to-date symlink: /home/mael/ros2_ws/install/zed_interfaces/include/zed_interfaces/zed_interfaces/msg/detail/skeleton3_d__functions.h
[2.866s] -- Up-to-date symlink: /home/mael/ros2_ws/install/zed_interfaces/include/zed_interfaces/zed_interfaces/msg/detail/skeleton3_d__struct.h
[2.866s] -- Up-to-date symlink: /home/mael/ros2_ws/install/zed_interfaces/include/zed_interfaces/zed_interfaces/msg/detail/skeleton3_d__type_support.h
[2.866s] -- Up-to-date symlink: /home/mael/ros2_ws/install/zed_interfaces/include/zed_interfaces/zed_interfaces/msg/heartbeat.h
[2.867s] -- Up-to-date symlink: /home/mael/ros2_ws/install/zed_interfaces/include/zed_interfaces/zed_interfaces/msg/keypoint2_df.h
[2.867s] -- Up-to-date symlink: /home/mael/ros2_ws/install/zed_interfaces/include/zed_interfaces/zed_interfaces/msg/keypoint2_di.h
[2.867s] -- Up-to-date symlink: /home/mael/ros2_ws/install/zed_interfaces/include/zed_interfaces/zed_interfaces/msg/keypoint3_d.h
[2.867s] -- Up-to-date symlink: /home/mael/ros2_ws/install/zed_interfaces/include/zed_interfaces/zed_interfaces/msg/object.h
[2.867s] -- Up-to-date symlink: /home/mael/ros2_ws/install/zed_interfaces/include/zed_interfaces/zed_interfaces/msg/objects_stamped.h
[2.867s] -- Up-to-date symlink: /home/mael/ros2_ws/install/zed_interfaces/include/zed_interfaces/zed_interfaces/msg/plane_stamped.h
[2.868s] -- Up-to-date symlink: /home/mael/ros2_ws/install/zed_interfaces/include/zed_interfaces/zed_interfaces/msg/pos_track_status.h
[2.868s] -- Up-to-date symlink: /home/mael/ros2_ws/install/zed_interfaces/include/zed_interfaces/zed_interfaces/msg/rosidl_generator_c__visibility_control.h
[2.868s] -- Up-to-date symlink: /home/mael/ros2_ws/install/zed_interfaces/include/zed_interfaces/zed_interfaces/msg/skeleton2_d.h
[2.868s] -- Up-to-date symlink: /home/mael/ros2_ws/install/zed_interfaces/include/zed_interfaces/zed_interfaces/msg/skeleton3_d.h
[2.868s] -- Up-to-date symlink: /home/mael/ros2_ws/install/zed_interfaces/include/zed_interfaces/zed_interfaces/srv/detail/set_pose__functions.h
[2.868s] -- Up-to-date symlink: /home/mael/ros2_ws/install/zed_interfaces/include/zed_interfaces/zed_interfaces/srv/detail/set_pose__struct.h
[2.868s] -- Up-to-date symlink: /home/mael/ros2_ws/install/zed_interfaces/include/zed_interfaces/zed_interfaces/srv/detail/set_pose__type_support.h
[2.869s] -- Up-to-date symlink: /home/mael/ros2_ws/install/zed_interfaces/include/zed_interfaces/zed_interfaces/srv/detail/set_roi__functions.h
[2.869s] -- Up-to-date symlink: /home/mael/ros2_ws/install/zed_interfaces/include/zed_interfaces/zed_interfaces/srv/detail/set_roi__struct.h
[2.869s] -- Up-to-date symlink: /home/mael/ros2_ws/install/zed_interfaces/include/zed_interfaces/zed_interfaces/srv/detail/set_roi__type_support.h
[2.869s] -- Up-to-date symlink: /home/mael/ros2_ws/install/zed_interfaces/include/zed_interfaces/zed_interfaces/srv/detail/start_svo_rec__functions.h
[2.869s] -- Up-to-date symlink: /home/mael/ros2_ws/install/zed_interfaces/include/zed_interfaces/zed_interfaces/srv/detail/start_svo_rec__struct.h
[2.869s] -- Up-to-date symlink: /home/mael/ros2_ws/install/zed_interfaces/include/zed_interfaces/zed_interfaces/srv/detail/start_svo_rec__type_support.h
[2.869s] -- Up-to-date symlink: /home/mael/ros2_ws/install/zed_interfaces/include/zed_interfaces/zed_interfaces/srv/set_pose.h
[2.869s] -- Up-to-date symlink: /home/mael/ros2_ws/install/zed_interfaces/include/zed_interfaces/zed_interfaces/srv/set_roi.h
[2.870s] -- Up-to-date symlink: /home/mael/ros2_ws/install/zed_interfaces/include/zed_interfaces/zed_interfaces/srv/start_svo_rec.h
[2.870s] -- Up-to-date symlink: /home/mael/ros2_ws/install/zed_interfaces/share/zed_interfaces/environment/library_path.sh
[2.870s] -- Up-to-date symlink: /home/mael/ros2_ws/install/zed_interfaces/share/zed_interfaces/environment/library_path.dsv
[2.870s] -- Up-to-date symlink: /home/mael/ros2_ws/install/zed_interfaces/include/zed_interfaces/zed_interfaces/msg/detail/bounding_box2_df__rosidl_typesupport_fastrtps_c.h
[2.870s] -- Up-to-date symlink: /home/mael/ros2_ws/install/zed_interfaces/include/zed_interfaces/zed_interfaces/msg/detail/bounding_box2_di__rosidl_typesupport_fastrtps_c.h
[2.871s] -- Up-to-date symlink: /home/mael/ros2_ws/install/zed_interfaces/include/zed_interfaces/zed_interfaces/msg/detail/bounding_box3_d__rosidl_typesupport_fastrtps_c.h
[2.871s] -- Up-to-date symlink: /home/mael/ros2_ws/install/zed_interfaces/include/zed_interfaces/zed_interfaces/msg/detail/depth_info_stamped__rosidl_typesupport_fastrtps_c.h
[2.871s] -- Up-to-date symlink: /home/mael/ros2_ws/install/zed_interfaces/include/zed_interfaces/zed_interfaces/msg/detail/heartbeat__rosidl_typesupport_fastrtps_c.h
[2.871s] -- Up-to-date symlink: /home/mael/ros2_ws/install/zed_interfaces/include/zed_interfaces/zed_interfaces/msg/detail/keypoint2_df__rosidl_typesupport_fastrtps_c.h
[2.871s] -- Up-to-date symlink: /home/mael/ros2_ws/install/zed_interfaces/include/zed_interfaces/zed_interfaces/msg/detail/keypoint2_di__rosidl_typesupport_fastrtps_c.h
[2.871s] -- Up-to-date symlink: /home/mael/ros2_ws/install/zed_interfaces/include/zed_interfaces/zed_interfaces/msg/detail/keypoint3_d__rosidl_typesupport_fastrtps_c.h
[2.871s] -- Up-to-date symlink: /home/mael/ros2_ws/install/zed_interfaces/include/zed_interfaces/zed_interfaces/msg/detail/object__rosidl_typesupport_fastrtps_c.h
[2.871s] -- Up-to-date symlink: /home/mael/ros2_ws/install/zed_interfaces/include/zed_interfaces/zed_interfaces/msg/detail/objects_stamped__rosidl_typesupport_fastrtps_c.h
[2.871s] -- Up-to-date symlink: /home/mael/ros2_ws/install/zed_interfaces/include/zed_interfaces/zed_interfaces/msg/detail/plane_stamped__rosidl_typesupport_fastrtps_c.h
[2.871s] -- Up-to-date symlink: /home/mael/ros2_ws/install/zed_interfaces/include/zed_interfaces/zed_interfaces/msg/detail/pos_track_status__rosidl_typesupport_fastrtps_c.h
[2.872s] -- Up-to-date symlink: /home/mael/ros2_ws/install/zed_interfaces/include/zed_interfaces/zed_interfaces/msg/detail/skeleton2_d__rosidl_typesupport_fastrtps_c.h
[2.872s] -- Up-to-date symlink: /home/mael/ros2_ws/install/zed_interfaces/include/zed_interfaces/zed_interfaces/msg/detail/skeleton3_d__rosidl_typesupport_fastrtps_c.h
[2.872s] -- Up-to-date symlink: /home/mael/ros2_ws/install/zed_interfaces/include/zed_interfaces/zed_interfaces/msg/rosidl_typesupport_fastrtps_c__visibility_control.h
[2.872s] -- Up-to-date symlink: /home/mael/ros2_ws/install/zed_interfaces/include/zed_interfaces/zed_interfaces/srv/detail/set_pose__rosidl_typesupport_fastrtps_c.h
[2.872s] -- Up-to-date symlink: /home/mael/ros2_ws/install/zed_interfaces/include/zed_interfaces/zed_interfaces/srv/detail/set_roi__rosidl_typesupport_fastrtps_c.h
[2.872s] -- Up-to-date symlink: /home/mael/ros2_ws/install/zed_interfaces/include/zed_interfaces/zed_interfaces/srv/detail/start_svo_rec__rosidl_typesupport_fastrtps_c.h
[2.872s] -- Up-to-date symlink: /home/mael/ros2_ws/install/zed_interfaces/include/zed_interfaces/zed_interfaces/msg/bounding_box2_df.hpp
[2.872s] -- Up-to-date symlink: /home/mael/ros2_ws/install/zed_interfaces/include/zed_interfaces/zed_interfaces/msg/bounding_box2_di.hpp
[2.872s] -- Up-to-date symlink: /home/mael/ros2_ws/install/zed_interfaces/include/zed_interfaces/zed_interfaces/msg/bounding_box3_d.hpp
[2.872s] -- Up-to-date symlink: /home/mael/ros2_ws/install/zed_interfaces/include/zed_interfaces/zed_interfaces/msg/depth_info_stamped.hpp
[2.872s] -- Up-to-date symlink: /home/mael/ros2_ws/install/zed_interfaces/include/zed_interfaces/zed_interfaces/msg/detail/bounding_box2_df__builder.hpp
[2.873s] -- Up-to-date symlink: /home/mael/ros2_ws/install/zed_interfaces/include/zed_interfaces/zed_interfaces/msg/detail/bounding_box2_df__struct.hpp
[2.873s] -- Up-to-date symlink: /home/mael/ros2_ws/install/zed_interfaces/include/zed_interfaces/zed_interfaces/msg/detail/bounding_box2_df__traits.hpp
[2.873s] -- Up-to-date symlink: /home/mael/ros2_ws/install/zed_interfaces/include/zed_interfaces/zed_interfaces/msg/detail/bounding_box2_di__builder.hpp
[2.873s] -- Up-to-date symlink: /home/mael/ros2_ws/install/zed_interfaces/include/zed_interfaces/zed_interfaces/msg/detail/bounding_box2_di__struct.hpp
[2.873s] -- Up-to-date symlink: /home/mael/ros2_ws/install/zed_interfaces/include/zed_interfaces/zed_interfaces/msg/detail/bounding_box2_di__traits.hpp
[2.873s] -- Up-to-date symlink: /home/mael/ros2_ws/install/zed_interfaces/include/zed_interfaces/zed_interfaces/msg/detail/bounding_box3_d__builder.hpp
[2.873s] -- Up-to-date symlink: /home/mael/ros2_ws/install/zed_interfaces/include/zed_interfaces/zed_interfaces/msg/detail/bounding_box3_d__struct.hpp
[2.873s] -- Up-to-date symlink: /home/mael/ros2_ws/install/zed_interfaces/include/zed_interfaces/zed_interfaces/msg/detail/bounding_box3_d__traits.hpp
[2.873s] -- Up-to-date symlink: /home/mael/ros2_ws/install/zed_interfaces/include/zed_interfaces/zed_interfaces/msg/detail/depth_info_stamped__builder.hpp
[2.873s] -- Up-to-date symlink: /home/mael/ros2_ws/install/zed_interfaces/include/zed_interfaces/zed_interfaces/msg/detail/depth_info_stamped__struct.hpp
[2.873s] -- Up-to-date symlink: /home/mael/ros2_ws/install/zed_interfaces/include/zed_interfaces/zed_interfaces/msg/detail/depth_info_stamped__traits.hpp
[2.873s] -- Up-to-date symlink: /home/mael/ros2_ws/install/zed_interfaces/include/zed_interfaces/zed_interfaces/msg/detail/heartbeat__builder.hpp
[2.874s] -- Up-to-date symlink: /home/mael/ros2_ws/install/zed_interfaces/include/zed_interfaces/zed_interfaces/msg/detail/heartbeat__struct.hpp
[2.874s] -- Up-to-date symlink: /home/mael/ros2_ws/install/zed_interfaces/include/zed_interfaces/zed_interfaces/msg/detail/heartbeat__traits.hpp
[2.874s] -- Up-to-date symlink: /home/mael/ros2_ws/install/zed_interfaces/include/zed_interfaces/zed_interfaces/msg/detail/keypoint2_df__builder.hpp
[2.874s] -- Up-to-date symlink: /home/mael/ros2_ws/install/zed_interfaces/include/zed_interfaces/zed_interfaces/msg/detail/keypoint2_df__struct.hpp
[2.874s] -- Up-to-date symlink: /home/mael/ros2_ws/install/zed_interfaces/include/zed_interfaces/zed_interfaces/msg/detail/keypoint2_df__traits.hpp
[2.874s] -- Up-to-date symlink: /home/mael/ros2_ws/install/zed_interfaces/include/zed_interfaces/zed_interfaces/msg/detail/keypoint2_di__builder.hpp
[2.874s] -- Up-to-date symlink: /home/mael/ros2_ws/install/zed_interfaces/include/zed_interfaces/zed_interfaces/msg/detail/keypoint2_di__struct.hpp
[2.874s] -- Up-to-date symlink: /home/mael/ros2_ws/install/zed_interfaces/include/zed_interfaces/zed_interfaces/msg/detail/keypoint2_di__traits.hpp
[2.874s] -- Up-to-date symlink: /home/mael/ros2_ws/install/zed_interfaces/include/zed_interfaces/zed_interfaces/msg/detail/keypoint3_d__builder.hpp
[2.874s] -- Up-to-date symlink: /home/mael/ros2_ws/install/zed_interfaces/include/zed_interfaces/zed_interfaces/msg/detail/keypoint3_d__struct.hpp
[2.875s] -- Up-to-date symlink: /home/mael/ros2_ws/install/zed_interfaces/include/zed_interfaces/zed_interfaces/msg/detail/keypoint3_d__traits.hpp
[2.875s] -- Up-to-date symlink: /home/mael/ros2_ws/install/zed_interfaces/include/zed_interfaces/zed_interfaces/msg/detail/object__builder.hpp
[2.875s] -- Up-to-date symlink: /home/mael/ros2_ws/install/zed_interfaces/include/zed_interfaces/zed_interfaces/msg/detail/object__struct.hpp
[2.875s] -- Up-to-date symlink: /home/mael/ros2_ws/install/zed_interfaces/include/zed_interfaces/zed_interfaces/msg/detail/object__traits.hpp
[2.875s] -- Up-to-date symlink: /home/mael/ros2_ws/install/zed_interfaces/include/zed_interfaces/zed_interfaces/msg/detail/objects_stamped__builder.hpp
[2.875s] -- Up-to-date symlink: /home/mael/ros2_ws/install/zed_interfaces/include/zed_interfaces/zed_interfaces/msg/detail/objects_stamped__struct.hpp
[2.876s] -- Up-to-date symlink: /home/mael/ros2_ws/install/zed_interfaces/include/zed_interfaces/zed_interfaces/msg/detail/objects_stamped__traits.hpp
[2.876s] -- Up-to-date symlink: /home/mael/ros2_ws/install/zed_interfaces/include/zed_interfaces/zed_interfaces/msg/detail/plane_stamped__builder.hpp
[2.876s] -- Up-to-date symlink: /home/mael/ros2_ws/install/zed_interfaces/include/zed_interfaces/zed_interfaces/msg/detail/plane_stamped__struct.hpp
[2.876s] -- Up-to-date symlink: /home/mael/ros2_ws/install/zed_interfaces/include/zed_interfaces/zed_interfaces/msg/detail/plane_stamped__traits.hpp
[2.876s] -- Up-to-date symlink: /home/mael/ros2_ws/install/zed_interfaces/include/zed_interfaces/zed_interfaces/msg/detail/pos_track_status__builder.hpp
[2.876s] -- Up-to-date symlink: /home/mael/ros2_ws/install/zed_interfaces/include/zed_interfaces/zed_interfaces/msg/detail/pos_track_status__struct.hpp
[2.876s] -- Up-to-date symlink: /home/mael/ros2_ws/install/zed_interfaces/include/zed_interfaces/zed_interfaces/msg/detail/pos_track_status__traits.hpp
[2.877s] -- Up-to-date symlink: /home/mael/ros2_ws/install/zed_interfaces/include/zed_interfaces/zed_interfaces/msg/detail/skeleton2_d__builder.hpp
[2.877s] -- Up-to-date symlink: /home/mael/ros2_ws/install/zed_interfaces/include/zed_interfaces/zed_interfaces/msg/detail/skeleton2_d__struct.hpp
[2.877s] -- Up-to-date symlink: /home/mael/ros2_ws/install/zed_interfaces/include/zed_interfaces/zed_interfaces/msg/detail/skeleton2_d__traits.hpp
[2.877s] -- Up-to-date symlink: /home/mael/ros2_ws/install/zed_interfaces/include/zed_interfaces/zed_interfaces/msg/detail/skeleton3_d__builder.hpp
[2.877s] -- Up-to-date symlink: /home/mael/ros2_ws/install/zed_interfaces/include/zed_interfaces/zed_interfaces/msg/detail/skeleton3_d__struct.hpp
[2.877s] -- Up-to-date symlink: /home/mael/ros2_ws/install/zed_interfaces/include/zed_interfaces/zed_interfaces/msg/detail/skeleton3_d__traits.hpp
[2.877s] -- Up-to-date symlink: /home/mael/ros2_ws/install/zed_interfaces/include/zed_interfaces/zed_interfaces/msg/heartbeat.hpp
[2.877s] -- Up-to-date symlink: /home/mael/ros2_ws/install/zed_interfaces/include/zed_interfaces/zed_interfaces/msg/keypoint2_df.hpp
[2.877s] -- Up-to-date symlink: /home/mael/ros2_ws/install/zed_interfaces/include/zed_interfaces/zed_interfaces/msg/keypoint2_di.hpp
[2.877s] -- Up-to-date symlink: /home/mael/ros2_ws/install/zed_interfaces/include/zed_interfaces/zed_interfaces/msg/keypoint3_d.hpp
[2.878s] -- Up-to-date symlink: /home/mael/ros2_ws/install/zed_interfaces/include/zed_interfaces/zed_interfaces/msg/object.hpp
[2.878s] -- Up-to-date symlink: /home/mael/ros2_ws/install/zed_interfaces/include/zed_interfaces/zed_interfaces/msg/objects_stamped.hpp
[2.878s] -- Up-to-date symlink: /home/mael/ros2_ws/install/zed_interfaces/include/zed_interfaces/zed_interfaces/msg/plane_stamped.hpp
[2.878s] -- Up-to-date symlink: /home/mael/ros2_ws/install/zed_interfaces/include/zed_interfaces/zed_interfaces/msg/pos_track_status.hpp
[2.878s] -- Up-to-date symlink: /home/mael/ros2_ws/install/zed_interfaces/include/zed_interfaces/zed_interfaces/msg/skeleton2_d.hpp
[2.878s] -- Up-to-date symlink: /home/mael/ros2_ws/install/zed_interfaces/include/zed_interfaces/zed_interfaces/msg/skeleton3_d.hpp
[2.878s] -- Up-to-date symlink: /home/mael/ros2_ws/install/zed_interfaces/include/zed_interfaces/zed_interfaces/srv/detail/set_pose__builder.hpp
[2.878s] -- Up-to-date symlink: /home/mael/ros2_ws/install/zed_interfaces/include/zed_interfaces/zed_interfaces/srv/detail/set_pose__struct.hpp
[2.878s] -- Up-to-date symlink: /home/mael/ros2_ws/install/zed_interfaces/include/zed_interfaces/zed_interfaces/srv/detail/set_pose__traits.hpp
[2.878s] -- Up-to-date symlink: /home/mael/ros2_ws/install/zed_interfaces/include/zed_interfaces/zed_interfaces/srv/detail/set_roi__builder.hpp
[2.878s] -- Up-to-date symlink: /home/mael/ros2_ws/install/zed_interfaces/include/zed_interfaces/zed_interfaces/srv/detail/set_roi__struct.hpp
[2.879s] -- Up-to-date symlink: /home/mael/ros2_ws/install/zed_interfaces/include/zed_interfaces/zed_interfaces/srv/detail/set_roi__traits.hpp
[2.879s] -- Up-to-date symlink: /home/mael/ros2_ws/install/zed_interfaces/include/zed_interfaces/zed_interfaces/srv/detail/start_svo_rec__builder.hpp
[2.879s] -- Up-to-date symlink: /home/mael/ros2_ws/install/zed_interfaces/include/zed_interfaces/zed_interfaces/srv/detail/start_svo_rec__struct.hpp
[2.879s] -- Up-to-date symlink: /home/mael/ros2_ws/install/zed_interfaces/include/zed_interfaces/zed_interfaces/srv/detail/start_svo_rec__traits.hpp
[2.879s] -- Up-to-date symlink: /home/mael/ros2_ws/install/zed_interfaces/include/zed_interfaces/zed_interfaces/srv/set_pose.hpp
[2.879s] -- Up-to-date symlink: /home/mael/ros2_ws/install/zed_interfaces/include/zed_interfaces/zed_interfaces/srv/set_roi.hpp
[2.879s] -- Up-to-date symlink: /home/mael/ros2_ws/install/zed_interfaces/include/zed_interfaces/zed_interfaces/srv/start_svo_rec.hpp
[2.879s] -- Up-to-date symlink: /home/mael/ros2_ws/install/zed_interfaces/include/zed_interfaces/zed_interfaces/msg/detail/bounding_box2_df__rosidl_typesupport_fastrtps_cpp.hpp
[2.879s] -- Up-to-date symlink: /home/mael/ros2_ws/install/zed_interfaces/include/zed_interfaces/zed_interfaces/msg/detail/bounding_box2_di__rosidl_typesupport_fastrtps_cpp.hpp
[2.879s] -- Up-to-date symlink: /home/mael/ros2_ws/install/zed_interfaces/include/zed_interfaces/zed_interfaces/msg/detail/bounding_box3_d__rosidl_typesupport_fastrtps_cpp.hpp
[2.880s] -- Up-to-date symlink: /home/mael/ros2_ws/install/zed_interfaces/include/zed_interfaces/zed_interfaces/msg/detail/depth_info_stamped__rosidl_typesupport_fastrtps_cpp.hpp
[2.880s] -- Up-to-date symlink: /home/mael/ros2_ws/install/zed_interfaces/include/zed_interfaces/zed_interfaces/msg/detail/heartbeat__rosidl_typesupport_fastrtps_cpp.hpp
[2.880s] -- Up-to-date symlink: /home/mael/ros2_ws/install/zed_interfaces/include/zed_interfaces/zed_interfaces/msg/detail/keypoint2_df__rosidl_typesupport_fastrtps_cpp.hpp
[2.880s] -- Up-to-date symlink: /home/mael/ros2_ws/install/zed_interfaces/include/zed_interfaces/zed_interfaces/msg/detail/keypoint2_di__rosidl_typesupport_fastrtps_cpp.hpp
[2.880s] -- Up-to-date symlink: /home/mael/ros2_ws/install/zed_interfaces/include/zed_interfaces/zed_interfaces/msg/detail/keypoint3_d__rosidl_typesupport_fastrtps_cpp.hpp
[2.880s] -- Up-to-date symlink: /home/mael/ros2_ws/install/zed_interfaces/include/zed_interfaces/zed_interfaces/msg/detail/object__rosidl_typesupport_fastrtps_cpp.hpp
[2.881s] -- Up-to-date symlink: /home/mael/ros2_ws/install/zed_interfaces/include/zed_interfaces/zed_interfaces/msg/detail/objects_stamped__rosidl_typesupport_fastrtps_cpp.hpp
[2.881s] -- Up-to-date symlink: /home/mael/ros2_ws/install/zed_interfaces/include/zed_interfaces/zed_interfaces/msg/detail/plane_stamped__rosidl_typesupport_fastrtps_cpp.hpp
[2.881s] -- Up-to-date symlink: /home/mael/ros2_ws/install/zed_interfaces/include/zed_interfaces/zed_interfaces/msg/detail/pos_track_status__rosidl_typesupport_fastrtps_cpp.hpp
[2.881s] -- Up-to-date symlink: /home/mael/ros2_ws/install/zed_interfaces/include/zed_interfaces/zed_interfaces/msg/detail/skeleton2_d__rosidl_typesupport_fastrtps_cpp.hpp
[2.881s] -- Up-to-date symlink: /home/mael/ros2_ws/install/zed_interfaces/include/zed_interfaces/zed_interfaces/msg/detail/skeleton3_d__rosidl_typesupport_fastrtps_cpp.hpp
[2.882s] -- Up-to-date symlink: /home/mael/ros2_ws/install/zed_interfaces/include/zed_interfaces/zed_interfaces/msg/rosidl_typesupport_fastrtps_cpp__visibility_control.h
[2.882s] -- Up-to-date symlink: /home/mael/ros2_ws/install/zed_interfaces/include/zed_interfaces/zed_interfaces/srv/detail/set_pose__rosidl_typesupport_fastrtps_cpp.hpp
[2.882s] -- Up-to-date symlink: /home/mael/ros2_ws/install/zed_interfaces/include/zed_interfaces/zed_interfaces/srv/detail/set_roi__rosidl_typesupport_fastrtps_cpp.hpp
[2.882s] -- Up-to-date symlink: /home/mael/ros2_ws/install/zed_interfaces/include/zed_interfaces/zed_interfaces/srv/detail/start_svo_rec__rosidl_typesupport_fastrtps_cpp.hpp
[2.883s] -- Up-to-date symlink: /home/mael/ros2_ws/install/zed_interfaces/include/zed_interfaces/zed_interfaces/msg/detail/bounding_box2_df__rosidl_typesupport_introspection_c.h
[2.883s] -- Up-to-date symlink: /home/mael/ros2_ws/install/zed_interfaces/include/zed_interfaces/zed_interfaces/msg/detail/bounding_box2_di__rosidl_typesupport_introspection_c.h
[2.884s] -- Up-to-date symlink: /home/mael/ros2_ws/install/zed_interfaces/include/zed_interfaces/zed_interfaces/msg/detail/bounding_box3_d__rosidl_typesupport_introspection_c.h
[2.885s] -- Up-to-date symlink: /home/mael/ros2_ws/install/zed_interfaces/include/zed_interfaces/zed_interfaces/msg/detail/depth_info_stamped__rosidl_typesupport_introspection_c.h
[2.885s] -- Up-to-date symlink: /home/mael/ros2_ws/install/zed_interfaces/include/zed_interfaces/zed_interfaces/msg/detail/heartbeat__rosidl_typesupport_introspection_c.h
[2.885s] -- Up-to-date symlink: /home/mael/ros2_ws/install/zed_interfaces/include/zed_interfaces/zed_interfaces/msg/detail/keypoint2_df__rosidl_typesupport_introspection_c.h
[2.885s] -- Up-to-date symlink: /home/mael/ros2_ws/install/zed_interfaces/include/zed_interfaces/zed_interfaces/msg/detail/keypoint2_di__rosidl_typesupport_introspection_c.h
[2.886s] -- Up-to-date symlink: /home/mael/ros2_ws/install/zed_interfaces/include/zed_interfaces/zed_interfaces/msg/detail/keypoint3_d__rosidl_typesupport_introspection_c.h
[2.886s] -- Up-to-date symlink: /home/mael/ros2_ws/install/zed_interfaces/include/zed_interfaces/zed_interfaces/msg/detail/object__rosidl_typesupport_introspection_c.h
[2.887s] -- Up-to-date symlink: /home/mael/ros2_ws/install/zed_interfaces/include/zed_interfaces/zed_interfaces/msg/detail/objects_stamped__rosidl_typesupport_introspection_c.h
[2.887s] -- Up-to-date symlink: /home/mael/ros2_ws/install/zed_interfaces/include/zed_interfaces/zed_interfaces/msg/detail/plane_stamped__rosidl_typesupport_introspection_c.h
[2.888s] -- Up-to-date symlink: /home/mael/ros2_ws/install/zed_interfaces/include/zed_interfaces/zed_interfaces/msg/detail/pos_track_status__rosidl_typesupport_introspection_c.h
[2.888s] -- Up-to-date symlink: /home/mael/ros2_ws/install/zed_interfaces/include/zed_interfaces/zed_interfaces/msg/detail/skeleton2_d__rosidl_typesupport_introspection_c.h
[2.888s] -- Up-to-date symlink: /home/mael/ros2_ws/install/zed_interfaces/include/zed_interfaces/zed_interfaces/msg/detail/skeleton3_d__rosidl_typesupport_introspection_c.h
[2.888s] -- Up-to-date symlink: /home/mael/ros2_ws/install/zed_interfaces/include/zed_interfaces/zed_interfaces/msg/rosidl_typesupport_introspection_c__visibility_control.h
[2.888s] -- Up-to-date symlink: /home/mael/ros2_ws/install/zed_interfaces/include/zed_interfaces/zed_interfaces/srv/detail/set_pose__rosidl_typesupport_introspection_c.h
[2.888s] -- Up-to-date symlink: /home/mael/ros2_ws/install/zed_interfaces/include/zed_interfaces/zed_interfaces/srv/detail/set_roi__rosidl_typesupport_introspection_c.h
[2.888s] -- Up-to-date symlink: /home/mael/ros2_ws/install/zed_interfaces/include/zed_interfaces/zed_interfaces/srv/detail/start_svo_rec__rosidl_typesupport_introspection_c.h
[2.889s] -- Up-to-date symlink: /home/mael/ros2_ws/install/zed_interfaces/include/zed_interfaces/zed_interfaces/msg/detail/bounding_box2_df__rosidl_typesupport_introspection_cpp.hpp
[2.890s] -- Up-to-date symlink: /home/mael/ros2_ws/install/zed_interfaces/include/zed_interfaces/zed_interfaces/msg/detail/bounding_box2_di__rosidl_typesupport_introspection_cpp.hpp
[2.890s] -- Up-to-date symlink: /home/mael/ros2_ws/install/zed_interfaces/include/zed_interfaces/zed_interfaces/msg/detail/bounding_box3_d__rosidl_typesupport_introspection_cpp.hpp
[2.890s] -- Up-to-date symlink: /home/mael/ros2_ws/install/zed_interfaces/include/zed_interfaces/zed_interfaces/msg/detail/depth_info_stamped__rosidl_typesupport_introspection_cpp.hpp
[2.890s] -- Up-to-date symlink: /home/mael/ros2_ws/install/zed_interfaces/include/zed_interfaces/zed_interfaces/msg/detail/heartbeat__rosidl_typesupport_introspection_cpp.hpp
[2.890s] -- Up-to-date symlink: /home/mael/ros2_ws/install/zed_interfaces/include/zed_interfaces/zed_interfaces/msg/detail/keypoint2_df__rosidl_typesupport_introspection_cpp.hpp
[2.891s] -- Up-to-date symlink: /home/mael/ros2_ws/install/zed_interfaces/include/zed_interfaces/zed_interfaces/msg/detail/keypoint2_di__rosidl_typesupport_introspection_cpp.hpp
[2.891s] -- Up-to-date symlink: /home/mael/ros2_ws/install/zed_interfaces/include/zed_interfaces/zed_interfaces/msg/detail/keypoint3_d__rosidl_typesupport_introspection_cpp.hpp
[2.891s] -- Up-to-date symlink: /home/mael/ros2_ws/install/zed_interfaces/include/zed_interfaces/zed_interfaces/msg/detail/object__rosidl_typesupport_introspection_cpp.hpp
[2.891s] -- Up-to-date symlink: /home/mael/ros2_ws/install/zed_interfaces/include/zed_interfaces/zed_interfaces/msg/detail/objects_stamped__rosidl_typesupport_introspection_cpp.hpp
[2.891s] -- Up-to-date symlink: /home/mael/ros2_ws/install/zed_interfaces/include/zed_interfaces/zed_interfaces/msg/detail/plane_stamped__rosidl_typesupport_introspection_cpp.hpp
[2.892s] -- Up-to-date symlink: /home/mael/ros2_ws/install/zed_interfaces/include/zed_interfaces/zed_interfaces/msg/detail/pos_track_status__rosidl_typesupport_introspection_cpp.hpp
[2.892s] -- Up-to-date symlink: /home/mael/ros2_ws/install/zed_interfaces/include/zed_interfaces/zed_interfaces/msg/detail/skeleton2_d__rosidl_typesupport_introspection_cpp.hpp
[2.892s] -- Up-to-date symlink: /home/mael/ros2_ws/install/zed_interfaces/include/zed_interfaces/zed_interfaces/msg/detail/skeleton3_d__rosidl_typesupport_introspection_cpp.hpp
[2.892s] -- Up-to-date symlink: /home/mael/ros2_ws/install/zed_interfaces/include/zed_interfaces/zed_interfaces/srv/detail/set_pose__rosidl_typesupport_introspection_cpp.hpp
[2.892s] -- Up-to-date symlink: /home/mael/ros2_ws/install/zed_interfaces/include/zed_interfaces/zed_interfaces/srv/detail/set_roi__rosidl_typesupport_introspection_cpp.hpp
[2.892s] -- Up-to-date symlink: /home/mael/ros2_ws/install/zed_interfaces/include/zed_interfaces/zed_interfaces/srv/detail/start_svo_rec__rosidl_typesupport_introspection_cpp.hpp
[2.893s] -- Up-to-date symlink: /home/mael/ros2_ws/install/zed_interfaces/share/zed_interfaces/environment/pythonpath.sh
[2.893s] -- Up-to-date symlink: /home/mael/ros2_ws/install/zed_interfaces/share/zed_interfaces/environment/pythonpath.dsv
[2.894s] -- Up-to-date symlink: /home/mael/ros2_ws/install/zed_interfaces/local/lib/python3.10/dist-packages/zed_interfaces-4.0.0-py3.10.egg-info/PKG-INFO
[2.894s] -- Up-to-date symlink: /home/mael/ros2_ws/install/zed_interfaces/local/lib/python3.10/dist-packages/zed_interfaces-4.0.0-py3.10.egg-info/SOURCES.txt
[2.894s] -- Up-to-date symlink: /home/mael/ros2_ws/install/zed_interfaces/local/lib/python3.10/dist-packages/zed_interfaces-4.0.0-py3.10.egg-info/dependency_links.txt
[2.894s] -- Up-to-date symlink: /home/mael/ros2_ws/install/zed_interfaces/local/lib/python3.10/dist-packages/zed_interfaces-4.0.0-py3.10.egg-info/top_level.txt
[2.896s] -- Up-to-date symlink: /home/mael/ros2_ws/install/zed_interfaces/local/lib/python3.10/dist-packages/zed_interfaces/__init__.py
[2.896s] -- Up-to-date symlink: /home/mael/ros2_ws/install/zed_interfaces/local/lib/python3.10/dist-packages/zed_interfaces/_zed_interfaces_s.ep.rosidl_typesupport_c.c
[2.896s] -- Up-to-date symlink: /home/mael/ros2_ws/install/zed_interfaces/local/lib/python3.10/dist-packages/zed_interfaces/_zed_interfaces_s.ep.rosidl_typesupport_fastrtps_c.c
[2.897s] -- Up-to-date symlink: /home/mael/ros2_ws/install/zed_interfaces/local/lib/python3.10/dist-packages/zed_interfaces/_zed_interfaces_s.ep.rosidl_typesupport_introspection_c.c
[2.897s] -- Up-to-date symlink: /home/mael/ros2_ws/install/zed_interfaces/local/lib/python3.10/dist-packages/zed_interfaces/libzed_interfaces__rosidl_generator_py.so
[2.897s] -- Up-to-date symlink: /home/mael/ros2_ws/install/zed_interfaces/local/lib/python3.10/dist-packages/zed_interfaces/msg/__init__.py
[2.898s] -- Up-to-date symlink: /home/mael/ros2_ws/install/zed_interfaces/local/lib/python3.10/dist-packages/zed_interfaces/msg/_bounding_box2_df.py
[2.898s] -- Up-to-date symlink: /home/mael/ros2_ws/install/zed_interfaces/local/lib/python3.10/dist-packages/zed_interfaces/msg/_bounding_box2_df_s.c
[2.898s] -- Up-to-date symlink: /home/mael/ros2_ws/install/zed_interfaces/local/lib/python3.10/dist-packages/zed_interfaces/msg/_bounding_box2_di.py
[2.898s] -- Up-to-date symlink: /home/mael/ros2_ws/install/zed_interfaces/local/lib/python3.10/dist-packages/zed_interfaces/msg/_bounding_box2_di_s.c
[2.898s] -- Up-to-date symlink: /home/mael/ros2_ws/install/zed_interfaces/local/lib/python3.10/dist-packages/zed_interfaces/msg/_bounding_box3_d.py
[2.899s] -- Up-to-date symlink: /home/mael/ros2_ws/install/zed_interfaces/local/lib/python3.10/dist-packages/zed_interfaces/msg/_bounding_box3_d_s.c
[2.899s] -- Up-to-date symlink: /home/mael/ros2_ws/install/zed_interfaces/local/lib/python3.10/dist-packages/zed_interfaces/msg/_depth_info_stamped.py
[2.899s] -- Up-to-date symlink: /home/mael/ros2_ws/install/zed_interfaces/local/lib/python3.10/dist-packages/zed_interfaces/msg/_depth_info_stamped_s.c
[2.899s] -- Up-to-date symlink: /home/mael/ros2_ws/install/zed_interfaces/local/lib/python3.10/dist-packages/zed_interfaces/msg/_heartbeat.py
[2.899s] -- Up-to-date symlink: /home/mael/ros2_ws/install/zed_interfaces/local/lib/python3.10/dist-packages/zed_interfaces/msg/_heartbeat_s.c
[2.900s] -- Up-to-date symlink: /home/mael/ros2_ws/install/zed_interfaces/local/lib/python3.10/dist-packages/zed_interfaces/msg/_keypoint2_df.py
[2.900s] -- Up-to-date symlink: /home/mael/ros2_ws/install/zed_interfaces/local/lib/python3.10/dist-packages/zed_interfaces/msg/_keypoint2_df_s.c
[2.900s] -- Up-to-date symlink: /home/mael/ros2_ws/install/zed_interfaces/local/lib/python3.10/dist-packages/zed_interfaces/msg/_keypoint2_di.py
[2.900s] -- Up-to-date symlink: /home/mael/ros2_ws/install/zed_interfaces/local/lib/python3.10/dist-packages/zed_interfaces/msg/_keypoint2_di_s.c
[2.900s] -- Up-to-date symlink: /home/mael/ros2_ws/install/zed_interfaces/local/lib/python3.10/dist-packages/zed_interfaces/msg/_keypoint3_d.py
[2.900s] -- Up-to-date symlink: /home/mael/ros2_ws/install/zed_interfaces/local/lib/python3.10/dist-packages/zed_interfaces/msg/_keypoint3_d_s.c
[2.901s] -- Up-to-date symlink: /home/mael/ros2_ws/install/zed_interfaces/local/lib/python3.10/dist-packages/zed_interfaces/msg/_object.py
[2.901s] -- Up-to-date symlink: /home/mael/ros2_ws/install/zed_interfaces/local/lib/python3.10/dist-packages/zed_interfaces/msg/_object_s.c
[2.901s] -- Up-to-date symlink: /home/mael/ros2_ws/install/zed_interfaces/local/lib/python3.10/dist-packages/zed_interfaces/msg/_objects_stamped.py
[2.901s] -- Up-to-date symlink: /home/mael/ros2_ws/install/zed_interfaces/local/lib/python3.10/dist-packages/zed_interfaces/msg/_objects_stamped_s.c
[2.901s] -- Up-to-date symlink: /home/mael/ros2_ws/install/zed_interfaces/local/lib/python3.10/dist-packages/zed_interfaces/msg/_plane_stamped.py
[2.902s] -- Up-to-date symlink: /home/mael/ros2_ws/install/zed_interfaces/local/lib/python3.10/dist-packages/zed_interfaces/msg/_plane_stamped_s.c
[2.902s] -- Up-to-date symlink: /home/mael/ros2_ws/install/zed_interfaces/local/lib/python3.10/dist-packages/zed_interfaces/msg/_pos_track_status.py
[2.902s] -- Up-to-date symlink: /home/mael/ros2_ws/install/zed_interfaces/local/lib/python3.10/dist-packages/zed_interfaces/msg/_pos_track_status_s.c
[2.902s] -- Up-to-date symlink: /home/mael/ros2_ws/install/zed_interfaces/local/lib/python3.10/dist-packages/zed_interfaces/msg/_skeleton2_d.py
[2.902s] -- Up-to-date symlink: /home/mael/ros2_ws/install/zed_interfaces/local/lib/python3.10/dist-packages/zed_interfaces/msg/_skeleton2_d_s.c
[2.902s] -- Up-to-date symlink: /home/mael/ros2_ws/install/zed_interfaces/local/lib/python3.10/dist-packages/zed_interfaces/msg/_skeleton3_d.py
[2.903s] -- Up-to-date symlink: /home/mael/ros2_ws/install/zed_interfaces/local/lib/python3.10/dist-packages/zed_interfaces/msg/_skeleton3_d_s.c
[2.903s] -- Up-to-date symlink: /home/mael/ros2_ws/install/zed_interfaces/local/lib/python3.10/dist-packages/zed_interfaces/srv/__init__.py
[2.903s] -- Up-to-date symlink: /home/mael/ros2_ws/install/zed_interfaces/local/lib/python3.10/dist-packages/zed_interfaces/srv/_set_pose.py
[2.904s] -- Up-to-date symlink: /home/mael/ros2_ws/install/zed_interfaces/local/lib/python3.10/dist-packages/zed_interfaces/srv/_set_pose_s.c
[2.904s] -- Up-to-date symlink: /home/mael/ros2_ws/install/zed_interfaces/local/lib/python3.10/dist-packages/zed_interfaces/srv/_set_roi.py
[2.904s] -- Up-to-date symlink: /home/mael/ros2_ws/install/zed_interfaces/local/lib/python3.10/dist-packages/zed_interfaces/srv/_set_roi_s.c
[2.904s] -- Up-to-date symlink: /home/mael/ros2_ws/install/zed_interfaces/local/lib/python3.10/dist-packages/zed_interfaces/srv/_start_svo_rec.py
[2.905s] -- Up-to-date symlink: /home/mael/ros2_ws/install/zed_interfaces/local/lib/python3.10/dist-packages/zed_interfaces/srv/_start_svo_rec_s.c
[2.905s] -- Up-to-date symlink: /home/mael/ros2_ws/install/zed_interfaces/local/lib/python3.10/dist-packages/zed_interfaces/zed_interfaces_s__rosidl_typesupport_c.cpython-310-x86_64-linux-gnu.so
[2.906s] -- Up-to-date symlink: /home/mael/ros2_ws/install/zed_interfaces/local/lib/python3.10/dist-packages/zed_interfaces/zed_interfaces_s__rosidl_typesupport_fastrtps_c.cpython-310-x86_64-linux-gnu.so
[2.906s] -- Up-to-date symlink: /home/mael/ros2_ws/install/zed_interfaces/local/lib/python3.10/dist-packages/zed_interfaces/zed_interfaces_s__rosidl_typesupport_introspection_c.cpython-310-x86_64-linux-gnu.so
[2.906s] -- Up-to-date symlink: /home/mael/ros2_ws/install/zed_interfaces/local/lib/python3.10/dist-packages/zed_interfaces/zed_interfaces_s__rosidl_typesupport_fastrtps_c.cpython-310-x86_64-linux-gnu.so
[2.907s] -- Up-to-date symlink: /home/mael/ros2_ws/install/zed_interfaces/local/lib/python3.10/dist-packages/zed_interfaces/zed_interfaces_s__rosidl_typesupport_introspection_c.cpython-310-x86_64-linux-gnu.so
[2.908s] -- Up-to-date symlink: /home/mael/ros2_ws/install/zed_interfaces/local/lib/python3.10/dist-packages/zed_interfaces/zed_interfaces_s__rosidl_typesupport_c.cpython-310-x86_64-linux-gnu.so
[2.909s] -- Up-to-date symlink: /home/mael/ros2_ws/install/zed_interfaces/share/zed_interfaces/msg/Object.idl
[2.909s] -- Up-to-date symlink: /home/mael/ros2_ws/install/zed_interfaces/share/zed_interfaces/msg/ObjectsStamped.idl
[2.909s] -- Up-to-date symlink: /home/mael/ros2_ws/install/zed_interfaces/share/zed_interfaces/msg/Keypoint2Di.idl
[2.909s] -- Up-to-date symlink: /home/mael/ros2_ws/install/zed_interfaces/share/zed_interfaces/msg/Keypoint2Df.idl
[2.909s] -- Up-to-date symlink: /home/mael/ros2_ws/install/zed_interfaces/share/zed_interfaces/msg/Keypoint3D.idl
[2.909s] -- Up-to-date symlink: /home/mael/ros2_ws/install/zed_interfaces/share/zed_interfaces/msg/BoundingBox2Di.idl
[2.910s] -- Up-to-date symlink: /home/mael/ros2_ws/install/zed_interfaces/share/zed_interfaces/msg/BoundingBox2Df.idl
[2.910s] -- Up-to-date symlink: /home/mael/ros2_ws/install/zed_interfaces/share/zed_interfaces/msg/BoundingBox3D.idl
[2.912s] -- Up-to-date symlink: /home/mael/ros2_ws/install/zed_interfaces/share/zed_interfaces/msg/Skeleton2D.idl
[2.912s] -- Up-to-date symlink: /home/mael/ros2_ws/install/zed_interfaces/share/zed_interfaces/msg/Skeleton3D.idl
[2.912s] -- Up-to-date symlink: /home/mael/ros2_ws/install/zed_interfaces/share/zed_interfaces/msg/DepthInfoStamped.idl
[2.912s] -- Up-to-date symlink: /home/mael/ros2_ws/install/zed_interfaces/share/zed_interfaces/msg/PlaneStamped.idl
[2.912s] -- Up-to-date symlink: /home/mael/ros2_ws/install/zed_interfaces/share/zed_interfaces/msg/PosTrackStatus.idl
[2.912s] -- Up-to-date symlink: /home/mael/ros2_ws/install/zed_interfaces/share/zed_interfaces/msg/Heartbeat.idl
[2.913s] -- Up-to-date symlink: /home/mael/ros2_ws/install/zed_interfaces/share/zed_interfaces/srv/SetPose.idl
[2.913s] -- Up-to-date symlink: /home/mael/ros2_ws/install/zed_interfaces/share/zed_interfaces/srv/StartSvoRec.idl
[2.913s] -- Up-to-date symlink: /home/mael/ros2_ws/install/zed_interfaces/share/zed_interfaces/srv/SetROI.idl
[2.913s] -- Up-to-date symlink: /home/mael/ros2_ws/install/zed_interfaces/share/zed_interfaces/msg/Object.msg
[2.913s] -- Up-to-date symlink: /home/mael/ros2_ws/install/zed_interfaces/share/zed_interfaces/msg/ObjectsStamped.msg
[2.913s] -- Up-to-date symlink: /home/mael/ros2_ws/install/zed_interfaces/share/zed_interfaces/msg/Keypoint2Di.msg
[2.913s] -- Up-to-date symlink: /home/mael/ros2_ws/install/zed_interfaces/share/zed_interfaces/msg/Keypoint2Df.msg
[2.914s] -- Up-to-date symlink: /home/mael/ros2_ws/install/zed_interfaces/share/zed_interfaces/msg/Keypoint3D.msg
[2.914s] -- Up-to-date symlink: /home/mael/ros2_ws/install/zed_interfaces/share/zed_interfaces/msg/BoundingBox2Di.msg
[2.914s] -- Up-to-date symlink: /home/mael/ros2_ws/install/zed_interfaces/share/zed_interfaces/msg/BoundingBox2Df.msg
[2.914s] -- Up-to-date symlink: /home/mael/ros2_ws/install/zed_interfaces/share/zed_interfaces/msg/BoundingBox3D.msg
[2.915s] -- Up-to-date symlink: /home/mael/ros2_ws/install/zed_interfaces/share/zed_interfaces/msg/Skeleton2D.msg
[2.915s] -- Up-to-date symlink: /home/mael/ros2_ws/install/zed_interfaces/share/zed_interfaces/msg/Skeleton3D.msg
[2.915s] -- Up-to-date symlink: /home/mael/ros2_ws/install/zed_interfaces/share/zed_interfaces/msg/DepthInfoStamped.msg
[2.915s] -- Up-to-date symlink: /home/mael/ros2_ws/install/zed_interfaces/share/zed_interfaces/msg/PlaneStamped.msg
[2.916s] -- Up-to-date symlink: /home/mael/ros2_ws/install/zed_interfaces/share/zed_interfaces/msg/PosTrackStatus.msg
[2.916s] -- Up-to-date symlink: /home/mael/ros2_ws/install/zed_interfaces/share/zed_interfaces/msg/Heartbeat.msg
[2.916s] -- Up-to-date symlink: /home/mael/ros2_ws/install/zed_interfaces/share/zed_interfaces/srv/SetPose.srv
[2.917s] -- Up-to-date symlink: /home/mael/ros2_ws/install/zed_interfaces/share/zed_interfaces/srv/SetPose_Request.msg
[2.917s] -- Up-to-date symlink: /home/mael/ros2_ws/install/zed_interfaces/share/zed_interfaces/srv/SetPose_Response.msg
[2.917s] -- Up-to-date symlink: /home/mael/ros2_ws/install/zed_interfaces/share/zed_interfaces/srv/StartSvoRec.srv
[2.918s] -- Up-to-date symlink: /home/mael/ros2_ws/install/zed_interfaces/share/zed_interfaces/srv/StartSvoRec_Request.msg
[2.918s] -- Up-to-date symlink: /home/mael/ros2_ws/install/zed_interfaces/share/zed_interfaces/srv/StartSvoRec_Response.msg
[2.918s] -- Up-to-date symlink: /home/mael/ros2_ws/install/zed_interfaces/share/zed_interfaces/srv/SetROI.srv
[2.918s] -- Up-to-date symlink: /home/mael/ros2_ws/install/zed_interfaces/share/zed_interfaces/srv/SetROI_Request.msg
[2.919s] -- Up-to-date symlink: /home/mael/ros2_ws/install/zed_interfaces/share/zed_interfaces/srv/SetROI_Response.msg
[2.919s] -- Up-to-date symlink: /home/mael/ros2_ws/install/zed_interfaces/share/zed_interfaces/meshes/zed.stl
[2.919s] -- Up-to-date symlink: /home/mael/ros2_ws/install/zed_interfaces/share/zed_interfaces/meshes/zed2.stl
[2.920s] -- Up-to-date symlink: /home/mael/ros2_ws/install/zed_interfaces/share/zed_interfaces/meshes/zed2i.stl
[2.920s] -- Up-to-date symlink: /home/mael/ros2_ws/install/zed_interfaces/share/zed_interfaces/meshes/zedm.stl
[2.920s] -- Up-to-date symlink: /home/mael/ros2_ws/install/zed_interfaces/share/zed_interfaces/meshes/zedx.stl
[2.920s] -- Up-to-date symlink: /home/mael/ros2_ws/install/zed_interfaces/share/zed_interfaces/meshes/zedxm.stl
[2.920s] -- Up-to-date symlink: /home/mael/ros2_ws/install/zed_interfaces/share/ament_index/resource_index/package_run_dependencies/zed_interfaces
[2.921s] -- Up-to-date symlink: /home/mael/ros2_ws/install/zed_interfaces/share/ament_index/resource_index/parent_prefix_path/zed_interfaces
[2.921s] -- Up-to-date symlink: /home/mael/ros2_ws/install/zed_interfaces/share/zed_interfaces/environment/ament_prefix_path.sh
[2.921s] -- Up-to-date symlink: /home/mael/ros2_ws/install/zed_interfaces/share/zed_interfaces/environment/ament_prefix_path.dsv
[2.921s] -- Up-to-date symlink: /home/mael/ros2_ws/install/zed_interfaces/share/zed_interfaces/environment/path.sh
[2.922s] -- Up-to-date symlink: /home/mael/ros2_ws/install/zed_interfaces/share/zed_interfaces/environment/path.dsv
[2.922s] -- Up-to-date symlink: /home/mael/ros2_ws/install/zed_interfaces/share/zed_interfaces/local_setup.bash
[2.922s] -- Up-to-date symlink: /home/mael/ros2_ws/install/zed_interfaces/share/zed_interfaces/local_setup.sh
[2.922s] -- Up-to-date symlink: /home/mael/ros2_ws/install/zed_interfaces/share/zed_interfaces/local_setup.zsh
[2.923s] -- Up-to-date symlink: /home/mael/ros2_ws/install/zed_interfaces/share/zed_interfaces/local_setup.dsv
[2.923s] -- Symlinking: /home/mael/ros2_ws/install/zed_interfaces/share/zed_interfaces/package.dsv
[2.963s] -- Up-to-date symlink: /home/mael/ros2_ws/install/zed_interfaces/share/ament_index/resource_index/packages/zed_interfaces
[2.963s] -- Up-to-date symlink: /home/mael/ros2_ws/install/zed_interfaces/share/zed_interfaces/cmake/rosidl_cmake-extras.cmake
[2.963s] -- Up-to-date symlink: /home/mael/ros2_ws/install/zed_interfaces/share/zed_interfaces/cmake/ament_cmake_export_dependencies-extras.cmake
[2.963s] -- Up-to-date symlink: /home/mael/ros2_ws/install/zed_interfaces/share/zed_interfaces/cmake/ament_cmake_export_include_directories-extras.cmake
[2.964s] -- Up-to-date symlink: /home/mael/ros2_ws/install/zed_interfaces/share/zed_interfaces/cmake/ament_cmake_export_libraries-extras.cmake
[2.964s] -- Up-to-date symlink: /home/mael/ros2_ws/install/zed_interfaces/share/zed_interfaces/cmake/ament_cmake_export_targets-extras.cmake
[2.964s] -- Up-to-date symlink: /home/mael/ros2_ws/install/zed_interfaces/share/zed_interfaces/cmake/rosidl_cmake_export_typesupport_targets-extras.cmake
[2.964s] -- Up-to-date symlink: /home/mael/ros2_ws/install/zed_interfaces/share/zed_interfaces/cmake/rosidl_cmake_export_typesupport_libraries-extras.cmake
[2.964s] -- Up-to-date symlink: /home/mael/ros2_ws/install/zed_interfaces/share/zed_interfaces/cmake/zed_interfacesConfig.cmake
[2.964s] -- Up-to-date symlink: /home/mael/ros2_ws/install/zed_interfaces/share/zed_interfaces/cmake/zed_interfacesConfig-version.cmake
[2.964s] -- Up-to-date symlink: /home/mael/ros2_ws/install/zed_interfaces/share/zed_interfaces/package.xml
[2.964s] -- Up-to-date: /home/mael/ros2_ws/install/zed_interfaces/lib/libzed_interfaces__rosidl_generator_c.so
[2.964s] -- Up-to-date: /home/mael/ros2_ws/install/zed_interfaces/lib/libzed_interfaces__rosidl_typesupport_fastrtps_c.so
[2.965s] -- Up-to-date: /home/mael/ros2_ws/install/zed_interfaces/lib/libzed_interfaces__rosidl_typesupport_fastrtps_cpp.so
[2.966s] -- Up-to-date: /home/mael/ros2_ws/install/zed_interfaces/lib/libzed_interfaces__rosidl_typesupport_introspection_c.so
[2.967s] -- Up-to-date: /home/mael/ros2_ws/install/zed_interfaces/lib/libzed_interfaces__rosidl_typesupport_c.so
[2.970s] -- Up-to-date: /home/mael/ros2_ws/install/zed_interfaces/lib/libzed_interfaces__rosidl_typesupport_introspection_cpp.so
[2.971s] -- Up-to-date: /home/mael/ros2_ws/install/zed_interfaces/lib/libzed_interfaces__rosidl_typesupport_cpp.so
[3.041s] Listing '/home/mael/ros2_ws/install/zed_interfaces/local/lib/python3.10/dist-packages/zed_interfaces'...
[3.041s] Listing '/home/mael/ros2_ws/install/zed_interfaces/local/lib/python3.10/dist-packages/zed_interfaces/msg'...
[3.041s] Listing '/home/mael/ros2_ws/install/zed_interfaces/local/lib/python3.10/dist-packages/zed_interfaces/srv'...
[3.048s] -- Up-to-date: /home/mael/ros2_ws/install/zed_interfaces/lib/libzed_interfaces__rosidl_generator_py.so
[3.049s] -- Up-to-date: /home/mael/ros2_ws/install/zed_interfaces/share/zed_interfaces/cmake/export_zed_interfaces__rosidl_generator_cExport.cmake
[3.049s] -- Up-to-date: /home/mael/ros2_ws/install/zed_interfaces/share/zed_interfaces/cmake/export_zed_interfaces__rosidl_generator_cExport-noconfig.cmake
[3.049s] -- Up-to-date: /home/mael/ros2_ws/install/zed_interfaces/share/zed_interfaces/cmake/export_zed_interfaces__rosidl_typesupport_fastrtps_cExport.cmake
[3.049s] -- Up-to-date: /home/mael/ros2_ws/install/zed_interfaces/share/zed_interfaces/cmake/export_zed_interfaces__rosidl_typesupport_fastrtps_cExport-noconfig.cmake
[3.049s] -- Up-to-date: /home/mael/ros2_ws/install/zed_interfaces/share/zed_interfaces/cmake/export_zed_interfaces__rosidl_generator_cppExport.cmake
[3.050s] -- Up-to-date: /home/mael/ros2_ws/install/zed_interfaces/share/zed_interfaces/cmake/export_zed_interfaces__rosidl_typesupport_fastrtps_cppExport.cmake
[3.050s] -- Up-to-date: /home/mael/ros2_ws/install/zed_interfaces/share/zed_interfaces/cmake/export_zed_interfaces__rosidl_typesupport_fastrtps_cppExport-noconfig.cmake
[3.050s] -- Up-to-date: /home/mael/ros2_ws/install/zed_interfaces/share/zed_interfaces/cmake/zed_interfaces__rosidl_typesupport_introspection_cExport.cmake
[3.050s] -- Up-to-date: /home/mael/ros2_ws/install/zed_interfaces/share/zed_interfaces/cmake/zed_interfaces__rosidl_typesupport_introspection_cExport-noconfig.cmake
[3.050s] -- Up-to-date: /home/mael/ros2_ws/install/zed_interfaces/share/zed_interfaces/cmake/zed_interfaces__rosidl_typesupport_cExport.cmake
[3.051s] -- Up-to-date: /home/mael/ros2_ws/install/zed_interfaces/share/zed_interfaces/cmake/zed_interfaces__rosidl_typesupport_cExport-noconfig.cmake
[3.051s] -- Up-to-date: /home/mael/ros2_ws/install/zed_interfaces/share/zed_interfaces/cmake/zed_interfaces__rosidl_typesupport_introspection_cppExport.cmake
[3.051s] -- Up-to-date: /home/mael/ros2_ws/install/zed_interfaces/share/zed_interfaces/cmake/zed_interfaces__rosidl_typesupport_introspection_cppExport-noconfig.cmake
[3.054s] -- Up-to-date: /home/mael/ros2_ws/install/zed_interfaces/share/zed_interfaces/cmake/zed_interfaces__rosidl_typesupport_cppExport.cmake
[3.054s] -- Up-to-date: /home/mael/ros2_ws/install/zed_interfaces/share/zed_interfaces/cmake/zed_interfaces__rosidl_typesupport_cppExport-noconfig.cmake
[3.054s] -- Up-to-date: /home/mael/ros2_ws/install/zed_interfaces/share/zed_interfaces/cmake/export_zed_interfaces__rosidl_generator_pyExport.cmake
[3.054s] -- Up-to-date: /home/mael/ros2_ws/install/zed_interfaces/share/zed_interfaces/cmake/export_zed_interfaces__rosidl_generator_pyExport-noconfig.cmake
[3.065s] Invoked command in '/home/mael/ros2_ws/build/zed_interfaces' returned '0': CMAKE_PREFIX_PATH=${CMAKE_PREFIX_PATH}:/home/mael/ros2_ws/install/ros_tcp_endpoint:/home/mael/ros2_ws/install/baxter_joint_controller:/home/mael/ros2_ws/install/baxter_6dof_vr:/opt/ros/humble /usr/bin/cmake --install /home/mael/ros2_ws/build/zed_interfaces
