[8.193s] Invoking command in '/home/mael/ros2_ws/build/baxter_6dof_vr': PYTHONPATH=/home/mael/ros2_ws/build/baxter_6dof_vr/prefix_override:/home/mael/ros2_ws/install/baxter_6dof_vr/lib/python3.10/site-packages:${PYTHONPATH} /usr/bin/python3 setup.py develop --editable --build-directory /home/mael/ros2_ws/build/baxter_6dof_vr/build --no-deps install_data
[8.671s] running develop
[8.671s] /usr/lib/python3/dist-packages/setuptools/command/easy_install.py:158: EasyInstallDeprecationWarning: easy_install command is deprecated. Use build and pip and other standards-based tools.
[8.671s]   warnings.warn(
[8.673s] /usr/lib/python3/dist-packages/setuptools/command/install.py:34: SetuptoolsDeprecationWarning: setup.py install is deprecated. Use build and pip and other standards-based tools.
[8.673s]   warnings.warn(
[8.760s] /usr/lib/python3/dist-packages/pkg_resources/__init__.py:116: PkgResourcesDeprecationWarning: 1.16.0-unknown is an invalid version and will not be supported in a future release
[8.760s]   warnings.warn(
[8.760s] /usr/lib/python3/dist-packages/pkg_resources/__init__.py:116: PkgResourcesDeprecationWarning: 0.1.43ubuntu1 is an invalid version and will not be supported in a future release
[8.760s]   warnings.warn(
[8.761s] /usr/lib/python3/dist-packages/pkg_resources/__init__.py:116: PkgResourcesDeprecationWarning: 1.1build1 is an invalid version and will not be supported in a future release
[8.761s]   warnings.warn(
[8.909s] running egg_info
[8.909s] writing baxter_6dof_vr.egg-info/PKG-INFO
[8.966s] writing dependency_links to baxter_6dof_vr.egg-info/dependency_links.txt
[8.968s] writing entry points to baxter_6dof_vr.egg-info/entry_points.txt
[8.968s] writing requirements to baxter_6dof_vr.egg-info/requires.txt
[8.969s] writing top-level names to baxter_6dof_vr.egg-info/top_level.txt
[8.972s] reading manifest file 'baxter_6dof_vr.egg-info/SOURCES.txt'
[8.972s] writing manifest file 'baxter_6dof_vr.egg-info/SOURCES.txt'
[9.022s] running build_ext
[9.022s] Creating /home/mael/ros2_ws/install/baxter_6dof_vr/lib/python3.10/site-packages/baxter-6dof-vr.egg-link (link to .)
[9.087s] Installing pose_to_tf script to /home/mael/ros2_ws/install/baxter_6dof_vr/lib/baxter_6dof_vr
[9.087s] 
[9.087s] Installed /home/mael/ros2_ws/build/baxter_6dof_vr
[9.087s] running install_data
[10.211s] Invoked command in '/home/mael/ros2_ws/build/baxter_6dof_vr' returned '0': PYTHONPATH=/home/mael/ros2_ws/build/baxter_6dof_vr/prefix_override:/home/mael/ros2_ws/install/baxter_6dof_vr/lib/python3.10/site-packages:${PYTHONPATH} /usr/bin/python3 setup.py develop --editable --build-directory /home/mael/ros2_ws/build/baxter_6dof_vr/build --no-deps install_data
