[2.642s] Invoking command in '/home/mael/ros2_ws/build/apriltag_ros_pose': CMAKE_PREFIX_PATH=${CMAKE_PREFIX_PATH}:/home/mael/ros2_ws/install/ros_tcp_endpoint:/home/mael/ros2_ws/install/baxter_joint_controller:/home/mael/ros2_ws/install/baxter_6dof_vr:/opt/ros/humble /usr/bin/cmake --build /home/mael/ros2_ws/build/apriltag_ros_pose -- -j8 -l8
[4.228s] [ 20%] Built target tags
[4.228s] [ 60%] Built target apriltag_node
[4.229s] [100%] Built target AprilTagNode
[5.074s] Invoked command in '/home/mael/ros2_ws/build/apriltag_ros_pose' returned '0': CMAKE_PREFIX_PATH=${CMAKE_PREFIX_PATH}:/home/mael/ros2_ws/install/ros_tcp_endpoint:/home/mael/ros2_ws/install/baxter_joint_controller:/home/mael/ros2_ws/install/baxter_6dof_vr:/opt/ros/humble /usr/bin/cmake --build /home/mael/ros2_ws/build/apriltag_ros_pose -- -j8 -l8
[5.583s] Invoking command in '/home/mael/ros2_ws/build/apriltag_ros_pose': CMAKE_PREFIX_PATH=${CMAKE_PREFIX_PATH}:/home/mael/ros2_ws/install/ros_tcp_endpoint:/home/mael/ros2_ws/install/baxter_joint_controller:/home/mael/ros2_ws/install/baxter_6dof_vr:/opt/ros/humble /usr/bin/cmake --install /home/mael/ros2_ws/build/apriltag_ros_pose
[5.607s] -- Install configuration: ""
[5.607s] -- Execute custom install script
[5.607s] -- Up-to-date symlink: /home/mael/ros2_ws/install/apriltag_ros_pose/lib/apriltag_ros_pose/apriltag_node
[5.607s] -- Up-to-date symlink: /home/mael/ros2_ws/install/apriltag_ros_pose/share/apriltag_ros_pose/environment/library_path.sh
[5.607s] -- Up-to-date symlink: /home/mael/ros2_ws/install/apriltag_ros_pose/share/apriltag_ros_pose/environment/library_path.dsv
[5.607s] -- Up-to-date symlink: /home/mael/ros2_ws/install/apriltag_ros_pose/lib/libAprilTagNode.so
[5.607s] -- Up-to-date symlink: /home/mael/ros2_ws/install/apriltag_ros_pose/share/apriltag_ros_pose/cfg/tags_36h11.yaml
[5.608s] -- Up-to-date symlink: /home/mael/ros2_ws/install/apriltag_ros_pose/share/apriltag_ros_pose/launch/v4l2_36h11.launch.yml
[5.608s] -- Up-to-date symlink: /home/mael/ros2_ws/install/apriltag_ros_pose/share/ament_index/resource_index/package_run_dependencies/apriltag_ros_pose
[5.608s] -- Up-to-date symlink: /home/mael/ros2_ws/install/apriltag_ros_pose/share/ament_index/resource_index/parent_prefix_path/apriltag_ros_pose
[5.608s] -- Up-to-date symlink: /home/mael/ros2_ws/install/apriltag_ros_pose/share/apriltag_ros_pose/environment/ament_prefix_path.sh
[5.608s] -- Up-to-date symlink: /home/mael/ros2_ws/install/apriltag_ros_pose/share/apriltag_ros_pose/environment/ament_prefix_path.dsv
[5.608s] -- Up-to-date symlink: /home/mael/ros2_ws/install/apriltag_ros_pose/share/apriltag_ros_pose/environment/path.sh
[5.608s] -- Up-to-date symlink: /home/mael/ros2_ws/install/apriltag_ros_pose/share/apriltag_ros_pose/environment/path.dsv
[5.608s] -- Up-to-date symlink: /home/mael/ros2_ws/install/apriltag_ros_pose/share/apriltag_ros_pose/local_setup.bash
[5.608s] -- Up-to-date symlink: /home/mael/ros2_ws/install/apriltag_ros_pose/share/apriltag_ros_pose/local_setup.sh
[5.609s] -- Up-to-date symlink: /home/mael/ros2_ws/install/apriltag_ros_pose/share/apriltag_ros_pose/local_setup.zsh
[5.609s] -- Up-to-date symlink: /home/mael/ros2_ws/install/apriltag_ros_pose/share/apriltag_ros_pose/local_setup.dsv
[5.609s] -- Symlinking: /home/mael/ros2_ws/install/apriltag_ros_pose/share/apriltag_ros_pose/package.dsv
[5.613s] -- Up-to-date symlink: /home/mael/ros2_ws/install/apriltag_ros_pose/share/ament_index/resource_index/packages/apriltag_ros_pose
[5.613s] -- Up-to-date symlink: /home/mael/ros2_ws/install/apriltag_ros_pose/share/ament_index/resource_index/rclcpp_components/apriltag_ros_pose
[5.614s] -- Up-to-date symlink: /home/mael/ros2_ws/install/apriltag_ros_pose/share/apriltag_ros_pose/cmake/apriltag_ros_poseConfig.cmake
[5.614s] -- Up-to-date symlink: /home/mael/ros2_ws/install/apriltag_ros_pose/share/apriltag_ros_pose/cmake/apriltag_ros_poseConfig-version.cmake
[5.614s] -- Up-to-date symlink: /home/mael/ros2_ws/install/apriltag_ros_pose/share/apriltag_ros_pose/package.xml
[5.640s] Invoked command in '/home/mael/ros2_ws/build/apriltag_ros_pose' returned '0': CMAKE_PREFIX_PATH=${CMAKE_PREFIX_PATH}:/home/mael/ros2_ws/install/ros_tcp_endpoint:/home/mael/ros2_ws/install/baxter_joint_controller:/home/mael/ros2_ws/install/baxter_6dof_vr:/opt/ros/humble /usr/bin/cmake --install /home/mael/ros2_ws/build/apriltag_ros_pose
