[5.518s] Invoking command in '/home/mael/ros2_ws/build/ros_tcp_endpoint': PYTHONPATH=/home/mael/ros2_ws/build/ros_tcp_endpoint/prefix_override:/home/mael/ros2_ws/install/ros_tcp_endpoint/lib/python3.10/site-packages:${PYTHONPATH} /usr/bin/python3 setup.py develop --editable --build-directory /home/mael/ros2_ws/build/ros_tcp_endpoint/build --no-deps install_data
[5.711s] /usr/lib/python3/dist-packages/setuptools/dist.py:723: UserWarning: Usage of dash-separated 'script-dir' will not be supported in future versions. Please use the underscore name 'script_dir' instead
[5.711s]   warnings.warn(
[5.749s] running develop
[5.750s] /usr/lib/python3/dist-packages/setuptools/command/easy_install.py:158: EasyInstallDeprecationWarning: easy_install command is deprecated. Use build and pip and other standards-based tools.
[5.750s]   warnings.warn(
[5.751s] /usr/lib/python3/dist-packages/setuptools/command/install.py:34: SetuptoolsDeprecationWarning: setup.py install is deprecated. Use build and pip and other standards-based tools.
[5.751s]   warnings.warn(
[5.838s] /usr/lib/python3/dist-packages/pkg_resources/__init__.py:116: PkgResourcesDeprecationWarning: 1.16.0-unknown is an invalid version and will not be supported in a future release
[5.838s]   warnings.warn(
[5.838s] /usr/lib/python3/dist-packages/pkg_resources/__init__.py:116: PkgResourcesDeprecationWarning: 0.1.43ubuntu1 is an invalid version and will not be supported in a future release
[5.838s]   warnings.warn(
[5.839s] /usr/lib/python3/dist-packages/pkg_resources/__init__.py:116: PkgResourcesDeprecationWarning: 1.1build1 is an invalid version and will not be supported in a future release
[5.839s]   warnings.warn(
[5.987s] running egg_info
[5.987s] writing ros_tcp_endpoint.egg-info/PKG-INFO
[6.194s] writing dependency_links to ros_tcp_endpoint.egg-info/dependency_links.txt
[6.194s] writing entry points to ros_tcp_endpoint.egg-info/entry_points.txt
[6.306s] writing requirements to ros_tcp_endpoint.egg-info/requires.txt
[6.306s] writing top-level names to ros_tcp_endpoint.egg-info/top_level.txt
[6.306s] reading manifest file 'ros_tcp_endpoint.egg-info/SOURCES.txt'
[6.306s] writing manifest file 'ros_tcp_endpoint.egg-info/SOURCES.txt'
[6.521s] running build_ext
[6.521s] Creating /home/mael/ros2_ws/install/ros_tcp_endpoint/lib/python3.10/site-packages/ros-tcp-endpoint.egg-link (link to .)
[6.687s] Installing default_server_endpoint script to /home/mael/ros2_ws/install/ros_tcp_endpoint/lib/ros_tcp_endpoint
[6.687s] 
[6.687s] Installed /home/mael/ros2_ws/build/ros_tcp_endpoint
[6.687s] running install_data
[6.886s] Invoked command in '/home/mael/ros2_ws/build/ros_tcp_endpoint' returned '0': PYTHONPATH=/home/mael/ros2_ws/build/ros_tcp_endpoint/prefix_override:/home/mael/ros2_ws/install/ros_tcp_endpoint/lib/python3.10/site-packages:${PYTHONPATH} /usr/bin/python3 setup.py develop --editable --build-directory /home/mael/ros2_ws/build/ros_tcp_endpoint/build --no-deps install_data
