[3.253s] Invoking command in '/home/mael/ros2_ws/build/baxter_joint_controller': PYTHONPATH=/home/mael/ros2_ws/build/baxter_joint_controller/prefix_override:/home/mael/ros2_ws/install/baxter_joint_controller/lib/python3.10/site-packages:${PYTHONPATH} /usr/bin/python3 setup.py develop --editable --build-directory /home/mael/ros2_ws/build/baxter_joint_controller/build --no-deps install_data
[3.690s] running develop
[3.690s] /usr/lib/python3/dist-packages/setuptools/command/easy_install.py:158: EasyInstallDeprecationWarning: easy_install command is deprecated. Use build and pip and other standards-based tools.
[3.690s]   warnings.warn(
[3.692s] /usr/lib/python3/dist-packages/setuptools/command/install.py:34: SetuptoolsDeprecationWarning: setup.py install is deprecated. Use build and pip and other standards-based tools.
[3.692s]   warnings.warn(
[3.784s] /usr/lib/python3/dist-packages/pkg_resources/__init__.py:116: PkgResourcesDeprecationWarning: 1.16.0-unknown is an invalid version and will not be supported in a future release
[3.784s]   warnings.warn(
[3.784s] /usr/lib/python3/dist-packages/pkg_resources/__init__.py:116: PkgResourcesDeprecationWarning: 0.1.43ubuntu1 is an invalid version and will not be supported in a future release
[3.785s]   warnings.warn(
[3.785s] /usr/lib/python3/dist-packages/pkg_resources/__init__.py:116: PkgResourcesDeprecationWarning: 1.1build1 is an invalid version and will not be supported in a future release
[3.785s]   warnings.warn(
[3.985s] running egg_info
[3.985s] writing baxter_joint_controller.egg-info/PKG-INFO
[4.114s] writing dependency_links to baxter_joint_controller.egg-info/dependency_links.txt
[4.256s] writing entry points to baxter_joint_controller.egg-info/entry_points.txt
[4.257s] writing requirements to baxter_joint_controller.egg-info/requires.txt
[4.257s] writing top-level names to baxter_joint_controller.egg-info/top_level.txt
[4.261s] reading manifest file 'baxter_joint_controller.egg-info/SOURCES.txt'
[4.265s] writing manifest file 'baxter_joint_controller.egg-info/SOURCES.txt'
[4.320s] running build_ext
[4.320s] Creating /home/mael/ros2_ws/install/baxter_joint_controller/lib/python3.10/site-packages/baxter-joint-controller.egg-link (link to .)
[4.518s] Installing controller script to /home/mael/ros2_ws/install/baxter_joint_controller/lib/baxter_joint_controller
[4.518s] 
[4.518s] Installed /home/mael/ros2_ws/build/baxter_joint_controller
[4.518s] running install_data
[4.979s] Invoked command in '/home/mael/ros2_ws/build/baxter_joint_controller' returned '0': PYTHONPATH=/home/mael/ros2_ws/build/baxter_joint_controller/prefix_override:/home/mael/ros2_ws/install/baxter_joint_controller/lib/python3.10/site-packages:${PYTHONPATH} /usr/bin/python3 setup.py develop --editable --build-directory /home/mael/ros2_ws/build/baxter_joint_controller/build --no-deps install_data
