-- The C compiler identification is GNU 11.3.0
-- The CXX compiler identification is GNU 11.3.0
-- Detecting C compiler ABI info
-- Detecting C compiler ABI info - done
-- Check for working C compiler: /usr/bin/cc - skipped
-- Detecting C compile features
-- Detecting C compile features - done
-- Detecting CXX compiler ABI info
-- Detecting CXX compiler ABI info - done
-- Check for working CXX compiler: /usr/bin/c++ - skipped
-- Detecting CXX compile features
-- Detecting CXX compile features - done
-- Found ament_cmake_auto: 1.3.5 (/opt/ros/humble/share/ament_cmake_auto/cmake)
-- Found Python3: /usr/bin/python3.10 (found version "3.10.6") found components: Interpreter 
-- Override CMake install command with custom implementation using symlinks instead of copying resources
-- Found rosidl_generator_c: 3.1.4 (/opt/ros/humble/share/rosidl_generator_c/cmake)
-- Found rosidl_adapter: 3.1.4 (/opt/ros/humble/share/rosidl_adapter/cmake)
-- Found rosidl_generator_cpp: 3.1.4 (/opt/ros/humble/share/rosidl_generator_cpp/cmake)
-- Using all available rosidl_typesupport_c: rosidl_typesupport_fastrtps_c;rosidl_typesupport_introspection_c
-- Using all available rosidl_typesupport_cpp: rosidl_typesupport_fastrtps_cpp;rosidl_typesupport_introspection_cpp
-- Found rmw_implementation_cmake: 6.1.1 (/opt/ros/humble/share/rmw_implementation_cmake/cmake)
-- Found rmw_fastrtps_cpp: 6.2.2 (/opt/ros/humble/share/rmw_fastrtps_cpp/cmake)
-- Found OpenSSL: /usr/lib/x86_64-linux-gnu/libcrypto.so (found version "3.0.2")  
-- Found FastRTPS: /opt/ros/humble/include  
-- Using RMW implementation 'rmw_fastrtps_cpp' as default
-- Found Threads: TRUE  
-- Found eigen3_cmake_module: 0.1.1 (/opt/ros/humble/share/eigen3_cmake_module/cmake)
-- Found Eigen3: TRUE (found version "3.4.0") 
-- Ensuring Eigen3 include directory is part of orocos-kdl CMake target
-- Found OpenCV: /usr (found version "4.5.4") 
-- Setting build type to 'Release' as none was specified.
-- Found ament_cmake_ros: 0.10.0 (/opt/ros/humble/share/ament_cmake_ros/cmake)
-- Using all available rosidl_typesupport_c: rosidl_typesupport_fastrtps_c;rosidl_typesupport_introspection_c
-- Using all available rosidl_typesupport_cpp: rosidl_typesupport_fastrtps_cpp;rosidl_typesupport_introspection_cpp
-- Found PythonInterp: /usr/bin/python3 (found suitable version "3.10.6", minimum required is "3.6") 
-- Found python_cmake_module: 0.10.0 (/opt/ros/humble/share/python_cmake_module/cmake)
-- Found PythonLibs: /usr/lib/x86_64-linux-gnu/libpython3.10.so (found suitable version "3.10.6", minimum required is "3.5") 
-- Using PYTHON_EXECUTABLE: /usr/bin/python3
-- Using PYTHON_INCLUDE_DIRS: /usr/include/python3.10
-- Using PYTHON_LIBRARIES: /usr/lib/x86_64-linux-gnu/libpython3.10.so
-- Found PythonExtra: .so  
-- Found ament_lint_auto: 0.12.6 (/opt/ros/humble/share/ament_lint_auto/cmake)
-- Added test 'copyright' to check source files copyright and LICENSE
-- Added test 'cppcheck' to perform static code analysis on C / C++ code
-- Configured cppcheck include dirs: /home/mael/ros2_ws/src/apriltag_ros2/apriltag_ros2/include
-- Configured cppcheck exclude dirs and/or files: 
-- Added test 'cpplint' to check C / C++ code against the Google style
-- Configured cpplint exclude dirs and/or files: 
-- Added test 'lint_cmake' to check CMake code style
-- Added test 'uncrustify' to check C / C++ code style
-- Configured uncrustify additional arguments: 
-- Added test 'xmllint' to check XML markup files
-- Configuring done
-- Generating done
-- Build files have been written to: /home/mael/ros2_ws/build/apriltag_ros2
[  1%] [34m[1mGenerating C++ code for ROS interfaces[0m
[  1%] Built target apriltag_ros2__cpp
[  3%] [32mBuilding CXX object CMakeFiles/apriltag_ros2_single_image_client_node.dir/rclcpp_components/node_main_apriltag_ros2_single_image_client_node.cpp.o[0m
[  4%] [32m[1mLinking CXX executable apriltag_ros2_single_image_client_node[0m
[  4%] Built target apriltag_ros2_single_image_client_node
[  6%] [34m[1mGenerating C++ introspection for ROS interfaces[0m
[  8%] [32mBuilding CXX object CMakeFiles/apriltag_ros2__rosidl_typesupport_introspection_cpp.dir/rosidl_typesupport_introspection_cpp/apriltag_ros2/msg/detail/april_tag_detection__type_support.cpp.o[0m
[  9%] [32mBuilding CXX object CMakeFiles/apriltag_ros2__rosidl_typesupport_introspection_cpp.dir/rosidl_typesupport_introspection_cpp/apriltag_ros2/msg/detail/april_tag_detection_array__type_support.cpp.o[0m
[ 11%] [32mBuilding CXX object CMakeFiles/apriltag_ros2__rosidl_typesupport_introspection_cpp.dir/rosidl_typesupport_introspection_cpp/apriltag_ros2/srv/detail/analyze_single_image__type_support.cpp.o[0m
[ 13%] [32m[1mLinking CXX shared library libapriltag_ros2__rosidl_typesupport_introspection_cpp.so[0m
[ 13%] Built target apriltag_ros2__rosidl_typesupport_introspection_cpp
[ 14%] [34m[1mGenerating C++ type support for eProsima Fast-RTPS[0m
[ 16%] [32mBuilding CXX object CMakeFiles/apriltag_ros2__rosidl_typesupport_fastrtps_cpp.dir/rosidl_typesupport_fastrtps_cpp/apriltag_ros2/msg/detail/dds_fastrtps/april_tag_detection__type_support.cpp.o[0m
[ 18%] [32mBuilding CXX object CMakeFiles/apriltag_ros2__rosidl_typesupport_fastrtps_cpp.dir/rosidl_typesupport_fastrtps_cpp/apriltag_ros2/srv/detail/dds_fastrtps/analyze_single_image__type_support.cpp.o[0m
[ 19%] [32mBuilding CXX object CMakeFiles/apriltag_ros2__rosidl_typesupport_fastrtps_cpp.dir/rosidl_typesupport_fastrtps_cpp/apriltag_ros2/msg/detail/dds_fastrtps/april_tag_detection_array__type_support.cpp.o[0m
[ 21%] [32m[1mLinking CXX shared library libapriltag_ros2__rosidl_typesupport_fastrtps_cpp.so[0m
[ 21%] Built target apriltag_ros2__rosidl_typesupport_fastrtps_cpp
[ 22%] [34m[1mGenerating C++ type support dispatch for ROS interfaces[0m
[ 24%] [32mBuilding CXX object CMakeFiles/apriltag_ros2__rosidl_typesupport_cpp.dir/rosidl_typesupport_cpp/apriltag_ros2/msg/april_tag_detection__type_support.cpp.o[0m
[ 26%] [32mBuilding CXX object CMakeFiles/apriltag_ros2__rosidl_typesupport_cpp.dir/rosidl_typesupport_cpp/apriltag_ros2/srv/analyze_single_image__type_support.cpp.o[0m
[ 27%] [32mBuilding CXX object CMakeFiles/apriltag_ros2__rosidl_typesupport_cpp.dir/rosidl_typesupport_cpp/apriltag_ros2/msg/april_tag_detection_array__type_support.cpp.o[0m
[ 29%] [32m[1mLinking CXX shared library libapriltag_ros2__rosidl_typesupport_cpp.so[0m
[ 29%] Built target apriltag_ros2__rosidl_typesupport_cpp
[ 31%] [32mBuilding CXX object CMakeFiles/apriltag_ros2_single_image_detector_node.dir/rclcpp_components/node_main_apriltag_ros2_single_image_detector_node.cpp.o[0m
[ 32%] [32m[1mLinking CXX executable apriltag_ros2_single_image_detector_node[0m
[ 32%] Built target apriltag_ros2_single_image_detector_node
[ 34%] [32mBuilding CXX object CMakeFiles/apriltag_ros2_common.dir/src/common_functions.cpp.o[0m
[ 36%] [32m[1mLinking CXX shared library libapriltag_ros2_common.so[0m
[ 36%] Built target apriltag_ros2_common
[ 37%] [32mBuilding CXX object CMakeFiles/apriltag_ros2_continuous_detector_node.dir/rclcpp_components/node_main_apriltag_ros2_continuous_detector_node.cpp.o[0m
[ 39%] [32m[1mLinking CXX executable apriltag_ros2_continuous_detector_node[0m
[ 39%] Built target apriltag_ros2_continuous_detector_node
[ 40%] [32mBuilding CXX object CMakeFiles/apriltag_ros2_continuous_detector.dir/src/continuous_detector.cpp.o[0m
[ 42%] [32m[1mLinking CXX shared library libapriltag_ros2_continuous_detector.so[0m
[ 42%] Built target apriltag_ros2_continuous_detector
[ 42%] Built target ament_cmake_python_symlink_apriltag_ros2
[ 44%] [32mBuilding CXX object CMakeFiles/apriltag_ros2_single_image_detector.dir/src/single_image_detector.cpp.o[0m
[ 45%] [32m[1mLinking CXX shared library libapriltag_ros2_single_image_detector.so[0m
[ 45%] Built target apriltag_ros2_single_image_detector
running egg_info
creating apriltag_ros2.egg-info
writing apriltag_ros2.egg-info/PKG-INFO
writing dependency_links to apriltag_ros2.egg-info/dependency_links.txt
writing top-level names to apriltag_ros2.egg-info/top_level.txt
writing manifest file 'apriltag_ros2.egg-info/SOURCES.txt'
reading manifest file 'apriltag_ros2.egg-info/SOURCES.txt'
writing manifest file 'apriltag_ros2.egg-info/SOURCES.txt'
[ 45%] Built target ament_cmake_python_build_apriltag_ros2_egg
[ 47%] [32mBuilding CXX object CMakeFiles/apriltag_ros2_single_image_client.dir/src/single_image_client.cpp.o[0m
[ 49%] [32m[1mLinking CXX shared library libapriltag_ros2_single_image_client.so[0m
[ 49%] Built target apriltag_ros2_single_image_client
[ 50%] [34m[1mGenerating C code for ROS interfaces[0m
[ 52%] [32mBuilding C object CMakeFiles/apriltag_ros2__rosidl_generator_c.dir/rosidl_generator_c/apriltag_ros2/msg/detail/april_tag_detection__functions.c.o[0m
[ 54%] [32mBuilding C object CMakeFiles/apriltag_ros2__rosidl_generator_c.dir/rosidl_generator_c/apriltag_ros2/srv/detail/analyze_single_image__functions.c.o[0m
[ 55%] [32mBuilding C object CMakeFiles/apriltag_ros2__rosidl_generator_c.dir/rosidl_generator_c/apriltag_ros2/msg/detail/april_tag_detection_array__functions.c.o[0m
[ 57%] [32m[1mLinking C shared library libapriltag_ros2__rosidl_generator_c.so[0m
[ 57%] Built target apriltag_ros2__rosidl_generator_c
[ 59%] [34m[1mGenerating C type support for eProsima Fast-RTPS[0m
[ 60%] [32mBuilding CXX object CMakeFiles/apriltag_ros2__rosidl_typesupport_fastrtps_c.dir/rosidl_typesupport_fastrtps_c/apriltag_ros2/msg/detail/april_tag_detection__type_support_c.cpp.o[0m
[ 62%] [32mBuilding CXX object CMakeFiles/apriltag_ros2__rosidl_typesupport_fastrtps_c.dir/rosidl_typesupport_fastrtps_c/apriltag_ros2/srv/detail/analyze_single_image__type_support_c.cpp.o[0m
[ 63%] [32mBuilding CXX object CMakeFiles/apriltag_ros2__rosidl_typesupport_fastrtps_c.dir/rosidl_typesupport_fastrtps_c/apriltag_ros2/msg/detail/april_tag_detection_array__type_support_c.cpp.o[0m
[ 65%] [32m[1mLinking CXX shared library libapriltag_ros2__rosidl_typesupport_fastrtps_c.so[0m
[ 65%] Built target apriltag_ros2__rosidl_typesupport_fastrtps_c
[ 67%] [34m[1mGenerating C type support dispatch for ROS interfaces[0m
[ 68%] [32mBuilding CXX object CMakeFiles/apriltag_ros2__rosidl_typesupport_c.dir/rosidl_typesupport_c/apriltag_ros2/msg/april_tag_detection__type_support.cpp.o[0m
[ 70%] [32mBuilding CXX object CMakeFiles/apriltag_ros2__rosidl_typesupport_c.dir/rosidl_typesupport_c/apriltag_ros2/srv/analyze_single_image__type_support.cpp.o[0m
[ 72%] [32mBuilding CXX object CMakeFiles/apriltag_ros2__rosidl_typesupport_c.dir/rosidl_typesupport_c/apriltag_ros2/msg/april_tag_detection_array__type_support.cpp.o[0m
[ 73%] [32m[1mLinking CXX shared library libapriltag_ros2__rosidl_typesupport_c.so[0m
[ 73%] Built target apriltag_ros2__rosidl_typesupport_c
[ 75%] [34m[1mGenerating C introspection for ROS interfaces[0m
[ 77%] [32mBuilding C object CMakeFiles/apriltag_ros2__rosidl_typesupport_introspection_c.dir/rosidl_typesupport_introspection_c/apriltag_ros2/msg/detail/april_tag_detection__type_support.c.o[0m
[ 78%] [32mBuilding C object CMakeFiles/apriltag_ros2__rosidl_typesupport_introspection_c.dir/rosidl_typesupport_introspection_c/apriltag_ros2/srv/detail/analyze_single_image__type_support.c.o[0m
[ 80%] [32mBuilding C object CMakeFiles/apriltag_ros2__rosidl_typesupport_introspection_c.dir/rosidl_typesupport_introspection_c/apriltag_ros2/msg/detail/april_tag_detection_array__type_support.c.o[0m
[ 81%] [32m[1mLinking C shared library libapriltag_ros2__rosidl_typesupport_introspection_c.so[0m
[ 81%] Built target apriltag_ros2__rosidl_typesupport_introspection_c
[ 81%] Built target apriltag_ros2
[ 83%] [34m[1mGenerating Python code for ROS interfaces[0m
[ 83%] Built target apriltag_ros2__py
[ 85%] [32mBuilding C object CMakeFiles/apriltag_ros2__rosidl_generator_py.dir/rosidl_generator_py/apriltag_ros2/msg/_april_tag_detection_s.c.o[0m
[ 86%] [32mBuilding C object CMakeFiles/apriltag_ros2__rosidl_generator_py.dir/rosidl_generator_py/apriltag_ros2/srv/_analyze_single_image_s.c.o[0m
[ 88%] [32mBuilding C object CMakeFiles/apriltag_ros2__rosidl_generator_py.dir/rosidl_generator_py/apriltag_ros2/msg/_april_tag_detection_array_s.c.o[0m
[ 90%] [32m[1mLinking C shared library rosidl_generator_py/apriltag_ros2/libapriltag_ros2__rosidl_generator_py.so[0m
[ 90%] Built target apriltag_ros2__rosidl_generator_py
[ 91%] [32mBuilding C object CMakeFiles/apriltag_ros2__rosidl_typesupport_fastrtps_c__pyext.dir/rosidl_generator_py/apriltag_ros2/_apriltag_ros2_s.ep.rosidl_typesupport_fastrtps_c.c.o[0m
[ 93%] [32m[1mLinking C shared library rosidl_generator_py/apriltag_ros2/apriltag_ros2_s__rosidl_typesupport_fastrtps_c.cpython-310-x86_64-linux-gnu.so[0m
[ 93%] Built target apriltag_ros2__rosidl_typesupport_fastrtps_c__pyext
[ 95%] [32mBuilding C object CMakeFiles/apriltag_ros2__rosidl_typesupport_c__pyext.dir/rosidl_generator_py/apriltag_ros2/_apriltag_ros2_s.ep.rosidl_typesupport_c.c.o[0m
[ 96%] [32m[1mLinking C shared library rosidl_generator_py/apriltag_ros2/apriltag_ros2_s__rosidl_typesupport_c.cpython-310-x86_64-linux-gnu.so[0m
[ 96%] Built target apriltag_ros2__rosidl_typesupport_c__pyext
[ 98%] [32mBuilding C object CMakeFiles/apriltag_ros2__rosidl_typesupport_introspection_c__pyext.dir/rosidl_generator_py/apriltag_ros2/_apriltag_ros2_s.ep.rosidl_typesupport_introspection_c.c.o[0m
[100%] [32m[1mLinking C shared library rosidl_generator_py/apriltag_ros2/apriltag_ros2_s__rosidl_typesupport_introspection_c.cpython-310-x86_64-linux-gnu.so[0m
[100%] Built target apriltag_ros2__rosidl_typesupport_introspection_c__pyext
-- Install configuration: "Release"
-- Execute custom install script
-- Symlinking: /home/mael/ros2_ws/install/apriltag_ros2/share/ament_index/resource_index/rosidl_interfaces/apriltag_ros2
-- Symlinking: /home/mael/ros2_ws/install/apriltag_ros2/include/apriltag_ros2/apriltag_ros2/msg/april_tag_detection.h
-- Symlinking: /home/mael/ros2_ws/install/apriltag_ros2/include/apriltag_ros2/apriltag_ros2/msg/april_tag_detection_array.h
-- Symlinking: /home/mael/ros2_ws/install/apriltag_ros2/include/apriltag_ros2/apriltag_ros2/msg/detail/april_tag_detection__functions.h
-- Symlinking: /home/mael/ros2_ws/install/apriltag_ros2/include/apriltag_ros2/apriltag_ros2/msg/detail/april_tag_detection__struct.h
-- Symlinking: /home/mael/ros2_ws/install/apriltag_ros2/include/apriltag_ros2/apriltag_ros2/msg/detail/april_tag_detection__type_support.h
-- Symlinking: /home/mael/ros2_ws/install/apriltag_ros2/include/apriltag_ros2/apriltag_ros2/msg/detail/april_tag_detection_array__functions.h
-- Symlinking: /home/mael/ros2_ws/install/apriltag_ros2/include/apriltag_ros2/apriltag_ros2/msg/detail/april_tag_detection_array__struct.h
-- Symlinking: /home/mael/ros2_ws/install/apriltag_ros2/include/apriltag_ros2/apriltag_ros2/msg/detail/april_tag_detection_array__type_support.h
-- Symlinking: /home/mael/ros2_ws/install/apriltag_ros2/include/apriltag_ros2/apriltag_ros2/msg/rosidl_generator_c__visibility_control.h
-- Symlinking: /home/mael/ros2_ws/install/apriltag_ros2/include/apriltag_ros2/apriltag_ros2/srv/analyze_single_image.h
-- Symlinking: /home/mael/ros2_ws/install/apriltag_ros2/include/apriltag_ros2/apriltag_ros2/srv/detail/analyze_single_image__functions.h
-- Symlinking: /home/mael/ros2_ws/install/apriltag_ros2/include/apriltag_ros2/apriltag_ros2/srv/detail/analyze_single_image__struct.h
-- Symlinking: /home/mael/ros2_ws/install/apriltag_ros2/include/apriltag_ros2/apriltag_ros2/srv/detail/analyze_single_image__type_support.h
-- Symlinking: /home/mael/ros2_ws/install/apriltag_ros2/share/apriltag_ros2/environment/library_path.sh
-- Symlinking: /home/mael/ros2_ws/install/apriltag_ros2/share/apriltag_ros2/environment/library_path.dsv
-- Symlinking: /home/mael/ros2_ws/install/apriltag_ros2/include/apriltag_ros2/apriltag_ros2/msg/detail/april_tag_detection__rosidl_typesupport_fastrtps_c.h
-- Symlinking: /home/mael/ros2_ws/install/apriltag_ros2/include/apriltag_ros2/apriltag_ros2/msg/detail/april_tag_detection_array__rosidl_typesupport_fastrtps_c.h
-- Symlinking: /home/mael/ros2_ws/install/apriltag_ros2/include/apriltag_ros2/apriltag_ros2/msg/rosidl_typesupport_fastrtps_c__visibility_control.h
-- Symlinking: /home/mael/ros2_ws/install/apriltag_ros2/include/apriltag_ros2/apriltag_ros2/srv/detail/analyze_single_image__rosidl_typesupport_fastrtps_c.h
-- Symlinking: /home/mael/ros2_ws/install/apriltag_ros2/include/apriltag_ros2/apriltag_ros2/msg/april_tag_detection.hpp
-- Symlinking: /home/mael/ros2_ws/install/apriltag_ros2/include/apriltag_ros2/apriltag_ros2/msg/april_tag_detection_array.hpp
-- Symlinking: /home/mael/ros2_ws/install/apriltag_ros2/include/apriltag_ros2/apriltag_ros2/msg/detail/april_tag_detection__builder.hpp
-- Symlinking: /home/mael/ros2_ws/install/apriltag_ros2/include/apriltag_ros2/apriltag_ros2/msg/detail/april_tag_detection__struct.hpp
-- Symlinking: /home/mael/ros2_ws/install/apriltag_ros2/include/apriltag_ros2/apriltag_ros2/msg/detail/april_tag_detection__traits.hpp
-- Symlinking: /home/mael/ros2_ws/install/apriltag_ros2/include/apriltag_ros2/apriltag_ros2/msg/detail/april_tag_detection_array__builder.hpp
-- Symlinking: /home/mael/ros2_ws/install/apriltag_ros2/include/apriltag_ros2/apriltag_ros2/msg/detail/april_tag_detection_array__struct.hpp
-- Symlinking: /home/mael/ros2_ws/install/apriltag_ros2/include/apriltag_ros2/apriltag_ros2/msg/detail/april_tag_detection_array__traits.hpp
-- Symlinking: /home/mael/ros2_ws/install/apriltag_ros2/include/apriltag_ros2/apriltag_ros2/srv/analyze_single_image.hpp
-- Symlinking: /home/mael/ros2_ws/install/apriltag_ros2/include/apriltag_ros2/apriltag_ros2/srv/detail/analyze_single_image__builder.hpp
-- Symlinking: /home/mael/ros2_ws/install/apriltag_ros2/include/apriltag_ros2/apriltag_ros2/srv/detail/analyze_single_image__struct.hpp
-- Symlinking: /home/mael/ros2_ws/install/apriltag_ros2/include/apriltag_ros2/apriltag_ros2/srv/detail/analyze_single_image__traits.hpp
-- Symlinking: /home/mael/ros2_ws/install/apriltag_ros2/include/apriltag_ros2/apriltag_ros2/msg/detail/april_tag_detection__rosidl_typesupport_fastrtps_cpp.hpp
-- Symlinking: /home/mael/ros2_ws/install/apriltag_ros2/include/apriltag_ros2/apriltag_ros2/msg/detail/april_tag_detection_array__rosidl_typesupport_fastrtps_cpp.hpp
-- Symlinking: /home/mael/ros2_ws/install/apriltag_ros2/include/apriltag_ros2/apriltag_ros2/msg/rosidl_typesupport_fastrtps_cpp__visibility_control.h
-- Symlinking: /home/mael/ros2_ws/install/apriltag_ros2/include/apriltag_ros2/apriltag_ros2/srv/detail/analyze_single_image__rosidl_typesupport_fastrtps_cpp.hpp
-- Symlinking: /home/mael/ros2_ws/install/apriltag_ros2/include/apriltag_ros2/apriltag_ros2/msg/detail/april_tag_detection__rosidl_typesupport_introspection_c.h
-- Symlinking: /home/mael/ros2_ws/install/apriltag_ros2/include/apriltag_ros2/apriltag_ros2/msg/detail/april_tag_detection_array__rosidl_typesupport_introspection_c.h
-- Symlinking: /home/mael/ros2_ws/install/apriltag_ros2/include/apriltag_ros2/apriltag_ros2/msg/rosidl_typesupport_introspection_c__visibility_control.h
-- Symlinking: /home/mael/ros2_ws/install/apriltag_ros2/include/apriltag_ros2/apriltag_ros2/srv/detail/analyze_single_image__rosidl_typesupport_introspection_c.h
-- Symlinking: /home/mael/ros2_ws/install/apriltag_ros2/include/apriltag_ros2/apriltag_ros2/msg/detail/april_tag_detection__rosidl_typesupport_introspection_cpp.hpp
-- Symlinking: /home/mael/ros2_ws/install/apriltag_ros2/include/apriltag_ros2/apriltag_ros2/msg/detail/april_tag_detection_array__rosidl_typesupport_introspection_cpp.hpp
-- Symlinking: /home/mael/ros2_ws/install/apriltag_ros2/include/apriltag_ros2/apriltag_ros2/srv/detail/analyze_single_image__rosidl_typesupport_introspection_cpp.hpp
-- Symlinking: /home/mael/ros2_ws/install/apriltag_ros2/share/apriltag_ros2/environment/pythonpath.sh
-- Symlinking: /home/mael/ros2_ws/install/apriltag_ros2/share/apriltag_ros2/environment/pythonpath.dsv
-- Symlinking: /home/mael/ros2_ws/install/apriltag_ros2/local/lib/python3.10/dist-packages/apriltag_ros2-3.2.1-py3.10.egg-info/PKG-INFO
-- Symlinking: /home/mael/ros2_ws/install/apriltag_ros2/local/lib/python3.10/dist-packages/apriltag_ros2-3.2.1-py3.10.egg-info/SOURCES.txt
-- Symlinking: /home/mael/ros2_ws/install/apriltag_ros2/local/lib/python3.10/dist-packages/apriltag_ros2-3.2.1-py3.10.egg-info/dependency_links.txt
-- Symlinking: /home/mael/ros2_ws/install/apriltag_ros2/local/lib/python3.10/dist-packages/apriltag_ros2-3.2.1-py3.10.egg-info/top_level.txt
-- Symlinking: /home/mael/ros2_ws/install/apriltag_ros2/local/lib/python3.10/dist-packages/apriltag_ros2/__init__.py
-- Symlinking: /home/mael/ros2_ws/install/apriltag_ros2/local/lib/python3.10/dist-packages/apriltag_ros2/_apriltag_ros2_s.ep.rosidl_typesupport_c.c
-- Symlinking: /home/mael/ros2_ws/install/apriltag_ros2/local/lib/python3.10/dist-packages/apriltag_ros2/_apriltag_ros2_s.ep.rosidl_typesupport_fastrtps_c.c
-- Symlinking: /home/mael/ros2_ws/install/apriltag_ros2/local/lib/python3.10/dist-packages/apriltag_ros2/_apriltag_ros2_s.ep.rosidl_typesupport_introspection_c.c
-- Symlinking: /home/mael/ros2_ws/install/apriltag_ros2/local/lib/python3.10/dist-packages/apriltag_ros2/apriltag_ros2_s__rosidl_typesupport_c.cpython-310-x86_64-linux-gnu.so
-- Symlinking: /home/mael/ros2_ws/install/apriltag_ros2/local/lib/python3.10/dist-packages/apriltag_ros2/apriltag_ros2_s__rosidl_typesupport_fastrtps_c.cpython-310-x86_64-linux-gnu.so
-- Symlinking: /home/mael/ros2_ws/install/apriltag_ros2/local/lib/python3.10/dist-packages/apriltag_ros2/apriltag_ros2_s__rosidl_typesupport_introspection_c.cpython-310-x86_64-linux-gnu.so
-- Symlinking: /home/mael/ros2_ws/install/apriltag_ros2/local/lib/python3.10/dist-packages/apriltag_ros2/libapriltag_ros2__rosidl_generator_py.so
-- Symlinking: /home/mael/ros2_ws/install/apriltag_ros2/local/lib/python3.10/dist-packages/apriltag_ros2/msg/__init__.py
-- Symlinking: /home/mael/ros2_ws/install/apriltag_ros2/local/lib/python3.10/dist-packages/apriltag_ros2/msg/_april_tag_detection.py
-- Symlinking: /home/mael/ros2_ws/install/apriltag_ros2/local/lib/python3.10/dist-packages/apriltag_ros2/msg/_april_tag_detection_array.py
-- Symlinking: /home/mael/ros2_ws/install/apriltag_ros2/local/lib/python3.10/dist-packages/apriltag_ros2/msg/_april_tag_detection_array_s.c
-- Symlinking: /home/mael/ros2_ws/install/apriltag_ros2/local/lib/python3.10/dist-packages/apriltag_ros2/msg/_april_tag_detection_s.c
-- Symlinking: /home/mael/ros2_ws/install/apriltag_ros2/local/lib/python3.10/dist-packages/apriltag_ros2/srv/__init__.py
-- Symlinking: /home/mael/ros2_ws/install/apriltag_ros2/local/lib/python3.10/dist-packages/apriltag_ros2/srv/_analyze_single_image.py
-- Symlinking: /home/mael/ros2_ws/install/apriltag_ros2/local/lib/python3.10/dist-packages/apriltag_ros2/srv/_analyze_single_image_s.c
-- Up-to-date symlink: /home/mael/ros2_ws/install/apriltag_ros2/local/lib/python3.10/dist-packages/apriltag_ros2/apriltag_ros2_s__rosidl_typesupport_fastrtps_c.cpython-310-x86_64-linux-gnu.so
-- Up-to-date symlink: /home/mael/ros2_ws/install/apriltag_ros2/local/lib/python3.10/dist-packages/apriltag_ros2/apriltag_ros2_s__rosidl_typesupport_introspection_c.cpython-310-x86_64-linux-gnu.so
-- Up-to-date symlink: /home/mael/ros2_ws/install/apriltag_ros2/local/lib/python3.10/dist-packages/apriltag_ros2/apriltag_ros2_s__rosidl_typesupport_c.cpython-310-x86_64-linux-gnu.so
-- Symlinking: /home/mael/ros2_ws/install/apriltag_ros2/share/apriltag_ros2/msg/AprilTagDetection.idl
-- Symlinking: /home/mael/ros2_ws/install/apriltag_ros2/share/apriltag_ros2/msg/AprilTagDetectionArray.idl
-- Symlinking: /home/mael/ros2_ws/install/apriltag_ros2/share/apriltag_ros2/srv/AnalyzeSingleImage.idl
-- Symlinking: /home/mael/ros2_ws/install/apriltag_ros2/share/apriltag_ros2/msg/AprilTagDetection.msg
-- Symlinking: /home/mael/ros2_ws/install/apriltag_ros2/share/apriltag_ros2/msg/AprilTagDetectionArray.msg
-- Symlinking: /home/mael/ros2_ws/install/apriltag_ros2/share/apriltag_ros2/srv/AnalyzeSingleImage.srv
-- Symlinking: /home/mael/ros2_ws/install/apriltag_ros2/share/apriltag_ros2/srv/AnalyzeSingleImage_Request.msg
-- Symlinking: /home/mael/ros2_ws/install/apriltag_ros2/share/apriltag_ros2/srv/AnalyzeSingleImage_Response.msg
-- Symlinking: /home/mael/ros2_ws/install/apriltag_ros2/lib/apriltag_ros2/apriltag_ros2_continuous_detector_node
-- Symlinking: /home/mael/ros2_ws/install/apriltag_ros2/lib/apriltag_ros2/apriltag_ros2_single_image_detector_node
-- Symlinking: /home/mael/ros2_ws/install/apriltag_ros2/lib/apriltag_ros2/apriltag_ros2_single_image_client_node
-- Symlinking: /home/mael/ros2_ws/install/apriltag_ros2/include/apriltag_ros2/common_functions.hpp
-- Symlinking: /home/mael/ros2_ws/install/apriltag_ros2/include/apriltag_ros2/continuous_detector.hpp
-- Symlinking: /home/mael/ros2_ws/install/apriltag_ros2/include/apriltag_ros2/single_image_detector.hpp
-- Symlinking: /home/mael/ros2_ws/install/apriltag_ros2/lib/libapriltag_ros2_common.so
-- Symlinking: /home/mael/ros2_ws/install/apriltag_ros2/lib/libapriltag_ros2_continuous_detector.so
-- Symlinking: /home/mael/ros2_ws/install/apriltag_ros2/lib/libapriltag_ros2_single_image_detector.so
-- Symlinking: /home/mael/ros2_ws/install/apriltag_ros2/lib/libapriltag_ros2_single_image_client.so
-- Symlinking: /home/mael/ros2_ws/install/apriltag_ros2/share/apriltag_ros2/config/settings.param.yaml
-- Symlinking: /home/mael/ros2_ws/install/apriltag_ros2/share/apriltag_ros2/config/tags.param.yaml
-- Symlinking: /home/mael/ros2_ws/install/apriltag_ros2/share/apriltag_ros2/config/tags.yaml
-- Symlinking: /home/mael/ros2_ws/install/apriltag_ros2/share/apriltag_ros2/launch/continuous_detection.launch.xml
-- Symlinking: /home/mael/ros2_ws/install/apriltag_ros2/share/apriltag_ros2/launch/continuous_detection_zed.launch.xml
-- Symlinking: /home/mael/ros2_ws/install/apriltag_ros2/share/apriltag_ros2/launch/single_image_client.launch.xml
-- Symlinking: /home/mael/ros2_ws/install/apriltag_ros2/share/apriltag_ros2/launch/single_image_detector.launch.xml
-- Symlinking: /home/mael/ros2_ws/install/apriltag_ros2/share/apriltag_ros2/scripts/analyze_image
-- Symlinking: /home/mael/ros2_ws/install/apriltag_ros2/share/apriltag_ros2/scripts/calibrate_bundle.m
-- Symlinking: /home/mael/ros2_ws/install/apriltag_ros2/share/ament_index/resource_index/package_run_dependencies/apriltag_ros2
-- Symlinking: /home/mael/ros2_ws/install/apriltag_ros2/share/ament_index/resource_index/parent_prefix_path/apriltag_ros2
-- Symlinking: /home/mael/ros2_ws/install/apriltag_ros2/share/apriltag_ros2/environment/ament_prefix_path.sh
-- Symlinking: /home/mael/ros2_ws/install/apriltag_ros2/share/apriltag_ros2/environment/ament_prefix_path.dsv
-- Symlinking: /home/mael/ros2_ws/install/apriltag_ros2/share/apriltag_ros2/environment/path.sh
-- Symlinking: /home/mael/ros2_ws/install/apriltag_ros2/share/apriltag_ros2/environment/path.dsv
-- Symlinking: /home/mael/ros2_ws/install/apriltag_ros2/share/apriltag_ros2/local_setup.bash
-- Symlinking: /home/mael/ros2_ws/install/apriltag_ros2/share/apriltag_ros2/local_setup.sh
-- Symlinking: /home/mael/ros2_ws/install/apriltag_ros2/share/apriltag_ros2/local_setup.zsh
-- Symlinking: /home/mael/ros2_ws/install/apriltag_ros2/share/apriltag_ros2/local_setup.dsv
-- Symlinking: /home/mael/ros2_ws/install/apriltag_ros2/share/apriltag_ros2/package.dsv
-- Symlinking: /home/mael/ros2_ws/install/apriltag_ros2/share/ament_index/resource_index/packages/apriltag_ros2
-- Symlinking: /home/mael/ros2_ws/install/apriltag_ros2/share/ament_index/resource_index/rclcpp_components/apriltag_ros2
-- Symlinking: /home/mael/ros2_ws/install/apriltag_ros2/share/apriltag_ros2/cmake/rosidl_cmake-extras.cmake
-- Symlinking: /home/mael/ros2_ws/install/apriltag_ros2/share/apriltag_ros2/cmake/ament_cmake_export_dependencies-extras.cmake
-- Symlinking: /home/mael/ros2_ws/install/apriltag_ros2/share/apriltag_ros2/cmake/ament_cmake_export_include_directories-extras.cmake
-- Symlinking: /home/mael/ros2_ws/install/apriltag_ros2/share/apriltag_ros2/cmake/ament_cmake_export_libraries-extras.cmake
-- Symlinking: /home/mael/ros2_ws/install/apriltag_ros2/share/apriltag_ros2/cmake/ament_cmake_export_targets-extras.cmake
-- Symlinking: /home/mael/ros2_ws/install/apriltag_ros2/share/apriltag_ros2/cmake/rosidl_cmake_export_typesupport_targets-extras.cmake
-- Symlinking: /home/mael/ros2_ws/install/apriltag_ros2/share/apriltag_ros2/cmake/rosidl_cmake_export_typesupport_libraries-extras.cmake
-- Symlinking: /home/mael/ros2_ws/install/apriltag_ros2/share/apriltag_ros2/cmake/apriltag_ros2Config.cmake
-- Symlinking: /home/mael/ros2_ws/install/apriltag_ros2/share/apriltag_ros2/cmake/apriltag_ros2Config-version.cmake
-- Symlinking: /home/mael/ros2_ws/install/apriltag_ros2/share/apriltag_ros2/package.xml
-- Installing: /home/mael/ros2_ws/install/apriltag_ros2/lib/libapriltag_ros2__rosidl_generator_c.so
-- Set runtime path of "/home/mael/ros2_ws/install/apriltag_ros2/lib/libapriltag_ros2__rosidl_generator_c.so" to ""
-- Installing: /home/mael/ros2_ws/install/apriltag_ros2/lib/libapriltag_ros2__rosidl_typesupport_fastrtps_c.so
-- Set runtime path of "/home/mael/ros2_ws/install/apriltag_ros2/lib/libapriltag_ros2__rosidl_typesupport_fastrtps_c.so" to ""
-- Installing: /home/mael/ros2_ws/install/apriltag_ros2/lib/libapriltag_ros2__rosidl_typesupport_fastrtps_cpp.so
-- Set runtime path of "/home/mael/ros2_ws/install/apriltag_ros2/lib/libapriltag_ros2__rosidl_typesupport_fastrtps_cpp.so" to ""
-- Installing: /home/mael/ros2_ws/install/apriltag_ros2/lib/libapriltag_ros2__rosidl_typesupport_introspection_c.so
-- Set runtime path of "/home/mael/ros2_ws/install/apriltag_ros2/lib/libapriltag_ros2__rosidl_typesupport_introspection_c.so" to ""
-- Installing: /home/mael/ros2_ws/install/apriltag_ros2/lib/libapriltag_ros2__rosidl_typesupport_c.so
-- Set runtime path of "/home/mael/ros2_ws/install/apriltag_ros2/lib/libapriltag_ros2__rosidl_typesupport_c.so" to ""
-- Installing: /home/mael/ros2_ws/install/apriltag_ros2/lib/libapriltag_ros2__rosidl_typesupport_introspection_cpp.so
-- Set runtime path of "/home/mael/ros2_ws/install/apriltag_ros2/lib/libapriltag_ros2__rosidl_typesupport_introspection_cpp.so" to ""
-- Installing: /home/mael/ros2_ws/install/apriltag_ros2/lib/libapriltag_ros2__rosidl_typesupport_cpp.so
-- Set runtime path of "/home/mael/ros2_ws/install/apriltag_ros2/lib/libapriltag_ros2__rosidl_typesupport_cpp.so" to ""
Listing '/home/mael/ros2_ws/install/apriltag_ros2/local/lib/python3.10/dist-packages/apriltag_ros2'...
Compiling '/home/mael/ros2_ws/install/apriltag_ros2/local/lib/python3.10/dist-packages/apriltag_ros2/__init__.py'...
Listing '/home/mael/ros2_ws/install/apriltag_ros2/local/lib/python3.10/dist-packages/apriltag_ros2/msg'...
Compiling '/home/mael/ros2_ws/install/apriltag_ros2/local/lib/python3.10/dist-packages/apriltag_ros2/msg/__init__.py'...
Compiling '/home/mael/ros2_ws/install/apriltag_ros2/local/lib/python3.10/dist-packages/apriltag_ros2/msg/_april_tag_detection.py'...
Compiling '/home/mael/ros2_ws/install/apriltag_ros2/local/lib/python3.10/dist-packages/apriltag_ros2/msg/_april_tag_detection_array.py'...
Listing '/home/mael/ros2_ws/install/apriltag_ros2/local/lib/python3.10/dist-packages/apriltag_ros2/srv'...
Compiling '/home/mael/ros2_ws/install/apriltag_ros2/local/lib/python3.10/dist-packages/apriltag_ros2/srv/__init__.py'...
Compiling '/home/mael/ros2_ws/install/apriltag_ros2/local/lib/python3.10/dist-packages/apriltag_ros2/srv/_analyze_single_image.py'...
-- Installing: /home/mael/ros2_ws/install/apriltag_ros2/lib/libapriltag_ros2__rosidl_generator_py.so
-- Set runtime path of "/home/mael/ros2_ws/install/apriltag_ros2/lib/libapriltag_ros2__rosidl_generator_py.so" to ""
-- Installing: /home/mael/ros2_ws/install/apriltag_ros2/share/apriltag_ros2/cmake/export_apriltag_ros2__rosidl_generator_cExport.cmake
-- Installing: /home/mael/ros2_ws/install/apriltag_ros2/share/apriltag_ros2/cmake/export_apriltag_ros2__rosidl_generator_cExport-release.cmake
-- Installing: /home/mael/ros2_ws/install/apriltag_ros2/share/apriltag_ros2/cmake/export_apriltag_ros2__rosidl_typesupport_fastrtps_cExport.cmake
-- Installing: /home/mael/ros2_ws/install/apriltag_ros2/share/apriltag_ros2/cmake/export_apriltag_ros2__rosidl_typesupport_fastrtps_cExport-release.cmake
-- Installing: /home/mael/ros2_ws/install/apriltag_ros2/share/apriltag_ros2/cmake/export_apriltag_ros2__rosidl_generator_cppExport.cmake
-- Installing: /home/mael/ros2_ws/install/apriltag_ros2/share/apriltag_ros2/cmake/export_apriltag_ros2__rosidl_typesupport_fastrtps_cppExport.cmake
-- Installing: /home/mael/ros2_ws/install/apriltag_ros2/share/apriltag_ros2/cmake/export_apriltag_ros2__rosidl_typesupport_fastrtps_cppExport-release.cmake
-- Installing: /home/mael/ros2_ws/install/apriltag_ros2/share/apriltag_ros2/cmake/apriltag_ros2__rosidl_typesupport_introspection_cExport.cmake
-- Installing: /home/mael/ros2_ws/install/apriltag_ros2/share/apriltag_ros2/cmake/apriltag_ros2__rosidl_typesupport_introspection_cExport-release.cmake
-- Installing: /home/mael/ros2_ws/install/apriltag_ros2/share/apriltag_ros2/cmake/apriltag_ros2__rosidl_typesupport_cExport.cmake
-- Installing: /home/mael/ros2_ws/install/apriltag_ros2/share/apriltag_ros2/cmake/apriltag_ros2__rosidl_typesupport_cExport-release.cmake
-- Installing: /home/mael/ros2_ws/install/apriltag_ros2/share/apriltag_ros2/cmake/apriltag_ros2__rosidl_typesupport_introspection_cppExport.cmake
-- Installing: /home/mael/ros2_ws/install/apriltag_ros2/share/apriltag_ros2/cmake/apriltag_ros2__rosidl_typesupport_introspection_cppExport-release.cmake
-- Installing: /home/mael/ros2_ws/install/apriltag_ros2/share/apriltag_ros2/cmake/apriltag_ros2__rosidl_typesupport_cppExport.cmake
-- Installing: /home/mael/ros2_ws/install/apriltag_ros2/share/apriltag_ros2/cmake/apriltag_ros2__rosidl_typesupport_cppExport-release.cmake
-- Installing: /home/mael/ros2_ws/install/apriltag_ros2/share/apriltag_ros2/cmake/export_apriltag_ros2__rosidl_generator_pyExport.cmake
-- Installing: /home/mael/ros2_ws/install/apriltag_ros2/share/apriltag_ros2/cmake/export_apriltag_ros2__rosidl_generator_pyExport-release.cmake
