[0.054s] Invoking command in '/home/mael/ros2_ws/build/apriltag_ros2': CMAKE_PREFIX_PATH=${CMAKE_PREFIX_PATH}:/home/mael/ros2_ws/install/ros_tcp_endpoint:/home/mael/ros2_ws/install/baxter_joint_controller:/home/mael/ros2_ws/install/baxter_6dof_vr:/opt/ros/humble /usr/bin/cmake /home/mael/ros2_ws/src/apriltag_ros2/apriltag_ros2 -DAMENT_CMAKE_SYMLINK_INSTALL=1 -DCMAKE_INSTALL_PREFIX=/home/mael/ros2_ws/install/apriltag_ros2
[0.750s] -- The C compiler identification is GNU 11.3.0
[0.970s] -- The CXX compiler identification is GNU 11.3.0
[1.028s] -- Detecting C compiler ABI info
[1.201s] -- Detecting C compiler ABI info - done
[1.216s] -- Check for working C compiler: /usr/bin/cc - skipped
[1.217s] -- Detecting C compile features
[1.218s] -- Detecting C compile features - done
[1.223s] -- Detecting CXX compiler ABI info
[1.333s] -- Detecting CXX compiler ABI info - done
[1.348s] -- Check for working CXX compiler: /usr/bin/c++ - skipped
[1.349s] -- Detecting CXX compile features
[1.350s] -- Detecting CXX compile features - done
[1.359s] -- Found ament_cmake_auto: 1.3.5 (/opt/ros/humble/share/ament_cmake_auto/cmake)
[1.641s] -- Found Python3: /usr/bin/python3.10 (found version "3.10.6") found components: Interpreter 
[1.771s] -- Override CMake install command with custom implementation using symlinks instead of copying resources
[2.249s] -- Found rosidl_generator_c: 3.1.4 (/opt/ros/humble/share/rosidl_generator_c/cmake)
[2.258s] -- Found rosidl_adapter: 3.1.4 (/opt/ros/humble/share/rosidl_adapter/cmake)
[2.275s] -- Found rosidl_generator_cpp: 3.1.4 (/opt/ros/humble/share/rosidl_generator_cpp/cmake)
[2.300s] -- Using all available rosidl_typesupport_c: rosidl_typesupport_fastrtps_c;rosidl_typesupport_introspection_c
[2.335s] -- Using all available rosidl_typesupport_cpp: rosidl_typesupport_fastrtps_cpp;rosidl_typesupport_introspection_cpp
[2.866s] -- Found rmw_implementation_cmake: 6.1.1 (/opt/ros/humble/share/rmw_implementation_cmake/cmake)
[2.871s] -- Found rmw_fastrtps_cpp: 6.2.2 (/opt/ros/humble/share/rmw_fastrtps_cpp/cmake)
[3.041s] -- Found OpenSSL: /usr/lib/x86_64-linux-gnu/libcrypto.so (found version "3.0.2")  
[3.086s] -- Found FastRTPS: /opt/ros/humble/include  
[3.156s] -- Using RMW implementation 'rmw_fastrtps_cpp' as default
[3.182s] -- Found Threads: TRUE  
[9.148s] -- Found eigen3_cmake_module: 0.1.1 (/opt/ros/humble/share/eigen3_cmake_module/cmake)
[9.242s] -- Found Eigen3: TRUE (found version "3.4.0") 
[9.243s] -- Ensuring Eigen3 include directory is part of orocos-kdl CMake target
[16.513s] -- Found OpenCV: /usr (found version "4.5.4") 
[16.516s] -- Setting build type to 'Release' as none was specified.
[17.323s] -- Found ament_cmake_ros: 0.10.0 (/opt/ros/humble/share/ament_cmake_ros/cmake)
[17.872s] -- Using all available rosidl_typesupport_c: rosidl_typesupport_fastrtps_c;rosidl_typesupport_introspection_c
[18.108s] -- Using all available rosidl_typesupport_cpp: rosidl_typesupport_fastrtps_cpp;rosidl_typesupport_introspection_cpp
[18.134s] -- Found PythonInterp: /usr/bin/python3 (found suitable version "3.10.6", minimum required is "3.6") 
[18.137s] -- Found python_cmake_module: 0.10.0 (/opt/ros/humble/share/python_cmake_module/cmake)
[18.167s] -- Found PythonLibs: /usr/lib/x86_64-linux-gnu/libpython3.10.so (found suitable version "3.10.6", minimum required is "3.5") 
[18.167s] -- Using PYTHON_EXECUTABLE: /usr/bin/python3
[18.167s] -- Using PYTHON_INCLUDE_DIRS: /usr/include/python3.10
[18.167s] -- Using PYTHON_LIBRARIES: /usr/lib/x86_64-linux-gnu/libpython3.10.so
[18.194s] -- Found PythonExtra: .so  
[18.349s] -- Found ament_lint_auto: 0.12.6 (/opt/ros/humble/share/ament_lint_auto/cmake)
[19.222s] -- Added test 'copyright' to check source files copyright and LICENSE
[19.631s] -- Added test 'cppcheck' to perform static code analysis on C / C++ code
[19.642s] -- Configured cppcheck include dirs: /home/mael/ros2_ws/src/apriltag_ros2/apriltag_ros2/include
[19.642s] -- Configured cppcheck exclude dirs and/or files: 
[19.742s] -- Added test 'cpplint' to check C / C++ code against the Google style
[19.743s] -- Configured cpplint exclude dirs and/or files: 
[19.860s] -- Added test 'lint_cmake' to check CMake code style
[19.875s] -- Added test 'uncrustify' to check C / C++ code style
[19.875s] -- Configured uncrustify additional arguments: 
[19.881s] -- Added test 'xmllint' to check XML markup files
[19.899s] -- Configuring done
[20.034s] -- Generating done
[20.268s] -- Build files have been written to: /home/mael/ros2_ws/build/apriltag_ros2
[20.318s] Invoked command in '/home/mael/ros2_ws/build/apriltag_ros2' returned '0': CMAKE_PREFIX_PATH=${CMAKE_PREFIX_PATH}:/home/mael/ros2_ws/install/ros_tcp_endpoint:/home/mael/ros2_ws/install/baxter_joint_controller:/home/mael/ros2_ws/install/baxter_6dof_vr:/opt/ros/humble /usr/bin/cmake /home/mael/ros2_ws/src/apriltag_ros2/apriltag_ros2 -DAMENT_CMAKE_SYMLINK_INSTALL=1 -DCMAKE_INSTALL_PREFIX=/home/mael/ros2_ws/install/apriltag_ros2
[20.319s] Invoking command in '/home/mael/ros2_ws/build/apriltag_ros2': CMAKE_PREFIX_PATH=${CMAKE_PREFIX_PATH}:/home/mael/ros2_ws/install/ros_tcp_endpoint:/home/mael/ros2_ws/install/baxter_joint_controller:/home/mael/ros2_ws/install/baxter_6dof_vr:/opt/ros/humble /usr/bin/cmake --build /home/mael/ros2_ws/build/apriltag_ros2 -- -j8 -l8
[20.362s] [  1%] [34m[1mGenerating C++ code for ROS interfaces[0m
[21.053s] [  1%] Built target apriltag_ros2__cpp
[21.101s] [  3%] [32mBuilding CXX object CMakeFiles/apriltag_ros2_single_image_client_node.dir/rclcpp_components/node_main_apriltag_ros2_single_image_client_node.cpp.o[0m
[64.607s] [  4%] [32m[1mLinking CXX executable apriltag_ros2_single_image_client_node[0m
[76.947s] [  4%] Built target apriltag_ros2_single_image_client_node
[76.988s] [  6%] [34m[1mGenerating C++ introspection for ROS interfaces[0m
[78.037s] [  8%] [32mBuilding CXX object CMakeFiles/apriltag_ros2__rosidl_typesupport_introspection_cpp.dir/rosidl_typesupport_introspection_cpp/apriltag_ros2/msg/detail/april_tag_detection__type_support.cpp.o[0m
[79.879s] [  9%] [32mBuilding CXX object CMakeFiles/apriltag_ros2__rosidl_typesupport_introspection_cpp.dir/rosidl_typesupport_introspection_cpp/apriltag_ros2/msg/detail/april_tag_detection_array__type_support.cpp.o[0m
[81.393s] [ 11%] [32mBuilding CXX object CMakeFiles/apriltag_ros2__rosidl_typesupport_introspection_cpp.dir/rosidl_typesupport_introspection_cpp/apriltag_ros2/srv/detail/analyze_single_image__type_support.cpp.o[0m
[83.126s] [ 13%] [32m[1mLinking CXX shared library libapriltag_ros2__rosidl_typesupport_introspection_cpp.so[0m
[85.847s] [ 13%] Built target apriltag_ros2__rosidl_typesupport_introspection_cpp
[85.848s] [ 14%] [34m[1mGenerating C++ type support for eProsima Fast-RTPS[0m
[88.647s] [ 16%] [32mBuilding CXX object CMakeFiles/apriltag_ros2__rosidl_typesupport_fastrtps_cpp.dir/rosidl_typesupport_fastrtps_cpp/apriltag_ros2/msg/detail/dds_fastrtps/april_tag_detection__type_support.cpp.o[0m
[91.186s] [ 18%] [32mBuilding CXX object CMakeFiles/apriltag_ros2__rosidl_typesupport_fastrtps_cpp.dir/rosidl_typesupport_fastrtps_cpp/apriltag_ros2/srv/detail/dds_fastrtps/analyze_single_image__type_support.cpp.o[0m
[93.932s] [ 19%] [32mBuilding CXX object CMakeFiles/apriltag_ros2__rosidl_typesupport_fastrtps_cpp.dir/rosidl_typesupport_fastrtps_cpp/apriltag_ros2/msg/detail/dds_fastrtps/april_tag_detection_array__type_support.cpp.o[0m
[95.313s] [ 21%] [32m[1mLinking CXX shared library libapriltag_ros2__rosidl_typesupport_fastrtps_cpp.so[0m
[106.508s] [ 21%] Built target apriltag_ros2__rosidl_typesupport_fastrtps_cpp
[106.874s] [ 22%] [34m[1mGenerating C++ type support dispatch for ROS interfaces[0m
[109.655s] [ 24%] [32mBuilding CXX object CMakeFiles/apriltag_ros2__rosidl_typesupport_cpp.dir/rosidl_typesupport_cpp/apriltag_ros2/msg/april_tag_detection__type_support.cpp.o[0m
[112.748s] [ 26%] [32mBuilding CXX object CMakeFiles/apriltag_ros2__rosidl_typesupport_cpp.dir/rosidl_typesupport_cpp/apriltag_ros2/srv/analyze_single_image__type_support.cpp.o[0m
[113.737s] [ 27%] [32mBuilding CXX object CMakeFiles/apriltag_ros2__rosidl_typesupport_cpp.dir/rosidl_typesupport_cpp/apriltag_ros2/msg/april_tag_detection_array__type_support.cpp.o[0m
[114.549s] [ 29%] [32m[1mLinking CXX shared library libapriltag_ros2__rosidl_typesupport_cpp.so[0m
[116.305s] [ 29%] Built target apriltag_ros2__rosidl_typesupport_cpp
[116.329s] [ 31%] [32mBuilding CXX object CMakeFiles/apriltag_ros2_single_image_detector_node.dir/rclcpp_components/node_main_apriltag_ros2_single_image_detector_node.cpp.o[0m
[121.166s] [ 32%] [32m[1mLinking CXX executable apriltag_ros2_single_image_detector_node[0m
[122.851s] [ 32%] Built target apriltag_ros2_single_image_detector_node
[122.871s] [ 34%] [32mBuilding CXX object CMakeFiles/apriltag_ros2_common.dir/src/common_functions.cpp.o[0m
[155.023s] [ 36%] [32m[1mLinking CXX shared library libapriltag_ros2_common.so[0m
[167.849s] [ 36%] Built target apriltag_ros2_common
[167.866s] [ 37%] [32mBuilding CXX object CMakeFiles/apriltag_ros2_continuous_detector_node.dir/rclcpp_components/node_main_apriltag_ros2_continuous_detector_node.cpp.o[0m
[171.368s] [ 39%] [32m[1mLinking CXX executable apriltag_ros2_continuous_detector_node[0m
[172.226s] [ 39%] Built target apriltag_ros2_continuous_detector_node
[172.226s] [ 40%] [32mBuilding CXX object CMakeFiles/apriltag_ros2_continuous_detector.dir/src/continuous_detector.cpp.o[0m
[181.792s] [ 42%] [32m[1mLinking CXX shared library libapriltag_ros2_continuous_detector.so[0m
[182.877s] [ 42%] Built target apriltag_ros2_continuous_detector
[182.888s] [ 42%] Built target ament_cmake_python_symlink_apriltag_ros2
[183.013s] [ 44%] [32mBuilding CXX object CMakeFiles/apriltag_ros2_single_image_detector.dir/src/single_image_detector.cpp.o[0m
[195.324s] [ 45%] [32m[1mLinking CXX shared library libapriltag_ros2_single_image_detector.so[0m
[196.538s] [ 45%] Built target apriltag_ros2_single_image_detector
[196.749s] running egg_info
[196.750s] creating apriltag_ros2.egg-info
[196.750s] writing apriltag_ros2.egg-info/PKG-INFO
[196.750s] writing dependency_links to apriltag_ros2.egg-info/dependency_links.txt
[196.750s] writing top-level names to apriltag_ros2.egg-info/top_level.txt
[196.750s] writing manifest file 'apriltag_ros2.egg-info/SOURCES.txt'
[196.752s] reading manifest file 'apriltag_ros2.egg-info/SOURCES.txt'
[196.752s] writing manifest file 'apriltag_ros2.egg-info/SOURCES.txt'
[196.930s] [ 45%] Built target ament_cmake_python_build_apriltag_ros2_egg
[196.948s] [ 47%] [32mBuilding CXX object CMakeFiles/apriltag_ros2_single_image_client.dir/src/single_image_client.cpp.o[0m
[203.117s] [ 49%] [32m[1mLinking CXX shared library libapriltag_ros2_single_image_client.so[0m
[203.351s] [ 49%] Built target apriltag_ros2_single_image_client
[203.351s] [ 50%] [34m[1mGenerating C code for ROS interfaces[0m
[204.212s] [ 52%] [32mBuilding C object CMakeFiles/apriltag_ros2__rosidl_generator_c.dir/rosidl_generator_c/apriltag_ros2/msg/detail/april_tag_detection__functions.c.o[0m
[204.733s] [ 54%] [32mBuilding C object CMakeFiles/apriltag_ros2__rosidl_generator_c.dir/rosidl_generator_c/apriltag_ros2/srv/detail/analyze_single_image__functions.c.o[0m
[204.930s] [ 55%] [32mBuilding C object CMakeFiles/apriltag_ros2__rosidl_generator_c.dir/rosidl_generator_c/apriltag_ros2/msg/detail/april_tag_detection_array__functions.c.o[0m
[205.029s] [ 57%] [32m[1mLinking C shared library libapriltag_ros2__rosidl_generator_c.so[0m
[205.092s] [ 57%] Built target apriltag_ros2__rosidl_generator_c
[205.104s] [ 59%] [34m[1mGenerating C type support for eProsima Fast-RTPS[0m
[205.645s] [ 60%] [32mBuilding CXX object CMakeFiles/apriltag_ros2__rosidl_typesupport_fastrtps_c.dir/rosidl_typesupport_fastrtps_c/apriltag_ros2/msg/detail/april_tag_detection__type_support_c.cpp.o[0m
[206.233s] [ 62%] [32mBuilding CXX object CMakeFiles/apriltag_ros2__rosidl_typesupport_fastrtps_c.dir/rosidl_typesupport_fastrtps_c/apriltag_ros2/srv/detail/analyze_single_image__type_support_c.cpp.o[0m
[206.680s] [ 63%] [32mBuilding CXX object CMakeFiles/apriltag_ros2__rosidl_typesupport_fastrtps_c.dir/rosidl_typesupport_fastrtps_c/apriltag_ros2/msg/detail/april_tag_detection_array__type_support_c.cpp.o[0m
[207.077s] [ 65%] [32m[1mLinking CXX shared library libapriltag_ros2__rosidl_typesupport_fastrtps_c.so[0m
[207.299s] [ 65%] Built target apriltag_ros2__rosidl_typesupport_fastrtps_c
[207.339s] [ 67%] [34m[1mGenerating C type support dispatch for ROS interfaces[0m
[207.639s] [ 68%] [32mBuilding CXX object CMakeFiles/apriltag_ros2__rosidl_typesupport_c.dir/rosidl_typesupport_c/apriltag_ros2/msg/april_tag_detection__type_support.cpp.o[0m
[207.744s] [ 70%] [32mBuilding CXX object CMakeFiles/apriltag_ros2__rosidl_typesupport_c.dir/rosidl_typesupport_c/apriltag_ros2/srv/analyze_single_image__type_support.cpp.o[0m
[207.819s] [ 72%] [32mBuilding CXX object CMakeFiles/apriltag_ros2__rosidl_typesupport_c.dir/rosidl_typesupport_c/apriltag_ros2/msg/april_tag_detection_array__type_support.cpp.o[0m
[207.909s] [ 73%] [32m[1mLinking CXX shared library libapriltag_ros2__rosidl_typesupport_c.so[0m
[208.034s] [ 73%] Built target apriltag_ros2__rosidl_typesupport_c
[208.043s] [ 75%] [34m[1mGenerating C introspection for ROS interfaces[0m
[208.409s] [ 77%] [32mBuilding C object CMakeFiles/apriltag_ros2__rosidl_typesupport_introspection_c.dir/rosidl_typesupport_introspection_c/apriltag_ros2/msg/detail/april_tag_detection__type_support.c.o[0m
[210.428s] [ 78%] [32mBuilding C object CMakeFiles/apriltag_ros2__rosidl_typesupport_introspection_c.dir/rosidl_typesupport_introspection_c/apriltag_ros2/srv/detail/analyze_single_image__type_support.c.o[0m
[211.337s] [ 80%] [32mBuilding C object CMakeFiles/apriltag_ros2__rosidl_typesupport_introspection_c.dir/rosidl_typesupport_introspection_c/apriltag_ros2/msg/detail/april_tag_detection_array__type_support.c.o[0m
[211.887s] [ 81%] [32m[1mLinking C shared library libapriltag_ros2__rosidl_typesupport_introspection_c.so[0m
[213.759s] [ 81%] Built target apriltag_ros2__rosidl_typesupport_introspection_c
[213.814s] [ 81%] Built target apriltag_ros2
[213.831s] [ 83%] [34m[1mGenerating Python code for ROS interfaces[0m
[214.785s] [ 83%] Built target apriltag_ros2__py
[214.802s] [ 85%] [32mBuilding C object CMakeFiles/apriltag_ros2__rosidl_generator_py.dir/rosidl_generator_py/apriltag_ros2/msg/_april_tag_detection_s.c.o[0m
[215.373s] [ 86%] [32mBuilding C object CMakeFiles/apriltag_ros2__rosidl_generator_py.dir/rosidl_generator_py/apriltag_ros2/srv/_analyze_single_image_s.c.o[0m
[216.041s] [ 88%] [32mBuilding C object CMakeFiles/apriltag_ros2__rosidl_generator_py.dir/rosidl_generator_py/apriltag_ros2/msg/_april_tag_detection_array_s.c.o[0m
[216.695s] [ 90%] [32m[1mLinking C shared library rosidl_generator_py/apriltag_ros2/libapriltag_ros2__rosidl_generator_py.so[0m
[218.084s] [ 90%] Built target apriltag_ros2__rosidl_generator_py
[218.102s] [ 91%] [32mBuilding C object CMakeFiles/apriltag_ros2__rosidl_typesupport_fastrtps_c__pyext.dir/rosidl_generator_py/apriltag_ros2/_apriltag_ros2_s.ep.rosidl_typesupport_fastrtps_c.c.o[0m
[218.892s] [ 93%] [32m[1mLinking C shared library rosidl_generator_py/apriltag_ros2/apriltag_ros2_s__rosidl_typesupport_fastrtps_c.cpython-310-x86_64-linux-gnu.so[0m
[220.061s] [ 93%] Built target apriltag_ros2__rosidl_typesupport_fastrtps_c__pyext
[220.062s] [ 95%] [32mBuilding C object CMakeFiles/apriltag_ros2__rosidl_typesupport_c__pyext.dir/rosidl_generator_py/apriltag_ros2/_apriltag_ros2_s.ep.rosidl_typesupport_c.c.o[0m
[220.816s] [ 96%] [32m[1mLinking C shared library rosidl_generator_py/apriltag_ros2/apriltag_ros2_s__rosidl_typesupport_c.cpython-310-x86_64-linux-gnu.so[0m
[221.031s] [ 96%] Built target apriltag_ros2__rosidl_typesupport_c__pyext
[221.089s] [ 98%] [32mBuilding C object CMakeFiles/apriltag_ros2__rosidl_typesupport_introspection_c__pyext.dir/rosidl_generator_py/apriltag_ros2/_apriltag_ros2_s.ep.rosidl_typesupport_introspection_c.c.o[0m
[222.106s] [100%] [32m[1mLinking C shared library rosidl_generator_py/apriltag_ros2/apriltag_ros2_s__rosidl_typesupport_introspection_c.cpython-310-x86_64-linux-gnu.so[0m
[224.113s] [100%] Built target apriltag_ros2__rosidl_typesupport_introspection_c__pyext
[224.130s] Invoked command in '/home/mael/ros2_ws/build/apriltag_ros2' returned '0': CMAKE_PREFIX_PATH=${CMAKE_PREFIX_PATH}:/home/mael/ros2_ws/install/ros_tcp_endpoint:/home/mael/ros2_ws/install/baxter_joint_controller:/home/mael/ros2_ws/install/baxter_6dof_vr:/opt/ros/humble /usr/bin/cmake --build /home/mael/ros2_ws/build/apriltag_ros2 -- -j8 -l8
[224.244s] Invoking command in '/home/mael/ros2_ws/build/apriltag_ros2': CMAKE_PREFIX_PATH=${CMAKE_PREFIX_PATH}:/home/mael/ros2_ws/install/ros_tcp_endpoint:/home/mael/ros2_ws/install/baxter_joint_controller:/home/mael/ros2_ws/install/baxter_6dof_vr:/opt/ros/humble /usr/bin/cmake --install /home/mael/ros2_ws/build/apriltag_ros2
[224.250s] -- Install configuration: "Release"
[224.251s] -- Execute custom install script
[224.251s] -- Symlinking: /home/mael/ros2_ws/install/apriltag_ros2/share/ament_index/resource_index/rosidl_interfaces/apriltag_ros2
[224.259s] -- Symlinking: /home/mael/ros2_ws/install/apriltag_ros2/include/apriltag_ros2/apriltag_ros2/msg/april_tag_detection.h
[224.266s] -- Symlinking: /home/mael/ros2_ws/install/apriltag_ros2/include/apriltag_ros2/apriltag_ros2/msg/april_tag_detection_array.h
[224.272s] -- Symlinking: /home/mael/ros2_ws/install/apriltag_ros2/include/apriltag_ros2/apriltag_ros2/msg/detail/april_tag_detection__functions.h
[224.279s] -- Symlinking: /home/mael/ros2_ws/install/apriltag_ros2/include/apriltag_ros2/apriltag_ros2/msg/detail/april_tag_detection__struct.h
[224.286s] -- Symlinking: /home/mael/ros2_ws/install/apriltag_ros2/include/apriltag_ros2/apriltag_ros2/msg/detail/april_tag_detection__type_support.h
[224.292s] -- Symlinking: /home/mael/ros2_ws/install/apriltag_ros2/include/apriltag_ros2/apriltag_ros2/msg/detail/april_tag_detection_array__functions.h
[224.299s] -- Symlinking: /home/mael/ros2_ws/install/apriltag_ros2/include/apriltag_ros2/apriltag_ros2/msg/detail/april_tag_detection_array__struct.h
[224.306s] -- Symlinking: /home/mael/ros2_ws/install/apriltag_ros2/include/apriltag_ros2/apriltag_ros2/msg/detail/april_tag_detection_array__type_support.h
[224.313s] -- Symlinking: /home/mael/ros2_ws/install/apriltag_ros2/include/apriltag_ros2/apriltag_ros2/msg/rosidl_generator_c__visibility_control.h
[224.320s] -- Symlinking: /home/mael/ros2_ws/install/apriltag_ros2/include/apriltag_ros2/apriltag_ros2/srv/analyze_single_image.h
[224.326s] -- Symlinking: /home/mael/ros2_ws/install/apriltag_ros2/include/apriltag_ros2/apriltag_ros2/srv/detail/analyze_single_image__functions.h
[224.333s] -- Symlinking: /home/mael/ros2_ws/install/apriltag_ros2/include/apriltag_ros2/apriltag_ros2/srv/detail/analyze_single_image__struct.h
[224.340s] -- Symlinking: /home/mael/ros2_ws/install/apriltag_ros2/include/apriltag_ros2/apriltag_ros2/srv/detail/analyze_single_image__type_support.h
[224.347s] -- Symlinking: /home/mael/ros2_ws/install/apriltag_ros2/share/apriltag_ros2/environment/library_path.sh
[224.354s] -- Symlinking: /home/mael/ros2_ws/install/apriltag_ros2/share/apriltag_ros2/environment/library_path.dsv
[224.361s] -- Symlinking: /home/mael/ros2_ws/install/apriltag_ros2/include/apriltag_ros2/apriltag_ros2/msg/detail/april_tag_detection__rosidl_typesupport_fastrtps_c.h
[224.368s] -- Symlinking: /home/mael/ros2_ws/install/apriltag_ros2/include/apriltag_ros2/apriltag_ros2/msg/detail/april_tag_detection_array__rosidl_typesupport_fastrtps_c.h
[224.375s] -- Symlinking: /home/mael/ros2_ws/install/apriltag_ros2/include/apriltag_ros2/apriltag_ros2/msg/rosidl_typesupport_fastrtps_c__visibility_control.h
[224.381s] -- Symlinking: /home/mael/ros2_ws/install/apriltag_ros2/include/apriltag_ros2/apriltag_ros2/srv/detail/analyze_single_image__rosidl_typesupport_fastrtps_c.h
[224.388s] -- Symlinking: /home/mael/ros2_ws/install/apriltag_ros2/include/apriltag_ros2/apriltag_ros2/msg/april_tag_detection.hpp
[224.395s] -- Symlinking: /home/mael/ros2_ws/install/apriltag_ros2/include/apriltag_ros2/apriltag_ros2/msg/april_tag_detection_array.hpp
[224.402s] -- Symlinking: /home/mael/ros2_ws/install/apriltag_ros2/include/apriltag_ros2/apriltag_ros2/msg/detail/april_tag_detection__builder.hpp
[224.409s] -- Symlinking: /home/mael/ros2_ws/install/apriltag_ros2/include/apriltag_ros2/apriltag_ros2/msg/detail/april_tag_detection__struct.hpp
[224.415s] -- Symlinking: /home/mael/ros2_ws/install/apriltag_ros2/include/apriltag_ros2/apriltag_ros2/msg/detail/april_tag_detection__traits.hpp
[224.422s] -- Symlinking: /home/mael/ros2_ws/install/apriltag_ros2/include/apriltag_ros2/apriltag_ros2/msg/detail/april_tag_detection_array__builder.hpp
[224.429s] -- Symlinking: /home/mael/ros2_ws/install/apriltag_ros2/include/apriltag_ros2/apriltag_ros2/msg/detail/april_tag_detection_array__struct.hpp
[224.436s] -- Symlinking: /home/mael/ros2_ws/install/apriltag_ros2/include/apriltag_ros2/apriltag_ros2/msg/detail/april_tag_detection_array__traits.hpp
[224.443s] -- Symlinking: /home/mael/ros2_ws/install/apriltag_ros2/include/apriltag_ros2/apriltag_ros2/srv/analyze_single_image.hpp
[224.449s] -- Symlinking: /home/mael/ros2_ws/install/apriltag_ros2/include/apriltag_ros2/apriltag_ros2/srv/detail/analyze_single_image__builder.hpp
[224.456s] -- Symlinking: /home/mael/ros2_ws/install/apriltag_ros2/include/apriltag_ros2/apriltag_ros2/srv/detail/analyze_single_image__struct.hpp
[224.463s] -- Symlinking: /home/mael/ros2_ws/install/apriltag_ros2/include/apriltag_ros2/apriltag_ros2/srv/detail/analyze_single_image__traits.hpp
[224.519s] -- Symlinking: /home/mael/ros2_ws/install/apriltag_ros2/include/apriltag_ros2/apriltag_ros2/msg/detail/april_tag_detection__rosidl_typesupport_fastrtps_cpp.hpp
[224.535s] -- Symlinking: /home/mael/ros2_ws/install/apriltag_ros2/include/apriltag_ros2/apriltag_ros2/msg/detail/april_tag_detection_array__rosidl_typesupport_fastrtps_cpp.hpp
[224.552s] -- Symlinking: /home/mael/ros2_ws/install/apriltag_ros2/include/apriltag_ros2/apriltag_ros2/msg/rosidl_typesupport_fastrtps_cpp__visibility_control.h
[224.568s] -- Symlinking: /home/mael/ros2_ws/install/apriltag_ros2/include/apriltag_ros2/apriltag_ros2/srv/detail/analyze_single_image__rosidl_typesupport_fastrtps_cpp.hpp
[224.582s] -- Symlinking: /home/mael/ros2_ws/install/apriltag_ros2/include/apriltag_ros2/apriltag_ros2/msg/detail/april_tag_detection__rosidl_typesupport_introspection_c.h
[224.593s] -- Symlinking: /home/mael/ros2_ws/install/apriltag_ros2/include/apriltag_ros2/apriltag_ros2/msg/detail/april_tag_detection_array__rosidl_typesupport_introspection_c.h
[224.601s] -- Symlinking: /home/mael/ros2_ws/install/apriltag_ros2/include/apriltag_ros2/apriltag_ros2/msg/rosidl_typesupport_introspection_c__visibility_control.h
[224.608s] -- Symlinking: /home/mael/ros2_ws/install/apriltag_ros2/include/apriltag_ros2/apriltag_ros2/srv/detail/analyze_single_image__rosidl_typesupport_introspection_c.h
[224.615s] -- Symlinking: /home/mael/ros2_ws/install/apriltag_ros2/include/apriltag_ros2/apriltag_ros2/msg/detail/april_tag_detection__rosidl_typesupport_introspection_cpp.hpp
[224.622s] -- Symlinking: /home/mael/ros2_ws/install/apriltag_ros2/include/apriltag_ros2/apriltag_ros2/msg/detail/april_tag_detection_array__rosidl_typesupport_introspection_cpp.hpp
[224.629s] -- Symlinking: /home/mael/ros2_ws/install/apriltag_ros2/include/apriltag_ros2/apriltag_ros2/srv/detail/analyze_single_image__rosidl_typesupport_introspection_cpp.hpp
[224.636s] -- Symlinking: /home/mael/ros2_ws/install/apriltag_ros2/share/apriltag_ros2/environment/pythonpath.sh
[224.643s] -- Symlinking: /home/mael/ros2_ws/install/apriltag_ros2/share/apriltag_ros2/environment/pythonpath.dsv
[224.651s] -- Symlinking: /home/mael/ros2_ws/install/apriltag_ros2/local/lib/python3.10/dist-packages/apriltag_ros2-3.2.1-py3.10.egg-info/PKG-INFO
[225.625s] -- Symlinking: /home/mael/ros2_ws/install/apriltag_ros2/local/lib/python3.10/dist-packages/apriltag_ros2-3.2.1-py3.10.egg-info/SOURCES.txt
[225.633s] -- Symlinking: /home/mael/ros2_ws/install/apriltag_ros2/local/lib/python3.10/dist-packages/apriltag_ros2-3.2.1-py3.10.egg-info/dependency_links.txt
[225.640s] -- Symlinking: /home/mael/ros2_ws/install/apriltag_ros2/local/lib/python3.10/dist-packages/apriltag_ros2-3.2.1-py3.10.egg-info/top_level.txt
[225.647s] -- Symlinking: /home/mael/ros2_ws/install/apriltag_ros2/local/lib/python3.10/dist-packages/apriltag_ros2/__init__.py
[225.654s] -- Symlinking: /home/mael/ros2_ws/install/apriltag_ros2/local/lib/python3.10/dist-packages/apriltag_ros2/_apriltag_ros2_s.ep.rosidl_typesupport_c.c
[225.662s] -- Symlinking: /home/mael/ros2_ws/install/apriltag_ros2/local/lib/python3.10/dist-packages/apriltag_ros2/_apriltag_ros2_s.ep.rosidl_typesupport_fastrtps_c.c
[225.670s] -- Symlinking: /home/mael/ros2_ws/install/apriltag_ros2/local/lib/python3.10/dist-packages/apriltag_ros2/_apriltag_ros2_s.ep.rosidl_typesupport_introspection_c.c
[225.678s] -- Symlinking: /home/mael/ros2_ws/install/apriltag_ros2/local/lib/python3.10/dist-packages/apriltag_ros2/apriltag_ros2_s__rosidl_typesupport_c.cpython-310-x86_64-linux-gnu.so
[225.687s] -- Symlinking: /home/mael/ros2_ws/install/apriltag_ros2/local/lib/python3.10/dist-packages/apriltag_ros2/apriltag_ros2_s__rosidl_typesupport_fastrtps_c.cpython-310-x86_64-linux-gnu.so
[225.694s] -- Symlinking: /home/mael/ros2_ws/install/apriltag_ros2/local/lib/python3.10/dist-packages/apriltag_ros2/apriltag_ros2_s__rosidl_typesupport_introspection_c.cpython-310-x86_64-linux-gnu.so
[225.703s] -- Symlinking: /home/mael/ros2_ws/install/apriltag_ros2/local/lib/python3.10/dist-packages/apriltag_ros2/libapriltag_ros2__rosidl_generator_py.so
[225.711s] -- Symlinking: /home/mael/ros2_ws/install/apriltag_ros2/local/lib/python3.10/dist-packages/apriltag_ros2/msg/__init__.py
[225.719s] -- Symlinking: /home/mael/ros2_ws/install/apriltag_ros2/local/lib/python3.10/dist-packages/apriltag_ros2/msg/_april_tag_detection.py
[225.727s] -- Symlinking: /home/mael/ros2_ws/install/apriltag_ros2/local/lib/python3.10/dist-packages/apriltag_ros2/msg/_april_tag_detection_array.py
[225.735s] -- Symlinking: /home/mael/ros2_ws/install/apriltag_ros2/local/lib/python3.10/dist-packages/apriltag_ros2/msg/_april_tag_detection_array_s.c
[225.743s] -- Symlinking: /home/mael/ros2_ws/install/apriltag_ros2/local/lib/python3.10/dist-packages/apriltag_ros2/msg/_april_tag_detection_s.c
[225.751s] -- Symlinking: /home/mael/ros2_ws/install/apriltag_ros2/local/lib/python3.10/dist-packages/apriltag_ros2/srv/__init__.py
[225.759s] -- Symlinking: /home/mael/ros2_ws/install/apriltag_ros2/local/lib/python3.10/dist-packages/apriltag_ros2/srv/_analyze_single_image.py
[225.767s] -- Symlinking: /home/mael/ros2_ws/install/apriltag_ros2/local/lib/python3.10/dist-packages/apriltag_ros2/srv/_analyze_single_image_s.c
[225.776s] -- Up-to-date symlink: /home/mael/ros2_ws/install/apriltag_ros2/local/lib/python3.10/dist-packages/apriltag_ros2/apriltag_ros2_s__rosidl_typesupport_fastrtps_c.cpython-310-x86_64-linux-gnu.so
[225.776s] -- Up-to-date symlink: /home/mael/ros2_ws/install/apriltag_ros2/local/lib/python3.10/dist-packages/apriltag_ros2/apriltag_ros2_s__rosidl_typesupport_introspection_c.cpython-310-x86_64-linux-gnu.so
[225.776s] -- Up-to-date symlink: /home/mael/ros2_ws/install/apriltag_ros2/local/lib/python3.10/dist-packages/apriltag_ros2/apriltag_ros2_s__rosidl_typesupport_c.cpython-310-x86_64-linux-gnu.so
[225.776s] -- Symlinking: /home/mael/ros2_ws/install/apriltag_ros2/share/apriltag_ros2/msg/AprilTagDetection.idl
[225.784s] -- Symlinking: /home/mael/ros2_ws/install/apriltag_ros2/share/apriltag_ros2/msg/AprilTagDetectionArray.idl
[225.793s] -- Symlinking: /home/mael/ros2_ws/install/apriltag_ros2/share/apriltag_ros2/srv/AnalyzeSingleImage.idl
[225.801s] -- Symlinking: /home/mael/ros2_ws/install/apriltag_ros2/share/apriltag_ros2/msg/AprilTagDetection.msg
[225.809s] -- Symlinking: /home/mael/ros2_ws/install/apriltag_ros2/share/apriltag_ros2/msg/AprilTagDetectionArray.msg
[225.817s] -- Symlinking: /home/mael/ros2_ws/install/apriltag_ros2/share/apriltag_ros2/srv/AnalyzeSingleImage.srv
[225.825s] -- Symlinking: /home/mael/ros2_ws/install/apriltag_ros2/share/apriltag_ros2/srv/AnalyzeSingleImage_Request.msg
[225.833s] -- Symlinking: /home/mael/ros2_ws/install/apriltag_ros2/share/apriltag_ros2/srv/AnalyzeSingleImage_Response.msg
[225.841s] -- Symlinking: /home/mael/ros2_ws/install/apriltag_ros2/lib/apriltag_ros2/apriltag_ros2_continuous_detector_node
[225.850s] -- Symlinking: /home/mael/ros2_ws/install/apriltag_ros2/lib/apriltag_ros2/apriltag_ros2_single_image_detector_node
[225.858s] -- Symlinking: /home/mael/ros2_ws/install/apriltag_ros2/lib/apriltag_ros2/apriltag_ros2_single_image_client_node
[225.866s] -- Symlinking: /home/mael/ros2_ws/install/apriltag_ros2/include/apriltag_ros2/common_functions.hpp
[225.873s] -- Symlinking: /home/mael/ros2_ws/install/apriltag_ros2/include/apriltag_ros2/continuous_detector.hpp
[225.880s] -- Symlinking: /home/mael/ros2_ws/install/apriltag_ros2/include/apriltag_ros2/single_image_detector.hpp
[225.887s] -- Symlinking: /home/mael/ros2_ws/install/apriltag_ros2/lib/libapriltag_ros2_common.so
[225.893s] -- Symlinking: /home/mael/ros2_ws/install/apriltag_ros2/lib/libapriltag_ros2_continuous_detector.so
[225.900s] -- Symlinking: /home/mael/ros2_ws/install/apriltag_ros2/lib/libapriltag_ros2_single_image_detector.so
[225.907s] -- Symlinking: /home/mael/ros2_ws/install/apriltag_ros2/lib/libapriltag_ros2_single_image_client.so
[225.914s] -- Symlinking: /home/mael/ros2_ws/install/apriltag_ros2/share/apriltag_ros2/config/settings.param.yaml
[225.921s] -- Symlinking: /home/mael/ros2_ws/install/apriltag_ros2/share/apriltag_ros2/config/tags.param.yaml
[225.928s] -- Symlinking: /home/mael/ros2_ws/install/apriltag_ros2/share/apriltag_ros2/config/tags.yaml
[225.935s] -- Symlinking: /home/mael/ros2_ws/install/apriltag_ros2/share/apriltag_ros2/launch/continuous_detection.launch.xml
[225.941s] -- Symlinking: /home/mael/ros2_ws/install/apriltag_ros2/share/apriltag_ros2/launch/continuous_detection_zed.launch.xml
[225.948s] -- Symlinking: /home/mael/ros2_ws/install/apriltag_ros2/share/apriltag_ros2/launch/single_image_client.launch.xml
[225.955s] -- Symlinking: /home/mael/ros2_ws/install/apriltag_ros2/share/apriltag_ros2/launch/single_image_detector.launch.xml
[225.962s] -- Symlinking: /home/mael/ros2_ws/install/apriltag_ros2/share/apriltag_ros2/scripts/analyze_image
[225.969s] -- Symlinking: /home/mael/ros2_ws/install/apriltag_ros2/share/apriltag_ros2/scripts/calibrate_bundle.m
[226.050s] -- Symlinking: /home/mael/ros2_ws/install/apriltag_ros2/share/ament_index/resource_index/package_run_dependencies/apriltag_ros2
[226.083s] -- Symlinking: /home/mael/ros2_ws/install/apriltag_ros2/share/ament_index/resource_index/parent_prefix_path/apriltag_ros2
[226.103s] -- Symlinking: /home/mael/ros2_ws/install/apriltag_ros2/share/apriltag_ros2/environment/ament_prefix_path.sh
[226.114s] -- Symlinking: /home/mael/ros2_ws/install/apriltag_ros2/share/apriltag_ros2/environment/ament_prefix_path.dsv
[226.122s] -- Symlinking: /home/mael/ros2_ws/install/apriltag_ros2/share/apriltag_ros2/environment/path.sh
[226.129s] -- Symlinking: /home/mael/ros2_ws/install/apriltag_ros2/share/apriltag_ros2/environment/path.dsv
[226.136s] -- Symlinking: /home/mael/ros2_ws/install/apriltag_ros2/share/apriltag_ros2/local_setup.bash
[226.143s] -- Symlinking: /home/mael/ros2_ws/install/apriltag_ros2/share/apriltag_ros2/local_setup.sh
[226.150s] -- Symlinking: /home/mael/ros2_ws/install/apriltag_ros2/share/apriltag_ros2/local_setup.zsh
[226.158s] -- Symlinking: /home/mael/ros2_ws/install/apriltag_ros2/share/apriltag_ros2/local_setup.dsv
[226.165s] -- Symlinking: /home/mael/ros2_ws/install/apriltag_ros2/share/apriltag_ros2/package.dsv
[226.172s] -- Symlinking: /home/mael/ros2_ws/install/apriltag_ros2/share/ament_index/resource_index/packages/apriltag_ros2
[226.179s] -- Symlinking: /home/mael/ros2_ws/install/apriltag_ros2/share/ament_index/resource_index/rclcpp_components/apriltag_ros2
[226.186s] -- Symlinking: /home/mael/ros2_ws/install/apriltag_ros2/share/apriltag_ros2/cmake/rosidl_cmake-extras.cmake
[226.193s] -- Symlinking: /home/mael/ros2_ws/install/apriltag_ros2/share/apriltag_ros2/cmake/ament_cmake_export_dependencies-extras.cmake
[226.200s] -- Symlinking: /home/mael/ros2_ws/install/apriltag_ros2/share/apriltag_ros2/cmake/ament_cmake_export_include_directories-extras.cmake
[226.207s] -- Symlinking: /home/mael/ros2_ws/install/apriltag_ros2/share/apriltag_ros2/cmake/ament_cmake_export_libraries-extras.cmake
[226.215s] -- Symlinking: /home/mael/ros2_ws/install/apriltag_ros2/share/apriltag_ros2/cmake/ament_cmake_export_targets-extras.cmake
[226.222s] -- Symlinking: /home/mael/ros2_ws/install/apriltag_ros2/share/apriltag_ros2/cmake/rosidl_cmake_export_typesupport_targets-extras.cmake
[226.229s] -- Symlinking: /home/mael/ros2_ws/install/apriltag_ros2/share/apriltag_ros2/cmake/rosidl_cmake_export_typesupport_libraries-extras.cmake
[226.236s] -- Symlinking: /home/mael/ros2_ws/install/apriltag_ros2/share/apriltag_ros2/cmake/apriltag_ros2Config.cmake
[226.243s] -- Symlinking: /home/mael/ros2_ws/install/apriltag_ros2/share/apriltag_ros2/cmake/apriltag_ros2Config-version.cmake
[226.251s] -- Symlinking: /home/mael/ros2_ws/install/apriltag_ros2/share/apriltag_ros2/package.xml
[226.258s] -- Installing: /home/mael/ros2_ws/install/apriltag_ros2/lib/libapriltag_ros2__rosidl_generator_c.so
[226.258s] -- Set runtime path of "/home/mael/ros2_ws/install/apriltag_ros2/lib/libapriltag_ros2__rosidl_generator_c.so" to ""
[226.258s] -- Installing: /home/mael/ros2_ws/install/apriltag_ros2/lib/libapriltag_ros2__rosidl_typesupport_fastrtps_c.so
[226.259s] -- Set runtime path of "/home/mael/ros2_ws/install/apriltag_ros2/lib/libapriltag_ros2__rosidl_typesupport_fastrtps_c.so" to ""
[226.259s] -- Installing: /home/mael/ros2_ws/install/apriltag_ros2/lib/libapriltag_ros2__rosidl_typesupport_fastrtps_cpp.so
[226.259s] -- Set runtime path of "/home/mael/ros2_ws/install/apriltag_ros2/lib/libapriltag_ros2__rosidl_typesupport_fastrtps_cpp.so" to ""
[226.259s] -- Installing: /home/mael/ros2_ws/install/apriltag_ros2/lib/libapriltag_ros2__rosidl_typesupport_introspection_c.so
[226.259s] -- Set runtime path of "/home/mael/ros2_ws/install/apriltag_ros2/lib/libapriltag_ros2__rosidl_typesupport_introspection_c.so" to ""
[226.260s] -- Installing: /home/mael/ros2_ws/install/apriltag_ros2/lib/libapriltag_ros2__rosidl_typesupport_c.so
[226.260s] -- Set runtime path of "/home/mael/ros2_ws/install/apriltag_ros2/lib/libapriltag_ros2__rosidl_typesupport_c.so" to ""
[226.260s] -- Installing: /home/mael/ros2_ws/install/apriltag_ros2/lib/libapriltag_ros2__rosidl_typesupport_introspection_cpp.so
[226.260s] -- Set runtime path of "/home/mael/ros2_ws/install/apriltag_ros2/lib/libapriltag_ros2__rosidl_typesupport_introspection_cpp.so" to ""
[226.260s] -- Installing: /home/mael/ros2_ws/install/apriltag_ros2/lib/libapriltag_ros2__rosidl_typesupport_cpp.so
[226.261s] -- Set runtime path of "/home/mael/ros2_ws/install/apriltag_ros2/lib/libapriltag_ros2__rosidl_typesupport_cpp.so" to ""
[226.294s] Listing '/home/mael/ros2_ws/install/apriltag_ros2/local/lib/python3.10/dist-packages/apriltag_ros2'...
[226.294s] Compiling '/home/mael/ros2_ws/install/apriltag_ros2/local/lib/python3.10/dist-packages/apriltag_ros2/__init__.py'...
[226.294s] Listing '/home/mael/ros2_ws/install/apriltag_ros2/local/lib/python3.10/dist-packages/apriltag_ros2/msg'...
[226.295s] Compiling '/home/mael/ros2_ws/install/apriltag_ros2/local/lib/python3.10/dist-packages/apriltag_ros2/msg/__init__.py'...
[226.295s] Compiling '/home/mael/ros2_ws/install/apriltag_ros2/local/lib/python3.10/dist-packages/apriltag_ros2/msg/_april_tag_detection.py'...
[226.295s] Compiling '/home/mael/ros2_ws/install/apriltag_ros2/local/lib/python3.10/dist-packages/apriltag_ros2/msg/_april_tag_detection_array.py'...
[226.295s] Listing '/home/mael/ros2_ws/install/apriltag_ros2/local/lib/python3.10/dist-packages/apriltag_ros2/srv'...
[226.295s] Compiling '/home/mael/ros2_ws/install/apriltag_ros2/local/lib/python3.10/dist-packages/apriltag_ros2/srv/__init__.py'...
[226.295s] Compiling '/home/mael/ros2_ws/install/apriltag_ros2/local/lib/python3.10/dist-packages/apriltag_ros2/srv/_analyze_single_image.py'...
[226.298s] -- Installing: /home/mael/ros2_ws/install/apriltag_ros2/lib/libapriltag_ros2__rosidl_generator_py.so
[226.298s] -- Set runtime path of "/home/mael/ros2_ws/install/apriltag_ros2/lib/libapriltag_ros2__rosidl_generator_py.so" to ""
[226.299s] -- Installing: /home/mael/ros2_ws/install/apriltag_ros2/share/apriltag_ros2/cmake/export_apriltag_ros2__rosidl_generator_cExport.cmake
[226.299s] -- Installing: /home/mael/ros2_ws/install/apriltag_ros2/share/apriltag_ros2/cmake/export_apriltag_ros2__rosidl_generator_cExport-release.cmake
[226.299s] -- Installing: /home/mael/ros2_ws/install/apriltag_ros2/share/apriltag_ros2/cmake/export_apriltag_ros2__rosidl_typesupport_fastrtps_cExport.cmake
[226.299s] -- Installing: /home/mael/ros2_ws/install/apriltag_ros2/share/apriltag_ros2/cmake/export_apriltag_ros2__rosidl_typesupport_fastrtps_cExport-release.cmake
[226.299s] -- Installing: /home/mael/ros2_ws/install/apriltag_ros2/share/apriltag_ros2/cmake/export_apriltag_ros2__rosidl_generator_cppExport.cmake
[226.299s] -- Installing: /home/mael/ros2_ws/install/apriltag_ros2/share/apriltag_ros2/cmake/export_apriltag_ros2__rosidl_typesupport_fastrtps_cppExport.cmake
[226.299s] -- Installing: /home/mael/ros2_ws/install/apriltag_ros2/share/apriltag_ros2/cmake/export_apriltag_ros2__rosidl_typesupport_fastrtps_cppExport-release.cmake
[226.299s] -- Installing: /home/mael/ros2_ws/install/apriltag_ros2/share/apriltag_ros2/cmake/apriltag_ros2__rosidl_typesupport_introspection_cExport.cmake
[226.300s] -- Installing: /home/mael/ros2_ws/install/apriltag_ros2/share/apriltag_ros2/cmake/apriltag_ros2__rosidl_typesupport_introspection_cExport-release.cmake
[226.300s] -- Installing: /home/mael/ros2_ws/install/apriltag_ros2/share/apriltag_ros2/cmake/apriltag_ros2__rosidl_typesupport_cExport.cmake
[226.300s] -- Installing: /home/mael/ros2_ws/install/apriltag_ros2/share/apriltag_ros2/cmake/apriltag_ros2__rosidl_typesupport_cExport-release.cmake
[226.300s] -- Installing: /home/mael/ros2_ws/install/apriltag_ros2/share/apriltag_ros2/cmake/apriltag_ros2__rosidl_typesupport_introspection_cppExport.cmake
[226.300s] -- Installing: /home/mael/ros2_ws/install/apriltag_ros2/share/apriltag_ros2/cmake/apriltag_ros2__rosidl_typesupport_introspection_cppExport-release.cmake
[226.300s] -- Installing: /home/mael/ros2_ws/install/apriltag_ros2/share/apriltag_ros2/cmake/apriltag_ros2__rosidl_typesupport_cppExport.cmake
[226.300s] -- Installing: /home/mael/ros2_ws/install/apriltag_ros2/share/apriltag_ros2/cmake/apriltag_ros2__rosidl_typesupport_cppExport-release.cmake
[226.300s] -- Installing: /home/mael/ros2_ws/install/apriltag_ros2/share/apriltag_ros2/cmake/export_apriltag_ros2__rosidl_generator_pyExport.cmake
[226.301s] -- Installing: /home/mael/ros2_ws/install/apriltag_ros2/share/apriltag_ros2/cmake/export_apriltag_ros2__rosidl_generator_pyExport-release.cmake
[226.306s] Invoked command in '/home/mael/ros2_ws/build/apriltag_ros2' returned '0': CMAKE_PREFIX_PATH=${CMAKE_PREFIX_PATH}:/home/mael/ros2_ws/install/ros_tcp_endpoint:/home/mael/ros2_ws/install/baxter_joint_controller:/home/mael/ros2_ws/install/baxter_6dof_vr:/opt/ros/humble /usr/bin/cmake --install /home/mael/ros2_ws/build/apriltag_ros2
