[2.513s] Invoking command in '/home/mael/ros2_ws/build/baxter_6dof_vr': PYTHONPATH=/home/mael/ros2_ws/build/baxter_6dof_vr/prefix_override:/home/mael/ros2_ws/install/baxter_6dof_vr/lib/python3.10/site-packages:${PYTHONPATH} /usr/bin/python3 setup.py develop --editable --build-directory /home/mael/ros2_ws/build/baxter_6dof_vr/build --no-deps install_data
[3.048s] running develop
[3.048s] /usr/lib/python3/dist-packages/setuptools/command/easy_install.py:158: EasyInstallDeprecationWarning: easy_install command is deprecated. Use build and pip and other standards-based tools.
[3.048s]   warnings.warn(
[3.053s] /usr/lib/python3/dist-packages/setuptools/command/install.py:34: SetuptoolsDeprecationWarning: setup.py install is deprecated. Use build and pip and other standards-based tools.
[3.054s]   warnings.warn(
[3.181s] /usr/lib/python3/dist-packages/pkg_resources/__init__.py:116: PkgResourcesDeprecationWarning: 1.16.0-unknown is an invalid version and will not be supported in a future release
[3.181s]   warnings.warn(
[3.183s] /usr/lib/python3/dist-packages/pkg_resources/__init__.py:116: PkgResourcesDeprecationWarning: 0.1.43ubuntu1 is an invalid version and will not be supported in a future release
[3.183s]   warnings.warn(
[3.185s] /usr/lib/python3/dist-packages/pkg_resources/__init__.py:116: PkgResourcesDeprecationWarning: 1.1build1 is an invalid version and will not be supported in a future release
[3.185s]   warnings.warn(
[3.421s] running egg_info
[3.421s] writing baxter_6dof_vr.egg-info/PKG-INFO
[3.421s] writing dependency_links to baxter_6dof_vr.egg-info/dependency_links.txt
[3.421s] writing entry points to baxter_6dof_vr.egg-info/entry_points.txt
[3.421s] writing requirements to baxter_6dof_vr.egg-info/requires.txt
[3.422s] writing top-level names to baxter_6dof_vr.egg-info/top_level.txt
[3.423s] reading manifest file 'baxter_6dof_vr.egg-info/SOURCES.txt'
[3.426s] writing manifest file 'baxter_6dof_vr.egg-info/SOURCES.txt'
[3.508s] running build_ext
[3.508s] Creating /home/mael/ros2_ws/install/baxter_6dof_vr/lib/python3.10/site-packages/baxter-6dof-vr.egg-link (link to .)
[3.510s] Installing pose_to_tf script to /home/mael/ros2_ws/install/baxter_6dof_vr/lib/baxter_6dof_vr
[3.511s] 
[3.511s] Installed /home/mael/ros2_ws/build/baxter_6dof_vr
[3.512s] running install_data
[3.577s] Invoked command in '/home/mael/ros2_ws/build/baxter_6dof_vr' returned '0': PYTHONPATH=/home/mael/ros2_ws/build/baxter_6dof_vr/prefix_override:/home/mael/ros2_ws/install/baxter_6dof_vr/lib/python3.10/site-packages:${PYTHONPATH} /usr/bin/python3 setup.py develop --editable --build-directory /home/mael/ros2_ws/build/baxter_6dof_vr/build --no-deps install_data
