[0.047s] Invoking command in '/home/mael/ros2_ws/build/apriltag_ros_pose': CMAKE_PREFIX_PATH=${CMAKE_PREFIX_PATH}:/home/mael/ros2_ws/install/ros_tcp_endpoint:/home/mael/ros2_ws/install/baxter_joint_controller:/home/mael/ros2_ws/install/baxter_6dof_vr:/opt/ros/humble /usr/bin/cmake /home/mael/ros2_ws/src/apriltag_ros_pose -DAMENT_CMAKE_SYMLINK_INSTALL=1 -DCMAKE_INSTALL_PREFIX=/home/mael/ros2_ws/install/apriltag_ros_pose
[0.742s] -- The C compiler identification is GNU 11.3.0
[0.969s] -- The CXX compiler identification is GNU 11.3.0
[0.980s] -- Detecting C compiler ABI info
[1.177s] -- Detecting C compiler ABI info - done
[1.193s] -- Check for working C compiler: /usr/bin/cc - skipped
[1.193s] -- Detecting C compile features
[1.194s] -- Detecting C compile features - done
[1.202s] -- Detecting CXX compiler ABI info
[1.339s] -- Detecting CXX compiler ABI info - done
[1.353s] -- Check for working CXX compiler: /usr/bin/c++ - skipped
[1.354s] -- Detecting CXX compile features
[1.355s] -- Detecting CXX compile features - done
[1.361s] -- Found rclcpp: 16.0.4 (/opt/ros/humble/share/rclcpp/cmake)
[1.636s] -- Found Python3: /usr/bin/python3.10 (found version "3.10.6") found components: Interpreter 
[1.759s] -- Override CMake install command with custom implementation using symlinks instead of copying resources
[1.931s] -- Found rosidl_generator_c: 3.1.4 (/opt/ros/humble/share/rosidl_generator_c/cmake)
[1.947s] -- Found rosidl_adapter: 3.1.4 (/opt/ros/humble/share/rosidl_adapter/cmake)
[1.971s] -- Found rosidl_generator_cpp: 3.1.4 (/opt/ros/humble/share/rosidl_generator_cpp/cmake)
[2.033s] -- Using all available rosidl_typesupport_c: rosidl_typesupport_fastrtps_c;rosidl_typesupport_introspection_c
[2.085s] -- Using all available rosidl_typesupport_cpp: rosidl_typesupport_fastrtps_cpp;rosidl_typesupport_introspection_cpp
[2.253s] -- Found rmw_implementation_cmake: 6.1.1 (/opt/ros/humble/share/rmw_implementation_cmake/cmake)
[2.262s] -- Found rmw_fastrtps_cpp: 6.2.2 (/opt/ros/humble/share/rmw_fastrtps_cpp/cmake)
[2.442s] -- Found OpenSSL: /usr/lib/x86_64-linux-gnu/libcrypto.so (found version "3.0.2")  
[2.497s] -- Found FastRTPS: /opt/ros/humble/include  
[2.566s] -- Using RMW implementation 'rmw_fastrtps_cpp' as default
[2.715s] -- Looking for pthread.h
[2.826s] -- Looking for pthread.h - found
[2.826s] -- Performing Test CMAKE_HAVE_LIBC_PTHREAD
[2.951s] -- Performing Test CMAKE_HAVE_LIBC_PTHREAD - Success
[2.951s] -- Found Threads: TRUE  
[5.112s] -- Found rclcpp_components: 16.0.4 (/opt/ros/humble/share/rclcpp_components/cmake)
[7.690s] -- Found sensor_msgs: 4.2.3 (/opt/ros/humble/share/sensor_msgs/cmake)
[8.178s] -- Found apriltag_msgs: 2.0.1 (/opt/ros/humble/share/apriltag_msgs/cmake)
[9.844s] -- Found tf2_ros: 0.25.2 (/opt/ros/humble/share/tf2_ros/cmake)
[16.446s] -- Found tf2_eigen: 0.25.2 (/opt/ros/humble/share/tf2_eigen/cmake)
[16.915s] -- Found tf2_geometry_msgs: 0.25.2 (/opt/ros/humble/share/tf2_geometry_msgs/cmake)
[16.931s] -- Found eigen3_cmake_module: 0.1.1 (/opt/ros/humble/share/eigen3_cmake_module/cmake)
[16.933s] -- Found Eigen3: TRUE (found version "3.4.0") 
[16.933s] -- Ensuring Eigen3 include directory is part of orocos-kdl CMake target
[16.951s] -- Found image_transport: 3.1.5 (/opt/ros/humble/share/image_transport/cmake)
[16.994s] -- Found cv_bridge: 3.2.1 (/opt/ros/humble/share/cv_bridge/cmake)
[17.178s] -- Found ament_lint_auto: 0.12.6 (/opt/ros/humble/share/ament_lint_auto/cmake)
[21.086s] -- Added test 'cppcheck' to perform static code analysis on C / C++ code
[21.086s] -- Configured cppcheck include dirs: 
[21.086s] -- Configured cppcheck exclude dirs and/or files: 
[21.088s] -- Configuring done
[21.107s] -- Generating done
[21.273s] -- Build files have been written to: /home/mael/ros2_ws/build/apriltag_ros_pose
[21.315s] Invoked command in '/home/mael/ros2_ws/build/apriltag_ros_pose' returned '0': CMAKE_PREFIX_PATH=${CMAKE_PREFIX_PATH}:/home/mael/ros2_ws/install/ros_tcp_endpoint:/home/mael/ros2_ws/install/baxter_joint_controller:/home/mael/ros2_ws/install/baxter_6dof_vr:/opt/ros/humble /usr/bin/cmake /home/mael/ros2_ws/src/apriltag_ros_pose -DAMENT_CMAKE_SYMLINK_INSTALL=1 -DCMAKE_INSTALL_PREFIX=/home/mael/ros2_ws/install/apriltag_ros_pose
[21.318s] Invoking command in '/home/mael/ros2_ws/build/apriltag_ros_pose': CMAKE_PREFIX_PATH=${CMAKE_PREFIX_PATH}:/home/mael/ros2_ws/install/ros_tcp_endpoint:/home/mael/ros2_ws/install/baxter_joint_controller:/home/mael/ros2_ws/install/baxter_6dof_vr:/opt/ros/humble /usr/bin/cmake --build /home/mael/ros2_ws/build/apriltag_ros_pose -- -j8 -l8
[21.360s] [ 20%] [32mBuilding CXX object CMakeFiles/tags.dir/src/tag_functions.cpp.o[0m
[28.547s] [ 20%] Built target tags
[28.563s] [ 40%] [32mBuilding CXX object CMakeFiles/apriltag_node.dir/rclcpp_components/node_main_apriltag_node.cpp.o[0m
[60.582s] [ 60%] [32m[1mLinking CXX executable apriltag_node[0m
[76.936s] [ 60%] Built target apriltag_node
[76.996s] [ 80%] [32mBuilding CXX object CMakeFiles/AprilTagNode.dir/src/AprilTagNode.cpp.o[0m
[139.465s] [100%] [32m[1mLinking CXX shared library libAprilTagNode.so[0m
[158.300s] [100%] Built target AprilTagNode
[158.311s] Invoked command in '/home/mael/ros2_ws/build/apriltag_ros_pose' returned '0': CMAKE_PREFIX_PATH=${CMAKE_PREFIX_PATH}:/home/mael/ros2_ws/install/ros_tcp_endpoint:/home/mael/ros2_ws/install/baxter_joint_controller:/home/mael/ros2_ws/install/baxter_6dof_vr:/opt/ros/humble /usr/bin/cmake --build /home/mael/ros2_ws/build/apriltag_ros_pose -- -j8 -l8
[158.342s] Invoking command in '/home/mael/ros2_ws/build/apriltag_ros_pose': CMAKE_PREFIX_PATH=${CMAKE_PREFIX_PATH}:/home/mael/ros2_ws/install/ros_tcp_endpoint:/home/mael/ros2_ws/install/baxter_joint_controller:/home/mael/ros2_ws/install/baxter_6dof_vr:/opt/ros/humble /usr/bin/cmake --install /home/mael/ros2_ws/build/apriltag_ros_pose
[158.349s] -- Install configuration: ""
[158.349s] -- Execute custom install script
[158.350s] -- Symlinking: /home/mael/ros2_ws/install/apriltag_ros_pose/lib/apriltag_ros_pose/apriltag_node
[158.357s] -- Symlinking: /home/mael/ros2_ws/install/apriltag_ros_pose/share/apriltag_ros_pose/environment/library_path.sh
[158.365s] -- Symlinking: /home/mael/ros2_ws/install/apriltag_ros_pose/share/apriltag_ros_pose/environment/library_path.dsv
[158.372s] -- Symlinking: /home/mael/ros2_ws/install/apriltag_ros_pose/lib/libAprilTagNode.so
[158.380s] -- Symlinking: /home/mael/ros2_ws/install/apriltag_ros_pose/share/apriltag_ros_pose/cfg/tags_36h11.yaml
[158.387s] -- Symlinking: /home/mael/ros2_ws/install/apriltag_ros_pose/share/apriltag_ros_pose/launch/v4l2_36h11.launch.yml
[158.395s] -- Symlinking: /home/mael/ros2_ws/install/apriltag_ros_pose/share/ament_index/resource_index/package_run_dependencies/apriltag_ros_pose
[158.403s] -- Symlinking: /home/mael/ros2_ws/install/apriltag_ros_pose/share/ament_index/resource_index/parent_prefix_path/apriltag_ros_pose
[158.410s] -- Symlinking: /home/mael/ros2_ws/install/apriltag_ros_pose/share/apriltag_ros_pose/environment/ament_prefix_path.sh
[158.417s] -- Symlinking: /home/mael/ros2_ws/install/apriltag_ros_pose/share/apriltag_ros_pose/environment/ament_prefix_path.dsv
[158.425s] -- Symlinking: /home/mael/ros2_ws/install/apriltag_ros_pose/share/apriltag_ros_pose/environment/path.sh
[158.432s] -- Symlinking: /home/mael/ros2_ws/install/apriltag_ros_pose/share/apriltag_ros_pose/environment/path.dsv
[158.439s] -- Symlinking: /home/mael/ros2_ws/install/apriltag_ros_pose/share/apriltag_ros_pose/local_setup.bash
[158.447s] -- Symlinking: /home/mael/ros2_ws/install/apriltag_ros_pose/share/apriltag_ros_pose/local_setup.sh
[158.454s] -- Symlinking: /home/mael/ros2_ws/install/apriltag_ros_pose/share/apriltag_ros_pose/local_setup.zsh
[158.461s] -- Symlinking: /home/mael/ros2_ws/install/apriltag_ros_pose/share/apriltag_ros_pose/local_setup.dsv
[158.468s] -- Symlinking: /home/mael/ros2_ws/install/apriltag_ros_pose/share/apriltag_ros_pose/package.dsv
[158.476s] -- Symlinking: /home/mael/ros2_ws/install/apriltag_ros_pose/share/ament_index/resource_index/packages/apriltag_ros_pose
[158.484s] -- Symlinking: /home/mael/ros2_ws/install/apriltag_ros_pose/share/ament_index/resource_index/rclcpp_components/apriltag_ros_pose
[158.492s] -- Symlinking: /home/mael/ros2_ws/install/apriltag_ros_pose/share/apriltag_ros_pose/cmake/apriltag_ros_poseConfig.cmake
[158.499s] -- Symlinking: /home/mael/ros2_ws/install/apriltag_ros_pose/share/apriltag_ros_pose/cmake/apriltag_ros_poseConfig-version.cmake
[158.506s] -- Symlinking: /home/mael/ros2_ws/install/apriltag_ros_pose/share/apriltag_ros_pose/package.xml
[158.517s] Invoked command in '/home/mael/ros2_ws/build/apriltag_ros_pose' returned '0': CMAKE_PREFIX_PATH=${CMAKE_PREFIX_PATH}:/home/mael/ros2_ws/install/ros_tcp_endpoint:/home/mael/ros2_ws/install/baxter_joint_controller:/home/mael/ros2_ws/install/baxter_6dof_vr:/opt/ros/humble /usr/bin/cmake --install /home/mael/ros2_ws/build/apriltag_ros_pose
