[58.360s] Invoking command in '/home/mael/ros2_ws/build/baxter_6dof_vr': PYTHONPATH=/home/mael/ros2_ws/build/baxter_6dof_vr/prefix_override:/home/mael/ros2_ws/install/baxter_6dof_vr/lib/python3.10/site-packages:${PYTHONPATH} /usr/bin/python3 setup.py develop --editable --build-directory /home/mael/ros2_ws/build/baxter_6dof_vr/build --no-deps install_data
[58.482s] running develop
[58.578s] /usr/lib/python3/dist-packages/setuptools/command/easy_install.py:158: EasyInstallDeprecationWarning: easy_install command is deprecated. Use build and pip and other standards-based tools.
[58.579s]   warnings.warn(
[58.687s] /usr/lib/python3/dist-packages/setuptools/command/install.py:34: SetuptoolsDeprecationWarning: setup.py install is deprecated. Use build and pip and other standards-based tools.
[58.687s]   warnings.warn(
[59.212s] /usr/lib/python3/dist-packages/pkg_resources/__init__.py:116: PkgResourcesDeprecationWarning: 1.16.0-unknown is an invalid version and will not be supported in a future release
[59.213s]   warnings.warn(
[59.217s] /usr/lib/python3/dist-packages/pkg_resources/__init__.py:116: PkgResourcesDeprecationWarning: 0.1.43ubuntu1 is an invalid version and will not be supported in a future release
[59.218s]   warnings.warn(
[59.220s] /usr/lib/python3/dist-packages/pkg_resources/__init__.py:116: PkgResourcesDeprecationWarning: 1.1build1 is an invalid version and will not be supported in a future release
[59.220s]   warnings.warn(
[59.363s] running egg_info
[59.364s] writing baxter_6dof_vr.egg-info/PKG-INFO
[59.714s] writing dependency_links to baxter_6dof_vr.egg-info/dependency_links.txt
[60.256s] writing entry points to baxter_6dof_vr.egg-info/entry_points.txt
[60.257s] writing requirements to baxter_6dof_vr.egg-info/requires.txt
[60.259s] writing top-level names to baxter_6dof_vr.egg-info/top_level.txt
[60.260s] reading manifest file 'baxter_6dof_vr.egg-info/SOURCES.txt'
[60.262s] writing manifest file 'baxter_6dof_vr.egg-info/SOURCES.txt'
[60.618s] running build_ext
[60.618s] Creating /home/mael/ros2_ws/install/baxter_6dof_vr/lib/python3.10/site-packages/baxter-6dof-vr.egg-link (link to .)
[60.827s] Installing pose_to_tf script to /home/mael/ros2_ws/install/baxter_6dof_vr/lib/baxter_6dof_vr
[60.829s] 
[60.830s] Installed /home/mael/ros2_ws/build/baxter_6dof_vr
[60.831s] running install_data
[69.352s] Invoked command in '/home/mael/ros2_ws/build/baxter_6dof_vr' returned '0': PYTHONPATH=/home/mael/ros2_ws/build/baxter_6dof_vr/prefix_override:/home/mael/ros2_ws/install/baxter_6dof_vr/lib/python3.10/site-packages:${PYTHONPATH} /usr/bin/python3 setup.py develop --editable --build-directory /home/mael/ros2_ws/build/baxter_6dof_vr/build --no-deps install_data
