[2.258s] Invoking command in '/home/mael/ros2_ws/build/baxter_joint_controller': PYTHONPATH=/home/mael/ros2_ws/build/baxter_joint_controller/prefix_override:/home/mael/ros2_ws/install/baxter_joint_controller/lib/python3.10/site-packages:${PYTHONPATH} /usr/bin/python3 setup.py develop --editable --build-directory /home/mael/ros2_ws/build/baxter_joint_controller/build --no-deps install_data
[2.872s] running develop
[2.872s] /usr/lib/python3/dist-packages/setuptools/command/easy_install.py:158: EasyInstallDeprecationWarning: easy_install command is deprecated. Use build and pip and other standards-based tools.
[2.872s]   warnings.warn(
[2.874s] /usr/lib/python3/dist-packages/setuptools/command/install.py:34: SetuptoolsDeprecationWarning: setup.py install is deprecated. Use build and pip and other standards-based tools.
[2.875s]   warnings.warn(
[3.003s] /usr/lib/python3/dist-packages/pkg_resources/__init__.py:116: PkgResourcesDeprecationWarning: 1.16.0-unknown is an invalid version and will not be supported in a future release
[3.003s]   warnings.warn(
[3.003s] /usr/lib/python3/dist-packages/pkg_resources/__init__.py:116: PkgResourcesDeprecationWarning: 0.1.43ubuntu1 is an invalid version and will not be supported in a future release
[3.004s]   warnings.warn(
[3.004s] /usr/lib/python3/dist-packages/pkg_resources/__init__.py:116: PkgResourcesDeprecationWarning: 1.1build1 is an invalid version and will not be supported in a future release
[3.004s]   warnings.warn(
[3.270s] running egg_info
[3.270s] writing baxter_joint_controller.egg-info/PKG-INFO
[3.270s] writing dependency_links to baxter_joint_controller.egg-info/dependency_links.txt
[3.270s] writing entry points to baxter_joint_controller.egg-info/entry_points.txt
[3.270s] writing requirements to baxter_joint_controller.egg-info/requires.txt
[3.271s] writing top-level names to baxter_joint_controller.egg-info/top_level.txt
[3.274s] reading manifest file 'baxter_joint_controller.egg-info/SOURCES.txt'
[3.275s] writing manifest file 'baxter_joint_controller.egg-info/SOURCES.txt'
[3.305s] running build_ext
[3.305s] Creating /home/mael/ros2_ws/install/baxter_joint_controller/lib/python3.10/site-packages/baxter-joint-controller.egg-link (link to .)
[3.305s] Installing controller script to /home/mael/ros2_ws/install/baxter_joint_controller/lib/baxter_joint_controller
[3.305s] 
[3.305s] Installed /home/mael/ros2_ws/build/baxter_joint_controller
[3.306s] running install_data
[3.354s] Invoked command in '/home/mael/ros2_ws/build/baxter_joint_controller' returned '0': PYTHONPATH=/home/mael/ros2_ws/build/baxter_joint_controller/prefix_override:/home/mael/ros2_ws/install/baxter_joint_controller/lib/python3.10/site-packages:${PYTHONPATH} /usr/bin/python3 setup.py develop --editable --build-directory /home/mael/ros2_ws/build/baxter_joint_controller/build --no-deps install_data
