[0.062s] Invoking command in '/home/mael/ros2_ws/build/baxter_maintenance_msgs': CMAKE_PREFIX_PATH=${CMAKE_PREFIX_PATH}:/home/mael/ros2_ws/install/ros_tcp_endpoint:/home/mael/ros2_ws/install/baxter_joint_controller:/home/mael/ros2_ws/install/baxter_6dof_vr:/opt/ros/humble /usr/bin/cmake --build /home/mael/ros2_ws/build/baxter_maintenance_msgs -- -j8 -l8
[0.204s] [  1%] Built target baxter_maintenance_msgs__cpp
[0.241s] [ 12%] Built target baxter_maintenance_msgs__rosidl_generator_c
[0.287s] [ 12%] Built target ament_cmake_python_symlink_baxter_maintenance_msgs
[0.320s] [ 24%] Built target baxter_maintenance_msgs__rosidl_typesupport_cpp
[0.375s] [ 35%] Built target baxter_maintenance_msgs__rosidl_typesupport_introspection_cpp
[0.386s] [ 46%] Built target baxter_maintenance_msgs__rosidl_typesupport_introspection_c
[0.423s] [ 58%] Built target baxter_maintenance_msgs__rosidl_typesupport_fastrtps_c
[0.424s] [ 69%] Built target baxter_maintenance_msgs__rosidl_typesupport_c
[0.439s] [ 81%] Built target baxter_maintenance_msgs__rosidl_typesupport_fastrtps_cpp
[0.484s] [ 81%] Built target baxter_maintenance_msgs
[0.537s] [ 82%] Built target baxter_maintenance_msgs__py
[0.588s] [ 92%] Built target baxter_maintenance_msgs__rosidl_generator_py
[0.634s] [ 94%] Built target baxter_maintenance_msgs__rosidl_typesupport_c__pyext
[0.636s] [ 97%] Built target baxter_maintenance_msgs__rosidl_typesupport_fastrtps_c__pyext
[0.647s] [100%] Built target baxter_maintenance_msgs__rosidl_typesupport_introspection_c__pyext
[0.841s] running egg_info
[0.843s] writing baxter_maintenance_msgs.egg-info/PKG-INFO
[0.843s] writing dependency_links to baxter_maintenance_msgs.egg-info/dependency_links.txt
[0.843s] writing top-level names to baxter_maintenance_msgs.egg-info/top_level.txt
[0.846s] reading manifest file 'baxter_maintenance_msgs.egg-info/SOURCES.txt'
[0.847s] writing manifest file 'baxter_maintenance_msgs.egg-info/SOURCES.txt'
[0.881s] [100%] Built target ament_cmake_python_build_baxter_maintenance_msgs_egg
[0.944s] Invoked command in '/home/mael/ros2_ws/build/baxter_maintenance_msgs' returned '0': CMAKE_PREFIX_PATH=${CMAKE_PREFIX_PATH}:/home/mael/ros2_ws/install/ros_tcp_endpoint:/home/mael/ros2_ws/install/baxter_joint_controller:/home/mael/ros2_ws/install/baxter_6dof_vr:/opt/ros/humble /usr/bin/cmake --build /home/mael/ros2_ws/build/baxter_maintenance_msgs -- -j8 -l8
[1.512s] Invoking command in '/home/mael/ros2_ws/build/baxter_maintenance_msgs': CMAKE_PREFIX_PATH=${CMAKE_PREFIX_PATH}:/home/mael/ros2_ws/install/ros_tcp_endpoint:/home/mael/ros2_ws/install/baxter_joint_controller:/home/mael/ros2_ws/install/baxter_6dof_vr:/opt/ros/humble /usr/bin/cmake --install /home/mael/ros2_ws/build/baxter_maintenance_msgs
[1.522s] -- Install configuration: ""
[1.524s] -- Execute custom install script
[1.526s] -- Up-to-date symlink: /home/mael/ros2_ws/install/baxter_maintenance_msgs/share/ament_index/resource_index/rosidl_interfaces/baxter_maintenance_msgs
[1.527s] -- Up-to-date symlink: /home/mael/ros2_ws/install/baxter_maintenance_msgs/include/baxter_maintenance_msgs/baxter_maintenance_msgs/msg/calibrate_arm_data.h
[1.528s] -- Up-to-date symlink: /home/mael/ros2_ws/install/baxter_maintenance_msgs/include/baxter_maintenance_msgs/baxter_maintenance_msgs/msg/calibrate_arm_enable.h
[1.529s] -- Up-to-date symlink: /home/mael/ros2_ws/install/baxter_maintenance_msgs/include/baxter_maintenance_msgs/baxter_maintenance_msgs/msg/detail/calibrate_arm_data__functions.h
[1.530s] -- Up-to-date symlink: /home/mael/ros2_ws/install/baxter_maintenance_msgs/include/baxter_maintenance_msgs/baxter_maintenance_msgs/msg/detail/calibrate_arm_data__struct.h
[1.530s] -- Up-to-date symlink: /home/mael/ros2_ws/install/baxter_maintenance_msgs/include/baxter_maintenance_msgs/baxter_maintenance_msgs/msg/detail/calibrate_arm_data__type_support.h
[1.530s] -- Up-to-date symlink: /home/mael/ros2_ws/install/baxter_maintenance_msgs/include/baxter_maintenance_msgs/baxter_maintenance_msgs/msg/detail/calibrate_arm_enable__functions.h
[1.532s] -- Up-to-date symlink: /home/mael/ros2_ws/install/baxter_maintenance_msgs/include/baxter_maintenance_msgs/baxter_maintenance_msgs/msg/detail/calibrate_arm_enable__struct.h
[1.532s] -- Up-to-date symlink: /home/mael/ros2_ws/install/baxter_maintenance_msgs/include/baxter_maintenance_msgs/baxter_maintenance_msgs/msg/detail/calibrate_arm_enable__type_support.h
[1.532s] -- Up-to-date symlink: /home/mael/ros2_ws/install/baxter_maintenance_msgs/include/baxter_maintenance_msgs/baxter_maintenance_msgs/msg/detail/tare_data__functions.h
[1.533s] -- Up-to-date symlink: /home/mael/ros2_ws/install/baxter_maintenance_msgs/include/baxter_maintenance_msgs/baxter_maintenance_msgs/msg/detail/tare_data__struct.h
[1.533s] -- Up-to-date symlink: /home/mael/ros2_ws/install/baxter_maintenance_msgs/include/baxter_maintenance_msgs/baxter_maintenance_msgs/msg/detail/tare_data__type_support.h
[1.534s] -- Up-to-date symlink: /home/mael/ros2_ws/install/baxter_maintenance_msgs/include/baxter_maintenance_msgs/baxter_maintenance_msgs/msg/detail/tare_enable__functions.h
[1.539s] -- Up-to-date symlink: /home/mael/ros2_ws/install/baxter_maintenance_msgs/include/baxter_maintenance_msgs/baxter_maintenance_msgs/msg/detail/tare_enable__struct.h
[1.539s] -- Up-to-date symlink: /home/mael/ros2_ws/install/baxter_maintenance_msgs/include/baxter_maintenance_msgs/baxter_maintenance_msgs/msg/detail/tare_enable__type_support.h
[1.539s] -- Up-to-date symlink: /home/mael/ros2_ws/install/baxter_maintenance_msgs/include/baxter_maintenance_msgs/baxter_maintenance_msgs/msg/detail/update_source__functions.h
[1.539s] -- Up-to-date symlink: /home/mael/ros2_ws/install/baxter_maintenance_msgs/include/baxter_maintenance_msgs/baxter_maintenance_msgs/msg/detail/update_source__struct.h
[1.540s] -- Up-to-date symlink: /home/mael/ros2_ws/install/baxter_maintenance_msgs/include/baxter_maintenance_msgs/baxter_maintenance_msgs/msg/detail/update_source__type_support.h
[1.540s] -- Up-to-date symlink: /home/mael/ros2_ws/install/baxter_maintenance_msgs/include/baxter_maintenance_msgs/baxter_maintenance_msgs/msg/detail/update_sources__functions.h
[1.540s] -- Up-to-date symlink: /home/mael/ros2_ws/install/baxter_maintenance_msgs/include/baxter_maintenance_msgs/baxter_maintenance_msgs/msg/detail/update_sources__struct.h
[1.540s] -- Up-to-date symlink: /home/mael/ros2_ws/install/baxter_maintenance_msgs/include/baxter_maintenance_msgs/baxter_maintenance_msgs/msg/detail/update_sources__type_support.h
[1.540s] -- Up-to-date symlink: /home/mael/ros2_ws/install/baxter_maintenance_msgs/include/baxter_maintenance_msgs/baxter_maintenance_msgs/msg/detail/update_status__functions.h
[1.540s] -- Up-to-date symlink: /home/mael/ros2_ws/install/baxter_maintenance_msgs/include/baxter_maintenance_msgs/baxter_maintenance_msgs/msg/detail/update_status__struct.h
[1.540s] -- Up-to-date symlink: /home/mael/ros2_ws/install/baxter_maintenance_msgs/include/baxter_maintenance_msgs/baxter_maintenance_msgs/msg/detail/update_status__type_support.h
[1.540s] -- Up-to-date symlink: /home/mael/ros2_ws/install/baxter_maintenance_msgs/include/baxter_maintenance_msgs/baxter_maintenance_msgs/msg/rosidl_generator_c__visibility_control.h
[1.541s] -- Up-to-date symlink: /home/mael/ros2_ws/install/baxter_maintenance_msgs/include/baxter_maintenance_msgs/baxter_maintenance_msgs/msg/tare_data.h
[1.541s] -- Up-to-date symlink: /home/mael/ros2_ws/install/baxter_maintenance_msgs/include/baxter_maintenance_msgs/baxter_maintenance_msgs/msg/tare_enable.h
[1.541s] -- Up-to-date symlink: /home/mael/ros2_ws/install/baxter_maintenance_msgs/include/baxter_maintenance_msgs/baxter_maintenance_msgs/msg/update_source.h
[1.541s] -- Up-to-date symlink: /home/mael/ros2_ws/install/baxter_maintenance_msgs/include/baxter_maintenance_msgs/baxter_maintenance_msgs/msg/update_sources.h
[1.541s] -- Up-to-date symlink: /home/mael/ros2_ws/install/baxter_maintenance_msgs/include/baxter_maintenance_msgs/baxter_maintenance_msgs/msg/update_status.h
[1.542s] -- Up-to-date symlink: /home/mael/ros2_ws/install/baxter_maintenance_msgs/share/baxter_maintenance_msgs/environment/library_path.sh
[1.542s] -- Up-to-date symlink: /home/mael/ros2_ws/install/baxter_maintenance_msgs/share/baxter_maintenance_msgs/environment/library_path.dsv
[1.544s] -- Up-to-date symlink: /home/mael/ros2_ws/install/baxter_maintenance_msgs/include/baxter_maintenance_msgs/baxter_maintenance_msgs/msg/detail/calibrate_arm_data__rosidl_typesupport_fastrtps_c.h
[1.544s] -- Up-to-date symlink: /home/mael/ros2_ws/install/baxter_maintenance_msgs/include/baxter_maintenance_msgs/baxter_maintenance_msgs/msg/detail/calibrate_arm_enable__rosidl_typesupport_fastrtps_c.h
[1.544s] -- Up-to-date symlink: /home/mael/ros2_ws/install/baxter_maintenance_msgs/include/baxter_maintenance_msgs/baxter_maintenance_msgs/msg/detail/tare_data__rosidl_typesupport_fastrtps_c.h
[1.545s] -- Up-to-date symlink: /home/mael/ros2_ws/install/baxter_maintenance_msgs/include/baxter_maintenance_msgs/baxter_maintenance_msgs/msg/detail/tare_enable__rosidl_typesupport_fastrtps_c.h
[1.545s] -- Up-to-date symlink: /home/mael/ros2_ws/install/baxter_maintenance_msgs/include/baxter_maintenance_msgs/baxter_maintenance_msgs/msg/detail/update_source__rosidl_typesupport_fastrtps_c.h
[1.545s] -- Up-to-date symlink: /home/mael/ros2_ws/install/baxter_maintenance_msgs/include/baxter_maintenance_msgs/baxter_maintenance_msgs/msg/detail/update_sources__rosidl_typesupport_fastrtps_c.h
[1.545s] -- Up-to-date symlink: /home/mael/ros2_ws/install/baxter_maintenance_msgs/include/baxter_maintenance_msgs/baxter_maintenance_msgs/msg/detail/update_status__rosidl_typesupport_fastrtps_c.h
[1.546s] -- Up-to-date symlink: /home/mael/ros2_ws/install/baxter_maintenance_msgs/include/baxter_maintenance_msgs/baxter_maintenance_msgs/msg/rosidl_typesupport_fastrtps_c__visibility_control.h
[1.550s] -- Up-to-date symlink: /home/mael/ros2_ws/install/baxter_maintenance_msgs/include/baxter_maintenance_msgs/baxter_maintenance_msgs/msg/detail/calibrate_arm_data__rosidl_typesupport_introspection_c.h
[1.550s] -- Up-to-date symlink: /home/mael/ros2_ws/install/baxter_maintenance_msgs/include/baxter_maintenance_msgs/baxter_maintenance_msgs/msg/detail/calibrate_arm_enable__rosidl_typesupport_introspection_c.h
[1.550s] -- Up-to-date symlink: /home/mael/ros2_ws/install/baxter_maintenance_msgs/include/baxter_maintenance_msgs/baxter_maintenance_msgs/msg/detail/tare_data__rosidl_typesupport_introspection_c.h
[1.551s] -- Up-to-date symlink: /home/mael/ros2_ws/install/baxter_maintenance_msgs/include/baxter_maintenance_msgs/baxter_maintenance_msgs/msg/detail/tare_enable__rosidl_typesupport_introspection_c.h
[1.551s] -- Up-to-date symlink: /home/mael/ros2_ws/install/baxter_maintenance_msgs/include/baxter_maintenance_msgs/baxter_maintenance_msgs/msg/detail/update_source__rosidl_typesupport_introspection_c.h
[1.552s] -- Up-to-date symlink: /home/mael/ros2_ws/install/baxter_maintenance_msgs/include/baxter_maintenance_msgs/baxter_maintenance_msgs/msg/detail/update_sources__rosidl_typesupport_introspection_c.h
[1.552s] -- Up-to-date symlink: /home/mael/ros2_ws/install/baxter_maintenance_msgs/include/baxter_maintenance_msgs/baxter_maintenance_msgs/msg/detail/update_status__rosidl_typesupport_introspection_c.h
[1.552s] -- Up-to-date symlink: /home/mael/ros2_ws/install/baxter_maintenance_msgs/include/baxter_maintenance_msgs/baxter_maintenance_msgs/msg/rosidl_typesupport_introspection_c__visibility_control.h
[1.555s] -- Up-to-date symlink: /home/mael/ros2_ws/install/baxter_maintenance_msgs/include/baxter_maintenance_msgs/baxter_maintenance_msgs/msg/calibrate_arm_data.hpp
[1.555s] -- Up-to-date symlink: /home/mael/ros2_ws/install/baxter_maintenance_msgs/include/baxter_maintenance_msgs/baxter_maintenance_msgs/msg/calibrate_arm_enable.hpp
[1.556s] -- Up-to-date symlink: /home/mael/ros2_ws/install/baxter_maintenance_msgs/include/baxter_maintenance_msgs/baxter_maintenance_msgs/msg/detail/calibrate_arm_data__builder.hpp
[1.556s] -- Up-to-date symlink: /home/mael/ros2_ws/install/baxter_maintenance_msgs/include/baxter_maintenance_msgs/baxter_maintenance_msgs/msg/detail/calibrate_arm_data__struct.hpp
[1.556s] -- Up-to-date symlink: /home/mael/ros2_ws/install/baxter_maintenance_msgs/include/baxter_maintenance_msgs/baxter_maintenance_msgs/msg/detail/calibrate_arm_data__traits.hpp
[1.556s] -- Up-to-date symlink: /home/mael/ros2_ws/install/baxter_maintenance_msgs/include/baxter_maintenance_msgs/baxter_maintenance_msgs/msg/detail/calibrate_arm_enable__builder.hpp
[1.557s] -- Up-to-date symlink: /home/mael/ros2_ws/install/baxter_maintenance_msgs/include/baxter_maintenance_msgs/baxter_maintenance_msgs/msg/detail/calibrate_arm_enable__struct.hpp
[1.558s] -- Up-to-date symlink: /home/mael/ros2_ws/install/baxter_maintenance_msgs/include/baxter_maintenance_msgs/baxter_maintenance_msgs/msg/detail/calibrate_arm_enable__traits.hpp
[1.558s] -- Up-to-date symlink: /home/mael/ros2_ws/install/baxter_maintenance_msgs/include/baxter_maintenance_msgs/baxter_maintenance_msgs/msg/detail/tare_data__builder.hpp
[1.559s] -- Up-to-date symlink: /home/mael/ros2_ws/install/baxter_maintenance_msgs/include/baxter_maintenance_msgs/baxter_maintenance_msgs/msg/detail/tare_data__struct.hpp
[1.559s] -- Up-to-date symlink: /home/mael/ros2_ws/install/baxter_maintenance_msgs/include/baxter_maintenance_msgs/baxter_maintenance_msgs/msg/detail/tare_data__traits.hpp
[1.569s] -- Up-to-date symlink: /home/mael/ros2_ws/install/baxter_maintenance_msgs/include/baxter_maintenance_msgs/baxter_maintenance_msgs/msg/detail/tare_enable__builder.hpp
[1.569s] -- Up-to-date symlink: /home/mael/ros2_ws/install/baxter_maintenance_msgs/include/baxter_maintenance_msgs/baxter_maintenance_msgs/msg/detail/tare_enable__struct.hpp
[1.570s] -- Up-to-date symlink: /home/mael/ros2_ws/install/baxter_maintenance_msgs/include/baxter_maintenance_msgs/baxter_maintenance_msgs/msg/detail/tare_enable__traits.hpp
[1.570s] -- Up-to-date symlink: /home/mael/ros2_ws/install/baxter_maintenance_msgs/include/baxter_maintenance_msgs/baxter_maintenance_msgs/msg/detail/update_source__builder.hpp
[1.570s] -- Up-to-date symlink: /home/mael/ros2_ws/install/baxter_maintenance_msgs/include/baxter_maintenance_msgs/baxter_maintenance_msgs/msg/detail/update_source__struct.hpp
[1.570s] -- Up-to-date symlink: /home/mael/ros2_ws/install/baxter_maintenance_msgs/include/baxter_maintenance_msgs/baxter_maintenance_msgs/msg/detail/update_source__traits.hpp
[1.570s] -- Up-to-date symlink: /home/mael/ros2_ws/install/baxter_maintenance_msgs/include/baxter_maintenance_msgs/baxter_maintenance_msgs/msg/detail/update_sources__builder.hpp
[1.570s] -- Up-to-date symlink: /home/mael/ros2_ws/install/baxter_maintenance_msgs/include/baxter_maintenance_msgs/baxter_maintenance_msgs/msg/detail/update_sources__struct.hpp
[1.570s] -- Up-to-date symlink: /home/mael/ros2_ws/install/baxter_maintenance_msgs/include/baxter_maintenance_msgs/baxter_maintenance_msgs/msg/detail/update_sources__traits.hpp
[1.570s] -- Up-to-date symlink: /home/mael/ros2_ws/install/baxter_maintenance_msgs/include/baxter_maintenance_msgs/baxter_maintenance_msgs/msg/detail/update_status__builder.hpp
[1.570s] -- Up-to-date symlink: /home/mael/ros2_ws/install/baxter_maintenance_msgs/include/baxter_maintenance_msgs/baxter_maintenance_msgs/msg/detail/update_status__struct.hpp
[1.571s] -- Up-to-date symlink: /home/mael/ros2_ws/install/baxter_maintenance_msgs/include/baxter_maintenance_msgs/baxter_maintenance_msgs/msg/detail/update_status__traits.hpp
[1.571s] -- Up-to-date symlink: /home/mael/ros2_ws/install/baxter_maintenance_msgs/include/baxter_maintenance_msgs/baxter_maintenance_msgs/msg/tare_data.hpp
[1.571s] -- Up-to-date symlink: /home/mael/ros2_ws/install/baxter_maintenance_msgs/include/baxter_maintenance_msgs/baxter_maintenance_msgs/msg/tare_enable.hpp
[1.571s] -- Up-to-date symlink: /home/mael/ros2_ws/install/baxter_maintenance_msgs/include/baxter_maintenance_msgs/baxter_maintenance_msgs/msg/update_source.hpp
[1.571s] -- Up-to-date symlink: /home/mael/ros2_ws/install/baxter_maintenance_msgs/include/baxter_maintenance_msgs/baxter_maintenance_msgs/msg/update_sources.hpp
[1.571s] -- Up-to-date symlink: /home/mael/ros2_ws/install/baxter_maintenance_msgs/include/baxter_maintenance_msgs/baxter_maintenance_msgs/msg/update_status.hpp
[1.571s] -- Up-to-date symlink: /home/mael/ros2_ws/install/baxter_maintenance_msgs/include/baxter_maintenance_msgs/baxter_maintenance_msgs/msg/detail/calibrate_arm_data__rosidl_typesupport_fastrtps_cpp.hpp
[1.571s] -- Up-to-date symlink: /home/mael/ros2_ws/install/baxter_maintenance_msgs/include/baxter_maintenance_msgs/baxter_maintenance_msgs/msg/detail/calibrate_arm_enable__rosidl_typesupport_fastrtps_cpp.hpp
[1.571s] -- Up-to-date symlink: /home/mael/ros2_ws/install/baxter_maintenance_msgs/include/baxter_maintenance_msgs/baxter_maintenance_msgs/msg/detail/tare_data__rosidl_typesupport_fastrtps_cpp.hpp
[1.580s] -- Up-to-date symlink: /home/mael/ros2_ws/install/baxter_maintenance_msgs/include/baxter_maintenance_msgs/baxter_maintenance_msgs/msg/detail/tare_enable__rosidl_typesupport_fastrtps_cpp.hpp
[1.581s] -- Up-to-date symlink: /home/mael/ros2_ws/install/baxter_maintenance_msgs/include/baxter_maintenance_msgs/baxter_maintenance_msgs/msg/detail/update_source__rosidl_typesupport_fastrtps_cpp.hpp
[1.581s] -- Up-to-date symlink: /home/mael/ros2_ws/install/baxter_maintenance_msgs/include/baxter_maintenance_msgs/baxter_maintenance_msgs/msg/detail/update_sources__rosidl_typesupport_fastrtps_cpp.hpp
[1.582s] -- Up-to-date symlink: /home/mael/ros2_ws/install/baxter_maintenance_msgs/include/baxter_maintenance_msgs/baxter_maintenance_msgs/msg/detail/update_status__rosidl_typesupport_fastrtps_cpp.hpp
[1.582s] -- Up-to-date symlink: /home/mael/ros2_ws/install/baxter_maintenance_msgs/include/baxter_maintenance_msgs/baxter_maintenance_msgs/msg/rosidl_typesupport_fastrtps_cpp__visibility_control.h
[1.583s] -- Up-to-date symlink: /home/mael/ros2_ws/install/baxter_maintenance_msgs/include/baxter_maintenance_msgs/baxter_maintenance_msgs/msg/detail/calibrate_arm_data__rosidl_typesupport_introspection_cpp.hpp
[1.583s] -- Up-to-date symlink: /home/mael/ros2_ws/install/baxter_maintenance_msgs/include/baxter_maintenance_msgs/baxter_maintenance_msgs/msg/detail/calibrate_arm_enable__rosidl_typesupport_introspection_cpp.hpp
[1.584s] -- Up-to-date symlink: /home/mael/ros2_ws/install/baxter_maintenance_msgs/include/baxter_maintenance_msgs/baxter_maintenance_msgs/msg/detail/tare_data__rosidl_typesupport_introspection_cpp.hpp
[1.584s] -- Up-to-date symlink: /home/mael/ros2_ws/install/baxter_maintenance_msgs/include/baxter_maintenance_msgs/baxter_maintenance_msgs/msg/detail/tare_enable__rosidl_typesupport_introspection_cpp.hpp
[1.585s] -- Up-to-date symlink: /home/mael/ros2_ws/install/baxter_maintenance_msgs/include/baxter_maintenance_msgs/baxter_maintenance_msgs/msg/detail/update_source__rosidl_typesupport_introspection_cpp.hpp
[1.585s] -- Up-to-date symlink: /home/mael/ros2_ws/install/baxter_maintenance_msgs/include/baxter_maintenance_msgs/baxter_maintenance_msgs/msg/detail/update_sources__rosidl_typesupport_introspection_cpp.hpp
[1.585s] -- Up-to-date symlink: /home/mael/ros2_ws/install/baxter_maintenance_msgs/include/baxter_maintenance_msgs/baxter_maintenance_msgs/msg/detail/update_status__rosidl_typesupport_introspection_cpp.hpp
[1.586s] -- Up-to-date symlink: /home/mael/ros2_ws/install/baxter_maintenance_msgs/share/baxter_maintenance_msgs/environment/pythonpath.sh
[1.586s] -- Up-to-date symlink: /home/mael/ros2_ws/install/baxter_maintenance_msgs/share/baxter_maintenance_msgs/environment/pythonpath.dsv
[1.587s] -- Up-to-date symlink: /home/mael/ros2_ws/install/baxter_maintenance_msgs/local/lib/python3.10/dist-packages/baxter_maintenance_msgs-0.0.0-py3.10.egg-info/PKG-INFO
[1.588s] -- Up-to-date symlink: /home/mael/ros2_ws/install/baxter_maintenance_msgs/local/lib/python3.10/dist-packages/baxter_maintenance_msgs-0.0.0-py3.10.egg-info/SOURCES.txt
[1.588s] -- Up-to-date symlink: /home/mael/ros2_ws/install/baxter_maintenance_msgs/local/lib/python3.10/dist-packages/baxter_maintenance_msgs-0.0.0-py3.10.egg-info/dependency_links.txt
[1.588s] -- Up-to-date symlink: /home/mael/ros2_ws/install/baxter_maintenance_msgs/local/lib/python3.10/dist-packages/baxter_maintenance_msgs-0.0.0-py3.10.egg-info/top_level.txt
[1.593s] -- Up-to-date symlink: /home/mael/ros2_ws/install/baxter_maintenance_msgs/local/lib/python3.10/dist-packages/baxter_maintenance_msgs/__init__.py
[1.593s] -- Up-to-date symlink: /home/mael/ros2_ws/install/baxter_maintenance_msgs/local/lib/python3.10/dist-packages/baxter_maintenance_msgs/_baxter_maintenance_msgs_s.ep.rosidl_typesupport_c.c
[1.594s] -- Up-to-date symlink: /home/mael/ros2_ws/install/baxter_maintenance_msgs/local/lib/python3.10/dist-packages/baxter_maintenance_msgs/_baxter_maintenance_msgs_s.ep.rosidl_typesupport_fastrtps_c.c
[1.594s] -- Up-to-date symlink: /home/mael/ros2_ws/install/baxter_maintenance_msgs/local/lib/python3.10/dist-packages/baxter_maintenance_msgs/_baxter_maintenance_msgs_s.ep.rosidl_typesupport_introspection_c.c
[1.595s] -- Up-to-date symlink: /home/mael/ros2_ws/install/baxter_maintenance_msgs/local/lib/python3.10/dist-packages/baxter_maintenance_msgs/baxter_maintenance_msgs_s__rosidl_typesupport_c.cpython-310-x86_64-linux-gnu.so
[1.595s] -- Up-to-date symlink: /home/mael/ros2_ws/install/baxter_maintenance_msgs/local/lib/python3.10/dist-packages/baxter_maintenance_msgs/baxter_maintenance_msgs_s__rosidl_typesupport_fastrtps_c.cpython-310-x86_64-linux-gnu.so
[1.595s] -- Up-to-date symlink: /home/mael/ros2_ws/install/baxter_maintenance_msgs/local/lib/python3.10/dist-packages/baxter_maintenance_msgs/baxter_maintenance_msgs_s__rosidl_typesupport_introspection_c.cpython-310-x86_64-linux-gnu.so
[1.596s] -- Up-to-date symlink: /home/mael/ros2_ws/install/baxter_maintenance_msgs/local/lib/python3.10/dist-packages/baxter_maintenance_msgs/libbaxter_maintenance_msgs__rosidl_generator_py.so
[1.596s] -- Up-to-date symlink: /home/mael/ros2_ws/install/baxter_maintenance_msgs/local/lib/python3.10/dist-packages/baxter_maintenance_msgs/msg/__init__.py
[1.597s] -- Up-to-date symlink: /home/mael/ros2_ws/install/baxter_maintenance_msgs/local/lib/python3.10/dist-packages/baxter_maintenance_msgs/msg/_calibrate_arm_data.py
[1.597s] -- Up-to-date symlink: /home/mael/ros2_ws/install/baxter_maintenance_msgs/local/lib/python3.10/dist-packages/baxter_maintenance_msgs/msg/_calibrate_arm_data_s.c
[1.598s] -- Up-to-date symlink: /home/mael/ros2_ws/install/baxter_maintenance_msgs/local/lib/python3.10/dist-packages/baxter_maintenance_msgs/msg/_calibrate_arm_enable.py
[1.598s] -- Up-to-date symlink: /home/mael/ros2_ws/install/baxter_maintenance_msgs/local/lib/python3.10/dist-packages/baxter_maintenance_msgs/msg/_calibrate_arm_enable_s.c
[1.598s] -- Up-to-date symlink: /home/mael/ros2_ws/install/baxter_maintenance_msgs/local/lib/python3.10/dist-packages/baxter_maintenance_msgs/msg/_tare_data.py
[1.599s] -- Up-to-date symlink: /home/mael/ros2_ws/install/baxter_maintenance_msgs/local/lib/python3.10/dist-packages/baxter_maintenance_msgs/msg/_tare_data_s.c
[1.599s] -- Up-to-date symlink: /home/mael/ros2_ws/install/baxter_maintenance_msgs/local/lib/python3.10/dist-packages/baxter_maintenance_msgs/msg/_tare_enable.py
[1.599s] -- Up-to-date symlink: /home/mael/ros2_ws/install/baxter_maintenance_msgs/local/lib/python3.10/dist-packages/baxter_maintenance_msgs/msg/_tare_enable_s.c
[1.600s] -- Up-to-date symlink: /home/mael/ros2_ws/install/baxter_maintenance_msgs/local/lib/python3.10/dist-packages/baxter_maintenance_msgs/msg/_update_source.py
[1.601s] -- Up-to-date symlink: /home/mael/ros2_ws/install/baxter_maintenance_msgs/local/lib/python3.10/dist-packages/baxter_maintenance_msgs/msg/_update_source_s.c
[1.601s] -- Up-to-date symlink: /home/mael/ros2_ws/install/baxter_maintenance_msgs/local/lib/python3.10/dist-packages/baxter_maintenance_msgs/msg/_update_sources.py
[1.602s] -- Up-to-date symlink: /home/mael/ros2_ws/install/baxter_maintenance_msgs/local/lib/python3.10/dist-packages/baxter_maintenance_msgs/msg/_update_sources_s.c
[1.602s] -- Up-to-date symlink: /home/mael/ros2_ws/install/baxter_maintenance_msgs/local/lib/python3.10/dist-packages/baxter_maintenance_msgs/msg/_update_status.py
[1.602s] -- Up-to-date symlink: /home/mael/ros2_ws/install/baxter_maintenance_msgs/local/lib/python3.10/dist-packages/baxter_maintenance_msgs/msg/_update_status_s.c
[1.604s] -- Up-to-date symlink: /home/mael/ros2_ws/install/baxter_maintenance_msgs/local/lib/python3.10/dist-packages/baxter_maintenance_msgs/baxter_maintenance_msgs_s__rosidl_typesupport_fastrtps_c.cpython-310-x86_64-linux-gnu.so
[1.604s] -- Up-to-date symlink: /home/mael/ros2_ws/install/baxter_maintenance_msgs/local/lib/python3.10/dist-packages/baxter_maintenance_msgs/baxter_maintenance_msgs_s__rosidl_typesupport_introspection_c.cpython-310-x86_64-linux-gnu.so
[1.605s] -- Up-to-date symlink: /home/mael/ros2_ws/install/baxter_maintenance_msgs/local/lib/python3.10/dist-packages/baxter_maintenance_msgs/baxter_maintenance_msgs_s__rosidl_typesupport_c.cpython-310-x86_64-linux-gnu.so
[1.605s] -- Up-to-date symlink: /home/mael/ros2_ws/install/baxter_maintenance_msgs/share/baxter_maintenance_msgs/msg/UpdateStatus.idl
[1.606s] -- Up-to-date symlink: /home/mael/ros2_ws/install/baxter_maintenance_msgs/share/baxter_maintenance_msgs/msg/UpdateSources.idl
[1.606s] -- Up-to-date symlink: /home/mael/ros2_ws/install/baxter_maintenance_msgs/share/baxter_maintenance_msgs/msg/TareData.idl
[1.607s] -- Up-to-date symlink: /home/mael/ros2_ws/install/baxter_maintenance_msgs/share/baxter_maintenance_msgs/msg/CalibrateArmEnable.idl
[1.607s] -- Up-to-date symlink: /home/mael/ros2_ws/install/baxter_maintenance_msgs/share/baxter_maintenance_msgs/msg/CalibrateArmData.idl
[1.608s] -- Up-to-date symlink: /home/mael/ros2_ws/install/baxter_maintenance_msgs/share/baxter_maintenance_msgs/msg/TareEnable.idl
[1.608s] -- Up-to-date symlink: /home/mael/ros2_ws/install/baxter_maintenance_msgs/share/baxter_maintenance_msgs/msg/UpdateSource.idl
[1.609s] -- Up-to-date symlink: /home/mael/ros2_ws/install/baxter_maintenance_msgs/share/baxter_maintenance_msgs/msg/UpdateStatus.msg
[1.609s] -- Up-to-date symlink: /home/mael/ros2_ws/install/baxter_maintenance_msgs/share/baxter_maintenance_msgs/msg/UpdateSources.msg
[1.610s] -- Up-to-date symlink: /home/mael/ros2_ws/install/baxter_maintenance_msgs/share/baxter_maintenance_msgs/msg/TareData.msg
[1.610s] -- Up-to-date symlink: /home/mael/ros2_ws/install/baxter_maintenance_msgs/share/baxter_maintenance_msgs/msg/CalibrateArmEnable.msg
[1.610s] -- Up-to-date symlink: /home/mael/ros2_ws/install/baxter_maintenance_msgs/share/baxter_maintenance_msgs/msg/CalibrateArmData.msg
[1.611s] -- Up-to-date symlink: /home/mael/ros2_ws/install/baxter_maintenance_msgs/share/baxter_maintenance_msgs/msg/TareEnable.msg
[1.611s] -- Up-to-date symlink: /home/mael/ros2_ws/install/baxter_maintenance_msgs/share/baxter_maintenance_msgs/msg/UpdateSource.msg
[1.612s] -- Up-to-date symlink: /home/mael/ros2_ws/install/baxter_maintenance_msgs/share/baxter_maintenance_msgs/mapping_rules.yaml
[1.612s] -- Up-to-date symlink: /home/mael/ros2_ws/install/baxter_maintenance_msgs/share/ament_index/resource_index/package_run_dependencies/baxter_maintenance_msgs
[1.613s] -- Up-to-date symlink: /home/mael/ros2_ws/install/baxter_maintenance_msgs/share/ament_index/resource_index/parent_prefix_path/baxter_maintenance_msgs
[1.613s] -- Up-to-date symlink: /home/mael/ros2_ws/install/baxter_maintenance_msgs/share/baxter_maintenance_msgs/environment/ament_prefix_path.sh
[1.614s] -- Up-to-date symlink: /home/mael/ros2_ws/install/baxter_maintenance_msgs/share/baxter_maintenance_msgs/environment/ament_prefix_path.dsv
[1.614s] -- Up-to-date symlink: /home/mael/ros2_ws/install/baxter_maintenance_msgs/share/baxter_maintenance_msgs/environment/path.sh
[1.615s] -- Up-to-date symlink: /home/mael/ros2_ws/install/baxter_maintenance_msgs/share/baxter_maintenance_msgs/environment/path.dsv
[1.615s] -- Up-to-date symlink: /home/mael/ros2_ws/install/baxter_maintenance_msgs/share/baxter_maintenance_msgs/local_setup.bash
[1.616s] -- Up-to-date symlink: /home/mael/ros2_ws/install/baxter_maintenance_msgs/share/baxter_maintenance_msgs/local_setup.sh
[1.616s] -- Up-to-date symlink: /home/mael/ros2_ws/install/baxter_maintenance_msgs/share/baxter_maintenance_msgs/local_setup.zsh
[1.617s] -- Up-to-date symlink: /home/mael/ros2_ws/install/baxter_maintenance_msgs/share/baxter_maintenance_msgs/local_setup.dsv
[1.617s] -- Symlinking: /home/mael/ros2_ws/install/baxter_maintenance_msgs/share/baxter_maintenance_msgs/package.dsv
[1.634s] -- Up-to-date symlink: /home/mael/ros2_ws/install/baxter_maintenance_msgs/share/ament_index/resource_index/packages/baxter_maintenance_msgs
[1.635s] -- Up-to-date symlink: /home/mael/ros2_ws/install/baxter_maintenance_msgs/share/baxter_maintenance_msgs/cmake/rosidl_cmake-extras.cmake
[1.635s] -- Up-to-date symlink: /home/mael/ros2_ws/install/baxter_maintenance_msgs/share/baxter_maintenance_msgs/cmake/ament_cmake_export_include_directories-extras.cmake
[1.635s] -- Up-to-date symlink: /home/mael/ros2_ws/install/baxter_maintenance_msgs/share/baxter_maintenance_msgs/cmake/ament_cmake_export_libraries-extras.cmake
[1.635s] -- Up-to-date symlink: /home/mael/ros2_ws/install/baxter_maintenance_msgs/share/baxter_maintenance_msgs/cmake/ament_cmake_export_targets-extras.cmake
[1.636s] -- Up-to-date symlink: /home/mael/ros2_ws/install/baxter_maintenance_msgs/share/baxter_maintenance_msgs/cmake/rosidl_cmake_export_typesupport_targets-extras.cmake
[1.636s] -- Up-to-date symlink: /home/mael/ros2_ws/install/baxter_maintenance_msgs/share/baxter_maintenance_msgs/cmake/ament_cmake_export_dependencies-extras.cmake
[1.636s] -- Up-to-date symlink: /home/mael/ros2_ws/install/baxter_maintenance_msgs/share/baxter_maintenance_msgs/cmake/rosidl_cmake_export_typesupport_libraries-extras.cmake
[1.637s] -- Up-to-date symlink: /home/mael/ros2_ws/install/baxter_maintenance_msgs/share/baxter_maintenance_msgs/cmake/baxter_maintenance_msgsConfig.cmake
[1.637s] -- Up-to-date symlink: /home/mael/ros2_ws/install/baxter_maintenance_msgs/share/baxter_maintenance_msgs/cmake/baxter_maintenance_msgsConfig-version.cmake
[1.637s] -- Up-to-date symlink: /home/mael/ros2_ws/install/baxter_maintenance_msgs/share/baxter_maintenance_msgs/package.xml
[1.638s] -- Up-to-date: /home/mael/ros2_ws/install/baxter_maintenance_msgs/lib/libbaxter_maintenance_msgs__rosidl_generator_c.so
[1.638s] -- Up-to-date: /home/mael/ros2_ws/install/baxter_maintenance_msgs/lib/libbaxter_maintenance_msgs__rosidl_typesupport_fastrtps_c.so
[1.639s] -- Up-to-date: /home/mael/ros2_ws/install/baxter_maintenance_msgs/lib/libbaxter_maintenance_msgs__rosidl_typesupport_introspection_c.so
[1.640s] -- Up-to-date: /home/mael/ros2_ws/install/baxter_maintenance_msgs/lib/libbaxter_maintenance_msgs__rosidl_typesupport_c.so
[1.641s] -- Up-to-date: /home/mael/ros2_ws/install/baxter_maintenance_msgs/lib/libbaxter_maintenance_msgs__rosidl_typesupport_fastrtps_cpp.so
[1.642s] -- Up-to-date: /home/mael/ros2_ws/install/baxter_maintenance_msgs/lib/libbaxter_maintenance_msgs__rosidl_typesupport_introspection_cpp.so
[1.642s] -- Up-to-date: /home/mael/ros2_ws/install/baxter_maintenance_msgs/lib/libbaxter_maintenance_msgs__rosidl_typesupport_cpp.so
[1.702s] Listing '/home/mael/ros2_ws/install/baxter_maintenance_msgs/local/lib/python3.10/dist-packages/baxter_maintenance_msgs'...
[1.702s] Listing '/home/mael/ros2_ws/install/baxter_maintenance_msgs/local/lib/python3.10/dist-packages/baxter_maintenance_msgs/msg'...
[1.714s] -- Up-to-date: /home/mael/ros2_ws/install/baxter_maintenance_msgs/lib/libbaxter_maintenance_msgs__rosidl_generator_py.so
[1.714s] -- Up-to-date: /home/mael/ros2_ws/install/baxter_maintenance_msgs/share/baxter_maintenance_msgs/cmake/export_baxter_maintenance_msgs__rosidl_generator_cExport.cmake
[1.714s] -- Up-to-date: /home/mael/ros2_ws/install/baxter_maintenance_msgs/share/baxter_maintenance_msgs/cmake/export_baxter_maintenance_msgs__rosidl_generator_cExport-noconfig.cmake
[1.714s] -- Up-to-date: /home/mael/ros2_ws/install/baxter_maintenance_msgs/share/baxter_maintenance_msgs/cmake/export_baxter_maintenance_msgs__rosidl_typesupport_fastrtps_cExport.cmake
[1.714s] -- Up-to-date: /home/mael/ros2_ws/install/baxter_maintenance_msgs/share/baxter_maintenance_msgs/cmake/export_baxter_maintenance_msgs__rosidl_typesupport_fastrtps_cExport-noconfig.cmake
[1.714s] -- Up-to-date: /home/mael/ros2_ws/install/baxter_maintenance_msgs/share/baxter_maintenance_msgs/cmake/baxter_maintenance_msgs__rosidl_typesupport_introspection_cExport.cmake
[1.715s] -- Up-to-date: /home/mael/ros2_ws/install/baxter_maintenance_msgs/share/baxter_maintenance_msgs/cmake/baxter_maintenance_msgs__rosidl_typesupport_introspection_cExport-noconfig.cmake
[1.715s] -- Up-to-date: /home/mael/ros2_ws/install/baxter_maintenance_msgs/share/baxter_maintenance_msgs/cmake/baxter_maintenance_msgs__rosidl_typesupport_cExport.cmake
[1.715s] -- Up-to-date: /home/mael/ros2_ws/install/baxter_maintenance_msgs/share/baxter_maintenance_msgs/cmake/baxter_maintenance_msgs__rosidl_typesupport_cExport-noconfig.cmake
[1.715s] -- Up-to-date: /home/mael/ros2_ws/install/baxter_maintenance_msgs/share/baxter_maintenance_msgs/cmake/export_baxter_maintenance_msgs__rosidl_generator_cppExport.cmake
[1.715s] -- Up-to-date: /home/mael/ros2_ws/install/baxter_maintenance_msgs/share/baxter_maintenance_msgs/cmake/export_baxter_maintenance_msgs__rosidl_typesupport_fastrtps_cppExport.cmake
[1.715s] -- Up-to-date: /home/mael/ros2_ws/install/baxter_maintenance_msgs/share/baxter_maintenance_msgs/cmake/export_baxter_maintenance_msgs__rosidl_typesupport_fastrtps_cppExport-noconfig.cmake
[1.715s] -- Up-to-date: /home/mael/ros2_ws/install/baxter_maintenance_msgs/share/baxter_maintenance_msgs/cmake/baxter_maintenance_msgs__rosidl_typesupport_introspection_cppExport.cmake
[1.715s] -- Up-to-date: /home/mael/ros2_ws/install/baxter_maintenance_msgs/share/baxter_maintenance_msgs/cmake/baxter_maintenance_msgs__rosidl_typesupport_introspection_cppExport-noconfig.cmake
[1.715s] -- Up-to-date: /home/mael/ros2_ws/install/baxter_maintenance_msgs/share/baxter_maintenance_msgs/cmake/baxter_maintenance_msgs__rosidl_typesupport_cppExport.cmake
[1.715s] -- Up-to-date: /home/mael/ros2_ws/install/baxter_maintenance_msgs/share/baxter_maintenance_msgs/cmake/baxter_maintenance_msgs__rosidl_typesupport_cppExport-noconfig.cmake
[1.716s] -- Up-to-date: /home/mael/ros2_ws/install/baxter_maintenance_msgs/share/baxter_maintenance_msgs/cmake/export_baxter_maintenance_msgs__rosidl_generator_pyExport.cmake
[1.716s] -- Up-to-date: /home/mael/ros2_ws/install/baxter_maintenance_msgs/share/baxter_maintenance_msgs/cmake/export_baxter_maintenance_msgs__rosidl_generator_pyExport-noconfig.cmake
[1.749s] Invoked command in '/home/mael/ros2_ws/build/baxter_maintenance_msgs' returned '0': CMAKE_PREFIX_PATH=${CMAKE_PREFIX_PATH}:/home/mael/ros2_ws/install/ros_tcp_endpoint:/home/mael/ros2_ws/install/baxter_joint_controller:/home/mael/ros2_ws/install/baxter_6dof_vr:/opt/ros/humble /usr/bin/cmake --install /home/mael/ros2_ws/build/baxter_maintenance_msgs
