[2.463s] Invoking command in '/home/mael/ros2_ws/build/baxter_6dof_vr': PYTHONPATH=/home/mael/ros2_ws/build/baxter_6dof_vr/prefix_override:/home/mael/ros2_ws/install/baxter_6dof_vr/lib/python3.10/site-packages:${PYTHONPATH} /usr/bin/python3 setup.py develop --editable --build-directory /home/mael/ros2_ws/build/baxter_6dof_vr/build --no-deps install_data
[2.999s] running develop
[2.999s] /usr/lib/python3/dist-packages/setuptools/command/easy_install.py:158: EasyInstallDeprecationWarning: easy_install command is deprecated. Use build and pip and other standards-based tools.
[2.999s]   warnings.warn(
[3.000s] /usr/lib/python3/dist-packages/setuptools/command/install.py:34: SetuptoolsDeprecationWarning: setup.py install is deprecated. Use build and pip and other standards-based tools.
[3.000s]   warnings.warn(
[3.003s] /usr/lib/python3/dist-packages/pkg_resources/__init__.py:116: PkgResourcesDeprecationWarning: 1.16.0-unknown is an invalid version and will not be supported in a future release
[3.003s]   warnings.warn(
[3.004s] /usr/lib/python3/dist-packages/pkg_resources/__init__.py:116: PkgResourcesDeprecationWarning: 0.1.43ubuntu1 is an invalid version and will not be supported in a future release
[3.004s]   warnings.warn(
[3.008s] /usr/lib/python3/dist-packages/pkg_resources/__init__.py:116: PkgResourcesDeprecationWarning: 1.1build1 is an invalid version and will not be supported in a future release
[3.008s]   warnings.warn(
[3.210s] running egg_info
[3.211s] writing baxter_6dof_vr.egg-info/PKG-INFO
[3.318s] writing dependency_links to baxter_6dof_vr.egg-info/dependency_links.txt
[3.319s] writing entry points to baxter_6dof_vr.egg-info/entry_points.txt
[3.319s] writing requirements to baxter_6dof_vr.egg-info/requires.txt
[3.319s] writing top-level names to baxter_6dof_vr.egg-info/top_level.txt
[3.325s] reading manifest file 'baxter_6dof_vr.egg-info/SOURCES.txt'
[3.325s] writing manifest file 'baxter_6dof_vr.egg-info/SOURCES.txt'
[3.613s] running build_ext
[3.614s] Creating /home/mael/ros2_ws/install/baxter_6dof_vr/lib/python3.10/site-packages/baxter-6dof-vr.egg-link (link to .)
[3.614s] Installing pose_to_tf script to /home/mael/ros2_ws/install/baxter_6dof_vr/lib/baxter_6dof_vr
[3.615s] 
[3.615s] Installed /home/mael/ros2_ws/build/baxter_6dof_vr
[3.618s] running install_data
[4.100s] Invoked command in '/home/mael/ros2_ws/build/baxter_6dof_vr' returned '0': PYTHONPATH=/home/mael/ros2_ws/build/baxter_6dof_vr/prefix_override:/home/mael/ros2_ws/install/baxter_6dof_vr/lib/python3.10/site-packages:${PYTHONPATH} /usr/bin/python3 setup.py develop --editable --build-directory /home/mael/ros2_ws/build/baxter_6dof_vr/build --no-deps install_data
