[2.267s] Invoking command in '/home/mael/ros2_ws/build/baxter_6dof_vr': PYTHONPATH=/home/mael/ros2_ws/build/baxter_6dof_vr/prefix_override:/home/mael/ros2_ws/install/baxter_6dof_vr/lib/python3.10/site-packages:${PYTHONPATH} /usr/bin/python3 setup.py develop --editable --build-directory /home/mael/ros2_ws/build/baxter_6dof_vr/build --no-deps install_data
[2.786s] running develop
[2.786s] /usr/lib/python3/dist-packages/setuptools/command/easy_install.py:158: EasyInstallDeprecationWarning: easy_install command is deprecated. Use build and pip and other standards-based tools.
[2.786s]   warnings.warn(
[2.787s] /usr/lib/python3/dist-packages/setuptools/command/install.py:34: SetuptoolsDeprecationWarning: setup.py install is deprecated. Use build and pip and other standards-based tools.
[2.787s]   warnings.warn(
[2.895s] /usr/lib/python3/dist-packages/pkg_resources/__init__.py:116: PkgResourcesDeprecationWarning: 1.16.0-unknown is an invalid version and will not be supported in a future release
[2.895s]   warnings.warn(
[2.896s] /usr/lib/python3/dist-packages/pkg_resources/__init__.py:116: PkgResourcesDeprecationWarning: 0.1.43ubuntu1 is an invalid version and will not be supported in a future release
[2.896s]   warnings.warn(
[2.896s] /usr/lib/python3/dist-packages/pkg_resources/__init__.py:116: PkgResourcesDeprecationWarning: 1.1build1 is an invalid version and will not be supported in a future release
[2.896s]   warnings.warn(
[3.094s] running egg_info
[3.094s] writing baxter_6dof_vr.egg-info/PKG-INFO
[3.095s] writing dependency_links to baxter_6dof_vr.egg-info/dependency_links.txt
[3.095s] writing entry points to baxter_6dof_vr.egg-info/entry_points.txt
[3.095s] writing requirements to baxter_6dof_vr.egg-info/requires.txt
[3.095s] writing top-level names to baxter_6dof_vr.egg-info/top_level.txt
[3.099s] reading manifest file 'baxter_6dof_vr.egg-info/SOURCES.txt'
[3.099s] writing manifest file 'baxter_6dof_vr.egg-info/SOURCES.txt'
[3.162s] running build_ext
[3.163s] Creating /home/mael/ros2_ws/install/baxter_6dof_vr/lib/python3.10/site-packages/baxter-6dof-vr.egg-link (link to .)
[3.164s] Installing pose_to_tf script to /home/mael/ros2_ws/install/baxter_6dof_vr/lib/baxter_6dof_vr
[3.166s] 
[3.166s] Installed /home/mael/ros2_ws/build/baxter_6dof_vr
[3.166s] running install_data
[3.211s] Invoked command in '/home/mael/ros2_ws/build/baxter_6dof_vr' returned '0': PYTHONPATH=/home/mael/ros2_ws/build/baxter_6dof_vr/prefix_override:/home/mael/ros2_ws/install/baxter_6dof_vr/lib/python3.10/site-packages:${PYTHONPATH} /usr/bin/python3 setup.py develop --editable --build-directory /home/mael/ros2_ws/build/baxter_6dof_vr/build --no-deps install_data
