[0.523s] Invoking command in '/home/mael/ros2_ws/build/baxter_core_msgs': CMAKE_PREFIX_PATH=${CMAKE_PREFIX_PATH}:/home/mael/ros2_ws/install/ros_tcp_endpoint:/home/mael/ros2_ws/install/baxter_joint_controller:/home/mael/ros2_ws/install/baxter_6dof_vr:/opt/ros/humble /usr/bin/cmake --build /home/mael/ros2_ws/build/baxter_core_msgs -- -j8 -l8
[0.622s] [  0%] Built target baxter_core_msgs__cpp
[0.636s] [  0%] Built target ament_cmake_python_symlink_baxter_core_msgs
[0.645s] [ 12%] Built target baxter_core_msgs__rosidl_generator_c
[0.684s] [ 24%] Built target baxter_core_msgs__rosidl_typesupport_cpp
[0.695s] [ 36%] Built target baxter_core_msgs__rosidl_typesupport_fastrtps_cpp
[0.701s] [ 49%] Built target baxter_core_msgs__rosidl_typesupport_introspection_cpp
[0.701s] [ 62%] Built target baxter_core_msgs__rosidl_typesupport_introspection_c
[0.701s] [ 74%] Built target baxter_core_msgs__rosidl_typesupport_c
[0.723s] [ 87%] Built target baxter_core_msgs__rosidl_typesupport_fastrtps_c
[0.747s] [ 87%] Built target baxter_core_msgs
[0.770s] [ 87%] Built target baxter_core_msgs__py
[0.803s] [ 99%] Built target baxter_core_msgs__rosidl_generator_py
[0.831s] [ 99%] Built target baxter_core_msgs__rosidl_typesupport_introspection_c__pyext
[0.836s] [ 99%] Built target baxter_core_msgs__rosidl_typesupport_fastrtps_c__pyext
[0.837s] [100%] Built target baxter_core_msgs__rosidl_typesupport_c__pyext
[0.968s] running egg_info
[0.968s] writing baxter_core_msgs.egg-info/PKG-INFO
[0.968s] writing dependency_links to baxter_core_msgs.egg-info/dependency_links.txt
[0.968s] writing top-level names to baxter_core_msgs.egg-info/top_level.txt
[0.975s] reading manifest file 'baxter_core_msgs.egg-info/SOURCES.txt'
[0.975s] writing manifest file 'baxter_core_msgs.egg-info/SOURCES.txt'
[1.014s] [100%] Built target ament_cmake_python_build_baxter_core_msgs_egg
[1.045s] Invoked command in '/home/mael/ros2_ws/build/baxter_core_msgs' returned '0': CMAKE_PREFIX_PATH=${CMAKE_PREFIX_PATH}:/home/mael/ros2_ws/install/ros_tcp_endpoint:/home/mael/ros2_ws/install/baxter_joint_controller:/home/mael/ros2_ws/install/baxter_6dof_vr:/opt/ros/humble /usr/bin/cmake --build /home/mael/ros2_ws/build/baxter_core_msgs -- -j8 -l8
[2.791s] Invoking command in '/home/mael/ros2_ws/build/baxter_core_msgs': CMAKE_PREFIX_PATH=${CMAKE_PREFIX_PATH}:/home/mael/ros2_ws/install/ros_tcp_endpoint:/home/mael/ros2_ws/install/baxter_joint_controller:/home/mael/ros2_ws/install/baxter_6dof_vr:/opt/ros/humble /usr/bin/cmake --install /home/mael/ros2_ws/build/baxter_core_msgs
[2.801s] -- Install configuration: ""
[2.803s] -- Execute custom install script
[2.803s] -- Up-to-date symlink: /home/mael/ros2_ws/install/baxter_core_msgs/share/ament_index/resource_index/rosidl_interfaces/baxter_core_msgs
[2.807s] -- Up-to-date symlink: /home/mael/ros2_ws/install/baxter_core_msgs/include/baxter_core_msgs/baxter_core_msgs/msg/analog_io_state.h
[2.807s] -- Up-to-date symlink: /home/mael/ros2_ws/install/baxter_core_msgs/include/baxter_core_msgs/baxter_core_msgs/msg/analog_io_states.h
[2.807s] -- Up-to-date symlink: /home/mael/ros2_ws/install/baxter_core_msgs/include/baxter_core_msgs/baxter_core_msgs/msg/analog_output_command.h
[2.807s] -- Up-to-date symlink: /home/mael/ros2_ws/install/baxter_core_msgs/include/baxter_core_msgs/baxter_core_msgs/msg/assembly_state.h
[2.808s] -- Up-to-date symlink: /home/mael/ros2_ws/install/baxter_core_msgs/include/baxter_core_msgs/baxter_core_msgs/msg/assembly_states.h
[2.808s] -- Up-to-date symlink: /home/mael/ros2_ws/install/baxter_core_msgs/include/baxter_core_msgs/baxter_core_msgs/msg/bridge_publisher.h
[2.808s] -- Up-to-date symlink: /home/mael/ros2_ws/install/baxter_core_msgs/include/baxter_core_msgs/baxter_core_msgs/msg/camera_control.h
[2.808s] -- Up-to-date symlink: /home/mael/ros2_ws/install/baxter_core_msgs/include/baxter_core_msgs/baxter_core_msgs/msg/camera_settings.h
[2.811s] -- Up-to-date symlink: /home/mael/ros2_ws/install/baxter_core_msgs/include/baxter_core_msgs/baxter_core_msgs/msg/collision_avoidance_state.h
[2.811s] -- Up-to-date symlink: /home/mael/ros2_ws/install/baxter_core_msgs/include/baxter_core_msgs/baxter_core_msgs/msg/collision_detection_state.h
[2.811s] -- Up-to-date symlink: /home/mael/ros2_ws/install/baxter_core_msgs/include/baxter_core_msgs/baxter_core_msgs/msg/detail/analog_io_state__functions.h
[2.811s] -- Up-to-date symlink: /home/mael/ros2_ws/install/baxter_core_msgs/include/baxter_core_msgs/baxter_core_msgs/msg/detail/analog_io_state__struct.h
[2.811s] -- Up-to-date symlink: /home/mael/ros2_ws/install/baxter_core_msgs/include/baxter_core_msgs/baxter_core_msgs/msg/detail/analog_io_state__type_support.h
[2.811s] -- Up-to-date symlink: /home/mael/ros2_ws/install/baxter_core_msgs/include/baxter_core_msgs/baxter_core_msgs/msg/detail/analog_io_states__functions.h
[2.812s] -- Up-to-date symlink: /home/mael/ros2_ws/install/baxter_core_msgs/include/baxter_core_msgs/baxter_core_msgs/msg/detail/analog_io_states__struct.h
[2.812s] -- Up-to-date symlink: /home/mael/ros2_ws/install/baxter_core_msgs/include/baxter_core_msgs/baxter_core_msgs/msg/detail/analog_io_states__type_support.h
[2.812s] -- Up-to-date symlink: /home/mael/ros2_ws/install/baxter_core_msgs/include/baxter_core_msgs/baxter_core_msgs/msg/detail/analog_output_command__functions.h
[2.812s] -- Up-to-date symlink: /home/mael/ros2_ws/install/baxter_core_msgs/include/baxter_core_msgs/baxter_core_msgs/msg/detail/analog_output_command__struct.h
[2.812s] -- Up-to-date symlink: /home/mael/ros2_ws/install/baxter_core_msgs/include/baxter_core_msgs/baxter_core_msgs/msg/detail/analog_output_command__type_support.h
[2.812s] -- Up-to-date symlink: /home/mael/ros2_ws/install/baxter_core_msgs/include/baxter_core_msgs/baxter_core_msgs/msg/detail/assembly_state__functions.h
[2.812s] -- Up-to-date symlink: /home/mael/ros2_ws/install/baxter_core_msgs/include/baxter_core_msgs/baxter_core_msgs/msg/detail/assembly_state__struct.h
[2.812s] -- Up-to-date symlink: /home/mael/ros2_ws/install/baxter_core_msgs/include/baxter_core_msgs/baxter_core_msgs/msg/detail/assembly_state__type_support.h
[2.812s] -- Up-to-date symlink: /home/mael/ros2_ws/install/baxter_core_msgs/include/baxter_core_msgs/baxter_core_msgs/msg/detail/assembly_states__functions.h
[2.813s] -- Up-to-date symlink: /home/mael/ros2_ws/install/baxter_core_msgs/include/baxter_core_msgs/baxter_core_msgs/msg/detail/assembly_states__struct.h
[2.813s] -- Up-to-date symlink: /home/mael/ros2_ws/install/baxter_core_msgs/include/baxter_core_msgs/baxter_core_msgs/msg/detail/assembly_states__type_support.h
[2.813s] -- Up-to-date symlink: /home/mael/ros2_ws/install/baxter_core_msgs/include/baxter_core_msgs/baxter_core_msgs/msg/detail/bridge_publisher__functions.h
[2.813s] -- Up-to-date symlink: /home/mael/ros2_ws/install/baxter_core_msgs/include/baxter_core_msgs/baxter_core_msgs/msg/detail/bridge_publisher__struct.h
[2.813s] -- Up-to-date symlink: /home/mael/ros2_ws/install/baxter_core_msgs/include/baxter_core_msgs/baxter_core_msgs/msg/detail/bridge_publisher__type_support.h
[2.813s] -- Up-to-date symlink: /home/mael/ros2_ws/install/baxter_core_msgs/include/baxter_core_msgs/baxter_core_msgs/msg/detail/camera_control__functions.h
[2.814s] -- Up-to-date symlink: /home/mael/ros2_ws/install/baxter_core_msgs/include/baxter_core_msgs/baxter_core_msgs/msg/detail/camera_control__struct.h
[2.814s] -- Up-to-date symlink: /home/mael/ros2_ws/install/baxter_core_msgs/include/baxter_core_msgs/baxter_core_msgs/msg/detail/camera_control__type_support.h
[2.814s] -- Up-to-date symlink: /home/mael/ros2_ws/install/baxter_core_msgs/include/baxter_core_msgs/baxter_core_msgs/msg/detail/camera_settings__functions.h
[2.814s] -- Up-to-date symlink: /home/mael/ros2_ws/install/baxter_core_msgs/include/baxter_core_msgs/baxter_core_msgs/msg/detail/camera_settings__struct.h
[2.814s] -- Up-to-date symlink: /home/mael/ros2_ws/install/baxter_core_msgs/include/baxter_core_msgs/baxter_core_msgs/msg/detail/camera_settings__type_support.h
[2.814s] -- Up-to-date symlink: /home/mael/ros2_ws/install/baxter_core_msgs/include/baxter_core_msgs/baxter_core_msgs/msg/detail/collision_avoidance_state__functions.h
[2.815s] -- Up-to-date symlink: /home/mael/ros2_ws/install/baxter_core_msgs/include/baxter_core_msgs/baxter_core_msgs/msg/detail/collision_avoidance_state__struct.h
[2.815s] -- Up-to-date symlink: /home/mael/ros2_ws/install/baxter_core_msgs/include/baxter_core_msgs/baxter_core_msgs/msg/detail/collision_avoidance_state__type_support.h
[2.815s] -- Up-to-date symlink: /home/mael/ros2_ws/install/baxter_core_msgs/include/baxter_core_msgs/baxter_core_msgs/msg/detail/collision_detection_state__functions.h
[2.815s] -- Up-to-date symlink: /home/mael/ros2_ws/install/baxter_core_msgs/include/baxter_core_msgs/baxter_core_msgs/msg/detail/collision_detection_state__struct.h
[2.815s] -- Up-to-date symlink: /home/mael/ros2_ws/install/baxter_core_msgs/include/baxter_core_msgs/baxter_core_msgs/msg/detail/collision_detection_state__type_support.h
[2.815s] -- Up-to-date symlink: /home/mael/ros2_ws/install/baxter_core_msgs/include/baxter_core_msgs/baxter_core_msgs/msg/detail/digital_io_state__functions.h
[2.816s] -- Up-to-date symlink: /home/mael/ros2_ws/install/baxter_core_msgs/include/baxter_core_msgs/baxter_core_msgs/msg/detail/digital_io_state__struct.h
[2.817s] -- Up-to-date symlink: /home/mael/ros2_ws/install/baxter_core_msgs/include/baxter_core_msgs/baxter_core_msgs/msg/detail/digital_io_state__type_support.h
[2.817s] -- Up-to-date symlink: /home/mael/ros2_ws/install/baxter_core_msgs/include/baxter_core_msgs/baxter_core_msgs/msg/detail/digital_io_states__functions.h
[2.817s] -- Up-to-date symlink: /home/mael/ros2_ws/install/baxter_core_msgs/include/baxter_core_msgs/baxter_core_msgs/msg/detail/digital_io_states__struct.h
[2.817s] -- Up-to-date symlink: /home/mael/ros2_ws/install/baxter_core_msgs/include/baxter_core_msgs/baxter_core_msgs/msg/detail/digital_io_states__type_support.h
[2.818s] -- Up-to-date symlink: /home/mael/ros2_ws/install/baxter_core_msgs/include/baxter_core_msgs/baxter_core_msgs/msg/detail/digital_output_command__functions.h
[2.819s] -- Up-to-date symlink: /home/mael/ros2_ws/install/baxter_core_msgs/include/baxter_core_msgs/baxter_core_msgs/msg/detail/digital_output_command__struct.h
[2.819s] -- Up-to-date symlink: /home/mael/ros2_ws/install/baxter_core_msgs/include/baxter_core_msgs/baxter_core_msgs/msg/detail/digital_output_command__type_support.h
[2.819s] -- Up-to-date symlink: /home/mael/ros2_ws/install/baxter_core_msgs/include/baxter_core_msgs/baxter_core_msgs/msg/detail/end_effector_command__functions.h
[2.819s] -- Up-to-date symlink: /home/mael/ros2_ws/install/baxter_core_msgs/include/baxter_core_msgs/baxter_core_msgs/msg/detail/end_effector_command__struct.h
[2.820s] -- Up-to-date symlink: /home/mael/ros2_ws/install/baxter_core_msgs/include/baxter_core_msgs/baxter_core_msgs/msg/detail/end_effector_command__type_support.h
[2.820s] -- Up-to-date symlink: /home/mael/ros2_ws/install/baxter_core_msgs/include/baxter_core_msgs/baxter_core_msgs/msg/detail/end_effector_properties__functions.h
[2.820s] -- Up-to-date symlink: /home/mael/ros2_ws/install/baxter_core_msgs/include/baxter_core_msgs/baxter_core_msgs/msg/detail/end_effector_properties__struct.h
[2.820s] -- Up-to-date symlink: /home/mael/ros2_ws/install/baxter_core_msgs/include/baxter_core_msgs/baxter_core_msgs/msg/detail/end_effector_properties__type_support.h
[2.821s] -- Up-to-date symlink: /home/mael/ros2_ws/install/baxter_core_msgs/include/baxter_core_msgs/baxter_core_msgs/msg/detail/end_effector_state__functions.h
[2.821s] -- Up-to-date symlink: /home/mael/ros2_ws/install/baxter_core_msgs/include/baxter_core_msgs/baxter_core_msgs/msg/detail/end_effector_state__struct.h
[2.822s] -- Up-to-date symlink: /home/mael/ros2_ws/install/baxter_core_msgs/include/baxter_core_msgs/baxter_core_msgs/msg/detail/end_effector_state__type_support.h
[2.822s] -- Up-to-date symlink: /home/mael/ros2_ws/install/baxter_core_msgs/include/baxter_core_msgs/baxter_core_msgs/msg/detail/endpoint_state__functions.h
[2.823s] -- Up-to-date symlink: /home/mael/ros2_ws/install/baxter_core_msgs/include/baxter_core_msgs/baxter_core_msgs/msg/detail/endpoint_state__struct.h
[2.823s] -- Up-to-date symlink: /home/mael/ros2_ws/install/baxter_core_msgs/include/baxter_core_msgs/baxter_core_msgs/msg/detail/endpoint_state__type_support.h
[2.823s] -- Up-to-date symlink: /home/mael/ros2_ws/install/baxter_core_msgs/include/baxter_core_msgs/baxter_core_msgs/msg/detail/endpoint_states__functions.h
[2.823s] -- Up-to-date symlink: /home/mael/ros2_ws/install/baxter_core_msgs/include/baxter_core_msgs/baxter_core_msgs/msg/detail/endpoint_states__struct.h
[2.823s] -- Up-to-date symlink: /home/mael/ros2_ws/install/baxter_core_msgs/include/baxter_core_msgs/baxter_core_msgs/msg/detail/endpoint_states__type_support.h
[2.823s] -- Up-to-date symlink: /home/mael/ros2_ws/install/baxter_core_msgs/include/baxter_core_msgs/baxter_core_msgs/msg/detail/head_pan_command__functions.h
[2.824s] -- Up-to-date symlink: /home/mael/ros2_ws/install/baxter_core_msgs/include/baxter_core_msgs/baxter_core_msgs/msg/detail/head_pan_command__struct.h
[2.824s] -- Up-to-date symlink: /home/mael/ros2_ws/install/baxter_core_msgs/include/baxter_core_msgs/baxter_core_msgs/msg/detail/head_pan_command__type_support.h
[2.824s] -- Up-to-date symlink: /home/mael/ros2_ws/install/baxter_core_msgs/include/baxter_core_msgs/baxter_core_msgs/msg/detail/head_state__functions.h
[2.824s] -- Up-to-date symlink: /home/mael/ros2_ws/install/baxter_core_msgs/include/baxter_core_msgs/baxter_core_msgs/msg/detail/head_state__struct.h
[2.824s] -- Up-to-date symlink: /home/mael/ros2_ws/install/baxter_core_msgs/include/baxter_core_msgs/baxter_core_msgs/msg/detail/head_state__type_support.h
[2.824s] -- Up-to-date symlink: /home/mael/ros2_ws/install/baxter_core_msgs/include/baxter_core_msgs/baxter_core_msgs/msg/detail/joint_command__functions.h
[2.825s] -- Up-to-date symlink: /home/mael/ros2_ws/install/baxter_core_msgs/include/baxter_core_msgs/baxter_core_msgs/msg/detail/joint_command__struct.h
[2.825s] -- Up-to-date symlink: /home/mael/ros2_ws/install/baxter_core_msgs/include/baxter_core_msgs/baxter_core_msgs/msg/detail/joint_command__type_support.h
[2.825s] -- Up-to-date symlink: /home/mael/ros2_ws/install/baxter_core_msgs/include/baxter_core_msgs/baxter_core_msgs/msg/detail/navigator_state__functions.h
[2.826s] -- Up-to-date symlink: /home/mael/ros2_ws/install/baxter_core_msgs/include/baxter_core_msgs/baxter_core_msgs/msg/detail/navigator_state__struct.h
[2.826s] -- Up-to-date symlink: /home/mael/ros2_ws/install/baxter_core_msgs/include/baxter_core_msgs/baxter_core_msgs/msg/detail/navigator_state__type_support.h
[2.826s] -- Up-to-date symlink: /home/mael/ros2_ws/install/baxter_core_msgs/include/baxter_core_msgs/baxter_core_msgs/msg/detail/navigator_states__functions.h
[2.826s] -- Up-to-date symlink: /home/mael/ros2_ws/install/baxter_core_msgs/include/baxter_core_msgs/baxter_core_msgs/msg/detail/navigator_states__struct.h
[2.827s] -- Up-to-date symlink: /home/mael/ros2_ws/install/baxter_core_msgs/include/baxter_core_msgs/baxter_core_msgs/msg/detail/navigator_states__type_support.h
[2.827s] -- Up-to-date symlink: /home/mael/ros2_ws/install/baxter_core_msgs/include/baxter_core_msgs/baxter_core_msgs/msg/detail/robust_controller_status__functions.h
[2.827s] -- Up-to-date symlink: /home/mael/ros2_ws/install/baxter_core_msgs/include/baxter_core_msgs/baxter_core_msgs/msg/detail/robust_controller_status__struct.h
[2.828s] -- Up-to-date symlink: /home/mael/ros2_ws/install/baxter_core_msgs/include/baxter_core_msgs/baxter_core_msgs/msg/detail/robust_controller_status__type_support.h
[2.828s] -- Up-to-date symlink: /home/mael/ros2_ws/install/baxter_core_msgs/include/baxter_core_msgs/baxter_core_msgs/msg/detail/sea_joint_state__functions.h
[2.828s] -- Up-to-date symlink: /home/mael/ros2_ws/install/baxter_core_msgs/include/baxter_core_msgs/baxter_core_msgs/msg/detail/sea_joint_state__struct.h
[2.853s] -- Up-to-date symlink: /home/mael/ros2_ws/install/baxter_core_msgs/include/baxter_core_msgs/baxter_core_msgs/msg/detail/sea_joint_state__type_support.h
[2.854s] -- Up-to-date symlink: /home/mael/ros2_ws/install/baxter_core_msgs/include/baxter_core_msgs/baxter_core_msgs/msg/detail/urdf_configuration__functions.h
[2.854s] -- Up-to-date symlink: /home/mael/ros2_ws/install/baxter_core_msgs/include/baxter_core_msgs/baxter_core_msgs/msg/detail/urdf_configuration__struct.h
[2.855s] -- Up-to-date symlink: /home/mael/ros2_ws/install/baxter_core_msgs/include/baxter_core_msgs/baxter_core_msgs/msg/detail/urdf_configuration__type_support.h
[2.855s] -- Up-to-date symlink: /home/mael/ros2_ws/install/baxter_core_msgs/include/baxter_core_msgs/baxter_core_msgs/msg/digital_io_state.h
[2.855s] -- Up-to-date symlink: /home/mael/ros2_ws/install/baxter_core_msgs/include/baxter_core_msgs/baxter_core_msgs/msg/digital_io_states.h
[2.855s] -- Up-to-date symlink: /home/mael/ros2_ws/install/baxter_core_msgs/include/baxter_core_msgs/baxter_core_msgs/msg/digital_output_command.h
[2.855s] -- Up-to-date symlink: /home/mael/ros2_ws/install/baxter_core_msgs/include/baxter_core_msgs/baxter_core_msgs/msg/end_effector_command.h
[2.855s] -- Up-to-date symlink: /home/mael/ros2_ws/install/baxter_core_msgs/include/baxter_core_msgs/baxter_core_msgs/msg/end_effector_properties.h
[2.856s] -- Up-to-date symlink: /home/mael/ros2_ws/install/baxter_core_msgs/include/baxter_core_msgs/baxter_core_msgs/msg/end_effector_state.h
[2.856s] -- Up-to-date symlink: /home/mael/ros2_ws/install/baxter_core_msgs/include/baxter_core_msgs/baxter_core_msgs/msg/endpoint_state.h
[2.857s] -- Up-to-date symlink: /home/mael/ros2_ws/install/baxter_core_msgs/include/baxter_core_msgs/baxter_core_msgs/msg/endpoint_states.h
[2.857s] -- Up-to-date symlink: /home/mael/ros2_ws/install/baxter_core_msgs/include/baxter_core_msgs/baxter_core_msgs/msg/head_pan_command.h
[2.857s] -- Up-to-date symlink: /home/mael/ros2_ws/install/baxter_core_msgs/include/baxter_core_msgs/baxter_core_msgs/msg/head_state.h
[2.857s] -- Up-to-date symlink: /home/mael/ros2_ws/install/baxter_core_msgs/include/baxter_core_msgs/baxter_core_msgs/msg/joint_command.h
[2.857s] -- Up-to-date symlink: /home/mael/ros2_ws/install/baxter_core_msgs/include/baxter_core_msgs/baxter_core_msgs/msg/navigator_state.h
[2.858s] -- Up-to-date symlink: /home/mael/ros2_ws/install/baxter_core_msgs/include/baxter_core_msgs/baxter_core_msgs/msg/navigator_states.h
[2.859s] -- Up-to-date symlink: /home/mael/ros2_ws/install/baxter_core_msgs/include/baxter_core_msgs/baxter_core_msgs/msg/robust_controller_status.h
[2.859s] -- Up-to-date symlink: /home/mael/ros2_ws/install/baxter_core_msgs/include/baxter_core_msgs/baxter_core_msgs/msg/rosidl_generator_c__visibility_control.h
[2.859s] -- Up-to-date symlink: /home/mael/ros2_ws/install/baxter_core_msgs/include/baxter_core_msgs/baxter_core_msgs/msg/sea_joint_state.h
[2.859s] -- Up-to-date symlink: /home/mael/ros2_ws/install/baxter_core_msgs/include/baxter_core_msgs/baxter_core_msgs/msg/urdf_configuration.h
[2.860s] -- Up-to-date symlink: /home/mael/ros2_ws/install/baxter_core_msgs/include/baxter_core_msgs/baxter_core_msgs/srv/bridge_publishers_auth.h
[2.860s] -- Up-to-date symlink: /home/mael/ros2_ws/install/baxter_core_msgs/include/baxter_core_msgs/baxter_core_msgs/srv/bridge_publishers_force.h
[2.861s] -- Up-to-date symlink: /home/mael/ros2_ws/install/baxter_core_msgs/include/baxter_core_msgs/baxter_core_msgs/srv/close_camera.h
[2.861s] -- Up-to-date symlink: /home/mael/ros2_ws/install/baxter_core_msgs/include/baxter_core_msgs/baxter_core_msgs/srv/detail/bridge_publishers_auth__functions.h
[2.861s] -- Up-to-date symlink: /home/mael/ros2_ws/install/baxter_core_msgs/include/baxter_core_msgs/baxter_core_msgs/srv/detail/bridge_publishers_auth__struct.h
[2.862s] -- Up-to-date symlink: /home/mael/ros2_ws/install/baxter_core_msgs/include/baxter_core_msgs/baxter_core_msgs/srv/detail/bridge_publishers_auth__type_support.h
[2.862s] -- Up-to-date symlink: /home/mael/ros2_ws/install/baxter_core_msgs/include/baxter_core_msgs/baxter_core_msgs/srv/detail/bridge_publishers_force__functions.h
[2.862s] -- Up-to-date symlink: /home/mael/ros2_ws/install/baxter_core_msgs/include/baxter_core_msgs/baxter_core_msgs/srv/detail/bridge_publishers_force__struct.h
[2.862s] -- Up-to-date symlink: /home/mael/ros2_ws/install/baxter_core_msgs/include/baxter_core_msgs/baxter_core_msgs/srv/detail/bridge_publishers_force__type_support.h
[2.862s] -- Up-to-date symlink: /home/mael/ros2_ws/install/baxter_core_msgs/include/baxter_core_msgs/baxter_core_msgs/srv/detail/close_camera__functions.h
[2.862s] -- Up-to-date symlink: /home/mael/ros2_ws/install/baxter_core_msgs/include/baxter_core_msgs/baxter_core_msgs/srv/detail/close_camera__struct.h
[2.862s] -- Up-to-date symlink: /home/mael/ros2_ws/install/baxter_core_msgs/include/baxter_core_msgs/baxter_core_msgs/srv/detail/close_camera__type_support.h
[2.863s] -- Up-to-date symlink: /home/mael/ros2_ws/install/baxter_core_msgs/include/baxter_core_msgs/baxter_core_msgs/srv/detail/list_cameras__functions.h
[2.863s] -- Up-to-date symlink: /home/mael/ros2_ws/install/baxter_core_msgs/include/baxter_core_msgs/baxter_core_msgs/srv/detail/list_cameras__struct.h
[2.863s] -- Up-to-date symlink: /home/mael/ros2_ws/install/baxter_core_msgs/include/baxter_core_msgs/baxter_core_msgs/srv/detail/list_cameras__type_support.h
[2.863s] -- Up-to-date symlink: /home/mael/ros2_ws/install/baxter_core_msgs/include/baxter_core_msgs/baxter_core_msgs/srv/detail/open_camera__functions.h
[2.865s] -- Up-to-date symlink: /home/mael/ros2_ws/install/baxter_core_msgs/include/baxter_core_msgs/baxter_core_msgs/srv/detail/open_camera__struct.h
[2.865s] -- Up-to-date symlink: /home/mael/ros2_ws/install/baxter_core_msgs/include/baxter_core_msgs/baxter_core_msgs/srv/detail/open_camera__type_support.h
[2.866s] -- Up-to-date symlink: /home/mael/ros2_ws/install/baxter_core_msgs/include/baxter_core_msgs/baxter_core_msgs/srv/detail/solve_position_ik__functions.h
[2.866s] -- Up-to-date symlink: /home/mael/ros2_ws/install/baxter_core_msgs/include/baxter_core_msgs/baxter_core_msgs/srv/detail/solve_position_ik__struct.h
[2.866s] -- Up-to-date symlink: /home/mael/ros2_ws/install/baxter_core_msgs/include/baxter_core_msgs/baxter_core_msgs/srv/detail/solve_position_ik__type_support.h
[2.867s] -- Up-to-date symlink: /home/mael/ros2_ws/install/baxter_core_msgs/include/baxter_core_msgs/baxter_core_msgs/srv/list_cameras.h
[2.867s] -- Up-to-date symlink: /home/mael/ros2_ws/install/baxter_core_msgs/include/baxter_core_msgs/baxter_core_msgs/srv/open_camera.h
[2.867s] -- Up-to-date symlink: /home/mael/ros2_ws/install/baxter_core_msgs/include/baxter_core_msgs/baxter_core_msgs/srv/solve_position_ik.h
[2.867s] -- Up-to-date symlink: /home/mael/ros2_ws/install/baxter_core_msgs/share/baxter_core_msgs/environment/library_path.sh
[2.867s] -- Up-to-date symlink: /home/mael/ros2_ws/install/baxter_core_msgs/share/baxter_core_msgs/environment/library_path.dsv
[2.867s] -- Up-to-date symlink: /home/mael/ros2_ws/install/baxter_core_msgs/include/baxter_core_msgs/baxter_core_msgs/msg/detail/analog_io_state__rosidl_typesupport_fastrtps_c.h
[2.868s] -- Up-to-date symlink: /home/mael/ros2_ws/install/baxter_core_msgs/include/baxter_core_msgs/baxter_core_msgs/msg/detail/analog_io_states__rosidl_typesupport_fastrtps_c.h
[2.876s] -- Up-to-date symlink: /home/mael/ros2_ws/install/baxter_core_msgs/include/baxter_core_msgs/baxter_core_msgs/msg/detail/analog_output_command__rosidl_typesupport_fastrtps_c.h
[2.876s] -- Up-to-date symlink: /home/mael/ros2_ws/install/baxter_core_msgs/include/baxter_core_msgs/baxter_core_msgs/msg/detail/assembly_state__rosidl_typesupport_fastrtps_c.h
[2.877s] -- Up-to-date symlink: /home/mael/ros2_ws/install/baxter_core_msgs/include/baxter_core_msgs/baxter_core_msgs/msg/detail/assembly_states__rosidl_typesupport_fastrtps_c.h
[2.880s] -- Up-to-date symlink: /home/mael/ros2_ws/install/baxter_core_msgs/include/baxter_core_msgs/baxter_core_msgs/msg/detail/bridge_publisher__rosidl_typesupport_fastrtps_c.h
[2.880s] -- Up-to-date symlink: /home/mael/ros2_ws/install/baxter_core_msgs/include/baxter_core_msgs/baxter_core_msgs/msg/detail/camera_control__rosidl_typesupport_fastrtps_c.h
[2.881s] -- Up-to-date symlink: /home/mael/ros2_ws/install/baxter_core_msgs/include/baxter_core_msgs/baxter_core_msgs/msg/detail/camera_settings__rosidl_typesupport_fastrtps_c.h
[2.881s] -- Up-to-date symlink: /home/mael/ros2_ws/install/baxter_core_msgs/include/baxter_core_msgs/baxter_core_msgs/msg/detail/collision_avoidance_state__rosidl_typesupport_fastrtps_c.h
[2.881s] -- Up-to-date symlink: /home/mael/ros2_ws/install/baxter_core_msgs/include/baxter_core_msgs/baxter_core_msgs/msg/detail/collision_detection_state__rosidl_typesupport_fastrtps_c.h
[2.887s] -- Up-to-date symlink: /home/mael/ros2_ws/install/baxter_core_msgs/include/baxter_core_msgs/baxter_core_msgs/msg/detail/digital_io_state__rosidl_typesupport_fastrtps_c.h
[2.887s] -- Up-to-date symlink: /home/mael/ros2_ws/install/baxter_core_msgs/include/baxter_core_msgs/baxter_core_msgs/msg/detail/digital_io_states__rosidl_typesupport_fastrtps_c.h
[2.890s] -- Up-to-date symlink: /home/mael/ros2_ws/install/baxter_core_msgs/include/baxter_core_msgs/baxter_core_msgs/msg/detail/digital_output_command__rosidl_typesupport_fastrtps_c.h
[2.891s] -- Up-to-date symlink: /home/mael/ros2_ws/install/baxter_core_msgs/include/baxter_core_msgs/baxter_core_msgs/msg/detail/end_effector_command__rosidl_typesupport_fastrtps_c.h
[2.891s] -- Up-to-date symlink: /home/mael/ros2_ws/install/baxter_core_msgs/include/baxter_core_msgs/baxter_core_msgs/msg/detail/end_effector_properties__rosidl_typesupport_fastrtps_c.h
[2.891s] -- Up-to-date symlink: /home/mael/ros2_ws/install/baxter_core_msgs/include/baxter_core_msgs/baxter_core_msgs/msg/detail/end_effector_state__rosidl_typesupport_fastrtps_c.h
[2.891s] -- Up-to-date symlink: /home/mael/ros2_ws/install/baxter_core_msgs/include/baxter_core_msgs/baxter_core_msgs/msg/detail/endpoint_state__rosidl_typesupport_fastrtps_c.h
[2.892s] -- Up-to-date symlink: /home/mael/ros2_ws/install/baxter_core_msgs/include/baxter_core_msgs/baxter_core_msgs/msg/detail/endpoint_states__rosidl_typesupport_fastrtps_c.h
[2.892s] -- Up-to-date symlink: /home/mael/ros2_ws/install/baxter_core_msgs/include/baxter_core_msgs/baxter_core_msgs/msg/detail/head_pan_command__rosidl_typesupport_fastrtps_c.h
[2.892s] -- Up-to-date symlink: /home/mael/ros2_ws/install/baxter_core_msgs/include/baxter_core_msgs/baxter_core_msgs/msg/detail/head_state__rosidl_typesupport_fastrtps_c.h
[2.892s] -- Up-to-date symlink: /home/mael/ros2_ws/install/baxter_core_msgs/include/baxter_core_msgs/baxter_core_msgs/msg/detail/joint_command__rosidl_typesupport_fastrtps_c.h
[2.892s] -- Up-to-date symlink: /home/mael/ros2_ws/install/baxter_core_msgs/include/baxter_core_msgs/baxter_core_msgs/msg/detail/navigator_state__rosidl_typesupport_fastrtps_c.h
[2.892s] -- Up-to-date symlink: /home/mael/ros2_ws/install/baxter_core_msgs/include/baxter_core_msgs/baxter_core_msgs/msg/detail/navigator_states__rosidl_typesupport_fastrtps_c.h
[2.893s] -- Up-to-date symlink: /home/mael/ros2_ws/install/baxter_core_msgs/include/baxter_core_msgs/baxter_core_msgs/msg/detail/robust_controller_status__rosidl_typesupport_fastrtps_c.h
[2.893s] -- Up-to-date symlink: /home/mael/ros2_ws/install/baxter_core_msgs/include/baxter_core_msgs/baxter_core_msgs/msg/detail/sea_joint_state__rosidl_typesupport_fastrtps_c.h
[2.893s] -- Up-to-date symlink: /home/mael/ros2_ws/install/baxter_core_msgs/include/baxter_core_msgs/baxter_core_msgs/msg/detail/urdf_configuration__rosidl_typesupport_fastrtps_c.h
[2.902s] -- Up-to-date symlink: /home/mael/ros2_ws/install/baxter_core_msgs/include/baxter_core_msgs/baxter_core_msgs/msg/rosidl_typesupport_fastrtps_c__visibility_control.h
[2.902s] -- Up-to-date symlink: /home/mael/ros2_ws/install/baxter_core_msgs/include/baxter_core_msgs/baxter_core_msgs/srv/detail/bridge_publishers_auth__rosidl_typesupport_fastrtps_c.h
[2.902s] -- Up-to-date symlink: /home/mael/ros2_ws/install/baxter_core_msgs/include/baxter_core_msgs/baxter_core_msgs/srv/detail/bridge_publishers_force__rosidl_typesupport_fastrtps_c.h
[2.903s] -- Up-to-date symlink: /home/mael/ros2_ws/install/baxter_core_msgs/include/baxter_core_msgs/baxter_core_msgs/srv/detail/close_camera__rosidl_typesupport_fastrtps_c.h
[2.903s] -- Up-to-date symlink: /home/mael/ros2_ws/install/baxter_core_msgs/include/baxter_core_msgs/baxter_core_msgs/srv/detail/list_cameras__rosidl_typesupport_fastrtps_c.h
[2.903s] -- Up-to-date symlink: /home/mael/ros2_ws/install/baxter_core_msgs/include/baxter_core_msgs/baxter_core_msgs/srv/detail/open_camera__rosidl_typesupport_fastrtps_c.h
[2.903s] -- Up-to-date symlink: /home/mael/ros2_ws/install/baxter_core_msgs/include/baxter_core_msgs/baxter_core_msgs/srv/detail/solve_position_ik__rosidl_typesupport_fastrtps_c.h
[2.903s] -- Up-to-date symlink: /home/mael/ros2_ws/install/baxter_core_msgs/include/baxter_core_msgs/baxter_core_msgs/msg/analog_io_state.hpp
[2.903s] -- Up-to-date symlink: /home/mael/ros2_ws/install/baxter_core_msgs/include/baxter_core_msgs/baxter_core_msgs/msg/analog_io_states.hpp
[2.903s] -- Up-to-date symlink: /home/mael/ros2_ws/install/baxter_core_msgs/include/baxter_core_msgs/baxter_core_msgs/msg/analog_output_command.hpp
[2.903s] -- Up-to-date symlink: /home/mael/ros2_ws/install/baxter_core_msgs/include/baxter_core_msgs/baxter_core_msgs/msg/assembly_state.hpp
[2.904s] -- Up-to-date symlink: /home/mael/ros2_ws/install/baxter_core_msgs/include/baxter_core_msgs/baxter_core_msgs/msg/assembly_states.hpp
[2.904s] -- Up-to-date symlink: /home/mael/ros2_ws/install/baxter_core_msgs/include/baxter_core_msgs/baxter_core_msgs/msg/bridge_publisher.hpp
[2.904s] -- Up-to-date symlink: /home/mael/ros2_ws/install/baxter_core_msgs/include/baxter_core_msgs/baxter_core_msgs/msg/camera_control.hpp
[2.904s] -- Up-to-date symlink: /home/mael/ros2_ws/install/baxter_core_msgs/include/baxter_core_msgs/baxter_core_msgs/msg/camera_settings.hpp
[2.904s] -- Up-to-date symlink: /home/mael/ros2_ws/install/baxter_core_msgs/include/baxter_core_msgs/baxter_core_msgs/msg/collision_avoidance_state.hpp
[2.904s] -- Up-to-date symlink: /home/mael/ros2_ws/install/baxter_core_msgs/include/baxter_core_msgs/baxter_core_msgs/msg/collision_detection_state.hpp
[2.904s] -- Up-to-date symlink: /home/mael/ros2_ws/install/baxter_core_msgs/include/baxter_core_msgs/baxter_core_msgs/msg/detail/analog_io_state__builder.hpp
[2.904s] -- Up-to-date symlink: /home/mael/ros2_ws/install/baxter_core_msgs/include/baxter_core_msgs/baxter_core_msgs/msg/detail/analog_io_state__struct.hpp
[2.905s] -- Up-to-date symlink: /home/mael/ros2_ws/install/baxter_core_msgs/include/baxter_core_msgs/baxter_core_msgs/msg/detail/analog_io_state__traits.hpp
[2.905s] -- Up-to-date symlink: /home/mael/ros2_ws/install/baxter_core_msgs/include/baxter_core_msgs/baxter_core_msgs/msg/detail/analog_io_states__builder.hpp
[2.905s] -- Up-to-date symlink: /home/mael/ros2_ws/install/baxter_core_msgs/include/baxter_core_msgs/baxter_core_msgs/msg/detail/analog_io_states__struct.hpp
[2.905s] -- Up-to-date symlink: /home/mael/ros2_ws/install/baxter_core_msgs/include/baxter_core_msgs/baxter_core_msgs/msg/detail/analog_io_states__traits.hpp
[2.905s] -- Up-to-date symlink: /home/mael/ros2_ws/install/baxter_core_msgs/include/baxter_core_msgs/baxter_core_msgs/msg/detail/analog_output_command__builder.hpp
[2.905s] -- Up-to-date symlink: /home/mael/ros2_ws/install/baxter_core_msgs/include/baxter_core_msgs/baxter_core_msgs/msg/detail/analog_output_command__struct.hpp
[2.905s] -- Up-to-date symlink: /home/mael/ros2_ws/install/baxter_core_msgs/include/baxter_core_msgs/baxter_core_msgs/msg/detail/analog_output_command__traits.hpp
[2.905s] -- Up-to-date symlink: /home/mael/ros2_ws/install/baxter_core_msgs/include/baxter_core_msgs/baxter_core_msgs/msg/detail/assembly_state__builder.hpp
[2.905s] -- Up-to-date symlink: /home/mael/ros2_ws/install/baxter_core_msgs/include/baxter_core_msgs/baxter_core_msgs/msg/detail/assembly_state__struct.hpp
[2.906s] -- Up-to-date symlink: /home/mael/ros2_ws/install/baxter_core_msgs/include/baxter_core_msgs/baxter_core_msgs/msg/detail/assembly_state__traits.hpp
[2.906s] -- Up-to-date symlink: /home/mael/ros2_ws/install/baxter_core_msgs/include/baxter_core_msgs/baxter_core_msgs/msg/detail/assembly_states__builder.hpp
[2.906s] -- Up-to-date symlink: /home/mael/ros2_ws/install/baxter_core_msgs/include/baxter_core_msgs/baxter_core_msgs/msg/detail/assembly_states__struct.hpp
[2.906s] -- Up-to-date symlink: /home/mael/ros2_ws/install/baxter_core_msgs/include/baxter_core_msgs/baxter_core_msgs/msg/detail/assembly_states__traits.hpp
[2.906s] -- Up-to-date symlink: /home/mael/ros2_ws/install/baxter_core_msgs/include/baxter_core_msgs/baxter_core_msgs/msg/detail/bridge_publisher__builder.hpp
[2.906s] -- Up-to-date symlink: /home/mael/ros2_ws/install/baxter_core_msgs/include/baxter_core_msgs/baxter_core_msgs/msg/detail/bridge_publisher__struct.hpp
[2.906s] -- Up-to-date symlink: /home/mael/ros2_ws/install/baxter_core_msgs/include/baxter_core_msgs/baxter_core_msgs/msg/detail/bridge_publisher__traits.hpp
[2.906s] -- Up-to-date symlink: /home/mael/ros2_ws/install/baxter_core_msgs/include/baxter_core_msgs/baxter_core_msgs/msg/detail/camera_control__builder.hpp
[2.907s] -- Up-to-date symlink: /home/mael/ros2_ws/install/baxter_core_msgs/include/baxter_core_msgs/baxter_core_msgs/msg/detail/camera_control__struct.hpp
[2.907s] -- Up-to-date symlink: /home/mael/ros2_ws/install/baxter_core_msgs/include/baxter_core_msgs/baxter_core_msgs/msg/detail/camera_control__traits.hpp
[2.907s] -- Up-to-date symlink: /home/mael/ros2_ws/install/baxter_core_msgs/include/baxter_core_msgs/baxter_core_msgs/msg/detail/camera_settings__builder.hpp
[2.907s] -- Up-to-date symlink: /home/mael/ros2_ws/install/baxter_core_msgs/include/baxter_core_msgs/baxter_core_msgs/msg/detail/camera_settings__struct.hpp
[2.907s] -- Up-to-date symlink: /home/mael/ros2_ws/install/baxter_core_msgs/include/baxter_core_msgs/baxter_core_msgs/msg/detail/camera_settings__traits.hpp
[2.907s] -- Up-to-date symlink: /home/mael/ros2_ws/install/baxter_core_msgs/include/baxter_core_msgs/baxter_core_msgs/msg/detail/collision_avoidance_state__builder.hpp
[2.907s] -- Up-to-date symlink: /home/mael/ros2_ws/install/baxter_core_msgs/include/baxter_core_msgs/baxter_core_msgs/msg/detail/collision_avoidance_state__struct.hpp
[2.907s] -- Up-to-date symlink: /home/mael/ros2_ws/install/baxter_core_msgs/include/baxter_core_msgs/baxter_core_msgs/msg/detail/collision_avoidance_state__traits.hpp
[2.908s] -- Up-to-date symlink: /home/mael/ros2_ws/install/baxter_core_msgs/include/baxter_core_msgs/baxter_core_msgs/msg/detail/collision_detection_state__builder.hpp
[2.908s] -- Up-to-date symlink: /home/mael/ros2_ws/install/baxter_core_msgs/include/baxter_core_msgs/baxter_core_msgs/msg/detail/collision_detection_state__struct.hpp
[2.908s] -- Up-to-date symlink: /home/mael/ros2_ws/install/baxter_core_msgs/include/baxter_core_msgs/baxter_core_msgs/msg/detail/collision_detection_state__traits.hpp
[2.908s] -- Up-to-date symlink: /home/mael/ros2_ws/install/baxter_core_msgs/include/baxter_core_msgs/baxter_core_msgs/msg/detail/digital_io_state__builder.hpp
[2.908s] -- Up-to-date symlink: /home/mael/ros2_ws/install/baxter_core_msgs/include/baxter_core_msgs/baxter_core_msgs/msg/detail/digital_io_state__struct.hpp
[2.908s] -- Up-to-date symlink: /home/mael/ros2_ws/install/baxter_core_msgs/include/baxter_core_msgs/baxter_core_msgs/msg/detail/digital_io_state__traits.hpp
[2.908s] -- Up-to-date symlink: /home/mael/ros2_ws/install/baxter_core_msgs/include/baxter_core_msgs/baxter_core_msgs/msg/detail/digital_io_states__builder.hpp
[2.908s] -- Up-to-date symlink: /home/mael/ros2_ws/install/baxter_core_msgs/include/baxter_core_msgs/baxter_core_msgs/msg/detail/digital_io_states__struct.hpp
[2.908s] -- Up-to-date symlink: /home/mael/ros2_ws/install/baxter_core_msgs/include/baxter_core_msgs/baxter_core_msgs/msg/detail/digital_io_states__traits.hpp
[2.909s] -- Up-to-date symlink: /home/mael/ros2_ws/install/baxter_core_msgs/include/baxter_core_msgs/baxter_core_msgs/msg/detail/digital_output_command__builder.hpp
[2.909s] -- Up-to-date symlink: /home/mael/ros2_ws/install/baxter_core_msgs/include/baxter_core_msgs/baxter_core_msgs/msg/detail/digital_output_command__struct.hpp
[2.910s] -- Up-to-date symlink: /home/mael/ros2_ws/install/baxter_core_msgs/include/baxter_core_msgs/baxter_core_msgs/msg/detail/digital_output_command__traits.hpp
[2.910s] -- Up-to-date symlink: /home/mael/ros2_ws/install/baxter_core_msgs/include/baxter_core_msgs/baxter_core_msgs/msg/detail/end_effector_command__builder.hpp
[2.911s] -- Up-to-date symlink: /home/mael/ros2_ws/install/baxter_core_msgs/include/baxter_core_msgs/baxter_core_msgs/msg/detail/end_effector_command__struct.hpp
[2.911s] -- Up-to-date symlink: /home/mael/ros2_ws/install/baxter_core_msgs/include/baxter_core_msgs/baxter_core_msgs/msg/detail/end_effector_command__traits.hpp
[2.911s] -- Up-to-date symlink: /home/mael/ros2_ws/install/baxter_core_msgs/include/baxter_core_msgs/baxter_core_msgs/msg/detail/end_effector_properties__builder.hpp
[2.911s] -- Up-to-date symlink: /home/mael/ros2_ws/install/baxter_core_msgs/include/baxter_core_msgs/baxter_core_msgs/msg/detail/end_effector_properties__struct.hpp
[2.911s] -- Up-to-date symlink: /home/mael/ros2_ws/install/baxter_core_msgs/include/baxter_core_msgs/baxter_core_msgs/msg/detail/end_effector_properties__traits.hpp
[2.911s] -- Up-to-date symlink: /home/mael/ros2_ws/install/baxter_core_msgs/include/baxter_core_msgs/baxter_core_msgs/msg/detail/end_effector_state__builder.hpp
[2.912s] -- Up-to-date symlink: /home/mael/ros2_ws/install/baxter_core_msgs/include/baxter_core_msgs/baxter_core_msgs/msg/detail/end_effector_state__struct.hpp
[2.912s] -- Up-to-date symlink: /home/mael/ros2_ws/install/baxter_core_msgs/include/baxter_core_msgs/baxter_core_msgs/msg/detail/end_effector_state__traits.hpp
[2.912s] -- Up-to-date symlink: /home/mael/ros2_ws/install/baxter_core_msgs/include/baxter_core_msgs/baxter_core_msgs/msg/detail/endpoint_state__builder.hpp
[2.912s] -- Up-to-date symlink: /home/mael/ros2_ws/install/baxter_core_msgs/include/baxter_core_msgs/baxter_core_msgs/msg/detail/endpoint_state__struct.hpp
[2.912s] -- Up-to-date symlink: /home/mael/ros2_ws/install/baxter_core_msgs/include/baxter_core_msgs/baxter_core_msgs/msg/detail/endpoint_state__traits.hpp
[2.913s] -- Up-to-date symlink: /home/mael/ros2_ws/install/baxter_core_msgs/include/baxter_core_msgs/baxter_core_msgs/msg/detail/endpoint_states__builder.hpp
[2.913s] -- Up-to-date symlink: /home/mael/ros2_ws/install/baxter_core_msgs/include/baxter_core_msgs/baxter_core_msgs/msg/detail/endpoint_states__struct.hpp
[2.913s] -- Up-to-date symlink: /home/mael/ros2_ws/install/baxter_core_msgs/include/baxter_core_msgs/baxter_core_msgs/msg/detail/endpoint_states__traits.hpp
[2.913s] -- Up-to-date symlink: /home/mael/ros2_ws/install/baxter_core_msgs/include/baxter_core_msgs/baxter_core_msgs/msg/detail/head_pan_command__builder.hpp
[2.914s] -- Up-to-date symlink: /home/mael/ros2_ws/install/baxter_core_msgs/include/baxter_core_msgs/baxter_core_msgs/msg/detail/head_pan_command__struct.hpp
[2.914s] -- Up-to-date symlink: /home/mael/ros2_ws/install/baxter_core_msgs/include/baxter_core_msgs/baxter_core_msgs/msg/detail/head_pan_command__traits.hpp
[2.914s] -- Up-to-date symlink: /home/mael/ros2_ws/install/baxter_core_msgs/include/baxter_core_msgs/baxter_core_msgs/msg/detail/head_state__builder.hpp
[2.914s] -- Up-to-date symlink: /home/mael/ros2_ws/install/baxter_core_msgs/include/baxter_core_msgs/baxter_core_msgs/msg/detail/head_state__struct.hpp
[2.914s] -- Up-to-date symlink: /home/mael/ros2_ws/install/baxter_core_msgs/include/baxter_core_msgs/baxter_core_msgs/msg/detail/head_state__traits.hpp
[2.914s] -- Up-to-date symlink: /home/mael/ros2_ws/install/baxter_core_msgs/include/baxter_core_msgs/baxter_core_msgs/msg/detail/joint_command__builder.hpp
[2.914s] -- Up-to-date symlink: /home/mael/ros2_ws/install/baxter_core_msgs/include/baxter_core_msgs/baxter_core_msgs/msg/detail/joint_command__struct.hpp
[2.915s] -- Up-to-date symlink: /home/mael/ros2_ws/install/baxter_core_msgs/include/baxter_core_msgs/baxter_core_msgs/msg/detail/joint_command__traits.hpp
[2.915s] -- Up-to-date symlink: /home/mael/ros2_ws/install/baxter_core_msgs/include/baxter_core_msgs/baxter_core_msgs/msg/detail/navigator_state__builder.hpp
[2.915s] -- Up-to-date symlink: /home/mael/ros2_ws/install/baxter_core_msgs/include/baxter_core_msgs/baxter_core_msgs/msg/detail/navigator_state__struct.hpp
[2.915s] -- Up-to-date symlink: /home/mael/ros2_ws/install/baxter_core_msgs/include/baxter_core_msgs/baxter_core_msgs/msg/detail/navigator_state__traits.hpp
[2.915s] -- Up-to-date symlink: /home/mael/ros2_ws/install/baxter_core_msgs/include/baxter_core_msgs/baxter_core_msgs/msg/detail/navigator_states__builder.hpp
[2.916s] -- Up-to-date symlink: /home/mael/ros2_ws/install/baxter_core_msgs/include/baxter_core_msgs/baxter_core_msgs/msg/detail/navigator_states__struct.hpp
[2.916s] -- Up-to-date symlink: /home/mael/ros2_ws/install/baxter_core_msgs/include/baxter_core_msgs/baxter_core_msgs/msg/detail/navigator_states__traits.hpp
[2.916s] -- Up-to-date symlink: /home/mael/ros2_ws/install/baxter_core_msgs/include/baxter_core_msgs/baxter_core_msgs/msg/detail/robust_controller_status__builder.hpp
[2.916s] -- Up-to-date symlink: /home/mael/ros2_ws/install/baxter_core_msgs/include/baxter_core_msgs/baxter_core_msgs/msg/detail/robust_controller_status__struct.hpp
[2.917s] -- Up-to-date symlink: /home/mael/ros2_ws/install/baxter_core_msgs/include/baxter_core_msgs/baxter_core_msgs/msg/detail/robust_controller_status__traits.hpp
[2.933s] -- Up-to-date symlink: /home/mael/ros2_ws/install/baxter_core_msgs/include/baxter_core_msgs/baxter_core_msgs/msg/detail/sea_joint_state__builder.hpp
[2.933s] -- Up-to-date symlink: /home/mael/ros2_ws/install/baxter_core_msgs/include/baxter_core_msgs/baxter_core_msgs/msg/detail/sea_joint_state__struct.hpp
[2.933s] -- Up-to-date symlink: /home/mael/ros2_ws/install/baxter_core_msgs/include/baxter_core_msgs/baxter_core_msgs/msg/detail/sea_joint_state__traits.hpp
[2.933s] -- Up-to-date symlink: /home/mael/ros2_ws/install/baxter_core_msgs/include/baxter_core_msgs/baxter_core_msgs/msg/detail/urdf_configuration__builder.hpp
[2.933s] -- Up-to-date symlink: /home/mael/ros2_ws/install/baxter_core_msgs/include/baxter_core_msgs/baxter_core_msgs/msg/detail/urdf_configuration__struct.hpp
[2.934s] -- Up-to-date symlink: /home/mael/ros2_ws/install/baxter_core_msgs/include/baxter_core_msgs/baxter_core_msgs/msg/detail/urdf_configuration__traits.hpp
[2.934s] -- Up-to-date symlink: /home/mael/ros2_ws/install/baxter_core_msgs/include/baxter_core_msgs/baxter_core_msgs/msg/digital_io_state.hpp
[2.934s] -- Up-to-date symlink: /home/mael/ros2_ws/install/baxter_core_msgs/include/baxter_core_msgs/baxter_core_msgs/msg/digital_io_states.hpp
[2.935s] -- Up-to-date symlink: /home/mael/ros2_ws/install/baxter_core_msgs/include/baxter_core_msgs/baxter_core_msgs/msg/digital_output_command.hpp
[2.936s] -- Up-to-date symlink: /home/mael/ros2_ws/install/baxter_core_msgs/include/baxter_core_msgs/baxter_core_msgs/msg/end_effector_command.hpp
[2.937s] -- Up-to-date symlink: /home/mael/ros2_ws/install/baxter_core_msgs/include/baxter_core_msgs/baxter_core_msgs/msg/end_effector_properties.hpp
[2.937s] -- Up-to-date symlink: /home/mael/ros2_ws/install/baxter_core_msgs/include/baxter_core_msgs/baxter_core_msgs/msg/end_effector_state.hpp
[2.937s] -- Up-to-date symlink: /home/mael/ros2_ws/install/baxter_core_msgs/include/baxter_core_msgs/baxter_core_msgs/msg/endpoint_state.hpp
[2.937s] -- Up-to-date symlink: /home/mael/ros2_ws/install/baxter_core_msgs/include/baxter_core_msgs/baxter_core_msgs/msg/endpoint_states.hpp
[2.938s] -- Up-to-date symlink: /home/mael/ros2_ws/install/baxter_core_msgs/include/baxter_core_msgs/baxter_core_msgs/msg/head_pan_command.hpp
[2.939s] -- Up-to-date symlink: /home/mael/ros2_ws/install/baxter_core_msgs/include/baxter_core_msgs/baxter_core_msgs/msg/head_state.hpp
[2.939s] -- Up-to-date symlink: /home/mael/ros2_ws/install/baxter_core_msgs/include/baxter_core_msgs/baxter_core_msgs/msg/joint_command.hpp
[2.939s] -- Up-to-date symlink: /home/mael/ros2_ws/install/baxter_core_msgs/include/baxter_core_msgs/baxter_core_msgs/msg/navigator_state.hpp
[2.939s] -- Up-to-date symlink: /home/mael/ros2_ws/install/baxter_core_msgs/include/baxter_core_msgs/baxter_core_msgs/msg/navigator_states.hpp
[2.939s] -- Up-to-date symlink: /home/mael/ros2_ws/install/baxter_core_msgs/include/baxter_core_msgs/baxter_core_msgs/msg/robust_controller_status.hpp
[2.940s] -- Up-to-date symlink: /home/mael/ros2_ws/install/baxter_core_msgs/include/baxter_core_msgs/baxter_core_msgs/msg/sea_joint_state.hpp
[2.940s] -- Up-to-date symlink: /home/mael/ros2_ws/install/baxter_core_msgs/include/baxter_core_msgs/baxter_core_msgs/msg/urdf_configuration.hpp
[2.940s] -- Up-to-date symlink: /home/mael/ros2_ws/install/baxter_core_msgs/include/baxter_core_msgs/baxter_core_msgs/srv/bridge_publishers_auth.hpp
[2.940s] -- Up-to-date symlink: /home/mael/ros2_ws/install/baxter_core_msgs/include/baxter_core_msgs/baxter_core_msgs/srv/bridge_publishers_force.hpp
[2.941s] -- Up-to-date symlink: /home/mael/ros2_ws/install/baxter_core_msgs/include/baxter_core_msgs/baxter_core_msgs/srv/close_camera.hpp
[2.941s] -- Up-to-date symlink: /home/mael/ros2_ws/install/baxter_core_msgs/include/baxter_core_msgs/baxter_core_msgs/srv/detail/bridge_publishers_auth__builder.hpp
[2.941s] -- Up-to-date symlink: /home/mael/ros2_ws/install/baxter_core_msgs/include/baxter_core_msgs/baxter_core_msgs/srv/detail/bridge_publishers_auth__struct.hpp
[2.941s] -- Up-to-date symlink: /home/mael/ros2_ws/install/baxter_core_msgs/include/baxter_core_msgs/baxter_core_msgs/srv/detail/bridge_publishers_auth__traits.hpp
[2.942s] -- Up-to-date symlink: /home/mael/ros2_ws/install/baxter_core_msgs/include/baxter_core_msgs/baxter_core_msgs/srv/detail/bridge_publishers_force__builder.hpp
[2.942s] -- Up-to-date symlink: /home/mael/ros2_ws/install/baxter_core_msgs/include/baxter_core_msgs/baxter_core_msgs/srv/detail/bridge_publishers_force__struct.hpp
[2.942s] -- Up-to-date symlink: /home/mael/ros2_ws/install/baxter_core_msgs/include/baxter_core_msgs/baxter_core_msgs/srv/detail/bridge_publishers_force__traits.hpp
[2.942s] -- Up-to-date symlink: /home/mael/ros2_ws/install/baxter_core_msgs/include/baxter_core_msgs/baxter_core_msgs/srv/detail/close_camera__builder.hpp
[2.942s] -- Up-to-date symlink: /home/mael/ros2_ws/install/baxter_core_msgs/include/baxter_core_msgs/baxter_core_msgs/srv/detail/close_camera__struct.hpp
[2.943s] -- Up-to-date symlink: /home/mael/ros2_ws/install/baxter_core_msgs/include/baxter_core_msgs/baxter_core_msgs/srv/detail/close_camera__traits.hpp
[2.944s] -- Up-to-date symlink: /home/mael/ros2_ws/install/baxter_core_msgs/include/baxter_core_msgs/baxter_core_msgs/srv/detail/list_cameras__builder.hpp
[2.944s] -- Up-to-date symlink: /home/mael/ros2_ws/install/baxter_core_msgs/include/baxter_core_msgs/baxter_core_msgs/srv/detail/list_cameras__struct.hpp
[2.945s] -- Up-to-date symlink: /home/mael/ros2_ws/install/baxter_core_msgs/include/baxter_core_msgs/baxter_core_msgs/srv/detail/list_cameras__traits.hpp
[2.946s] -- Up-to-date symlink: /home/mael/ros2_ws/install/baxter_core_msgs/include/baxter_core_msgs/baxter_core_msgs/srv/detail/open_camera__builder.hpp
[2.946s] -- Up-to-date symlink: /home/mael/ros2_ws/install/baxter_core_msgs/include/baxter_core_msgs/baxter_core_msgs/srv/detail/open_camera__struct.hpp
[2.949s] -- Up-to-date symlink: /home/mael/ros2_ws/install/baxter_core_msgs/include/baxter_core_msgs/baxter_core_msgs/srv/detail/open_camera__traits.hpp
[2.949s] -- Up-to-date symlink: /home/mael/ros2_ws/install/baxter_core_msgs/include/baxter_core_msgs/baxter_core_msgs/srv/detail/solve_position_ik__builder.hpp
[2.949s] -- Up-to-date symlink: /home/mael/ros2_ws/install/baxter_core_msgs/include/baxter_core_msgs/baxter_core_msgs/srv/detail/solve_position_ik__struct.hpp
[2.949s] -- Up-to-date symlink: /home/mael/ros2_ws/install/baxter_core_msgs/include/baxter_core_msgs/baxter_core_msgs/srv/detail/solve_position_ik__traits.hpp
[2.950s] -- Up-to-date symlink: /home/mael/ros2_ws/install/baxter_core_msgs/include/baxter_core_msgs/baxter_core_msgs/srv/list_cameras.hpp
[2.950s] -- Up-to-date symlink: /home/mael/ros2_ws/install/baxter_core_msgs/include/baxter_core_msgs/baxter_core_msgs/srv/open_camera.hpp
[2.950s] -- Up-to-date symlink: /home/mael/ros2_ws/install/baxter_core_msgs/include/baxter_core_msgs/baxter_core_msgs/srv/solve_position_ik.hpp
[2.951s] -- Up-to-date symlink: /home/mael/ros2_ws/install/baxter_core_msgs/include/baxter_core_msgs/baxter_core_msgs/msg/detail/analog_io_state__rosidl_typesupport_fastrtps_cpp.hpp
[2.951s] -- Up-to-date symlink: /home/mael/ros2_ws/install/baxter_core_msgs/include/baxter_core_msgs/baxter_core_msgs/msg/detail/analog_io_states__rosidl_typesupport_fastrtps_cpp.hpp
[2.951s] -- Up-to-date symlink: /home/mael/ros2_ws/install/baxter_core_msgs/include/baxter_core_msgs/baxter_core_msgs/msg/detail/analog_output_command__rosidl_typesupport_fastrtps_cpp.hpp
[2.951s] -- Up-to-date symlink: /home/mael/ros2_ws/install/baxter_core_msgs/include/baxter_core_msgs/baxter_core_msgs/msg/detail/assembly_state__rosidl_typesupport_fastrtps_cpp.hpp
[2.951s] -- Up-to-date symlink: /home/mael/ros2_ws/install/baxter_core_msgs/include/baxter_core_msgs/baxter_core_msgs/msg/detail/assembly_states__rosidl_typesupport_fastrtps_cpp.hpp
[2.952s] -- Up-to-date symlink: /home/mael/ros2_ws/install/baxter_core_msgs/include/baxter_core_msgs/baxter_core_msgs/msg/detail/bridge_publisher__rosidl_typesupport_fastrtps_cpp.hpp
[2.952s] -- Up-to-date symlink: /home/mael/ros2_ws/install/baxter_core_msgs/include/baxter_core_msgs/baxter_core_msgs/msg/detail/camera_control__rosidl_typesupport_fastrtps_cpp.hpp
[2.952s] -- Up-to-date symlink: /home/mael/ros2_ws/install/baxter_core_msgs/include/baxter_core_msgs/baxter_core_msgs/msg/detail/camera_settings__rosidl_typesupport_fastrtps_cpp.hpp
[2.952s] -- Up-to-date symlink: /home/mael/ros2_ws/install/baxter_core_msgs/include/baxter_core_msgs/baxter_core_msgs/msg/detail/collision_avoidance_state__rosidl_typesupport_fastrtps_cpp.hpp
[2.952s] -- Up-to-date symlink: /home/mael/ros2_ws/install/baxter_core_msgs/include/baxter_core_msgs/baxter_core_msgs/msg/detail/collision_detection_state__rosidl_typesupport_fastrtps_cpp.hpp
[2.952s] -- Up-to-date symlink: /home/mael/ros2_ws/install/baxter_core_msgs/include/baxter_core_msgs/baxter_core_msgs/msg/detail/digital_io_state__rosidl_typesupport_fastrtps_cpp.hpp
[2.952s] -- Up-to-date symlink: /home/mael/ros2_ws/install/baxter_core_msgs/include/baxter_core_msgs/baxter_core_msgs/msg/detail/digital_io_states__rosidl_typesupport_fastrtps_cpp.hpp
[2.953s] -- Up-to-date symlink: /home/mael/ros2_ws/install/baxter_core_msgs/include/baxter_core_msgs/baxter_core_msgs/msg/detail/digital_output_command__rosidl_typesupport_fastrtps_cpp.hpp
[2.953s] -- Up-to-date symlink: /home/mael/ros2_ws/install/baxter_core_msgs/include/baxter_core_msgs/baxter_core_msgs/msg/detail/end_effector_command__rosidl_typesupport_fastrtps_cpp.hpp
[2.955s] -- Up-to-date symlink: /home/mael/ros2_ws/install/baxter_core_msgs/include/baxter_core_msgs/baxter_core_msgs/msg/detail/end_effector_properties__rosidl_typesupport_fastrtps_cpp.hpp
[2.955s] -- Up-to-date symlink: /home/mael/ros2_ws/install/baxter_core_msgs/include/baxter_core_msgs/baxter_core_msgs/msg/detail/end_effector_state__rosidl_typesupport_fastrtps_cpp.hpp
[2.955s] -- Up-to-date symlink: /home/mael/ros2_ws/install/baxter_core_msgs/include/baxter_core_msgs/baxter_core_msgs/msg/detail/endpoint_state__rosidl_typesupport_fastrtps_cpp.hpp
[2.955s] -- Up-to-date symlink: /home/mael/ros2_ws/install/baxter_core_msgs/include/baxter_core_msgs/baxter_core_msgs/msg/detail/endpoint_states__rosidl_typesupport_fastrtps_cpp.hpp
[2.955s] -- Up-to-date symlink: /home/mael/ros2_ws/install/baxter_core_msgs/include/baxter_core_msgs/baxter_core_msgs/msg/detail/head_pan_command__rosidl_typesupport_fastrtps_cpp.hpp
[2.955s] -- Up-to-date symlink: /home/mael/ros2_ws/install/baxter_core_msgs/include/baxter_core_msgs/baxter_core_msgs/msg/detail/head_state__rosidl_typesupport_fastrtps_cpp.hpp
[2.956s] -- Up-to-date symlink: /home/mael/ros2_ws/install/baxter_core_msgs/include/baxter_core_msgs/baxter_core_msgs/msg/detail/joint_command__rosidl_typesupport_fastrtps_cpp.hpp
[2.956s] -- Up-to-date symlink: /home/mael/ros2_ws/install/baxter_core_msgs/include/baxter_core_msgs/baxter_core_msgs/msg/detail/navigator_state__rosidl_typesupport_fastrtps_cpp.hpp
[2.956s] -- Up-to-date symlink: /home/mael/ros2_ws/install/baxter_core_msgs/include/baxter_core_msgs/baxter_core_msgs/msg/detail/navigator_states__rosidl_typesupport_fastrtps_cpp.hpp
[2.956s] -- Up-to-date symlink: /home/mael/ros2_ws/install/baxter_core_msgs/include/baxter_core_msgs/baxter_core_msgs/msg/detail/robust_controller_status__rosidl_typesupport_fastrtps_cpp.hpp
[2.956s] -- Up-to-date symlink: /home/mael/ros2_ws/install/baxter_core_msgs/include/baxter_core_msgs/baxter_core_msgs/msg/detail/sea_joint_state__rosidl_typesupport_fastrtps_cpp.hpp
[2.957s] -- Up-to-date symlink: /home/mael/ros2_ws/install/baxter_core_msgs/include/baxter_core_msgs/baxter_core_msgs/msg/detail/urdf_configuration__rosidl_typesupport_fastrtps_cpp.hpp
[2.957s] -- Up-to-date symlink: /home/mael/ros2_ws/install/baxter_core_msgs/include/baxter_core_msgs/baxter_core_msgs/msg/rosidl_typesupport_fastrtps_cpp__visibility_control.h
[2.957s] -- Up-to-date symlink: /home/mael/ros2_ws/install/baxter_core_msgs/include/baxter_core_msgs/baxter_core_msgs/srv/detail/bridge_publishers_auth__rosidl_typesupport_fastrtps_cpp.hpp
[2.957s] -- Up-to-date symlink: /home/mael/ros2_ws/install/baxter_core_msgs/include/baxter_core_msgs/baxter_core_msgs/srv/detail/bridge_publishers_force__rosidl_typesupport_fastrtps_cpp.hpp
[2.957s] -- Up-to-date symlink: /home/mael/ros2_ws/install/baxter_core_msgs/include/baxter_core_msgs/baxter_core_msgs/srv/detail/close_camera__rosidl_typesupport_fastrtps_cpp.hpp
[2.957s] -- Up-to-date symlink: /home/mael/ros2_ws/install/baxter_core_msgs/include/baxter_core_msgs/baxter_core_msgs/srv/detail/list_cameras__rosidl_typesupport_fastrtps_cpp.hpp
[2.957s] -- Up-to-date symlink: /home/mael/ros2_ws/install/baxter_core_msgs/include/baxter_core_msgs/baxter_core_msgs/srv/detail/open_camera__rosidl_typesupport_fastrtps_cpp.hpp
[2.957s] -- Up-to-date symlink: /home/mael/ros2_ws/install/baxter_core_msgs/include/baxter_core_msgs/baxter_core_msgs/srv/detail/solve_position_ik__rosidl_typesupport_fastrtps_cpp.hpp
[2.957s] -- Up-to-date symlink: /home/mael/ros2_ws/install/baxter_core_msgs/include/baxter_core_msgs/baxter_core_msgs/msg/detail/analog_io_state__rosidl_typesupport_introspection_c.h
[2.957s] -- Up-to-date symlink: /home/mael/ros2_ws/install/baxter_core_msgs/include/baxter_core_msgs/baxter_core_msgs/msg/detail/analog_io_states__rosidl_typesupport_introspection_c.h
[2.957s] -- Up-to-date symlink: /home/mael/ros2_ws/install/baxter_core_msgs/include/baxter_core_msgs/baxter_core_msgs/msg/detail/analog_output_command__rosidl_typesupport_introspection_c.h
[2.957s] -- Up-to-date symlink: /home/mael/ros2_ws/install/baxter_core_msgs/include/baxter_core_msgs/baxter_core_msgs/msg/detail/assembly_state__rosidl_typesupport_introspection_c.h
[2.958s] -- Up-to-date symlink: /home/mael/ros2_ws/install/baxter_core_msgs/include/baxter_core_msgs/baxter_core_msgs/msg/detail/assembly_states__rosidl_typesupport_introspection_c.h
[2.958s] -- Up-to-date symlink: /home/mael/ros2_ws/install/baxter_core_msgs/include/baxter_core_msgs/baxter_core_msgs/msg/detail/bridge_publisher__rosidl_typesupport_introspection_c.h
[2.958s] -- Up-to-date symlink: /home/mael/ros2_ws/install/baxter_core_msgs/include/baxter_core_msgs/baxter_core_msgs/msg/detail/camera_control__rosidl_typesupport_introspection_c.h
[2.958s] -- Up-to-date symlink: /home/mael/ros2_ws/install/baxter_core_msgs/include/baxter_core_msgs/baxter_core_msgs/msg/detail/camera_settings__rosidl_typesupport_introspection_c.h
[2.958s] -- Up-to-date symlink: /home/mael/ros2_ws/install/baxter_core_msgs/include/baxter_core_msgs/baxter_core_msgs/msg/detail/collision_avoidance_state__rosidl_typesupport_introspection_c.h
[2.958s] -- Up-to-date symlink: /home/mael/ros2_ws/install/baxter_core_msgs/include/baxter_core_msgs/baxter_core_msgs/msg/detail/collision_detection_state__rosidl_typesupport_introspection_c.h
[2.958s] -- Up-to-date symlink: /home/mael/ros2_ws/install/baxter_core_msgs/include/baxter_core_msgs/baxter_core_msgs/msg/detail/digital_io_state__rosidl_typesupport_introspection_c.h
[2.958s] -- Up-to-date symlink: /home/mael/ros2_ws/install/baxter_core_msgs/include/baxter_core_msgs/baxter_core_msgs/msg/detail/digital_io_states__rosidl_typesupport_introspection_c.h
[2.958s] -- Up-to-date symlink: /home/mael/ros2_ws/install/baxter_core_msgs/include/baxter_core_msgs/baxter_core_msgs/msg/detail/digital_output_command__rosidl_typesupport_introspection_c.h
[2.958s] -- Up-to-date symlink: /home/mael/ros2_ws/install/baxter_core_msgs/include/baxter_core_msgs/baxter_core_msgs/msg/detail/end_effector_command__rosidl_typesupport_introspection_c.h
[2.958s] -- Up-to-date symlink: /home/mael/ros2_ws/install/baxter_core_msgs/include/baxter_core_msgs/baxter_core_msgs/msg/detail/end_effector_properties__rosidl_typesupport_introspection_c.h
[2.959s] -- Up-to-date symlink: /home/mael/ros2_ws/install/baxter_core_msgs/include/baxter_core_msgs/baxter_core_msgs/msg/detail/end_effector_state__rosidl_typesupport_introspection_c.h
[2.959s] -- Up-to-date symlink: /home/mael/ros2_ws/install/baxter_core_msgs/include/baxter_core_msgs/baxter_core_msgs/msg/detail/endpoint_state__rosidl_typesupport_introspection_c.h
[2.959s] -- Up-to-date symlink: /home/mael/ros2_ws/install/baxter_core_msgs/include/baxter_core_msgs/baxter_core_msgs/msg/detail/endpoint_states__rosidl_typesupport_introspection_c.h
[2.959s] -- Up-to-date symlink: /home/mael/ros2_ws/install/baxter_core_msgs/include/baxter_core_msgs/baxter_core_msgs/msg/detail/head_pan_command__rosidl_typesupport_introspection_c.h
[2.959s] -- Up-to-date symlink: /home/mael/ros2_ws/install/baxter_core_msgs/include/baxter_core_msgs/baxter_core_msgs/msg/detail/head_state__rosidl_typesupport_introspection_c.h
[2.959s] -- Up-to-date symlink: /home/mael/ros2_ws/install/baxter_core_msgs/include/baxter_core_msgs/baxter_core_msgs/msg/detail/joint_command__rosidl_typesupport_introspection_c.h
[2.959s] -- Up-to-date symlink: /home/mael/ros2_ws/install/baxter_core_msgs/include/baxter_core_msgs/baxter_core_msgs/msg/detail/navigator_state__rosidl_typesupport_introspection_c.h
[2.959s] -- Up-to-date symlink: /home/mael/ros2_ws/install/baxter_core_msgs/include/baxter_core_msgs/baxter_core_msgs/msg/detail/navigator_states__rosidl_typesupport_introspection_c.h
[2.959s] -- Up-to-date symlink: /home/mael/ros2_ws/install/baxter_core_msgs/include/baxter_core_msgs/baxter_core_msgs/msg/detail/robust_controller_status__rosidl_typesupport_introspection_c.h
[2.959s] -- Up-to-date symlink: /home/mael/ros2_ws/install/baxter_core_msgs/include/baxter_core_msgs/baxter_core_msgs/msg/detail/sea_joint_state__rosidl_typesupport_introspection_c.h
[2.959s] -- Up-to-date symlink: /home/mael/ros2_ws/install/baxter_core_msgs/include/baxter_core_msgs/baxter_core_msgs/msg/detail/urdf_configuration__rosidl_typesupport_introspection_c.h
[2.960s] -- Up-to-date symlink: /home/mael/ros2_ws/install/baxter_core_msgs/include/baxter_core_msgs/baxter_core_msgs/msg/rosidl_typesupport_introspection_c__visibility_control.h
[2.960s] -- Up-to-date symlink: /home/mael/ros2_ws/install/baxter_core_msgs/include/baxter_core_msgs/baxter_core_msgs/srv/detail/bridge_publishers_auth__rosidl_typesupport_introspection_c.h
[2.960s] -- Up-to-date symlink: /home/mael/ros2_ws/install/baxter_core_msgs/include/baxter_core_msgs/baxter_core_msgs/srv/detail/bridge_publishers_force__rosidl_typesupport_introspection_c.h
[2.960s] -- Up-to-date symlink: /home/mael/ros2_ws/install/baxter_core_msgs/include/baxter_core_msgs/baxter_core_msgs/srv/detail/close_camera__rosidl_typesupport_introspection_c.h
[2.960s] -- Up-to-date symlink: /home/mael/ros2_ws/install/baxter_core_msgs/include/baxter_core_msgs/baxter_core_msgs/srv/detail/list_cameras__rosidl_typesupport_introspection_c.h
[2.960s] -- Up-to-date symlink: /home/mael/ros2_ws/install/baxter_core_msgs/include/baxter_core_msgs/baxter_core_msgs/srv/detail/open_camera__rosidl_typesupport_introspection_c.h
[2.960s] -- Up-to-date symlink: /home/mael/ros2_ws/install/baxter_core_msgs/include/baxter_core_msgs/baxter_core_msgs/srv/detail/solve_position_ik__rosidl_typesupport_introspection_c.h
[2.961s] -- Up-to-date symlink: /home/mael/ros2_ws/install/baxter_core_msgs/include/baxter_core_msgs/baxter_core_msgs/msg/detail/analog_io_state__rosidl_typesupport_introspection_cpp.hpp
[2.961s] -- Up-to-date symlink: /home/mael/ros2_ws/install/baxter_core_msgs/include/baxter_core_msgs/baxter_core_msgs/msg/detail/analog_io_states__rosidl_typesupport_introspection_cpp.hpp
[2.961s] -- Up-to-date symlink: /home/mael/ros2_ws/install/baxter_core_msgs/include/baxter_core_msgs/baxter_core_msgs/msg/detail/analog_output_command__rosidl_typesupport_introspection_cpp.hpp
[2.961s] -- Up-to-date symlink: /home/mael/ros2_ws/install/baxter_core_msgs/include/baxter_core_msgs/baxter_core_msgs/msg/detail/assembly_state__rosidl_typesupport_introspection_cpp.hpp
[2.962s] -- Up-to-date symlink: /home/mael/ros2_ws/install/baxter_core_msgs/include/baxter_core_msgs/baxter_core_msgs/msg/detail/assembly_states__rosidl_typesupport_introspection_cpp.hpp
[2.962s] -- Up-to-date symlink: /home/mael/ros2_ws/install/baxter_core_msgs/include/baxter_core_msgs/baxter_core_msgs/msg/detail/bridge_publisher__rosidl_typesupport_introspection_cpp.hpp
[2.962s] -- Up-to-date symlink: /home/mael/ros2_ws/install/baxter_core_msgs/include/baxter_core_msgs/baxter_core_msgs/msg/detail/camera_control__rosidl_typesupport_introspection_cpp.hpp
[2.962s] -- Up-to-date symlink: /home/mael/ros2_ws/install/baxter_core_msgs/include/baxter_core_msgs/baxter_core_msgs/msg/detail/camera_settings__rosidl_typesupport_introspection_cpp.hpp
[2.962s] -- Up-to-date symlink: /home/mael/ros2_ws/install/baxter_core_msgs/include/baxter_core_msgs/baxter_core_msgs/msg/detail/collision_avoidance_state__rosidl_typesupport_introspection_cpp.hpp
[2.962s] -- Up-to-date symlink: /home/mael/ros2_ws/install/baxter_core_msgs/include/baxter_core_msgs/baxter_core_msgs/msg/detail/collision_detection_state__rosidl_typesupport_introspection_cpp.hpp
[2.962s] -- Up-to-date symlink: /home/mael/ros2_ws/install/baxter_core_msgs/include/baxter_core_msgs/baxter_core_msgs/msg/detail/digital_io_state__rosidl_typesupport_introspection_cpp.hpp
[2.962s] -- Up-to-date symlink: /home/mael/ros2_ws/install/baxter_core_msgs/include/baxter_core_msgs/baxter_core_msgs/msg/detail/digital_io_states__rosidl_typesupport_introspection_cpp.hpp
[2.962s] -- Up-to-date symlink: /home/mael/ros2_ws/install/baxter_core_msgs/include/baxter_core_msgs/baxter_core_msgs/msg/detail/digital_output_command__rosidl_typesupport_introspection_cpp.hpp
[2.963s] -- Up-to-date symlink: /home/mael/ros2_ws/install/baxter_core_msgs/include/baxter_core_msgs/baxter_core_msgs/msg/detail/end_effector_command__rosidl_typesupport_introspection_cpp.hpp
[2.963s] -- Up-to-date symlink: /home/mael/ros2_ws/install/baxter_core_msgs/include/baxter_core_msgs/baxter_core_msgs/msg/detail/end_effector_properties__rosidl_typesupport_introspection_cpp.hpp
[2.963s] -- Up-to-date symlink: /home/mael/ros2_ws/install/baxter_core_msgs/include/baxter_core_msgs/baxter_core_msgs/msg/detail/end_effector_state__rosidl_typesupport_introspection_cpp.hpp
[2.963s] -- Up-to-date symlink: /home/mael/ros2_ws/install/baxter_core_msgs/include/baxter_core_msgs/baxter_core_msgs/msg/detail/endpoint_state__rosidl_typesupport_introspection_cpp.hpp
[2.963s] -- Up-to-date symlink: /home/mael/ros2_ws/install/baxter_core_msgs/include/baxter_core_msgs/baxter_core_msgs/msg/detail/endpoint_states__rosidl_typesupport_introspection_cpp.hpp
[2.963s] -- Up-to-date symlink: /home/mael/ros2_ws/install/baxter_core_msgs/include/baxter_core_msgs/baxter_core_msgs/msg/detail/head_pan_command__rosidl_typesupport_introspection_cpp.hpp
[2.963s] -- Up-to-date symlink: /home/mael/ros2_ws/install/baxter_core_msgs/include/baxter_core_msgs/baxter_core_msgs/msg/detail/head_state__rosidl_typesupport_introspection_cpp.hpp
[2.963s] -- Up-to-date symlink: /home/mael/ros2_ws/install/baxter_core_msgs/include/baxter_core_msgs/baxter_core_msgs/msg/detail/joint_command__rosidl_typesupport_introspection_cpp.hpp
[2.968s] -- Up-to-date symlink: /home/mael/ros2_ws/install/baxter_core_msgs/include/baxter_core_msgs/baxter_core_msgs/msg/detail/navigator_state__rosidl_typesupport_introspection_cpp.hpp
[2.976s] -- Up-to-date symlink: /home/mael/ros2_ws/install/baxter_core_msgs/include/baxter_core_msgs/baxter_core_msgs/msg/detail/navigator_states__rosidl_typesupport_introspection_cpp.hpp
[2.977s] -- Up-to-date symlink: /home/mael/ros2_ws/install/baxter_core_msgs/include/baxter_core_msgs/baxter_core_msgs/msg/detail/robust_controller_status__rosidl_typesupport_introspection_cpp.hpp
[2.978s] -- Up-to-date symlink: /home/mael/ros2_ws/install/baxter_core_msgs/include/baxter_core_msgs/baxter_core_msgs/msg/detail/sea_joint_state__rosidl_typesupport_introspection_cpp.hpp
[2.978s] -- Up-to-date symlink: /home/mael/ros2_ws/install/baxter_core_msgs/include/baxter_core_msgs/baxter_core_msgs/msg/detail/urdf_configuration__rosidl_typesupport_introspection_cpp.hpp
[2.978s] -- Up-to-date symlink: /home/mael/ros2_ws/install/baxter_core_msgs/include/baxter_core_msgs/baxter_core_msgs/srv/detail/bridge_publishers_auth__rosidl_typesupport_introspection_cpp.hpp
[2.978s] -- Up-to-date symlink: /home/mael/ros2_ws/install/baxter_core_msgs/include/baxter_core_msgs/baxter_core_msgs/srv/detail/bridge_publishers_force__rosidl_typesupport_introspection_cpp.hpp
[2.979s] -- Up-to-date symlink: /home/mael/ros2_ws/install/baxter_core_msgs/include/baxter_core_msgs/baxter_core_msgs/srv/detail/close_camera__rosidl_typesupport_introspection_cpp.hpp
[2.982s] -- Up-to-date symlink: /home/mael/ros2_ws/install/baxter_core_msgs/include/baxter_core_msgs/baxter_core_msgs/srv/detail/list_cameras__rosidl_typesupport_introspection_cpp.hpp
[2.984s] -- Up-to-date symlink: /home/mael/ros2_ws/install/baxter_core_msgs/include/baxter_core_msgs/baxter_core_msgs/srv/detail/open_camera__rosidl_typesupport_introspection_cpp.hpp
[2.984s] -- Up-to-date symlink: /home/mael/ros2_ws/install/baxter_core_msgs/include/baxter_core_msgs/baxter_core_msgs/srv/detail/solve_position_ik__rosidl_typesupport_introspection_cpp.hpp
[2.984s] -- Up-to-date symlink: /home/mael/ros2_ws/install/baxter_core_msgs/share/baxter_core_msgs/environment/pythonpath.sh
[2.984s] -- Up-to-date symlink: /home/mael/ros2_ws/install/baxter_core_msgs/share/baxter_core_msgs/environment/pythonpath.dsv
[2.985s] -- Up-to-date symlink: /home/mael/ros2_ws/install/baxter_core_msgs/local/lib/python3.10/dist-packages/baxter_core_msgs-1.3.0-py3.10.egg-info/PKG-INFO
[2.985s] -- Up-to-date symlink: /home/mael/ros2_ws/install/baxter_core_msgs/local/lib/python3.10/dist-packages/baxter_core_msgs-1.3.0-py3.10.egg-info/SOURCES.txt
[2.985s] -- Up-to-date symlink: /home/mael/ros2_ws/install/baxter_core_msgs/local/lib/python3.10/dist-packages/baxter_core_msgs-1.3.0-py3.10.egg-info/dependency_links.txt
[2.985s] -- Up-to-date symlink: /home/mael/ros2_ws/install/baxter_core_msgs/local/lib/python3.10/dist-packages/baxter_core_msgs-1.3.0-py3.10.egg-info/top_level.txt
[2.985s] -- Up-to-date symlink: /home/mael/ros2_ws/install/baxter_core_msgs/local/lib/python3.10/dist-packages/baxter_core_msgs/__init__.py
[2.985s] -- Up-to-date symlink: /home/mael/ros2_ws/install/baxter_core_msgs/local/lib/python3.10/dist-packages/baxter_core_msgs/_baxter_core_msgs_s.ep.rosidl_typesupport_c.c
[2.985s] -- Up-to-date symlink: /home/mael/ros2_ws/install/baxter_core_msgs/local/lib/python3.10/dist-packages/baxter_core_msgs/_baxter_core_msgs_s.ep.rosidl_typesupport_fastrtps_c.c
[2.985s] -- Up-to-date symlink: /home/mael/ros2_ws/install/baxter_core_msgs/local/lib/python3.10/dist-packages/baxter_core_msgs/_baxter_core_msgs_s.ep.rosidl_typesupport_introspection_c.c
[2.985s] -- Up-to-date symlink: /home/mael/ros2_ws/install/baxter_core_msgs/local/lib/python3.10/dist-packages/baxter_core_msgs/baxter_core_msgs_s__rosidl_typesupport_c.cpython-310-x86_64-linux-gnu.so
[2.986s] -- Up-to-date symlink: /home/mael/ros2_ws/install/baxter_core_msgs/local/lib/python3.10/dist-packages/baxter_core_msgs/baxter_core_msgs_s__rosidl_typesupport_fastrtps_c.cpython-310-x86_64-linux-gnu.so
[2.986s] -- Up-to-date symlink: /home/mael/ros2_ws/install/baxter_core_msgs/local/lib/python3.10/dist-packages/baxter_core_msgs/baxter_core_msgs_s__rosidl_typesupport_introspection_c.cpython-310-x86_64-linux-gnu.so
[2.986s] -- Up-to-date symlink: /home/mael/ros2_ws/install/baxter_core_msgs/local/lib/python3.10/dist-packages/baxter_core_msgs/libbaxter_core_msgs__rosidl_generator_py.so
[2.986s] -- Up-to-date symlink: /home/mael/ros2_ws/install/baxter_core_msgs/local/lib/python3.10/dist-packages/baxter_core_msgs/msg/__init__.py
[2.986s] -- Up-to-date symlink: /home/mael/ros2_ws/install/baxter_core_msgs/local/lib/python3.10/dist-packages/baxter_core_msgs/msg/_analog_io_state.py
[2.986s] -- Up-to-date symlink: /home/mael/ros2_ws/install/baxter_core_msgs/local/lib/python3.10/dist-packages/baxter_core_msgs/msg/_analog_io_state_s.c
[2.986s] -- Up-to-date symlink: /home/mael/ros2_ws/install/baxter_core_msgs/local/lib/python3.10/dist-packages/baxter_core_msgs/msg/_analog_io_states.py
[2.986s] -- Up-to-date symlink: /home/mael/ros2_ws/install/baxter_core_msgs/local/lib/python3.10/dist-packages/baxter_core_msgs/msg/_analog_io_states_s.c
[2.986s] -- Up-to-date symlink: /home/mael/ros2_ws/install/baxter_core_msgs/local/lib/python3.10/dist-packages/baxter_core_msgs/msg/_analog_output_command.py
[2.987s] -- Up-to-date symlink: /home/mael/ros2_ws/install/baxter_core_msgs/local/lib/python3.10/dist-packages/baxter_core_msgs/msg/_analog_output_command_s.c
[2.987s] -- Up-to-date symlink: /home/mael/ros2_ws/install/baxter_core_msgs/local/lib/python3.10/dist-packages/baxter_core_msgs/msg/_assembly_state.py
[2.987s] -- Up-to-date symlink: /home/mael/ros2_ws/install/baxter_core_msgs/local/lib/python3.10/dist-packages/baxter_core_msgs/msg/_assembly_state_s.c
[2.987s] -- Up-to-date symlink: /home/mael/ros2_ws/install/baxter_core_msgs/local/lib/python3.10/dist-packages/baxter_core_msgs/msg/_assembly_states.py
[2.987s] -- Up-to-date symlink: /home/mael/ros2_ws/install/baxter_core_msgs/local/lib/python3.10/dist-packages/baxter_core_msgs/msg/_assembly_states_s.c
[2.987s] -- Up-to-date symlink: /home/mael/ros2_ws/install/baxter_core_msgs/local/lib/python3.10/dist-packages/baxter_core_msgs/msg/_bridge_publisher.py
[2.987s] -- Up-to-date symlink: /home/mael/ros2_ws/install/baxter_core_msgs/local/lib/python3.10/dist-packages/baxter_core_msgs/msg/_bridge_publisher_s.c
[2.987s] -- Up-to-date symlink: /home/mael/ros2_ws/install/baxter_core_msgs/local/lib/python3.10/dist-packages/baxter_core_msgs/msg/_camera_control.py
[2.987s] -- Up-to-date symlink: /home/mael/ros2_ws/install/baxter_core_msgs/local/lib/python3.10/dist-packages/baxter_core_msgs/msg/_camera_control_s.c
[2.987s] -- Up-to-date symlink: /home/mael/ros2_ws/install/baxter_core_msgs/local/lib/python3.10/dist-packages/baxter_core_msgs/msg/_camera_settings.py
[2.988s] -- Up-to-date symlink: /home/mael/ros2_ws/install/baxter_core_msgs/local/lib/python3.10/dist-packages/baxter_core_msgs/msg/_camera_settings_s.c
[2.988s] -- Up-to-date symlink: /home/mael/ros2_ws/install/baxter_core_msgs/local/lib/python3.10/dist-packages/baxter_core_msgs/msg/_collision_avoidance_state.py
[2.988s] -- Up-to-date symlink: /home/mael/ros2_ws/install/baxter_core_msgs/local/lib/python3.10/dist-packages/baxter_core_msgs/msg/_collision_avoidance_state_s.c
[2.988s] -- Up-to-date symlink: /home/mael/ros2_ws/install/baxter_core_msgs/local/lib/python3.10/dist-packages/baxter_core_msgs/msg/_collision_detection_state.py
[2.988s] -- Up-to-date symlink: /home/mael/ros2_ws/install/baxter_core_msgs/local/lib/python3.10/dist-packages/baxter_core_msgs/msg/_collision_detection_state_s.c
[2.988s] -- Up-to-date symlink: /home/mael/ros2_ws/install/baxter_core_msgs/local/lib/python3.10/dist-packages/baxter_core_msgs/msg/_digital_io_state.py
[2.988s] -- Up-to-date symlink: /home/mael/ros2_ws/install/baxter_core_msgs/local/lib/python3.10/dist-packages/baxter_core_msgs/msg/_digital_io_state_s.c
[2.988s] -- Up-to-date symlink: /home/mael/ros2_ws/install/baxter_core_msgs/local/lib/python3.10/dist-packages/baxter_core_msgs/msg/_digital_io_states.py
[2.988s] -- Up-to-date symlink: /home/mael/ros2_ws/install/baxter_core_msgs/local/lib/python3.10/dist-packages/baxter_core_msgs/msg/_digital_io_states_s.c
[2.988s] -- Up-to-date symlink: /home/mael/ros2_ws/install/baxter_core_msgs/local/lib/python3.10/dist-packages/baxter_core_msgs/msg/_digital_output_command.py
[2.988s] -- Up-to-date symlink: /home/mael/ros2_ws/install/baxter_core_msgs/local/lib/python3.10/dist-packages/baxter_core_msgs/msg/_digital_output_command_s.c
[2.989s] -- Up-to-date symlink: /home/mael/ros2_ws/install/baxter_core_msgs/local/lib/python3.10/dist-packages/baxter_core_msgs/msg/_end_effector_command.py
[2.989s] -- Up-to-date symlink: /home/mael/ros2_ws/install/baxter_core_msgs/local/lib/python3.10/dist-packages/baxter_core_msgs/msg/_end_effector_command_s.c
[2.989s] -- Up-to-date symlink: /home/mael/ros2_ws/install/baxter_core_msgs/local/lib/python3.10/dist-packages/baxter_core_msgs/msg/_end_effector_properties.py
[2.989s] -- Up-to-date symlink: /home/mael/ros2_ws/install/baxter_core_msgs/local/lib/python3.10/dist-packages/baxter_core_msgs/msg/_end_effector_properties_s.c
[2.989s] -- Up-to-date symlink: /home/mael/ros2_ws/install/baxter_core_msgs/local/lib/python3.10/dist-packages/baxter_core_msgs/msg/_end_effector_state.py
[2.989s] -- Up-to-date symlink: /home/mael/ros2_ws/install/baxter_core_msgs/local/lib/python3.10/dist-packages/baxter_core_msgs/msg/_end_effector_state_s.c
[2.989s] -- Up-to-date symlink: /home/mael/ros2_ws/install/baxter_core_msgs/local/lib/python3.10/dist-packages/baxter_core_msgs/msg/_endpoint_state.py
[2.989s] -- Up-to-date symlink: /home/mael/ros2_ws/install/baxter_core_msgs/local/lib/python3.10/dist-packages/baxter_core_msgs/msg/_endpoint_state_s.c
[2.990s] -- Up-to-date symlink: /home/mael/ros2_ws/install/baxter_core_msgs/local/lib/python3.10/dist-packages/baxter_core_msgs/msg/_endpoint_states.py
[2.990s] -- Up-to-date symlink: /home/mael/ros2_ws/install/baxter_core_msgs/local/lib/python3.10/dist-packages/baxter_core_msgs/msg/_endpoint_states_s.c
[2.990s] -- Up-to-date symlink: /home/mael/ros2_ws/install/baxter_core_msgs/local/lib/python3.10/dist-packages/baxter_core_msgs/msg/_head_pan_command.py
[2.990s] -- Up-to-date symlink: /home/mael/ros2_ws/install/baxter_core_msgs/local/lib/python3.10/dist-packages/baxter_core_msgs/msg/_head_pan_command_s.c
[2.990s] -- Up-to-date symlink: /home/mael/ros2_ws/install/baxter_core_msgs/local/lib/python3.10/dist-packages/baxter_core_msgs/msg/_head_state.py
[2.990s] -- Up-to-date symlink: /home/mael/ros2_ws/install/baxter_core_msgs/local/lib/python3.10/dist-packages/baxter_core_msgs/msg/_head_state_s.c
[2.990s] -- Up-to-date symlink: /home/mael/ros2_ws/install/baxter_core_msgs/local/lib/python3.10/dist-packages/baxter_core_msgs/msg/_joint_command.py
[2.990s] -- Up-to-date symlink: /home/mael/ros2_ws/install/baxter_core_msgs/local/lib/python3.10/dist-packages/baxter_core_msgs/msg/_joint_command_s.c
[2.990s] -- Up-to-date symlink: /home/mael/ros2_ws/install/baxter_core_msgs/local/lib/python3.10/dist-packages/baxter_core_msgs/msg/_navigator_state.py
[2.990s] -- Up-to-date symlink: /home/mael/ros2_ws/install/baxter_core_msgs/local/lib/python3.10/dist-packages/baxter_core_msgs/msg/_navigator_state_s.c
[2.990s] -- Up-to-date symlink: /home/mael/ros2_ws/install/baxter_core_msgs/local/lib/python3.10/dist-packages/baxter_core_msgs/msg/_navigator_states.py
[2.991s] -- Up-to-date symlink: /home/mael/ros2_ws/install/baxter_core_msgs/local/lib/python3.10/dist-packages/baxter_core_msgs/msg/_navigator_states_s.c
[2.991s] -- Up-to-date symlink: /home/mael/ros2_ws/install/baxter_core_msgs/local/lib/python3.10/dist-packages/baxter_core_msgs/msg/_robust_controller_status.py
[2.991s] -- Up-to-date symlink: /home/mael/ros2_ws/install/baxter_core_msgs/local/lib/python3.10/dist-packages/baxter_core_msgs/msg/_robust_controller_status_s.c
[2.991s] -- Up-to-date symlink: /home/mael/ros2_ws/install/baxter_core_msgs/local/lib/python3.10/dist-packages/baxter_core_msgs/msg/_sea_joint_state.py
[2.991s] -- Up-to-date symlink: /home/mael/ros2_ws/install/baxter_core_msgs/local/lib/python3.10/dist-packages/baxter_core_msgs/msg/_sea_joint_state_s.c
[2.991s] -- Up-to-date symlink: /home/mael/ros2_ws/install/baxter_core_msgs/local/lib/python3.10/dist-packages/baxter_core_msgs/msg/_urdf_configuration.py
[2.991s] -- Up-to-date symlink: /home/mael/ros2_ws/install/baxter_core_msgs/local/lib/python3.10/dist-packages/baxter_core_msgs/msg/_urdf_configuration_s.c
[2.991s] -- Up-to-date symlink: /home/mael/ros2_ws/install/baxter_core_msgs/local/lib/python3.10/dist-packages/baxter_core_msgs/srv/__init__.py
[2.991s] -- Up-to-date symlink: /home/mael/ros2_ws/install/baxter_core_msgs/local/lib/python3.10/dist-packages/baxter_core_msgs/srv/_bridge_publishers_auth.py
[2.991s] -- Up-to-date symlink: /home/mael/ros2_ws/install/baxter_core_msgs/local/lib/python3.10/dist-packages/baxter_core_msgs/srv/_bridge_publishers_auth_s.c
[2.991s] -- Up-to-date symlink: /home/mael/ros2_ws/install/baxter_core_msgs/local/lib/python3.10/dist-packages/baxter_core_msgs/srv/_bridge_publishers_force.py
[2.992s] -- Up-to-date symlink: /home/mael/ros2_ws/install/baxter_core_msgs/local/lib/python3.10/dist-packages/baxter_core_msgs/srv/_bridge_publishers_force_s.c
[2.992s] -- Up-to-date symlink: /home/mael/ros2_ws/install/baxter_core_msgs/local/lib/python3.10/dist-packages/baxter_core_msgs/srv/_close_camera.py
[2.992s] -- Up-to-date symlink: /home/mael/ros2_ws/install/baxter_core_msgs/local/lib/python3.10/dist-packages/baxter_core_msgs/srv/_close_camera_s.c
[2.992s] -- Up-to-date symlink: /home/mael/ros2_ws/install/baxter_core_msgs/local/lib/python3.10/dist-packages/baxter_core_msgs/srv/_list_cameras.py
[2.992s] -- Up-to-date symlink: /home/mael/ros2_ws/install/baxter_core_msgs/local/lib/python3.10/dist-packages/baxter_core_msgs/srv/_list_cameras_s.c
[2.992s] -- Up-to-date symlink: /home/mael/ros2_ws/install/baxter_core_msgs/local/lib/python3.10/dist-packages/baxter_core_msgs/srv/_open_camera.py
[2.992s] -- Up-to-date symlink: /home/mael/ros2_ws/install/baxter_core_msgs/local/lib/python3.10/dist-packages/baxter_core_msgs/srv/_open_camera_s.c
[2.992s] -- Up-to-date symlink: /home/mael/ros2_ws/install/baxter_core_msgs/local/lib/python3.10/dist-packages/baxter_core_msgs/srv/_solve_position_ik.py
[2.992s] -- Up-to-date symlink: /home/mael/ros2_ws/install/baxter_core_msgs/local/lib/python3.10/dist-packages/baxter_core_msgs/srv/_solve_position_ik_s.c
[2.992s] -- Up-to-date symlink: /home/mael/ros2_ws/install/baxter_core_msgs/local/lib/python3.10/dist-packages/baxter_core_msgs/baxter_core_msgs_s__rosidl_typesupport_fastrtps_c.cpython-310-x86_64-linux-gnu.so
[2.992s] -- Up-to-date symlink: /home/mael/ros2_ws/install/baxter_core_msgs/local/lib/python3.10/dist-packages/baxter_core_msgs/baxter_core_msgs_s__rosidl_typesupport_introspection_c.cpython-310-x86_64-linux-gnu.so
[2.993s] -- Up-to-date symlink: /home/mael/ros2_ws/install/baxter_core_msgs/local/lib/python3.10/dist-packages/baxter_core_msgs/baxter_core_msgs_s__rosidl_typesupport_c.cpython-310-x86_64-linux-gnu.so
[2.993s] -- Up-to-date symlink: /home/mael/ros2_ws/install/baxter_core_msgs/share/baxter_core_msgs/msg/EndEffectorState.idl
[2.993s] -- Up-to-date symlink: /home/mael/ros2_ws/install/baxter_core_msgs/share/baxter_core_msgs/msg/EndEffectorProperties.idl
[2.993s] -- Up-to-date symlink: /home/mael/ros2_ws/install/baxter_core_msgs/share/baxter_core_msgs/msg/DigitalIOStates.idl
[2.993s] -- Up-to-date symlink: /home/mael/ros2_ws/install/baxter_core_msgs/share/baxter_core_msgs/msg/EndEffectorCommand.idl
[2.993s] -- Up-to-date symlink: /home/mael/ros2_ws/install/baxter_core_msgs/share/baxter_core_msgs/msg/NavigatorState.idl
[2.993s] -- Up-to-date symlink: /home/mael/ros2_ws/install/baxter_core_msgs/share/baxter_core_msgs/msg/AnalogOutputCommand.idl
[2.993s] -- Up-to-date symlink: /home/mael/ros2_ws/install/baxter_core_msgs/share/baxter_core_msgs/msg/EndpointState.idl
[2.993s] -- Up-to-date symlink: /home/mael/ros2_ws/install/baxter_core_msgs/share/baxter_core_msgs/msg/CollisionDetectionState.idl
[2.994s] -- Up-to-date symlink: /home/mael/ros2_ws/install/baxter_core_msgs/share/baxter_core_msgs/msg/SEAJointState.idl
[2.997s] -- Up-to-date symlink: /home/mael/ros2_ws/install/baxter_core_msgs/share/baxter_core_msgs/msg/CollisionAvoidanceState.idl
[2.997s] -- Up-to-date symlink: /home/mael/ros2_ws/install/baxter_core_msgs/share/baxter_core_msgs/msg/URDFConfiguration.idl
[2.997s] -- Up-to-date symlink: /home/mael/ros2_ws/install/baxter_core_msgs/share/baxter_core_msgs/msg/CameraControl.idl
[2.998s] -- Up-to-date symlink: /home/mael/ros2_ws/install/baxter_core_msgs/share/baxter_core_msgs/msg/NavigatorStates.idl
[2.998s] -- Up-to-date symlink: /home/mael/ros2_ws/install/baxter_core_msgs/share/baxter_core_msgs/msg/AnalogIOState.idl
[2.998s] -- Up-to-date symlink: /home/mael/ros2_ws/install/baxter_core_msgs/share/baxter_core_msgs/msg/CameraSettings.idl
[2.998s] -- Up-to-date symlink: /home/mael/ros2_ws/install/baxter_core_msgs/share/baxter_core_msgs/msg/JointCommand.idl
[2.998s] -- Up-to-date symlink: /home/mael/ros2_ws/install/baxter_core_msgs/share/baxter_core_msgs/msg/DigitalIOState.idl
[2.998s] -- Up-to-date symlink: /home/mael/ros2_ws/install/baxter_core_msgs/share/baxter_core_msgs/msg/RobustControllerStatus.idl
[2.998s] -- Up-to-date symlink: /home/mael/ros2_ws/install/baxter_core_msgs/share/baxter_core_msgs/msg/AssemblyStates.idl
[2.998s] -- Up-to-date symlink: /home/mael/ros2_ws/install/baxter_core_msgs/share/baxter_core_msgs/msg/DigitalOutputCommand.idl
[2.998s] -- Up-to-date symlink: /home/mael/ros2_ws/install/baxter_core_msgs/share/baxter_core_msgs/msg/HeadPanCommand.idl
[2.999s] -- Up-to-date symlink: /home/mael/ros2_ws/install/baxter_core_msgs/share/baxter_core_msgs/msg/AssemblyState.idl
[2.999s] -- Up-to-date symlink: /home/mael/ros2_ws/install/baxter_core_msgs/share/baxter_core_msgs/msg/HeadState.idl
[2.999s] -- Up-to-date symlink: /home/mael/ros2_ws/install/baxter_core_msgs/share/baxter_core_msgs/msg/AnalogIOStates.idl
[2.999s] -- Up-to-date symlink: /home/mael/ros2_ws/install/baxter_core_msgs/share/baxter_core_msgs/msg/BridgePublisher.idl
[2.999s] -- Up-to-date symlink: /home/mael/ros2_ws/install/baxter_core_msgs/share/baxter_core_msgs/msg/EndpointStates.idl
[2.999s] -- Up-to-date symlink: /home/mael/ros2_ws/install/baxter_core_msgs/share/baxter_core_msgs/srv/ListCameras.idl
[2.999s] -- Up-to-date symlink: /home/mael/ros2_ws/install/baxter_core_msgs/share/baxter_core_msgs/srv/CloseCamera.idl
[2.999s] -- Up-to-date symlink: /home/mael/ros2_ws/install/baxter_core_msgs/share/baxter_core_msgs/srv/OpenCamera.idl
[2.999s] -- Up-to-date symlink: /home/mael/ros2_ws/install/baxter_core_msgs/share/baxter_core_msgs/srv/BridgePublishersForce.idl
[2.999s] -- Up-to-date symlink: /home/mael/ros2_ws/install/baxter_core_msgs/share/baxter_core_msgs/srv/BridgePublishersAuth.idl
[3.000s] -- Up-to-date symlink: /home/mael/ros2_ws/install/baxter_core_msgs/share/baxter_core_msgs/srv/SolvePositionIK.idl
[3.000s] -- Up-to-date symlink: /home/mael/ros2_ws/install/baxter_core_msgs/share/baxter_core_msgs/msg/EndEffectorState.msg
[3.000s] -- Up-to-date symlink: /home/mael/ros2_ws/install/baxter_core_msgs/share/baxter_core_msgs/msg/EndEffectorProperties.msg
[3.000s] -- Up-to-date symlink: /home/mael/ros2_ws/install/baxter_core_msgs/share/baxter_core_msgs/msg/DigitalIOStates.msg
[3.000s] -- Up-to-date symlink: /home/mael/ros2_ws/install/baxter_core_msgs/share/baxter_core_msgs/msg/EndEffectorCommand.msg
[3.000s] -- Up-to-date symlink: /home/mael/ros2_ws/install/baxter_core_msgs/share/baxter_core_msgs/msg/NavigatorState.msg
[3.000s] -- Up-to-date symlink: /home/mael/ros2_ws/install/baxter_core_msgs/share/baxter_core_msgs/msg/AnalogOutputCommand.msg
[3.000s] -- Up-to-date symlink: /home/mael/ros2_ws/install/baxter_core_msgs/share/baxter_core_msgs/msg/EndpointState.msg
[3.000s] -- Up-to-date symlink: /home/mael/ros2_ws/install/baxter_core_msgs/share/baxter_core_msgs/msg/CollisionDetectionState.msg
[3.000s] -- Up-to-date symlink: /home/mael/ros2_ws/install/baxter_core_msgs/share/baxter_core_msgs/msg/SEAJointState.msg
[3.001s] -- Up-to-date symlink: /home/mael/ros2_ws/install/baxter_core_msgs/share/baxter_core_msgs/msg/CollisionAvoidanceState.msg
[3.001s] -- Up-to-date symlink: /home/mael/ros2_ws/install/baxter_core_msgs/share/baxter_core_msgs/msg/URDFConfiguration.msg
[3.001s] -- Up-to-date symlink: /home/mael/ros2_ws/install/baxter_core_msgs/share/baxter_core_msgs/msg/CameraControl.msg
[3.001s] -- Up-to-date symlink: /home/mael/ros2_ws/install/baxter_core_msgs/share/baxter_core_msgs/msg/NavigatorStates.msg
[3.001s] -- Up-to-date symlink: /home/mael/ros2_ws/install/baxter_core_msgs/share/baxter_core_msgs/msg/AnalogIOState.msg
[3.001s] -- Up-to-date symlink: /home/mael/ros2_ws/install/baxter_core_msgs/share/baxter_core_msgs/msg/CameraSettings.msg
[3.001s] -- Up-to-date symlink: /home/mael/ros2_ws/install/baxter_core_msgs/share/baxter_core_msgs/msg/JointCommand.msg
[3.001s] -- Up-to-date symlink: /home/mael/ros2_ws/install/baxter_core_msgs/share/baxter_core_msgs/msg/DigitalIOState.msg
[3.001s] -- Up-to-date symlink: /home/mael/ros2_ws/install/baxter_core_msgs/share/baxter_core_msgs/msg/RobustControllerStatus.msg
[3.001s] -- Up-to-date symlink: /home/mael/ros2_ws/install/baxter_core_msgs/share/baxter_core_msgs/msg/AssemblyStates.msg
[3.002s] -- Up-to-date symlink: /home/mael/ros2_ws/install/baxter_core_msgs/share/baxter_core_msgs/msg/DigitalOutputCommand.msg
[3.002s] -- Up-to-date symlink: /home/mael/ros2_ws/install/baxter_core_msgs/share/baxter_core_msgs/msg/HeadPanCommand.msg
[3.002s] -- Up-to-date symlink: /home/mael/ros2_ws/install/baxter_core_msgs/share/baxter_core_msgs/msg/AssemblyState.msg
[3.002s] -- Up-to-date symlink: /home/mael/ros2_ws/install/baxter_core_msgs/share/baxter_core_msgs/msg/HeadState.msg
[3.002s] -- Up-to-date symlink: /home/mael/ros2_ws/install/baxter_core_msgs/share/baxter_core_msgs/msg/AnalogIOStates.msg
[3.002s] -- Up-to-date symlink: /home/mael/ros2_ws/install/baxter_core_msgs/share/baxter_core_msgs/msg/BridgePublisher.msg
[3.002s] -- Up-to-date symlink: /home/mael/ros2_ws/install/baxter_core_msgs/share/baxter_core_msgs/msg/EndpointStates.msg
[3.002s] -- Up-to-date symlink: /home/mael/ros2_ws/install/baxter_core_msgs/share/baxter_core_msgs/srv/ListCameras.srv
[3.002s] -- Up-to-date symlink: /home/mael/ros2_ws/install/baxter_core_msgs/share/baxter_core_msgs/srv/ListCameras_Request.msg
[3.003s] -- Up-to-date symlink: /home/mael/ros2_ws/install/baxter_core_msgs/share/baxter_core_msgs/srv/ListCameras_Response.msg
[3.003s] -- Up-to-date symlink: /home/mael/ros2_ws/install/baxter_core_msgs/share/baxter_core_msgs/srv/CloseCamera.srv
[3.003s] -- Up-to-date symlink: /home/mael/ros2_ws/install/baxter_core_msgs/share/baxter_core_msgs/srv/CloseCamera_Request.msg
[3.003s] -- Up-to-date symlink: /home/mael/ros2_ws/install/baxter_core_msgs/share/baxter_core_msgs/srv/CloseCamera_Response.msg
[3.003s] -- Up-to-date symlink: /home/mael/ros2_ws/install/baxter_core_msgs/share/baxter_core_msgs/srv/OpenCamera.srv
[3.004s] -- Up-to-date symlink: /home/mael/ros2_ws/install/baxter_core_msgs/share/baxter_core_msgs/srv/OpenCamera_Request.msg
[3.004s] -- Up-to-date symlink: /home/mael/ros2_ws/install/baxter_core_msgs/share/baxter_core_msgs/srv/OpenCamera_Response.msg
[3.004s] -- Up-to-date symlink: /home/mael/ros2_ws/install/baxter_core_msgs/share/baxter_core_msgs/srv/BridgePublishersForce.srv
[3.004s] -- Up-to-date symlink: /home/mael/ros2_ws/install/baxter_core_msgs/share/baxter_core_msgs/srv/BridgePublishersForce_Request.msg
[3.004s] -- Up-to-date symlink: /home/mael/ros2_ws/install/baxter_core_msgs/share/baxter_core_msgs/srv/BridgePublishersForce_Response.msg
[3.004s] -- Up-to-date symlink: /home/mael/ros2_ws/install/baxter_core_msgs/share/baxter_core_msgs/srv/BridgePublishersAuth.srv
[3.004s] -- Up-to-date symlink: /home/mael/ros2_ws/install/baxter_core_msgs/share/baxter_core_msgs/srv/BridgePublishersAuth_Request.msg
[3.004s] -- Up-to-date symlink: /home/mael/ros2_ws/install/baxter_core_msgs/share/baxter_core_msgs/srv/BridgePublishersAuth_Response.msg
[3.004s] -- Up-to-date symlink: /home/mael/ros2_ws/install/baxter_core_msgs/share/baxter_core_msgs/srv/SolvePositionIK.srv
[3.004s] -- Up-to-date symlink: /home/mael/ros2_ws/install/baxter_core_msgs/share/baxter_core_msgs/srv/SolvePositionIK_Request.msg
[3.004s] -- Up-to-date symlink: /home/mael/ros2_ws/install/baxter_core_msgs/share/baxter_core_msgs/srv/SolvePositionIK_Response.msg
[3.005s] -- Up-to-date symlink: /home/mael/ros2_ws/install/baxter_core_msgs/share/baxter_core_msgs/mapping_rules.yaml
[3.005s] -- Up-to-date symlink: /home/mael/ros2_ws/install/baxter_core_msgs/share/ament_index/resource_index/package_run_dependencies/baxter_core_msgs
[3.005s] -- Up-to-date symlink: /home/mael/ros2_ws/install/baxter_core_msgs/share/ament_index/resource_index/parent_prefix_path/baxter_core_msgs
[3.005s] -- Up-to-date symlink: /home/mael/ros2_ws/install/baxter_core_msgs/share/baxter_core_msgs/environment/ament_prefix_path.sh
[3.005s] -- Up-to-date symlink: /home/mael/ros2_ws/install/baxter_core_msgs/share/baxter_core_msgs/environment/ament_prefix_path.dsv
[3.005s] -- Up-to-date symlink: /home/mael/ros2_ws/install/baxter_core_msgs/share/baxter_core_msgs/environment/path.sh
[3.005s] -- Up-to-date symlink: /home/mael/ros2_ws/install/baxter_core_msgs/share/baxter_core_msgs/environment/path.dsv
[3.005s] -- Up-to-date symlink: /home/mael/ros2_ws/install/baxter_core_msgs/share/baxter_core_msgs/local_setup.bash
[3.005s] -- Up-to-date symlink: /home/mael/ros2_ws/install/baxter_core_msgs/share/baxter_core_msgs/local_setup.sh
[3.006s] -- Up-to-date symlink: /home/mael/ros2_ws/install/baxter_core_msgs/share/baxter_core_msgs/local_setup.zsh
[3.006s] -- Up-to-date symlink: /home/mael/ros2_ws/install/baxter_core_msgs/share/baxter_core_msgs/local_setup.dsv
[3.006s] -- Symlinking: /home/mael/ros2_ws/install/baxter_core_msgs/share/baxter_core_msgs/package.dsv
[3.014s] -- Up-to-date symlink: /home/mael/ros2_ws/install/baxter_core_msgs/share/ament_index/resource_index/packages/baxter_core_msgs
[3.014s] -- Up-to-date symlink: /home/mael/ros2_ws/install/baxter_core_msgs/share/baxter_core_msgs/cmake/rosidl_cmake-extras.cmake
[3.014s] -- Up-to-date symlink: /home/mael/ros2_ws/install/baxter_core_msgs/share/baxter_core_msgs/cmake/ament_cmake_export_dependencies-extras.cmake
[3.014s] -- Up-to-date symlink: /home/mael/ros2_ws/install/baxter_core_msgs/share/baxter_core_msgs/cmake/ament_cmake_export_include_directories-extras.cmake
[3.015s] -- Up-to-date symlink: /home/mael/ros2_ws/install/baxter_core_msgs/share/baxter_core_msgs/cmake/ament_cmake_export_libraries-extras.cmake
[3.015s] -- Up-to-date symlink: /home/mael/ros2_ws/install/baxter_core_msgs/share/baxter_core_msgs/cmake/ament_cmake_export_targets-extras.cmake
[3.015s] -- Up-to-date symlink: /home/mael/ros2_ws/install/baxter_core_msgs/share/baxter_core_msgs/cmake/rosidl_cmake_export_typesupport_targets-extras.cmake
[3.015s] -- Up-to-date symlink: /home/mael/ros2_ws/install/baxter_core_msgs/share/baxter_core_msgs/cmake/rosidl_cmake_export_typesupport_libraries-extras.cmake
[3.015s] -- Up-to-date symlink: /home/mael/ros2_ws/install/baxter_core_msgs/share/baxter_core_msgs/cmake/baxter_core_msgsConfig.cmake
[3.015s] -- Up-to-date symlink: /home/mael/ros2_ws/install/baxter_core_msgs/share/baxter_core_msgs/cmake/baxter_core_msgsConfig-version.cmake
[3.016s] -- Up-to-date symlink: /home/mael/ros2_ws/install/baxter_core_msgs/share/baxter_core_msgs/package.xml
[3.016s] -- Up-to-date: /home/mael/ros2_ws/install/baxter_core_msgs/lib/libbaxter_core_msgs__rosidl_generator_c.so
[3.017s] -- Up-to-date: /home/mael/ros2_ws/install/baxter_core_msgs/lib/libbaxter_core_msgs__rosidl_typesupport_fastrtps_c.so
[3.017s] -- Up-to-date: /home/mael/ros2_ws/install/baxter_core_msgs/lib/libbaxter_core_msgs__rosidl_typesupport_fastrtps_cpp.so
[3.017s] -- Up-to-date: /home/mael/ros2_ws/install/baxter_core_msgs/lib/libbaxter_core_msgs__rosidl_typesupport_introspection_c.so
[3.017s] -- Up-to-date: /home/mael/ros2_ws/install/baxter_core_msgs/lib/libbaxter_core_msgs__rosidl_typesupport_c.so
[3.018s] -- Up-to-date: /home/mael/ros2_ws/install/baxter_core_msgs/lib/libbaxter_core_msgs__rosidl_typesupport_introspection_cpp.so
[3.018s] -- Up-to-date: /home/mael/ros2_ws/install/baxter_core_msgs/lib/libbaxter_core_msgs__rosidl_typesupport_cpp.so
[3.044s] Listing '/home/mael/ros2_ws/install/baxter_core_msgs/local/lib/python3.10/dist-packages/baxter_core_msgs'...
[3.044s] Listing '/home/mael/ros2_ws/install/baxter_core_msgs/local/lib/python3.10/dist-packages/baxter_core_msgs/msg'...
[3.044s] Listing '/home/mael/ros2_ws/install/baxter_core_msgs/local/lib/python3.10/dist-packages/baxter_core_msgs/srv'...
[3.050s] -- Up-to-date: /home/mael/ros2_ws/install/baxter_core_msgs/lib/libbaxter_core_msgs__rosidl_generator_py.so
[3.050s] -- Up-to-date: /home/mael/ros2_ws/install/baxter_core_msgs/share/baxter_core_msgs/cmake/export_baxter_core_msgs__rosidl_generator_cExport.cmake
[3.051s] -- Up-to-date: /home/mael/ros2_ws/install/baxter_core_msgs/share/baxter_core_msgs/cmake/export_baxter_core_msgs__rosidl_generator_cExport-noconfig.cmake
[3.051s] -- Up-to-date: /home/mael/ros2_ws/install/baxter_core_msgs/share/baxter_core_msgs/cmake/export_baxter_core_msgs__rosidl_typesupport_fastrtps_cExport.cmake
[3.051s] -- Up-to-date: /home/mael/ros2_ws/install/baxter_core_msgs/share/baxter_core_msgs/cmake/export_baxter_core_msgs__rosidl_typesupport_fastrtps_cExport-noconfig.cmake
[3.052s] -- Up-to-date: /home/mael/ros2_ws/install/baxter_core_msgs/share/baxter_core_msgs/cmake/export_baxter_core_msgs__rosidl_generator_cppExport.cmake
[3.052s] -- Up-to-date: /home/mael/ros2_ws/install/baxter_core_msgs/share/baxter_core_msgs/cmake/export_baxter_core_msgs__rosidl_typesupport_fastrtps_cppExport.cmake
[3.052s] -- Up-to-date: /home/mael/ros2_ws/install/baxter_core_msgs/share/baxter_core_msgs/cmake/export_baxter_core_msgs__rosidl_typesupport_fastrtps_cppExport-noconfig.cmake
[3.053s] -- Up-to-date: /home/mael/ros2_ws/install/baxter_core_msgs/share/baxter_core_msgs/cmake/baxter_core_msgs__rosidl_typesupport_introspection_cExport.cmake
[3.053s] -- Up-to-date: /home/mael/ros2_ws/install/baxter_core_msgs/share/baxter_core_msgs/cmake/baxter_core_msgs__rosidl_typesupport_introspection_cExport-noconfig.cmake
[3.053s] -- Up-to-date: /home/mael/ros2_ws/install/baxter_core_msgs/share/baxter_core_msgs/cmake/baxter_core_msgs__rosidl_typesupport_cExport.cmake
[3.054s] -- Up-to-date: /home/mael/ros2_ws/install/baxter_core_msgs/share/baxter_core_msgs/cmake/baxter_core_msgs__rosidl_typesupport_cExport-noconfig.cmake
[3.055s] -- Up-to-date: /home/mael/ros2_ws/install/baxter_core_msgs/share/baxter_core_msgs/cmake/baxter_core_msgs__rosidl_typesupport_introspection_cppExport.cmake
[3.055s] -- Up-to-date: /home/mael/ros2_ws/install/baxter_core_msgs/share/baxter_core_msgs/cmake/baxter_core_msgs__rosidl_typesupport_introspection_cppExport-noconfig.cmake
[3.055s] -- Up-to-date: /home/mael/ros2_ws/install/baxter_core_msgs/share/baxter_core_msgs/cmake/baxter_core_msgs__rosidl_typesupport_cppExport.cmake
[3.056s] -- Up-to-date: /home/mael/ros2_ws/install/baxter_core_msgs/share/baxter_core_msgs/cmake/baxter_core_msgs__rosidl_typesupport_cppExport-noconfig.cmake
[3.056s] -- Up-to-date: /home/mael/ros2_ws/install/baxter_core_msgs/share/baxter_core_msgs/cmake/export_baxter_core_msgs__rosidl_generator_pyExport.cmake
[3.056s] -- Up-to-date: /home/mael/ros2_ws/install/baxter_core_msgs/share/baxter_core_msgs/cmake/export_baxter_core_msgs__rosidl_generator_pyExport-noconfig.cmake
[3.063s] Invoked command in '/home/mael/ros2_ws/build/baxter_core_msgs' returned '0': CMAKE_PREFIX_PATH=${CMAKE_PREFIX_PATH}:/home/mael/ros2_ws/install/ros_tcp_endpoint:/home/mael/ros2_ws/install/baxter_joint_controller:/home/mael/ros2_ws/install/baxter_6dof_vr:/opt/ros/humble /usr/bin/cmake --install /home/mael/ros2_ws/build/baxter_core_msgs
