[2.169s] Invoking command in '/home/mael/ros2_ws/build/zed_components': CMAKE_PREFIX_PATH=/home/mael/ros2_ws/install/zed_interfaces:/home/mael/ros2_ws/install/zed_ros2:/home/mael/ros2_ws/install/zed_wrapper:/home/mael/ros2_ws/install/zed_components:/home/mael/ros2_ws/install/baxter_moveit_ros2:/home/mael/ros2_ws/install/baxter_description:/home/mael/ros2_ws/install/rethink_ee_description:/home/mael/ros2_ws/install/perception_pcl:/home/mael/ros2_ws/install/pcl_ros:/home/mael/ros2_ws/install/pcl_conversions:/home/mael/ros2_ws/install/baxter_maintenance_msgs:/home/mael/ros2_ws/install/baxter_core_msgs:/home/mael/ros2_ws/install/apriltag_ros_pose:/home/mael/ros2_ws/install/apriltag_ros2:/home/mael/ros2_ws/install/ros_tcp_endpoint:/home/mael/ros2_ws/install/baxter_joint_controller:/home/mael/ros2_ws/install/baxter_6dof_vr:/opt/ros/humble LD_LIBRARY_PATH=/home/mael/ros2_ws/install/zed_interfaces/lib:/home/mael/ros2_ws/install/zed_components/lib:/home/mael/ros2_ws/install/pcl_ros/lib:/home/mael/ros2_ws/install/baxter_maintenance_msgs/lib:/home/mael/ros2_ws/install/baxter_core_msgs/lib:/home/mael/ros2_ws/install/apriltag_ros_pose/lib:/home/mael/ros2_ws/install/apriltag_ros2/lib:/opt/ros/humble/opt/rviz_ogre_vendor/lib:/opt/ros/humble/lib/x86_64-linux-gnu:/opt/ros/humble/lib /usr/bin/cmake --build /home/mael/ros2_ws/build/zed_components -- -j8 -l8
[4.559s] [100%] Built target zed_camera_component
[6.529s] Invoked command in '/home/mael/ros2_ws/build/zed_components' returned '0': CMAKE_PREFIX_PATH=/home/mael/ros2_ws/install/zed_interfaces:/home/mael/ros2_ws/install/zed_ros2:/home/mael/ros2_ws/install/zed_wrapper:/home/mael/ros2_ws/install/zed_components:/home/mael/ros2_ws/install/baxter_moveit_ros2:/home/mael/ros2_ws/install/baxter_description:/home/mael/ros2_ws/install/rethink_ee_description:/home/mael/ros2_ws/install/perception_pcl:/home/mael/ros2_ws/install/pcl_ros:/home/mael/ros2_ws/install/pcl_conversions:/home/mael/ros2_ws/install/baxter_maintenance_msgs:/home/mael/ros2_ws/install/baxter_core_msgs:/home/mael/ros2_ws/install/apriltag_ros_pose:/home/mael/ros2_ws/install/apriltag_ros2:/home/mael/ros2_ws/install/ros_tcp_endpoint:/home/mael/ros2_ws/install/baxter_joint_controller:/home/mael/ros2_ws/install/baxter_6dof_vr:/opt/ros/humble LD_LIBRARY_PATH=/home/mael/ros2_ws/install/zed_interfaces/lib:/home/mael/ros2_ws/install/zed_components/lib:/home/mael/ros2_ws/install/pcl_ros/lib:/home/mael/ros2_ws/install/baxter_maintenance_msgs/lib:/home/mael/ros2_ws/install/baxter_core_msgs/lib:/home/mael/ros2_ws/install/apriltag_ros_pose/lib:/home/mael/ros2_ws/install/apriltag_ros2/lib:/opt/ros/humble/opt/rviz_ogre_vendor/lib:/opt/ros/humble/lib/x86_64-linux-gnu:/opt/ros/humble/lib /usr/bin/cmake --build /home/mael/ros2_ws/build/zed_components -- -j8 -l8
[7.103s] Invoking command in '/home/mael/ros2_ws/build/zed_components': CMAKE_PREFIX_PATH=/home/mael/ros2_ws/install/zed_interfaces:/home/mael/ros2_ws/install/zed_ros2:/home/mael/ros2_ws/install/zed_wrapper:/home/mael/ros2_ws/install/zed_components:/home/mael/ros2_ws/install/baxter_moveit_ros2:/home/mael/ros2_ws/install/baxter_description:/home/mael/ros2_ws/install/rethink_ee_description:/home/mael/ros2_ws/install/perception_pcl:/home/mael/ros2_ws/install/pcl_ros:/home/mael/ros2_ws/install/pcl_conversions:/home/mael/ros2_ws/install/baxter_maintenance_msgs:/home/mael/ros2_ws/install/baxter_core_msgs:/home/mael/ros2_ws/install/apriltag_ros_pose:/home/mael/ros2_ws/install/apriltag_ros2:/home/mael/ros2_ws/install/ros_tcp_endpoint:/home/mael/ros2_ws/install/baxter_joint_controller:/home/mael/ros2_ws/install/baxter_6dof_vr:/opt/ros/humble LD_LIBRARY_PATH=/home/mael/ros2_ws/install/zed_interfaces/lib:/home/mael/ros2_ws/install/zed_components/lib:/home/mael/ros2_ws/install/pcl_ros/lib:/home/mael/ros2_ws/install/baxter_maintenance_msgs/lib:/home/mael/ros2_ws/install/baxter_core_msgs/lib:/home/mael/ros2_ws/install/apriltag_ros_pose/lib:/home/mael/ros2_ws/install/apriltag_ros2/lib:/opt/ros/humble/opt/rviz_ogre_vendor/lib:/opt/ros/humble/lib/x86_64-linux-gnu:/opt/ros/humble/lib /usr/bin/cmake --install /home/mael/ros2_ws/build/zed_components
[7.436s] -- Install configuration: "Release"
[7.437s] -- Execute custom install script
[7.437s] -- Up-to-date symlink: /home/mael/ros2_ws/install/zed_components/lib/libzed_camera_component.so
[7.437s] -- Up-to-date symlink: /home/mael/ros2_ws/install/zed_components/include/zed_components//cost_traversability.hpp
[7.438s] -- Up-to-date symlink: /home/mael/ros2_ws/install/zed_components/include/zed_components//sl_types.hpp
[7.438s] -- Up-to-date symlink: /home/mael/ros2_ws/install/zed_components/include/zed_components//zed_camera_component.hpp
[7.439s] -- Up-to-date symlink: /home/mael/ros2_ws/install/zed_components/include/zed_components//sl_logging.hpp
[7.439s] -- Up-to-date symlink: /home/mael/ros2_ws/install/zed_components/include/zed_components//sl_tools.hpp
[7.439s] -- Up-to-date symlink: /home/mael/ros2_ws/install/zed_components/include/zed_components//sl_win_avg.hpp
[7.440s] -- Up-to-date symlink: /home/mael/ros2_ws/install/zed_components/include/zed_components//visibility_control.hpp
[7.440s] -- Up-to-date symlink: /home/mael/ros2_ws/install/zed_components/share/zed_components/environment/library_path.sh
[7.440s] -- Up-to-date symlink: /home/mael/ros2_ws/install/zed_components/share/zed_components/environment/library_path.dsv
[7.442s] -- Up-to-date symlink: /home/mael/ros2_ws/install/zed_components/share/ament_index/resource_index/package_run_dependencies/zed_components
[7.449s] -- Up-to-date symlink: /home/mael/ros2_ws/install/zed_components/share/ament_index/resource_index/parent_prefix_path/zed_components
[7.450s] -- Up-to-date symlink: /home/mael/ros2_ws/install/zed_components/share/zed_components/environment/ament_prefix_path.sh
[7.450s] -- Up-to-date symlink: /home/mael/ros2_ws/install/zed_components/share/zed_components/environment/ament_prefix_path.dsv
[7.451s] -- Up-to-date symlink: /home/mael/ros2_ws/install/zed_components/share/zed_components/environment/path.sh
[7.451s] -- Up-to-date symlink: /home/mael/ros2_ws/install/zed_components/share/zed_components/environment/path.dsv
[7.451s] -- Up-to-date symlink: /home/mael/ros2_ws/install/zed_components/share/zed_components/local_setup.bash
[7.452s] -- Up-to-date symlink: /home/mael/ros2_ws/install/zed_components/share/zed_components/local_setup.sh
[7.452s] -- Up-to-date symlink: /home/mael/ros2_ws/install/zed_components/share/zed_components/local_setup.zsh
[7.452s] -- Up-to-date symlink: /home/mael/ros2_ws/install/zed_components/share/zed_components/local_setup.dsv
[7.452s] -- Symlinking: /home/mael/ros2_ws/install/zed_components/share/zed_components/package.dsv
[7.453s] -- Up-to-date symlink: /home/mael/ros2_ws/install/zed_components/share/ament_index/resource_index/packages/zed_components
[7.453s] -- Up-to-date symlink: /home/mael/ros2_ws/install/zed_components/share/ament_index/resource_index/rclcpp_components/zed_components
[7.453s] -- Up-to-date symlink: /home/mael/ros2_ws/install/zed_components/share/zed_components/cmake/ament_cmake_export_include_directories-extras.cmake
[7.453s] -- Up-to-date symlink: /home/mael/ros2_ws/install/zed_components/share/zed_components/cmake/ament_cmake_export_libraries-extras.cmake
[7.454s] -- Up-to-date symlink: /home/mael/ros2_ws/install/zed_components/share/zed_components/cmake/ament_cmake_export_dependencies-extras.cmake
[7.457s] -- Up-to-date symlink: /home/mael/ros2_ws/install/zed_components/share/zed_components/cmake/zed_componentsConfig.cmake
[7.457s] -- Up-to-date symlink: /home/mael/ros2_ws/install/zed_components/share/zed_components/cmake/zed_componentsConfig-version.cmake
[7.457s] -- Up-to-date symlink: /home/mael/ros2_ws/install/zed_components/share/zed_components/package.xml
[7.460s] Invoked command in '/home/mael/ros2_ws/build/zed_components' returned '0': CMAKE_PREFIX_PATH=/home/mael/ros2_ws/install/zed_interfaces:/home/mael/ros2_ws/install/zed_ros2:/home/mael/ros2_ws/install/zed_wrapper:/home/mael/ros2_ws/install/zed_components:/home/mael/ros2_ws/install/baxter_moveit_ros2:/home/mael/ros2_ws/install/baxter_description:/home/mael/ros2_ws/install/rethink_ee_description:/home/mael/ros2_ws/install/perception_pcl:/home/mael/ros2_ws/install/pcl_ros:/home/mael/ros2_ws/install/pcl_conversions:/home/mael/ros2_ws/install/baxter_maintenance_msgs:/home/mael/ros2_ws/install/baxter_core_msgs:/home/mael/ros2_ws/install/apriltag_ros_pose:/home/mael/ros2_ws/install/apriltag_ros2:/home/mael/ros2_ws/install/ros_tcp_endpoint:/home/mael/ros2_ws/install/baxter_joint_controller:/home/mael/ros2_ws/install/baxter_6dof_vr:/opt/ros/humble LD_LIBRARY_PATH=/home/mael/ros2_ws/install/zed_interfaces/lib:/home/mael/ros2_ws/install/zed_components/lib:/home/mael/ros2_ws/install/pcl_ros/lib:/home/mael/ros2_ws/install/baxter_maintenance_msgs/lib:/home/mael/ros2_ws/install/baxter_core_msgs/lib:/home/mael/ros2_ws/install/apriltag_ros_pose/lib:/home/mael/ros2_ws/install/apriltag_ros2/lib:/opt/ros/humble/opt/rviz_ogre_vendor/lib:/opt/ros/humble/lib/x86_64-linux-gnu:/opt/ros/humble/lib /usr/bin/cmake --install /home/mael/ros2_ws/build/zed_components
