[0.026s] Invoking command in '/home/mael/ros2_ws/build/zed_wrapper': CMAKE_PREFIX_PATH=/home/mael/ros2_ws/install/zed_components:/home/mael/ros2_ws/install/zed_interfaces:/home/mael/ros2_ws/install/zed_ros2:/home/mael/ros2_ws/install/zed_wrapper:/home/mael/ros2_ws/install/baxter_moveit_ros2:/home/mael/ros2_ws/install/baxter_description:/home/mael/ros2_ws/install/rethink_ee_description:/home/mael/ros2_ws/install/perception_pcl:/home/mael/ros2_ws/install/pcl_ros:/home/mael/ros2_ws/install/pcl_conversions:/home/mael/ros2_ws/install/baxter_maintenance_msgs:/home/mael/ros2_ws/install/baxter_core_msgs:/home/mael/ros2_ws/install/apriltag_ros_pose:/home/mael/ros2_ws/install/apriltag_ros2:/home/mael/ros2_ws/install/ros_tcp_endpoint:/home/mael/ros2_ws/install/baxter_joint_controller:/home/mael/ros2_ws/install/baxter_6dof_vr:/opt/ros/humble /usr/bin/cmake --build /home/mael/ros2_ws/build/zed_wrapper -- -j8 -l8
[0.114s] [100%] Built target zed_wrapper
[0.129s] Invoked command in '/home/mael/ros2_ws/build/zed_wrapper' returned '0': CMAKE_PREFIX_PATH=/home/mael/ros2_ws/install/zed_components:/home/mael/ros2_ws/install/zed_interfaces:/home/mael/ros2_ws/install/zed_ros2:/home/mael/ros2_ws/install/zed_wrapper:/home/mael/ros2_ws/install/baxter_moveit_ros2:/home/mael/ros2_ws/install/baxter_description:/home/mael/ros2_ws/install/rethink_ee_description:/home/mael/ros2_ws/install/perception_pcl:/home/mael/ros2_ws/install/pcl_ros:/home/mael/ros2_ws/install/pcl_conversions:/home/mael/ros2_ws/install/baxter_maintenance_msgs:/home/mael/ros2_ws/install/baxter_core_msgs:/home/mael/ros2_ws/install/apriltag_ros_pose:/home/mael/ros2_ws/install/apriltag_ros2:/home/mael/ros2_ws/install/ros_tcp_endpoint:/home/mael/ros2_ws/install/baxter_joint_controller:/home/mael/ros2_ws/install/baxter_6dof_vr:/opt/ros/humble /usr/bin/cmake --build /home/mael/ros2_ws/build/zed_wrapper -- -j8 -l8
[0.170s] Invoking command in '/home/mael/ros2_ws/build/zed_wrapper': CMAKE_PREFIX_PATH=/home/mael/ros2_ws/install/zed_components:/home/mael/ros2_ws/install/zed_interfaces:/home/mael/ros2_ws/install/zed_ros2:/home/mael/ros2_ws/install/zed_wrapper:/home/mael/ros2_ws/install/baxter_moveit_ros2:/home/mael/ros2_ws/install/baxter_description:/home/mael/ros2_ws/install/rethink_ee_description:/home/mael/ros2_ws/install/perception_pcl:/home/mael/ros2_ws/install/pcl_ros:/home/mael/ros2_ws/install/pcl_conversions:/home/mael/ros2_ws/install/baxter_maintenance_msgs:/home/mael/ros2_ws/install/baxter_core_msgs:/home/mael/ros2_ws/install/apriltag_ros_pose:/home/mael/ros2_ws/install/apriltag_ros2:/home/mael/ros2_ws/install/ros_tcp_endpoint:/home/mael/ros2_ws/install/baxter_joint_controller:/home/mael/ros2_ws/install/baxter_6dof_vr:/opt/ros/humble /usr/bin/cmake --install /home/mael/ros2_ws/build/zed_wrapper
[0.181s] -- Install configuration: "Release"
[0.181s] -- Execute custom install script
[0.182s] -- Up-to-date symlink: /home/mael/ros2_ws/install/zed_wrapper/lib/zed_wrapper/zed_wrapper
[0.183s] -- Up-to-date symlink: /home/mael/ros2_ws/install/zed_wrapper/share/zed_wrapper/config/common.yaml
[0.183s] -- Up-to-date symlink: /home/mael/ros2_ws/install/zed_wrapper/share/zed_wrapper/config/zed.yaml
[0.183s] -- Up-to-date symlink: /home/mael/ros2_ws/install/zed_wrapper/share/zed_wrapper/config/zed2.yaml
[0.183s] -- Up-to-date symlink: /home/mael/ros2_ws/install/zed_wrapper/share/zed_wrapper/config/zed2i.yaml
[0.184s] -- Up-to-date symlink: /home/mael/ros2_ws/install/zed_wrapper/share/zed_wrapper/config/zedm.yaml
[0.184s] -- Up-to-date symlink: /home/mael/ros2_ws/install/zed_wrapper/share/zed_wrapper/config/zedx.yaml
[0.184s] -- Up-to-date symlink: /home/mael/ros2_ws/install/zed_wrapper/share/zed_wrapper/config/zedxm.yaml
[0.185s] -- Up-to-date symlink: /home/mael/ros2_ws/install/zed_wrapper/share/zed_wrapper/urdf/include/materials.urdf.xacro
[0.185s] -- Up-to-date symlink: /home/mael/ros2_ws/install/zed_wrapper/share/zed_wrapper/urdf/zed_descr.urdf.xacro
[0.185s] -- Up-to-date symlink: /home/mael/ros2_ws/install/zed_wrapper/share/zed_wrapper/urdf/zed_macro.urdf.xacro
[0.186s] -- Up-to-date symlink: /home/mael/ros2_ws/install/zed_wrapper/share/zed_wrapper/launch/include/zed_camera.launch.py
[0.186s] -- Up-to-date symlink: /home/mael/ros2_ws/install/zed_wrapper/share/zed_wrapper/launch/zed.launch.py
[0.186s] -- Up-to-date symlink: /home/mael/ros2_ws/install/zed_wrapper/share/zed_wrapper/launch/zed2.launch.py
[0.187s] -- Up-to-date symlink: /home/mael/ros2_ws/install/zed_wrapper/share/zed_wrapper/launch/zed2i.launch.py
[0.187s] -- Up-to-date symlink: /home/mael/ros2_ws/install/zed_wrapper/share/zed_wrapper/launch/zedm.launch.py
[0.187s] -- Up-to-date symlink: /home/mael/ros2_ws/install/zed_wrapper/share/zed_wrapper/launch/zedx.launch.py
[0.187s] -- Up-to-date symlink: /home/mael/ros2_ws/install/zed_wrapper/share/zed_wrapper/launch/zedxm.launch.py
[0.188s] -- Up-to-date symlink: /home/mael/ros2_ws/install/zed_wrapper/share/ament_index/resource_index/package_run_dependencies/zed_wrapper
[0.188s] -- Up-to-date symlink: /home/mael/ros2_ws/install/zed_wrapper/share/ament_index/resource_index/parent_prefix_path/zed_wrapper
[0.188s] -- Up-to-date symlink: /home/mael/ros2_ws/install/zed_wrapper/share/zed_wrapper/environment/ament_prefix_path.sh
[0.189s] -- Up-to-date symlink: /home/mael/ros2_ws/install/zed_wrapper/share/zed_wrapper/environment/ament_prefix_path.dsv
[0.189s] -- Up-to-date symlink: /home/mael/ros2_ws/install/zed_wrapper/share/zed_wrapper/environment/path.sh
[0.189s] -- Up-to-date symlink: /home/mael/ros2_ws/install/zed_wrapper/share/zed_wrapper/environment/path.dsv
[0.191s] -- Up-to-date symlink: /home/mael/ros2_ws/install/zed_wrapper/share/zed_wrapper/local_setup.bash
[0.191s] -- Up-to-date symlink: /home/mael/ros2_ws/install/zed_wrapper/share/zed_wrapper/local_setup.sh
[0.196s] -- Up-to-date symlink: /home/mael/ros2_ws/install/zed_wrapper/share/zed_wrapper/local_setup.zsh
[0.196s] -- Up-to-date symlink: /home/mael/ros2_ws/install/zed_wrapper/share/zed_wrapper/local_setup.dsv
[0.196s] -- Symlinking: /home/mael/ros2_ws/install/zed_wrapper/share/zed_wrapper/package.dsv
[0.210s] -- Up-to-date symlink: /home/mael/ros2_ws/install/zed_wrapper/share/ament_index/resource_index/packages/zed_wrapper
[0.210s] -- Up-to-date symlink: /home/mael/ros2_ws/install/zed_wrapper/share/zed_wrapper/cmake/zed_wrapperConfig.cmake
[0.210s] -- Up-to-date symlink: /home/mael/ros2_ws/install/zed_wrapper/share/zed_wrapper/cmake/zed_wrapperConfig-version.cmake
[0.211s] -- Up-to-date symlink: /home/mael/ros2_ws/install/zed_wrapper/share/zed_wrapper/package.xml
[0.218s] Invoked command in '/home/mael/ros2_ws/build/zed_wrapper' returned '0': CMAKE_PREFIX_PATH=/home/mael/ros2_ws/install/zed_components:/home/mael/ros2_ws/install/zed_interfaces:/home/mael/ros2_ws/install/zed_ros2:/home/mael/ros2_ws/install/zed_wrapper:/home/mael/ros2_ws/install/baxter_moveit_ros2:/home/mael/ros2_ws/install/baxter_description:/home/mael/ros2_ws/install/rethink_ee_description:/home/mael/ros2_ws/install/perception_pcl:/home/mael/ros2_ws/install/pcl_ros:/home/mael/ros2_ws/install/pcl_conversions:/home/mael/ros2_ws/install/baxter_maintenance_msgs:/home/mael/ros2_ws/install/baxter_core_msgs:/home/mael/ros2_ws/install/apriltag_ros_pose:/home/mael/ros2_ws/install/apriltag_ros2:/home/mael/ros2_ws/install/ros_tcp_endpoint:/home/mael/ros2_ws/install/baxter_joint_controller:/home/mael/ros2_ws/install/baxter_6dof_vr:/opt/ros/humble /usr/bin/cmake --install /home/mael/ros2_ws/build/zed_wrapper
