[10.376s] Invoking command in '/home/mael/ros2_ws/build/baxter_6dof_vr': PYTHONPATH=/home/mael/ros2_ws/build/baxter_6dof_vr/prefix_override:/home/mael/ros2_ws/install/baxter_6dof_vr/lib/python3.10/site-packages:${PYTHONPATH} /usr/bin/python3 setup.py develop --editable --build-directory /home/mael/ros2_ws/build/baxter_6dof_vr/build --no-deps install_data
[10.736s] running develop
[10.736s] /usr/lib/python3/dist-packages/setuptools/command/easy_install.py:158: EasyInstallDeprecationWarning: easy_install command is deprecated. Use build and pip and other standards-based tools.
[10.736s]   warnings.warn(
[10.738s] /usr/lib/python3/dist-packages/setuptools/command/install.py:34: SetuptoolsDeprecationWarning: setup.py install is deprecated. Use build and pip and other standards-based tools.
[10.738s]   warnings.warn(
[10.828s] /usr/lib/python3/dist-packages/pkg_resources/__init__.py:116: PkgResourcesDeprecationWarning: 1.16.0-unknown is an invalid version and will not be supported in a future release
[10.828s]   warnings.warn(
[10.829s] /usr/lib/python3/dist-packages/pkg_resources/__init__.py:116: PkgResourcesDeprecationWarning: 0.1.43ubuntu1 is an invalid version and will not be supported in a future release
[10.829s]   warnings.warn(
[10.829s] /usr/lib/python3/dist-packages/pkg_resources/__init__.py:116: PkgResourcesDeprecationWarning: 1.1build1 is an invalid version and will not be supported in a future release
[10.829s]   warnings.warn(
[10.961s] running egg_info
[10.962s] writing baxter_6dof_vr.egg-info/PKG-INFO
[11.068s] writing dependency_links to baxter_6dof_vr.egg-info/dependency_links.txt
[11.069s] writing entry points to baxter_6dof_vr.egg-info/entry_points.txt
[11.070s] writing requirements to baxter_6dof_vr.egg-info/requires.txt
[11.263s] writing top-level names to baxter_6dof_vr.egg-info/top_level.txt
[11.269s] reading manifest file 'baxter_6dof_vr.egg-info/SOURCES.txt'
[11.272s] writing manifest file 'baxter_6dof_vr.egg-info/SOURCES.txt'
[11.444s] running build_ext
[11.444s] Creating /home/mael/ros2_ws/install/baxter_6dof_vr/lib/python3.10/site-packages/baxter-6dof-vr.egg-link (link to .)
[11.553s] Installing pose_to_tf script to /home/mael/ros2_ws/install/baxter_6dof_vr/lib/baxter_6dof_vr
[11.553s] 
[11.553s] Installed /home/mael/ros2_ws/build/baxter_6dof_vr
[11.553s] running install_data
[15.724s] Invoked command in '/home/mael/ros2_ws/build/baxter_6dof_vr' returned '0': PYTHONPATH=/home/mael/ros2_ws/build/baxter_6dof_vr/prefix_override:/home/mael/ros2_ws/install/baxter_6dof_vr/lib/python3.10/site-packages:${PYTHONPATH} /usr/bin/python3 setup.py develop --editable --build-directory /home/mael/ros2_ws/build/baxter_6dof_vr/build --no-deps install_data
