[3.661s] Invoking command in '/home/mael/ros2_ws/build/baxter_joint_controller': PYTHONPATH=/home/mael/ros2_ws/build/baxter_joint_controller/prefix_override:/home/mael/ros2_ws/install/baxter_joint_controller/lib/python3.10/site-packages:${PYTHONPATH} /usr/bin/python3 setup.py develop --editable --build-directory /home/mael/ros2_ws/build/baxter_joint_controller/build --no-deps install_data
[4.199s] running develop
[4.199s] /usr/lib/python3/dist-packages/setuptools/command/easy_install.py:158: EasyInstallDeprecationWarning: easy_install command is deprecated. Use build and pip and other standards-based tools.
[4.199s]   warnings.warn(
[4.199s] /usr/lib/python3/dist-packages/setuptools/command/install.py:34: SetuptoolsDeprecationWarning: setup.py install is deprecated. Use build and pip and other standards-based tools.
[4.199s]   warnings.warn(
[4.199s] /usr/lib/python3/dist-packages/pkg_resources/__init__.py:116: PkgResourcesDeprecationWarning: 1.16.0-unknown is an invalid version and will not be supported in a future release
[4.200s]   warnings.warn(
[4.200s] /usr/lib/python3/dist-packages/pkg_resources/__init__.py:116: PkgResourcesDeprecationWarning: 0.1.43ubuntu1 is an invalid version and will not be supported in a future release
[4.200s]   warnings.warn(
[4.200s] /usr/lib/python3/dist-packages/pkg_resources/__init__.py:116: PkgResourcesDeprecationWarning: 1.1build1 is an invalid version and will not be supported in a future release
[4.200s]   warnings.warn(
[4.357s] running egg_info
[4.357s] writing baxter_joint_controller.egg-info/PKG-INFO
[4.609s] writing dependency_links to baxter_joint_controller.egg-info/dependency_links.txt
[4.750s] writing entry points to baxter_joint_controller.egg-info/entry_points.txt
[4.942s] writing requirements to baxter_joint_controller.egg-info/requires.txt
[5.050s] writing top-level names to baxter_joint_controller.egg-info/top_level.txt
[5.052s] reading manifest file 'baxter_joint_controller.egg-info/SOURCES.txt'
[5.054s] writing manifest file 'baxter_joint_controller.egg-info/SOURCES.txt'
[5.286s] running build_ext
[5.286s] Creating /home/mael/ros2_ws/install/baxter_joint_controller/lib/python3.10/site-packages/baxter-joint-controller.egg-link (link to .)
[5.441s] Installing controller script to /home/mael/ros2_ws/install/baxter_joint_controller/lib/baxter_joint_controller
[5.441s] 
[5.441s] Installed /home/mael/ros2_ws/build/baxter_joint_controller
[5.441s] running install_data
[5.937s] Invoked command in '/home/mael/ros2_ws/build/baxter_joint_controller' returned '0': PYTHONPATH=/home/mael/ros2_ws/build/baxter_joint_controller/prefix_override:/home/mael/ros2_ws/install/baxter_joint_controller/lib/python3.10/site-packages:${PYTHONPATH} /usr/bin/python3 setup.py develop --editable --build-directory /home/mael/ros2_ws/build/baxter_joint_controller/build --no-deps install_data
