[0.059s] Invoking command in '/home/mael/ros2_ws/build/pcl_conversions': CMAKE_PREFIX_PATH=${CMAKE_PREFIX_PATH}:/home/mael/ros2_ws/install/ros_tcp_endpoint:/home/mael/ros2_ws/install/baxter_joint_controller:/home/mael/ros2_ws/install/baxter_6dof_vr:/opt/ros/humble /usr/bin/cmake /home/mael/ros2_ws/src/perception_pcl/pcl_conversions -DAMENT_CMAKE_SYMLINK_INSTALL=1 -DCMAKE_INSTALL_PREFIX=/home/mael/ros2_ws/install/pcl_conversions
[0.760s] -- The C compiler identification is GNU 11.3.0
[0.981s] -- The CXX compiler identification is GNU 11.3.0
[0.999s] -- Detecting C compiler ABI info
[1.218s] -- Detecting C compiler ABI info - done
[1.239s] -- Check for working C compiler: /usr/bin/cc - skipped
[1.239s] -- Detecting C compile features
[1.239s] -- Detecting C compile features - done
[1.244s] -- Detecting CXX compiler ABI info
[1.374s] -- Detecting CXX compiler ABI info - done
[1.390s] -- Check for working CXX compiler: /usr/bin/c++ - skipped
[1.390s] -- Detecting CXX compile features
[1.390s] -- Detecting CXX compile features - done
[1.394s] -- Found ament_cmake: 1.3.5 (/opt/ros/humble/share/ament_cmake/cmake)
[1.662s] -- Found Python3: /usr/bin/python3.10 (found version "3.10.6") found components: Interpreter 
[1.782s] -- Override CMake install command with custom implementation using symlinks instead of copying resources
[1.876s] -- Found Boost: /usr/lib/x86_64-linux-gnu/cmake/Boost-1.74.0/BoostConfig.cmake (found version "1.74.0")  
[1.908s] -- Found message_filters: 4.3.3 (/opt/ros/humble/share/message_filters/cmake)
[1.999s] -- Found rosidl_generator_c: 3.1.4 (/opt/ros/humble/share/rosidl_generator_c/cmake)
[2.007s] -- Found rosidl_adapter: 3.1.4 (/opt/ros/humble/share/rosidl_adapter/cmake)
[2.021s] -- Found rosidl_generator_cpp: 3.1.4 (/opt/ros/humble/share/rosidl_generator_cpp/cmake)
[2.052s] -- Using all available rosidl_typesupport_c: rosidl_typesupport_fastrtps_c;rosidl_typesupport_introspection_c
[2.112s] -- Using all available rosidl_typesupport_cpp: rosidl_typesupport_fastrtps_cpp;rosidl_typesupport_introspection_cpp
[2.272s] -- Found rmw_implementation_cmake: 6.1.1 (/opt/ros/humble/share/rmw_implementation_cmake/cmake)
[2.281s] -- Found rmw_fastrtps_cpp: 6.2.2 (/opt/ros/humble/share/rmw_fastrtps_cpp/cmake)
[2.463s] -- Found OpenSSL: /usr/lib/x86_64-linux-gnu/libcrypto.so (found version "3.0.2")  
[2.507s] -- Found FastRTPS: /opt/ros/humble/include  
[2.583s] -- Using RMW implementation 'rmw_fastrtps_cpp' as default
[2.733s] -- Looking for pthread.h
[2.844s] -- Looking for pthread.h - found
[2.844s] -- Performing Test CMAKE_HAVE_LIBC_PTHREAD
[2.977s] -- Performing Test CMAKE_HAVE_LIBC_PTHREAD - Success
[2.979s] -- Found Threads: TRUE  
[5.759s] -- Checking for module 'eigen3'
[5.941s] --   Found eigen3, version 3.4.0
[6.053s] -- Found Eigen: /usr/include/eigen3 (Required is at least version "3.1") 
[6.054s] -- Eigen found (include: /usr/include/eigen3, version: 3.4.0)
[8.991s] -- Checking for module 'libusb-1.0'
[9.009s] --   Found libusb-1.0, version 1.0.25
[9.162s] -- Found libusb: /usr/lib/x86_64-linux-gnu/libusb-1.0.so  
[9.251s] -- OpenNI found (version: 1.5.4.0, include: /usr/include/ni, lib: /usr/lib/libOpenNI.so;libusb::libusb)
[9.558s] -- OpenNI2 found (version: 2.2.0.33, include: /usr/include/openni2, lib: /usr/lib/x86_64-linux-gnu/libOpenNI2.so;libusb::libusb)
[44.592s] -- Eigen found (include: /usr/include/eigen3, version: 3.4.0)
[44.593s] -- Found PCL_COMMON: /usr/lib/x86_64-linux-gnu/libpcl_common.so  
[44.594s] -- Found PCL_OCTREE: /usr/lib/x86_64-linux-gnu/libpcl_octree.so  
[44.758s] -- Found PCL_IO: /usr/lib/x86_64-linux-gnu/libpcl_io.so  
[44.916s] -- Found pcl_msgs: 1.0.0 (/opt/ros/humble/share/pcl_msgs/cmake)
[48.576s] -- Found ament_cmake_gtest: 1.3.5 (/opt/ros/humble/share/ament_cmake_gtest/cmake)
[48.912s] -- Found gtest sources under '/opt/ros/humble/src/gtest_vendor': C++ tests using 'Google Test' will be built
[49.105s] -- Configuring done
[52.440s] -- Generating done
[52.713s] -- Build files have been written to: /home/mael/ros2_ws/build/pcl_conversions
[52.726s] Invoked command in '/home/mael/ros2_ws/build/pcl_conversions' returned '0': CMAKE_PREFIX_PATH=${CMAKE_PREFIX_PATH}:/home/mael/ros2_ws/install/ros_tcp_endpoint:/home/mael/ros2_ws/install/baxter_joint_controller:/home/mael/ros2_ws/install/baxter_6dof_vr:/opt/ros/humble /usr/bin/cmake /home/mael/ros2_ws/src/perception_pcl/pcl_conversions -DAMENT_CMAKE_SYMLINK_INSTALL=1 -DCMAKE_INSTALL_PREFIX=/home/mael/ros2_ws/install/pcl_conversions
[52.742s] Invoking command in '/home/mael/ros2_ws/build/pcl_conversions': CMAKE_PREFIX_PATH=${CMAKE_PREFIX_PATH}:/home/mael/ros2_ws/install/ros_tcp_endpoint:/home/mael/ros2_ws/install/baxter_joint_controller:/home/mael/ros2_ws/install/baxter_6dof_vr:/opt/ros/humble /usr/bin/cmake --build /home/mael/ros2_ws/build/pcl_conversions -- -j8 -l8
[52.770s] [ 16%] [32mBuilding CXX object gtest/CMakeFiles/gtest_main.dir/src/gtest_main.cc.o[0m
[57.233s] [ 33%] [32m[1mLinking CXX static library libgtest_main.a[0m
[57.593s] [ 33%] Built target gtest_main
[57.620s] [ 50%] [32mBuilding CXX object gtest/CMakeFiles/gtest.dir/src/gtest-all.cc.o[0m
[63.677s] [ 66%] [32m[1mLinking CXX static library libgtest.a[0m
[72.364s] [ 66%] Built target gtest
[72.384s] [ 83%] [32mBuilding CXX object CMakeFiles/pcl_conversions-test.dir/test/test_pcl_conversions.cpp.o[0m
[170.533s] [100%] [32m[1mLinking CXX executable pcl_conversions-test[0m
[185.766s] [100%] Built target pcl_conversions-test
[186.334s] Invoked command in '/home/mael/ros2_ws/build/pcl_conversions' returned '0': CMAKE_PREFIX_PATH=${CMAKE_PREFIX_PATH}:/home/mael/ros2_ws/install/ros_tcp_endpoint:/home/mael/ros2_ws/install/baxter_joint_controller:/home/mael/ros2_ws/install/baxter_6dof_vr:/opt/ros/humble /usr/bin/cmake --build /home/mael/ros2_ws/build/pcl_conversions -- -j8 -l8
[186.411s] Invoking command in '/home/mael/ros2_ws/build/pcl_conversions': CMAKE_PREFIX_PATH=${CMAKE_PREFIX_PATH}:/home/mael/ros2_ws/install/ros_tcp_endpoint:/home/mael/ros2_ws/install/baxter_joint_controller:/home/mael/ros2_ws/install/baxter_6dof_vr:/opt/ros/humble /usr/bin/cmake --install /home/mael/ros2_ws/build/pcl_conversions
[186.411s] -- Install configuration: ""
[186.411s] -- Execute custom install script
[186.411s] -- Symlinking: /home/mael/ros2_ws/install/pcl_conversions/include/pcl_conversions/pcl_conversions/pcl_conversions.h
[186.418s] -- Symlinking: /home/mael/ros2_ws/install/pcl_conversions/share/ament_index/resource_index/package_run_dependencies/pcl_conversions
[186.426s] -- Symlinking: /home/mael/ros2_ws/install/pcl_conversions/share/ament_index/resource_index/parent_prefix_path/pcl_conversions
[186.433s] -- Symlinking: /home/mael/ros2_ws/install/pcl_conversions/share/pcl_conversions/environment/ament_prefix_path.sh
[186.440s] -- Symlinking: /home/mael/ros2_ws/install/pcl_conversions/share/pcl_conversions/environment/ament_prefix_path.dsv
[186.448s] -- Symlinking: /home/mael/ros2_ws/install/pcl_conversions/share/pcl_conversions/environment/path.sh
[186.455s] -- Symlinking: /home/mael/ros2_ws/install/pcl_conversions/share/pcl_conversions/environment/path.dsv
[186.462s] -- Symlinking: /home/mael/ros2_ws/install/pcl_conversions/share/pcl_conversions/local_setup.bash
[186.470s] -- Symlinking: /home/mael/ros2_ws/install/pcl_conversions/share/pcl_conversions/local_setup.sh
[186.477s] -- Symlinking: /home/mael/ros2_ws/install/pcl_conversions/share/pcl_conversions/local_setup.zsh
[186.485s] -- Symlinking: /home/mael/ros2_ws/install/pcl_conversions/share/pcl_conversions/local_setup.dsv
[186.492s] -- Symlinking: /home/mael/ros2_ws/install/pcl_conversions/share/pcl_conversions/package.dsv
[186.500s] -- Symlinking: /home/mael/ros2_ws/install/pcl_conversions/share/ament_index/resource_index/packages/pcl_conversions
[186.507s] -- Symlinking: /home/mael/ros2_ws/install/pcl_conversions/share/pcl_conversions/cmake/ament_cmake_export_include_directories-extras.cmake
[186.514s] -- Symlinking: /home/mael/ros2_ws/install/pcl_conversions/share/pcl_conversions/cmake/ament_cmake_export_dependencies-extras.cmake
[186.522s] -- Symlinking: /home/mael/ros2_ws/install/pcl_conversions/share/pcl_conversions/cmake/pcl_conversionsConfig.cmake
[186.529s] -- Symlinking: /home/mael/ros2_ws/install/pcl_conversions/share/pcl_conversions/cmake/pcl_conversionsConfig-version.cmake
[186.536s] -- Symlinking: /home/mael/ros2_ws/install/pcl_conversions/share/pcl_conversions/package.xml
[186.549s] Invoked command in '/home/mael/ros2_ws/build/pcl_conversions' returned '0': CMAKE_PREFIX_PATH=${CMAKE_PREFIX_PATH}:/home/mael/ros2_ws/install/ros_tcp_endpoint:/home/mael/ros2_ws/install/baxter_joint_controller:/home/mael/ros2_ws/install/baxter_6dof_vr:/opt/ros/humble /usr/bin/cmake --install /home/mael/ros2_ws/build/pcl_conversions
