[4.819s] Invoking command in '/home/mael/ros2_ws/build/moveit_servo_baxter': CMAKE_PREFIX_PATH=${CMAKE_PREFIX_PATH}:/home/mael/ros2_ws/install/ros_tcp_endpoint:/home/mael/ros2_ws/install/baxter_joint_controller:/home/mael/ros2_ws/install/baxter_6dof_vr:/opt/ros/humble /usr/bin/cmake /home/mael/ros2_ws/src/moveit_servo_baxter -DAMENT_CMAKE_SYMLINK_INSTALL=1 -DCMAKE_INSTALL_PREFIX=/home/mael/ros2_ws/install/moveit_servo_baxter
[7.328s] [0mmoveit_servo_baxter: You did not request a specific build type: Choosing 'Release' for maximum performance[0m
[7.328s] -- Found moveit_common: 2.5.4 (/opt/ros/humble/share/moveit_common/cmake)
[7.329s] -- Found ament_cmake: 1.3.5 (/opt/ros/humble/share/ament_cmake/cmake)
[7.329s] -- Override CMake install command with custom implementation using symlinks instead of copying resources
[7.329s] -- Could NOT find libbfd (missing: LIBBFD_LIBRARY LIBBFD_INCLUDE_DIR) 
[7.329s] -- BACKWARD_HAS_UNWIND=1
[7.329s] -- BACKWARD_HAS_BACKTRACE=0
[7.329s] -- BACKWARD_HAS_BACKTRACE_SYMBOL=0
[7.329s] -- BACKWARD_HAS_DW=1
[7.330s] -- BACKWARD_HAS_BFD=0
[7.330s] -- Found Backward: /opt/ros/humble/share/backward_ros/cmake  
[7.330s] -- Found eigen3_cmake_module: 0.1.1 (/opt/ros/humble/share/eigen3_cmake_module/cmake)
[7.330s] -- Found generate_parameter_library: 0.3.3 (/opt/ros/humble/share/generate_parameter_library/cmake)
[7.330s] -- Found parameter_traits: 0.3.3 (/opt/ros/humble/share/parameter_traits/cmake)
[7.330s] -- Found rosidl_generator_c: 3.1.4 (/opt/ros/humble/share/rosidl_generator_c/cmake)
[7.330s] -- Found rosidl_adapter: 3.1.4 (/opt/ros/humble/share/rosidl_adapter/cmake)
[7.330s] -- Found rosidl_generator_cpp: 3.1.4 (/opt/ros/humble/share/rosidl_generator_cpp/cmake)
[7.330s] -- Using all available rosidl_typesupport_c: rosidl_typesupport_fastrtps_c;rosidl_typesupport_introspection_c
[7.331s] -- Using all available rosidl_typesupport_cpp: rosidl_typesupport_fastrtps_cpp;rosidl_typesupport_introspection_cpp
[7.331s] -- Found rmw_implementation_cmake: 6.1.1 (/opt/ros/humble/share/rmw_implementation_cmake/cmake)
[7.331s] -- Found rmw_fastrtps_cpp: 6.2.2 (/opt/ros/humble/share/rmw_fastrtps_cpp/cmake)
[7.331s] -- Using RMW implementation 'rmw_fastrtps_cpp' as default
[7.331s] -- Found rclcpp_lifecycle: 16.0.4 (/opt/ros/humble/share/rclcpp_lifecycle/cmake)
[7.331s] -- Found control_msgs: 4.4.0 (/opt/ros/humble/share/control_msgs/cmake)
[7.407s] -- Found control_toolbox: 3.1.0 (/opt/ros/humble/share/control_toolbox/cmake)
[7.512s] -- Found moveit_core: 2.5.4 (/opt/ros/humble/share/moveit_core/cmake)
[7.531s] -- Found Boost: /usr/lib/x86_64-linux-gnu/cmake/Boost-1.74.0/BoostConfig.cmake (found version "1.74.0") found components: chrono date_time filesystem iostreams program_options regex serialization system thread 
[7.542s] -- Found Boost: /usr/lib/x86_64-linux-gnu/cmake/Boost-1.74.0/BoostConfig.cmake (found version "1.74.0") found components: filesystem 
[7.596s] -- library: /usr/lib/x86_64-linux-gnu/libcurl.so
[7.917s] -- Ensuring Eigen3 include directory is part of orocos-kdl CMake target
[9.251s] -- Found moveit_ros_planning: 2.5.4 (/opt/ros/humble/share/moveit_ros_planning/cmake)
[9.259s] -- Found Boost: /usr/lib/x86_64-linux-gnu/cmake/Boost-1.74.0/BoostConfig.cmake (found version "1.74.0") found components: system filesystem date_time program_options thread chrono 
[9.849s] -- Found std_srvs: 4.2.3 (/opt/ros/humble/share/std_srvs/cmake)
[10.378s] -- Found ament_lint_auto: 0.12.6 (/opt/ros/humble/share/ament_lint_auto/cmake)
[10.380s] -- Found ament_cmake_gtest: 1.3.5 (/opt/ros/humble/share/ament_cmake_gtest/cmake)
[10.380s] [31mCMake Error at CMakeLists.txt:145 (find_package):
[10.381s]   By not providing "Findros_testing.cmake" in CMAKE_MODULE_PATH this project
[10.381s]   has asked CMake to find a package configuration file provided by
[10.382s]   "ros_testing", but CMake did not find one.
[10.382s] 
[10.383s]   Could not find a package configuration file provided by "ros_testing" with
[10.383s]   any of the following names:
[10.383s] 
[10.384s]     ros_testingConfig.cmake
[10.384s]     ros_testing-config.cmake
[10.385s] 
[10.385s]   Add the installation prefix of "ros_testing" to CMAKE_PREFIX_PATH or set
[10.386s]   "ros_testing_DIR" to a directory containing one of the above files.  If
[10.387s]   "ros_testing" provides a separate development package or SDK, be sure it
[10.387s]   has been installed.
[10.387s] 
[10.388s] [0m
[10.388s] -- Configuring incomplete, errors occurred!
[10.389s] See also "/home/mael/ros2_ws/build/moveit_servo_baxter/CMakeFiles/CMakeOutput.log".
[12.103s] Invoked command in '/home/mael/ros2_ws/build/moveit_servo_baxter' returned '1': CMAKE_PREFIX_PATH=${CMAKE_PREFIX_PATH}:/home/mael/ros2_ws/install/ros_tcp_endpoint:/home/mael/ros2_ws/install/baxter_joint_controller:/home/mael/ros2_ws/install/baxter_6dof_vr:/opt/ros/humble /usr/bin/cmake /home/mael/ros2_ws/src/moveit_servo_baxter -DAMENT_CMAKE_SYMLINK_INSTALL=1 -DCMAKE_INSTALL_PREFIX=/home/mael/ros2_ws/install/moveit_servo_baxter
