[0.082s] Invoking command in '/home/mael/ros2_ws/build/apriltag_ros2': CMAKE_PREFIX_PATH=${CMAKE_PREFIX_PATH}:/home/mael/ros2_ws/install/ros_tcp_endpoint:/home/mael/ros2_ws/install/baxter_joint_controller:/home/mael/ros2_ws/install/baxter_6dof_vr:/opt/ros/humble /usr/bin/cmake --build /home/mael/ros2_ws/build/apriltag_ros2 -- -j8 -l8
[0.727s] [  0%] Built target ament_cmake_python_symlink_apriltag_ros2
[0.727s] [  1%] Built target apriltag_ros2__cpp
[0.727s] [  9%] Built target apriltag_ros2__rosidl_generator_c
[0.728s] [ 13%] Built target apriltag_ros2_continuous_detector_node
[0.728s] [ 16%] Built target apriltag_ros2_single_image_client_node
[0.728s] [ 19%] Built target apriltag_ros2_single_image_detector_node
[0.728s] [ 27%] Built target apriltag_ros2__rosidl_typesupport_cpp
[0.728s] [ 36%] Built target apriltag_ros2__rosidl_typesupport_introspection_cpp
[0.728s] [ 44%] Built target apriltag_ros2__rosidl_typesupport_fastrtps_cpp
[0.728s] [ 47%] Built target apriltag_ros2_common
[0.728s] [ 55%] Built target apriltag_ros2__rosidl_typesupport_c
[0.728s] [ 63%] Built target apriltag_ros2__rosidl_typesupport_fastrtps_c
[0.728s] [ 72%] Built target apriltag_ros2__rosidl_typesupport_introspection_c
[0.728s] [ 72%] Built target apriltag_ros2
[0.729s] [ 75%] Built target apriltag_ros2_continuous_detector
[0.729s] [ 77%] Built target apriltag_ros2__py
[0.729s] [ 80%] Built target apriltag_ros2_single_image_detector
[0.729s] [ 86%] Built target apriltag_ros2__rosidl_generator_py
[0.729s] [ 90%] Built target apriltag_ros2__rosidl_typesupport_fastrtps_c__pyext
[0.729s] [ 93%] Built target apriltag_ros2_single_image_client
[0.729s] [ 96%] Built target apriltag_ros2__rosidl_typesupport_introspection_c__pyext
[0.729s] [100%] Built target apriltag_ros2__rosidl_typesupport_c__pyext
[0.763s] running egg_info
[0.765s] writing apriltag_ros2.egg-info/PKG-INFO
[0.765s] writing dependency_links to apriltag_ros2.egg-info/dependency_links.txt
[0.765s] writing top-level names to apriltag_ros2.egg-info/top_level.txt
[0.769s] reading manifest file 'apriltag_ros2.egg-info/SOURCES.txt'
[0.770s] writing manifest file 'apriltag_ros2.egg-info/SOURCES.txt'
[0.813s] [100%] Built target ament_cmake_python_build_apriltag_ros2_egg
[1.229s] Invoked command in '/home/mael/ros2_ws/build/apriltag_ros2' returned '0': CMAKE_PREFIX_PATH=${CMAKE_PREFIX_PATH}:/home/mael/ros2_ws/install/ros_tcp_endpoint:/home/mael/ros2_ws/install/baxter_joint_controller:/home/mael/ros2_ws/install/baxter_6dof_vr:/opt/ros/humble /usr/bin/cmake --build /home/mael/ros2_ws/build/apriltag_ros2 -- -j8 -l8
[1.925s] Invoking command in '/home/mael/ros2_ws/build/apriltag_ros2': CMAKE_PREFIX_PATH=${CMAKE_PREFIX_PATH}:/home/mael/ros2_ws/install/ros_tcp_endpoint:/home/mael/ros2_ws/install/baxter_joint_controller:/home/mael/ros2_ws/install/baxter_6dof_vr:/opt/ros/humble /usr/bin/cmake --install /home/mael/ros2_ws/build/apriltag_ros2
[1.957s] -- Install configuration: "Release"
[1.960s] -- Execute custom install script
[1.961s] -- Up-to-date symlink: /home/mael/ros2_ws/install/apriltag_ros2/share/ament_index/resource_index/rosidl_interfaces/apriltag_ros2
[1.962s] -- Up-to-date symlink: /home/mael/ros2_ws/install/apriltag_ros2/include/apriltag_ros2/apriltag_ros2/msg/april_tag_detection.h
[1.962s] -- Up-to-date symlink: /home/mael/ros2_ws/install/apriltag_ros2/include/apriltag_ros2/apriltag_ros2/msg/april_tag_detection_array.h
[1.963s] -- Up-to-date symlink: /home/mael/ros2_ws/install/apriltag_ros2/include/apriltag_ros2/apriltag_ros2/msg/detail/april_tag_detection__functions.h
[1.964s] -- Up-to-date symlink: /home/mael/ros2_ws/install/apriltag_ros2/include/apriltag_ros2/apriltag_ros2/msg/detail/april_tag_detection__struct.h
[1.964s] -- Up-to-date symlink: /home/mael/ros2_ws/install/apriltag_ros2/include/apriltag_ros2/apriltag_ros2/msg/detail/april_tag_detection__type_support.h
[1.964s] -- Up-to-date symlink: /home/mael/ros2_ws/install/apriltag_ros2/include/apriltag_ros2/apriltag_ros2/msg/detail/april_tag_detection_array__functions.h
[1.964s] -- Up-to-date symlink: /home/mael/ros2_ws/install/apriltag_ros2/include/apriltag_ros2/apriltag_ros2/msg/detail/april_tag_detection_array__struct.h
[1.964s] -- Up-to-date symlink: /home/mael/ros2_ws/install/apriltag_ros2/include/apriltag_ros2/apriltag_ros2/msg/detail/april_tag_detection_array__type_support.h
[1.964s] -- Up-to-date symlink: /home/mael/ros2_ws/install/apriltag_ros2/include/apriltag_ros2/apriltag_ros2/msg/rosidl_generator_c__visibility_control.h
[1.964s] -- Up-to-date symlink: /home/mael/ros2_ws/install/apriltag_ros2/include/apriltag_ros2/apriltag_ros2/srv/analyze_single_image.h
[1.964s] -- Up-to-date symlink: /home/mael/ros2_ws/install/apriltag_ros2/include/apriltag_ros2/apriltag_ros2/srv/detail/analyze_single_image__functions.h
[1.965s] -- Up-to-date symlink: /home/mael/ros2_ws/install/apriltag_ros2/include/apriltag_ros2/apriltag_ros2/srv/detail/analyze_single_image__struct.h
[1.969s] -- Up-to-date symlink: /home/mael/ros2_ws/install/apriltag_ros2/include/apriltag_ros2/apriltag_ros2/srv/detail/analyze_single_image__type_support.h
[1.969s] -- Up-to-date symlink: /home/mael/ros2_ws/install/apriltag_ros2/share/apriltag_ros2/environment/library_path.sh
[1.969s] -- Up-to-date symlink: /home/mael/ros2_ws/install/apriltag_ros2/share/apriltag_ros2/environment/library_path.dsv
[1.969s] -- Up-to-date symlink: /home/mael/ros2_ws/install/apriltag_ros2/include/apriltag_ros2/apriltag_ros2/msg/detail/april_tag_detection__rosidl_typesupport_fastrtps_c.h
[1.969s] -- Up-to-date symlink: /home/mael/ros2_ws/install/apriltag_ros2/include/apriltag_ros2/apriltag_ros2/msg/detail/april_tag_detection_array__rosidl_typesupport_fastrtps_c.h
[1.969s] -- Up-to-date symlink: /home/mael/ros2_ws/install/apriltag_ros2/include/apriltag_ros2/apriltag_ros2/msg/rosidl_typesupport_fastrtps_c__visibility_control.h
[1.969s] -- Up-to-date symlink: /home/mael/ros2_ws/install/apriltag_ros2/include/apriltag_ros2/apriltag_ros2/srv/detail/analyze_single_image__rosidl_typesupport_fastrtps_c.h
[1.970s] -- Up-to-date symlink: /home/mael/ros2_ws/install/apriltag_ros2/include/apriltag_ros2/apriltag_ros2/msg/april_tag_detection.hpp
[1.973s] -- Up-to-date symlink: /home/mael/ros2_ws/install/apriltag_ros2/include/apriltag_ros2/apriltag_ros2/msg/april_tag_detection_array.hpp
[1.975s] -- Up-to-date symlink: /home/mael/ros2_ws/install/apriltag_ros2/include/apriltag_ros2/apriltag_ros2/msg/detail/april_tag_detection__builder.hpp
[1.977s] -- Up-to-date symlink: /home/mael/ros2_ws/install/apriltag_ros2/include/apriltag_ros2/apriltag_ros2/msg/detail/april_tag_detection__struct.hpp
[1.978s] -- Up-to-date symlink: /home/mael/ros2_ws/install/apriltag_ros2/include/apriltag_ros2/apriltag_ros2/msg/detail/april_tag_detection__traits.hpp
[1.978s] -- Up-to-date symlink: /home/mael/ros2_ws/install/apriltag_ros2/include/apriltag_ros2/apriltag_ros2/msg/detail/april_tag_detection_array__builder.hpp
[1.979s] -- Up-to-date symlink: /home/mael/ros2_ws/install/apriltag_ros2/include/apriltag_ros2/apriltag_ros2/msg/detail/april_tag_detection_array__struct.hpp
[1.979s] -- Up-to-date symlink: /home/mael/ros2_ws/install/apriltag_ros2/include/apriltag_ros2/apriltag_ros2/msg/detail/april_tag_detection_array__traits.hpp
[1.984s] -- Up-to-date symlink: /home/mael/ros2_ws/install/apriltag_ros2/include/apriltag_ros2/apriltag_ros2/srv/analyze_single_image.hpp
[1.985s] -- Up-to-date symlink: /home/mael/ros2_ws/install/apriltag_ros2/include/apriltag_ros2/apriltag_ros2/srv/detail/analyze_single_image__builder.hpp
[1.986s] -- Up-to-date symlink: /home/mael/ros2_ws/install/apriltag_ros2/include/apriltag_ros2/apriltag_ros2/srv/detail/analyze_single_image__struct.hpp
[1.987s] -- Up-to-date symlink: /home/mael/ros2_ws/install/apriltag_ros2/include/apriltag_ros2/apriltag_ros2/srv/detail/analyze_single_image__traits.hpp
[1.989s] -- Up-to-date symlink: /home/mael/ros2_ws/install/apriltag_ros2/include/apriltag_ros2/apriltag_ros2/msg/detail/april_tag_detection__rosidl_typesupport_fastrtps_cpp.hpp
[1.990s] -- Up-to-date symlink: /home/mael/ros2_ws/install/apriltag_ros2/include/apriltag_ros2/apriltag_ros2/msg/detail/april_tag_detection_array__rosidl_typesupport_fastrtps_cpp.hpp
[1.990s] -- Up-to-date symlink: /home/mael/ros2_ws/install/apriltag_ros2/include/apriltag_ros2/apriltag_ros2/msg/rosidl_typesupport_fastrtps_cpp__visibility_control.h
[1.991s] -- Up-to-date symlink: /home/mael/ros2_ws/install/apriltag_ros2/include/apriltag_ros2/apriltag_ros2/srv/detail/analyze_single_image__rosidl_typesupport_fastrtps_cpp.hpp
[1.993s] -- Up-to-date symlink: /home/mael/ros2_ws/install/apriltag_ros2/include/apriltag_ros2/apriltag_ros2/msg/detail/april_tag_detection__rosidl_typesupport_introspection_c.h
[1.993s] -- Up-to-date symlink: /home/mael/ros2_ws/install/apriltag_ros2/include/apriltag_ros2/apriltag_ros2/msg/detail/april_tag_detection_array__rosidl_typesupport_introspection_c.h
[1.994s] -- Up-to-date symlink: /home/mael/ros2_ws/install/apriltag_ros2/include/apriltag_ros2/apriltag_ros2/msg/rosidl_typesupport_introspection_c__visibility_control.h
[1.994s] -- Up-to-date symlink: /home/mael/ros2_ws/install/apriltag_ros2/include/apriltag_ros2/apriltag_ros2/srv/detail/analyze_single_image__rosidl_typesupport_introspection_c.h
[1.998s] -- Up-to-date symlink: /home/mael/ros2_ws/install/apriltag_ros2/include/apriltag_ros2/apriltag_ros2/msg/detail/april_tag_detection__rosidl_typesupport_introspection_cpp.hpp
[1.999s] -- Up-to-date symlink: /home/mael/ros2_ws/install/apriltag_ros2/include/apriltag_ros2/apriltag_ros2/msg/detail/april_tag_detection_array__rosidl_typesupport_introspection_cpp.hpp
[1.999s] -- Up-to-date symlink: /home/mael/ros2_ws/install/apriltag_ros2/include/apriltag_ros2/apriltag_ros2/srv/detail/analyze_single_image__rosidl_typesupport_introspection_cpp.hpp
[2.001s] -- Up-to-date symlink: /home/mael/ros2_ws/install/apriltag_ros2/share/apriltag_ros2/environment/pythonpath.sh
[2.001s] -- Up-to-date symlink: /home/mael/ros2_ws/install/apriltag_ros2/share/apriltag_ros2/environment/pythonpath.dsv
[2.003s] -- Up-to-date symlink: /home/mael/ros2_ws/install/apriltag_ros2/local/lib/python3.10/dist-packages/apriltag_ros2-3.2.1-py3.10.egg-info/PKG-INFO
[2.003s] -- Up-to-date symlink: /home/mael/ros2_ws/install/apriltag_ros2/local/lib/python3.10/dist-packages/apriltag_ros2-3.2.1-py3.10.egg-info/SOURCES.txt
[2.004s] -- Up-to-date symlink: /home/mael/ros2_ws/install/apriltag_ros2/local/lib/python3.10/dist-packages/apriltag_ros2-3.2.1-py3.10.egg-info/dependency_links.txt
[2.005s] -- Up-to-date symlink: /home/mael/ros2_ws/install/apriltag_ros2/local/lib/python3.10/dist-packages/apriltag_ros2-3.2.1-py3.10.egg-info/top_level.txt
[2.008s] -- Up-to-date symlink: /home/mael/ros2_ws/install/apriltag_ros2/local/lib/python3.10/dist-packages/apriltag_ros2/__init__.py
[2.008s] -- Up-to-date symlink: /home/mael/ros2_ws/install/apriltag_ros2/local/lib/python3.10/dist-packages/apriltag_ros2/_apriltag_ros2_s.ep.rosidl_typesupport_c.c
[2.009s] -- Up-to-date symlink: /home/mael/ros2_ws/install/apriltag_ros2/local/lib/python3.10/dist-packages/apriltag_ros2/_apriltag_ros2_s.ep.rosidl_typesupport_fastrtps_c.c
[2.010s] -- Up-to-date symlink: /home/mael/ros2_ws/install/apriltag_ros2/local/lib/python3.10/dist-packages/apriltag_ros2/_apriltag_ros2_s.ep.rosidl_typesupport_introspection_c.c
[2.011s] -- Up-to-date symlink: /home/mael/ros2_ws/install/apriltag_ros2/local/lib/python3.10/dist-packages/apriltag_ros2/apriltag_ros2_s__rosidl_typesupport_c.cpython-310-x86_64-linux-gnu.so
[2.011s] -- Up-to-date symlink: /home/mael/ros2_ws/install/apriltag_ros2/local/lib/python3.10/dist-packages/apriltag_ros2/apriltag_ros2_s__rosidl_typesupport_fastrtps_c.cpython-310-x86_64-linux-gnu.so
[2.012s] -- Up-to-date symlink: /home/mael/ros2_ws/install/apriltag_ros2/local/lib/python3.10/dist-packages/apriltag_ros2/apriltag_ros2_s__rosidl_typesupport_introspection_c.cpython-310-x86_64-linux-gnu.so
[2.013s] -- Up-to-date symlink: /home/mael/ros2_ws/install/apriltag_ros2/local/lib/python3.10/dist-packages/apriltag_ros2/libapriltag_ros2__rosidl_generator_py.so
[2.014s] -- Up-to-date symlink: /home/mael/ros2_ws/install/apriltag_ros2/local/lib/python3.10/dist-packages/apriltag_ros2/msg/__init__.py
[2.014s] -- Up-to-date symlink: /home/mael/ros2_ws/install/apriltag_ros2/local/lib/python3.10/dist-packages/apriltag_ros2/msg/_april_tag_detection.py
[2.016s] -- Up-to-date symlink: /home/mael/ros2_ws/install/apriltag_ros2/local/lib/python3.10/dist-packages/apriltag_ros2/msg/_april_tag_detection_array.py
[2.017s] -- Up-to-date symlink: /home/mael/ros2_ws/install/apriltag_ros2/local/lib/python3.10/dist-packages/apriltag_ros2/msg/_april_tag_detection_array_s.c
[2.017s] -- Up-to-date symlink: /home/mael/ros2_ws/install/apriltag_ros2/local/lib/python3.10/dist-packages/apriltag_ros2/msg/_april_tag_detection_s.c
[2.017s] -- Up-to-date symlink: /home/mael/ros2_ws/install/apriltag_ros2/local/lib/python3.10/dist-packages/apriltag_ros2/srv/__init__.py
[2.018s] -- Up-to-date symlink: /home/mael/ros2_ws/install/apriltag_ros2/local/lib/python3.10/dist-packages/apriltag_ros2/srv/_analyze_single_image.py
[2.018s] -- Up-to-date symlink: /home/mael/ros2_ws/install/apriltag_ros2/local/lib/python3.10/dist-packages/apriltag_ros2/srv/_analyze_single_image_s.c
[2.021s] -- Up-to-date symlink: /home/mael/ros2_ws/install/apriltag_ros2/local/lib/python3.10/dist-packages/apriltag_ros2/apriltag_ros2_s__rosidl_typesupport_fastrtps_c.cpython-310-x86_64-linux-gnu.so
[2.022s] -- Up-to-date symlink: /home/mael/ros2_ws/install/apriltag_ros2/local/lib/python3.10/dist-packages/apriltag_ros2/apriltag_ros2_s__rosidl_typesupport_introspection_c.cpython-310-x86_64-linux-gnu.so
[2.022s] -- Up-to-date symlink: /home/mael/ros2_ws/install/apriltag_ros2/local/lib/python3.10/dist-packages/apriltag_ros2/apriltag_ros2_s__rosidl_typesupport_c.cpython-310-x86_64-linux-gnu.so
[2.023s] -- Up-to-date symlink: /home/mael/ros2_ws/install/apriltag_ros2/share/apriltag_ros2/msg/AprilTagDetection.idl
[2.024s] -- Up-to-date symlink: /home/mael/ros2_ws/install/apriltag_ros2/share/apriltag_ros2/msg/AprilTagDetectionArray.idl
[2.024s] -- Up-to-date symlink: /home/mael/ros2_ws/install/apriltag_ros2/share/apriltag_ros2/srv/AnalyzeSingleImage.idl
[2.025s] -- Up-to-date symlink: /home/mael/ros2_ws/install/apriltag_ros2/share/apriltag_ros2/msg/AprilTagDetection.msg
[2.028s] -- Up-to-date symlink: /home/mael/ros2_ws/install/apriltag_ros2/share/apriltag_ros2/msg/AprilTagDetectionArray.msg
[2.032s] -- Up-to-date symlink: /home/mael/ros2_ws/install/apriltag_ros2/share/apriltag_ros2/srv/AnalyzeSingleImage.srv
[2.034s] -- Up-to-date symlink: /home/mael/ros2_ws/install/apriltag_ros2/share/apriltag_ros2/srv/AnalyzeSingleImage_Request.msg
[2.035s] -- Up-to-date symlink: /home/mael/ros2_ws/install/apriltag_ros2/share/apriltag_ros2/srv/AnalyzeSingleImage_Response.msg
[2.037s] -- Up-to-date symlink: /home/mael/ros2_ws/install/apriltag_ros2/lib/apriltag_ros2/apriltag_ros2_continuous_detector_node
[2.038s] -- Up-to-date symlink: /home/mael/ros2_ws/install/apriltag_ros2/lib/apriltag_ros2/apriltag_ros2_single_image_detector_node
[2.040s] -- Up-to-date symlink: /home/mael/ros2_ws/install/apriltag_ros2/lib/apriltag_ros2/apriltag_ros2_single_image_client_node
[2.043s] -- Up-to-date symlink: /home/mael/ros2_ws/install/apriltag_ros2/include/apriltag_ros2/common_functions.hpp
[2.043s] -- Up-to-date symlink: /home/mael/ros2_ws/install/apriltag_ros2/include/apriltag_ros2/continuous_detector.hpp
[2.044s] -- Up-to-date symlink: /home/mael/ros2_ws/install/apriltag_ros2/include/apriltag_ros2/single_image_detector.hpp
[2.046s] -- Up-to-date symlink: /home/mael/ros2_ws/install/apriltag_ros2/lib/libapriltag_ros2_common.so
[2.046s] -- Up-to-date symlink: /home/mael/ros2_ws/install/apriltag_ros2/lib/libapriltag_ros2_continuous_detector.so
[2.047s] -- Up-to-date symlink: /home/mael/ros2_ws/install/apriltag_ros2/lib/libapriltag_ros2_single_image_detector.so
[2.048s] -- Up-to-date symlink: /home/mael/ros2_ws/install/apriltag_ros2/lib/libapriltag_ros2_single_image_client.so
[2.050s] -- Up-to-date symlink: /home/mael/ros2_ws/install/apriltag_ros2/share/apriltag_ros2/config/settings.param.yaml
[2.051s] -- Up-to-date symlink: /home/mael/ros2_ws/install/apriltag_ros2/share/apriltag_ros2/config/tags.param.yaml
[2.051s] -- Up-to-date symlink: /home/mael/ros2_ws/install/apriltag_ros2/share/apriltag_ros2/config/tags.yaml
[2.053s] -- Up-to-date symlink: /home/mael/ros2_ws/install/apriltag_ros2/share/apriltag_ros2/launch/continuous_detection.launch.xml
[2.054s] -- Up-to-date symlink: /home/mael/ros2_ws/install/apriltag_ros2/share/apriltag_ros2/launch/continuous_detection_zed.launch.xml
[2.054s] -- Up-to-date symlink: /home/mael/ros2_ws/install/apriltag_ros2/share/apriltag_ros2/launch/single_image_client.launch.xml
[2.055s] -- Up-to-date symlink: /home/mael/ros2_ws/install/apriltag_ros2/share/apriltag_ros2/launch/single_image_detector.launch.xml
[2.057s] -- Up-to-date symlink: /home/mael/ros2_ws/install/apriltag_ros2/share/apriltag_ros2/scripts/analyze_image
[2.057s] -- Up-to-date symlink: /home/mael/ros2_ws/install/apriltag_ros2/share/apriltag_ros2/scripts/calibrate_bundle.m
[2.058s] -- Up-to-date symlink: /home/mael/ros2_ws/install/apriltag_ros2/share/ament_index/resource_index/package_run_dependencies/apriltag_ros2
[2.059s] -- Up-to-date symlink: /home/mael/ros2_ws/install/apriltag_ros2/share/ament_index/resource_index/parent_prefix_path/apriltag_ros2
[2.060s] -- Up-to-date symlink: /home/mael/ros2_ws/install/apriltag_ros2/share/apriltag_ros2/environment/ament_prefix_path.sh
[2.061s] -- Up-to-date symlink: /home/mael/ros2_ws/install/apriltag_ros2/share/apriltag_ros2/environment/ament_prefix_path.dsv
[2.062s] -- Up-to-date symlink: /home/mael/ros2_ws/install/apriltag_ros2/share/apriltag_ros2/environment/path.sh
[2.064s] -- Up-to-date symlink: /home/mael/ros2_ws/install/apriltag_ros2/share/apriltag_ros2/environment/path.dsv
[2.077s] -- Up-to-date symlink: /home/mael/ros2_ws/install/apriltag_ros2/share/apriltag_ros2/local_setup.bash
[2.077s] -- Up-to-date symlink: /home/mael/ros2_ws/install/apriltag_ros2/share/apriltag_ros2/local_setup.sh
[2.077s] -- Up-to-date symlink: /home/mael/ros2_ws/install/apriltag_ros2/share/apriltag_ros2/local_setup.zsh
[2.077s] -- Up-to-date symlink: /home/mael/ros2_ws/install/apriltag_ros2/share/apriltag_ros2/local_setup.dsv
[2.077s] -- Symlinking: /home/mael/ros2_ws/install/apriltag_ros2/share/apriltag_ros2/package.dsv
[2.102s] -- Up-to-date symlink: /home/mael/ros2_ws/install/apriltag_ros2/share/ament_index/resource_index/packages/apriltag_ros2
[2.102s] -- Up-to-date symlink: /home/mael/ros2_ws/install/apriltag_ros2/share/ament_index/resource_index/rclcpp_components/apriltag_ros2
[2.102s] -- Up-to-date symlink: /home/mael/ros2_ws/install/apriltag_ros2/share/apriltag_ros2/cmake/rosidl_cmake-extras.cmake
[2.102s] -- Up-to-date symlink: /home/mael/ros2_ws/install/apriltag_ros2/share/apriltag_ros2/cmake/ament_cmake_export_dependencies-extras.cmake
[2.102s] -- Up-to-date symlink: /home/mael/ros2_ws/install/apriltag_ros2/share/apriltag_ros2/cmake/ament_cmake_export_include_directories-extras.cmake
[2.102s] -- Up-to-date symlink: /home/mael/ros2_ws/install/apriltag_ros2/share/apriltag_ros2/cmake/ament_cmake_export_libraries-extras.cmake
[2.102s] -- Up-to-date symlink: /home/mael/ros2_ws/install/apriltag_ros2/share/apriltag_ros2/cmake/ament_cmake_export_targets-extras.cmake
[2.110s] -- Up-to-date symlink: /home/mael/ros2_ws/install/apriltag_ros2/share/apriltag_ros2/cmake/rosidl_cmake_export_typesupport_targets-extras.cmake
[2.110s] -- Up-to-date symlink: /home/mael/ros2_ws/install/apriltag_ros2/share/apriltag_ros2/cmake/rosidl_cmake_export_typesupport_libraries-extras.cmake
[2.111s] -- Up-to-date symlink: /home/mael/ros2_ws/install/apriltag_ros2/share/apriltag_ros2/cmake/apriltag_ros2Config.cmake
[2.111s] -- Up-to-date symlink: /home/mael/ros2_ws/install/apriltag_ros2/share/apriltag_ros2/cmake/apriltag_ros2Config-version.cmake
[2.111s] -- Up-to-date symlink: /home/mael/ros2_ws/install/apriltag_ros2/share/apriltag_ros2/package.xml
[2.111s] -- Up-to-date: /home/mael/ros2_ws/install/apriltag_ros2/lib/libapriltag_ros2__rosidl_generator_c.so
[2.111s] -- Up-to-date: /home/mael/ros2_ws/install/apriltag_ros2/lib/libapriltag_ros2__rosidl_typesupport_fastrtps_c.so
[2.111s] -- Up-to-date: /home/mael/ros2_ws/install/apriltag_ros2/lib/libapriltag_ros2__rosidl_typesupport_fastrtps_cpp.so
[2.111s] -- Up-to-date: /home/mael/ros2_ws/install/apriltag_ros2/lib/libapriltag_ros2__rosidl_typesupport_introspection_c.so
[2.111s] -- Up-to-date: /home/mael/ros2_ws/install/apriltag_ros2/lib/libapriltag_ros2__rosidl_typesupport_c.so
[2.111s] -- Up-to-date: /home/mael/ros2_ws/install/apriltag_ros2/lib/libapriltag_ros2__rosidl_typesupport_introspection_cpp.so
[2.111s] -- Up-to-date: /home/mael/ros2_ws/install/apriltag_ros2/lib/libapriltag_ros2__rosidl_typesupport_cpp.so
[2.224s] Listing '/home/mael/ros2_ws/install/apriltag_ros2/local/lib/python3.10/dist-packages/apriltag_ros2'...
[2.225s] Listing '/home/mael/ros2_ws/install/apriltag_ros2/local/lib/python3.10/dist-packages/apriltag_ros2/msg'...
[2.225s] Listing '/home/mael/ros2_ws/install/apriltag_ros2/local/lib/python3.10/dist-packages/apriltag_ros2/srv'...
[2.233s] -- Up-to-date: /home/mael/ros2_ws/install/apriltag_ros2/lib/libapriltag_ros2__rosidl_generator_py.so
[2.233s] -- Up-to-date: /home/mael/ros2_ws/install/apriltag_ros2/share/apriltag_ros2/cmake/export_apriltag_ros2__rosidl_generator_cExport.cmake
[2.233s] -- Up-to-date: /home/mael/ros2_ws/install/apriltag_ros2/share/apriltag_ros2/cmake/export_apriltag_ros2__rosidl_generator_cExport-release.cmake
[2.234s] -- Up-to-date: /home/mael/ros2_ws/install/apriltag_ros2/share/apriltag_ros2/cmake/export_apriltag_ros2__rosidl_typesupport_fastrtps_cExport.cmake
[2.234s] -- Up-to-date: /home/mael/ros2_ws/install/apriltag_ros2/share/apriltag_ros2/cmake/export_apriltag_ros2__rosidl_typesupport_fastrtps_cExport-release.cmake
[2.234s] -- Up-to-date: /home/mael/ros2_ws/install/apriltag_ros2/share/apriltag_ros2/cmake/export_apriltag_ros2__rosidl_generator_cppExport.cmake
[2.235s] -- Up-to-date: /home/mael/ros2_ws/install/apriltag_ros2/share/apriltag_ros2/cmake/export_apriltag_ros2__rosidl_typesupport_fastrtps_cppExport.cmake
[2.235s] -- Up-to-date: /home/mael/ros2_ws/install/apriltag_ros2/share/apriltag_ros2/cmake/export_apriltag_ros2__rosidl_typesupport_fastrtps_cppExport-release.cmake
[2.235s] -- Up-to-date: /home/mael/ros2_ws/install/apriltag_ros2/share/apriltag_ros2/cmake/apriltag_ros2__rosidl_typesupport_introspection_cExport.cmake
[2.235s] -- Up-to-date: /home/mael/ros2_ws/install/apriltag_ros2/share/apriltag_ros2/cmake/apriltag_ros2__rosidl_typesupport_introspection_cExport-release.cmake
[2.235s] -- Up-to-date: /home/mael/ros2_ws/install/apriltag_ros2/share/apriltag_ros2/cmake/apriltag_ros2__rosidl_typesupport_cExport.cmake
[2.236s] -- Up-to-date: /home/mael/ros2_ws/install/apriltag_ros2/share/apriltag_ros2/cmake/apriltag_ros2__rosidl_typesupport_cExport-release.cmake
[2.236s] -- Up-to-date: /home/mael/ros2_ws/install/apriltag_ros2/share/apriltag_ros2/cmake/apriltag_ros2__rosidl_typesupport_introspection_cppExport.cmake
[2.236s] -- Up-to-date: /home/mael/ros2_ws/install/apriltag_ros2/share/apriltag_ros2/cmake/apriltag_ros2__rosidl_typesupport_introspection_cppExport-release.cmake
[2.236s] -- Up-to-date: /home/mael/ros2_ws/install/apriltag_ros2/share/apriltag_ros2/cmake/apriltag_ros2__rosidl_typesupport_cppExport.cmake
[2.236s] -- Up-to-date: /home/mael/ros2_ws/install/apriltag_ros2/share/apriltag_ros2/cmake/apriltag_ros2__rosidl_typesupport_cppExport-release.cmake
[2.236s] -- Up-to-date: /home/mael/ros2_ws/install/apriltag_ros2/share/apriltag_ros2/cmake/export_apriltag_ros2__rosidl_generator_pyExport.cmake
[2.236s] -- Up-to-date: /home/mael/ros2_ws/install/apriltag_ros2/share/apriltag_ros2/cmake/export_apriltag_ros2__rosidl_generator_pyExport-release.cmake
[2.247s] Invoked command in '/home/mael/ros2_ws/build/apriltag_ros2' returned '0': CMAKE_PREFIX_PATH=${CMAKE_PREFIX_PATH}:/home/mael/ros2_ws/install/ros_tcp_endpoint:/home/mael/ros2_ws/install/baxter_joint_controller:/home/mael/ros2_ws/install/baxter_6dof_vr:/opt/ros/humble /usr/bin/cmake --install /home/mael/ros2_ws/build/apriltag_ros2
