[0.098s] Invoking command in '/home/mael/ros2_ws/build/pcl_conversions': CMAKE_PREFIX_PATH=${CMAKE_PREFIX_PATH}:/home/mael/ros2_ws/install/ros_tcp_endpoint:/home/mael/ros2_ws/install/baxter_joint_controller:/home/mael/ros2_ws/install/baxter_6dof_vr:/opt/ros/humble /usr/bin/cmake --build /home/mael/ros2_ws/build/pcl_conversions -- -j8 -l8
[1.195s] [ 33%] Built target gtest
[1.195s] [ 66%] Built target gtest_main
[1.195s] [100%] Built target pcl_conversions-test
[1.201s] Invoked command in '/home/mael/ros2_ws/build/pcl_conversions' returned '0': CMAKE_PREFIX_PATH=${CMAKE_PREFIX_PATH}:/home/mael/ros2_ws/install/ros_tcp_endpoint:/home/mael/ros2_ws/install/baxter_joint_controller:/home/mael/ros2_ws/install/baxter_6dof_vr:/opt/ros/humble /usr/bin/cmake --build /home/mael/ros2_ws/build/pcl_conversions -- -j8 -l8
[1.327s] Invoking command in '/home/mael/ros2_ws/build/pcl_conversions': CMAKE_PREFIX_PATH=${CMAKE_PREFIX_PATH}:/home/mael/ros2_ws/install/ros_tcp_endpoint:/home/mael/ros2_ws/install/baxter_joint_controller:/home/mael/ros2_ws/install/baxter_6dof_vr:/opt/ros/humble /usr/bin/cmake --install /home/mael/ros2_ws/build/pcl_conversions
[1.349s] -- Install configuration: ""
[1.349s] -- Execute custom install script
[1.349s] -- Up-to-date symlink: /home/mael/ros2_ws/install/pcl_conversions/include/pcl_conversions/pcl_conversions/pcl_conversions.h
[1.352s] -- Up-to-date symlink: /home/mael/ros2_ws/install/pcl_conversions/share/ament_index/resource_index/package_run_dependencies/pcl_conversions
[1.353s] -- Up-to-date symlink: /home/mael/ros2_ws/install/pcl_conversions/share/ament_index/resource_index/parent_prefix_path/pcl_conversions
[1.353s] -- Up-to-date symlink: /home/mael/ros2_ws/install/pcl_conversions/share/pcl_conversions/environment/ament_prefix_path.sh
[1.354s] -- Up-to-date symlink: /home/mael/ros2_ws/install/pcl_conversions/share/pcl_conversions/environment/ament_prefix_path.dsv
[1.354s] -- Up-to-date symlink: /home/mael/ros2_ws/install/pcl_conversions/share/pcl_conversions/environment/path.sh
[1.354s] -- Up-to-date symlink: /home/mael/ros2_ws/install/pcl_conversions/share/pcl_conversions/environment/path.dsv
[1.354s] -- Up-to-date symlink: /home/mael/ros2_ws/install/pcl_conversions/share/pcl_conversions/local_setup.bash
[1.354s] -- Up-to-date symlink: /home/mael/ros2_ws/install/pcl_conversions/share/pcl_conversions/local_setup.sh
[1.354s] -- Up-to-date symlink: /home/mael/ros2_ws/install/pcl_conversions/share/pcl_conversions/local_setup.zsh
[1.354s] -- Up-to-date symlink: /home/mael/ros2_ws/install/pcl_conversions/share/pcl_conversions/local_setup.dsv
[1.354s] -- Symlinking: /home/mael/ros2_ws/install/pcl_conversions/share/pcl_conversions/package.dsv
[1.370s] -- Up-to-date symlink: /home/mael/ros2_ws/install/pcl_conversions/share/ament_index/resource_index/packages/pcl_conversions
[1.370s] -- Up-to-date symlink: /home/mael/ros2_ws/install/pcl_conversions/share/pcl_conversions/cmake/ament_cmake_export_include_directories-extras.cmake
[1.371s] -- Up-to-date symlink: /home/mael/ros2_ws/install/pcl_conversions/share/pcl_conversions/cmake/ament_cmake_export_dependencies-extras.cmake
[1.371s] -- Up-to-date symlink: /home/mael/ros2_ws/install/pcl_conversions/share/pcl_conversions/cmake/pcl_conversionsConfig.cmake
[1.371s] -- Up-to-date symlink: /home/mael/ros2_ws/install/pcl_conversions/share/pcl_conversions/cmake/pcl_conversionsConfig-version.cmake
[1.371s] -- Up-to-date symlink: /home/mael/ros2_ws/install/pcl_conversions/share/pcl_conversions/package.xml
[1.420s] Invoked command in '/home/mael/ros2_ws/build/pcl_conversions' returned '0': CMAKE_PREFIX_PATH=${CMAKE_PREFIX_PATH}:/home/mael/ros2_ws/install/ros_tcp_endpoint:/home/mael/ros2_ws/install/baxter_joint_controller:/home/mael/ros2_ws/install/baxter_6dof_vr:/opt/ros/humble /usr/bin/cmake --install /home/mael/ros2_ws/build/pcl_conversions
