[0.061s] Invoking command in '/home/mael/ros2_ws/build/moveit_servo_baxter': CMAKE_PREFIX_PATH=${CMAKE_PREFIX_PATH}:/home/mael/ros2_ws/install/ros_tcp_endpoint:/home/mael/ros2_ws/install/baxter_joint_controller:/home/mael/ros2_ws/install/baxter_6dof_vr:/opt/ros/humble /usr/bin/cmake --build /home/mael/ros2_ws/build/moveit_servo_baxter -- -j8 -l8
[0.276s] [  5%] Built target moveit_servo_lib_parameters
[0.290s] [ 16%] Built target fake_command_publisher
[0.292s] [ 27%] Built target servo_controller_input
[0.384s] [ 55%] Built target moveit_servo_lib
[0.472s] [ 66%] Built target pose_tracking
[0.478s] [ 77%] Built target servo_node
[0.614s] [ 83%] [32mBuilding CXX object CMakeFiles/servo_pose_tracking_demo.dir/src/cpp_interface_demo/pose_tracking_demo.cpp.o[0m
[0.626s] [ 94%] Built target servo_node_main
[25.242s] [100%] [32m[1mLinking CXX executable servo_pose_tracking_demo[0m
[25.700s] [100%] Built target servo_pose_tracking_demo
[25.713s] Invoked command in '/home/mael/ros2_ws/build/moveit_servo_baxter' returned '0': CMAKE_PREFIX_PATH=${CMAKE_PREFIX_PATH}:/home/mael/ros2_ws/install/ros_tcp_endpoint:/home/mael/ros2_ws/install/baxter_joint_controller:/home/mael/ros2_ws/install/baxter_6dof_vr:/opt/ros/humble /usr/bin/cmake --build /home/mael/ros2_ws/build/moveit_servo_baxter -- -j8 -l8
[25.775s] Invoking command in '/home/mael/ros2_ws/build/moveit_servo_baxter': CMAKE_PREFIX_PATH=${CMAKE_PREFIX_PATH}:/home/mael/ros2_ws/install/ros_tcp_endpoint:/home/mael/ros2_ws/install/baxter_joint_controller:/home/mael/ros2_ws/install/baxter_6dof_vr:/opt/ros/humble /usr/bin/cmake --install /home/mael/ros2_ws/build/moveit_servo_baxter
[25.782s] -- Install configuration: "Release"
[25.782s] -- Execute custom install script
[25.783s] -- Up-to-date symlink: /home/mael/ros2_ws/install/moveit_servo_baxter/include/moveit_servo_lib_parameters/moveit_servo_lib_parameters.hpp
[25.783s] -- Up-to-date symlink: /home/mael/ros2_ws/install/moveit_servo_baxter/lib/moveit_servo_baxter/servo_node_main
[25.783s] -- Up-to-date symlink: /home/mael/ros2_ws/install/moveit_servo_baxter/lib/moveit_servo_baxter/servo_pose_tracking_demo
[25.783s] -- Up-to-date symlink: /home/mael/ros2_ws/install/moveit_servo_baxter/lib/moveit_servo_baxter/fake_command_publisher
[25.784s] -- Up-to-date symlink: /home/mael/ros2_ws/install/moveit_servo_baxter/include/moveit_servo_baxter/moveit_servo_baxter/collision_check.h
[25.784s] -- Up-to-date symlink: /home/mael/ros2_ws/install/moveit_servo_baxter/include/moveit_servo_baxter/moveit_servo_baxter/make_shared_from_pool.h
[25.784s] -- Up-to-date symlink: /home/mael/ros2_ws/install/moveit_servo_baxter/include/moveit_servo_baxter/moveit_servo_baxter/pose_tracking.h
[25.785s] -- Up-to-date symlink: /home/mael/ros2_ws/install/moveit_servo_baxter/include/moveit_servo_baxter/moveit_servo_baxter/servo.h
[25.785s] -- Up-to-date symlink: /home/mael/ros2_ws/install/moveit_servo_baxter/include/moveit_servo_baxter/moveit_servo_baxter/servo_calcs.h
[25.785s] -- Up-to-date symlink: /home/mael/ros2_ws/install/moveit_servo_baxter/include/moveit_servo_baxter/moveit_servo_baxter/servo_node.h
[25.785s] -- Up-to-date symlink: /home/mael/ros2_ws/install/moveit_servo_baxter/include/moveit_servo_baxter/moveit_servo_baxter/servo_server.h
[25.785s] -- Up-to-date symlink: /home/mael/ros2_ws/install/moveit_servo_baxter/include/moveit_servo_baxter/moveit_servo_baxter/status_codes.h
[25.786s] -- Up-to-date symlink: /home/mael/ros2_ws/install/moveit_servo_baxter/include/moveit_servo_baxter/moveit_servo_baxter/utilities.h
[25.786s] -- Up-to-date symlink: /home/mael/ros2_ws/install/moveit_servo_baxter/share/moveit_servo_baxter/launch/pose_tracking_example.launch.py
[25.786s] -- Up-to-date symlink: /home/mael/ros2_ws/install/moveit_servo_baxter/share/moveit_servo_baxter/launch/servo_example.launch.py
[25.786s] -- Up-to-date symlink: /home/mael/ros2_ws/install/moveit_servo_baxter/share/moveit_servo_baxter/config/demo_rviz_config.rviz
[25.787s] -- Up-to-date symlink: /home/mael/ros2_ws/install/moveit_servo_baxter/share/moveit_servo_baxter/config/demo_rviz_pose_tracking.rviz
[25.787s] -- Up-to-date symlink: /home/mael/ros2_ws/install/moveit_servo_baxter/share/moveit_servo_baxter/config/panda_simulated_config.yaml
[25.787s] -- Up-to-date symlink: /home/mael/ros2_ws/install/moveit_servo_baxter/share/moveit_servo_baxter/config/panda_simulated_config_pose_tracking.yaml
[25.787s] -- Up-to-date symlink: /home/mael/ros2_ws/install/moveit_servo_baxter/share/moveit_servo_baxter/config/pose_tracking_settings.yaml
[25.787s] -- Up-to-date symlink: /home/mael/ros2_ws/install/moveit_servo_baxter/share/moveit_servo_baxter/environment/library_path.sh
[25.788s] -- Up-to-date symlink: /home/mael/ros2_ws/install/moveit_servo_baxter/share/moveit_servo_baxter/environment/library_path.dsv
[25.788s] -- Up-to-date symlink: /home/mael/ros2_ws/install/moveit_servo_baxter/share/ament_index/resource_index/package_run_dependencies/moveit_servo_baxter
[25.788s] -- Up-to-date symlink: /home/mael/ros2_ws/install/moveit_servo_baxter/share/ament_index/resource_index/parent_prefix_path/moveit_servo_baxter
[25.789s] -- Up-to-date symlink: /home/mael/ros2_ws/install/moveit_servo_baxter/share/moveit_servo_baxter/environment/ament_prefix_path.sh
[25.789s] -- Up-to-date symlink: /home/mael/ros2_ws/install/moveit_servo_baxter/share/moveit_servo_baxter/environment/ament_prefix_path.dsv
[25.789s] -- Up-to-date symlink: /home/mael/ros2_ws/install/moveit_servo_baxter/share/moveit_servo_baxter/environment/path.sh
[25.789s] -- Up-to-date symlink: /home/mael/ros2_ws/install/moveit_servo_baxter/share/moveit_servo_baxter/environment/path.dsv
[25.789s] -- Up-to-date symlink: /home/mael/ros2_ws/install/moveit_servo_baxter/share/moveit_servo_baxter/local_setup.bash
[25.790s] -- Up-to-date symlink: /home/mael/ros2_ws/install/moveit_servo_baxter/share/moveit_servo_baxter/local_setup.sh
[25.790s] -- Up-to-date symlink: /home/mael/ros2_ws/install/moveit_servo_baxter/share/moveit_servo_baxter/local_setup.zsh
[25.790s] -- Up-to-date symlink: /home/mael/ros2_ws/install/moveit_servo_baxter/share/moveit_servo_baxter/local_setup.dsv
[25.790s] -- Symlinking: /home/mael/ros2_ws/install/moveit_servo_baxter/share/moveit_servo_baxter/package.dsv
[25.800s] -- Up-to-date symlink: /home/mael/ros2_ws/install/moveit_servo_baxter/share/ament_index/resource_index/packages/moveit_servo_baxter
[25.800s] -- Up-to-date symlink: /home/mael/ros2_ws/install/moveit_servo_baxter/share/ament_index/resource_index/rclcpp_components/moveit_servo_baxter
[25.800s] -- Up-to-date symlink: /home/mael/ros2_ws/install/moveit_servo_baxter/share/moveit_servo_baxter/cmake/ament_cmake_export_targets-extras.cmake
[25.800s] -- Up-to-date symlink: /home/mael/ros2_ws/install/moveit_servo_baxter/share/moveit_servo_baxter/cmake/ament_cmake_export_dependencies-extras.cmake
[25.801s] -- Up-to-date symlink: /home/mael/ros2_ws/install/moveit_servo_baxter/share/moveit_servo_baxter/cmake/moveit_servo_baxterConfig.cmake
[25.801s] -- Up-to-date symlink: /home/mael/ros2_ws/install/moveit_servo_baxter/share/moveit_servo_baxter/cmake/moveit_servo_baxterConfig-version.cmake
[25.801s] -- Up-to-date symlink: /home/mael/ros2_ws/install/moveit_servo_baxter/share/moveit_servo_baxter/package.xml
[25.801s] -- Up-to-date: /home/mael/ros2_ws/install/moveit_servo_baxter/lib/libmoveit_servo_lib.so.
[25.802s] -- Up-to-date: /home/mael/ros2_ws/install/moveit_servo_baxter/lib/libmoveit_servo_lib.so
[25.802s] -- Up-to-date: /home/mael/ros2_ws/install/moveit_servo_baxter/lib/libpose_tracking.so
[25.803s] -- Up-to-date: /home/mael/ros2_ws/install/moveit_servo_baxter/lib/libservo_node.so
[25.803s] -- Up-to-date: /home/mael/ros2_ws/install/moveit_servo_baxter/lib/libservo_controller_input.so
[25.804s] -- Up-to-date: /home/mael/ros2_ws/install/moveit_servo_baxter/share/moveit_servo_baxter/cmake/moveit_servoTargetsExport.cmake
[25.804s] -- Up-to-date: /home/mael/ros2_ws/install/moveit_servo_baxter/share/moveit_servo_baxter/cmake/moveit_servoTargetsExport-release.cmake
[25.810s] Invoked command in '/home/mael/ros2_ws/build/moveit_servo_baxter' returned '0': CMAKE_PREFIX_PATH=${CMAKE_PREFIX_PATH}:/home/mael/ros2_ws/install/ros_tcp_endpoint:/home/mael/ros2_ws/install/baxter_joint_controller:/home/mael/ros2_ws/install/baxter_6dof_vr:/opt/ros/humble /usr/bin/cmake --install /home/mael/ros2_ws/build/moveit_servo_baxter
