[0.056s] Invoking command in '/home/mael/ros2_ws/build/moveit_servo_baxter': CMAKE_PREFIX_PATH=${CMAKE_PREFIX_PATH}:/home/mael/ros2_ws/install/ros_tcp_endpoint:/home/mael/ros2_ws/install/baxter_joint_controller:/home/mael/ros2_ws/install/baxter_6dof_vr:/opt/ros/humble /usr/bin/cmake --build /home/mael/ros2_ws/build/moveit_servo_baxter -- -j8 -l8
[0.246s] [ 11%] Built target servo_controller_input
[0.255s] [ 16%] Built target moveit_servo_lib_parameters
[0.265s] [ 27%] Built target fake_command_publisher
[0.352s] [ 55%] Built target moveit_servo_lib
[0.459s] [ 66%] Built target servo_node
[0.489s] [ 77%] Built target pose_tracking
[0.531s] [35m[1mConsolidate compiler generated dependencies of target servo_pose_tracking_demo[0m
[0.553s] [ 88%] Built target servo_node_main
[0.618s] [ 94%] [32mBuilding CXX object CMakeFiles/servo_pose_tracking_demo.dir/src/cpp_interface_demo/pose_tracking_demo.cpp.o[0m
[24.004s] [100%] [32m[1mLinking CXX executable servo_pose_tracking_demo[0m
[24.455s] [100%] Built target servo_pose_tracking_demo
[24.466s] Invoked command in '/home/mael/ros2_ws/build/moveit_servo_baxter' returned '0': CMAKE_PREFIX_PATH=${CMAKE_PREFIX_PATH}:/home/mael/ros2_ws/install/ros_tcp_endpoint:/home/mael/ros2_ws/install/baxter_joint_controller:/home/mael/ros2_ws/install/baxter_6dof_vr:/opt/ros/humble /usr/bin/cmake --build /home/mael/ros2_ws/build/moveit_servo_baxter -- -j8 -l8
[24.527s] Invoking command in '/home/mael/ros2_ws/build/moveit_servo_baxter': CMAKE_PREFIX_PATH=${CMAKE_PREFIX_PATH}:/home/mael/ros2_ws/install/ros_tcp_endpoint:/home/mael/ros2_ws/install/baxter_joint_controller:/home/mael/ros2_ws/install/baxter_6dof_vr:/opt/ros/humble /usr/bin/cmake --install /home/mael/ros2_ws/build/moveit_servo_baxter
[24.533s] -- Install configuration: "Release"
[24.534s] -- Execute custom install script
[24.534s] -- Up-to-date symlink: /home/mael/ros2_ws/install/moveit_servo_baxter/include/moveit_servo_lib_parameters/moveit_servo_lib_parameters.hpp
[24.535s] -- Up-to-date symlink: /home/mael/ros2_ws/install/moveit_servo_baxter/lib/moveit_servo_baxter/servo_node_main
[24.535s] -- Up-to-date symlink: /home/mael/ros2_ws/install/moveit_servo_baxter/lib/moveit_servo_baxter/servo_pose_tracking_demo
[24.535s] -- Up-to-date symlink: /home/mael/ros2_ws/install/moveit_servo_baxter/lib/moveit_servo_baxter/fake_command_publisher
[24.536s] -- Up-to-date symlink: /home/mael/ros2_ws/install/moveit_servo_baxter/include/moveit_servo_baxter/moveit_servo_baxter/collision_check.h
[24.536s] -- Up-to-date symlink: /home/mael/ros2_ws/install/moveit_servo_baxter/include/moveit_servo_baxter/moveit_servo_baxter/make_shared_from_pool.h
[24.536s] -- Up-to-date symlink: /home/mael/ros2_ws/install/moveit_servo_baxter/include/moveit_servo_baxter/moveit_servo_baxter/pose_tracking.h
[24.536s] -- Up-to-date symlink: /home/mael/ros2_ws/install/moveit_servo_baxter/include/moveit_servo_baxter/moveit_servo_baxter/servo.h
[24.536s] -- Up-to-date symlink: /home/mael/ros2_ws/install/moveit_servo_baxter/include/moveit_servo_baxter/moveit_servo_baxter/servo_calcs.h
[24.537s] -- Up-to-date symlink: /home/mael/ros2_ws/install/moveit_servo_baxter/include/moveit_servo_baxter/moveit_servo_baxter/servo_node.h
[24.537s] -- Up-to-date symlink: /home/mael/ros2_ws/install/moveit_servo_baxter/include/moveit_servo_baxter/moveit_servo_baxter/servo_server.h
[24.537s] -- Up-to-date symlink: /home/mael/ros2_ws/install/moveit_servo_baxter/include/moveit_servo_baxter/moveit_servo_baxter/status_codes.h
[24.537s] -- Up-to-date symlink: /home/mael/ros2_ws/install/moveit_servo_baxter/include/moveit_servo_baxter/moveit_servo_baxter/utilities.h
[24.537s] -- Up-to-date symlink: /home/mael/ros2_ws/install/moveit_servo_baxter/share/moveit_servo_baxter/launch/pose_tracking_example.launch.py
[24.537s] -- Up-to-date symlink: /home/mael/ros2_ws/install/moveit_servo_baxter/share/moveit_servo_baxter/launch/servo_example.launch.py
[24.538s] -- Up-to-date symlink: /home/mael/ros2_ws/install/moveit_servo_baxter/share/moveit_servo_baxter/config/demo_rviz_config.rviz
[24.538s] -- Up-to-date symlink: /home/mael/ros2_ws/install/moveit_servo_baxter/share/moveit_servo_baxter/config/demo_rviz_pose_tracking.rviz
[24.538s] -- Up-to-date symlink: /home/mael/ros2_ws/install/moveit_servo_baxter/share/moveit_servo_baxter/config/panda_simulated_config.yaml
[24.538s] -- Up-to-date symlink: /home/mael/ros2_ws/install/moveit_servo_baxter/share/moveit_servo_baxter/config/panda_simulated_config_pose_tracking.yaml
[24.538s] -- Up-to-date symlink: /home/mael/ros2_ws/install/moveit_servo_baxter/share/moveit_servo_baxter/config/pose_tracking_settings.yaml
[24.539s] -- Up-to-date symlink: /home/mael/ros2_ws/install/moveit_servo_baxter/share/moveit_servo_baxter/environment/library_path.sh
[24.539s] -- Up-to-date symlink: /home/mael/ros2_ws/install/moveit_servo_baxter/share/moveit_servo_baxter/environment/library_path.dsv
[24.539s] -- Up-to-date symlink: /home/mael/ros2_ws/install/moveit_servo_baxter/share/ament_index/resource_index/package_run_dependencies/moveit_servo_baxter
[24.539s] -- Up-to-date symlink: /home/mael/ros2_ws/install/moveit_servo_baxter/share/ament_index/resource_index/parent_prefix_path/moveit_servo_baxter
[24.540s] -- Up-to-date symlink: /home/mael/ros2_ws/install/moveit_servo_baxter/share/moveit_servo_baxter/environment/ament_prefix_path.sh
[24.540s] -- Up-to-date symlink: /home/mael/ros2_ws/install/moveit_servo_baxter/share/moveit_servo_baxter/environment/ament_prefix_path.dsv
[24.540s] -- Up-to-date symlink: /home/mael/ros2_ws/install/moveit_servo_baxter/share/moveit_servo_baxter/environment/path.sh
[24.540s] -- Up-to-date symlink: /home/mael/ros2_ws/install/moveit_servo_baxter/share/moveit_servo_baxter/environment/path.dsv
[24.541s] -- Up-to-date symlink: /home/mael/ros2_ws/install/moveit_servo_baxter/share/moveit_servo_baxter/local_setup.bash
[24.541s] -- Up-to-date symlink: /home/mael/ros2_ws/install/moveit_servo_baxter/share/moveit_servo_baxter/local_setup.sh
[24.541s] -- Up-to-date symlink: /home/mael/ros2_ws/install/moveit_servo_baxter/share/moveit_servo_baxter/local_setup.zsh
[24.541s] -- Up-to-date symlink: /home/mael/ros2_ws/install/moveit_servo_baxter/share/moveit_servo_baxter/local_setup.dsv
[24.541s] -- Symlinking: /home/mael/ros2_ws/install/moveit_servo_baxter/share/moveit_servo_baxter/package.dsv
[24.550s] -- Up-to-date symlink: /home/mael/ros2_ws/install/moveit_servo_baxter/share/ament_index/resource_index/packages/moveit_servo_baxter
[24.550s] -- Up-to-date symlink: /home/mael/ros2_ws/install/moveit_servo_baxter/share/ament_index/resource_index/rclcpp_components/moveit_servo_baxter
[24.550s] -- Up-to-date symlink: /home/mael/ros2_ws/install/moveit_servo_baxter/share/moveit_servo_baxter/cmake/ament_cmake_export_targets-extras.cmake
[24.551s] -- Up-to-date symlink: /home/mael/ros2_ws/install/moveit_servo_baxter/share/moveit_servo_baxter/cmake/ament_cmake_export_dependencies-extras.cmake
[24.551s] -- Up-to-date symlink: /home/mael/ros2_ws/install/moveit_servo_baxter/share/moveit_servo_baxter/cmake/moveit_servo_baxterConfig.cmake
[24.551s] -- Up-to-date symlink: /home/mael/ros2_ws/install/moveit_servo_baxter/share/moveit_servo_baxter/cmake/moveit_servo_baxterConfig-version.cmake
[24.551s] -- Up-to-date symlink: /home/mael/ros2_ws/install/moveit_servo_baxter/share/moveit_servo_baxter/package.xml
[24.551s] -- Up-to-date: /home/mael/ros2_ws/install/moveit_servo_baxter/lib/libmoveit_servo_lib.so.
[24.552s] -- Up-to-date: /home/mael/ros2_ws/install/moveit_servo_baxter/lib/libmoveit_servo_lib.so
[24.552s] -- Up-to-date: /home/mael/ros2_ws/install/moveit_servo_baxter/lib/libpose_tracking.so
[24.553s] -- Up-to-date: /home/mael/ros2_ws/install/moveit_servo_baxter/lib/libservo_node.so
[24.553s] -- Up-to-date: /home/mael/ros2_ws/install/moveit_servo_baxter/lib/libservo_controller_input.so
[24.554s] -- Up-to-date: /home/mael/ros2_ws/install/moveit_servo_baxter/share/moveit_servo_baxter/cmake/moveit_servoTargetsExport.cmake
[24.554s] -- Up-to-date: /home/mael/ros2_ws/install/moveit_servo_baxter/share/moveit_servo_baxter/cmake/moveit_servoTargetsExport-release.cmake
[24.558s] Invoked command in '/home/mael/ros2_ws/build/moveit_servo_baxter' returned '0': CMAKE_PREFIX_PATH=${CMAKE_PREFIX_PATH}:/home/mael/ros2_ws/install/ros_tcp_endpoint:/home/mael/ros2_ws/install/baxter_joint_controller:/home/mael/ros2_ws/install/baxter_6dof_vr:/opt/ros/humble /usr/bin/cmake --install /home/mael/ros2_ws/build/moveit_servo_baxter
