[0.052s] Invoking command in '/home/mael/ros2_ws/build/baxter_maintenance_msgs': CMAKE_PREFIX_PATH=${CMAKE_PREFIX_PATH}:/home/mael/ros2_ws/install/ros_tcp_endpoint:/home/mael/ros2_ws/install/baxter_joint_controller:/home/mael/ros2_ws/install/baxter_6dof_vr:/opt/ros/humble /usr/bin/cmake /home/mael/ros2_ws/src/baxter_common_ros2/baxter_maintenance_msgs -DAMENT_CMAKE_SYMLINK_INSTALL=1 -DCMAKE_INSTALL_PREFIX=/home/mael/ros2_ws/install/baxter_maintenance_msgs
[0.137s] -- The C compiler identification is GNU 11.3.0
[0.226s] -- The CXX compiler identification is GNU 11.3.0
[0.235s] -- Detecting C compiler ABI info
[0.321s] -- Detecting C compiler ABI info - done
[0.336s] -- Check for working C compiler: /usr/bin/cc - skipped
[0.336s] -- Detecting C compile features
[0.337s] -- Detecting C compile features - done
[0.342s] -- Detecting CXX compiler ABI info
[0.453s] -- Detecting CXX compiler ABI info - done
[0.465s] -- Check for working CXX compiler: /usr/bin/c++ - skipped
[0.465s] -- Detecting CXX compile features
[0.465s] -- Detecting CXX compile features - done
[0.468s] -- Found ament_cmake: 1.3.5 (/opt/ros/humble/share/ament_cmake/cmake)
[0.639s] -- Found Python3: /usr/bin/python3.10 (found version "3.10.6") found components: Interpreter 
[0.696s] -- Override CMake install command with custom implementation using symlinks instead of copying resources
[0.725s] -- Found rosidl_default_generators: 1.2.0 (/opt/ros/humble/share/rosidl_default_generators/cmake)
[0.729s] -- Using all available rosidl_typesupport_c: rosidl_typesupport_fastrtps_c;rosidl_typesupport_introspection_c
[0.736s] -- Found rosidl_adapter: 3.1.4 (/opt/ros/humble/share/rosidl_adapter/cmake)
[0.778s] -- Using all available rosidl_typesupport_cpp: rosidl_typesupport_fastrtps_cpp;rosidl_typesupport_introspection_cpp
[1.393s] -- Found ament_cmake_ros: 0.10.0 (/opt/ros/humble/share/ament_cmake_ros/cmake)
[3.136s] -- Using all available rosidl_typesupport_c: rosidl_typesupport_fastrtps_c;rosidl_typesupport_introspection_c
[4.695s] -- Using all available rosidl_typesupport_cpp: rosidl_typesupport_fastrtps_cpp;rosidl_typesupport_introspection_cpp
[5.048s] -- Found PythonInterp: /usr/bin/python3 (found suitable version "3.10.6", minimum required is "3.6") 
[5.314s] -- Found python_cmake_module: 0.10.0 (/opt/ros/humble/share/python_cmake_module/cmake)
[6.234s] -- Found PythonLibs: /usr/lib/x86_64-linux-gnu/libpython3.10.so (found suitable version "3.10.6", minimum required is "3.5") 
[6.236s] -- Using PYTHON_EXECUTABLE: /usr/bin/python3
[6.236s] -- Using PYTHON_INCLUDE_DIRS: /usr/include/python3.10
[6.236s] -- Using PYTHON_LIBRARIES: /usr/lib/x86_64-linux-gnu/libpython3.10.so
[6.263s] -- Found PythonExtra: .so  
[6.828s] -- Found ament_lint_auto: 0.12.6 (/opt/ros/humble/share/ament_lint_auto/cmake)
[7.601s] -- Configuring done
[7.933s] -- Generating done
[8.012s] -- Build files have been written to: /home/mael/ros2_ws/build/baxter_maintenance_msgs
[8.101s] Invoked command in '/home/mael/ros2_ws/build/baxter_maintenance_msgs' returned '0': CMAKE_PREFIX_PATH=${CMAKE_PREFIX_PATH}:/home/mael/ros2_ws/install/ros_tcp_endpoint:/home/mael/ros2_ws/install/baxter_joint_controller:/home/mael/ros2_ws/install/baxter_6dof_vr:/opt/ros/humble /usr/bin/cmake /home/mael/ros2_ws/src/baxter_common_ros2/baxter_maintenance_msgs -DAMENT_CMAKE_SYMLINK_INSTALL=1 -DCMAKE_INSTALL_PREFIX=/home/mael/ros2_ws/install/baxter_maintenance_msgs
[8.119s] Invoking command in '/home/mael/ros2_ws/build/baxter_maintenance_msgs': CMAKE_PREFIX_PATH=${CMAKE_PREFIX_PATH}:/home/mael/ros2_ws/install/ros_tcp_endpoint:/home/mael/ros2_ws/install/baxter_joint_controller:/home/mael/ros2_ws/install/baxter_6dof_vr:/opt/ros/humble /usr/bin/cmake --build /home/mael/ros2_ws/build/baxter_maintenance_msgs -- -j8 -l8
[8.121s] [  1%] [34m[1mGenerating C code for ROS interfaces[0m
[8.126s] [  2%] [34m[1mGenerating C++ code for ROS interfaces[0m
[8.133s] [  2%] Built target ament_cmake_python_symlink_baxter_maintenance_msgs
[8.385s] running egg_info
[8.386s] creating baxter_maintenance_msgs.egg-info
[8.386s] writing baxter_maintenance_msgs.egg-info/PKG-INFO
[8.386s] writing dependency_links to baxter_maintenance_msgs.egg-info/dependency_links.txt
[8.387s] writing top-level names to baxter_maintenance_msgs.egg-info/top_level.txt
[8.387s] writing manifest file 'baxter_maintenance_msgs.egg-info/SOURCES.txt'
[8.388s] reading manifest file 'baxter_maintenance_msgs.egg-info/SOURCES.txt'
[8.389s] writing manifest file 'baxter_maintenance_msgs.egg-info/SOURCES.txt'
[8.827s] [  2%] Built target ament_cmake_python_build_baxter_maintenance_msgs_egg
[12.907s] [  2%] Built target baxter_maintenance_msgs__cpp
[12.929s] [  3%] [34m[1mGenerating C++ type support dispatch for ROS interfaces[0m
[13.127s] [  6%] [32mBuilding C object CMakeFiles/baxter_maintenance_msgs__rosidl_generator_c.dir/rosidl_generator_c/baxter_maintenance_msgs/msg/detail/update_status__functions.c.o[0m
[13.127s] [  6%] [32mBuilding C object CMakeFiles/baxter_maintenance_msgs__rosidl_generator_c.dir/rosidl_generator_c/baxter_maintenance_msgs/msg/detail/update_sources__functions.c.o[0m
[13.926s] [  7%] [32mBuilding CXX object CMakeFiles/baxter_maintenance_msgs__rosidl_typesupport_cpp.dir/rosidl_typesupport_cpp/baxter_maintenance_msgs/msg/update_status__type_support.cpp.o[0m
[14.138s] [  8%] [32mBuilding C object CMakeFiles/baxter_maintenance_msgs__rosidl_generator_c.dir/rosidl_generator_c/baxter_maintenance_msgs/msg/detail/calibrate_arm_data__functions.c.o[0m
[15.147s] [ 10%] [32mBuilding C object CMakeFiles/baxter_maintenance_msgs__rosidl_generator_c.dir/rosidl_generator_c/baxter_maintenance_msgs/msg/detail/calibrate_arm_enable__functions.c.o[0m
[15.621s] [ 11%] [32mBuilding CXX object CMakeFiles/baxter_maintenance_msgs__rosidl_typesupport_cpp.dir/rosidl_typesupport_cpp/baxter_maintenance_msgs/msg/update_sources__type_support.cpp.o[0m
[15.621s] [ 12%] [32mBuilding C object CMakeFiles/baxter_maintenance_msgs__rosidl_generator_c.dir/rosidl_generator_c/baxter_maintenance_msgs/msg/detail/tare_data__functions.c.o[0m
[15.630s] [ 13%] [32mBuilding C object CMakeFiles/baxter_maintenance_msgs__rosidl_generator_c.dir/rosidl_generator_c/baxter_maintenance_msgs/msg/detail/tare_enable__functions.c.o[0m
[15.641s] [ 15%] [32mBuilding C object CMakeFiles/baxter_maintenance_msgs__rosidl_generator_c.dir/rosidl_generator_c/baxter_maintenance_msgs/msg/detail/update_source__functions.c.o[0m
[15.978s] [ 16%] [32m[1mLinking C shared library libbaxter_maintenance_msgs__rosidl_generator_c.so[0m
[17.253s] [ 16%] Built target baxter_maintenance_msgs__rosidl_generator_c
[24.017s] [ 17%] [32mBuilding CXX object CMakeFiles/baxter_maintenance_msgs__rosidl_typesupport_cpp.dir/rosidl_typesupport_cpp/baxter_maintenance_msgs/msg/tare_enable__type_support.cpp.o[0m
[24.483s] [ 18%] [32mBuilding CXX object CMakeFiles/baxter_maintenance_msgs__rosidl_typesupport_cpp.dir/rosidl_typesupport_cpp/baxter_maintenance_msgs/msg/calibrate_arm_data__type_support.cpp.o[0m
[25.183s] [ 20%] [32mBuilding CXX object CMakeFiles/baxter_maintenance_msgs__rosidl_typesupport_cpp.dir/rosidl_typesupport_cpp/baxter_maintenance_msgs/msg/calibrate_arm_enable__type_support.cpp.o[0m
[26.071s] [ 21%] [32mBuilding CXX object CMakeFiles/baxter_maintenance_msgs__rosidl_typesupport_cpp.dir/rosidl_typesupport_cpp/baxter_maintenance_msgs/msg/update_source__type_support.cpp.o[0m
[26.674s] [ 22%] [32mBuilding CXX object CMakeFiles/baxter_maintenance_msgs__rosidl_typesupport_cpp.dir/rosidl_typesupport_cpp/baxter_maintenance_msgs/msg/tare_data__type_support.cpp.o[0m
[27.272s] [ 24%] [32m[1mLinking CXX shared library libbaxter_maintenance_msgs__rosidl_typesupport_cpp.so[0m
[30.149s] [ 24%] Built target baxter_maintenance_msgs__rosidl_typesupport_cpp
[30.188s] [ 25%] [34m[1mGenerating C type support dispatch for ROS interfaces[0m
[30.986s] [ 26%] [32mBuilding CXX object CMakeFiles/baxter_maintenance_msgs__rosidl_typesupport_c.dir/rosidl_typesupport_c/baxter_maintenance_msgs/msg/update_status__type_support.cpp.o[0m
[32.316s] [ 27%] [32mBuilding CXX object CMakeFiles/baxter_maintenance_msgs__rosidl_typesupport_c.dir/rosidl_typesupport_c/baxter_maintenance_msgs/msg/calibrate_arm_enable__type_support.cpp.o[0m
[32.582s] [ 29%] [32mBuilding CXX object CMakeFiles/baxter_maintenance_msgs__rosidl_typesupport_c.dir/rosidl_typesupport_c/baxter_maintenance_msgs/msg/calibrate_arm_data__type_support.cpp.o[0m
[32.982s] [ 30%] [32mBuilding CXX object CMakeFiles/baxter_maintenance_msgs__rosidl_typesupport_c.dir/rosidl_typesupport_c/baxter_maintenance_msgs/msg/tare_enable__type_support.cpp.o[0m
[33.511s] [ 31%] [32mBuilding CXX object CMakeFiles/baxter_maintenance_msgs__rosidl_typesupport_c.dir/rosidl_typesupport_c/baxter_maintenance_msgs/msg/update_source__type_support.cpp.o[0m
[34.037s] [ 32%] [32mBuilding CXX object CMakeFiles/baxter_maintenance_msgs__rosidl_typesupport_c.dir/rosidl_typesupport_c/baxter_maintenance_msgs/msg/tare_data__type_support.cpp.o[0m
[34.558s] [ 34%] [32mBuilding CXX object CMakeFiles/baxter_maintenance_msgs__rosidl_typesupport_c.dir/rosidl_typesupport_c/baxter_maintenance_msgs/msg/update_sources__type_support.cpp.o[0m
[34.968s] [ 35%] [32m[1mLinking CXX shared library libbaxter_maintenance_msgs__rosidl_typesupport_c.so[0m
[35.877s] [ 35%] Built target baxter_maintenance_msgs__rosidl_typesupport_c
[35.887s] [ 36%] [34m[1mGenerating C introspection for ROS interfaces[0m
[37.528s] [ 37%] [32mBuilding C object CMakeFiles/baxter_maintenance_msgs__rosidl_typesupport_introspection_c.dir/rosidl_typesupport_introspection_c/baxter_maintenance_msgs/msg/detail/update_status__type_support.c.o[0m
[38.511s] [ 39%] [32mBuilding C object CMakeFiles/baxter_maintenance_msgs__rosidl_typesupport_introspection_c.dir/rosidl_typesupport_introspection_c/baxter_maintenance_msgs/msg/detail/calibrate_arm_data__type_support.c.o[0m
[39.365s] [ 40%] [32mBuilding C object CMakeFiles/baxter_maintenance_msgs__rosidl_typesupport_introspection_c.dir/rosidl_typesupport_introspection_c/baxter_maintenance_msgs/msg/detail/tare_enable__type_support.c.o[0m
[39.724s] [ 41%] [32mBuilding C object CMakeFiles/baxter_maintenance_msgs__rosidl_typesupport_introspection_c.dir/rosidl_typesupport_introspection_c/baxter_maintenance_msgs/msg/detail/update_source__type_support.c.o[0m
[41.070s] [ 43%] [32mBuilding C object CMakeFiles/baxter_maintenance_msgs__rosidl_typesupport_introspection_c.dir/rosidl_typesupport_introspection_c/baxter_maintenance_msgs/msg/detail/calibrate_arm_enable__type_support.c.o[0m
[41.389s] [ 44%] [32mBuilding C object CMakeFiles/baxter_maintenance_msgs__rosidl_typesupport_introspection_c.dir/rosidl_typesupport_introspection_c/baxter_maintenance_msgs/msg/detail/tare_data__type_support.c.o[0m
[41.570s] [ 45%] [32mBuilding C object CMakeFiles/baxter_maintenance_msgs__rosidl_typesupport_introspection_c.dir/rosidl_typesupport_introspection_c/baxter_maintenance_msgs/msg/detail/update_sources__type_support.c.o[0m
[41.943s] [ 46%] [32m[1mLinking C shared library libbaxter_maintenance_msgs__rosidl_typesupport_introspection_c.so[0m
[42.282s] [ 46%] Built target baxter_maintenance_msgs__rosidl_typesupport_introspection_c
[42.291s] [ 48%] [34m[1mGenerating C type support for eProsima Fast-RTPS[0m
[43.591s] [ 49%] [32mBuilding CXX object CMakeFiles/baxter_maintenance_msgs__rosidl_typesupport_fastrtps_c.dir/rosidl_typesupport_fastrtps_c/baxter_maintenance_msgs/msg/detail/update_status__type_support_c.cpp.o[0m
[46.747s] [ 50%] [32mBuilding CXX object CMakeFiles/baxter_maintenance_msgs__rosidl_typesupport_fastrtps_c.dir/rosidl_typesupport_fastrtps_c/baxter_maintenance_msgs/msg/detail/tare_enable__type_support_c.cpp.o[0m
[47.460s] [ 51%] [32mBuilding CXX object CMakeFiles/baxter_maintenance_msgs__rosidl_typesupport_fastrtps_c.dir/rosidl_typesupport_fastrtps_c/baxter_maintenance_msgs/msg/detail/update_source__type_support_c.cpp.o[0m
[48.709s] [ 53%] [32mBuilding CXX object CMakeFiles/baxter_maintenance_msgs__rosidl_typesupport_fastrtps_c.dir/rosidl_typesupport_fastrtps_c/baxter_maintenance_msgs/msg/detail/calibrate_arm_data__type_support_c.cpp.o[0m
[49.699s] [ 54%] [32mBuilding CXX object CMakeFiles/baxter_maintenance_msgs__rosidl_typesupport_fastrtps_c.dir/rosidl_typesupport_fastrtps_c/baxter_maintenance_msgs/msg/detail/calibrate_arm_enable__type_support_c.cpp.o[0m
[50.506s] [ 55%] [32mBuilding CXX object CMakeFiles/baxter_maintenance_msgs__rosidl_typesupport_fastrtps_c.dir/rosidl_typesupport_fastrtps_c/baxter_maintenance_msgs/msg/detail/tare_data__type_support_c.cpp.o[0m
[51.344s] [ 56%] [32mBuilding CXX object CMakeFiles/baxter_maintenance_msgs__rosidl_typesupport_fastrtps_c.dir/rosidl_typesupport_fastrtps_c/baxter_maintenance_msgs/msg/detail/update_sources__type_support_c.cpp.o[0m
[52.173s] [ 58%] [32m[1mLinking CXX shared library libbaxter_maintenance_msgs__rosidl_typesupport_fastrtps_c.so[0m
[53.257s] [ 58%] Built target baxter_maintenance_msgs__rosidl_typesupport_fastrtps_c
[53.265s] [ 59%] [34m[1mGenerating C++ introspection for ROS interfaces[0m
[53.751s] [ 60%] [32mBuilding CXX object CMakeFiles/baxter_maintenance_msgs__rosidl_typesupport_introspection_cpp.dir/rosidl_typesupport_introspection_cpp/baxter_maintenance_msgs/msg/detail/update_status__type_support.cpp.o[0m
[54.206s] [ 62%] [32mBuilding CXX object CMakeFiles/baxter_maintenance_msgs__rosidl_typesupport_introspection_cpp.dir/rosidl_typesupport_introspection_cpp/baxter_maintenance_msgs/msg/detail/update_source__type_support.cpp.o[0m
[54.701s] [ 63%] [32mBuilding CXX object CMakeFiles/baxter_maintenance_msgs__rosidl_typesupport_introspection_cpp.dir/rosidl_typesupport_introspection_cpp/baxter_maintenance_msgs/msg/detail/tare_enable__type_support.cpp.o[0m
[55.269s] [ 64%] [32mBuilding CXX object CMakeFiles/baxter_maintenance_msgs__rosidl_typesupport_introspection_cpp.dir/rosidl_typesupport_introspection_cpp/baxter_maintenance_msgs/msg/detail/calibrate_arm_data__type_support.cpp.o[0m
[55.674s] [ 65%] [32mBuilding CXX object CMakeFiles/baxter_maintenance_msgs__rosidl_typesupport_introspection_cpp.dir/rosidl_typesupport_introspection_cpp/baxter_maintenance_msgs/msg/detail/calibrate_arm_enable__type_support.cpp.o[0m
[56.173s] [ 67%] [32mBuilding CXX object CMakeFiles/baxter_maintenance_msgs__rosidl_typesupport_introspection_cpp.dir/rosidl_typesupport_introspection_cpp/baxter_maintenance_msgs/msg/detail/tare_data__type_support.cpp.o[0m
[56.714s] [ 68%] [32mBuilding CXX object CMakeFiles/baxter_maintenance_msgs__rosidl_typesupport_introspection_cpp.dir/rosidl_typesupport_introspection_cpp/baxter_maintenance_msgs/msg/detail/update_sources__type_support.cpp.o[0m
[57.262s] [ 69%] [32m[1mLinking CXX shared library libbaxter_maintenance_msgs__rosidl_typesupport_introspection_cpp.so[0m
[57.655s] [ 69%] Built target baxter_maintenance_msgs__rosidl_typesupport_introspection_cpp
[57.665s] [ 70%] [34m[1mGenerating C++ type support for eProsima Fast-RTPS[0m
[58.474s] [ 72%] [32mBuilding CXX object CMakeFiles/baxter_maintenance_msgs__rosidl_typesupport_fastrtps_cpp.dir/rosidl_typesupport_fastrtps_cpp/baxter_maintenance_msgs/msg/detail/dds_fastrtps/update_status__type_support.cpp.o[0m
[61.636s] [ 73%] [32mBuilding CXX object CMakeFiles/baxter_maintenance_msgs__rosidl_typesupport_fastrtps_cpp.dir/rosidl_typesupport_fastrtps_cpp/baxter_maintenance_msgs/msg/detail/dds_fastrtps/update_source__type_support.cpp.o[0m
[63.982s] [ 74%] [32mBuilding CXX object CMakeFiles/baxter_maintenance_msgs__rosidl_typesupport_fastrtps_cpp.dir/rosidl_typesupport_fastrtps_cpp/baxter_maintenance_msgs/msg/detail/dds_fastrtps/tare_enable__type_support.cpp.o[0m
[66.788s] [ 75%] [32mBuilding CXX object CMakeFiles/baxter_maintenance_msgs__rosidl_typesupport_fastrtps_cpp.dir/rosidl_typesupport_fastrtps_cpp/baxter_maintenance_msgs/msg/detail/dds_fastrtps/calibrate_arm_data__type_support.cpp.o[0m
[69.584s] [ 77%] [32mBuilding CXX object CMakeFiles/baxter_maintenance_msgs__rosidl_typesupport_fastrtps_cpp.dir/rosidl_typesupport_fastrtps_cpp/baxter_maintenance_msgs/msg/detail/dds_fastrtps/calibrate_arm_enable__type_support.cpp.o[0m
[70.303s] [ 78%] [32mBuilding CXX object CMakeFiles/baxter_maintenance_msgs__rosidl_typesupport_fastrtps_cpp.dir/rosidl_typesupport_fastrtps_cpp/baxter_maintenance_msgs/msg/detail/dds_fastrtps/tare_data__type_support.cpp.o[0m
[71.664s] [ 79%] [32mBuilding CXX object CMakeFiles/baxter_maintenance_msgs__rosidl_typesupport_fastrtps_cpp.dir/rosidl_typesupport_fastrtps_cpp/baxter_maintenance_msgs/msg/detail/dds_fastrtps/update_sources__type_support.cpp.o[0m
[72.930s] [ 81%] [32m[1mLinking CXX shared library libbaxter_maintenance_msgs__rosidl_typesupport_fastrtps_cpp.so[0m
[76.993s] [ 81%] Built target baxter_maintenance_msgs__rosidl_typesupport_fastrtps_cpp
[77.014s] [ 81%] Built target baxter_maintenance_msgs
[77.032s] [ 82%] [34m[1mGenerating Python code for ROS interfaces[0m
[80.364s] [ 82%] Built target baxter_maintenance_msgs__py
[80.373s] [ 83%] [32mBuilding C object CMakeFiles/baxter_maintenance_msgs__rosidl_generator_py.dir/rosidl_generator_py/baxter_maintenance_msgs/msg/_update_status_s.c.o[0m
[95.644s] [ 84%] [32mBuilding C object CMakeFiles/baxter_maintenance_msgs__rosidl_generator_py.dir/rosidl_generator_py/baxter_maintenance_msgs/msg/_update_source_s.c.o[0m
[98.955s] [ 86%] [32mBuilding C object CMakeFiles/baxter_maintenance_msgs__rosidl_generator_py.dir/rosidl_generator_py/baxter_maintenance_msgs/msg/_tare_enable_s.c.o[0m
[100.392s] [ 87%] [32mBuilding C object CMakeFiles/baxter_maintenance_msgs__rosidl_generator_py.dir/rosidl_generator_py/baxter_maintenance_msgs/msg/_calibrate_arm_data_s.c.o[0m
[106.760s] [ 88%] [32mBuilding C object CMakeFiles/baxter_maintenance_msgs__rosidl_generator_py.dir/rosidl_generator_py/baxter_maintenance_msgs/msg/_calibrate_arm_enable_s.c.o[0m
[110.005s] [ 89%] [32mBuilding C object CMakeFiles/baxter_maintenance_msgs__rosidl_generator_py.dir/rosidl_generator_py/baxter_maintenance_msgs/msg/_tare_data_s.c.o[0m
[110.642s] [ 91%] [32mBuilding C object CMakeFiles/baxter_maintenance_msgs__rosidl_generator_py.dir/rosidl_generator_py/baxter_maintenance_msgs/msg/_update_sources_s.c.o[0m
[111.209s] [ 92%] [32m[1mLinking C shared library rosidl_generator_py/baxter_maintenance_msgs/libbaxter_maintenance_msgs__rosidl_generator_py.so[0m
[113.565s] [ 92%] Built target baxter_maintenance_msgs__rosidl_generator_py
[113.588s] [ 93%] [32mBuilding C object CMakeFiles/baxter_maintenance_msgs__rosidl_typesupport_fastrtps_c__pyext.dir/rosidl_generator_py/baxter_maintenance_msgs/_baxter_maintenance_msgs_s.ep.rosidl_typesupport_fastrtps_c.c.o[0m
[114.235s] [ 94%] [32m[1mLinking C shared library rosidl_generator_py/baxter_maintenance_msgs/baxter_maintenance_msgs_s__rosidl_typesupport_fastrtps_c.cpython-310-x86_64-linux-gnu.so[0m
[119.637s] [ 94%] Built target baxter_maintenance_msgs__rosidl_typesupport_fastrtps_c__pyext
[119.637s] [ 96%] [32mBuilding C object CMakeFiles/baxter_maintenance_msgs__rosidl_typesupport_c__pyext.dir/rosidl_generator_py/baxter_maintenance_msgs/_baxter_maintenance_msgs_s.ep.rosidl_typesupport_c.c.o[0m
[120.976s] [ 97%] [32m[1mLinking C shared library rosidl_generator_py/baxter_maintenance_msgs/baxter_maintenance_msgs_s__rosidl_typesupport_c.cpython-310-x86_64-linux-gnu.so[0m
[122.701s] [ 97%] Built target baxter_maintenance_msgs__rosidl_typesupport_c__pyext
[122.702s] [ 98%] [32mBuilding C object CMakeFiles/baxter_maintenance_msgs__rosidl_typesupport_introspection_c__pyext.dir/rosidl_generator_py/baxter_maintenance_msgs/_baxter_maintenance_msgs_s.ep.rosidl_typesupport_introspection_c.c.o[0m
[123.882s] [100%] [32m[1mLinking C shared library rosidl_generator_py/baxter_maintenance_msgs/baxter_maintenance_msgs_s__rosidl_typesupport_introspection_c.cpython-310-x86_64-linux-gnu.so[0m
[125.908s] [100%] Built target baxter_maintenance_msgs__rosidl_typesupport_introspection_c__pyext
[125.949s] Invoked command in '/home/mael/ros2_ws/build/baxter_maintenance_msgs' returned '0': CMAKE_PREFIX_PATH=${CMAKE_PREFIX_PATH}:/home/mael/ros2_ws/install/ros_tcp_endpoint:/home/mael/ros2_ws/install/baxter_joint_controller:/home/mael/ros2_ws/install/baxter_6dof_vr:/opt/ros/humble /usr/bin/cmake --build /home/mael/ros2_ws/build/baxter_maintenance_msgs -- -j8 -l8
[126.141s] Invoking command in '/home/mael/ros2_ws/build/baxter_maintenance_msgs': CMAKE_PREFIX_PATH=${CMAKE_PREFIX_PATH}:/home/mael/ros2_ws/install/ros_tcp_endpoint:/home/mael/ros2_ws/install/baxter_joint_controller:/home/mael/ros2_ws/install/baxter_6dof_vr:/opt/ros/humble /usr/bin/cmake --install /home/mael/ros2_ws/build/baxter_maintenance_msgs
[126.611s] -- Install configuration: ""
[126.612s] -- Execute custom install script
[126.612s] -- Symlinking: /home/mael/ros2_ws/install/baxter_maintenance_msgs/share/ament_index/resource_index/rosidl_interfaces/baxter_maintenance_msgs
[126.612s] -- Symlinking: /home/mael/ros2_ws/install/baxter_maintenance_msgs/include/baxter_maintenance_msgs/baxter_maintenance_msgs/msg/calibrate_arm_data.h
[126.612s] -- Symlinking: /home/mael/ros2_ws/install/baxter_maintenance_msgs/include/baxter_maintenance_msgs/baxter_maintenance_msgs/msg/calibrate_arm_enable.h
[126.612s] -- Symlinking: /home/mael/ros2_ws/install/baxter_maintenance_msgs/include/baxter_maintenance_msgs/baxter_maintenance_msgs/msg/detail/calibrate_arm_data__functions.h
[126.612s] -- Symlinking: /home/mael/ros2_ws/install/baxter_maintenance_msgs/include/baxter_maintenance_msgs/baxter_maintenance_msgs/msg/detail/calibrate_arm_data__struct.h
[126.612s] -- Symlinking: /home/mael/ros2_ws/install/baxter_maintenance_msgs/include/baxter_maintenance_msgs/baxter_maintenance_msgs/msg/detail/calibrate_arm_data__type_support.h
[126.612s] -- Symlinking: /home/mael/ros2_ws/install/baxter_maintenance_msgs/include/baxter_maintenance_msgs/baxter_maintenance_msgs/msg/detail/calibrate_arm_enable__functions.h
[126.612s] -- Symlinking: /home/mael/ros2_ws/install/baxter_maintenance_msgs/include/baxter_maintenance_msgs/baxter_maintenance_msgs/msg/detail/calibrate_arm_enable__struct.h
[126.612s] -- Symlinking: /home/mael/ros2_ws/install/baxter_maintenance_msgs/include/baxter_maintenance_msgs/baxter_maintenance_msgs/msg/detail/calibrate_arm_enable__type_support.h
[126.613s] -- Symlinking: /home/mael/ros2_ws/install/baxter_maintenance_msgs/include/baxter_maintenance_msgs/baxter_maintenance_msgs/msg/detail/tare_data__functions.h
[126.613s] -- Symlinking: /home/mael/ros2_ws/install/baxter_maintenance_msgs/include/baxter_maintenance_msgs/baxter_maintenance_msgs/msg/detail/tare_data__struct.h
[126.613s] -- Symlinking: /home/mael/ros2_ws/install/baxter_maintenance_msgs/include/baxter_maintenance_msgs/baxter_maintenance_msgs/msg/detail/tare_data__type_support.h
[126.613s] -- Symlinking: /home/mael/ros2_ws/install/baxter_maintenance_msgs/include/baxter_maintenance_msgs/baxter_maintenance_msgs/msg/detail/tare_enable__functions.h
[126.613s] -- Symlinking: /home/mael/ros2_ws/install/baxter_maintenance_msgs/include/baxter_maintenance_msgs/baxter_maintenance_msgs/msg/detail/tare_enable__struct.h
[126.613s] -- Symlinking: /home/mael/ros2_ws/install/baxter_maintenance_msgs/include/baxter_maintenance_msgs/baxter_maintenance_msgs/msg/detail/tare_enable__type_support.h
[126.613s] -- Symlinking: /home/mael/ros2_ws/install/baxter_maintenance_msgs/include/baxter_maintenance_msgs/baxter_maintenance_msgs/msg/detail/update_source__functions.h
[126.613s] -- Symlinking: /home/mael/ros2_ws/install/baxter_maintenance_msgs/include/baxter_maintenance_msgs/baxter_maintenance_msgs/msg/detail/update_source__struct.h
[126.613s] -- Symlinking: /home/mael/ros2_ws/install/baxter_maintenance_msgs/include/baxter_maintenance_msgs/baxter_maintenance_msgs/msg/detail/update_source__type_support.h
[126.613s] -- Symlinking: /home/mael/ros2_ws/install/baxter_maintenance_msgs/include/baxter_maintenance_msgs/baxter_maintenance_msgs/msg/detail/update_sources__functions.h
[126.613s] -- Symlinking: /home/mael/ros2_ws/install/baxter_maintenance_msgs/include/baxter_maintenance_msgs/baxter_maintenance_msgs/msg/detail/update_sources__struct.h
[126.614s] -- Symlinking: /home/mael/ros2_ws/install/baxter_maintenance_msgs/include/baxter_maintenance_msgs/baxter_maintenance_msgs/msg/detail/update_sources__type_support.h
[126.614s] -- Symlinking: /home/mael/ros2_ws/install/baxter_maintenance_msgs/include/baxter_maintenance_msgs/baxter_maintenance_msgs/msg/detail/update_status__functions.h
[126.614s] -- Symlinking: /home/mael/ros2_ws/install/baxter_maintenance_msgs/include/baxter_maintenance_msgs/baxter_maintenance_msgs/msg/detail/update_status__struct.h
[126.614s] -- Symlinking: /home/mael/ros2_ws/install/baxter_maintenance_msgs/include/baxter_maintenance_msgs/baxter_maintenance_msgs/msg/detail/update_status__type_support.h
[126.614s] -- Symlinking: /home/mael/ros2_ws/install/baxter_maintenance_msgs/include/baxter_maintenance_msgs/baxter_maintenance_msgs/msg/rosidl_generator_c__visibility_control.h
[126.614s] -- Symlinking: /home/mael/ros2_ws/install/baxter_maintenance_msgs/include/baxter_maintenance_msgs/baxter_maintenance_msgs/msg/tare_data.h
[126.614s] -- Symlinking: /home/mael/ros2_ws/install/baxter_maintenance_msgs/include/baxter_maintenance_msgs/baxter_maintenance_msgs/msg/tare_enable.h
[126.615s] -- Symlinking: /home/mael/ros2_ws/install/baxter_maintenance_msgs/include/baxter_maintenance_msgs/baxter_maintenance_msgs/msg/update_source.h
[126.615s] -- Symlinking: /home/mael/ros2_ws/install/baxter_maintenance_msgs/include/baxter_maintenance_msgs/baxter_maintenance_msgs/msg/update_sources.h
[126.615s] -- Symlinking: /home/mael/ros2_ws/install/baxter_maintenance_msgs/include/baxter_maintenance_msgs/baxter_maintenance_msgs/msg/update_status.h
[126.616s] -- Symlinking: /home/mael/ros2_ws/install/baxter_maintenance_msgs/share/baxter_maintenance_msgs/environment/library_path.sh
[126.617s] -- Symlinking: /home/mael/ros2_ws/install/baxter_maintenance_msgs/share/baxter_maintenance_msgs/environment/library_path.dsv
[126.617s] -- Symlinking: /home/mael/ros2_ws/install/baxter_maintenance_msgs/include/baxter_maintenance_msgs/baxter_maintenance_msgs/msg/detail/calibrate_arm_data__rosidl_typesupport_fastrtps_c.h
[126.617s] -- Symlinking: /home/mael/ros2_ws/install/baxter_maintenance_msgs/include/baxter_maintenance_msgs/baxter_maintenance_msgs/msg/detail/calibrate_arm_enable__rosidl_typesupport_fastrtps_c.h
[126.617s] -- Symlinking: /home/mael/ros2_ws/install/baxter_maintenance_msgs/include/baxter_maintenance_msgs/baxter_maintenance_msgs/msg/detail/tare_data__rosidl_typesupport_fastrtps_c.h
[126.617s] -- Symlinking: /home/mael/ros2_ws/install/baxter_maintenance_msgs/include/baxter_maintenance_msgs/baxter_maintenance_msgs/msg/detail/tare_enable__rosidl_typesupport_fastrtps_c.h
[126.617s] -- Symlinking: /home/mael/ros2_ws/install/baxter_maintenance_msgs/include/baxter_maintenance_msgs/baxter_maintenance_msgs/msg/detail/update_source__rosidl_typesupport_fastrtps_c.h
[126.618s] -- Symlinking: /home/mael/ros2_ws/install/baxter_maintenance_msgs/include/baxter_maintenance_msgs/baxter_maintenance_msgs/msg/detail/update_sources__rosidl_typesupport_fastrtps_c.h
[126.618s] -- Symlinking: /home/mael/ros2_ws/install/baxter_maintenance_msgs/include/baxter_maintenance_msgs/baxter_maintenance_msgs/msg/detail/update_status__rosidl_typesupport_fastrtps_c.h
[126.618s] -- Symlinking: /home/mael/ros2_ws/install/baxter_maintenance_msgs/include/baxter_maintenance_msgs/baxter_maintenance_msgs/msg/rosidl_typesupport_fastrtps_c__visibility_control.h
[126.618s] -- Symlinking: /home/mael/ros2_ws/install/baxter_maintenance_msgs/include/baxter_maintenance_msgs/baxter_maintenance_msgs/msg/detail/calibrate_arm_data__rosidl_typesupport_introspection_c.h
[126.618s] -- Symlinking: /home/mael/ros2_ws/install/baxter_maintenance_msgs/include/baxter_maintenance_msgs/baxter_maintenance_msgs/msg/detail/calibrate_arm_enable__rosidl_typesupport_introspection_c.h
[126.619s] -- Symlinking: /home/mael/ros2_ws/install/baxter_maintenance_msgs/include/baxter_maintenance_msgs/baxter_maintenance_msgs/msg/detail/tare_data__rosidl_typesupport_introspection_c.h
[126.620s] -- Symlinking: /home/mael/ros2_ws/install/baxter_maintenance_msgs/include/baxter_maintenance_msgs/baxter_maintenance_msgs/msg/detail/tare_enable__rosidl_typesupport_introspection_c.h
[126.621s] -- Symlinking: /home/mael/ros2_ws/install/baxter_maintenance_msgs/include/baxter_maintenance_msgs/baxter_maintenance_msgs/msg/detail/update_source__rosidl_typesupport_introspection_c.h
[126.621s] -- Symlinking: /home/mael/ros2_ws/install/baxter_maintenance_msgs/include/baxter_maintenance_msgs/baxter_maintenance_msgs/msg/detail/update_sources__rosidl_typesupport_introspection_c.h
[126.621s] -- Symlinking: /home/mael/ros2_ws/install/baxter_maintenance_msgs/include/baxter_maintenance_msgs/baxter_maintenance_msgs/msg/detail/update_status__rosidl_typesupport_introspection_c.h
[126.621s] -- Symlinking: /home/mael/ros2_ws/install/baxter_maintenance_msgs/include/baxter_maintenance_msgs/baxter_maintenance_msgs/msg/rosidl_typesupport_introspection_c__visibility_control.h
[126.622s] -- Symlinking: /home/mael/ros2_ws/install/baxter_maintenance_msgs/include/baxter_maintenance_msgs/baxter_maintenance_msgs/msg/calibrate_arm_data.hpp
[126.622s] -- Symlinking: /home/mael/ros2_ws/install/baxter_maintenance_msgs/include/baxter_maintenance_msgs/baxter_maintenance_msgs/msg/calibrate_arm_enable.hpp
[126.622s] -- Symlinking: /home/mael/ros2_ws/install/baxter_maintenance_msgs/include/baxter_maintenance_msgs/baxter_maintenance_msgs/msg/detail/calibrate_arm_data__builder.hpp
[126.623s] -- Symlinking: /home/mael/ros2_ws/install/baxter_maintenance_msgs/include/baxter_maintenance_msgs/baxter_maintenance_msgs/msg/detail/calibrate_arm_data__struct.hpp
[126.623s] -- Symlinking: /home/mael/ros2_ws/install/baxter_maintenance_msgs/include/baxter_maintenance_msgs/baxter_maintenance_msgs/msg/detail/calibrate_arm_data__traits.hpp
[126.623s] -- Symlinking: /home/mael/ros2_ws/install/baxter_maintenance_msgs/include/baxter_maintenance_msgs/baxter_maintenance_msgs/msg/detail/calibrate_arm_enable__builder.hpp
[126.623s] -- Symlinking: /home/mael/ros2_ws/install/baxter_maintenance_msgs/include/baxter_maintenance_msgs/baxter_maintenance_msgs/msg/detail/calibrate_arm_enable__struct.hpp
[126.624s] -- Symlinking: /home/mael/ros2_ws/install/baxter_maintenance_msgs/include/baxter_maintenance_msgs/baxter_maintenance_msgs/msg/detail/calibrate_arm_enable__traits.hpp
[126.624s] -- Symlinking: /home/mael/ros2_ws/install/baxter_maintenance_msgs/include/baxter_maintenance_msgs/baxter_maintenance_msgs/msg/detail/tare_data__builder.hpp
[126.624s] -- Symlinking: /home/mael/ros2_ws/install/baxter_maintenance_msgs/include/baxter_maintenance_msgs/baxter_maintenance_msgs/msg/detail/tare_data__struct.hpp
[126.625s] -- Symlinking: /home/mael/ros2_ws/install/baxter_maintenance_msgs/include/baxter_maintenance_msgs/baxter_maintenance_msgs/msg/detail/tare_data__traits.hpp
[126.625s] -- Symlinking: /home/mael/ros2_ws/install/baxter_maintenance_msgs/include/baxter_maintenance_msgs/baxter_maintenance_msgs/msg/detail/tare_enable__builder.hpp
[126.625s] -- Symlinking: /home/mael/ros2_ws/install/baxter_maintenance_msgs/include/baxter_maintenance_msgs/baxter_maintenance_msgs/msg/detail/tare_enable__struct.hpp
[126.625s] -- Symlinking: /home/mael/ros2_ws/install/baxter_maintenance_msgs/include/baxter_maintenance_msgs/baxter_maintenance_msgs/msg/detail/tare_enable__traits.hpp
[126.625s] -- Symlinking: /home/mael/ros2_ws/install/baxter_maintenance_msgs/include/baxter_maintenance_msgs/baxter_maintenance_msgs/msg/detail/update_source__builder.hpp
[126.625s] -- Symlinking: /home/mael/ros2_ws/install/baxter_maintenance_msgs/include/baxter_maintenance_msgs/baxter_maintenance_msgs/msg/detail/update_source__struct.hpp
[126.626s] -- Symlinking: /home/mael/ros2_ws/install/baxter_maintenance_msgs/include/baxter_maintenance_msgs/baxter_maintenance_msgs/msg/detail/update_source__traits.hpp
[126.627s] -- Symlinking: /home/mael/ros2_ws/install/baxter_maintenance_msgs/include/baxter_maintenance_msgs/baxter_maintenance_msgs/msg/detail/update_sources__builder.hpp
[126.627s] -- Symlinking: /home/mael/ros2_ws/install/baxter_maintenance_msgs/include/baxter_maintenance_msgs/baxter_maintenance_msgs/msg/detail/update_sources__struct.hpp
[126.627s] -- Symlinking: /home/mael/ros2_ws/install/baxter_maintenance_msgs/include/baxter_maintenance_msgs/baxter_maintenance_msgs/msg/detail/update_sources__traits.hpp
[126.630s] -- Symlinking: /home/mael/ros2_ws/install/baxter_maintenance_msgs/include/baxter_maintenance_msgs/baxter_maintenance_msgs/msg/detail/update_status__builder.hpp
[126.637s] -- Symlinking: /home/mael/ros2_ws/install/baxter_maintenance_msgs/include/baxter_maintenance_msgs/baxter_maintenance_msgs/msg/detail/update_status__struct.hpp
[126.644s] -- Symlinking: /home/mael/ros2_ws/install/baxter_maintenance_msgs/include/baxter_maintenance_msgs/baxter_maintenance_msgs/msg/detail/update_status__traits.hpp
[126.651s] -- Symlinking: /home/mael/ros2_ws/install/baxter_maintenance_msgs/include/baxter_maintenance_msgs/baxter_maintenance_msgs/msg/tare_data.hpp
[126.658s] -- Symlinking: /home/mael/ros2_ws/install/baxter_maintenance_msgs/include/baxter_maintenance_msgs/baxter_maintenance_msgs/msg/tare_enable.hpp
[126.665s] -- Symlinking: /home/mael/ros2_ws/install/baxter_maintenance_msgs/include/baxter_maintenance_msgs/baxter_maintenance_msgs/msg/update_source.hpp
[126.672s] -- Symlinking: /home/mael/ros2_ws/install/baxter_maintenance_msgs/include/baxter_maintenance_msgs/baxter_maintenance_msgs/msg/update_sources.hpp
[126.679s] -- Symlinking: /home/mael/ros2_ws/install/baxter_maintenance_msgs/include/baxter_maintenance_msgs/baxter_maintenance_msgs/msg/update_status.hpp
[126.687s] -- Symlinking: /home/mael/ros2_ws/install/baxter_maintenance_msgs/include/baxter_maintenance_msgs/baxter_maintenance_msgs/msg/detail/calibrate_arm_data__rosidl_typesupport_fastrtps_cpp.hpp
[126.694s] -- Symlinking: /home/mael/ros2_ws/install/baxter_maintenance_msgs/include/baxter_maintenance_msgs/baxter_maintenance_msgs/msg/detail/calibrate_arm_enable__rosidl_typesupport_fastrtps_cpp.hpp
[126.700s] -- Symlinking: /home/mael/ros2_ws/install/baxter_maintenance_msgs/include/baxter_maintenance_msgs/baxter_maintenance_msgs/msg/detail/tare_data__rosidl_typesupport_fastrtps_cpp.hpp
[126.707s] -- Symlinking: /home/mael/ros2_ws/install/baxter_maintenance_msgs/include/baxter_maintenance_msgs/baxter_maintenance_msgs/msg/detail/tare_enable__rosidl_typesupport_fastrtps_cpp.hpp
[126.715s] -- Symlinking: /home/mael/ros2_ws/install/baxter_maintenance_msgs/include/baxter_maintenance_msgs/baxter_maintenance_msgs/msg/detail/update_source__rosidl_typesupport_fastrtps_cpp.hpp
[126.722s] -- Symlinking: /home/mael/ros2_ws/install/baxter_maintenance_msgs/include/baxter_maintenance_msgs/baxter_maintenance_msgs/msg/detail/update_sources__rosidl_typesupport_fastrtps_cpp.hpp
[126.730s] -- Symlinking: /home/mael/ros2_ws/install/baxter_maintenance_msgs/include/baxter_maintenance_msgs/baxter_maintenance_msgs/msg/detail/update_status__rosidl_typesupport_fastrtps_cpp.hpp
[126.737s] -- Symlinking: /home/mael/ros2_ws/install/baxter_maintenance_msgs/include/baxter_maintenance_msgs/baxter_maintenance_msgs/msg/rosidl_typesupport_fastrtps_cpp__visibility_control.h
[126.745s] -- Symlinking: /home/mael/ros2_ws/install/baxter_maintenance_msgs/include/baxter_maintenance_msgs/baxter_maintenance_msgs/msg/detail/calibrate_arm_data__rosidl_typesupport_introspection_cpp.hpp
[126.752s] -- Symlinking: /home/mael/ros2_ws/install/baxter_maintenance_msgs/include/baxter_maintenance_msgs/baxter_maintenance_msgs/msg/detail/calibrate_arm_enable__rosidl_typesupport_introspection_cpp.hpp
[126.761s] -- Symlinking: /home/mael/ros2_ws/install/baxter_maintenance_msgs/include/baxter_maintenance_msgs/baxter_maintenance_msgs/msg/detail/tare_data__rosidl_typesupport_introspection_cpp.hpp
[126.768s] -- Symlinking: /home/mael/ros2_ws/install/baxter_maintenance_msgs/include/baxter_maintenance_msgs/baxter_maintenance_msgs/msg/detail/tare_enable__rosidl_typesupport_introspection_cpp.hpp
[126.775s] -- Symlinking: /home/mael/ros2_ws/install/baxter_maintenance_msgs/include/baxter_maintenance_msgs/baxter_maintenance_msgs/msg/detail/update_source__rosidl_typesupport_introspection_cpp.hpp
[126.782s] -- Symlinking: /home/mael/ros2_ws/install/baxter_maintenance_msgs/include/baxter_maintenance_msgs/baxter_maintenance_msgs/msg/detail/update_sources__rosidl_typesupport_introspection_cpp.hpp
[126.789s] -- Symlinking: /home/mael/ros2_ws/install/baxter_maintenance_msgs/include/baxter_maintenance_msgs/baxter_maintenance_msgs/msg/detail/update_status__rosidl_typesupport_introspection_cpp.hpp
[126.796s] -- Symlinking: /home/mael/ros2_ws/install/baxter_maintenance_msgs/share/baxter_maintenance_msgs/environment/pythonpath.sh
[126.803s] -- Symlinking: /home/mael/ros2_ws/install/baxter_maintenance_msgs/share/baxter_maintenance_msgs/environment/pythonpath.dsv
[126.810s] -- Symlinking: /home/mael/ros2_ws/install/baxter_maintenance_msgs/local/lib/python3.10/dist-packages/baxter_maintenance_msgs-0.0.0-py3.10.egg-info/PKG-INFO
[126.817s] -- Symlinking: /home/mael/ros2_ws/install/baxter_maintenance_msgs/local/lib/python3.10/dist-packages/baxter_maintenance_msgs-0.0.0-py3.10.egg-info/SOURCES.txt
[126.824s] -- Symlinking: /home/mael/ros2_ws/install/baxter_maintenance_msgs/local/lib/python3.10/dist-packages/baxter_maintenance_msgs-0.0.0-py3.10.egg-info/dependency_links.txt
[126.831s] -- Symlinking: /home/mael/ros2_ws/install/baxter_maintenance_msgs/local/lib/python3.10/dist-packages/baxter_maintenance_msgs-0.0.0-py3.10.egg-info/top_level.txt
[126.839s] -- Symlinking: /home/mael/ros2_ws/install/baxter_maintenance_msgs/local/lib/python3.10/dist-packages/baxter_maintenance_msgs/__init__.py
[126.846s] -- Symlinking: /home/mael/ros2_ws/install/baxter_maintenance_msgs/local/lib/python3.10/dist-packages/baxter_maintenance_msgs/_baxter_maintenance_msgs_s.ep.rosidl_typesupport_c.c
[126.852s] -- Symlinking: /home/mael/ros2_ws/install/baxter_maintenance_msgs/local/lib/python3.10/dist-packages/baxter_maintenance_msgs/_baxter_maintenance_msgs_s.ep.rosidl_typesupport_fastrtps_c.c
[126.860s] -- Symlinking: /home/mael/ros2_ws/install/baxter_maintenance_msgs/local/lib/python3.10/dist-packages/baxter_maintenance_msgs/_baxter_maintenance_msgs_s.ep.rosidl_typesupport_introspection_c.c
[126.866s] -- Symlinking: /home/mael/ros2_ws/install/baxter_maintenance_msgs/local/lib/python3.10/dist-packages/baxter_maintenance_msgs/baxter_maintenance_msgs_s__rosidl_typesupport_c.cpython-310-x86_64-linux-gnu.so
[126.873s] -- Symlinking: /home/mael/ros2_ws/install/baxter_maintenance_msgs/local/lib/python3.10/dist-packages/baxter_maintenance_msgs/baxter_maintenance_msgs_s__rosidl_typesupport_fastrtps_c.cpython-310-x86_64-linux-gnu.so
[126.881s] -- Symlinking: /home/mael/ros2_ws/install/baxter_maintenance_msgs/local/lib/python3.10/dist-packages/baxter_maintenance_msgs/baxter_maintenance_msgs_s__rosidl_typesupport_introspection_c.cpython-310-x86_64-linux-gnu.so
[126.888s] -- Symlinking: /home/mael/ros2_ws/install/baxter_maintenance_msgs/local/lib/python3.10/dist-packages/baxter_maintenance_msgs/libbaxter_maintenance_msgs__rosidl_generator_py.so
[126.895s] -- Symlinking: /home/mael/ros2_ws/install/baxter_maintenance_msgs/local/lib/python3.10/dist-packages/baxter_maintenance_msgs/msg/__init__.py
[126.902s] -- Symlinking: /home/mael/ros2_ws/install/baxter_maintenance_msgs/local/lib/python3.10/dist-packages/baxter_maintenance_msgs/msg/_calibrate_arm_data.py
[126.909s] -- Symlinking: /home/mael/ros2_ws/install/baxter_maintenance_msgs/local/lib/python3.10/dist-packages/baxter_maintenance_msgs/msg/_calibrate_arm_data_s.c
[126.916s] -- Symlinking: /home/mael/ros2_ws/install/baxter_maintenance_msgs/local/lib/python3.10/dist-packages/baxter_maintenance_msgs/msg/_calibrate_arm_enable.py
[126.923s] -- Symlinking: /home/mael/ros2_ws/install/baxter_maintenance_msgs/local/lib/python3.10/dist-packages/baxter_maintenance_msgs/msg/_calibrate_arm_enable_s.c
[126.930s] -- Symlinking: /home/mael/ros2_ws/install/baxter_maintenance_msgs/local/lib/python3.10/dist-packages/baxter_maintenance_msgs/msg/_tare_data.py
[126.936s] -- Symlinking: /home/mael/ros2_ws/install/baxter_maintenance_msgs/local/lib/python3.10/dist-packages/baxter_maintenance_msgs/msg/_tare_data_s.c
[126.943s] -- Symlinking: /home/mael/ros2_ws/install/baxter_maintenance_msgs/local/lib/python3.10/dist-packages/baxter_maintenance_msgs/msg/_tare_enable.py
[126.950s] -- Symlinking: /home/mael/ros2_ws/install/baxter_maintenance_msgs/local/lib/python3.10/dist-packages/baxter_maintenance_msgs/msg/_tare_enable_s.c
[126.958s] -- Symlinking: /home/mael/ros2_ws/install/baxter_maintenance_msgs/local/lib/python3.10/dist-packages/baxter_maintenance_msgs/msg/_update_source.py
[126.967s] -- Symlinking: /home/mael/ros2_ws/install/baxter_maintenance_msgs/local/lib/python3.10/dist-packages/baxter_maintenance_msgs/msg/_update_source_s.c
[126.973s] -- Symlinking: /home/mael/ros2_ws/install/baxter_maintenance_msgs/local/lib/python3.10/dist-packages/baxter_maintenance_msgs/msg/_update_sources.py
[126.980s] -- Symlinking: /home/mael/ros2_ws/install/baxter_maintenance_msgs/local/lib/python3.10/dist-packages/baxter_maintenance_msgs/msg/_update_sources_s.c
[126.987s] -- Symlinking: /home/mael/ros2_ws/install/baxter_maintenance_msgs/local/lib/python3.10/dist-packages/baxter_maintenance_msgs/msg/_update_status.py
[126.994s] -- Symlinking: /home/mael/ros2_ws/install/baxter_maintenance_msgs/local/lib/python3.10/dist-packages/baxter_maintenance_msgs/msg/_update_status_s.c
[127.001s] -- Up-to-date symlink: /home/mael/ros2_ws/install/baxter_maintenance_msgs/local/lib/python3.10/dist-packages/baxter_maintenance_msgs/baxter_maintenance_msgs_s__rosidl_typesupport_fastrtps_c.cpython-310-x86_64-linux-gnu.so
[127.001s] -- Up-to-date symlink: /home/mael/ros2_ws/install/baxter_maintenance_msgs/local/lib/python3.10/dist-packages/baxter_maintenance_msgs/baxter_maintenance_msgs_s__rosidl_typesupport_introspection_c.cpython-310-x86_64-linux-gnu.so
[127.002s] -- Up-to-date symlink: /home/mael/ros2_ws/install/baxter_maintenance_msgs/local/lib/python3.10/dist-packages/baxter_maintenance_msgs/baxter_maintenance_msgs_s__rosidl_typesupport_c.cpython-310-x86_64-linux-gnu.so
[127.002s] -- Symlinking: /home/mael/ros2_ws/install/baxter_maintenance_msgs/share/baxter_maintenance_msgs/msg/UpdateStatus.idl
[127.009s] -- Symlinking: /home/mael/ros2_ws/install/baxter_maintenance_msgs/share/baxter_maintenance_msgs/msg/UpdateSources.idl
[127.017s] -- Symlinking: /home/mael/ros2_ws/install/baxter_maintenance_msgs/share/baxter_maintenance_msgs/msg/TareData.idl
[127.024s] -- Symlinking: /home/mael/ros2_ws/install/baxter_maintenance_msgs/share/baxter_maintenance_msgs/msg/CalibrateArmEnable.idl
[127.031s] -- Symlinking: /home/mael/ros2_ws/install/baxter_maintenance_msgs/share/baxter_maintenance_msgs/msg/CalibrateArmData.idl
[127.038s] -- Symlinking: /home/mael/ros2_ws/install/baxter_maintenance_msgs/share/baxter_maintenance_msgs/msg/TareEnable.idl
[127.045s] -- Symlinking: /home/mael/ros2_ws/install/baxter_maintenance_msgs/share/baxter_maintenance_msgs/msg/UpdateSource.idl
[127.052s] -- Symlinking: /home/mael/ros2_ws/install/baxter_maintenance_msgs/share/baxter_maintenance_msgs/msg/UpdateStatus.msg
[127.061s] -- Symlinking: /home/mael/ros2_ws/install/baxter_maintenance_msgs/share/baxter_maintenance_msgs/msg/UpdateSources.msg
[127.068s] -- Symlinking: /home/mael/ros2_ws/install/baxter_maintenance_msgs/share/baxter_maintenance_msgs/msg/TareData.msg
[127.075s] -- Symlinking: /home/mael/ros2_ws/install/baxter_maintenance_msgs/share/baxter_maintenance_msgs/msg/CalibrateArmEnable.msg
[127.083s] -- Symlinking: /home/mael/ros2_ws/install/baxter_maintenance_msgs/share/baxter_maintenance_msgs/msg/CalibrateArmData.msg
[127.090s] -- Symlinking: /home/mael/ros2_ws/install/baxter_maintenance_msgs/share/baxter_maintenance_msgs/msg/TareEnable.msg
[127.097s] -- Symlinking: /home/mael/ros2_ws/install/baxter_maintenance_msgs/share/baxter_maintenance_msgs/msg/UpdateSource.msg
[127.104s] -- Symlinking: /home/mael/ros2_ws/install/baxter_maintenance_msgs/share/baxter_maintenance_msgs/mapping_rules.yaml
[127.169s] -- Symlinking: /home/mael/ros2_ws/install/baxter_maintenance_msgs/share/ament_index/resource_index/package_run_dependencies/baxter_maintenance_msgs
[127.177s] -- Symlinking: /home/mael/ros2_ws/install/baxter_maintenance_msgs/share/ament_index/resource_index/parent_prefix_path/baxter_maintenance_msgs
[127.184s] -- Symlinking: /home/mael/ros2_ws/install/baxter_maintenance_msgs/share/baxter_maintenance_msgs/environment/ament_prefix_path.sh
[127.191s] -- Symlinking: /home/mael/ros2_ws/install/baxter_maintenance_msgs/share/baxter_maintenance_msgs/environment/ament_prefix_path.dsv
[127.198s] -- Symlinking: /home/mael/ros2_ws/install/baxter_maintenance_msgs/share/baxter_maintenance_msgs/environment/path.sh
[127.205s] -- Symlinking: /home/mael/ros2_ws/install/baxter_maintenance_msgs/share/baxter_maintenance_msgs/environment/path.dsv
[127.213s] -- Symlinking: /home/mael/ros2_ws/install/baxter_maintenance_msgs/share/baxter_maintenance_msgs/local_setup.bash
[127.220s] -- Symlinking: /home/mael/ros2_ws/install/baxter_maintenance_msgs/share/baxter_maintenance_msgs/local_setup.sh
[127.227s] -- Symlinking: /home/mael/ros2_ws/install/baxter_maintenance_msgs/share/baxter_maintenance_msgs/local_setup.zsh
[127.234s] -- Symlinking: /home/mael/ros2_ws/install/baxter_maintenance_msgs/share/baxter_maintenance_msgs/local_setup.dsv
[127.241s] -- Symlinking: /home/mael/ros2_ws/install/baxter_maintenance_msgs/share/baxter_maintenance_msgs/package.dsv
[127.248s] -- Symlinking: /home/mael/ros2_ws/install/baxter_maintenance_msgs/share/ament_index/resource_index/packages/baxter_maintenance_msgs
[127.254s] -- Symlinking: /home/mael/ros2_ws/install/baxter_maintenance_msgs/share/baxter_maintenance_msgs/cmake/rosidl_cmake-extras.cmake
[127.262s] -- Symlinking: /home/mael/ros2_ws/install/baxter_maintenance_msgs/share/baxter_maintenance_msgs/cmake/ament_cmake_export_include_directories-extras.cmake
[127.269s] -- Symlinking: /home/mael/ros2_ws/install/baxter_maintenance_msgs/share/baxter_maintenance_msgs/cmake/ament_cmake_export_libraries-extras.cmake
[127.276s] -- Symlinking: /home/mael/ros2_ws/install/baxter_maintenance_msgs/share/baxter_maintenance_msgs/cmake/ament_cmake_export_targets-extras.cmake
[127.283s] -- Symlinking: /home/mael/ros2_ws/install/baxter_maintenance_msgs/share/baxter_maintenance_msgs/cmake/rosidl_cmake_export_typesupport_targets-extras.cmake
[127.290s] -- Symlinking: /home/mael/ros2_ws/install/baxter_maintenance_msgs/share/baxter_maintenance_msgs/cmake/ament_cmake_export_dependencies-extras.cmake
[127.297s] -- Symlinking: /home/mael/ros2_ws/install/baxter_maintenance_msgs/share/baxter_maintenance_msgs/cmake/rosidl_cmake_export_typesupport_libraries-extras.cmake
[127.305s] -- Symlinking: /home/mael/ros2_ws/install/baxter_maintenance_msgs/share/baxter_maintenance_msgs/cmake/baxter_maintenance_msgsConfig.cmake
[127.313s] -- Symlinking: /home/mael/ros2_ws/install/baxter_maintenance_msgs/share/baxter_maintenance_msgs/cmake/baxter_maintenance_msgsConfig-version.cmake
[127.320s] -- Symlinking: /home/mael/ros2_ws/install/baxter_maintenance_msgs/share/baxter_maintenance_msgs/package.xml
[127.327s] -- Installing: /home/mael/ros2_ws/install/baxter_maintenance_msgs/lib/libbaxter_maintenance_msgs__rosidl_generator_c.so
[127.328s] -- Set runtime path of "/home/mael/ros2_ws/install/baxter_maintenance_msgs/lib/libbaxter_maintenance_msgs__rosidl_generator_c.so" to ""
[127.328s] -- Installing: /home/mael/ros2_ws/install/baxter_maintenance_msgs/lib/libbaxter_maintenance_msgs__rosidl_typesupport_fastrtps_c.so
[127.328s] -- Set runtime path of "/home/mael/ros2_ws/install/baxter_maintenance_msgs/lib/libbaxter_maintenance_msgs__rosidl_typesupport_fastrtps_c.so" to ""
[127.328s] -- Installing: /home/mael/ros2_ws/install/baxter_maintenance_msgs/lib/libbaxter_maintenance_msgs__rosidl_typesupport_introspection_c.so
[127.329s] -- Set runtime path of "/home/mael/ros2_ws/install/baxter_maintenance_msgs/lib/libbaxter_maintenance_msgs__rosidl_typesupport_introspection_c.so" to ""
[127.329s] -- Installing: /home/mael/ros2_ws/install/baxter_maintenance_msgs/lib/libbaxter_maintenance_msgs__rosidl_typesupport_c.so
[127.329s] -- Set runtime path of "/home/mael/ros2_ws/install/baxter_maintenance_msgs/lib/libbaxter_maintenance_msgs__rosidl_typesupport_c.so" to ""
[127.329s] -- Installing: /home/mael/ros2_ws/install/baxter_maintenance_msgs/lib/libbaxter_maintenance_msgs__rosidl_typesupport_fastrtps_cpp.so
[127.330s] -- Set runtime path of "/home/mael/ros2_ws/install/baxter_maintenance_msgs/lib/libbaxter_maintenance_msgs__rosidl_typesupport_fastrtps_cpp.so" to ""
[127.330s] -- Installing: /home/mael/ros2_ws/install/baxter_maintenance_msgs/lib/libbaxter_maintenance_msgs__rosidl_typesupport_introspection_cpp.so
[127.330s] -- Set runtime path of "/home/mael/ros2_ws/install/baxter_maintenance_msgs/lib/libbaxter_maintenance_msgs__rosidl_typesupport_introspection_cpp.so" to ""
[127.331s] -- Installing: /home/mael/ros2_ws/install/baxter_maintenance_msgs/lib/libbaxter_maintenance_msgs__rosidl_typesupport_cpp.so
[127.331s] -- Set runtime path of "/home/mael/ros2_ws/install/baxter_maintenance_msgs/lib/libbaxter_maintenance_msgs__rosidl_typesupport_cpp.so" to ""
[127.670s] Listing '/home/mael/ros2_ws/install/baxter_maintenance_msgs/local/lib/python3.10/dist-packages/baxter_maintenance_msgs'...
[127.670s] Compiling '/home/mael/ros2_ws/install/baxter_maintenance_msgs/local/lib/python3.10/dist-packages/baxter_maintenance_msgs/__init__.py'...
[127.670s] Listing '/home/mael/ros2_ws/install/baxter_maintenance_msgs/local/lib/python3.10/dist-packages/baxter_maintenance_msgs/msg'...
[127.670s] Compiling '/home/mael/ros2_ws/install/baxter_maintenance_msgs/local/lib/python3.10/dist-packages/baxter_maintenance_msgs/msg/__init__.py'...
[127.670s] Compiling '/home/mael/ros2_ws/install/baxter_maintenance_msgs/local/lib/python3.10/dist-packages/baxter_maintenance_msgs/msg/_calibrate_arm_data.py'...
[127.670s] Compiling '/home/mael/ros2_ws/install/baxter_maintenance_msgs/local/lib/python3.10/dist-packages/baxter_maintenance_msgs/msg/_calibrate_arm_enable.py'...
[127.670s] Compiling '/home/mael/ros2_ws/install/baxter_maintenance_msgs/local/lib/python3.10/dist-packages/baxter_maintenance_msgs/msg/_tare_data.py'...
[127.670s] Compiling '/home/mael/ros2_ws/install/baxter_maintenance_msgs/local/lib/python3.10/dist-packages/baxter_maintenance_msgs/msg/_tare_enable.py'...
[127.670s] Compiling '/home/mael/ros2_ws/install/baxter_maintenance_msgs/local/lib/python3.10/dist-packages/baxter_maintenance_msgs/msg/_update_source.py'...
[127.670s] Compiling '/home/mael/ros2_ws/install/baxter_maintenance_msgs/local/lib/python3.10/dist-packages/baxter_maintenance_msgs/msg/_update_sources.py'...
[127.670s] Compiling '/home/mael/ros2_ws/install/baxter_maintenance_msgs/local/lib/python3.10/dist-packages/baxter_maintenance_msgs/msg/_update_status.py'...
[127.674s] -- Installing: /home/mael/ros2_ws/install/baxter_maintenance_msgs/lib/libbaxter_maintenance_msgs__rosidl_generator_py.so
[127.674s] -- Set runtime path of "/home/mael/ros2_ws/install/baxter_maintenance_msgs/lib/libbaxter_maintenance_msgs__rosidl_generator_py.so" to ""
[127.674s] -- Installing: /home/mael/ros2_ws/install/baxter_maintenance_msgs/share/baxter_maintenance_msgs/cmake/export_baxter_maintenance_msgs__rosidl_generator_cExport.cmake
[127.674s] -- Installing: /home/mael/ros2_ws/install/baxter_maintenance_msgs/share/baxter_maintenance_msgs/cmake/export_baxter_maintenance_msgs__rosidl_generator_cExport-noconfig.cmake
[127.675s] -- Installing: /home/mael/ros2_ws/install/baxter_maintenance_msgs/share/baxter_maintenance_msgs/cmake/export_baxter_maintenance_msgs__rosidl_typesupport_fastrtps_cExport.cmake
[127.675s] -- Installing: /home/mael/ros2_ws/install/baxter_maintenance_msgs/share/baxter_maintenance_msgs/cmake/export_baxter_maintenance_msgs__rosidl_typesupport_fastrtps_cExport-noconfig.cmake
[127.675s] -- Installing: /home/mael/ros2_ws/install/baxter_maintenance_msgs/share/baxter_maintenance_msgs/cmake/baxter_maintenance_msgs__rosidl_typesupport_introspection_cExport.cmake
[127.675s] -- Installing: /home/mael/ros2_ws/install/baxter_maintenance_msgs/share/baxter_maintenance_msgs/cmake/baxter_maintenance_msgs__rosidl_typesupport_introspection_cExport-noconfig.cmake
[127.675s] -- Installing: /home/mael/ros2_ws/install/baxter_maintenance_msgs/share/baxter_maintenance_msgs/cmake/baxter_maintenance_msgs__rosidl_typesupport_cExport.cmake
[127.676s] -- Installing: /home/mael/ros2_ws/install/baxter_maintenance_msgs/share/baxter_maintenance_msgs/cmake/baxter_maintenance_msgs__rosidl_typesupport_cExport-noconfig.cmake
[127.676s] -- Installing: /home/mael/ros2_ws/install/baxter_maintenance_msgs/share/baxter_maintenance_msgs/cmake/export_baxter_maintenance_msgs__rosidl_generator_cppExport.cmake
[127.676s] -- Installing: /home/mael/ros2_ws/install/baxter_maintenance_msgs/share/baxter_maintenance_msgs/cmake/export_baxter_maintenance_msgs__rosidl_typesupport_fastrtps_cppExport.cmake
[127.676s] -- Installing: /home/mael/ros2_ws/install/baxter_maintenance_msgs/share/baxter_maintenance_msgs/cmake/export_baxter_maintenance_msgs__rosidl_typesupport_fastrtps_cppExport-noconfig.cmake
[127.676s] -- Installing: /home/mael/ros2_ws/install/baxter_maintenance_msgs/share/baxter_maintenance_msgs/cmake/baxter_maintenance_msgs__rosidl_typesupport_introspection_cppExport.cmake
[127.677s] -- Installing: /home/mael/ros2_ws/install/baxter_maintenance_msgs/share/baxter_maintenance_msgs/cmake/baxter_maintenance_msgs__rosidl_typesupport_introspection_cppExport-noconfig.cmake
[127.677s] -- Installing: /home/mael/ros2_ws/install/baxter_maintenance_msgs/share/baxter_maintenance_msgs/cmake/baxter_maintenance_msgs__rosidl_typesupport_cppExport.cmake
[127.677s] -- Installing: /home/mael/ros2_ws/install/baxter_maintenance_msgs/share/baxter_maintenance_msgs/cmake/baxter_maintenance_msgs__rosidl_typesupport_cppExport-noconfig.cmake
[127.677s] -- Installing: /home/mael/ros2_ws/install/baxter_maintenance_msgs/share/baxter_maintenance_msgs/cmake/export_baxter_maintenance_msgs__rosidl_generator_pyExport.cmake
[127.677s] -- Installing: /home/mael/ros2_ws/install/baxter_maintenance_msgs/share/baxter_maintenance_msgs/cmake/export_baxter_maintenance_msgs__rosidl_generator_pyExport-noconfig.cmake
[137.299s] Invoked command in '/home/mael/ros2_ws/build/baxter_maintenance_msgs' returned '0': CMAKE_PREFIX_PATH=${CMAKE_PREFIX_PATH}:/home/mael/ros2_ws/install/ros_tcp_endpoint:/home/mael/ros2_ws/install/baxter_joint_controller:/home/mael/ros2_ws/install/baxter_6dof_vr:/opt/ros/humble /usr/bin/cmake --install /home/mael/ros2_ws/build/baxter_maintenance_msgs
