[3.603s] Invoking command in '/home/mael/ros2_ws/build/baxter_joint_controller': PYTHONPATH=/home/mael/ros2_ws/build/baxter_joint_controller/prefix_override:/home/mael/ros2_ws/install/baxter_joint_controller/lib/python3.10/site-packages:${PYTHONPATH} /usr/bin/python3 setup.py develop --editable --build-directory /home/mael/ros2_ws/build/baxter_joint_controller/build --no-deps install_data
[3.944s] running develop
[3.944s] /usr/lib/python3/dist-packages/setuptools/command/easy_install.py:158: EasyInstallDeprecationWarning: easy_install command is deprecated. Use build and pip and other standards-based tools.
[3.944s]   warnings.warn(
[3.945s] /usr/lib/python3/dist-packages/setuptools/command/install.py:34: SetuptoolsDeprecationWarning: setup.py install is deprecated. Use build and pip and other standards-based tools.
[3.945s]   warnings.warn(
[4.012s] /usr/lib/python3/dist-packages/pkg_resources/__init__.py:116: PkgResourcesDeprecationWarning: 1.16.0-unknown is an invalid version and will not be supported in a future release
[4.012s]   warnings.warn(
[4.013s] /usr/lib/python3/dist-packages/pkg_resources/__init__.py:116: PkgResourcesDeprecationWarning: 0.1.43ubuntu1 is an invalid version and will not be supported in a future release
[4.013s]   warnings.warn(
[4.013s] /usr/lib/python3/dist-packages/pkg_resources/__init__.py:116: PkgResourcesDeprecationWarning: 1.1build1 is an invalid version and will not be supported in a future release
[4.013s]   warnings.warn(
[4.182s] running egg_info
[4.182s] writing baxter_joint_controller.egg-info/PKG-INFO
[4.182s] writing dependency_links to baxter_joint_controller.egg-info/dependency_links.txt
[4.182s] writing entry points to baxter_joint_controller.egg-info/entry_points.txt
[4.185s] writing requirements to baxter_joint_controller.egg-info/requires.txt
[4.265s] writing top-level names to baxter_joint_controller.egg-info/top_level.txt
[4.602s] reading manifest file 'baxter_joint_controller.egg-info/SOURCES.txt'
[4.602s] writing manifest file 'baxter_joint_controller.egg-info/SOURCES.txt'
[4.650s] running build_ext
[4.651s] Creating /home/mael/ros2_ws/install/baxter_joint_controller/lib/python3.10/site-packages/baxter-joint-controller.egg-link (link to .)
[4.777s] Installing controller script to /home/mael/ros2_ws/install/baxter_joint_controller/lib/baxter_joint_controller
[4.778s] 
[4.778s] Installed /home/mael/ros2_ws/build/baxter_joint_controller
[4.778s] running install_data
[6.307s] Invoked command in '/home/mael/ros2_ws/build/baxter_joint_controller' returned '0': PYTHONPATH=/home/mael/ros2_ws/build/baxter_joint_controller/prefix_override:/home/mael/ros2_ws/install/baxter_joint_controller/lib/python3.10/site-packages:${PYTHONPATH} /usr/bin/python3 setup.py develop --editable --build-directory /home/mael/ros2_ws/build/baxter_joint_controller/build --no-deps install_data
