running develop
/usr/lib/python3/dist-packages/setuptools/command/easy_install.py:158: EasyInstallDeprecationWarning: easy_install command is deprecated. Use build and pip and other standards-based tools.
  warnings.warn(
/usr/lib/python3/dist-packages/setuptools/command/install.py:34: SetuptoolsDeprecationWarning: setup.py install is deprecated. Use build and pip and other standards-based tools.
  warnings.warn(
/usr/lib/python3/dist-packages/pkg_resources/__init__.py:116: PkgResourcesDeprecationWarning: 1.16.0-unknown is an invalid version and will not be supported in a future release
  warnings.warn(
/usr/lib/python3/dist-packages/pkg_resources/__init__.py:116: PkgResourcesDeprecationWarning: 0.1.43ubuntu1 is an invalid version and will not be supported in a future release
  warnings.warn(
/usr/lib/python3/dist-packages/pkg_resources/__init__.py:116: PkgResourcesDeprecationWarning: 1.1build1 is an invalid version and will not be supported in a future release
  warnings.warn(
running egg_info
creating baxter_joint_controller.egg-info
writing baxter_joint_controller.egg-info/PKG-INFO
writing dependency_links to baxter_joint_controller.egg-info/dependency_links.txt
writing entry points to baxter_joint_controller.egg-info/entry_points.txt
writing requirements to baxter_joint_controller.egg-info/requires.txt
writing top-level names to baxter_joint_controller.egg-info/top_level.txt
writing manifest file 'baxter_joint_controller.egg-info/SOURCES.txt'
reading manifest file 'baxter_joint_controller.egg-info/SOURCES.txt'
writing manifest file 'baxter_joint_controller.egg-info/SOURCES.txt'
running build_ext
Creating /home/mael/ros2_ws/install/baxter_joint_controller/lib/python3.10/site-packages/baxter-joint-controller.egg-link (link to .)
Installing controller script to /home/mael/ros2_ws/install/baxter_joint_controller/lib/baxter_joint_controller

Installed /home/mael/ros2_ws/build/baxter_joint_controller
running install_data
creating /home/mael/ros2_ws/install/baxter_joint_controller/share/ament_index
creating /home/mael/ros2_ws/install/baxter_joint_controller/share/ament_index/resource_index
creating /home/mael/ros2_ws/install/baxter_joint_controller/share/ament_index/resource_index/packages
copying resource/baxter_joint_controller -> /home/mael/ros2_ws/install/baxter_joint_controller/share/ament_index/resource_index/packages
copying package.xml -> /home/mael/ros2_ws/install/baxter_joint_controller/share/baxter_joint_controller
creating /home/mael/ros2_ws/install/baxter_joint_controller/share/baxter_joint_controller/launch
copying launch/baxter_ros2.launch.py -> /home/mael/ros2_ws/install/baxter_joint_controller/share/baxter_joint_controller/launch
creating /home/mael/ros2_ws/install/baxter_joint_controller/share/baxter_joint_controller/urdf
copying urdf/baxter.urdf -> /home/mael/ros2_ws/install/baxter_joint_controller/share/baxter_joint_controller/urdf
creating /home/mael/ros2_ws/install/baxter_joint_controller/share/baxter_joint_controller/rmpflow
copying rmpflow/right_robot_descriptor.yaml -> /home/mael/ros2_ws/install/baxter_joint_controller/share/baxter_joint_controller/rmpflow
copying rmpflow/right_config.json -> /home/mael/ros2_ws/install/baxter_joint_controller/share/baxter_joint_controller/rmpflow
copying rmpflow/left_robot_descriptor.yaml -> /home/mael/ros2_ws/install/baxter_joint_controller/share/baxter_joint_controller/rmpflow
copying rmpflow/baxter_rmpflow_common.yaml -> /home/mael/ros2_ws/install/baxter_joint_controller/share/baxter_joint_controller/rmpflow
copying rmpflow/left_config.json -> /home/mael/ros2_ws/install/baxter_joint_controller/share/baxter_joint_controller/rmpflow
copying rmpflow/robot_descriptor.yaml -> /home/mael/ros2_ws/install/baxter_joint_controller/share/baxter_joint_controller/rmpflow
copying baxter_joint_controller/gripper.py -> /home/mael/ros2_ws/install/baxter_joint_controller/lib/baxter_joint_controller
