[2.184s] Invoking command in '/home/mael/ros2_ws/build/baxter_6dof_vr': PYTHONPATH=/home/mael/ros2_ws/build/baxter_6dof_vr/prefix_override:/home/mael/ros2_ws/install/baxter_6dof_vr/lib/python3.10/site-packages:${PYTHONPATH} /usr/bin/python3 setup.py develop --editable --build-directory /home/mael/ros2_ws/build/baxter_6dof_vr/build --no-deps install_data
[2.667s] running develop
[2.668s] /usr/lib/python3/dist-packages/setuptools/command/easy_install.py:158: EasyInstallDeprecationWarning: easy_install command is deprecated. Use build and pip and other standards-based tools.
[2.668s]   warnings.warn(
[2.674s] /usr/lib/python3/dist-packages/setuptools/command/install.py:34: SetuptoolsDeprecationWarning: setup.py install is deprecated. Use build and pip and other standards-based tools.
[2.674s]   warnings.warn(
[2.784s] /usr/lib/python3/dist-packages/pkg_resources/__init__.py:116: PkgResourcesDeprecationWarning: 1.16.0-unknown is an invalid version and will not be supported in a future release
[2.784s]   warnings.warn(
[2.784s] /usr/lib/python3/dist-packages/pkg_resources/__init__.py:116: PkgResourcesDeprecationWarning: 0.1.43ubuntu1 is an invalid version and will not be supported in a future release
[2.785s]   warnings.warn(
[2.786s] /usr/lib/python3/dist-packages/pkg_resources/__init__.py:116: PkgResourcesDeprecationWarning: 1.1build1 is an invalid version and will not be supported in a future release
[2.786s]   warnings.warn(
[3.032s] running egg_info
[3.032s] writing baxter_6dof_vr.egg-info/PKG-INFO
[3.032s] writing dependency_links to baxter_6dof_vr.egg-info/dependency_links.txt
[3.032s] writing entry points to baxter_6dof_vr.egg-info/entry_points.txt
[3.032s] writing requirements to baxter_6dof_vr.egg-info/requires.txt
[3.032s] writing top-level names to baxter_6dof_vr.egg-info/top_level.txt
[3.033s] reading manifest file 'baxter_6dof_vr.egg-info/SOURCES.txt'
[3.033s] writing manifest file 'baxter_6dof_vr.egg-info/SOURCES.txt'
[3.084s] running build_ext
[3.085s] Creating /home/mael/ros2_ws/install/baxter_6dof_vr/lib/python3.10/site-packages/baxter-6dof-vr.egg-link (link to .)
[3.087s] Installing pose_to_tf script to /home/mael/ros2_ws/install/baxter_6dof_vr/lib/baxter_6dof_vr
[3.087s] 
[3.088s] Installed /home/mael/ros2_ws/build/baxter_6dof_vr
[3.088s] running install_data
[3.138s] Invoked command in '/home/mael/ros2_ws/build/baxter_6dof_vr' returned '0': PYTHONPATH=/home/mael/ros2_ws/build/baxter_6dof_vr/prefix_override:/home/mael/ros2_ws/install/baxter_6dof_vr/lib/python3.10/site-packages:${PYTHONPATH} /usr/bin/python3 setup.py develop --editable --build-directory /home/mael/ros2_ws/build/baxter_6dof_vr/build --no-deps install_data
