[2.153s] Invoking command in '/home/mael/ros2_ws/build/baxter_joint_controller': PYTHONPATH=/home/mael/ros2_ws/build/baxter_joint_controller/prefix_override:/home/mael/ros2_ws/install/baxter_joint_controller/lib/python3.10/site-packages:${PYTHONPATH} /usr/bin/python3 setup.py develop --editable --build-directory /home/mael/ros2_ws/build/baxter_joint_controller/build --no-deps install_data
[2.759s] running develop
[2.760s] /usr/lib/python3/dist-packages/setuptools/command/easy_install.py:158: EasyInstallDeprecationWarning: easy_install command is deprecated. Use build and pip and other standards-based tools.
[2.760s]   warnings.warn(
[2.764s] /usr/lib/python3/dist-packages/setuptools/command/install.py:34: SetuptoolsDeprecationWarning: setup.py install is deprecated. Use build and pip and other standards-based tools.
[2.764s]   warnings.warn(
[2.913s] /usr/lib/python3/dist-packages/pkg_resources/__init__.py:116: PkgResourcesDeprecationWarning: 1.16.0-unknown is an invalid version and will not be supported in a future release
[2.913s]   warnings.warn(
[2.913s] /usr/lib/python3/dist-packages/pkg_resources/__init__.py:116: PkgResourcesDeprecationWarning: 0.1.43ubuntu1 is an invalid version and will not be supported in a future release
[2.913s]   warnings.warn(
[2.914s] /usr/lib/python3/dist-packages/pkg_resources/__init__.py:116: PkgResourcesDeprecationWarning: 1.1build1 is an invalid version and will not be supported in a future release
[2.914s]   warnings.warn(
[3.221s] running egg_info
[3.221s] writing baxter_joint_controller.egg-info/PKG-INFO
[3.221s] writing dependency_links to baxter_joint_controller.egg-info/dependency_links.txt
[3.221s] writing entry points to baxter_joint_controller.egg-info/entry_points.txt
[3.221s] writing requirements to baxter_joint_controller.egg-info/requires.txt
[3.222s] writing top-level names to baxter_joint_controller.egg-info/top_level.txt
[3.222s] reading manifest file 'baxter_joint_controller.egg-info/SOURCES.txt'
[3.226s] writing manifest file 'baxter_joint_controller.egg-info/SOURCES.txt'
[3.307s] running build_ext
[3.307s] Creating /home/mael/ros2_ws/install/baxter_joint_controller/lib/python3.10/site-packages/baxter-joint-controller.egg-link (link to .)
[3.307s] Installing controller script to /home/mael/ros2_ws/install/baxter_joint_controller/lib/baxter_joint_controller
[3.307s] 
[3.307s] Installed /home/mael/ros2_ws/build/baxter_joint_controller
[3.307s] running install_data
[3.403s] Invoked command in '/home/mael/ros2_ws/build/baxter_joint_controller' returned '0': PYTHONPATH=/home/mael/ros2_ws/build/baxter_joint_controller/prefix_override:/home/mael/ros2_ws/install/baxter_joint_controller/lib/python3.10/site-packages:${PYTHONPATH} /usr/bin/python3 setup.py develop --editable --build-directory /home/mael/ros2_ws/build/baxter_joint_controller/build --no-deps install_data
