[2.207s] Invoking command in '/home/mael/ros2_ws/build/baxter_6dof_vr': PYTHONPATH=/home/mael/ros2_ws/build/baxter_6dof_vr/prefix_override:/home/mael/ros2_ws/install/baxter_6dof_vr/lib/python3.10/site-packages:${PYTHONPATH} /usr/bin/python3 setup.py develop --editable --build-directory /home/mael/ros2_ws/build/baxter_6dof_vr/build --no-deps install_data
[2.757s] running develop
[2.757s] /usr/lib/python3/dist-packages/setuptools/command/easy_install.py:158: EasyInstallDeprecationWarning: easy_install command is deprecated. Use build and pip and other standards-based tools.
[2.757s]   warnings.warn(
[2.759s] /usr/lib/python3/dist-packages/setuptools/command/install.py:34: SetuptoolsDeprecationWarning: setup.py install is deprecated. Use build and pip and other standards-based tools.
[2.759s]   warnings.warn(
[2.900s] /usr/lib/python3/dist-packages/pkg_resources/__init__.py:116: PkgResourcesDeprecationWarning: 1.16.0-unknown is an invalid version and will not be supported in a future release
[2.900s]   warnings.warn(
[2.900s] /usr/lib/python3/dist-packages/pkg_resources/__init__.py:116: PkgResourcesDeprecationWarning: 0.1.43ubuntu1 is an invalid version and will not be supported in a future release
[2.905s]   warnings.warn(
[2.905s] /usr/lib/python3/dist-packages/pkg_resources/__init__.py:116: PkgResourcesDeprecationWarning: 1.1build1 is an invalid version and will not be supported in a future release
[2.905s]   warnings.warn(
[3.123s] running egg_info
[3.124s] writing baxter_6dof_vr.egg-info/PKG-INFO
[3.124s] writing dependency_links to baxter_6dof_vr.egg-info/dependency_links.txt
[3.124s] writing entry points to baxter_6dof_vr.egg-info/entry_points.txt
[3.125s] writing requirements to baxter_6dof_vr.egg-info/requires.txt
[3.125s] writing top-level names to baxter_6dof_vr.egg-info/top_level.txt
[3.127s] reading manifest file 'baxter_6dof_vr.egg-info/SOURCES.txt'
[3.129s] writing manifest file 'baxter_6dof_vr.egg-info/SOURCES.txt'
[3.204s] running build_ext
[3.204s] Creating /home/mael/ros2_ws/install/baxter_6dof_vr/lib/python3.10/site-packages/baxter-6dof-vr.egg-link (link to .)
[3.208s] Installing pose_to_tf script to /home/mael/ros2_ws/install/baxter_6dof_vr/lib/baxter_6dof_vr
[3.209s] 
[3.209s] Installed /home/mael/ros2_ws/build/baxter_6dof_vr
[3.210s] running install_data
[3.303s] Invoked command in '/home/mael/ros2_ws/build/baxter_6dof_vr' returned '0': PYTHONPATH=/home/mael/ros2_ws/build/baxter_6dof_vr/prefix_override:/home/mael/ros2_ws/install/baxter_6dof_vr/lib/python3.10/site-packages:${PYTHONPATH} /usr/bin/python3 setup.py develop --editable --build-directory /home/mael/ros2_ws/build/baxter_6dof_vr/build --no-deps install_data
