[1.754s] Invoking command in '/home/mael/ros2_ws/build/baxter_joint_controller': PYTHONPATH=/home/mael/ros2_ws/build/baxter_joint_controller/prefix_override:/home/mael/ros2_ws/install/baxter_joint_controller/lib/python3.10/site-packages:${PYTHONPATH} /usr/bin/python3 setup.py develop --editable --build-directory /home/mael/ros2_ws/build/baxter_joint_controller/build --no-deps install_data
[2.328s] running develop
[2.329s] /usr/lib/python3/dist-packages/setuptools/command/easy_install.py:158: EasyInstallDeprecationWarning: easy_install command is deprecated. Use build and pip and other standards-based tools.
[2.329s]   warnings.warn(
[2.329s] /usr/lib/python3/dist-packages/setuptools/command/install.py:34: SetuptoolsDeprecationWarning: setup.py install is deprecated. Use build and pip and other standards-based tools.
[2.329s]   warnings.warn(
[2.457s] /usr/lib/python3/dist-packages/pkg_resources/__init__.py:116: PkgResourcesDeprecationWarning: 1.16.0-unknown is an invalid version and will not be supported in a future release
[2.458s]   warnings.warn(
[2.458s] /usr/lib/python3/dist-packages/pkg_resources/__init__.py:116: PkgResourcesDeprecationWarning: 0.1.43ubuntu1 is an invalid version and will not be supported in a future release
[2.458s]   warnings.warn(
[2.459s] /usr/lib/python3/dist-packages/pkg_resources/__init__.py:116: PkgResourcesDeprecationWarning: 1.1build1 is an invalid version and will not be supported in a future release
[2.459s]   warnings.warn(
[2.723s] running egg_info
[2.723s] writing baxter_joint_controller.egg-info/PKG-INFO
[2.723s] writing dependency_links to baxter_joint_controller.egg-info/dependency_links.txt
[2.723s] writing entry points to baxter_joint_controller.egg-info/entry_points.txt
[2.723s] writing requirements to baxter_joint_controller.egg-info/requires.txt
[2.723s] writing top-level names to baxter_joint_controller.egg-info/top_level.txt
[2.724s] reading manifest file 'baxter_joint_controller.egg-info/SOURCES.txt'
[2.724s] writing manifest file 'baxter_joint_controller.egg-info/SOURCES.txt'
[2.792s] running build_ext
[2.792s] Creating /home/mael/ros2_ws/install/baxter_joint_controller/lib/python3.10/site-packages/baxter-joint-controller.egg-link (link to .)
[2.794s] Installing controller script to /home/mael/ros2_ws/install/baxter_joint_controller/lib/baxter_joint_controller
[2.794s] 
[2.794s] Installed /home/mael/ros2_ws/build/baxter_joint_controller
[2.794s] running install_data
[2.882s] Invoked command in '/home/mael/ros2_ws/build/baxter_joint_controller' returned '0': PYTHONPATH=/home/mael/ros2_ws/build/baxter_joint_controller/prefix_override:/home/mael/ros2_ws/install/baxter_joint_controller/lib/python3.10/site-packages:${PYTHONPATH} /usr/bin/python3 setup.py develop --editable --build-directory /home/mael/ros2_ws/build/baxter_joint_controller/build --no-deps install_data
