[7.803s] Invoking command in '/home/mael/ros2_ws/build/apriltag_ros_pose': CMAKE_PREFIX_PATH=${CMAKE_PREFIX_PATH}:/home/mael/ros2_ws/install/ros_tcp_endpoint:/home/mael/ros2_ws/install/baxter_joint_controller:/home/mael/ros2_ws/install/baxter_6dof_vr:/opt/ros/humble /usr/bin/cmake --build /home/mael/ros2_ws/build/apriltag_ros_pose -- -j8 -l8
[14.090s] [ 20%] Built target tags
[14.201s] [ 60%] Built target apriltag_node
[15.143s] [100%] Built target AprilTagNode
[16.492s] Invoked command in '/home/mael/ros2_ws/build/apriltag_ros_pose' returned '0': CMAKE_PREFIX_PATH=${CMAKE_PREFIX_PATH}:/home/mael/ros2_ws/install/ros_tcp_endpoint:/home/mael/ros2_ws/install/baxter_joint_controller:/home/mael/ros2_ws/install/baxter_6dof_vr:/opt/ros/humble /usr/bin/cmake --build /home/mael/ros2_ws/build/apriltag_ros_pose -- -j8 -l8
[19.934s] Invoking command in '/home/mael/ros2_ws/build/apriltag_ros_pose': CMAKE_PREFIX_PATH=${CMAKE_PREFIX_PATH}:/home/mael/ros2_ws/install/ros_tcp_endpoint:/home/mael/ros2_ws/install/baxter_joint_controller:/home/mael/ros2_ws/install/baxter_6dof_vr:/opt/ros/humble /usr/bin/cmake --install /home/mael/ros2_ws/build/apriltag_ros_pose
[20.014s] -- Install configuration: ""
[20.244s] -- Execute custom install script
[20.733s] -- Up-to-date symlink: /home/mael/ros2_ws/install/apriltag_ros_pose/lib/apriltag_ros_pose/apriltag_node
[20.734s] -- Up-to-date symlink: /home/mael/ros2_ws/install/apriltag_ros_pose/share/apriltag_ros_pose/environment/library_path.sh
[20.735s] -- Up-to-date symlink: /home/mael/ros2_ws/install/apriltag_ros_pose/share/apriltag_ros_pose/environment/library_path.dsv
[20.985s] -- Up-to-date symlink: /home/mael/ros2_ws/install/apriltag_ros_pose/lib/libAprilTagNode.so
[20.986s] -- Up-to-date symlink: /home/mael/ros2_ws/install/apriltag_ros_pose/share/apriltag_ros_pose/cfg/tags_36h11.yaml
[20.986s] -- Up-to-date symlink: /home/mael/ros2_ws/install/apriltag_ros_pose/share/apriltag_ros_pose/launch/v4l2_36h11.launch.yml
[20.987s] -- Up-to-date symlink: /home/mael/ros2_ws/install/apriltag_ros_pose/share/ament_index/resource_index/package_run_dependencies/apriltag_ros_pose
[20.987s] -- Up-to-date symlink: /home/mael/ros2_ws/install/apriltag_ros_pose/share/ament_index/resource_index/parent_prefix_path/apriltag_ros_pose
[20.988s] -- Up-to-date symlink: /home/mael/ros2_ws/install/apriltag_ros_pose/share/apriltag_ros_pose/environment/ament_prefix_path.sh
[20.988s] -- Up-to-date symlink: /home/mael/ros2_ws/install/apriltag_ros_pose/share/apriltag_ros_pose/environment/ament_prefix_path.dsv
[20.988s] -- Up-to-date symlink: /home/mael/ros2_ws/install/apriltag_ros_pose/share/apriltag_ros_pose/environment/path.sh
[20.989s] -- Up-to-date symlink: /home/mael/ros2_ws/install/apriltag_ros_pose/share/apriltag_ros_pose/environment/path.dsv
[20.989s] -- Up-to-date symlink: /home/mael/ros2_ws/install/apriltag_ros_pose/share/apriltag_ros_pose/local_setup.bash
[20.989s] -- Up-to-date symlink: /home/mael/ros2_ws/install/apriltag_ros_pose/share/apriltag_ros_pose/local_setup.sh
[20.990s] -- Up-to-date symlink: /home/mael/ros2_ws/install/apriltag_ros_pose/share/apriltag_ros_pose/local_setup.zsh
[20.990s] -- Up-to-date symlink: /home/mael/ros2_ws/install/apriltag_ros_pose/share/apriltag_ros_pose/local_setup.dsv
[20.990s] -- Symlinking: /home/mael/ros2_ws/install/apriltag_ros_pose/share/apriltag_ros_pose/package.dsv
[21.007s] -- Up-to-date symlink: /home/mael/ros2_ws/install/apriltag_ros_pose/share/ament_index/resource_index/packages/apriltag_ros_pose
[21.008s] -- Up-to-date symlink: /home/mael/ros2_ws/install/apriltag_ros_pose/share/ament_index/resource_index/rclcpp_components/apriltag_ros_pose
[21.008s] -- Up-to-date symlink: /home/mael/ros2_ws/install/apriltag_ros_pose/share/apriltag_ros_pose/cmake/apriltag_ros_poseConfig.cmake
[21.009s] -- Up-to-date symlink: /home/mael/ros2_ws/install/apriltag_ros_pose/share/apriltag_ros_pose/cmake/apriltag_ros_poseConfig-version.cmake
[21.009s] -- Up-to-date symlink: /home/mael/ros2_ws/install/apriltag_ros_pose/share/apriltag_ros_pose/package.xml
[25.761s] Invoked command in '/home/mael/ros2_ws/build/apriltag_ros_pose' returned '0': CMAKE_PREFIX_PATH=${CMAKE_PREFIX_PATH}:/home/mael/ros2_ws/install/ros_tcp_endpoint:/home/mael/ros2_ws/install/baxter_joint_controller:/home/mael/ros2_ws/install/baxter_6dof_vr:/opt/ros/humble /usr/bin/cmake --install /home/mael/ros2_ws/build/apriltag_ros_pose
