[0.594s] Invoking command in '/home/mael/ros2_ws/build/baxter_core_msgs': CMAKE_PREFIX_PATH=${CMAKE_PREFIX_PATH}:/home/mael/ros2_ws/install/ros_tcp_endpoint:/home/mael/ros2_ws/install/baxter_joint_controller:/home/mael/ros2_ws/install/baxter_6dof_vr:/opt/ros/humble /usr/bin/cmake --build /home/mael/ros2_ws/build/baxter_core_msgs -- -j8 -l8
[0.685s] [  0%] Built target baxter_core_msgs__cpp
[0.686s] [  0%] Built target ament_cmake_python_symlink_baxter_core_msgs
[0.702s] [ 12%] Built target baxter_core_msgs__rosidl_generator_c
[0.772s] [ 24%] Built target baxter_core_msgs__rosidl_typesupport_cpp
[0.786s] [ 36%] Built target baxter_core_msgs__rosidl_typesupport_fastrtps_cpp
[0.794s] [ 48%] Built target baxter_core_msgs__rosidl_typesupport_c
[0.795s] [ 61%] Built target baxter_core_msgs__rosidl_typesupport_introspection_cpp
[0.799s] [ 74%] Built target baxter_core_msgs__rosidl_typesupport_introspection_c
[0.799s] [ 87%] Built target baxter_core_msgs__rosidl_typesupport_fastrtps_c
[0.826s] [ 87%] Built target baxter_core_msgs
[0.853s] [ 87%] Built target baxter_core_msgs__py
[0.897s] [ 99%] Built target baxter_core_msgs__rosidl_generator_py
[0.930s] [ 99%] Built target baxter_core_msgs__rosidl_typesupport_introspection_c__pyext
[0.933s] [ 99%] Built target baxter_core_msgs__rosidl_typesupport_fastrtps_c__pyext
[0.939s] [100%] Built target baxter_core_msgs__rosidl_typesupport_c__pyext
[1.139s] running egg_info
[1.139s] writing baxter_core_msgs.egg-info/PKG-INFO
[1.139s] writing dependency_links to baxter_core_msgs.egg-info/dependency_links.txt
[1.139s] writing top-level names to baxter_core_msgs.egg-info/top_level.txt
[1.140s] reading manifest file 'baxter_core_msgs.egg-info/SOURCES.txt'
[1.149s] writing manifest file 'baxter_core_msgs.egg-info/SOURCES.txt'
[1.197s] [100%] Built target ament_cmake_python_build_baxter_core_msgs_egg
[1.222s] Invoked command in '/home/mael/ros2_ws/build/baxter_core_msgs' returned '0': CMAKE_PREFIX_PATH=${CMAKE_PREFIX_PATH}:/home/mael/ros2_ws/install/ros_tcp_endpoint:/home/mael/ros2_ws/install/baxter_joint_controller:/home/mael/ros2_ws/install/baxter_6dof_vr:/opt/ros/humble /usr/bin/cmake --build /home/mael/ros2_ws/build/baxter_core_msgs -- -j8 -l8
[3.546s] Invoking command in '/home/mael/ros2_ws/build/baxter_core_msgs': CMAKE_PREFIX_PATH=${CMAKE_PREFIX_PATH}:/home/mael/ros2_ws/install/ros_tcp_endpoint:/home/mael/ros2_ws/install/baxter_joint_controller:/home/mael/ros2_ws/install/baxter_6dof_vr:/opt/ros/humble /usr/bin/cmake --install /home/mael/ros2_ws/build/baxter_core_msgs
[3.557s] -- Install configuration: ""
[3.557s] -- Execute custom install script
[3.557s] -- Up-to-date symlink: /home/mael/ros2_ws/install/baxter_core_msgs/share/ament_index/resource_index/rosidl_interfaces/baxter_core_msgs
[3.565s] -- Up-to-date symlink: /home/mael/ros2_ws/install/baxter_core_msgs/include/baxter_core_msgs/baxter_core_msgs/msg/analog_io_state.h
[3.565s] -- Up-to-date symlink: /home/mael/ros2_ws/install/baxter_core_msgs/include/baxter_core_msgs/baxter_core_msgs/msg/analog_io_states.h
[3.565s] -- Up-to-date symlink: /home/mael/ros2_ws/install/baxter_core_msgs/include/baxter_core_msgs/baxter_core_msgs/msg/analog_output_command.h
[3.565s] -- Up-to-date symlink: /home/mael/ros2_ws/install/baxter_core_msgs/include/baxter_core_msgs/baxter_core_msgs/msg/assembly_state.h
[3.565s] -- Up-to-date symlink: /home/mael/ros2_ws/install/baxter_core_msgs/include/baxter_core_msgs/baxter_core_msgs/msg/assembly_states.h
[3.565s] -- Up-to-date symlink: /home/mael/ros2_ws/install/baxter_core_msgs/include/baxter_core_msgs/baxter_core_msgs/msg/bridge_publisher.h
[3.566s] -- Up-to-date symlink: /home/mael/ros2_ws/install/baxter_core_msgs/include/baxter_core_msgs/baxter_core_msgs/msg/camera_control.h
[3.566s] -- Up-to-date symlink: /home/mael/ros2_ws/install/baxter_core_msgs/include/baxter_core_msgs/baxter_core_msgs/msg/camera_settings.h
[3.567s] -- Up-to-date symlink: /home/mael/ros2_ws/install/baxter_core_msgs/include/baxter_core_msgs/baxter_core_msgs/msg/collision_avoidance_state.h
[3.567s] -- Up-to-date symlink: /home/mael/ros2_ws/install/baxter_core_msgs/include/baxter_core_msgs/baxter_core_msgs/msg/collision_detection_state.h
[3.567s] -- Up-to-date symlink: /home/mael/ros2_ws/install/baxter_core_msgs/include/baxter_core_msgs/baxter_core_msgs/msg/detail/analog_io_state__functions.h
[3.567s] -- Up-to-date symlink: /home/mael/ros2_ws/install/baxter_core_msgs/include/baxter_core_msgs/baxter_core_msgs/msg/detail/analog_io_state__struct.h
[3.567s] -- Up-to-date symlink: /home/mael/ros2_ws/install/baxter_core_msgs/include/baxter_core_msgs/baxter_core_msgs/msg/detail/analog_io_state__type_support.h
[3.567s] -- Up-to-date symlink: /home/mael/ros2_ws/install/baxter_core_msgs/include/baxter_core_msgs/baxter_core_msgs/msg/detail/analog_io_states__functions.h
[3.567s] -- Up-to-date symlink: /home/mael/ros2_ws/install/baxter_core_msgs/include/baxter_core_msgs/baxter_core_msgs/msg/detail/analog_io_states__struct.h
[3.568s] -- Up-to-date symlink: /home/mael/ros2_ws/install/baxter_core_msgs/include/baxter_core_msgs/baxter_core_msgs/msg/detail/analog_io_states__type_support.h
[3.568s] -- Up-to-date symlink: /home/mael/ros2_ws/install/baxter_core_msgs/include/baxter_core_msgs/baxter_core_msgs/msg/detail/analog_output_command__functions.h
[3.568s] -- Up-to-date symlink: /home/mael/ros2_ws/install/baxter_core_msgs/include/baxter_core_msgs/baxter_core_msgs/msg/detail/analog_output_command__struct.h
[3.568s] -- Up-to-date symlink: /home/mael/ros2_ws/install/baxter_core_msgs/include/baxter_core_msgs/baxter_core_msgs/msg/detail/analog_output_command__type_support.h
[3.568s] -- Up-to-date symlink: /home/mael/ros2_ws/install/baxter_core_msgs/include/baxter_core_msgs/baxter_core_msgs/msg/detail/assembly_state__functions.h
[3.568s] -- Up-to-date symlink: /home/mael/ros2_ws/install/baxter_core_msgs/include/baxter_core_msgs/baxter_core_msgs/msg/detail/assembly_state__struct.h
[3.569s] -- Up-to-date symlink: /home/mael/ros2_ws/install/baxter_core_msgs/include/baxter_core_msgs/baxter_core_msgs/msg/detail/assembly_state__type_support.h
[3.569s] -- Up-to-date symlink: /home/mael/ros2_ws/install/baxter_core_msgs/include/baxter_core_msgs/baxter_core_msgs/msg/detail/assembly_states__functions.h
[3.569s] -- Up-to-date symlink: /home/mael/ros2_ws/install/baxter_core_msgs/include/baxter_core_msgs/baxter_core_msgs/msg/detail/assembly_states__struct.h
[3.570s] -- Up-to-date symlink: /home/mael/ros2_ws/install/baxter_core_msgs/include/baxter_core_msgs/baxter_core_msgs/msg/detail/assembly_states__type_support.h
[3.570s] -- Up-to-date symlink: /home/mael/ros2_ws/install/baxter_core_msgs/include/baxter_core_msgs/baxter_core_msgs/msg/detail/bridge_publisher__functions.h
[3.571s] -- Up-to-date symlink: /home/mael/ros2_ws/install/baxter_core_msgs/include/baxter_core_msgs/baxter_core_msgs/msg/detail/bridge_publisher__struct.h
[3.571s] -- Up-to-date symlink: /home/mael/ros2_ws/install/baxter_core_msgs/include/baxter_core_msgs/baxter_core_msgs/msg/detail/bridge_publisher__type_support.h
[3.571s] -- Up-to-date symlink: /home/mael/ros2_ws/install/baxter_core_msgs/include/baxter_core_msgs/baxter_core_msgs/msg/detail/camera_control__functions.h
[3.571s] -- Up-to-date symlink: /home/mael/ros2_ws/install/baxter_core_msgs/include/baxter_core_msgs/baxter_core_msgs/msg/detail/camera_control__struct.h
[3.572s] -- Up-to-date symlink: /home/mael/ros2_ws/install/baxter_core_msgs/include/baxter_core_msgs/baxter_core_msgs/msg/detail/camera_control__type_support.h
[3.573s] -- Up-to-date symlink: /home/mael/ros2_ws/install/baxter_core_msgs/include/baxter_core_msgs/baxter_core_msgs/msg/detail/camera_settings__functions.h
[3.574s] -- Up-to-date symlink: /home/mael/ros2_ws/install/baxter_core_msgs/include/baxter_core_msgs/baxter_core_msgs/msg/detail/camera_settings__struct.h
[3.574s] -- Up-to-date symlink: /home/mael/ros2_ws/install/baxter_core_msgs/include/baxter_core_msgs/baxter_core_msgs/msg/detail/camera_settings__type_support.h
[3.574s] -- Up-to-date symlink: /home/mael/ros2_ws/install/baxter_core_msgs/include/baxter_core_msgs/baxter_core_msgs/msg/detail/collision_avoidance_state__functions.h
[3.574s] -- Up-to-date symlink: /home/mael/ros2_ws/install/baxter_core_msgs/include/baxter_core_msgs/baxter_core_msgs/msg/detail/collision_avoidance_state__struct.h
[3.575s] -- Up-to-date symlink: /home/mael/ros2_ws/install/baxter_core_msgs/include/baxter_core_msgs/baxter_core_msgs/msg/detail/collision_avoidance_state__type_support.h
[3.575s] -- Up-to-date symlink: /home/mael/ros2_ws/install/baxter_core_msgs/include/baxter_core_msgs/baxter_core_msgs/msg/detail/collision_detection_state__functions.h
[3.576s] -- Up-to-date symlink: /home/mael/ros2_ws/install/baxter_core_msgs/include/baxter_core_msgs/baxter_core_msgs/msg/detail/collision_detection_state__struct.h
[3.576s] -- Up-to-date symlink: /home/mael/ros2_ws/install/baxter_core_msgs/include/baxter_core_msgs/baxter_core_msgs/msg/detail/collision_detection_state__type_support.h
[3.576s] -- Up-to-date symlink: /home/mael/ros2_ws/install/baxter_core_msgs/include/baxter_core_msgs/baxter_core_msgs/msg/detail/digital_io_state__functions.h
[3.576s] -- Up-to-date symlink: /home/mael/ros2_ws/install/baxter_core_msgs/include/baxter_core_msgs/baxter_core_msgs/msg/detail/digital_io_state__struct.h
[3.577s] -- Up-to-date symlink: /home/mael/ros2_ws/install/baxter_core_msgs/include/baxter_core_msgs/baxter_core_msgs/msg/detail/digital_io_state__type_support.h
[3.577s] -- Up-to-date symlink: /home/mael/ros2_ws/install/baxter_core_msgs/include/baxter_core_msgs/baxter_core_msgs/msg/detail/digital_io_states__functions.h
[3.577s] -- Up-to-date symlink: /home/mael/ros2_ws/install/baxter_core_msgs/include/baxter_core_msgs/baxter_core_msgs/msg/detail/digital_io_states__struct.h
[3.577s] -- Up-to-date symlink: /home/mael/ros2_ws/install/baxter_core_msgs/include/baxter_core_msgs/baxter_core_msgs/msg/detail/digital_io_states__type_support.h
[3.577s] -- Up-to-date symlink: /home/mael/ros2_ws/install/baxter_core_msgs/include/baxter_core_msgs/baxter_core_msgs/msg/detail/digital_output_command__functions.h
[3.577s] -- Up-to-date symlink: /home/mael/ros2_ws/install/baxter_core_msgs/include/baxter_core_msgs/baxter_core_msgs/msg/detail/digital_output_command__struct.h
[3.578s] -- Up-to-date symlink: /home/mael/ros2_ws/install/baxter_core_msgs/include/baxter_core_msgs/baxter_core_msgs/msg/detail/digital_output_command__type_support.h
[3.578s] -- Up-to-date symlink: /home/mael/ros2_ws/install/baxter_core_msgs/include/baxter_core_msgs/baxter_core_msgs/msg/detail/end_effector_command__functions.h
[3.578s] -- Up-to-date symlink: /home/mael/ros2_ws/install/baxter_core_msgs/include/baxter_core_msgs/baxter_core_msgs/msg/detail/end_effector_command__struct.h
[3.578s] -- Up-to-date symlink: /home/mael/ros2_ws/install/baxter_core_msgs/include/baxter_core_msgs/baxter_core_msgs/msg/detail/end_effector_command__type_support.h
[3.579s] -- Up-to-date symlink: /home/mael/ros2_ws/install/baxter_core_msgs/include/baxter_core_msgs/baxter_core_msgs/msg/detail/end_effector_properties__functions.h
[3.579s] -- Up-to-date symlink: /home/mael/ros2_ws/install/baxter_core_msgs/include/baxter_core_msgs/baxter_core_msgs/msg/detail/end_effector_properties__struct.h
[3.579s] -- Up-to-date symlink: /home/mael/ros2_ws/install/baxter_core_msgs/include/baxter_core_msgs/baxter_core_msgs/msg/detail/end_effector_properties__type_support.h
[3.579s] -- Up-to-date symlink: /home/mael/ros2_ws/install/baxter_core_msgs/include/baxter_core_msgs/baxter_core_msgs/msg/detail/end_effector_state__functions.h
[3.579s] -- Up-to-date symlink: /home/mael/ros2_ws/install/baxter_core_msgs/include/baxter_core_msgs/baxter_core_msgs/msg/detail/end_effector_state__struct.h
[3.579s] -- Up-to-date symlink: /home/mael/ros2_ws/install/baxter_core_msgs/include/baxter_core_msgs/baxter_core_msgs/msg/detail/end_effector_state__type_support.h
[3.579s] -- Up-to-date symlink: /home/mael/ros2_ws/install/baxter_core_msgs/include/baxter_core_msgs/baxter_core_msgs/msg/detail/endpoint_state__functions.h
[3.580s] -- Up-to-date symlink: /home/mael/ros2_ws/install/baxter_core_msgs/include/baxter_core_msgs/baxter_core_msgs/msg/detail/endpoint_state__struct.h
[3.580s] -- Up-to-date symlink: /home/mael/ros2_ws/install/baxter_core_msgs/include/baxter_core_msgs/baxter_core_msgs/msg/detail/endpoint_state__type_support.h
[3.580s] -- Up-to-date symlink: /home/mael/ros2_ws/install/baxter_core_msgs/include/baxter_core_msgs/baxter_core_msgs/msg/detail/endpoint_states__functions.h
[3.581s] -- Up-to-date symlink: /home/mael/ros2_ws/install/baxter_core_msgs/include/baxter_core_msgs/baxter_core_msgs/msg/detail/endpoint_states__struct.h
[3.581s] -- Up-to-date symlink: /home/mael/ros2_ws/install/baxter_core_msgs/include/baxter_core_msgs/baxter_core_msgs/msg/detail/endpoint_states__type_support.h
[3.582s] -- Up-to-date symlink: /home/mael/ros2_ws/install/baxter_core_msgs/include/baxter_core_msgs/baxter_core_msgs/msg/detail/head_pan_command__functions.h
[3.582s] -- Up-to-date symlink: /home/mael/ros2_ws/install/baxter_core_msgs/include/baxter_core_msgs/baxter_core_msgs/msg/detail/head_pan_command__struct.h
[3.582s] -- Up-to-date symlink: /home/mael/ros2_ws/install/baxter_core_msgs/include/baxter_core_msgs/baxter_core_msgs/msg/detail/head_pan_command__type_support.h
[3.582s] -- Up-to-date symlink: /home/mael/ros2_ws/install/baxter_core_msgs/include/baxter_core_msgs/baxter_core_msgs/msg/detail/head_state__functions.h
[3.583s] -- Up-to-date symlink: /home/mael/ros2_ws/install/baxter_core_msgs/include/baxter_core_msgs/baxter_core_msgs/msg/detail/head_state__struct.h
[3.583s] -- Up-to-date symlink: /home/mael/ros2_ws/install/baxter_core_msgs/include/baxter_core_msgs/baxter_core_msgs/msg/detail/head_state__type_support.h
[3.583s] -- Up-to-date symlink: /home/mael/ros2_ws/install/baxter_core_msgs/include/baxter_core_msgs/baxter_core_msgs/msg/detail/joint_command__functions.h
[3.583s] -- Up-to-date symlink: /home/mael/ros2_ws/install/baxter_core_msgs/include/baxter_core_msgs/baxter_core_msgs/msg/detail/joint_command__struct.h
[3.584s] -- Up-to-date symlink: /home/mael/ros2_ws/install/baxter_core_msgs/include/baxter_core_msgs/baxter_core_msgs/msg/detail/joint_command__type_support.h
[3.584s] -- Up-to-date symlink: /home/mael/ros2_ws/install/baxter_core_msgs/include/baxter_core_msgs/baxter_core_msgs/msg/detail/navigator_state__functions.h
[3.584s] -- Up-to-date symlink: /home/mael/ros2_ws/install/baxter_core_msgs/include/baxter_core_msgs/baxter_core_msgs/msg/detail/navigator_state__struct.h
[3.584s] -- Up-to-date symlink: /home/mael/ros2_ws/install/baxter_core_msgs/include/baxter_core_msgs/baxter_core_msgs/msg/detail/navigator_state__type_support.h
[3.585s] -- Up-to-date symlink: /home/mael/ros2_ws/install/baxter_core_msgs/include/baxter_core_msgs/baxter_core_msgs/msg/detail/navigator_states__functions.h
[3.585s] -- Up-to-date symlink: /home/mael/ros2_ws/install/baxter_core_msgs/include/baxter_core_msgs/baxter_core_msgs/msg/detail/navigator_states__struct.h
[3.585s] -- Up-to-date symlink: /home/mael/ros2_ws/install/baxter_core_msgs/include/baxter_core_msgs/baxter_core_msgs/msg/detail/navigator_states__type_support.h
[3.585s] -- Up-to-date symlink: /home/mael/ros2_ws/install/baxter_core_msgs/include/baxter_core_msgs/baxter_core_msgs/msg/detail/robust_controller_status__functions.h
[3.585s] -- Up-to-date symlink: /home/mael/ros2_ws/install/baxter_core_msgs/include/baxter_core_msgs/baxter_core_msgs/msg/detail/robust_controller_status__struct.h
[3.586s] -- Up-to-date symlink: /home/mael/ros2_ws/install/baxter_core_msgs/include/baxter_core_msgs/baxter_core_msgs/msg/detail/robust_controller_status__type_support.h
[3.586s] -- Up-to-date symlink: /home/mael/ros2_ws/install/baxter_core_msgs/include/baxter_core_msgs/baxter_core_msgs/msg/detail/sea_joint_state__functions.h
[3.587s] -- Up-to-date symlink: /home/mael/ros2_ws/install/baxter_core_msgs/include/baxter_core_msgs/baxter_core_msgs/msg/detail/sea_joint_state__struct.h
[3.587s] -- Up-to-date symlink: /home/mael/ros2_ws/install/baxter_core_msgs/include/baxter_core_msgs/baxter_core_msgs/msg/detail/sea_joint_state__type_support.h
[3.587s] -- Up-to-date symlink: /home/mael/ros2_ws/install/baxter_core_msgs/include/baxter_core_msgs/baxter_core_msgs/msg/detail/urdf_configuration__functions.h
[3.587s] -- Up-to-date symlink: /home/mael/ros2_ws/install/baxter_core_msgs/include/baxter_core_msgs/baxter_core_msgs/msg/detail/urdf_configuration__struct.h
[3.587s] -- Up-to-date symlink: /home/mael/ros2_ws/install/baxter_core_msgs/include/baxter_core_msgs/baxter_core_msgs/msg/detail/urdf_configuration__type_support.h
[3.588s] -- Up-to-date symlink: /home/mael/ros2_ws/install/baxter_core_msgs/include/baxter_core_msgs/baxter_core_msgs/msg/digital_io_state.h
[3.588s] -- Up-to-date symlink: /home/mael/ros2_ws/install/baxter_core_msgs/include/baxter_core_msgs/baxter_core_msgs/msg/digital_io_states.h
[3.588s] -- Up-to-date symlink: /home/mael/ros2_ws/install/baxter_core_msgs/include/baxter_core_msgs/baxter_core_msgs/msg/digital_output_command.h
[3.588s] -- Up-to-date symlink: /home/mael/ros2_ws/install/baxter_core_msgs/include/baxter_core_msgs/baxter_core_msgs/msg/end_effector_command.h
[3.589s] -- Up-to-date symlink: /home/mael/ros2_ws/install/baxter_core_msgs/include/baxter_core_msgs/baxter_core_msgs/msg/end_effector_properties.h
[3.589s] -- Up-to-date symlink: /home/mael/ros2_ws/install/baxter_core_msgs/include/baxter_core_msgs/baxter_core_msgs/msg/end_effector_state.h
[3.589s] -- Up-to-date symlink: /home/mael/ros2_ws/install/baxter_core_msgs/include/baxter_core_msgs/baxter_core_msgs/msg/endpoint_state.h
[3.590s] -- Up-to-date symlink: /home/mael/ros2_ws/install/baxter_core_msgs/include/baxter_core_msgs/baxter_core_msgs/msg/endpoint_states.h
[3.590s] -- Up-to-date symlink: /home/mael/ros2_ws/install/baxter_core_msgs/include/baxter_core_msgs/baxter_core_msgs/msg/head_pan_command.h
[3.590s] -- Up-to-date symlink: /home/mael/ros2_ws/install/baxter_core_msgs/include/baxter_core_msgs/baxter_core_msgs/msg/head_state.h
[3.590s] -- Up-to-date symlink: /home/mael/ros2_ws/install/baxter_core_msgs/include/baxter_core_msgs/baxter_core_msgs/msg/joint_command.h
[3.590s] -- Up-to-date symlink: /home/mael/ros2_ws/install/baxter_core_msgs/include/baxter_core_msgs/baxter_core_msgs/msg/navigator_state.h
[3.591s] -- Up-to-date symlink: /home/mael/ros2_ws/install/baxter_core_msgs/include/baxter_core_msgs/baxter_core_msgs/msg/navigator_states.h
[3.591s] -- Up-to-date symlink: /home/mael/ros2_ws/install/baxter_core_msgs/include/baxter_core_msgs/baxter_core_msgs/msg/robust_controller_status.h
[3.591s] -- Up-to-date symlink: /home/mael/ros2_ws/install/baxter_core_msgs/include/baxter_core_msgs/baxter_core_msgs/msg/rosidl_generator_c__visibility_control.h
[3.591s] -- Up-to-date symlink: /home/mael/ros2_ws/install/baxter_core_msgs/include/baxter_core_msgs/baxter_core_msgs/msg/sea_joint_state.h
[3.591s] -- Up-to-date symlink: /home/mael/ros2_ws/install/baxter_core_msgs/include/baxter_core_msgs/baxter_core_msgs/msg/urdf_configuration.h
[3.592s] -- Up-to-date symlink: /home/mael/ros2_ws/install/baxter_core_msgs/include/baxter_core_msgs/baxter_core_msgs/srv/bridge_publishers_auth.h
[3.592s] -- Up-to-date symlink: /home/mael/ros2_ws/install/baxter_core_msgs/include/baxter_core_msgs/baxter_core_msgs/srv/bridge_publishers_force.h
[3.592s] -- Up-to-date symlink: /home/mael/ros2_ws/install/baxter_core_msgs/include/baxter_core_msgs/baxter_core_msgs/srv/close_camera.h
[3.592s] -- Up-to-date symlink: /home/mael/ros2_ws/install/baxter_core_msgs/include/baxter_core_msgs/baxter_core_msgs/srv/detail/bridge_publishers_auth__functions.h
[3.593s] -- Up-to-date symlink: /home/mael/ros2_ws/install/baxter_core_msgs/include/baxter_core_msgs/baxter_core_msgs/srv/detail/bridge_publishers_auth__struct.h
[3.593s] -- Up-to-date symlink: /home/mael/ros2_ws/install/baxter_core_msgs/include/baxter_core_msgs/baxter_core_msgs/srv/detail/bridge_publishers_auth__type_support.h
[3.593s] -- Up-to-date symlink: /home/mael/ros2_ws/install/baxter_core_msgs/include/baxter_core_msgs/baxter_core_msgs/srv/detail/bridge_publishers_force__functions.h
[3.593s] -- Up-to-date symlink: /home/mael/ros2_ws/install/baxter_core_msgs/include/baxter_core_msgs/baxter_core_msgs/srv/detail/bridge_publishers_force__struct.h
[3.593s] -- Up-to-date symlink: /home/mael/ros2_ws/install/baxter_core_msgs/include/baxter_core_msgs/baxter_core_msgs/srv/detail/bridge_publishers_force__type_support.h
[3.594s] -- Up-to-date symlink: /home/mael/ros2_ws/install/baxter_core_msgs/include/baxter_core_msgs/baxter_core_msgs/srv/detail/close_camera__functions.h
[3.594s] -- Up-to-date symlink: /home/mael/ros2_ws/install/baxter_core_msgs/include/baxter_core_msgs/baxter_core_msgs/srv/detail/close_camera__struct.h
[3.597s] -- Up-to-date symlink: /home/mael/ros2_ws/install/baxter_core_msgs/include/baxter_core_msgs/baxter_core_msgs/srv/detail/close_camera__type_support.h
[3.597s] -- Up-to-date symlink: /home/mael/ros2_ws/install/baxter_core_msgs/include/baxter_core_msgs/baxter_core_msgs/srv/detail/list_cameras__functions.h
[3.598s] -- Up-to-date symlink: /home/mael/ros2_ws/install/baxter_core_msgs/include/baxter_core_msgs/baxter_core_msgs/srv/detail/list_cameras__struct.h
[3.598s] -- Up-to-date symlink: /home/mael/ros2_ws/install/baxter_core_msgs/include/baxter_core_msgs/baxter_core_msgs/srv/detail/list_cameras__type_support.h
[3.598s] -- Up-to-date symlink: /home/mael/ros2_ws/install/baxter_core_msgs/include/baxter_core_msgs/baxter_core_msgs/srv/detail/open_camera__functions.h
[3.598s] -- Up-to-date symlink: /home/mael/ros2_ws/install/baxter_core_msgs/include/baxter_core_msgs/baxter_core_msgs/srv/detail/open_camera__struct.h
[3.598s] -- Up-to-date symlink: /home/mael/ros2_ws/install/baxter_core_msgs/include/baxter_core_msgs/baxter_core_msgs/srv/detail/open_camera__type_support.h
[3.598s] -- Up-to-date symlink: /home/mael/ros2_ws/install/baxter_core_msgs/include/baxter_core_msgs/baxter_core_msgs/srv/detail/solve_position_ik__functions.h
[3.598s] -- Up-to-date symlink: /home/mael/ros2_ws/install/baxter_core_msgs/include/baxter_core_msgs/baxter_core_msgs/srv/detail/solve_position_ik__struct.h
[3.604s] -- Up-to-date symlink: /home/mael/ros2_ws/install/baxter_core_msgs/include/baxter_core_msgs/baxter_core_msgs/srv/detail/solve_position_ik__type_support.h
[3.604s] -- Up-to-date symlink: /home/mael/ros2_ws/install/baxter_core_msgs/include/baxter_core_msgs/baxter_core_msgs/srv/list_cameras.h
[3.604s] -- Up-to-date symlink: /home/mael/ros2_ws/install/baxter_core_msgs/include/baxter_core_msgs/baxter_core_msgs/srv/open_camera.h
[3.604s] -- Up-to-date symlink: /home/mael/ros2_ws/install/baxter_core_msgs/include/baxter_core_msgs/baxter_core_msgs/srv/solve_position_ik.h
[3.604s] -- Up-to-date symlink: /home/mael/ros2_ws/install/baxter_core_msgs/share/baxter_core_msgs/environment/library_path.sh
[3.605s] -- Up-to-date symlink: /home/mael/ros2_ws/install/baxter_core_msgs/share/baxter_core_msgs/environment/library_path.dsv
[3.605s] -- Up-to-date symlink: /home/mael/ros2_ws/install/baxter_core_msgs/include/baxter_core_msgs/baxter_core_msgs/msg/detail/analog_io_state__rosidl_typesupport_fastrtps_c.h
[3.605s] -- Up-to-date symlink: /home/mael/ros2_ws/install/baxter_core_msgs/include/baxter_core_msgs/baxter_core_msgs/msg/detail/analog_io_states__rosidl_typesupport_fastrtps_c.h
[3.605s] -- Up-to-date symlink: /home/mael/ros2_ws/install/baxter_core_msgs/include/baxter_core_msgs/baxter_core_msgs/msg/detail/analog_output_command__rosidl_typesupport_fastrtps_c.h
[3.605s] -- Up-to-date symlink: /home/mael/ros2_ws/install/baxter_core_msgs/include/baxter_core_msgs/baxter_core_msgs/msg/detail/assembly_state__rosidl_typesupport_fastrtps_c.h
[3.606s] -- Up-to-date symlink: /home/mael/ros2_ws/install/baxter_core_msgs/include/baxter_core_msgs/baxter_core_msgs/msg/detail/assembly_states__rosidl_typesupport_fastrtps_c.h
[3.606s] -- Up-to-date symlink: /home/mael/ros2_ws/install/baxter_core_msgs/include/baxter_core_msgs/baxter_core_msgs/msg/detail/bridge_publisher__rosidl_typesupport_fastrtps_c.h
[3.606s] -- Up-to-date symlink: /home/mael/ros2_ws/install/baxter_core_msgs/include/baxter_core_msgs/baxter_core_msgs/msg/detail/camera_control__rosidl_typesupport_fastrtps_c.h
[3.606s] -- Up-to-date symlink: /home/mael/ros2_ws/install/baxter_core_msgs/include/baxter_core_msgs/baxter_core_msgs/msg/detail/camera_settings__rosidl_typesupport_fastrtps_c.h
[3.606s] -- Up-to-date symlink: /home/mael/ros2_ws/install/baxter_core_msgs/include/baxter_core_msgs/baxter_core_msgs/msg/detail/collision_avoidance_state__rosidl_typesupport_fastrtps_c.h
[3.606s] -- Up-to-date symlink: /home/mael/ros2_ws/install/baxter_core_msgs/include/baxter_core_msgs/baxter_core_msgs/msg/detail/collision_detection_state__rosidl_typesupport_fastrtps_c.h
[3.607s] -- Up-to-date symlink: /home/mael/ros2_ws/install/baxter_core_msgs/include/baxter_core_msgs/baxter_core_msgs/msg/detail/digital_io_state__rosidl_typesupport_fastrtps_c.h
[3.607s] -- Up-to-date symlink: /home/mael/ros2_ws/install/baxter_core_msgs/include/baxter_core_msgs/baxter_core_msgs/msg/detail/digital_io_states__rosidl_typesupport_fastrtps_c.h
[3.607s] -- Up-to-date symlink: /home/mael/ros2_ws/install/baxter_core_msgs/include/baxter_core_msgs/baxter_core_msgs/msg/detail/digital_output_command__rosidl_typesupport_fastrtps_c.h
[3.607s] -- Up-to-date symlink: /home/mael/ros2_ws/install/baxter_core_msgs/include/baxter_core_msgs/baxter_core_msgs/msg/detail/end_effector_command__rosidl_typesupport_fastrtps_c.h
[3.607s] -- Up-to-date symlink: /home/mael/ros2_ws/install/baxter_core_msgs/include/baxter_core_msgs/baxter_core_msgs/msg/detail/end_effector_properties__rosidl_typesupport_fastrtps_c.h
[3.607s] -- Up-to-date symlink: /home/mael/ros2_ws/install/baxter_core_msgs/include/baxter_core_msgs/baxter_core_msgs/msg/detail/end_effector_state__rosidl_typesupport_fastrtps_c.h
[3.608s] -- Up-to-date symlink: /home/mael/ros2_ws/install/baxter_core_msgs/include/baxter_core_msgs/baxter_core_msgs/msg/detail/endpoint_state__rosidl_typesupport_fastrtps_c.h
[3.608s] -- Up-to-date symlink: /home/mael/ros2_ws/install/baxter_core_msgs/include/baxter_core_msgs/baxter_core_msgs/msg/detail/endpoint_states__rosidl_typesupport_fastrtps_c.h
[3.608s] -- Up-to-date symlink: /home/mael/ros2_ws/install/baxter_core_msgs/include/baxter_core_msgs/baxter_core_msgs/msg/detail/head_pan_command__rosidl_typesupport_fastrtps_c.h
[3.608s] -- Up-to-date symlink: /home/mael/ros2_ws/install/baxter_core_msgs/include/baxter_core_msgs/baxter_core_msgs/msg/detail/head_state__rosidl_typesupport_fastrtps_c.h
[3.608s] -- Up-to-date symlink: /home/mael/ros2_ws/install/baxter_core_msgs/include/baxter_core_msgs/baxter_core_msgs/msg/detail/joint_command__rosidl_typesupport_fastrtps_c.h
[3.608s] -- Up-to-date symlink: /home/mael/ros2_ws/install/baxter_core_msgs/include/baxter_core_msgs/baxter_core_msgs/msg/detail/navigator_state__rosidl_typesupport_fastrtps_c.h
[3.609s] -- Up-to-date symlink: /home/mael/ros2_ws/install/baxter_core_msgs/include/baxter_core_msgs/baxter_core_msgs/msg/detail/navigator_states__rosidl_typesupport_fastrtps_c.h
[3.609s] -- Up-to-date symlink: /home/mael/ros2_ws/install/baxter_core_msgs/include/baxter_core_msgs/baxter_core_msgs/msg/detail/robust_controller_status__rosidl_typesupport_fastrtps_c.h
[3.609s] -- Up-to-date symlink: /home/mael/ros2_ws/install/baxter_core_msgs/include/baxter_core_msgs/baxter_core_msgs/msg/detail/sea_joint_state__rosidl_typesupport_fastrtps_c.h
[3.609s] -- Up-to-date symlink: /home/mael/ros2_ws/install/baxter_core_msgs/include/baxter_core_msgs/baxter_core_msgs/msg/detail/urdf_configuration__rosidl_typesupport_fastrtps_c.h
[3.609s] -- Up-to-date symlink: /home/mael/ros2_ws/install/baxter_core_msgs/include/baxter_core_msgs/baxter_core_msgs/msg/rosidl_typesupport_fastrtps_c__visibility_control.h
[3.609s] -- Up-to-date symlink: /home/mael/ros2_ws/install/baxter_core_msgs/include/baxter_core_msgs/baxter_core_msgs/srv/detail/bridge_publishers_auth__rosidl_typesupport_fastrtps_c.h
[3.609s] -- Up-to-date symlink: /home/mael/ros2_ws/install/baxter_core_msgs/include/baxter_core_msgs/baxter_core_msgs/srv/detail/bridge_publishers_force__rosidl_typesupport_fastrtps_c.h
[3.610s] -- Up-to-date symlink: /home/mael/ros2_ws/install/baxter_core_msgs/include/baxter_core_msgs/baxter_core_msgs/srv/detail/close_camera__rosidl_typesupport_fastrtps_c.h
[3.610s] -- Up-to-date symlink: /home/mael/ros2_ws/install/baxter_core_msgs/include/baxter_core_msgs/baxter_core_msgs/srv/detail/list_cameras__rosidl_typesupport_fastrtps_c.h
[3.610s] -- Up-to-date symlink: /home/mael/ros2_ws/install/baxter_core_msgs/include/baxter_core_msgs/baxter_core_msgs/srv/detail/open_camera__rosidl_typesupport_fastrtps_c.h
[3.610s] -- Up-to-date symlink: /home/mael/ros2_ws/install/baxter_core_msgs/include/baxter_core_msgs/baxter_core_msgs/srv/detail/solve_position_ik__rosidl_typesupport_fastrtps_c.h
[3.612s] -- Up-to-date symlink: /home/mael/ros2_ws/install/baxter_core_msgs/include/baxter_core_msgs/baxter_core_msgs/msg/analog_io_state.hpp
[3.613s] -- Up-to-date symlink: /home/mael/ros2_ws/install/baxter_core_msgs/include/baxter_core_msgs/baxter_core_msgs/msg/analog_io_states.hpp
[3.613s] -- Up-to-date symlink: /home/mael/ros2_ws/install/baxter_core_msgs/include/baxter_core_msgs/baxter_core_msgs/msg/analog_output_command.hpp
[3.613s] -- Up-to-date symlink: /home/mael/ros2_ws/install/baxter_core_msgs/include/baxter_core_msgs/baxter_core_msgs/msg/assembly_state.hpp
[3.613s] -- Up-to-date symlink: /home/mael/ros2_ws/install/baxter_core_msgs/include/baxter_core_msgs/baxter_core_msgs/msg/assembly_states.hpp
[3.613s] -- Up-to-date symlink: /home/mael/ros2_ws/install/baxter_core_msgs/include/baxter_core_msgs/baxter_core_msgs/msg/bridge_publisher.hpp
[3.614s] -- Up-to-date symlink: /home/mael/ros2_ws/install/baxter_core_msgs/include/baxter_core_msgs/baxter_core_msgs/msg/camera_control.hpp
[3.614s] -- Up-to-date symlink: /home/mael/ros2_ws/install/baxter_core_msgs/include/baxter_core_msgs/baxter_core_msgs/msg/camera_settings.hpp
[3.614s] -- Up-to-date symlink: /home/mael/ros2_ws/install/baxter_core_msgs/include/baxter_core_msgs/baxter_core_msgs/msg/collision_avoidance_state.hpp
[3.614s] -- Up-to-date symlink: /home/mael/ros2_ws/install/baxter_core_msgs/include/baxter_core_msgs/baxter_core_msgs/msg/collision_detection_state.hpp
[3.614s] -- Up-to-date symlink: /home/mael/ros2_ws/install/baxter_core_msgs/include/baxter_core_msgs/baxter_core_msgs/msg/detail/analog_io_state__builder.hpp
[3.615s] -- Up-to-date symlink: /home/mael/ros2_ws/install/baxter_core_msgs/include/baxter_core_msgs/baxter_core_msgs/msg/detail/analog_io_state__struct.hpp
[3.615s] -- Up-to-date symlink: /home/mael/ros2_ws/install/baxter_core_msgs/include/baxter_core_msgs/baxter_core_msgs/msg/detail/analog_io_state__traits.hpp
[3.615s] -- Up-to-date symlink: /home/mael/ros2_ws/install/baxter_core_msgs/include/baxter_core_msgs/baxter_core_msgs/msg/detail/analog_io_states__builder.hpp
[3.616s] -- Up-to-date symlink: /home/mael/ros2_ws/install/baxter_core_msgs/include/baxter_core_msgs/baxter_core_msgs/msg/detail/analog_io_states__struct.hpp
[3.616s] -- Up-to-date symlink: /home/mael/ros2_ws/install/baxter_core_msgs/include/baxter_core_msgs/baxter_core_msgs/msg/detail/analog_io_states__traits.hpp
[3.616s] -- Up-to-date symlink: /home/mael/ros2_ws/install/baxter_core_msgs/include/baxter_core_msgs/baxter_core_msgs/msg/detail/analog_output_command__builder.hpp
[3.616s] -- Up-to-date symlink: /home/mael/ros2_ws/install/baxter_core_msgs/include/baxter_core_msgs/baxter_core_msgs/msg/detail/analog_output_command__struct.hpp
[3.616s] -- Up-to-date symlink: /home/mael/ros2_ws/install/baxter_core_msgs/include/baxter_core_msgs/baxter_core_msgs/msg/detail/analog_output_command__traits.hpp
[3.616s] -- Up-to-date symlink: /home/mael/ros2_ws/install/baxter_core_msgs/include/baxter_core_msgs/baxter_core_msgs/msg/detail/assembly_state__builder.hpp
[3.618s] -- Up-to-date symlink: /home/mael/ros2_ws/install/baxter_core_msgs/include/baxter_core_msgs/baxter_core_msgs/msg/detail/assembly_state__struct.hpp
[3.618s] -- Up-to-date symlink: /home/mael/ros2_ws/install/baxter_core_msgs/include/baxter_core_msgs/baxter_core_msgs/msg/detail/assembly_state__traits.hpp
[3.618s] -- Up-to-date symlink: /home/mael/ros2_ws/install/baxter_core_msgs/include/baxter_core_msgs/baxter_core_msgs/msg/detail/assembly_states__builder.hpp
[3.619s] -- Up-to-date symlink: /home/mael/ros2_ws/install/baxter_core_msgs/include/baxter_core_msgs/baxter_core_msgs/msg/detail/assembly_states__struct.hpp
[3.619s] -- Up-to-date symlink: /home/mael/ros2_ws/install/baxter_core_msgs/include/baxter_core_msgs/baxter_core_msgs/msg/detail/assembly_states__traits.hpp
[3.619s] -- Up-to-date symlink: /home/mael/ros2_ws/install/baxter_core_msgs/include/baxter_core_msgs/baxter_core_msgs/msg/detail/bridge_publisher__builder.hpp
[3.620s] -- Up-to-date symlink: /home/mael/ros2_ws/install/baxter_core_msgs/include/baxter_core_msgs/baxter_core_msgs/msg/detail/bridge_publisher__struct.hpp
[3.620s] -- Up-to-date symlink: /home/mael/ros2_ws/install/baxter_core_msgs/include/baxter_core_msgs/baxter_core_msgs/msg/detail/bridge_publisher__traits.hpp
[3.620s] -- Up-to-date symlink: /home/mael/ros2_ws/install/baxter_core_msgs/include/baxter_core_msgs/baxter_core_msgs/msg/detail/camera_control__builder.hpp
[3.621s] -- Up-to-date symlink: /home/mael/ros2_ws/install/baxter_core_msgs/include/baxter_core_msgs/baxter_core_msgs/msg/detail/camera_control__struct.hpp
[3.621s] -- Up-to-date symlink: /home/mael/ros2_ws/install/baxter_core_msgs/include/baxter_core_msgs/baxter_core_msgs/msg/detail/camera_control__traits.hpp
[3.621s] -- Up-to-date symlink: /home/mael/ros2_ws/install/baxter_core_msgs/include/baxter_core_msgs/baxter_core_msgs/msg/detail/camera_settings__builder.hpp
[3.621s] -- Up-to-date symlink: /home/mael/ros2_ws/install/baxter_core_msgs/include/baxter_core_msgs/baxter_core_msgs/msg/detail/camera_settings__struct.hpp
[3.621s] -- Up-to-date symlink: /home/mael/ros2_ws/install/baxter_core_msgs/include/baxter_core_msgs/baxter_core_msgs/msg/detail/camera_settings__traits.hpp
[3.622s] -- Up-to-date symlink: /home/mael/ros2_ws/install/baxter_core_msgs/include/baxter_core_msgs/baxter_core_msgs/msg/detail/collision_avoidance_state__builder.hpp
[3.622s] -- Up-to-date symlink: /home/mael/ros2_ws/install/baxter_core_msgs/include/baxter_core_msgs/baxter_core_msgs/msg/detail/collision_avoidance_state__struct.hpp
[3.622s] -- Up-to-date symlink: /home/mael/ros2_ws/install/baxter_core_msgs/include/baxter_core_msgs/baxter_core_msgs/msg/detail/collision_avoidance_state__traits.hpp
[3.623s] -- Up-to-date symlink: /home/mael/ros2_ws/install/baxter_core_msgs/include/baxter_core_msgs/baxter_core_msgs/msg/detail/collision_detection_state__builder.hpp
[3.623s] -- Up-to-date symlink: /home/mael/ros2_ws/install/baxter_core_msgs/include/baxter_core_msgs/baxter_core_msgs/msg/detail/collision_detection_state__struct.hpp
[3.623s] -- Up-to-date symlink: /home/mael/ros2_ws/install/baxter_core_msgs/include/baxter_core_msgs/baxter_core_msgs/msg/detail/collision_detection_state__traits.hpp
[3.623s] -- Up-to-date symlink: /home/mael/ros2_ws/install/baxter_core_msgs/include/baxter_core_msgs/baxter_core_msgs/msg/detail/digital_io_state__builder.hpp
[3.624s] -- Up-to-date symlink: /home/mael/ros2_ws/install/baxter_core_msgs/include/baxter_core_msgs/baxter_core_msgs/msg/detail/digital_io_state__struct.hpp
[3.624s] -- Up-to-date symlink: /home/mael/ros2_ws/install/baxter_core_msgs/include/baxter_core_msgs/baxter_core_msgs/msg/detail/digital_io_state__traits.hpp
[3.625s] -- Up-to-date symlink: /home/mael/ros2_ws/install/baxter_core_msgs/include/baxter_core_msgs/baxter_core_msgs/msg/detail/digital_io_states__builder.hpp
[3.625s] -- Up-to-date symlink: /home/mael/ros2_ws/install/baxter_core_msgs/include/baxter_core_msgs/baxter_core_msgs/msg/detail/digital_io_states__struct.hpp
[3.625s] -- Up-to-date symlink: /home/mael/ros2_ws/install/baxter_core_msgs/include/baxter_core_msgs/baxter_core_msgs/msg/detail/digital_io_states__traits.hpp
[3.625s] -- Up-to-date symlink: /home/mael/ros2_ws/install/baxter_core_msgs/include/baxter_core_msgs/baxter_core_msgs/msg/detail/digital_output_command__builder.hpp
[3.625s] -- Up-to-date symlink: /home/mael/ros2_ws/install/baxter_core_msgs/include/baxter_core_msgs/baxter_core_msgs/msg/detail/digital_output_command__struct.hpp
[3.625s] -- Up-to-date symlink: /home/mael/ros2_ws/install/baxter_core_msgs/include/baxter_core_msgs/baxter_core_msgs/msg/detail/digital_output_command__traits.hpp
[3.625s] -- Up-to-date symlink: /home/mael/ros2_ws/install/baxter_core_msgs/include/baxter_core_msgs/baxter_core_msgs/msg/detail/end_effector_command__builder.hpp
[3.626s] -- Up-to-date symlink: /home/mael/ros2_ws/install/baxter_core_msgs/include/baxter_core_msgs/baxter_core_msgs/msg/detail/end_effector_command__struct.hpp
[3.626s] -- Up-to-date symlink: /home/mael/ros2_ws/install/baxter_core_msgs/include/baxter_core_msgs/baxter_core_msgs/msg/detail/end_effector_command__traits.hpp
[3.626s] -- Up-to-date symlink: /home/mael/ros2_ws/install/baxter_core_msgs/include/baxter_core_msgs/baxter_core_msgs/msg/detail/end_effector_properties__builder.hpp
[3.626s] -- Up-to-date symlink: /home/mael/ros2_ws/install/baxter_core_msgs/include/baxter_core_msgs/baxter_core_msgs/msg/detail/end_effector_properties__struct.hpp
[3.626s] -- Up-to-date symlink: /home/mael/ros2_ws/install/baxter_core_msgs/include/baxter_core_msgs/baxter_core_msgs/msg/detail/end_effector_properties__traits.hpp
[3.626s] -- Up-to-date symlink: /home/mael/ros2_ws/install/baxter_core_msgs/include/baxter_core_msgs/baxter_core_msgs/msg/detail/end_effector_state__builder.hpp
[3.627s] -- Up-to-date symlink: /home/mael/ros2_ws/install/baxter_core_msgs/include/baxter_core_msgs/baxter_core_msgs/msg/detail/end_effector_state__struct.hpp
[3.627s] -- Up-to-date symlink: /home/mael/ros2_ws/install/baxter_core_msgs/include/baxter_core_msgs/baxter_core_msgs/msg/detail/end_effector_state__traits.hpp
[3.627s] -- Up-to-date symlink: /home/mael/ros2_ws/install/baxter_core_msgs/include/baxter_core_msgs/baxter_core_msgs/msg/detail/endpoint_state__builder.hpp
[3.627s] -- Up-to-date symlink: /home/mael/ros2_ws/install/baxter_core_msgs/include/baxter_core_msgs/baxter_core_msgs/msg/detail/endpoint_state__struct.hpp
[3.627s] -- Up-to-date symlink: /home/mael/ros2_ws/install/baxter_core_msgs/include/baxter_core_msgs/baxter_core_msgs/msg/detail/endpoint_state__traits.hpp
[3.627s] -- Up-to-date symlink: /home/mael/ros2_ws/install/baxter_core_msgs/include/baxter_core_msgs/baxter_core_msgs/msg/detail/endpoint_states__builder.hpp
[3.627s] -- Up-to-date symlink: /home/mael/ros2_ws/install/baxter_core_msgs/include/baxter_core_msgs/baxter_core_msgs/msg/detail/endpoint_states__struct.hpp
[3.627s] -- Up-to-date symlink: /home/mael/ros2_ws/install/baxter_core_msgs/include/baxter_core_msgs/baxter_core_msgs/msg/detail/endpoint_states__traits.hpp
[3.628s] -- Up-to-date symlink: /home/mael/ros2_ws/install/baxter_core_msgs/include/baxter_core_msgs/baxter_core_msgs/msg/detail/head_pan_command__builder.hpp
[3.628s] -- Up-to-date symlink: /home/mael/ros2_ws/install/baxter_core_msgs/include/baxter_core_msgs/baxter_core_msgs/msg/detail/head_pan_command__struct.hpp
[3.628s] -- Up-to-date symlink: /home/mael/ros2_ws/install/baxter_core_msgs/include/baxter_core_msgs/baxter_core_msgs/msg/detail/head_pan_command__traits.hpp
[3.628s] -- Up-to-date symlink: /home/mael/ros2_ws/install/baxter_core_msgs/include/baxter_core_msgs/baxter_core_msgs/msg/detail/head_state__builder.hpp
[3.629s] -- Up-to-date symlink: /home/mael/ros2_ws/install/baxter_core_msgs/include/baxter_core_msgs/baxter_core_msgs/msg/detail/head_state__struct.hpp
[3.635s] -- Up-to-date symlink: /home/mael/ros2_ws/install/baxter_core_msgs/include/baxter_core_msgs/baxter_core_msgs/msg/detail/head_state__traits.hpp
[3.636s] -- Up-to-date symlink: /home/mael/ros2_ws/install/baxter_core_msgs/include/baxter_core_msgs/baxter_core_msgs/msg/detail/joint_command__builder.hpp
[3.636s] -- Up-to-date symlink: /home/mael/ros2_ws/install/baxter_core_msgs/include/baxter_core_msgs/baxter_core_msgs/msg/detail/joint_command__struct.hpp
[3.636s] -- Up-to-date symlink: /home/mael/ros2_ws/install/baxter_core_msgs/include/baxter_core_msgs/baxter_core_msgs/msg/detail/joint_command__traits.hpp
[3.637s] -- Up-to-date symlink: /home/mael/ros2_ws/install/baxter_core_msgs/include/baxter_core_msgs/baxter_core_msgs/msg/detail/navigator_state__builder.hpp
[3.642s] -- Up-to-date symlink: /home/mael/ros2_ws/install/baxter_core_msgs/include/baxter_core_msgs/baxter_core_msgs/msg/detail/navigator_state__struct.hpp
[3.642s] -- Up-to-date symlink: /home/mael/ros2_ws/install/baxter_core_msgs/include/baxter_core_msgs/baxter_core_msgs/msg/detail/navigator_state__traits.hpp
[3.642s] -- Up-to-date symlink: /home/mael/ros2_ws/install/baxter_core_msgs/include/baxter_core_msgs/baxter_core_msgs/msg/detail/navigator_states__builder.hpp
[3.642s] -- Up-to-date symlink: /home/mael/ros2_ws/install/baxter_core_msgs/include/baxter_core_msgs/baxter_core_msgs/msg/detail/navigator_states__struct.hpp
[3.643s] -- Up-to-date symlink: /home/mael/ros2_ws/install/baxter_core_msgs/include/baxter_core_msgs/baxter_core_msgs/msg/detail/navigator_states__traits.hpp
[3.643s] -- Up-to-date symlink: /home/mael/ros2_ws/install/baxter_core_msgs/include/baxter_core_msgs/baxter_core_msgs/msg/detail/robust_controller_status__builder.hpp
[3.643s] -- Up-to-date symlink: /home/mael/ros2_ws/install/baxter_core_msgs/include/baxter_core_msgs/baxter_core_msgs/msg/detail/robust_controller_status__struct.hpp
[3.644s] -- Up-to-date symlink: /home/mael/ros2_ws/install/baxter_core_msgs/include/baxter_core_msgs/baxter_core_msgs/msg/detail/robust_controller_status__traits.hpp
[3.645s] -- Up-to-date symlink: /home/mael/ros2_ws/install/baxter_core_msgs/include/baxter_core_msgs/baxter_core_msgs/msg/detail/sea_joint_state__builder.hpp
[3.645s] -- Up-to-date symlink: /home/mael/ros2_ws/install/baxter_core_msgs/include/baxter_core_msgs/baxter_core_msgs/msg/detail/sea_joint_state__struct.hpp
[3.645s] -- Up-to-date symlink: /home/mael/ros2_ws/install/baxter_core_msgs/include/baxter_core_msgs/baxter_core_msgs/msg/detail/sea_joint_state__traits.hpp
[3.645s] -- Up-to-date symlink: /home/mael/ros2_ws/install/baxter_core_msgs/include/baxter_core_msgs/baxter_core_msgs/msg/detail/urdf_configuration__builder.hpp
[3.645s] -- Up-to-date symlink: /home/mael/ros2_ws/install/baxter_core_msgs/include/baxter_core_msgs/baxter_core_msgs/msg/detail/urdf_configuration__struct.hpp
[3.645s] -- Up-to-date symlink: /home/mael/ros2_ws/install/baxter_core_msgs/include/baxter_core_msgs/baxter_core_msgs/msg/detail/urdf_configuration__traits.hpp
[3.649s] -- Up-to-date symlink: /home/mael/ros2_ws/install/baxter_core_msgs/include/baxter_core_msgs/baxter_core_msgs/msg/digital_io_state.hpp
[3.650s] -- Up-to-date symlink: /home/mael/ros2_ws/install/baxter_core_msgs/include/baxter_core_msgs/baxter_core_msgs/msg/digital_io_states.hpp
[3.650s] -- Up-to-date symlink: /home/mael/ros2_ws/install/baxter_core_msgs/include/baxter_core_msgs/baxter_core_msgs/msg/digital_output_command.hpp
[3.650s] -- Up-to-date symlink: /home/mael/ros2_ws/install/baxter_core_msgs/include/baxter_core_msgs/baxter_core_msgs/msg/end_effector_command.hpp
[3.650s] -- Up-to-date symlink: /home/mael/ros2_ws/install/baxter_core_msgs/include/baxter_core_msgs/baxter_core_msgs/msg/end_effector_properties.hpp
[3.650s] -- Up-to-date symlink: /home/mael/ros2_ws/install/baxter_core_msgs/include/baxter_core_msgs/baxter_core_msgs/msg/end_effector_state.hpp
[3.650s] -- Up-to-date symlink: /home/mael/ros2_ws/install/baxter_core_msgs/include/baxter_core_msgs/baxter_core_msgs/msg/endpoint_state.hpp
[3.650s] -- Up-to-date symlink: /home/mael/ros2_ws/install/baxter_core_msgs/include/baxter_core_msgs/baxter_core_msgs/msg/endpoint_states.hpp
[3.650s] -- Up-to-date symlink: /home/mael/ros2_ws/install/baxter_core_msgs/include/baxter_core_msgs/baxter_core_msgs/msg/head_pan_command.hpp
[3.650s] -- Up-to-date symlink: /home/mael/ros2_ws/install/baxter_core_msgs/include/baxter_core_msgs/baxter_core_msgs/msg/head_state.hpp
[3.651s] -- Up-to-date symlink: /home/mael/ros2_ws/install/baxter_core_msgs/include/baxter_core_msgs/baxter_core_msgs/msg/joint_command.hpp
[3.651s] -- Up-to-date symlink: /home/mael/ros2_ws/install/baxter_core_msgs/include/baxter_core_msgs/baxter_core_msgs/msg/navigator_state.hpp
[3.651s] -- Up-to-date symlink: /home/mael/ros2_ws/install/baxter_core_msgs/include/baxter_core_msgs/baxter_core_msgs/msg/navigator_states.hpp
[3.651s] -- Up-to-date symlink: /home/mael/ros2_ws/install/baxter_core_msgs/include/baxter_core_msgs/baxter_core_msgs/msg/robust_controller_status.hpp
[3.651s] -- Up-to-date symlink: /home/mael/ros2_ws/install/baxter_core_msgs/include/baxter_core_msgs/baxter_core_msgs/msg/sea_joint_state.hpp
[3.651s] -- Up-to-date symlink: /home/mael/ros2_ws/install/baxter_core_msgs/include/baxter_core_msgs/baxter_core_msgs/msg/urdf_configuration.hpp
[3.651s] -- Up-to-date symlink: /home/mael/ros2_ws/install/baxter_core_msgs/include/baxter_core_msgs/baxter_core_msgs/srv/bridge_publishers_auth.hpp
[3.651s] -- Up-to-date symlink: /home/mael/ros2_ws/install/baxter_core_msgs/include/baxter_core_msgs/baxter_core_msgs/srv/bridge_publishers_force.hpp
[3.652s] -- Up-to-date symlink: /home/mael/ros2_ws/install/baxter_core_msgs/include/baxter_core_msgs/baxter_core_msgs/srv/close_camera.hpp
[3.652s] -- Up-to-date symlink: /home/mael/ros2_ws/install/baxter_core_msgs/include/baxter_core_msgs/baxter_core_msgs/srv/detail/bridge_publishers_auth__builder.hpp
[3.652s] -- Up-to-date symlink: /home/mael/ros2_ws/install/baxter_core_msgs/include/baxter_core_msgs/baxter_core_msgs/srv/detail/bridge_publishers_auth__struct.hpp
[3.652s] -- Up-to-date symlink: /home/mael/ros2_ws/install/baxter_core_msgs/include/baxter_core_msgs/baxter_core_msgs/srv/detail/bridge_publishers_auth__traits.hpp
[3.652s] -- Up-to-date symlink: /home/mael/ros2_ws/install/baxter_core_msgs/include/baxter_core_msgs/baxter_core_msgs/srv/detail/bridge_publishers_force__builder.hpp
[3.653s] -- Up-to-date symlink: /home/mael/ros2_ws/install/baxter_core_msgs/include/baxter_core_msgs/baxter_core_msgs/srv/detail/bridge_publishers_force__struct.hpp
[3.653s] -- Up-to-date symlink: /home/mael/ros2_ws/install/baxter_core_msgs/include/baxter_core_msgs/baxter_core_msgs/srv/detail/bridge_publishers_force__traits.hpp
[3.653s] -- Up-to-date symlink: /home/mael/ros2_ws/install/baxter_core_msgs/include/baxter_core_msgs/baxter_core_msgs/srv/detail/close_camera__builder.hpp
[3.653s] -- Up-to-date symlink: /home/mael/ros2_ws/install/baxter_core_msgs/include/baxter_core_msgs/baxter_core_msgs/srv/detail/close_camera__struct.hpp
[3.653s] -- Up-to-date symlink: /home/mael/ros2_ws/install/baxter_core_msgs/include/baxter_core_msgs/baxter_core_msgs/srv/detail/close_camera__traits.hpp
[3.653s] -- Up-to-date symlink: /home/mael/ros2_ws/install/baxter_core_msgs/include/baxter_core_msgs/baxter_core_msgs/srv/detail/list_cameras__builder.hpp
[3.654s] -- Up-to-date symlink: /home/mael/ros2_ws/install/baxter_core_msgs/include/baxter_core_msgs/baxter_core_msgs/srv/detail/list_cameras__struct.hpp
[3.654s] -- Up-to-date symlink: /home/mael/ros2_ws/install/baxter_core_msgs/include/baxter_core_msgs/baxter_core_msgs/srv/detail/list_cameras__traits.hpp
[3.654s] -- Up-to-date symlink: /home/mael/ros2_ws/install/baxter_core_msgs/include/baxter_core_msgs/baxter_core_msgs/srv/detail/open_camera__builder.hpp
[3.658s] -- Up-to-date symlink: /home/mael/ros2_ws/install/baxter_core_msgs/include/baxter_core_msgs/baxter_core_msgs/srv/detail/open_camera__struct.hpp
[3.658s] -- Up-to-date symlink: /home/mael/ros2_ws/install/baxter_core_msgs/include/baxter_core_msgs/baxter_core_msgs/srv/detail/open_camera__traits.hpp
[3.659s] -- Up-to-date symlink: /home/mael/ros2_ws/install/baxter_core_msgs/include/baxter_core_msgs/baxter_core_msgs/srv/detail/solve_position_ik__builder.hpp
[3.659s] -- Up-to-date symlink: /home/mael/ros2_ws/install/baxter_core_msgs/include/baxter_core_msgs/baxter_core_msgs/srv/detail/solve_position_ik__struct.hpp
[3.659s] -- Up-to-date symlink: /home/mael/ros2_ws/install/baxter_core_msgs/include/baxter_core_msgs/baxter_core_msgs/srv/detail/solve_position_ik__traits.hpp
[3.659s] -- Up-to-date symlink: /home/mael/ros2_ws/install/baxter_core_msgs/include/baxter_core_msgs/baxter_core_msgs/srv/list_cameras.hpp
[3.659s] -- Up-to-date symlink: /home/mael/ros2_ws/install/baxter_core_msgs/include/baxter_core_msgs/baxter_core_msgs/srv/open_camera.hpp
[3.659s] -- Up-to-date symlink: /home/mael/ros2_ws/install/baxter_core_msgs/include/baxter_core_msgs/baxter_core_msgs/srv/solve_position_ik.hpp
[3.660s] -- Up-to-date symlink: /home/mael/ros2_ws/install/baxter_core_msgs/include/baxter_core_msgs/baxter_core_msgs/msg/detail/analog_io_state__rosidl_typesupport_fastrtps_cpp.hpp
[3.660s] -- Up-to-date symlink: /home/mael/ros2_ws/install/baxter_core_msgs/include/baxter_core_msgs/baxter_core_msgs/msg/detail/analog_io_states__rosidl_typesupport_fastrtps_cpp.hpp
[3.660s] -- Up-to-date symlink: /home/mael/ros2_ws/install/baxter_core_msgs/include/baxter_core_msgs/baxter_core_msgs/msg/detail/analog_output_command__rosidl_typesupport_fastrtps_cpp.hpp
[3.660s] -- Up-to-date symlink: /home/mael/ros2_ws/install/baxter_core_msgs/include/baxter_core_msgs/baxter_core_msgs/msg/detail/assembly_state__rosidl_typesupport_fastrtps_cpp.hpp
[3.660s] -- Up-to-date symlink: /home/mael/ros2_ws/install/baxter_core_msgs/include/baxter_core_msgs/baxter_core_msgs/msg/detail/assembly_states__rosidl_typesupport_fastrtps_cpp.hpp
[3.660s] -- Up-to-date symlink: /home/mael/ros2_ws/install/baxter_core_msgs/include/baxter_core_msgs/baxter_core_msgs/msg/detail/bridge_publisher__rosidl_typesupport_fastrtps_cpp.hpp
[3.660s] -- Up-to-date symlink: /home/mael/ros2_ws/install/baxter_core_msgs/include/baxter_core_msgs/baxter_core_msgs/msg/detail/camera_control__rosidl_typesupport_fastrtps_cpp.hpp
[3.663s] -- Up-to-date symlink: /home/mael/ros2_ws/install/baxter_core_msgs/include/baxter_core_msgs/baxter_core_msgs/msg/detail/camera_settings__rosidl_typesupport_fastrtps_cpp.hpp
[3.664s] -- Up-to-date symlink: /home/mael/ros2_ws/install/baxter_core_msgs/include/baxter_core_msgs/baxter_core_msgs/msg/detail/collision_avoidance_state__rosidl_typesupport_fastrtps_cpp.hpp
[3.664s] -- Up-to-date symlink: /home/mael/ros2_ws/install/baxter_core_msgs/include/baxter_core_msgs/baxter_core_msgs/msg/detail/collision_detection_state__rosidl_typesupport_fastrtps_cpp.hpp
[3.664s] -- Up-to-date symlink: /home/mael/ros2_ws/install/baxter_core_msgs/include/baxter_core_msgs/baxter_core_msgs/msg/detail/digital_io_state__rosidl_typesupport_fastrtps_cpp.hpp
[3.664s] -- Up-to-date symlink: /home/mael/ros2_ws/install/baxter_core_msgs/include/baxter_core_msgs/baxter_core_msgs/msg/detail/digital_io_states__rosidl_typesupport_fastrtps_cpp.hpp
[3.664s] -- Up-to-date symlink: /home/mael/ros2_ws/install/baxter_core_msgs/include/baxter_core_msgs/baxter_core_msgs/msg/detail/digital_output_command__rosidl_typesupport_fastrtps_cpp.hpp
[3.665s] -- Up-to-date symlink: /home/mael/ros2_ws/install/baxter_core_msgs/include/baxter_core_msgs/baxter_core_msgs/msg/detail/end_effector_command__rosidl_typesupport_fastrtps_cpp.hpp
[3.665s] -- Up-to-date symlink: /home/mael/ros2_ws/install/baxter_core_msgs/include/baxter_core_msgs/baxter_core_msgs/msg/detail/end_effector_properties__rosidl_typesupport_fastrtps_cpp.hpp
[3.665s] -- Up-to-date symlink: /home/mael/ros2_ws/install/baxter_core_msgs/include/baxter_core_msgs/baxter_core_msgs/msg/detail/end_effector_state__rosidl_typesupport_fastrtps_cpp.hpp
[3.665s] -- Up-to-date symlink: /home/mael/ros2_ws/install/baxter_core_msgs/include/baxter_core_msgs/baxter_core_msgs/msg/detail/endpoint_state__rosidl_typesupport_fastrtps_cpp.hpp
[3.665s] -- Up-to-date symlink: /home/mael/ros2_ws/install/baxter_core_msgs/include/baxter_core_msgs/baxter_core_msgs/msg/detail/endpoint_states__rosidl_typesupport_fastrtps_cpp.hpp
[3.665s] -- Up-to-date symlink: /home/mael/ros2_ws/install/baxter_core_msgs/include/baxter_core_msgs/baxter_core_msgs/msg/detail/head_pan_command__rosidl_typesupport_fastrtps_cpp.hpp
[3.665s] -- Up-to-date symlink: /home/mael/ros2_ws/install/baxter_core_msgs/include/baxter_core_msgs/baxter_core_msgs/msg/detail/head_state__rosidl_typesupport_fastrtps_cpp.hpp
[3.665s] -- Up-to-date symlink: /home/mael/ros2_ws/install/baxter_core_msgs/include/baxter_core_msgs/baxter_core_msgs/msg/detail/joint_command__rosidl_typesupport_fastrtps_cpp.hpp
[3.666s] -- Up-to-date symlink: /home/mael/ros2_ws/install/baxter_core_msgs/include/baxter_core_msgs/baxter_core_msgs/msg/detail/navigator_state__rosidl_typesupport_fastrtps_cpp.hpp
[3.666s] -- Up-to-date symlink: /home/mael/ros2_ws/install/baxter_core_msgs/include/baxter_core_msgs/baxter_core_msgs/msg/detail/navigator_states__rosidl_typesupport_fastrtps_cpp.hpp
[3.666s] -- Up-to-date symlink: /home/mael/ros2_ws/install/baxter_core_msgs/include/baxter_core_msgs/baxter_core_msgs/msg/detail/robust_controller_status__rosidl_typesupport_fastrtps_cpp.hpp
[3.666s] -- Up-to-date symlink: /home/mael/ros2_ws/install/baxter_core_msgs/include/baxter_core_msgs/baxter_core_msgs/msg/detail/sea_joint_state__rosidl_typesupport_fastrtps_cpp.hpp
[3.666s] -- Up-to-date symlink: /home/mael/ros2_ws/install/baxter_core_msgs/include/baxter_core_msgs/baxter_core_msgs/msg/detail/urdf_configuration__rosidl_typesupport_fastrtps_cpp.hpp
[3.666s] -- Up-to-date symlink: /home/mael/ros2_ws/install/baxter_core_msgs/include/baxter_core_msgs/baxter_core_msgs/msg/rosidl_typesupport_fastrtps_cpp__visibility_control.h
[3.666s] -- Up-to-date symlink: /home/mael/ros2_ws/install/baxter_core_msgs/include/baxter_core_msgs/baxter_core_msgs/srv/detail/bridge_publishers_auth__rosidl_typesupport_fastrtps_cpp.hpp
[3.666s] -- Up-to-date symlink: /home/mael/ros2_ws/install/baxter_core_msgs/include/baxter_core_msgs/baxter_core_msgs/srv/detail/bridge_publishers_force__rosidl_typesupport_fastrtps_cpp.hpp
[3.666s] -- Up-to-date symlink: /home/mael/ros2_ws/install/baxter_core_msgs/include/baxter_core_msgs/baxter_core_msgs/srv/detail/close_camera__rosidl_typesupport_fastrtps_cpp.hpp
[3.667s] -- Up-to-date symlink: /home/mael/ros2_ws/install/baxter_core_msgs/include/baxter_core_msgs/baxter_core_msgs/srv/detail/list_cameras__rosidl_typesupport_fastrtps_cpp.hpp
[3.667s] -- Up-to-date symlink: /home/mael/ros2_ws/install/baxter_core_msgs/include/baxter_core_msgs/baxter_core_msgs/srv/detail/open_camera__rosidl_typesupport_fastrtps_cpp.hpp
[3.667s] -- Up-to-date symlink: /home/mael/ros2_ws/install/baxter_core_msgs/include/baxter_core_msgs/baxter_core_msgs/srv/detail/solve_position_ik__rosidl_typesupport_fastrtps_cpp.hpp
[3.667s] -- Up-to-date symlink: /home/mael/ros2_ws/install/baxter_core_msgs/include/baxter_core_msgs/baxter_core_msgs/msg/detail/analog_io_state__rosidl_typesupport_introspection_c.h
[3.667s] -- Up-to-date symlink: /home/mael/ros2_ws/install/baxter_core_msgs/include/baxter_core_msgs/baxter_core_msgs/msg/detail/analog_io_states__rosidl_typesupport_introspection_c.h
[3.667s] -- Up-to-date symlink: /home/mael/ros2_ws/install/baxter_core_msgs/include/baxter_core_msgs/baxter_core_msgs/msg/detail/analog_output_command__rosidl_typesupport_introspection_c.h
[3.667s] -- Up-to-date symlink: /home/mael/ros2_ws/install/baxter_core_msgs/include/baxter_core_msgs/baxter_core_msgs/msg/detail/assembly_state__rosidl_typesupport_introspection_c.h
[3.667s] -- Up-to-date symlink: /home/mael/ros2_ws/install/baxter_core_msgs/include/baxter_core_msgs/baxter_core_msgs/msg/detail/assembly_states__rosidl_typesupport_introspection_c.h
[3.667s] -- Up-to-date symlink: /home/mael/ros2_ws/install/baxter_core_msgs/include/baxter_core_msgs/baxter_core_msgs/msg/detail/bridge_publisher__rosidl_typesupport_introspection_c.h
[3.668s] -- Up-to-date symlink: /home/mael/ros2_ws/install/baxter_core_msgs/include/baxter_core_msgs/baxter_core_msgs/msg/detail/camera_control__rosidl_typesupport_introspection_c.h
[3.668s] -- Up-to-date symlink: /home/mael/ros2_ws/install/baxter_core_msgs/include/baxter_core_msgs/baxter_core_msgs/msg/detail/camera_settings__rosidl_typesupport_introspection_c.h
[3.668s] -- Up-to-date symlink: /home/mael/ros2_ws/install/baxter_core_msgs/include/baxter_core_msgs/baxter_core_msgs/msg/detail/collision_avoidance_state__rosidl_typesupport_introspection_c.h
[3.668s] -- Up-to-date symlink: /home/mael/ros2_ws/install/baxter_core_msgs/include/baxter_core_msgs/baxter_core_msgs/msg/detail/collision_detection_state__rosidl_typesupport_introspection_c.h
[3.668s] -- Up-to-date symlink: /home/mael/ros2_ws/install/baxter_core_msgs/include/baxter_core_msgs/baxter_core_msgs/msg/detail/digital_io_state__rosidl_typesupport_introspection_c.h
[3.669s] -- Up-to-date symlink: /home/mael/ros2_ws/install/baxter_core_msgs/include/baxter_core_msgs/baxter_core_msgs/msg/detail/digital_io_states__rosidl_typesupport_introspection_c.h
[3.669s] -- Up-to-date symlink: /home/mael/ros2_ws/install/baxter_core_msgs/include/baxter_core_msgs/baxter_core_msgs/msg/detail/digital_output_command__rosidl_typesupport_introspection_c.h
[3.669s] -- Up-to-date symlink: /home/mael/ros2_ws/install/baxter_core_msgs/include/baxter_core_msgs/baxter_core_msgs/msg/detail/end_effector_command__rosidl_typesupport_introspection_c.h
[3.670s] -- Up-to-date symlink: /home/mael/ros2_ws/install/baxter_core_msgs/include/baxter_core_msgs/baxter_core_msgs/msg/detail/end_effector_properties__rosidl_typesupport_introspection_c.h
[3.670s] -- Up-to-date symlink: /home/mael/ros2_ws/install/baxter_core_msgs/include/baxter_core_msgs/baxter_core_msgs/msg/detail/end_effector_state__rosidl_typesupport_introspection_c.h
[3.670s] -- Up-to-date symlink: /home/mael/ros2_ws/install/baxter_core_msgs/include/baxter_core_msgs/baxter_core_msgs/msg/detail/endpoint_state__rosidl_typesupport_introspection_c.h
[3.670s] -- Up-to-date symlink: /home/mael/ros2_ws/install/baxter_core_msgs/include/baxter_core_msgs/baxter_core_msgs/msg/detail/endpoint_states__rosidl_typesupport_introspection_c.h
[3.670s] -- Up-to-date symlink: /home/mael/ros2_ws/install/baxter_core_msgs/include/baxter_core_msgs/baxter_core_msgs/msg/detail/head_pan_command__rosidl_typesupport_introspection_c.h
[3.670s] -- Up-to-date symlink: /home/mael/ros2_ws/install/baxter_core_msgs/include/baxter_core_msgs/baxter_core_msgs/msg/detail/head_state__rosidl_typesupport_introspection_c.h
[3.670s] -- Up-to-date symlink: /home/mael/ros2_ws/install/baxter_core_msgs/include/baxter_core_msgs/baxter_core_msgs/msg/detail/joint_command__rosidl_typesupport_introspection_c.h
[3.671s] -- Up-to-date symlink: /home/mael/ros2_ws/install/baxter_core_msgs/include/baxter_core_msgs/baxter_core_msgs/msg/detail/navigator_state__rosidl_typesupport_introspection_c.h
[3.671s] -- Up-to-date symlink: /home/mael/ros2_ws/install/baxter_core_msgs/include/baxter_core_msgs/baxter_core_msgs/msg/detail/navigator_states__rosidl_typesupport_introspection_c.h
[3.671s] -- Up-to-date symlink: /home/mael/ros2_ws/install/baxter_core_msgs/include/baxter_core_msgs/baxter_core_msgs/msg/detail/robust_controller_status__rosidl_typesupport_introspection_c.h
[3.671s] -- Up-to-date symlink: /home/mael/ros2_ws/install/baxter_core_msgs/include/baxter_core_msgs/baxter_core_msgs/msg/detail/sea_joint_state__rosidl_typesupport_introspection_c.h
[3.671s] -- Up-to-date symlink: /home/mael/ros2_ws/install/baxter_core_msgs/include/baxter_core_msgs/baxter_core_msgs/msg/detail/urdf_configuration__rosidl_typesupport_introspection_c.h
[3.671s] -- Up-to-date symlink: /home/mael/ros2_ws/install/baxter_core_msgs/include/baxter_core_msgs/baxter_core_msgs/msg/rosidl_typesupport_introspection_c__visibility_control.h
[3.671s] -- Up-to-date symlink: /home/mael/ros2_ws/install/baxter_core_msgs/include/baxter_core_msgs/baxter_core_msgs/srv/detail/bridge_publishers_auth__rosidl_typesupport_introspection_c.h
[3.671s] -- Up-to-date symlink: /home/mael/ros2_ws/install/baxter_core_msgs/include/baxter_core_msgs/baxter_core_msgs/srv/detail/bridge_publishers_force__rosidl_typesupport_introspection_c.h
[3.672s] -- Up-to-date symlink: /home/mael/ros2_ws/install/baxter_core_msgs/include/baxter_core_msgs/baxter_core_msgs/srv/detail/close_camera__rosidl_typesupport_introspection_c.h
[3.672s] -- Up-to-date symlink: /home/mael/ros2_ws/install/baxter_core_msgs/include/baxter_core_msgs/baxter_core_msgs/srv/detail/list_cameras__rosidl_typesupport_introspection_c.h
[3.672s] -- Up-to-date symlink: /home/mael/ros2_ws/install/baxter_core_msgs/include/baxter_core_msgs/baxter_core_msgs/srv/detail/open_camera__rosidl_typesupport_introspection_c.h
[3.672s] -- Up-to-date symlink: /home/mael/ros2_ws/install/baxter_core_msgs/include/baxter_core_msgs/baxter_core_msgs/srv/detail/solve_position_ik__rosidl_typesupport_introspection_c.h
[3.672s] -- Up-to-date symlink: /home/mael/ros2_ws/install/baxter_core_msgs/include/baxter_core_msgs/baxter_core_msgs/msg/detail/analog_io_state__rosidl_typesupport_introspection_cpp.hpp
[3.672s] -- Up-to-date symlink: /home/mael/ros2_ws/install/baxter_core_msgs/include/baxter_core_msgs/baxter_core_msgs/msg/detail/analog_io_states__rosidl_typesupport_introspection_cpp.hpp
[3.672s] -- Up-to-date symlink: /home/mael/ros2_ws/install/baxter_core_msgs/include/baxter_core_msgs/baxter_core_msgs/msg/detail/analog_output_command__rosidl_typesupport_introspection_cpp.hpp
[3.673s] -- Up-to-date symlink: /home/mael/ros2_ws/install/baxter_core_msgs/include/baxter_core_msgs/baxter_core_msgs/msg/detail/assembly_state__rosidl_typesupport_introspection_cpp.hpp
[3.673s] -- Up-to-date symlink: /home/mael/ros2_ws/install/baxter_core_msgs/include/baxter_core_msgs/baxter_core_msgs/msg/detail/assembly_states__rosidl_typesupport_introspection_cpp.hpp
[3.673s] -- Up-to-date symlink: /home/mael/ros2_ws/install/baxter_core_msgs/include/baxter_core_msgs/baxter_core_msgs/msg/detail/bridge_publisher__rosidl_typesupport_introspection_cpp.hpp
[3.674s] -- Up-to-date symlink: /home/mael/ros2_ws/install/baxter_core_msgs/include/baxter_core_msgs/baxter_core_msgs/msg/detail/camera_control__rosidl_typesupport_introspection_cpp.hpp
[3.674s] -- Up-to-date symlink: /home/mael/ros2_ws/install/baxter_core_msgs/include/baxter_core_msgs/baxter_core_msgs/msg/detail/camera_settings__rosidl_typesupport_introspection_cpp.hpp
[3.674s] -- Up-to-date symlink: /home/mael/ros2_ws/install/baxter_core_msgs/include/baxter_core_msgs/baxter_core_msgs/msg/detail/collision_avoidance_state__rosidl_typesupport_introspection_cpp.hpp
[3.674s] -- Up-to-date symlink: /home/mael/ros2_ws/install/baxter_core_msgs/include/baxter_core_msgs/baxter_core_msgs/msg/detail/collision_detection_state__rosidl_typesupport_introspection_cpp.hpp
[3.674s] -- Up-to-date symlink: /home/mael/ros2_ws/install/baxter_core_msgs/include/baxter_core_msgs/baxter_core_msgs/msg/detail/digital_io_state__rosidl_typesupport_introspection_cpp.hpp
[3.674s] -- Up-to-date symlink: /home/mael/ros2_ws/install/baxter_core_msgs/include/baxter_core_msgs/baxter_core_msgs/msg/detail/digital_io_states__rosidl_typesupport_introspection_cpp.hpp
[3.674s] -- Up-to-date symlink: /home/mael/ros2_ws/install/baxter_core_msgs/include/baxter_core_msgs/baxter_core_msgs/msg/detail/digital_output_command__rosidl_typesupport_introspection_cpp.hpp
[3.674s] -- Up-to-date symlink: /home/mael/ros2_ws/install/baxter_core_msgs/include/baxter_core_msgs/baxter_core_msgs/msg/detail/end_effector_command__rosidl_typesupport_introspection_cpp.hpp
[3.675s] -- Up-to-date symlink: /home/mael/ros2_ws/install/baxter_core_msgs/include/baxter_core_msgs/baxter_core_msgs/msg/detail/end_effector_properties__rosidl_typesupport_introspection_cpp.hpp
[3.675s] -- Up-to-date symlink: /home/mael/ros2_ws/install/baxter_core_msgs/include/baxter_core_msgs/baxter_core_msgs/msg/detail/end_effector_state__rosidl_typesupport_introspection_cpp.hpp
[3.675s] -- Up-to-date symlink: /home/mael/ros2_ws/install/baxter_core_msgs/include/baxter_core_msgs/baxter_core_msgs/msg/detail/endpoint_state__rosidl_typesupport_introspection_cpp.hpp
[3.675s] -- Up-to-date symlink: /home/mael/ros2_ws/install/baxter_core_msgs/include/baxter_core_msgs/baxter_core_msgs/msg/detail/endpoint_states__rosidl_typesupport_introspection_cpp.hpp
[3.675s] -- Up-to-date symlink: /home/mael/ros2_ws/install/baxter_core_msgs/include/baxter_core_msgs/baxter_core_msgs/msg/detail/head_pan_command__rosidl_typesupport_introspection_cpp.hpp
[3.675s] -- Up-to-date symlink: /home/mael/ros2_ws/install/baxter_core_msgs/include/baxter_core_msgs/baxter_core_msgs/msg/detail/head_state__rosidl_typesupport_introspection_cpp.hpp
[3.675s] -- Up-to-date symlink: /home/mael/ros2_ws/install/baxter_core_msgs/include/baxter_core_msgs/baxter_core_msgs/msg/detail/joint_command__rosidl_typesupport_introspection_cpp.hpp
[3.675s] -- Up-to-date symlink: /home/mael/ros2_ws/install/baxter_core_msgs/include/baxter_core_msgs/baxter_core_msgs/msg/detail/navigator_state__rosidl_typesupport_introspection_cpp.hpp
[3.676s] -- Up-to-date symlink: /home/mael/ros2_ws/install/baxter_core_msgs/include/baxter_core_msgs/baxter_core_msgs/msg/detail/navigator_states__rosidl_typesupport_introspection_cpp.hpp
[3.676s] -- Up-to-date symlink: /home/mael/ros2_ws/install/baxter_core_msgs/include/baxter_core_msgs/baxter_core_msgs/msg/detail/robust_controller_status__rosidl_typesupport_introspection_cpp.hpp
[3.676s] -- Up-to-date symlink: /home/mael/ros2_ws/install/baxter_core_msgs/include/baxter_core_msgs/baxter_core_msgs/msg/detail/sea_joint_state__rosidl_typesupport_introspection_cpp.hpp
[3.676s] -- Up-to-date symlink: /home/mael/ros2_ws/install/baxter_core_msgs/include/baxter_core_msgs/baxter_core_msgs/msg/detail/urdf_configuration__rosidl_typesupport_introspection_cpp.hpp
[3.676s] -- Up-to-date symlink: /home/mael/ros2_ws/install/baxter_core_msgs/include/baxter_core_msgs/baxter_core_msgs/srv/detail/bridge_publishers_auth__rosidl_typesupport_introspection_cpp.hpp
[3.677s] -- Up-to-date symlink: /home/mael/ros2_ws/install/baxter_core_msgs/include/baxter_core_msgs/baxter_core_msgs/srv/detail/bridge_publishers_force__rosidl_typesupport_introspection_cpp.hpp
[3.677s] -- Up-to-date symlink: /home/mael/ros2_ws/install/baxter_core_msgs/include/baxter_core_msgs/baxter_core_msgs/srv/detail/close_camera__rosidl_typesupport_introspection_cpp.hpp
[3.677s] -- Up-to-date symlink: /home/mael/ros2_ws/install/baxter_core_msgs/include/baxter_core_msgs/baxter_core_msgs/srv/detail/list_cameras__rosidl_typesupport_introspection_cpp.hpp
[3.677s] -- Up-to-date symlink: /home/mael/ros2_ws/install/baxter_core_msgs/include/baxter_core_msgs/baxter_core_msgs/srv/detail/open_camera__rosidl_typesupport_introspection_cpp.hpp
[3.677s] -- Up-to-date symlink: /home/mael/ros2_ws/install/baxter_core_msgs/include/baxter_core_msgs/baxter_core_msgs/srv/detail/solve_position_ik__rosidl_typesupport_introspection_cpp.hpp
[3.677s] -- Up-to-date symlink: /home/mael/ros2_ws/install/baxter_core_msgs/share/baxter_core_msgs/environment/pythonpath.sh
[3.677s] -- Up-to-date symlink: /home/mael/ros2_ws/install/baxter_core_msgs/share/baxter_core_msgs/environment/pythonpath.dsv
[3.677s] -- Up-to-date symlink: /home/mael/ros2_ws/install/baxter_core_msgs/local/lib/python3.10/dist-packages/baxter_core_msgs-1.3.0-py3.10.egg-info/PKG-INFO
[3.678s] -- Up-to-date symlink: /home/mael/ros2_ws/install/baxter_core_msgs/local/lib/python3.10/dist-packages/baxter_core_msgs-1.3.0-py3.10.egg-info/SOURCES.txt
[3.678s] -- Up-to-date symlink: /home/mael/ros2_ws/install/baxter_core_msgs/local/lib/python3.10/dist-packages/baxter_core_msgs-1.3.0-py3.10.egg-info/dependency_links.txt
[3.678s] -- Up-to-date symlink: /home/mael/ros2_ws/install/baxter_core_msgs/local/lib/python3.10/dist-packages/baxter_core_msgs-1.3.0-py3.10.egg-info/top_level.txt
[3.682s] -- Up-to-date symlink: /home/mael/ros2_ws/install/baxter_core_msgs/local/lib/python3.10/dist-packages/baxter_core_msgs/__init__.py
[3.682s] -- Up-to-date symlink: /home/mael/ros2_ws/install/baxter_core_msgs/local/lib/python3.10/dist-packages/baxter_core_msgs/_baxter_core_msgs_s.ep.rosidl_typesupport_c.c
[3.682s] -- Up-to-date symlink: /home/mael/ros2_ws/install/baxter_core_msgs/local/lib/python3.10/dist-packages/baxter_core_msgs/_baxter_core_msgs_s.ep.rosidl_typesupport_fastrtps_c.c
[3.682s] -- Up-to-date symlink: /home/mael/ros2_ws/install/baxter_core_msgs/local/lib/python3.10/dist-packages/baxter_core_msgs/_baxter_core_msgs_s.ep.rosidl_typesupport_introspection_c.c
[3.682s] -- Up-to-date symlink: /home/mael/ros2_ws/install/baxter_core_msgs/local/lib/python3.10/dist-packages/baxter_core_msgs/baxter_core_msgs_s__rosidl_typesupport_c.cpython-310-x86_64-linux-gnu.so
[3.682s] -- Up-to-date symlink: /home/mael/ros2_ws/install/baxter_core_msgs/local/lib/python3.10/dist-packages/baxter_core_msgs/baxter_core_msgs_s__rosidl_typesupport_fastrtps_c.cpython-310-x86_64-linux-gnu.so
[3.682s] -- Up-to-date symlink: /home/mael/ros2_ws/install/baxter_core_msgs/local/lib/python3.10/dist-packages/baxter_core_msgs/baxter_core_msgs_s__rosidl_typesupport_introspection_c.cpython-310-x86_64-linux-gnu.so
[3.683s] -- Up-to-date symlink: /home/mael/ros2_ws/install/baxter_core_msgs/local/lib/python3.10/dist-packages/baxter_core_msgs/libbaxter_core_msgs__rosidl_generator_py.so
[3.683s] -- Up-to-date symlink: /home/mael/ros2_ws/install/baxter_core_msgs/local/lib/python3.10/dist-packages/baxter_core_msgs/msg/__init__.py
[3.683s] -- Up-to-date symlink: /home/mael/ros2_ws/install/baxter_core_msgs/local/lib/python3.10/dist-packages/baxter_core_msgs/msg/_analog_io_state.py
[3.683s] -- Up-to-date symlink: /home/mael/ros2_ws/install/baxter_core_msgs/local/lib/python3.10/dist-packages/baxter_core_msgs/msg/_analog_io_state_s.c
[3.683s] -- Up-to-date symlink: /home/mael/ros2_ws/install/baxter_core_msgs/local/lib/python3.10/dist-packages/baxter_core_msgs/msg/_analog_io_states.py
[3.684s] -- Up-to-date symlink: /home/mael/ros2_ws/install/baxter_core_msgs/local/lib/python3.10/dist-packages/baxter_core_msgs/msg/_analog_io_states_s.c
[3.684s] -- Up-to-date symlink: /home/mael/ros2_ws/install/baxter_core_msgs/local/lib/python3.10/dist-packages/baxter_core_msgs/msg/_analog_output_command.py
[3.684s] -- Up-to-date symlink: /home/mael/ros2_ws/install/baxter_core_msgs/local/lib/python3.10/dist-packages/baxter_core_msgs/msg/_analog_output_command_s.c
[3.684s] -- Up-to-date symlink: /home/mael/ros2_ws/install/baxter_core_msgs/local/lib/python3.10/dist-packages/baxter_core_msgs/msg/_assembly_state.py
[3.684s] -- Up-to-date symlink: /home/mael/ros2_ws/install/baxter_core_msgs/local/lib/python3.10/dist-packages/baxter_core_msgs/msg/_assembly_state_s.c
[3.684s] -- Up-to-date symlink: /home/mael/ros2_ws/install/baxter_core_msgs/local/lib/python3.10/dist-packages/baxter_core_msgs/msg/_assembly_states.py
[3.684s] -- Up-to-date symlink: /home/mael/ros2_ws/install/baxter_core_msgs/local/lib/python3.10/dist-packages/baxter_core_msgs/msg/_assembly_states_s.c
[3.685s] -- Up-to-date symlink: /home/mael/ros2_ws/install/baxter_core_msgs/local/lib/python3.10/dist-packages/baxter_core_msgs/msg/_bridge_publisher.py
[3.685s] -- Up-to-date symlink: /home/mael/ros2_ws/install/baxter_core_msgs/local/lib/python3.10/dist-packages/baxter_core_msgs/msg/_bridge_publisher_s.c
[3.685s] -- Up-to-date symlink: /home/mael/ros2_ws/install/baxter_core_msgs/local/lib/python3.10/dist-packages/baxter_core_msgs/msg/_camera_control.py
[3.685s] -- Up-to-date symlink: /home/mael/ros2_ws/install/baxter_core_msgs/local/lib/python3.10/dist-packages/baxter_core_msgs/msg/_camera_control_s.c
[3.685s] -- Up-to-date symlink: /home/mael/ros2_ws/install/baxter_core_msgs/local/lib/python3.10/dist-packages/baxter_core_msgs/msg/_camera_settings.py
[3.685s] -- Up-to-date symlink: /home/mael/ros2_ws/install/baxter_core_msgs/local/lib/python3.10/dist-packages/baxter_core_msgs/msg/_camera_settings_s.c
[3.686s] -- Up-to-date symlink: /home/mael/ros2_ws/install/baxter_core_msgs/local/lib/python3.10/dist-packages/baxter_core_msgs/msg/_collision_avoidance_state.py
[3.686s] -- Up-to-date symlink: /home/mael/ros2_ws/install/baxter_core_msgs/local/lib/python3.10/dist-packages/baxter_core_msgs/msg/_collision_avoidance_state_s.c
[3.686s] -- Up-to-date symlink: /home/mael/ros2_ws/install/baxter_core_msgs/local/lib/python3.10/dist-packages/baxter_core_msgs/msg/_collision_detection_state.py
[3.686s] -- Up-to-date symlink: /home/mael/ros2_ws/install/baxter_core_msgs/local/lib/python3.10/dist-packages/baxter_core_msgs/msg/_collision_detection_state_s.c
[3.686s] -- Up-to-date symlink: /home/mael/ros2_ws/install/baxter_core_msgs/local/lib/python3.10/dist-packages/baxter_core_msgs/msg/_digital_io_state.py
[3.686s] -- Up-to-date symlink: /home/mael/ros2_ws/install/baxter_core_msgs/local/lib/python3.10/dist-packages/baxter_core_msgs/msg/_digital_io_state_s.c
[3.686s] -- Up-to-date symlink: /home/mael/ros2_ws/install/baxter_core_msgs/local/lib/python3.10/dist-packages/baxter_core_msgs/msg/_digital_io_states.py
[3.687s] -- Up-to-date symlink: /home/mael/ros2_ws/install/baxter_core_msgs/local/lib/python3.10/dist-packages/baxter_core_msgs/msg/_digital_io_states_s.c
[3.687s] -- Up-to-date symlink: /home/mael/ros2_ws/install/baxter_core_msgs/local/lib/python3.10/dist-packages/baxter_core_msgs/msg/_digital_output_command.py
[3.687s] -- Up-to-date symlink: /home/mael/ros2_ws/install/baxter_core_msgs/local/lib/python3.10/dist-packages/baxter_core_msgs/msg/_digital_output_command_s.c
[3.687s] -- Up-to-date symlink: /home/mael/ros2_ws/install/baxter_core_msgs/local/lib/python3.10/dist-packages/baxter_core_msgs/msg/_end_effector_command.py
[3.687s] -- Up-to-date symlink: /home/mael/ros2_ws/install/baxter_core_msgs/local/lib/python3.10/dist-packages/baxter_core_msgs/msg/_end_effector_command_s.c
[3.687s] -- Up-to-date symlink: /home/mael/ros2_ws/install/baxter_core_msgs/local/lib/python3.10/dist-packages/baxter_core_msgs/msg/_end_effector_properties.py
[3.687s] -- Up-to-date symlink: /home/mael/ros2_ws/install/baxter_core_msgs/local/lib/python3.10/dist-packages/baxter_core_msgs/msg/_end_effector_properties_s.c
[3.688s] -- Up-to-date symlink: /home/mael/ros2_ws/install/baxter_core_msgs/local/lib/python3.10/dist-packages/baxter_core_msgs/msg/_end_effector_state.py
[3.688s] -- Up-to-date symlink: /home/mael/ros2_ws/install/baxter_core_msgs/local/lib/python3.10/dist-packages/baxter_core_msgs/msg/_end_effector_state_s.c
[3.688s] -- Up-to-date symlink: /home/mael/ros2_ws/install/baxter_core_msgs/local/lib/python3.10/dist-packages/baxter_core_msgs/msg/_endpoint_state.py
[3.688s] -- Up-to-date symlink: /home/mael/ros2_ws/install/baxter_core_msgs/local/lib/python3.10/dist-packages/baxter_core_msgs/msg/_endpoint_state_s.c
[3.689s] -- Up-to-date symlink: /home/mael/ros2_ws/install/baxter_core_msgs/local/lib/python3.10/dist-packages/baxter_core_msgs/msg/_endpoint_states.py
[3.689s] -- Up-to-date symlink: /home/mael/ros2_ws/install/baxter_core_msgs/local/lib/python3.10/dist-packages/baxter_core_msgs/msg/_endpoint_states_s.c
[3.689s] -- Up-to-date symlink: /home/mael/ros2_ws/install/baxter_core_msgs/local/lib/python3.10/dist-packages/baxter_core_msgs/msg/_head_pan_command.py
[3.690s] -- Up-to-date symlink: /home/mael/ros2_ws/install/baxter_core_msgs/local/lib/python3.10/dist-packages/baxter_core_msgs/msg/_head_pan_command_s.c
[3.690s] -- Up-to-date symlink: /home/mael/ros2_ws/install/baxter_core_msgs/local/lib/python3.10/dist-packages/baxter_core_msgs/msg/_head_state.py
[3.690s] -- Up-to-date symlink: /home/mael/ros2_ws/install/baxter_core_msgs/local/lib/python3.10/dist-packages/baxter_core_msgs/msg/_head_state_s.c
[3.690s] -- Up-to-date symlink: /home/mael/ros2_ws/install/baxter_core_msgs/local/lib/python3.10/dist-packages/baxter_core_msgs/msg/_joint_command.py
[3.690s] -- Up-to-date symlink: /home/mael/ros2_ws/install/baxter_core_msgs/local/lib/python3.10/dist-packages/baxter_core_msgs/msg/_joint_command_s.c
[3.690s] -- Up-to-date symlink: /home/mael/ros2_ws/install/baxter_core_msgs/local/lib/python3.10/dist-packages/baxter_core_msgs/msg/_navigator_state.py
[3.690s] -- Up-to-date symlink: /home/mael/ros2_ws/install/baxter_core_msgs/local/lib/python3.10/dist-packages/baxter_core_msgs/msg/_navigator_state_s.c
[3.691s] -- Up-to-date symlink: /home/mael/ros2_ws/install/baxter_core_msgs/local/lib/python3.10/dist-packages/baxter_core_msgs/msg/_navigator_states.py
[3.691s] -- Up-to-date symlink: /home/mael/ros2_ws/install/baxter_core_msgs/local/lib/python3.10/dist-packages/baxter_core_msgs/msg/_navigator_states_s.c
[3.691s] -- Up-to-date symlink: /home/mael/ros2_ws/install/baxter_core_msgs/local/lib/python3.10/dist-packages/baxter_core_msgs/msg/_robust_controller_status.py
[3.691s] -- Up-to-date symlink: /home/mael/ros2_ws/install/baxter_core_msgs/local/lib/python3.10/dist-packages/baxter_core_msgs/msg/_robust_controller_status_s.c
[3.691s] -- Up-to-date symlink: /home/mael/ros2_ws/install/baxter_core_msgs/local/lib/python3.10/dist-packages/baxter_core_msgs/msg/_sea_joint_state.py
[3.691s] -- Up-to-date symlink: /home/mael/ros2_ws/install/baxter_core_msgs/local/lib/python3.10/dist-packages/baxter_core_msgs/msg/_sea_joint_state_s.c
[3.691s] -- Up-to-date symlink: /home/mael/ros2_ws/install/baxter_core_msgs/local/lib/python3.10/dist-packages/baxter_core_msgs/msg/_urdf_configuration.py
[3.692s] -- Up-to-date symlink: /home/mael/ros2_ws/install/baxter_core_msgs/local/lib/python3.10/dist-packages/baxter_core_msgs/msg/_urdf_configuration_s.c
[3.693s] -- Up-to-date symlink: /home/mael/ros2_ws/install/baxter_core_msgs/local/lib/python3.10/dist-packages/baxter_core_msgs/srv/__init__.py
[3.693s] -- Up-to-date symlink: /home/mael/ros2_ws/install/baxter_core_msgs/local/lib/python3.10/dist-packages/baxter_core_msgs/srv/_bridge_publishers_auth.py
[3.693s] -- Up-to-date symlink: /home/mael/ros2_ws/install/baxter_core_msgs/local/lib/python3.10/dist-packages/baxter_core_msgs/srv/_bridge_publishers_auth_s.c
[3.693s] -- Up-to-date symlink: /home/mael/ros2_ws/install/baxter_core_msgs/local/lib/python3.10/dist-packages/baxter_core_msgs/srv/_bridge_publishers_force.py
[3.693s] -- Up-to-date symlink: /home/mael/ros2_ws/install/baxter_core_msgs/local/lib/python3.10/dist-packages/baxter_core_msgs/srv/_bridge_publishers_force_s.c
[3.694s] -- Up-to-date symlink: /home/mael/ros2_ws/install/baxter_core_msgs/local/lib/python3.10/dist-packages/baxter_core_msgs/srv/_close_camera.py
[3.694s] -- Up-to-date symlink: /home/mael/ros2_ws/install/baxter_core_msgs/local/lib/python3.10/dist-packages/baxter_core_msgs/srv/_close_camera_s.c
[3.694s] -- Up-to-date symlink: /home/mael/ros2_ws/install/baxter_core_msgs/local/lib/python3.10/dist-packages/baxter_core_msgs/srv/_list_cameras.py
[3.694s] -- Up-to-date symlink: /home/mael/ros2_ws/install/baxter_core_msgs/local/lib/python3.10/dist-packages/baxter_core_msgs/srv/_list_cameras_s.c
[3.694s] -- Up-to-date symlink: /home/mael/ros2_ws/install/baxter_core_msgs/local/lib/python3.10/dist-packages/baxter_core_msgs/srv/_open_camera.py
[3.694s] -- Up-to-date symlink: /home/mael/ros2_ws/install/baxter_core_msgs/local/lib/python3.10/dist-packages/baxter_core_msgs/srv/_open_camera_s.c
[3.695s] -- Up-to-date symlink: /home/mael/ros2_ws/install/baxter_core_msgs/local/lib/python3.10/dist-packages/baxter_core_msgs/srv/_solve_position_ik.py
[3.695s] -- Up-to-date symlink: /home/mael/ros2_ws/install/baxter_core_msgs/local/lib/python3.10/dist-packages/baxter_core_msgs/srv/_solve_position_ik_s.c
[3.695s] -- Up-to-date symlink: /home/mael/ros2_ws/install/baxter_core_msgs/local/lib/python3.10/dist-packages/baxter_core_msgs/baxter_core_msgs_s__rosidl_typesupport_fastrtps_c.cpython-310-x86_64-linux-gnu.so
[3.695s] -- Up-to-date symlink: /home/mael/ros2_ws/install/baxter_core_msgs/local/lib/python3.10/dist-packages/baxter_core_msgs/baxter_core_msgs_s__rosidl_typesupport_introspection_c.cpython-310-x86_64-linux-gnu.so
[3.695s] -- Up-to-date symlink: /home/mael/ros2_ws/install/baxter_core_msgs/local/lib/python3.10/dist-packages/baxter_core_msgs/baxter_core_msgs_s__rosidl_typesupport_c.cpython-310-x86_64-linux-gnu.so
[3.695s] -- Up-to-date symlink: /home/mael/ros2_ws/install/baxter_core_msgs/share/baxter_core_msgs/msg/EndEffectorState.idl
[3.695s] -- Up-to-date symlink: /home/mael/ros2_ws/install/baxter_core_msgs/share/baxter_core_msgs/msg/EndEffectorProperties.idl
[3.695s] -- Up-to-date symlink: /home/mael/ros2_ws/install/baxter_core_msgs/share/baxter_core_msgs/msg/DigitalIOStates.idl
[3.695s] -- Up-to-date symlink: /home/mael/ros2_ws/install/baxter_core_msgs/share/baxter_core_msgs/msg/EndEffectorCommand.idl
[3.695s] -- Up-to-date symlink: /home/mael/ros2_ws/install/baxter_core_msgs/share/baxter_core_msgs/msg/NavigatorState.idl
[3.696s] -- Up-to-date symlink: /home/mael/ros2_ws/install/baxter_core_msgs/share/baxter_core_msgs/msg/AnalogOutputCommand.idl
[3.696s] -- Up-to-date symlink: /home/mael/ros2_ws/install/baxter_core_msgs/share/baxter_core_msgs/msg/EndpointState.idl
[3.696s] -- Up-to-date symlink: /home/mael/ros2_ws/install/baxter_core_msgs/share/baxter_core_msgs/msg/CollisionDetectionState.idl
[3.696s] -- Up-to-date symlink: /home/mael/ros2_ws/install/baxter_core_msgs/share/baxter_core_msgs/msg/SEAJointState.idl
[3.696s] -- Up-to-date symlink: /home/mael/ros2_ws/install/baxter_core_msgs/share/baxter_core_msgs/msg/CollisionAvoidanceState.idl
[3.696s] -- Up-to-date symlink: /home/mael/ros2_ws/install/baxter_core_msgs/share/baxter_core_msgs/msg/URDFConfiguration.idl
[3.696s] -- Up-to-date symlink: /home/mael/ros2_ws/install/baxter_core_msgs/share/baxter_core_msgs/msg/CameraControl.idl
[3.696s] -- Up-to-date symlink: /home/mael/ros2_ws/install/baxter_core_msgs/share/baxter_core_msgs/msg/NavigatorStates.idl
[3.697s] -- Up-to-date symlink: /home/mael/ros2_ws/install/baxter_core_msgs/share/baxter_core_msgs/msg/AnalogIOState.idl
[3.697s] -- Up-to-date symlink: /home/mael/ros2_ws/install/baxter_core_msgs/share/baxter_core_msgs/msg/CameraSettings.idl
[3.697s] -- Up-to-date symlink: /home/mael/ros2_ws/install/baxter_core_msgs/share/baxter_core_msgs/msg/JointCommand.idl
[3.698s] -- Up-to-date symlink: /home/mael/ros2_ws/install/baxter_core_msgs/share/baxter_core_msgs/msg/DigitalIOState.idl
[3.698s] -- Up-to-date symlink: /home/mael/ros2_ws/install/baxter_core_msgs/share/baxter_core_msgs/msg/RobustControllerStatus.idl
[3.698s] -- Up-to-date symlink: /home/mael/ros2_ws/install/baxter_core_msgs/share/baxter_core_msgs/msg/AssemblyStates.idl
[3.698s] -- Up-to-date symlink: /home/mael/ros2_ws/install/baxter_core_msgs/share/baxter_core_msgs/msg/DigitalOutputCommand.idl
[3.698s] -- Up-to-date symlink: /home/mael/ros2_ws/install/baxter_core_msgs/share/baxter_core_msgs/msg/HeadPanCommand.idl
[3.699s] -- Up-to-date symlink: /home/mael/ros2_ws/install/baxter_core_msgs/share/baxter_core_msgs/msg/AssemblyState.idl
[3.699s] -- Up-to-date symlink: /home/mael/ros2_ws/install/baxter_core_msgs/share/baxter_core_msgs/msg/HeadState.idl
[3.699s] -- Up-to-date symlink: /home/mael/ros2_ws/install/baxter_core_msgs/share/baxter_core_msgs/msg/AnalogIOStates.idl
[3.700s] -- Up-to-date symlink: /home/mael/ros2_ws/install/baxter_core_msgs/share/baxter_core_msgs/msg/BridgePublisher.idl
[3.700s] -- Up-to-date symlink: /home/mael/ros2_ws/install/baxter_core_msgs/share/baxter_core_msgs/msg/EndpointStates.idl
[3.700s] -- Up-to-date symlink: /home/mael/ros2_ws/install/baxter_core_msgs/share/baxter_core_msgs/srv/ListCameras.idl
[3.700s] -- Up-to-date symlink: /home/mael/ros2_ws/install/baxter_core_msgs/share/baxter_core_msgs/srv/CloseCamera.idl
[3.700s] -- Up-to-date symlink: /home/mael/ros2_ws/install/baxter_core_msgs/share/baxter_core_msgs/srv/OpenCamera.idl
[3.701s] -- Up-to-date symlink: /home/mael/ros2_ws/install/baxter_core_msgs/share/baxter_core_msgs/srv/BridgePublishersForce.idl
[3.701s] -- Up-to-date symlink: /home/mael/ros2_ws/install/baxter_core_msgs/share/baxter_core_msgs/srv/BridgePublishersAuth.idl
[3.702s] -- Up-to-date symlink: /home/mael/ros2_ws/install/baxter_core_msgs/share/baxter_core_msgs/srv/SolvePositionIK.idl
[3.702s] -- Up-to-date symlink: /home/mael/ros2_ws/install/baxter_core_msgs/share/baxter_core_msgs/msg/EndEffectorState.msg
[3.702s] -- Up-to-date symlink: /home/mael/ros2_ws/install/baxter_core_msgs/share/baxter_core_msgs/msg/EndEffectorProperties.msg
[3.702s] -- Up-to-date symlink: /home/mael/ros2_ws/install/baxter_core_msgs/share/baxter_core_msgs/msg/DigitalIOStates.msg
[3.702s] -- Up-to-date symlink: /home/mael/ros2_ws/install/baxter_core_msgs/share/baxter_core_msgs/msg/EndEffectorCommand.msg
[3.703s] -- Up-to-date symlink: /home/mael/ros2_ws/install/baxter_core_msgs/share/baxter_core_msgs/msg/NavigatorState.msg
[3.703s] -- Up-to-date symlink: /home/mael/ros2_ws/install/baxter_core_msgs/share/baxter_core_msgs/msg/AnalogOutputCommand.msg
[3.703s] -- Up-to-date symlink: /home/mael/ros2_ws/install/baxter_core_msgs/share/baxter_core_msgs/msg/EndpointState.msg
[3.703s] -- Up-to-date symlink: /home/mael/ros2_ws/install/baxter_core_msgs/share/baxter_core_msgs/msg/CollisionDetectionState.msg
[3.703s] -- Up-to-date symlink: /home/mael/ros2_ws/install/baxter_core_msgs/share/baxter_core_msgs/msg/SEAJointState.msg
[3.703s] -- Up-to-date symlink: /home/mael/ros2_ws/install/baxter_core_msgs/share/baxter_core_msgs/msg/CollisionAvoidanceState.msg
[3.704s] -- Up-to-date symlink: /home/mael/ros2_ws/install/baxter_core_msgs/share/baxter_core_msgs/msg/URDFConfiguration.msg
[3.704s] -- Up-to-date symlink: /home/mael/ros2_ws/install/baxter_core_msgs/share/baxter_core_msgs/msg/CameraControl.msg
[3.705s] -- Up-to-date symlink: /home/mael/ros2_ws/install/baxter_core_msgs/share/baxter_core_msgs/msg/NavigatorStates.msg
[3.705s] -- Up-to-date symlink: /home/mael/ros2_ws/install/baxter_core_msgs/share/baxter_core_msgs/msg/AnalogIOState.msg
[3.705s] -- Up-to-date symlink: /home/mael/ros2_ws/install/baxter_core_msgs/share/baxter_core_msgs/msg/CameraSettings.msg
[3.706s] -- Up-to-date symlink: /home/mael/ros2_ws/install/baxter_core_msgs/share/baxter_core_msgs/msg/JointCommand.msg
[3.706s] -- Up-to-date symlink: /home/mael/ros2_ws/install/baxter_core_msgs/share/baxter_core_msgs/msg/DigitalIOState.msg
[3.706s] -- Up-to-date symlink: /home/mael/ros2_ws/install/baxter_core_msgs/share/baxter_core_msgs/msg/RobustControllerStatus.msg
[3.706s] -- Up-to-date symlink: /home/mael/ros2_ws/install/baxter_core_msgs/share/baxter_core_msgs/msg/AssemblyStates.msg
[3.707s] -- Up-to-date symlink: /home/mael/ros2_ws/install/baxter_core_msgs/share/baxter_core_msgs/msg/DigitalOutputCommand.msg
[3.707s] -- Up-to-date symlink: /home/mael/ros2_ws/install/baxter_core_msgs/share/baxter_core_msgs/msg/HeadPanCommand.msg
[3.707s] -- Up-to-date symlink: /home/mael/ros2_ws/install/baxter_core_msgs/share/baxter_core_msgs/msg/AssemblyState.msg
[3.708s] -- Up-to-date symlink: /home/mael/ros2_ws/install/baxter_core_msgs/share/baxter_core_msgs/msg/HeadState.msg
[3.708s] -- Up-to-date symlink: /home/mael/ros2_ws/install/baxter_core_msgs/share/baxter_core_msgs/msg/AnalogIOStates.msg
[3.708s] -- Up-to-date symlink: /home/mael/ros2_ws/install/baxter_core_msgs/share/baxter_core_msgs/msg/BridgePublisher.msg
[3.708s] -- Up-to-date symlink: /home/mael/ros2_ws/install/baxter_core_msgs/share/baxter_core_msgs/msg/EndpointStates.msg
[3.709s] -- Up-to-date symlink: /home/mael/ros2_ws/install/baxter_core_msgs/share/baxter_core_msgs/srv/ListCameras.srv
[3.709s] -- Up-to-date symlink: /home/mael/ros2_ws/install/baxter_core_msgs/share/baxter_core_msgs/srv/ListCameras_Request.msg
[3.709s] -- Up-to-date symlink: /home/mael/ros2_ws/install/baxter_core_msgs/share/baxter_core_msgs/srv/ListCameras_Response.msg
[3.709s] -- Up-to-date symlink: /home/mael/ros2_ws/install/baxter_core_msgs/share/baxter_core_msgs/srv/CloseCamera.srv
[3.710s] -- Up-to-date symlink: /home/mael/ros2_ws/install/baxter_core_msgs/share/baxter_core_msgs/srv/CloseCamera_Request.msg
[3.710s] -- Up-to-date symlink: /home/mael/ros2_ws/install/baxter_core_msgs/share/baxter_core_msgs/srv/CloseCamera_Response.msg
[3.710s] -- Up-to-date symlink: /home/mael/ros2_ws/install/baxter_core_msgs/share/baxter_core_msgs/srv/OpenCamera.srv
[3.710s] -- Up-to-date symlink: /home/mael/ros2_ws/install/baxter_core_msgs/share/baxter_core_msgs/srv/OpenCamera_Request.msg
[3.711s] -- Up-to-date symlink: /home/mael/ros2_ws/install/baxter_core_msgs/share/baxter_core_msgs/srv/OpenCamera_Response.msg
[3.711s] -- Up-to-date symlink: /home/mael/ros2_ws/install/baxter_core_msgs/share/baxter_core_msgs/srv/BridgePublishersForce.srv
[3.711s] -- Up-to-date symlink: /home/mael/ros2_ws/install/baxter_core_msgs/share/baxter_core_msgs/srv/BridgePublishersForce_Request.msg
[3.711s] -- Up-to-date symlink: /home/mael/ros2_ws/install/baxter_core_msgs/share/baxter_core_msgs/srv/BridgePublishersForce_Response.msg
[3.712s] -- Up-to-date symlink: /home/mael/ros2_ws/install/baxter_core_msgs/share/baxter_core_msgs/srv/BridgePublishersAuth.srv
[3.712s] -- Up-to-date symlink: /home/mael/ros2_ws/install/baxter_core_msgs/share/baxter_core_msgs/srv/BridgePublishersAuth_Request.msg
[3.712s] -- Up-to-date symlink: /home/mael/ros2_ws/install/baxter_core_msgs/share/baxter_core_msgs/srv/BridgePublishersAuth_Response.msg
[3.713s] -- Up-to-date symlink: /home/mael/ros2_ws/install/baxter_core_msgs/share/baxter_core_msgs/srv/SolvePositionIK.srv
[3.713s] -- Up-to-date symlink: /home/mael/ros2_ws/install/baxter_core_msgs/share/baxter_core_msgs/srv/SolvePositionIK_Request.msg
[3.713s] -- Up-to-date symlink: /home/mael/ros2_ws/install/baxter_core_msgs/share/baxter_core_msgs/srv/SolvePositionIK_Response.msg
[3.713s] -- Up-to-date symlink: /home/mael/ros2_ws/install/baxter_core_msgs/share/baxter_core_msgs/mapping_rules.yaml
[3.714s] -- Up-to-date symlink: /home/mael/ros2_ws/install/baxter_core_msgs/share/ament_index/resource_index/package_run_dependencies/baxter_core_msgs
[3.714s] -- Up-to-date symlink: /home/mael/ros2_ws/install/baxter_core_msgs/share/ament_index/resource_index/parent_prefix_path/baxter_core_msgs
[3.714s] -- Up-to-date symlink: /home/mael/ros2_ws/install/baxter_core_msgs/share/baxter_core_msgs/environment/ament_prefix_path.sh
[3.715s] -- Up-to-date symlink: /home/mael/ros2_ws/install/baxter_core_msgs/share/baxter_core_msgs/environment/ament_prefix_path.dsv
[3.715s] -- Up-to-date symlink: /home/mael/ros2_ws/install/baxter_core_msgs/share/baxter_core_msgs/environment/path.sh
[3.715s] -- Up-to-date symlink: /home/mael/ros2_ws/install/baxter_core_msgs/share/baxter_core_msgs/environment/path.dsv
[3.715s] -- Up-to-date symlink: /home/mael/ros2_ws/install/baxter_core_msgs/share/baxter_core_msgs/local_setup.bash
[3.716s] -- Up-to-date symlink: /home/mael/ros2_ws/install/baxter_core_msgs/share/baxter_core_msgs/local_setup.sh
[3.716s] -- Up-to-date symlink: /home/mael/ros2_ws/install/baxter_core_msgs/share/baxter_core_msgs/local_setup.zsh
[3.716s] -- Up-to-date symlink: /home/mael/ros2_ws/install/baxter_core_msgs/share/baxter_core_msgs/local_setup.dsv
[3.717s] -- Symlinking: /home/mael/ros2_ws/install/baxter_core_msgs/share/baxter_core_msgs/package.dsv
[3.728s] -- Up-to-date symlink: /home/mael/ros2_ws/install/baxter_core_msgs/share/ament_index/resource_index/packages/baxter_core_msgs
[3.728s] -- Up-to-date symlink: /home/mael/ros2_ws/install/baxter_core_msgs/share/baxter_core_msgs/cmake/rosidl_cmake-extras.cmake
[3.729s] -- Up-to-date symlink: /home/mael/ros2_ws/install/baxter_core_msgs/share/baxter_core_msgs/cmake/ament_cmake_export_dependencies-extras.cmake
[3.729s] -- Up-to-date symlink: /home/mael/ros2_ws/install/baxter_core_msgs/share/baxter_core_msgs/cmake/ament_cmake_export_include_directories-extras.cmake
[3.729s] -- Up-to-date symlink: /home/mael/ros2_ws/install/baxter_core_msgs/share/baxter_core_msgs/cmake/ament_cmake_export_libraries-extras.cmake
[3.729s] -- Up-to-date symlink: /home/mael/ros2_ws/install/baxter_core_msgs/share/baxter_core_msgs/cmake/ament_cmake_export_targets-extras.cmake
[3.729s] -- Up-to-date symlink: /home/mael/ros2_ws/install/baxter_core_msgs/share/baxter_core_msgs/cmake/rosidl_cmake_export_typesupport_targets-extras.cmake
[3.730s] -- Up-to-date symlink: /home/mael/ros2_ws/install/baxter_core_msgs/share/baxter_core_msgs/cmake/rosidl_cmake_export_typesupport_libraries-extras.cmake
[3.730s] -- Up-to-date symlink: /home/mael/ros2_ws/install/baxter_core_msgs/share/baxter_core_msgs/cmake/baxter_core_msgsConfig.cmake
[3.730s] -- Up-to-date symlink: /home/mael/ros2_ws/install/baxter_core_msgs/share/baxter_core_msgs/cmake/baxter_core_msgsConfig-version.cmake
[3.730s] -- Up-to-date symlink: /home/mael/ros2_ws/install/baxter_core_msgs/share/baxter_core_msgs/package.xml
[3.731s] -- Up-to-date: /home/mael/ros2_ws/install/baxter_core_msgs/lib/libbaxter_core_msgs__rosidl_generator_c.so
[3.731s] -- Up-to-date: /home/mael/ros2_ws/install/baxter_core_msgs/lib/libbaxter_core_msgs__rosidl_typesupport_fastrtps_c.so
[3.731s] -- Up-to-date: /home/mael/ros2_ws/install/baxter_core_msgs/lib/libbaxter_core_msgs__rosidl_typesupport_fastrtps_cpp.so
[3.732s] -- Up-to-date: /home/mael/ros2_ws/install/baxter_core_msgs/lib/libbaxter_core_msgs__rosidl_typesupport_introspection_c.so
[3.732s] -- Up-to-date: /home/mael/ros2_ws/install/baxter_core_msgs/lib/libbaxter_core_msgs__rosidl_typesupport_c.so
[3.732s] -- Up-to-date: /home/mael/ros2_ws/install/baxter_core_msgs/lib/libbaxter_core_msgs__rosidl_typesupport_introspection_cpp.so
[3.733s] -- Up-to-date: /home/mael/ros2_ws/install/baxter_core_msgs/lib/libbaxter_core_msgs__rosidl_typesupport_cpp.so
[3.801s] Listing '/home/mael/ros2_ws/install/baxter_core_msgs/local/lib/python3.10/dist-packages/baxter_core_msgs'...
[3.801s] Listing '/home/mael/ros2_ws/install/baxter_core_msgs/local/lib/python3.10/dist-packages/baxter_core_msgs/msg'...
[3.801s] Listing '/home/mael/ros2_ws/install/baxter_core_msgs/local/lib/python3.10/dist-packages/baxter_core_msgs/srv'...
[3.807s] -- Up-to-date: /home/mael/ros2_ws/install/baxter_core_msgs/lib/libbaxter_core_msgs__rosidl_generator_py.so
[3.808s] -- Up-to-date: /home/mael/ros2_ws/install/baxter_core_msgs/share/baxter_core_msgs/cmake/export_baxter_core_msgs__rosidl_generator_cExport.cmake
[3.808s] -- Up-to-date: /home/mael/ros2_ws/install/baxter_core_msgs/share/baxter_core_msgs/cmake/export_baxter_core_msgs__rosidl_generator_cExport-noconfig.cmake
[3.808s] -- Up-to-date: /home/mael/ros2_ws/install/baxter_core_msgs/share/baxter_core_msgs/cmake/export_baxter_core_msgs__rosidl_typesupport_fastrtps_cExport.cmake
[3.809s] -- Up-to-date: /home/mael/ros2_ws/install/baxter_core_msgs/share/baxter_core_msgs/cmake/export_baxter_core_msgs__rosidl_typesupport_fastrtps_cExport-noconfig.cmake
[3.809s] -- Up-to-date: /home/mael/ros2_ws/install/baxter_core_msgs/share/baxter_core_msgs/cmake/export_baxter_core_msgs__rosidl_generator_cppExport.cmake
[3.812s] -- Up-to-date: /home/mael/ros2_ws/install/baxter_core_msgs/share/baxter_core_msgs/cmake/export_baxter_core_msgs__rosidl_typesupport_fastrtps_cppExport.cmake
[3.813s] -- Up-to-date: /home/mael/ros2_ws/install/baxter_core_msgs/share/baxter_core_msgs/cmake/export_baxter_core_msgs__rosidl_typesupport_fastrtps_cppExport-noconfig.cmake
[3.814s] -- Up-to-date: /home/mael/ros2_ws/install/baxter_core_msgs/share/baxter_core_msgs/cmake/baxter_core_msgs__rosidl_typesupport_introspection_cExport.cmake
[3.814s] -- Up-to-date: /home/mael/ros2_ws/install/baxter_core_msgs/share/baxter_core_msgs/cmake/baxter_core_msgs__rosidl_typesupport_introspection_cExport-noconfig.cmake
[3.814s] -- Up-to-date: /home/mael/ros2_ws/install/baxter_core_msgs/share/baxter_core_msgs/cmake/baxter_core_msgs__rosidl_typesupport_cExport.cmake
[3.814s] -- Up-to-date: /home/mael/ros2_ws/install/baxter_core_msgs/share/baxter_core_msgs/cmake/baxter_core_msgs__rosidl_typesupport_cExport-noconfig.cmake
[3.814s] -- Up-to-date: /home/mael/ros2_ws/install/baxter_core_msgs/share/baxter_core_msgs/cmake/baxter_core_msgs__rosidl_typesupport_introspection_cppExport.cmake
[3.815s] -- Up-to-date: /home/mael/ros2_ws/install/baxter_core_msgs/share/baxter_core_msgs/cmake/baxter_core_msgs__rosidl_typesupport_introspection_cppExport-noconfig.cmake
[3.815s] -- Up-to-date: /home/mael/ros2_ws/install/baxter_core_msgs/share/baxter_core_msgs/cmake/baxter_core_msgs__rosidl_typesupport_cppExport.cmake
[3.815s] -- Up-to-date: /home/mael/ros2_ws/install/baxter_core_msgs/share/baxter_core_msgs/cmake/baxter_core_msgs__rosidl_typesupport_cppExport-noconfig.cmake
[3.816s] -- Up-to-date: /home/mael/ros2_ws/install/baxter_core_msgs/share/baxter_core_msgs/cmake/export_baxter_core_msgs__rosidl_generator_pyExport.cmake
[3.816s] -- Up-to-date: /home/mael/ros2_ws/install/baxter_core_msgs/share/baxter_core_msgs/cmake/export_baxter_core_msgs__rosidl_generator_pyExport-noconfig.cmake
[3.855s] Invoked command in '/home/mael/ros2_ws/build/baxter_core_msgs' returned '0': CMAKE_PREFIX_PATH=${CMAKE_PREFIX_PATH}:/home/mael/ros2_ws/install/ros_tcp_endpoint:/home/mael/ros2_ws/install/baxter_joint_controller:/home/mael/ros2_ws/install/baxter_6dof_vr:/opt/ros/humble /usr/bin/cmake --install /home/mael/ros2_ws/build/baxter_core_msgs
