[2.940s] Invoking command in '/home/mael/ros2_ws/build/zed_interfaces': CMAKE_PREFIX_PATH=${CMAKE_PREFIX_PATH}:/home/mael/ros2_ws/install/ros_tcp_endpoint:/home/mael/ros2_ws/install/baxter_joint_controller:/home/mael/ros2_ws/install/baxter_6dof_vr:/opt/ros/humble /usr/bin/cmake --build /home/mael/ros2_ws/build/zed_interfaces -- -j8 -l8
[4.407s] [  0%] Built target zed_interfaces__cpp
[4.408s] [  0%] Built target ament_cmake_python_symlink_zed_interfaces
[4.409s] [ 12%] Built target zed_interfaces__rosidl_generator_c
[4.410s] [ 24%] Built target zed_interfaces__rosidl_typesupport_cpp
[4.410s] [ 36%] Built target zed_interfaces__rosidl_typesupport_introspection_cpp
[4.410s] [ 48%] Built target zed_interfaces__rosidl_typesupport_c
[4.411s] [ 72%] Built target zed_interfaces__rosidl_typesupport_fastrtps_c
[4.411s] [ 72%] Built target zed_interfaces__rosidl_typesupport_fastrtps_cpp
[4.411s] [ 84%] Built target zed_interfaces__rosidl_typesupport_introspection_c
[4.411s] [ 84%] Built target zed_interfaces
[4.411s] [ 85%] Built target zed_interfaces__py
[4.411s] [ 96%] Built target zed_interfaces__rosidl_generator_py
[4.411s] [ 97%] Built target zed_interfaces__rosidl_typesupport_fastrtps_c__pyext
[4.411s] [ 98%] Built target zed_interfaces__rosidl_typesupport_c__pyext
[4.411s] [100%] Built target zed_interfaces__rosidl_typesupport_introspection_c__pyext
[4.412s] running egg_info
[4.412s] writing zed_interfaces.egg-info/PKG-INFO
[4.412s] writing dependency_links to zed_interfaces.egg-info/dependency_links.txt
[4.412s] writing top-level names to zed_interfaces.egg-info/top_level.txt
[4.412s] reading manifest file 'zed_interfaces.egg-info/SOURCES.txt'
[4.412s] writing manifest file 'zed_interfaces.egg-info/SOURCES.txt'
[4.412s] [100%] Built target ament_cmake_python_build_zed_interfaces_egg
[5.209s] Invoked command in '/home/mael/ros2_ws/build/zed_interfaces' returned '0': CMAKE_PREFIX_PATH=${CMAKE_PREFIX_PATH}:/home/mael/ros2_ws/install/ros_tcp_endpoint:/home/mael/ros2_ws/install/baxter_joint_controller:/home/mael/ros2_ws/install/baxter_6dof_vr:/opt/ros/humble /usr/bin/cmake --build /home/mael/ros2_ws/build/zed_interfaces -- -j8 -l8
[5.718s] Invoking command in '/home/mael/ros2_ws/build/zed_interfaces': CMAKE_PREFIX_PATH=${CMAKE_PREFIX_PATH}:/home/mael/ros2_ws/install/ros_tcp_endpoint:/home/mael/ros2_ws/install/baxter_joint_controller:/home/mael/ros2_ws/install/baxter_6dof_vr:/opt/ros/humble /usr/bin/cmake --install /home/mael/ros2_ws/build/zed_interfaces
[5.751s] -- Install configuration: ""
[5.751s] -- Execute custom install script
[5.757s] -- Up-to-date symlink: /home/mael/ros2_ws/install/zed_interfaces/share/ament_index/resource_index/rosidl_interfaces/zed_interfaces
[5.757s] -- Up-to-date symlink: /home/mael/ros2_ws/install/zed_interfaces/include/zed_interfaces/zed_interfaces/msg/bounding_box2_df.h
[5.757s] -- Up-to-date symlink: /home/mael/ros2_ws/install/zed_interfaces/include/zed_interfaces/zed_interfaces/msg/bounding_box2_di.h
[5.757s] -- Up-to-date symlink: /home/mael/ros2_ws/install/zed_interfaces/include/zed_interfaces/zed_interfaces/msg/bounding_box3_d.h
[5.757s] -- Up-to-date symlink: /home/mael/ros2_ws/install/zed_interfaces/include/zed_interfaces/zed_interfaces/msg/depth_info_stamped.h
[5.757s] -- Up-to-date symlink: /home/mael/ros2_ws/install/zed_interfaces/include/zed_interfaces/zed_interfaces/msg/detail/bounding_box2_df__functions.h
[5.758s] -- Up-to-date symlink: /home/mael/ros2_ws/install/zed_interfaces/include/zed_interfaces/zed_interfaces/msg/detail/bounding_box2_df__struct.h
[5.758s] -- Up-to-date symlink: /home/mael/ros2_ws/install/zed_interfaces/include/zed_interfaces/zed_interfaces/msg/detail/bounding_box2_df__type_support.h
[5.758s] -- Up-to-date symlink: /home/mael/ros2_ws/install/zed_interfaces/include/zed_interfaces/zed_interfaces/msg/detail/bounding_box2_di__functions.h
[5.758s] -- Up-to-date symlink: /home/mael/ros2_ws/install/zed_interfaces/include/zed_interfaces/zed_interfaces/msg/detail/bounding_box2_di__struct.h
[5.758s] -- Up-to-date symlink: /home/mael/ros2_ws/install/zed_interfaces/include/zed_interfaces/zed_interfaces/msg/detail/bounding_box2_di__type_support.h
[5.758s] -- Up-to-date symlink: /home/mael/ros2_ws/install/zed_interfaces/include/zed_interfaces/zed_interfaces/msg/detail/bounding_box3_d__functions.h
[5.758s] -- Up-to-date symlink: /home/mael/ros2_ws/install/zed_interfaces/include/zed_interfaces/zed_interfaces/msg/detail/bounding_box3_d__struct.h
[5.759s] -- Up-to-date symlink: /home/mael/ros2_ws/install/zed_interfaces/include/zed_interfaces/zed_interfaces/msg/detail/bounding_box3_d__type_support.h
[5.759s] -- Up-to-date symlink: /home/mael/ros2_ws/install/zed_interfaces/include/zed_interfaces/zed_interfaces/msg/detail/depth_info_stamped__functions.h
[5.759s] -- Up-to-date symlink: /home/mael/ros2_ws/install/zed_interfaces/include/zed_interfaces/zed_interfaces/msg/detail/depth_info_stamped__struct.h
[5.759s] -- Up-to-date symlink: /home/mael/ros2_ws/install/zed_interfaces/include/zed_interfaces/zed_interfaces/msg/detail/depth_info_stamped__type_support.h
[5.759s] -- Up-to-date symlink: /home/mael/ros2_ws/install/zed_interfaces/include/zed_interfaces/zed_interfaces/msg/detail/heartbeat__functions.h
[5.761s] -- Up-to-date symlink: /home/mael/ros2_ws/install/zed_interfaces/include/zed_interfaces/zed_interfaces/msg/detail/heartbeat__struct.h
[5.761s] -- Up-to-date symlink: /home/mael/ros2_ws/install/zed_interfaces/include/zed_interfaces/zed_interfaces/msg/detail/heartbeat__type_support.h
[5.761s] -- Up-to-date symlink: /home/mael/ros2_ws/install/zed_interfaces/include/zed_interfaces/zed_interfaces/msg/detail/keypoint2_df__functions.h
[5.761s] -- Up-to-date symlink: /home/mael/ros2_ws/install/zed_interfaces/include/zed_interfaces/zed_interfaces/msg/detail/keypoint2_df__struct.h
[5.761s] -- Up-to-date symlink: /home/mael/ros2_ws/install/zed_interfaces/include/zed_interfaces/zed_interfaces/msg/detail/keypoint2_df__type_support.h
[5.761s] -- Up-to-date symlink: /home/mael/ros2_ws/install/zed_interfaces/include/zed_interfaces/zed_interfaces/msg/detail/keypoint2_di__functions.h
[5.761s] -- Up-to-date symlink: /home/mael/ros2_ws/install/zed_interfaces/include/zed_interfaces/zed_interfaces/msg/detail/keypoint2_di__struct.h
[5.761s] -- Up-to-date symlink: /home/mael/ros2_ws/install/zed_interfaces/include/zed_interfaces/zed_interfaces/msg/detail/keypoint2_di__type_support.h
[5.762s] -- Up-to-date symlink: /home/mael/ros2_ws/install/zed_interfaces/include/zed_interfaces/zed_interfaces/msg/detail/keypoint3_d__functions.h
[5.762s] -- Up-to-date symlink: /home/mael/ros2_ws/install/zed_interfaces/include/zed_interfaces/zed_interfaces/msg/detail/keypoint3_d__struct.h
[5.762s] -- Up-to-date symlink: /home/mael/ros2_ws/install/zed_interfaces/include/zed_interfaces/zed_interfaces/msg/detail/keypoint3_d__type_support.h
[5.762s] -- Up-to-date symlink: /home/mael/ros2_ws/install/zed_interfaces/include/zed_interfaces/zed_interfaces/msg/detail/object__functions.h
[5.762s] -- Up-to-date symlink: /home/mael/ros2_ws/install/zed_interfaces/include/zed_interfaces/zed_interfaces/msg/detail/object__struct.h
[5.762s] -- Up-to-date symlink: /home/mael/ros2_ws/install/zed_interfaces/include/zed_interfaces/zed_interfaces/msg/detail/object__type_support.h
[5.762s] -- Up-to-date symlink: /home/mael/ros2_ws/install/zed_interfaces/include/zed_interfaces/zed_interfaces/msg/detail/objects_stamped__functions.h
[5.762s] -- Up-to-date symlink: /home/mael/ros2_ws/install/zed_interfaces/include/zed_interfaces/zed_interfaces/msg/detail/objects_stamped__struct.h
[5.763s] -- Up-to-date symlink: /home/mael/ros2_ws/install/zed_interfaces/include/zed_interfaces/zed_interfaces/msg/detail/objects_stamped__type_support.h
[5.763s] -- Up-to-date symlink: /home/mael/ros2_ws/install/zed_interfaces/include/zed_interfaces/zed_interfaces/msg/detail/plane_stamped__functions.h
[5.763s] -- Up-to-date symlink: /home/mael/ros2_ws/install/zed_interfaces/include/zed_interfaces/zed_interfaces/msg/detail/plane_stamped__struct.h
[5.763s] -- Up-to-date symlink: /home/mael/ros2_ws/install/zed_interfaces/include/zed_interfaces/zed_interfaces/msg/detail/plane_stamped__type_support.h
[5.763s] -- Up-to-date symlink: /home/mael/ros2_ws/install/zed_interfaces/include/zed_interfaces/zed_interfaces/msg/detail/pos_track_status__functions.h
[5.763s] -- Up-to-date symlink: /home/mael/ros2_ws/install/zed_interfaces/include/zed_interfaces/zed_interfaces/msg/detail/pos_track_status__struct.h
[5.763s] -- Up-to-date symlink: /home/mael/ros2_ws/install/zed_interfaces/include/zed_interfaces/zed_interfaces/msg/detail/pos_track_status__type_support.h
[5.763s] -- Up-to-date symlink: /home/mael/ros2_ws/install/zed_interfaces/include/zed_interfaces/zed_interfaces/msg/detail/skeleton2_d__functions.h
[5.763s] -- Up-to-date symlink: /home/mael/ros2_ws/install/zed_interfaces/include/zed_interfaces/zed_interfaces/msg/detail/skeleton2_d__struct.h
[5.763s] -- Up-to-date symlink: /home/mael/ros2_ws/install/zed_interfaces/include/zed_interfaces/zed_interfaces/msg/detail/skeleton2_d__type_support.h
[5.764s] -- Up-to-date symlink: /home/mael/ros2_ws/install/zed_interfaces/include/zed_interfaces/zed_interfaces/msg/detail/skeleton3_d__functions.h
[5.764s] -- Up-to-date symlink: /home/mael/ros2_ws/install/zed_interfaces/include/zed_interfaces/zed_interfaces/msg/detail/skeleton3_d__struct.h
[5.764s] -- Up-to-date symlink: /home/mael/ros2_ws/install/zed_interfaces/include/zed_interfaces/zed_interfaces/msg/detail/skeleton3_d__type_support.h
[5.764s] -- Up-to-date symlink: /home/mael/ros2_ws/install/zed_interfaces/include/zed_interfaces/zed_interfaces/msg/heartbeat.h
[5.764s] -- Up-to-date symlink: /home/mael/ros2_ws/install/zed_interfaces/include/zed_interfaces/zed_interfaces/msg/keypoint2_df.h
[5.764s] -- Up-to-date symlink: /home/mael/ros2_ws/install/zed_interfaces/include/zed_interfaces/zed_interfaces/msg/keypoint2_di.h
[5.765s] -- Up-to-date symlink: /home/mael/ros2_ws/install/zed_interfaces/include/zed_interfaces/zed_interfaces/msg/keypoint3_d.h
[5.765s] -- Up-to-date symlink: /home/mael/ros2_ws/install/zed_interfaces/include/zed_interfaces/zed_interfaces/msg/object.h
[5.765s] -- Up-to-date symlink: /home/mael/ros2_ws/install/zed_interfaces/include/zed_interfaces/zed_interfaces/msg/objects_stamped.h
[5.765s] -- Up-to-date symlink: /home/mael/ros2_ws/install/zed_interfaces/include/zed_interfaces/zed_interfaces/msg/plane_stamped.h
[5.765s] -- Up-to-date symlink: /home/mael/ros2_ws/install/zed_interfaces/include/zed_interfaces/zed_interfaces/msg/pos_track_status.h
[5.765s] -- Up-to-date symlink: /home/mael/ros2_ws/install/zed_interfaces/include/zed_interfaces/zed_interfaces/msg/rosidl_generator_c__visibility_control.h
[5.766s] -- Up-to-date symlink: /home/mael/ros2_ws/install/zed_interfaces/include/zed_interfaces/zed_interfaces/msg/skeleton2_d.h
[5.766s] -- Up-to-date symlink: /home/mael/ros2_ws/install/zed_interfaces/include/zed_interfaces/zed_interfaces/msg/skeleton3_d.h
[5.766s] -- Up-to-date symlink: /home/mael/ros2_ws/install/zed_interfaces/include/zed_interfaces/zed_interfaces/srv/detail/set_pose__functions.h
[5.766s] -- Up-to-date symlink: /home/mael/ros2_ws/install/zed_interfaces/include/zed_interfaces/zed_interfaces/srv/detail/set_pose__struct.h
[5.767s] -- Up-to-date symlink: /home/mael/ros2_ws/install/zed_interfaces/include/zed_interfaces/zed_interfaces/srv/detail/set_pose__type_support.h
[5.767s] -- Up-to-date symlink: /home/mael/ros2_ws/install/zed_interfaces/include/zed_interfaces/zed_interfaces/srv/detail/set_roi__functions.h
[5.767s] -- Up-to-date symlink: /home/mael/ros2_ws/install/zed_interfaces/include/zed_interfaces/zed_interfaces/srv/detail/set_roi__struct.h
[5.768s] -- Up-to-date symlink: /home/mael/ros2_ws/install/zed_interfaces/include/zed_interfaces/zed_interfaces/srv/detail/set_roi__type_support.h
[5.768s] -- Up-to-date symlink: /home/mael/ros2_ws/install/zed_interfaces/include/zed_interfaces/zed_interfaces/srv/detail/start_svo_rec__functions.h
[5.768s] -- Up-to-date symlink: /home/mael/ros2_ws/install/zed_interfaces/include/zed_interfaces/zed_interfaces/srv/detail/start_svo_rec__struct.h
[5.768s] -- Up-to-date symlink: /home/mael/ros2_ws/install/zed_interfaces/include/zed_interfaces/zed_interfaces/srv/detail/start_svo_rec__type_support.h
[5.768s] -- Up-to-date symlink: /home/mael/ros2_ws/install/zed_interfaces/include/zed_interfaces/zed_interfaces/srv/set_pose.h
[5.768s] -- Up-to-date symlink: /home/mael/ros2_ws/install/zed_interfaces/include/zed_interfaces/zed_interfaces/srv/set_roi.h
[5.769s] -- Up-to-date symlink: /home/mael/ros2_ws/install/zed_interfaces/include/zed_interfaces/zed_interfaces/srv/start_svo_rec.h
[5.769s] -- Up-to-date symlink: /home/mael/ros2_ws/install/zed_interfaces/share/zed_interfaces/environment/library_path.sh
[5.769s] -- Up-to-date symlink: /home/mael/ros2_ws/install/zed_interfaces/share/zed_interfaces/environment/library_path.dsv
[5.771s] -- Up-to-date symlink: /home/mael/ros2_ws/install/zed_interfaces/include/zed_interfaces/zed_interfaces/msg/detail/bounding_box2_df__rosidl_typesupport_fastrtps_c.h
[5.771s] -- Up-to-date symlink: /home/mael/ros2_ws/install/zed_interfaces/include/zed_interfaces/zed_interfaces/msg/detail/bounding_box2_di__rosidl_typesupport_fastrtps_c.h
[5.771s] -- Up-to-date symlink: /home/mael/ros2_ws/install/zed_interfaces/include/zed_interfaces/zed_interfaces/msg/detail/bounding_box3_d__rosidl_typesupport_fastrtps_c.h
[5.772s] -- Up-to-date symlink: /home/mael/ros2_ws/install/zed_interfaces/include/zed_interfaces/zed_interfaces/msg/detail/depth_info_stamped__rosidl_typesupport_fastrtps_c.h
[5.772s] -- Up-to-date symlink: /home/mael/ros2_ws/install/zed_interfaces/include/zed_interfaces/zed_interfaces/msg/detail/heartbeat__rosidl_typesupport_fastrtps_c.h
[5.772s] -- Up-to-date symlink: /home/mael/ros2_ws/install/zed_interfaces/include/zed_interfaces/zed_interfaces/msg/detail/keypoint2_df__rosidl_typesupport_fastrtps_c.h
[5.772s] -- Up-to-date symlink: /home/mael/ros2_ws/install/zed_interfaces/include/zed_interfaces/zed_interfaces/msg/detail/keypoint2_di__rosidl_typesupport_fastrtps_c.h
[5.772s] -- Up-to-date symlink: /home/mael/ros2_ws/install/zed_interfaces/include/zed_interfaces/zed_interfaces/msg/detail/keypoint3_d__rosidl_typesupport_fastrtps_c.h
[5.772s] -- Up-to-date symlink: /home/mael/ros2_ws/install/zed_interfaces/include/zed_interfaces/zed_interfaces/msg/detail/object__rosidl_typesupport_fastrtps_c.h
[5.773s] -- Up-to-date symlink: /home/mael/ros2_ws/install/zed_interfaces/include/zed_interfaces/zed_interfaces/msg/detail/objects_stamped__rosidl_typesupport_fastrtps_c.h
[5.773s] -- Up-to-date symlink: /home/mael/ros2_ws/install/zed_interfaces/include/zed_interfaces/zed_interfaces/msg/detail/plane_stamped__rosidl_typesupport_fastrtps_c.h
[5.773s] -- Up-to-date symlink: /home/mael/ros2_ws/install/zed_interfaces/include/zed_interfaces/zed_interfaces/msg/detail/pos_track_status__rosidl_typesupport_fastrtps_c.h
[5.773s] -- Up-to-date symlink: /home/mael/ros2_ws/install/zed_interfaces/include/zed_interfaces/zed_interfaces/msg/detail/skeleton2_d__rosidl_typesupport_fastrtps_c.h
[5.773s] -- Up-to-date symlink: /home/mael/ros2_ws/install/zed_interfaces/include/zed_interfaces/zed_interfaces/msg/detail/skeleton3_d__rosidl_typesupport_fastrtps_c.h
[5.773s] -- Up-to-date symlink: /home/mael/ros2_ws/install/zed_interfaces/include/zed_interfaces/zed_interfaces/msg/rosidl_typesupport_fastrtps_c__visibility_control.h
[5.773s] -- Up-to-date symlink: /home/mael/ros2_ws/install/zed_interfaces/include/zed_interfaces/zed_interfaces/srv/detail/set_pose__rosidl_typesupport_fastrtps_c.h
[5.773s] -- Up-to-date symlink: /home/mael/ros2_ws/install/zed_interfaces/include/zed_interfaces/zed_interfaces/srv/detail/set_roi__rosidl_typesupport_fastrtps_c.h
[5.773s] -- Up-to-date symlink: /home/mael/ros2_ws/install/zed_interfaces/include/zed_interfaces/zed_interfaces/srv/detail/start_svo_rec__rosidl_typesupport_fastrtps_c.h
[5.774s] -- Up-to-date symlink: /home/mael/ros2_ws/install/zed_interfaces/include/zed_interfaces/zed_interfaces/msg/bounding_box2_df.hpp
[5.774s] -- Up-to-date symlink: /home/mael/ros2_ws/install/zed_interfaces/include/zed_interfaces/zed_interfaces/msg/bounding_box2_di.hpp
[5.774s] -- Up-to-date symlink: /home/mael/ros2_ws/install/zed_interfaces/include/zed_interfaces/zed_interfaces/msg/bounding_box3_d.hpp
[5.774s] -- Up-to-date symlink: /home/mael/ros2_ws/install/zed_interfaces/include/zed_interfaces/zed_interfaces/msg/depth_info_stamped.hpp
[5.774s] -- Up-to-date symlink: /home/mael/ros2_ws/install/zed_interfaces/include/zed_interfaces/zed_interfaces/msg/detail/bounding_box2_df__builder.hpp
[5.774s] -- Up-to-date symlink: /home/mael/ros2_ws/install/zed_interfaces/include/zed_interfaces/zed_interfaces/msg/detail/bounding_box2_df__struct.hpp
[5.774s] -- Up-to-date symlink: /home/mael/ros2_ws/install/zed_interfaces/include/zed_interfaces/zed_interfaces/msg/detail/bounding_box2_df__traits.hpp
[5.774s] -- Up-to-date symlink: /home/mael/ros2_ws/install/zed_interfaces/include/zed_interfaces/zed_interfaces/msg/detail/bounding_box2_di__builder.hpp
[5.774s] -- Up-to-date symlink: /home/mael/ros2_ws/install/zed_interfaces/include/zed_interfaces/zed_interfaces/msg/detail/bounding_box2_di__struct.hpp
[5.775s] -- Up-to-date symlink: /home/mael/ros2_ws/install/zed_interfaces/include/zed_interfaces/zed_interfaces/msg/detail/bounding_box2_di__traits.hpp
[5.775s] -- Up-to-date symlink: /home/mael/ros2_ws/install/zed_interfaces/include/zed_interfaces/zed_interfaces/msg/detail/bounding_box3_d__builder.hpp
[5.775s] -- Up-to-date symlink: /home/mael/ros2_ws/install/zed_interfaces/include/zed_interfaces/zed_interfaces/msg/detail/bounding_box3_d__struct.hpp
[5.775s] -- Up-to-date symlink: /home/mael/ros2_ws/install/zed_interfaces/include/zed_interfaces/zed_interfaces/msg/detail/bounding_box3_d__traits.hpp
[5.775s] -- Up-to-date symlink: /home/mael/ros2_ws/install/zed_interfaces/include/zed_interfaces/zed_interfaces/msg/detail/depth_info_stamped__builder.hpp
[5.775s] -- Up-to-date symlink: /home/mael/ros2_ws/install/zed_interfaces/include/zed_interfaces/zed_interfaces/msg/detail/depth_info_stamped__struct.hpp
[5.775s] -- Up-to-date symlink: /home/mael/ros2_ws/install/zed_interfaces/include/zed_interfaces/zed_interfaces/msg/detail/depth_info_stamped__traits.hpp
[5.776s] -- Up-to-date symlink: /home/mael/ros2_ws/install/zed_interfaces/include/zed_interfaces/zed_interfaces/msg/detail/heartbeat__builder.hpp
[5.776s] -- Up-to-date symlink: /home/mael/ros2_ws/install/zed_interfaces/include/zed_interfaces/zed_interfaces/msg/detail/heartbeat__struct.hpp
[5.776s] -- Up-to-date symlink: /home/mael/ros2_ws/install/zed_interfaces/include/zed_interfaces/zed_interfaces/msg/detail/heartbeat__traits.hpp
[5.776s] -- Up-to-date symlink: /home/mael/ros2_ws/install/zed_interfaces/include/zed_interfaces/zed_interfaces/msg/detail/keypoint2_df__builder.hpp
[5.776s] -- Up-to-date symlink: /home/mael/ros2_ws/install/zed_interfaces/include/zed_interfaces/zed_interfaces/msg/detail/keypoint2_df__struct.hpp
[5.776s] -- Up-to-date symlink: /home/mael/ros2_ws/install/zed_interfaces/include/zed_interfaces/zed_interfaces/msg/detail/keypoint2_df__traits.hpp
[5.776s] -- Up-to-date symlink: /home/mael/ros2_ws/install/zed_interfaces/include/zed_interfaces/zed_interfaces/msg/detail/keypoint2_di__builder.hpp
[5.776s] -- Up-to-date symlink: /home/mael/ros2_ws/install/zed_interfaces/include/zed_interfaces/zed_interfaces/msg/detail/keypoint2_di__struct.hpp
[5.777s] -- Up-to-date symlink: /home/mael/ros2_ws/install/zed_interfaces/include/zed_interfaces/zed_interfaces/msg/detail/keypoint2_di__traits.hpp
[5.777s] -- Up-to-date symlink: /home/mael/ros2_ws/install/zed_interfaces/include/zed_interfaces/zed_interfaces/msg/detail/keypoint3_d__builder.hpp
[5.777s] -- Up-to-date symlink: /home/mael/ros2_ws/install/zed_interfaces/include/zed_interfaces/zed_interfaces/msg/detail/keypoint3_d__struct.hpp
[5.777s] -- Up-to-date symlink: /home/mael/ros2_ws/install/zed_interfaces/include/zed_interfaces/zed_interfaces/msg/detail/keypoint3_d__traits.hpp
[5.777s] -- Up-to-date symlink: /home/mael/ros2_ws/install/zed_interfaces/include/zed_interfaces/zed_interfaces/msg/detail/object__builder.hpp
[5.777s] -- Up-to-date symlink: /home/mael/ros2_ws/install/zed_interfaces/include/zed_interfaces/zed_interfaces/msg/detail/object__struct.hpp
[5.777s] -- Up-to-date symlink: /home/mael/ros2_ws/install/zed_interfaces/include/zed_interfaces/zed_interfaces/msg/detail/object__traits.hpp
[5.777s] -- Up-to-date symlink: /home/mael/ros2_ws/install/zed_interfaces/include/zed_interfaces/zed_interfaces/msg/detail/objects_stamped__builder.hpp
[5.778s] -- Up-to-date symlink: /home/mael/ros2_ws/install/zed_interfaces/include/zed_interfaces/zed_interfaces/msg/detail/objects_stamped__struct.hpp
[5.778s] -- Up-to-date symlink: /home/mael/ros2_ws/install/zed_interfaces/include/zed_interfaces/zed_interfaces/msg/detail/objects_stamped__traits.hpp
[5.778s] -- Up-to-date symlink: /home/mael/ros2_ws/install/zed_interfaces/include/zed_interfaces/zed_interfaces/msg/detail/plane_stamped__builder.hpp
[5.778s] -- Up-to-date symlink: /home/mael/ros2_ws/install/zed_interfaces/include/zed_interfaces/zed_interfaces/msg/detail/plane_stamped__struct.hpp
[5.778s] -- Up-to-date symlink: /home/mael/ros2_ws/install/zed_interfaces/include/zed_interfaces/zed_interfaces/msg/detail/plane_stamped__traits.hpp
[5.778s] -- Up-to-date symlink: /home/mael/ros2_ws/install/zed_interfaces/include/zed_interfaces/zed_interfaces/msg/detail/pos_track_status__builder.hpp
[5.778s] -- Up-to-date symlink: /home/mael/ros2_ws/install/zed_interfaces/include/zed_interfaces/zed_interfaces/msg/detail/pos_track_status__struct.hpp
[5.778s] -- Up-to-date symlink: /home/mael/ros2_ws/install/zed_interfaces/include/zed_interfaces/zed_interfaces/msg/detail/pos_track_status__traits.hpp
[5.779s] -- Up-to-date symlink: /home/mael/ros2_ws/install/zed_interfaces/include/zed_interfaces/zed_interfaces/msg/detail/skeleton2_d__builder.hpp
[5.779s] -- Up-to-date symlink: /home/mael/ros2_ws/install/zed_interfaces/include/zed_interfaces/zed_interfaces/msg/detail/skeleton2_d__struct.hpp
[5.779s] -- Up-to-date symlink: /home/mael/ros2_ws/install/zed_interfaces/include/zed_interfaces/zed_interfaces/msg/detail/skeleton2_d__traits.hpp
[5.779s] -- Up-to-date symlink: /home/mael/ros2_ws/install/zed_interfaces/include/zed_interfaces/zed_interfaces/msg/detail/skeleton3_d__builder.hpp
[5.779s] -- Up-to-date symlink: /home/mael/ros2_ws/install/zed_interfaces/include/zed_interfaces/zed_interfaces/msg/detail/skeleton3_d__struct.hpp
[5.779s] -- Up-to-date symlink: /home/mael/ros2_ws/install/zed_interfaces/include/zed_interfaces/zed_interfaces/msg/detail/skeleton3_d__traits.hpp
[5.779s] -- Up-to-date symlink: /home/mael/ros2_ws/install/zed_interfaces/include/zed_interfaces/zed_interfaces/msg/heartbeat.hpp
[5.779s] -- Up-to-date symlink: /home/mael/ros2_ws/install/zed_interfaces/include/zed_interfaces/zed_interfaces/msg/keypoint2_df.hpp
[5.780s] -- Up-to-date symlink: /home/mael/ros2_ws/install/zed_interfaces/include/zed_interfaces/zed_interfaces/msg/keypoint2_di.hpp
[5.781s] -- Up-to-date symlink: /home/mael/ros2_ws/install/zed_interfaces/include/zed_interfaces/zed_interfaces/msg/keypoint3_d.hpp
[5.781s] -- Up-to-date symlink: /home/mael/ros2_ws/install/zed_interfaces/include/zed_interfaces/zed_interfaces/msg/object.hpp
[5.782s] -- Up-to-date symlink: /home/mael/ros2_ws/install/zed_interfaces/include/zed_interfaces/zed_interfaces/msg/objects_stamped.hpp
[5.782s] -- Up-to-date symlink: /home/mael/ros2_ws/install/zed_interfaces/include/zed_interfaces/zed_interfaces/msg/plane_stamped.hpp
[5.782s] -- Up-to-date symlink: /home/mael/ros2_ws/install/zed_interfaces/include/zed_interfaces/zed_interfaces/msg/pos_track_status.hpp
[5.782s] -- Up-to-date symlink: /home/mael/ros2_ws/install/zed_interfaces/include/zed_interfaces/zed_interfaces/msg/skeleton2_d.hpp
[5.782s] -- Up-to-date symlink: /home/mael/ros2_ws/install/zed_interfaces/include/zed_interfaces/zed_interfaces/msg/skeleton3_d.hpp
[5.782s] -- Up-to-date symlink: /home/mael/ros2_ws/install/zed_interfaces/include/zed_interfaces/zed_interfaces/srv/detail/set_pose__builder.hpp
[5.782s] -- Up-to-date symlink: /home/mael/ros2_ws/install/zed_interfaces/include/zed_interfaces/zed_interfaces/srv/detail/set_pose__struct.hpp
[5.782s] -- Up-to-date symlink: /home/mael/ros2_ws/install/zed_interfaces/include/zed_interfaces/zed_interfaces/srv/detail/set_pose__traits.hpp
[5.782s] -- Up-to-date symlink: /home/mael/ros2_ws/install/zed_interfaces/include/zed_interfaces/zed_interfaces/srv/detail/set_roi__builder.hpp
[5.783s] -- Up-to-date symlink: /home/mael/ros2_ws/install/zed_interfaces/include/zed_interfaces/zed_interfaces/srv/detail/set_roi__struct.hpp
[5.783s] -- Up-to-date symlink: /home/mael/ros2_ws/install/zed_interfaces/include/zed_interfaces/zed_interfaces/srv/detail/set_roi__traits.hpp
[5.783s] -- Up-to-date symlink: /home/mael/ros2_ws/install/zed_interfaces/include/zed_interfaces/zed_interfaces/srv/detail/start_svo_rec__builder.hpp
[5.783s] -- Up-to-date symlink: /home/mael/ros2_ws/install/zed_interfaces/include/zed_interfaces/zed_interfaces/srv/detail/start_svo_rec__struct.hpp
[5.783s] -- Up-to-date symlink: /home/mael/ros2_ws/install/zed_interfaces/include/zed_interfaces/zed_interfaces/srv/detail/start_svo_rec__traits.hpp
[5.783s] -- Up-to-date symlink: /home/mael/ros2_ws/install/zed_interfaces/include/zed_interfaces/zed_interfaces/srv/set_pose.hpp
[5.783s] -- Up-to-date symlink: /home/mael/ros2_ws/install/zed_interfaces/include/zed_interfaces/zed_interfaces/srv/set_roi.hpp
[5.783s] -- Up-to-date symlink: /home/mael/ros2_ws/install/zed_interfaces/include/zed_interfaces/zed_interfaces/srv/start_svo_rec.hpp
[5.783s] -- Up-to-date symlink: /home/mael/ros2_ws/install/zed_interfaces/include/zed_interfaces/zed_interfaces/msg/detail/bounding_box2_df__rosidl_typesupport_fastrtps_cpp.hpp
[5.784s] -- Up-to-date symlink: /home/mael/ros2_ws/install/zed_interfaces/include/zed_interfaces/zed_interfaces/msg/detail/bounding_box2_di__rosidl_typesupport_fastrtps_cpp.hpp
[5.784s] -- Up-to-date symlink: /home/mael/ros2_ws/install/zed_interfaces/include/zed_interfaces/zed_interfaces/msg/detail/bounding_box3_d__rosidl_typesupport_fastrtps_cpp.hpp
[5.784s] -- Up-to-date symlink: /home/mael/ros2_ws/install/zed_interfaces/include/zed_interfaces/zed_interfaces/msg/detail/depth_info_stamped__rosidl_typesupport_fastrtps_cpp.hpp
[5.784s] -- Up-to-date symlink: /home/mael/ros2_ws/install/zed_interfaces/include/zed_interfaces/zed_interfaces/msg/detail/heartbeat__rosidl_typesupport_fastrtps_cpp.hpp
[5.785s] -- Up-to-date symlink: /home/mael/ros2_ws/install/zed_interfaces/include/zed_interfaces/zed_interfaces/msg/detail/keypoint2_df__rosidl_typesupport_fastrtps_cpp.hpp
[5.786s] -- Up-to-date symlink: /home/mael/ros2_ws/install/zed_interfaces/include/zed_interfaces/zed_interfaces/msg/detail/keypoint2_di__rosidl_typesupport_fastrtps_cpp.hpp
[5.786s] -- Up-to-date symlink: /home/mael/ros2_ws/install/zed_interfaces/include/zed_interfaces/zed_interfaces/msg/detail/keypoint3_d__rosidl_typesupport_fastrtps_cpp.hpp
[5.787s] -- Up-to-date symlink: /home/mael/ros2_ws/install/zed_interfaces/include/zed_interfaces/zed_interfaces/msg/detail/object__rosidl_typesupport_fastrtps_cpp.hpp
[5.787s] -- Up-to-date symlink: /home/mael/ros2_ws/install/zed_interfaces/include/zed_interfaces/zed_interfaces/msg/detail/objects_stamped__rosidl_typesupport_fastrtps_cpp.hpp
[5.787s] -- Up-to-date symlink: /home/mael/ros2_ws/install/zed_interfaces/include/zed_interfaces/zed_interfaces/msg/detail/plane_stamped__rosidl_typesupport_fastrtps_cpp.hpp
[5.787s] -- Up-to-date symlink: /home/mael/ros2_ws/install/zed_interfaces/include/zed_interfaces/zed_interfaces/msg/detail/pos_track_status__rosidl_typesupport_fastrtps_cpp.hpp
[5.788s] -- Up-to-date symlink: /home/mael/ros2_ws/install/zed_interfaces/include/zed_interfaces/zed_interfaces/msg/detail/skeleton2_d__rosidl_typesupport_fastrtps_cpp.hpp
[5.788s] -- Up-to-date symlink: /home/mael/ros2_ws/install/zed_interfaces/include/zed_interfaces/zed_interfaces/msg/detail/skeleton3_d__rosidl_typesupport_fastrtps_cpp.hpp
[5.789s] -- Up-to-date symlink: /home/mael/ros2_ws/install/zed_interfaces/include/zed_interfaces/zed_interfaces/msg/rosidl_typesupport_fastrtps_cpp__visibility_control.h
[5.789s] -- Up-to-date symlink: /home/mael/ros2_ws/install/zed_interfaces/include/zed_interfaces/zed_interfaces/srv/detail/set_pose__rosidl_typesupport_fastrtps_cpp.hpp
[5.789s] -- Up-to-date symlink: /home/mael/ros2_ws/install/zed_interfaces/include/zed_interfaces/zed_interfaces/srv/detail/set_roi__rosidl_typesupport_fastrtps_cpp.hpp
[5.789s] -- Up-to-date symlink: /home/mael/ros2_ws/install/zed_interfaces/include/zed_interfaces/zed_interfaces/srv/detail/start_svo_rec__rosidl_typesupport_fastrtps_cpp.hpp
[5.791s] -- Up-to-date symlink: /home/mael/ros2_ws/install/zed_interfaces/include/zed_interfaces/zed_interfaces/msg/detail/bounding_box2_df__rosidl_typesupport_introspection_c.h
[5.791s] -- Up-to-date symlink: /home/mael/ros2_ws/install/zed_interfaces/include/zed_interfaces/zed_interfaces/msg/detail/bounding_box2_di__rosidl_typesupport_introspection_c.h
[5.792s] -- Up-to-date symlink: /home/mael/ros2_ws/install/zed_interfaces/include/zed_interfaces/zed_interfaces/msg/detail/bounding_box3_d__rosidl_typesupport_introspection_c.h
[5.792s] -- Up-to-date symlink: /home/mael/ros2_ws/install/zed_interfaces/include/zed_interfaces/zed_interfaces/msg/detail/depth_info_stamped__rosidl_typesupport_introspection_c.h
[5.793s] -- Up-to-date symlink: /home/mael/ros2_ws/install/zed_interfaces/include/zed_interfaces/zed_interfaces/msg/detail/heartbeat__rosidl_typesupport_introspection_c.h
[5.793s] -- Up-to-date symlink: /home/mael/ros2_ws/install/zed_interfaces/include/zed_interfaces/zed_interfaces/msg/detail/keypoint2_df__rosidl_typesupport_introspection_c.h
[5.793s] -- Up-to-date symlink: /home/mael/ros2_ws/install/zed_interfaces/include/zed_interfaces/zed_interfaces/msg/detail/keypoint2_di__rosidl_typesupport_introspection_c.h
[5.793s] -- Up-to-date symlink: /home/mael/ros2_ws/install/zed_interfaces/include/zed_interfaces/zed_interfaces/msg/detail/keypoint3_d__rosidl_typesupport_introspection_c.h
[5.794s] -- Up-to-date symlink: /home/mael/ros2_ws/install/zed_interfaces/include/zed_interfaces/zed_interfaces/msg/detail/object__rosidl_typesupport_introspection_c.h
[5.795s] -- Up-to-date symlink: /home/mael/ros2_ws/install/zed_interfaces/include/zed_interfaces/zed_interfaces/msg/detail/objects_stamped__rosidl_typesupport_introspection_c.h
[5.795s] -- Up-to-date symlink: /home/mael/ros2_ws/install/zed_interfaces/include/zed_interfaces/zed_interfaces/msg/detail/plane_stamped__rosidl_typesupport_introspection_c.h
[5.795s] -- Up-to-date symlink: /home/mael/ros2_ws/install/zed_interfaces/include/zed_interfaces/zed_interfaces/msg/detail/pos_track_status__rosidl_typesupport_introspection_c.h
[5.796s] -- Up-to-date symlink: /home/mael/ros2_ws/install/zed_interfaces/include/zed_interfaces/zed_interfaces/msg/detail/skeleton2_d__rosidl_typesupport_introspection_c.h
[5.796s] -- Up-to-date symlink: /home/mael/ros2_ws/install/zed_interfaces/include/zed_interfaces/zed_interfaces/msg/detail/skeleton3_d__rosidl_typesupport_introspection_c.h
[5.796s] -- Up-to-date symlink: /home/mael/ros2_ws/install/zed_interfaces/include/zed_interfaces/zed_interfaces/msg/rosidl_typesupport_introspection_c__visibility_control.h
[5.796s] -- Up-to-date symlink: /home/mael/ros2_ws/install/zed_interfaces/include/zed_interfaces/zed_interfaces/srv/detail/set_pose__rosidl_typesupport_introspection_c.h
[5.796s] -- Up-to-date symlink: /home/mael/ros2_ws/install/zed_interfaces/include/zed_interfaces/zed_interfaces/srv/detail/set_roi__rosidl_typesupport_introspection_c.h
[5.797s] -- Up-to-date symlink: /home/mael/ros2_ws/install/zed_interfaces/include/zed_interfaces/zed_interfaces/srv/detail/start_svo_rec__rosidl_typesupport_introspection_c.h
[5.798s] -- Up-to-date symlink: /home/mael/ros2_ws/install/zed_interfaces/include/zed_interfaces/zed_interfaces/msg/detail/bounding_box2_df__rosidl_typesupport_introspection_cpp.hpp
[5.798s] -- Up-to-date symlink: /home/mael/ros2_ws/install/zed_interfaces/include/zed_interfaces/zed_interfaces/msg/detail/bounding_box2_di__rosidl_typesupport_introspection_cpp.hpp
[5.798s] -- Up-to-date symlink: /home/mael/ros2_ws/install/zed_interfaces/include/zed_interfaces/zed_interfaces/msg/detail/bounding_box3_d__rosidl_typesupport_introspection_cpp.hpp
[5.799s] -- Up-to-date symlink: /home/mael/ros2_ws/install/zed_interfaces/include/zed_interfaces/zed_interfaces/msg/detail/depth_info_stamped__rosidl_typesupport_introspection_cpp.hpp
[5.799s] -- Up-to-date symlink: /home/mael/ros2_ws/install/zed_interfaces/include/zed_interfaces/zed_interfaces/msg/detail/heartbeat__rosidl_typesupport_introspection_cpp.hpp
[5.799s] -- Up-to-date symlink: /home/mael/ros2_ws/install/zed_interfaces/include/zed_interfaces/zed_interfaces/msg/detail/keypoint2_df__rosidl_typesupport_introspection_cpp.hpp
[5.799s] -- Up-to-date symlink: /home/mael/ros2_ws/install/zed_interfaces/include/zed_interfaces/zed_interfaces/msg/detail/keypoint2_di__rosidl_typesupport_introspection_cpp.hpp
[5.799s] -- Up-to-date symlink: /home/mael/ros2_ws/install/zed_interfaces/include/zed_interfaces/zed_interfaces/msg/detail/keypoint3_d__rosidl_typesupport_introspection_cpp.hpp
[5.800s] -- Up-to-date symlink: /home/mael/ros2_ws/install/zed_interfaces/include/zed_interfaces/zed_interfaces/msg/detail/object__rosidl_typesupport_introspection_cpp.hpp
[5.800s] -- Up-to-date symlink: /home/mael/ros2_ws/install/zed_interfaces/include/zed_interfaces/zed_interfaces/msg/detail/objects_stamped__rosidl_typesupport_introspection_cpp.hpp
[5.800s] -- Up-to-date symlink: /home/mael/ros2_ws/install/zed_interfaces/include/zed_interfaces/zed_interfaces/msg/detail/plane_stamped__rosidl_typesupport_introspection_cpp.hpp
[5.800s] -- Up-to-date symlink: /home/mael/ros2_ws/install/zed_interfaces/include/zed_interfaces/zed_interfaces/msg/detail/pos_track_status__rosidl_typesupport_introspection_cpp.hpp
[5.801s] -- Up-to-date symlink: /home/mael/ros2_ws/install/zed_interfaces/include/zed_interfaces/zed_interfaces/msg/detail/skeleton2_d__rosidl_typesupport_introspection_cpp.hpp
[5.801s] -- Up-to-date symlink: /home/mael/ros2_ws/install/zed_interfaces/include/zed_interfaces/zed_interfaces/msg/detail/skeleton3_d__rosidl_typesupport_introspection_cpp.hpp
[5.801s] -- Up-to-date symlink: /home/mael/ros2_ws/install/zed_interfaces/include/zed_interfaces/zed_interfaces/srv/detail/set_pose__rosidl_typesupport_introspection_cpp.hpp
[5.801s] -- Up-to-date symlink: /home/mael/ros2_ws/install/zed_interfaces/include/zed_interfaces/zed_interfaces/srv/detail/set_roi__rosidl_typesupport_introspection_cpp.hpp
[5.802s] -- Up-to-date symlink: /home/mael/ros2_ws/install/zed_interfaces/include/zed_interfaces/zed_interfaces/srv/detail/start_svo_rec__rosidl_typesupport_introspection_cpp.hpp
[5.802s] -- Up-to-date symlink: /home/mael/ros2_ws/install/zed_interfaces/share/zed_interfaces/environment/pythonpath.sh
[5.802s] -- Up-to-date symlink: /home/mael/ros2_ws/install/zed_interfaces/share/zed_interfaces/environment/pythonpath.dsv
[5.803s] -- Up-to-date symlink: /home/mael/ros2_ws/install/zed_interfaces/local/lib/python3.10/dist-packages/zed_interfaces-4.0.0-py3.10.egg-info/PKG-INFO
[5.803s] -- Up-to-date symlink: /home/mael/ros2_ws/install/zed_interfaces/local/lib/python3.10/dist-packages/zed_interfaces-4.0.0-py3.10.egg-info/SOURCES.txt
[5.803s] -- Up-to-date symlink: /home/mael/ros2_ws/install/zed_interfaces/local/lib/python3.10/dist-packages/zed_interfaces-4.0.0-py3.10.egg-info/dependency_links.txt
[5.803s] -- Up-to-date symlink: /home/mael/ros2_ws/install/zed_interfaces/local/lib/python3.10/dist-packages/zed_interfaces-4.0.0-py3.10.egg-info/top_level.txt
[5.805s] -- Up-to-date symlink: /home/mael/ros2_ws/install/zed_interfaces/local/lib/python3.10/dist-packages/zed_interfaces/__init__.py
[5.806s] -- Up-to-date symlink: /home/mael/ros2_ws/install/zed_interfaces/local/lib/python3.10/dist-packages/zed_interfaces/_zed_interfaces_s.ep.rosidl_typesupport_c.c
[5.806s] -- Up-to-date symlink: /home/mael/ros2_ws/install/zed_interfaces/local/lib/python3.10/dist-packages/zed_interfaces/_zed_interfaces_s.ep.rosidl_typesupport_fastrtps_c.c
[5.806s] -- Up-to-date symlink: /home/mael/ros2_ws/install/zed_interfaces/local/lib/python3.10/dist-packages/zed_interfaces/_zed_interfaces_s.ep.rosidl_typesupport_introspection_c.c
[5.806s] -- Up-to-date symlink: /home/mael/ros2_ws/install/zed_interfaces/local/lib/python3.10/dist-packages/zed_interfaces/libzed_interfaces__rosidl_generator_py.so
[5.806s] -- Up-to-date symlink: /home/mael/ros2_ws/install/zed_interfaces/local/lib/python3.10/dist-packages/zed_interfaces/msg/__init__.py
[5.807s] -- Up-to-date symlink: /home/mael/ros2_ws/install/zed_interfaces/local/lib/python3.10/dist-packages/zed_interfaces/msg/_bounding_box2_df.py
[5.807s] -- Up-to-date symlink: /home/mael/ros2_ws/install/zed_interfaces/local/lib/python3.10/dist-packages/zed_interfaces/msg/_bounding_box2_df_s.c
[5.807s] -- Up-to-date symlink: /home/mael/ros2_ws/install/zed_interfaces/local/lib/python3.10/dist-packages/zed_interfaces/msg/_bounding_box2_di.py
[5.807s] -- Up-to-date symlink: /home/mael/ros2_ws/install/zed_interfaces/local/lib/python3.10/dist-packages/zed_interfaces/msg/_bounding_box2_di_s.c
[5.807s] -- Up-to-date symlink: /home/mael/ros2_ws/install/zed_interfaces/local/lib/python3.10/dist-packages/zed_interfaces/msg/_bounding_box3_d.py
[5.808s] -- Up-to-date symlink: /home/mael/ros2_ws/install/zed_interfaces/local/lib/python3.10/dist-packages/zed_interfaces/msg/_bounding_box3_d_s.c
[5.808s] -- Up-to-date symlink: /home/mael/ros2_ws/install/zed_interfaces/local/lib/python3.10/dist-packages/zed_interfaces/msg/_depth_info_stamped.py
[5.808s] -- Up-to-date symlink: /home/mael/ros2_ws/install/zed_interfaces/local/lib/python3.10/dist-packages/zed_interfaces/msg/_depth_info_stamped_s.c
[5.808s] -- Up-to-date symlink: /home/mael/ros2_ws/install/zed_interfaces/local/lib/python3.10/dist-packages/zed_interfaces/msg/_heartbeat.py
[5.808s] -- Up-to-date symlink: /home/mael/ros2_ws/install/zed_interfaces/local/lib/python3.10/dist-packages/zed_interfaces/msg/_heartbeat_s.c
[5.809s] -- Up-to-date symlink: /home/mael/ros2_ws/install/zed_interfaces/local/lib/python3.10/dist-packages/zed_interfaces/msg/_keypoint2_df.py
[5.809s] -- Up-to-date symlink: /home/mael/ros2_ws/install/zed_interfaces/local/lib/python3.10/dist-packages/zed_interfaces/msg/_keypoint2_df_s.c
[5.809s] -- Up-to-date symlink: /home/mael/ros2_ws/install/zed_interfaces/local/lib/python3.10/dist-packages/zed_interfaces/msg/_keypoint2_di.py
[5.809s] -- Up-to-date symlink: /home/mael/ros2_ws/install/zed_interfaces/local/lib/python3.10/dist-packages/zed_interfaces/msg/_keypoint2_di_s.c
[5.809s] -- Up-to-date symlink: /home/mael/ros2_ws/install/zed_interfaces/local/lib/python3.10/dist-packages/zed_interfaces/msg/_keypoint3_d.py
[5.810s] -- Up-to-date symlink: /home/mael/ros2_ws/install/zed_interfaces/local/lib/python3.10/dist-packages/zed_interfaces/msg/_keypoint3_d_s.c
[5.810s] -- Up-to-date symlink: /home/mael/ros2_ws/install/zed_interfaces/local/lib/python3.10/dist-packages/zed_interfaces/msg/_object.py
[5.810s] -- Up-to-date symlink: /home/mael/ros2_ws/install/zed_interfaces/local/lib/python3.10/dist-packages/zed_interfaces/msg/_object_s.c
[5.811s] -- Up-to-date symlink: /home/mael/ros2_ws/install/zed_interfaces/local/lib/python3.10/dist-packages/zed_interfaces/msg/_objects_stamped.py
[5.812s] -- Up-to-date symlink: /home/mael/ros2_ws/install/zed_interfaces/local/lib/python3.10/dist-packages/zed_interfaces/msg/_objects_stamped_s.c
[5.812s] -- Up-to-date symlink: /home/mael/ros2_ws/install/zed_interfaces/local/lib/python3.10/dist-packages/zed_interfaces/msg/_plane_stamped.py
[5.812s] -- Up-to-date symlink: /home/mael/ros2_ws/install/zed_interfaces/local/lib/python3.10/dist-packages/zed_interfaces/msg/_plane_stamped_s.c
[5.812s] -- Up-to-date symlink: /home/mael/ros2_ws/install/zed_interfaces/local/lib/python3.10/dist-packages/zed_interfaces/msg/_pos_track_status.py
[5.812s] -- Up-to-date symlink: /home/mael/ros2_ws/install/zed_interfaces/local/lib/python3.10/dist-packages/zed_interfaces/msg/_pos_track_status_s.c
[5.813s] -- Up-to-date symlink: /home/mael/ros2_ws/install/zed_interfaces/local/lib/python3.10/dist-packages/zed_interfaces/msg/_skeleton2_d.py
[5.813s] -- Up-to-date symlink: /home/mael/ros2_ws/install/zed_interfaces/local/lib/python3.10/dist-packages/zed_interfaces/msg/_skeleton2_d_s.c
[5.813s] -- Up-to-date symlink: /home/mael/ros2_ws/install/zed_interfaces/local/lib/python3.10/dist-packages/zed_interfaces/msg/_skeleton3_d.py
[5.813s] -- Up-to-date symlink: /home/mael/ros2_ws/install/zed_interfaces/local/lib/python3.10/dist-packages/zed_interfaces/msg/_skeleton3_d_s.c
[5.814s] -- Up-to-date symlink: /home/mael/ros2_ws/install/zed_interfaces/local/lib/python3.10/dist-packages/zed_interfaces/srv/__init__.py
[5.814s] -- Up-to-date symlink: /home/mael/ros2_ws/install/zed_interfaces/local/lib/python3.10/dist-packages/zed_interfaces/srv/_set_pose.py
[5.814s] -- Up-to-date symlink: /home/mael/ros2_ws/install/zed_interfaces/local/lib/python3.10/dist-packages/zed_interfaces/srv/_set_pose_s.c
[5.814s] -- Up-to-date symlink: /home/mael/ros2_ws/install/zed_interfaces/local/lib/python3.10/dist-packages/zed_interfaces/srv/_set_roi.py
[5.814s] -- Up-to-date symlink: /home/mael/ros2_ws/install/zed_interfaces/local/lib/python3.10/dist-packages/zed_interfaces/srv/_set_roi_s.c
[5.814s] -- Up-to-date symlink: /home/mael/ros2_ws/install/zed_interfaces/local/lib/python3.10/dist-packages/zed_interfaces/srv/_start_svo_rec.py
[5.815s] -- Up-to-date symlink: /home/mael/ros2_ws/install/zed_interfaces/local/lib/python3.10/dist-packages/zed_interfaces/srv/_start_svo_rec_s.c
[5.815s] -- Up-to-date symlink: /home/mael/ros2_ws/install/zed_interfaces/local/lib/python3.10/dist-packages/zed_interfaces/zed_interfaces_s__rosidl_typesupport_c.cpython-310-x86_64-linux-gnu.so
[5.815s] -- Up-to-date symlink: /home/mael/ros2_ws/install/zed_interfaces/local/lib/python3.10/dist-packages/zed_interfaces/zed_interfaces_s__rosidl_typesupport_fastrtps_c.cpython-310-x86_64-linux-gnu.so
[5.815s] -- Up-to-date symlink: /home/mael/ros2_ws/install/zed_interfaces/local/lib/python3.10/dist-packages/zed_interfaces/zed_interfaces_s__rosidl_typesupport_introspection_c.cpython-310-x86_64-linux-gnu.so
[5.815s] -- Up-to-date symlink: /home/mael/ros2_ws/install/zed_interfaces/local/lib/python3.10/dist-packages/zed_interfaces/zed_interfaces_s__rosidl_typesupport_fastrtps_c.cpython-310-x86_64-linux-gnu.so
[5.816s] -- Up-to-date symlink: /home/mael/ros2_ws/install/zed_interfaces/local/lib/python3.10/dist-packages/zed_interfaces/zed_interfaces_s__rosidl_typesupport_introspection_c.cpython-310-x86_64-linux-gnu.so
[5.816s] -- Up-to-date symlink: /home/mael/ros2_ws/install/zed_interfaces/local/lib/python3.10/dist-packages/zed_interfaces/zed_interfaces_s__rosidl_typesupport_c.cpython-310-x86_64-linux-gnu.so
[5.817s] -- Up-to-date symlink: /home/mael/ros2_ws/install/zed_interfaces/share/zed_interfaces/msg/Object.idl
[5.817s] -- Up-to-date symlink: /home/mael/ros2_ws/install/zed_interfaces/share/zed_interfaces/msg/ObjectsStamped.idl
[5.817s] -- Up-to-date symlink: /home/mael/ros2_ws/install/zed_interfaces/share/zed_interfaces/msg/Keypoint2Di.idl
[5.818s] -- Up-to-date symlink: /home/mael/ros2_ws/install/zed_interfaces/share/zed_interfaces/msg/Keypoint2Df.idl
[5.818s] -- Up-to-date symlink: /home/mael/ros2_ws/install/zed_interfaces/share/zed_interfaces/msg/Keypoint3D.idl
[5.818s] -- Up-to-date symlink: /home/mael/ros2_ws/install/zed_interfaces/share/zed_interfaces/msg/BoundingBox2Di.idl
[5.818s] -- Up-to-date symlink: /home/mael/ros2_ws/install/zed_interfaces/share/zed_interfaces/msg/BoundingBox2Df.idl
[5.819s] -- Up-to-date symlink: /home/mael/ros2_ws/install/zed_interfaces/share/zed_interfaces/msg/BoundingBox3D.idl
[5.820s] -- Up-to-date symlink: /home/mael/ros2_ws/install/zed_interfaces/share/zed_interfaces/msg/Skeleton2D.idl
[5.820s] -- Up-to-date symlink: /home/mael/ros2_ws/install/zed_interfaces/share/zed_interfaces/msg/Skeleton3D.idl
[5.820s] -- Up-to-date symlink: /home/mael/ros2_ws/install/zed_interfaces/share/zed_interfaces/msg/DepthInfoStamped.idl
[5.821s] -- Up-to-date symlink: /home/mael/ros2_ws/install/zed_interfaces/share/zed_interfaces/msg/PlaneStamped.idl
[5.821s] -- Up-to-date symlink: /home/mael/ros2_ws/install/zed_interfaces/share/zed_interfaces/msg/PosTrackStatus.idl
[5.821s] -- Up-to-date symlink: /home/mael/ros2_ws/install/zed_interfaces/share/zed_interfaces/msg/Heartbeat.idl
[5.822s] -- Up-to-date symlink: /home/mael/ros2_ws/install/zed_interfaces/share/zed_interfaces/srv/SetPose.idl
[5.822s] -- Up-to-date symlink: /home/mael/ros2_ws/install/zed_interfaces/share/zed_interfaces/srv/StartSvoRec.idl
[5.822s] -- Up-to-date symlink: /home/mael/ros2_ws/install/zed_interfaces/share/zed_interfaces/srv/SetROI.idl
[5.822s] -- Up-to-date symlink: /home/mael/ros2_ws/install/zed_interfaces/share/zed_interfaces/msg/Object.msg
[5.822s] -- Up-to-date symlink: /home/mael/ros2_ws/install/zed_interfaces/share/zed_interfaces/msg/ObjectsStamped.msg
[5.823s] -- Up-to-date symlink: /home/mael/ros2_ws/install/zed_interfaces/share/zed_interfaces/msg/Keypoint2Di.msg
[5.823s] -- Up-to-date symlink: /home/mael/ros2_ws/install/zed_interfaces/share/zed_interfaces/msg/Keypoint2Df.msg
[5.823s] -- Up-to-date symlink: /home/mael/ros2_ws/install/zed_interfaces/share/zed_interfaces/msg/Keypoint3D.msg
[5.823s] -- Up-to-date symlink: /home/mael/ros2_ws/install/zed_interfaces/share/zed_interfaces/msg/BoundingBox2Di.msg
[5.823s] -- Up-to-date symlink: /home/mael/ros2_ws/install/zed_interfaces/share/zed_interfaces/msg/BoundingBox2Df.msg
[5.823s] -- Up-to-date symlink: /home/mael/ros2_ws/install/zed_interfaces/share/zed_interfaces/msg/BoundingBox3D.msg
[5.824s] -- Up-to-date symlink: /home/mael/ros2_ws/install/zed_interfaces/share/zed_interfaces/msg/Skeleton2D.msg
[5.824s] -- Up-to-date symlink: /home/mael/ros2_ws/install/zed_interfaces/share/zed_interfaces/msg/Skeleton3D.msg
[5.824s] -- Up-to-date symlink: /home/mael/ros2_ws/install/zed_interfaces/share/zed_interfaces/msg/DepthInfoStamped.msg
[5.824s] -- Up-to-date symlink: /home/mael/ros2_ws/install/zed_interfaces/share/zed_interfaces/msg/PlaneStamped.msg
[5.825s] -- Up-to-date symlink: /home/mael/ros2_ws/install/zed_interfaces/share/zed_interfaces/msg/PosTrackStatus.msg
[5.825s] -- Up-to-date symlink: /home/mael/ros2_ws/install/zed_interfaces/share/zed_interfaces/msg/Heartbeat.msg
[5.825s] -- Up-to-date symlink: /home/mael/ros2_ws/install/zed_interfaces/share/zed_interfaces/srv/SetPose.srv
[5.827s] -- Up-to-date symlink: /home/mael/ros2_ws/install/zed_interfaces/share/zed_interfaces/srv/SetPose_Request.msg
[5.827s] -- Up-to-date symlink: /home/mael/ros2_ws/install/zed_interfaces/share/zed_interfaces/srv/SetPose_Response.msg
[5.827s] -- Up-to-date symlink: /home/mael/ros2_ws/install/zed_interfaces/share/zed_interfaces/srv/StartSvoRec.srv
[5.827s] -- Up-to-date symlink: /home/mael/ros2_ws/install/zed_interfaces/share/zed_interfaces/srv/StartSvoRec_Request.msg
[5.830s] -- Up-to-date symlink: /home/mael/ros2_ws/install/zed_interfaces/share/zed_interfaces/srv/StartSvoRec_Response.msg
[5.830s] -- Up-to-date symlink: /home/mael/ros2_ws/install/zed_interfaces/share/zed_interfaces/srv/SetROI.srv
[5.830s] -- Up-to-date symlink: /home/mael/ros2_ws/install/zed_interfaces/share/zed_interfaces/srv/SetROI_Request.msg
[5.830s] -- Up-to-date symlink: /home/mael/ros2_ws/install/zed_interfaces/share/zed_interfaces/srv/SetROI_Response.msg
[5.831s] -- Up-to-date symlink: /home/mael/ros2_ws/install/zed_interfaces/share/zed_interfaces/meshes/zed.stl
[5.831s] -- Up-to-date symlink: /home/mael/ros2_ws/install/zed_interfaces/share/zed_interfaces/meshes/zed2.stl
[5.831s] -- Up-to-date symlink: /home/mael/ros2_ws/install/zed_interfaces/share/zed_interfaces/meshes/zed2i.stl
[5.831s] -- Up-to-date symlink: /home/mael/ros2_ws/install/zed_interfaces/share/zed_interfaces/meshes/zedm.stl
[5.832s] -- Up-to-date symlink: /home/mael/ros2_ws/install/zed_interfaces/share/zed_interfaces/meshes/zedx.stl
[5.832s] -- Up-to-date symlink: /home/mael/ros2_ws/install/zed_interfaces/share/zed_interfaces/meshes/zedxm.stl
[5.834s] -- Up-to-date symlink: /home/mael/ros2_ws/install/zed_interfaces/share/ament_index/resource_index/package_run_dependencies/zed_interfaces
[5.834s] -- Up-to-date symlink: /home/mael/ros2_ws/install/zed_interfaces/share/ament_index/resource_index/parent_prefix_path/zed_interfaces
[5.834s] -- Up-to-date symlink: /home/mael/ros2_ws/install/zed_interfaces/share/zed_interfaces/environment/ament_prefix_path.sh
[5.835s] -- Up-to-date symlink: /home/mael/ros2_ws/install/zed_interfaces/share/zed_interfaces/environment/ament_prefix_path.dsv
[5.835s] -- Up-to-date symlink: /home/mael/ros2_ws/install/zed_interfaces/share/zed_interfaces/environment/path.sh
[5.835s] -- Up-to-date symlink: /home/mael/ros2_ws/install/zed_interfaces/share/zed_interfaces/environment/path.dsv
[5.836s] -- Up-to-date symlink: /home/mael/ros2_ws/install/zed_interfaces/share/zed_interfaces/local_setup.bash
[5.836s] -- Up-to-date symlink: /home/mael/ros2_ws/install/zed_interfaces/share/zed_interfaces/local_setup.sh
[5.836s] -- Up-to-date symlink: /home/mael/ros2_ws/install/zed_interfaces/share/zed_interfaces/local_setup.zsh
[5.837s] -- Up-to-date symlink: /home/mael/ros2_ws/install/zed_interfaces/share/zed_interfaces/local_setup.dsv
[5.837s] -- Symlinking: /home/mael/ros2_ws/install/zed_interfaces/share/zed_interfaces/package.dsv
[5.855s] -- Up-to-date symlink: /home/mael/ros2_ws/install/zed_interfaces/share/ament_index/resource_index/packages/zed_interfaces
[5.857s] -- Up-to-date symlink: /home/mael/ros2_ws/install/zed_interfaces/share/zed_interfaces/cmake/rosidl_cmake-extras.cmake
[5.857s] -- Up-to-date symlink: /home/mael/ros2_ws/install/zed_interfaces/share/zed_interfaces/cmake/ament_cmake_export_dependencies-extras.cmake
[5.857s] -- Up-to-date symlink: /home/mael/ros2_ws/install/zed_interfaces/share/zed_interfaces/cmake/ament_cmake_export_include_directories-extras.cmake
[5.857s] -- Up-to-date symlink: /home/mael/ros2_ws/install/zed_interfaces/share/zed_interfaces/cmake/ament_cmake_export_libraries-extras.cmake
[5.857s] -- Up-to-date symlink: /home/mael/ros2_ws/install/zed_interfaces/share/zed_interfaces/cmake/ament_cmake_export_targets-extras.cmake
[5.857s] -- Up-to-date symlink: /home/mael/ros2_ws/install/zed_interfaces/share/zed_interfaces/cmake/rosidl_cmake_export_typesupport_targets-extras.cmake
[5.858s] -- Up-to-date symlink: /home/mael/ros2_ws/install/zed_interfaces/share/zed_interfaces/cmake/rosidl_cmake_export_typesupport_libraries-extras.cmake
[5.858s] -- Up-to-date symlink: /home/mael/ros2_ws/install/zed_interfaces/share/zed_interfaces/cmake/zed_interfacesConfig.cmake
[5.858s] -- Up-to-date symlink: /home/mael/ros2_ws/install/zed_interfaces/share/zed_interfaces/cmake/zed_interfacesConfig-version.cmake
[5.858s] -- Up-to-date symlink: /home/mael/ros2_ws/install/zed_interfaces/share/zed_interfaces/package.xml
[5.858s] -- Up-to-date: /home/mael/ros2_ws/install/zed_interfaces/lib/libzed_interfaces__rosidl_generator_c.so
[5.861s] -- Up-to-date: /home/mael/ros2_ws/install/zed_interfaces/lib/libzed_interfaces__rosidl_typesupport_fastrtps_c.so
[5.861s] -- Up-to-date: /home/mael/ros2_ws/install/zed_interfaces/lib/libzed_interfaces__rosidl_typesupport_fastrtps_cpp.so
[5.861s] -- Up-to-date: /home/mael/ros2_ws/install/zed_interfaces/lib/libzed_interfaces__rosidl_typesupport_introspection_c.so
[5.862s] -- Up-to-date: /home/mael/ros2_ws/install/zed_interfaces/lib/libzed_interfaces__rosidl_typesupport_c.so
[5.862s] -- Up-to-date: /home/mael/ros2_ws/install/zed_interfaces/lib/libzed_interfaces__rosidl_typesupport_introspection_cpp.so
[5.862s] -- Up-to-date: /home/mael/ros2_ws/install/zed_interfaces/lib/libzed_interfaces__rosidl_typesupport_cpp.so
[5.921s] Listing '/home/mael/ros2_ws/install/zed_interfaces/local/lib/python3.10/dist-packages/zed_interfaces'...
[5.921s] Listing '/home/mael/ros2_ws/install/zed_interfaces/local/lib/python3.10/dist-packages/zed_interfaces/msg'...
[5.921s] Listing '/home/mael/ros2_ws/install/zed_interfaces/local/lib/python3.10/dist-packages/zed_interfaces/srv'...
[5.927s] -- Up-to-date: /home/mael/ros2_ws/install/zed_interfaces/lib/libzed_interfaces__rosidl_generator_py.so
[5.927s] -- Up-to-date: /home/mael/ros2_ws/install/zed_interfaces/share/zed_interfaces/cmake/export_zed_interfaces__rosidl_generator_cExport.cmake
[5.928s] -- Up-to-date: /home/mael/ros2_ws/install/zed_interfaces/share/zed_interfaces/cmake/export_zed_interfaces__rosidl_generator_cExport-noconfig.cmake
[5.928s] -- Up-to-date: /home/mael/ros2_ws/install/zed_interfaces/share/zed_interfaces/cmake/export_zed_interfaces__rosidl_typesupport_fastrtps_cExport.cmake
[5.928s] -- Up-to-date: /home/mael/ros2_ws/install/zed_interfaces/share/zed_interfaces/cmake/export_zed_interfaces__rosidl_typesupport_fastrtps_cExport-noconfig.cmake
[5.928s] -- Up-to-date: /home/mael/ros2_ws/install/zed_interfaces/share/zed_interfaces/cmake/export_zed_interfaces__rosidl_generator_cppExport.cmake
[5.928s] -- Up-to-date: /home/mael/ros2_ws/install/zed_interfaces/share/zed_interfaces/cmake/export_zed_interfaces__rosidl_typesupport_fastrtps_cppExport.cmake
[5.929s] -- Up-to-date: /home/mael/ros2_ws/install/zed_interfaces/share/zed_interfaces/cmake/export_zed_interfaces__rosidl_typesupport_fastrtps_cppExport-noconfig.cmake
[5.929s] -- Up-to-date: /home/mael/ros2_ws/install/zed_interfaces/share/zed_interfaces/cmake/zed_interfaces__rosidl_typesupport_introspection_cExport.cmake
[5.929s] -- Up-to-date: /home/mael/ros2_ws/install/zed_interfaces/share/zed_interfaces/cmake/zed_interfaces__rosidl_typesupport_introspection_cExport-noconfig.cmake
[5.929s] -- Up-to-date: /home/mael/ros2_ws/install/zed_interfaces/share/zed_interfaces/cmake/zed_interfaces__rosidl_typesupport_cExport.cmake
[5.929s] -- Up-to-date: /home/mael/ros2_ws/install/zed_interfaces/share/zed_interfaces/cmake/zed_interfaces__rosidl_typesupport_cExport-noconfig.cmake
[5.929s] -- Up-to-date: /home/mael/ros2_ws/install/zed_interfaces/share/zed_interfaces/cmake/zed_interfaces__rosidl_typesupport_introspection_cppExport.cmake
[5.930s] -- Up-to-date: /home/mael/ros2_ws/install/zed_interfaces/share/zed_interfaces/cmake/zed_interfaces__rosidl_typesupport_introspection_cppExport-noconfig.cmake
[5.930s] -- Up-to-date: /home/mael/ros2_ws/install/zed_interfaces/share/zed_interfaces/cmake/zed_interfaces__rosidl_typesupport_cppExport.cmake
[5.930s] -- Up-to-date: /home/mael/ros2_ws/install/zed_interfaces/share/zed_interfaces/cmake/zed_interfaces__rosidl_typesupport_cppExport-noconfig.cmake
[5.930s] -- Up-to-date: /home/mael/ros2_ws/install/zed_interfaces/share/zed_interfaces/cmake/export_zed_interfaces__rosidl_generator_pyExport.cmake
[5.930s] -- Up-to-date: /home/mael/ros2_ws/install/zed_interfaces/share/zed_interfaces/cmake/export_zed_interfaces__rosidl_generator_pyExport-noconfig.cmake
[9.352s] Invoked command in '/home/mael/ros2_ws/build/zed_interfaces' returned '0': CMAKE_PREFIX_PATH=${CMAKE_PREFIX_PATH}:/home/mael/ros2_ws/install/ros_tcp_endpoint:/home/mael/ros2_ws/install/baxter_joint_controller:/home/mael/ros2_ws/install/baxter_6dof_vr:/opt/ros/humble /usr/bin/cmake --install /home/mael/ros2_ws/build/zed_interfaces
