[0.012s] Invoking command in '/home/mael/ros2_ws/build/zed_wrapper': CMAKE_PREFIX_PATH=/home/mael/ros2_ws/install/zed_components:/home/mael/ros2_ws/install/zed_interfaces:/home/mael/ros2_ws/install/zed_ros2:/home/mael/ros2_ws/install/zed_wrapper:/home/mael/ros2_ws/install/baxter_moveit_ros2:/home/mael/ros2_ws/install/baxter_description:/home/mael/ros2_ws/install/rethink_ee_description:/home/mael/ros2_ws/install/perception_pcl:/home/mael/ros2_ws/install/pcl_ros:/home/mael/ros2_ws/install/pcl_conversions:/home/mael/ros2_ws/install/baxter_maintenance_msgs:/home/mael/ros2_ws/install/baxter_core_msgs:/home/mael/ros2_ws/install/apriltag_ros_pose:/home/mael/ros2_ws/install/apriltag_ros2:/home/mael/ros2_ws/install/ros_tcp_endpoint:/home/mael/ros2_ws/install/baxter_joint_controller:/home/mael/ros2_ws/install/baxter_6dof_vr:/opt/ros/humble /usr/bin/cmake /home/mael/ros2_ws/src/zed-ros2-wrapper/zed_wrapper -DAMENT_CMAKE_SYMLINK_INSTALL=1 -DCMAKE_INSTALL_PREFIX=/home/mael/ros2_ws/install/zed_wrapper
[0.304s] -- The C compiler identification is GNU 11.3.0
[0.352s] -- The CXX compiler identification is GNU 11.3.0
[0.358s] -- Detecting C compiler ABI info
[0.417s] -- Detecting C compiler ABI info - done
[0.429s] -- Check for working C compiler: /usr/bin/cc - skipped
[0.430s] -- Detecting C compile features
[0.430s] -- Detecting C compile features - done
[0.434s] -- Detecting CXX compiler ABI info
[0.507s] -- Detecting CXX compiler ABI info - done
[0.520s] -- Check for working CXX compiler: /usr/bin/c++ - skipped
[0.520s] -- Detecting CXX compile features
[0.521s] -- Detecting CXX compile features - done
[0.528s] -- Looking for sgemm_
[0.589s] -- Looking for sgemm_ - not found
[0.590s] -- Looking for pthread.h
[0.655s] -- Looking for pthread.h - found
[0.655s] -- Performing Test CMAKE_HAVE_LIBC_PTHREAD
[0.722s] -- Performing Test CMAKE_HAVE_LIBC_PTHREAD - Success
[0.723s] -- Found Threads: TRUE  
[0.757s] -- Looking for sgemm_
[0.854s] -- Looking for sgemm_ - found
[0.855s] -- Found BLAS: /usr/lib/x86_64-linux-gnu/libopenblas.so  
[0.877s] -- Found CUDA: /usr/local/cuda (found suitable version "12.1", minimum required is "12") 
[0.920s] -- Found CUDA: /usr/local/cuda (found version "12.1") 
[0.923s] -- Found ament_cmake_auto: 1.3.5 (/opt/ros/humble/share/ament_cmake_auto/cmake)
[1.097s] -- Found Python3: /usr/bin/python3.10 (found version "3.10.6") found components: Interpreter 
[1.155s] -- Override CMake install command with custom implementation using symlinks instead of copying resources
[1.303s] -- Found rosidl_generator_c: 3.1.4 (/opt/ros/humble/share/rosidl_generator_c/cmake)
[1.310s] -- Found rosidl_adapter: 3.1.4 (/opt/ros/humble/share/rosidl_adapter/cmake)
[1.321s] -- Found rosidl_generator_cpp: 3.1.4 (/opt/ros/humble/share/rosidl_generator_cpp/cmake)
[1.336s] -- Using all available rosidl_typesupport_c: rosidl_typesupport_fastrtps_c;rosidl_typesupport_introspection_c
[1.359s] -- Using all available rosidl_typesupport_cpp: rosidl_typesupport_fastrtps_cpp;rosidl_typesupport_introspection_cpp
[1.438s] -- Found rmw_implementation_cmake: 6.1.1 (/opt/ros/humble/share/rmw_implementation_cmake/cmake)
[1.442s] -- Found rmw_fastrtps_cpp: 6.2.2 (/opt/ros/humble/share/rmw_fastrtps_cpp/cmake)
[1.547s] -- Found OpenSSL: /usr/lib/x86_64-linux-gnu/libcrypto.so (found version "3.0.2")  
[1.572s] -- Found FastRTPS: /opt/ros/humble/include  
[1.627s] -- Using RMW implementation 'rmw_fastrtps_cpp' as default
[2.383s] -- Found eigen3_cmake_module: 0.1.1 (/opt/ros/humble/share/eigen3_cmake_module/cmake)
[2.384s] -- Found Eigen3: TRUE (found version "3.4.0") 
[2.384s] -- Ensuring Eigen3 include directory is part of orocos-kdl CMake target
[3.614s] -- Found ament_lint_auto: 0.12.6 (/opt/ros/humble/share/ament_lint_auto/cmake)
[5.671s] -- Added test 'copyright' to check source files copyright and LICENSE
[5.671s] -- Added test 'cppcheck' to perform static code analysis on C / C++ code
[5.672s] -- Configured cppcheck include dirs: /home/mael/ros2_ws/src/zed-ros2-wrapper/zed_wrapper/src
[5.672s] -- Configured cppcheck exclude dirs and/or files: 
[5.672s] -- Added test 'lint_cmake' to check CMake code style
[5.672s] -- Added test 'pep257' to check Python code against some of the docstring style conventions in PEP 257
[5.672s] -- Added test 'uncrustify' to check C / C++ code style
[5.672s] -- Configured uncrustify additional arguments: 
[5.672s] -- Added test 'xmllint' to check XML markup files
[5.672s] -- Configuring done
[7.333s] -- Generating done
[7.574s] -- Build files have been written to: /home/mael/ros2_ws/build/zed_wrapper
[7.583s] Invoked command in '/home/mael/ros2_ws/build/zed_wrapper' returned '0': CMAKE_PREFIX_PATH=/home/mael/ros2_ws/install/zed_components:/home/mael/ros2_ws/install/zed_interfaces:/home/mael/ros2_ws/install/zed_ros2:/home/mael/ros2_ws/install/zed_wrapper:/home/mael/ros2_ws/install/baxter_moveit_ros2:/home/mael/ros2_ws/install/baxter_description:/home/mael/ros2_ws/install/rethink_ee_description:/home/mael/ros2_ws/install/perception_pcl:/home/mael/ros2_ws/install/pcl_ros:/home/mael/ros2_ws/install/pcl_conversions:/home/mael/ros2_ws/install/baxter_maintenance_msgs:/home/mael/ros2_ws/install/baxter_core_msgs:/home/mael/ros2_ws/install/apriltag_ros_pose:/home/mael/ros2_ws/install/apriltag_ros2:/home/mael/ros2_ws/install/ros_tcp_endpoint:/home/mael/ros2_ws/install/baxter_joint_controller:/home/mael/ros2_ws/install/baxter_6dof_vr:/opt/ros/humble /usr/bin/cmake /home/mael/ros2_ws/src/zed-ros2-wrapper/zed_wrapper -DAMENT_CMAKE_SYMLINK_INSTALL=1 -DCMAKE_INSTALL_PREFIX=/home/mael/ros2_ws/install/zed_wrapper
[7.585s] Invoking command in '/home/mael/ros2_ws/build/zed_wrapper': CMAKE_PREFIX_PATH=/home/mael/ros2_ws/install/zed_components:/home/mael/ros2_ws/install/zed_interfaces:/home/mael/ros2_ws/install/zed_ros2:/home/mael/ros2_ws/install/zed_wrapper:/home/mael/ros2_ws/install/baxter_moveit_ros2:/home/mael/ros2_ws/install/baxter_description:/home/mael/ros2_ws/install/rethink_ee_description:/home/mael/ros2_ws/install/perception_pcl:/home/mael/ros2_ws/install/pcl_ros:/home/mael/ros2_ws/install/pcl_conversions:/home/mael/ros2_ws/install/baxter_maintenance_msgs:/home/mael/ros2_ws/install/baxter_core_msgs:/home/mael/ros2_ws/install/apriltag_ros_pose:/home/mael/ros2_ws/install/apriltag_ros2:/home/mael/ros2_ws/install/ros_tcp_endpoint:/home/mael/ros2_ws/install/baxter_joint_controller:/home/mael/ros2_ws/install/baxter_6dof_vr:/opt/ros/humble /usr/bin/cmake --build /home/mael/ros2_ws/build/zed_wrapper -- -j8 -l8
[7.631s] [ 50%] [32mBuilding CXX object CMakeFiles/zed_wrapper.dir/src/zed_wrapper.cpp.o[0m
[12.271s] In file included from [01m[K/home/mael/ros2_ws/install/zed_components/include/zed_components/zed_camera_component.hpp:19[m[K,
[12.271s]                  from [01m[K/home/mael/ros2_ws/src/zed-ros2-wrapper/zed_wrapper/src/zed_wrapper.cpp:17[m[K:
[12.271s] [01m[K/usr/local/zed/include/sl/Fusion.hpp:68:64:[m[K [01;36m[Knote: [m[K‘[01m[K#pragma message: ~ FUSION SDK is distributed in Early Access ~[m[K’
[12.271s]    68 | #pragma message("~ FUSION SDK is distributed in Early Access ~"[01;36m[K)[m[K
[12.271s]       |                                                                [01;36m[K^[m[K
[17.442s] [100%] [32m[1mLinking CXX executable zed_wrapper[0m
[23.649s] [100%] Built target zed_wrapper
[23.660s] Invoked command in '/home/mael/ros2_ws/build/zed_wrapper' returned '0': CMAKE_PREFIX_PATH=/home/mael/ros2_ws/install/zed_components:/home/mael/ros2_ws/install/zed_interfaces:/home/mael/ros2_ws/install/zed_ros2:/home/mael/ros2_ws/install/zed_wrapper:/home/mael/ros2_ws/install/baxter_moveit_ros2:/home/mael/ros2_ws/install/baxter_description:/home/mael/ros2_ws/install/rethink_ee_description:/home/mael/ros2_ws/install/perception_pcl:/home/mael/ros2_ws/install/pcl_ros:/home/mael/ros2_ws/install/pcl_conversions:/home/mael/ros2_ws/install/baxter_maintenance_msgs:/home/mael/ros2_ws/install/baxter_core_msgs:/home/mael/ros2_ws/install/apriltag_ros_pose:/home/mael/ros2_ws/install/apriltag_ros2:/home/mael/ros2_ws/install/ros_tcp_endpoint:/home/mael/ros2_ws/install/baxter_joint_controller:/home/mael/ros2_ws/install/baxter_6dof_vr:/opt/ros/humble /usr/bin/cmake --build /home/mael/ros2_ws/build/zed_wrapper -- -j8 -l8
[23.685s] Invoking command in '/home/mael/ros2_ws/build/zed_wrapper': CMAKE_PREFIX_PATH=/home/mael/ros2_ws/install/zed_components:/home/mael/ros2_ws/install/zed_interfaces:/home/mael/ros2_ws/install/zed_ros2:/home/mael/ros2_ws/install/zed_wrapper:/home/mael/ros2_ws/install/baxter_moveit_ros2:/home/mael/ros2_ws/install/baxter_description:/home/mael/ros2_ws/install/rethink_ee_description:/home/mael/ros2_ws/install/perception_pcl:/home/mael/ros2_ws/install/pcl_ros:/home/mael/ros2_ws/install/pcl_conversions:/home/mael/ros2_ws/install/baxter_maintenance_msgs:/home/mael/ros2_ws/install/baxter_core_msgs:/home/mael/ros2_ws/install/apriltag_ros_pose:/home/mael/ros2_ws/install/apriltag_ros2:/home/mael/ros2_ws/install/ros_tcp_endpoint:/home/mael/ros2_ws/install/baxter_joint_controller:/home/mael/ros2_ws/install/baxter_6dof_vr:/opt/ros/humble /usr/bin/cmake --install /home/mael/ros2_ws/build/zed_wrapper
[23.691s] -- Install configuration: "Release"
[23.692s] -- Execute custom install script
[23.692s] -- Symlinking: /home/mael/ros2_ws/install/zed_wrapper/lib/zed_wrapper/zed_wrapper
[23.700s] -- Symlinking: /home/mael/ros2_ws/install/zed_wrapper/share/zed_wrapper/config/common.yaml
[23.708s] -- Symlinking: /home/mael/ros2_ws/install/zed_wrapper/share/zed_wrapper/config/zed.yaml
[23.715s] -- Symlinking: /home/mael/ros2_ws/install/zed_wrapper/share/zed_wrapper/config/zed2.yaml
[23.722s] -- Symlinking: /home/mael/ros2_ws/install/zed_wrapper/share/zed_wrapper/config/zed2i.yaml
[23.730s] -- Symlinking: /home/mael/ros2_ws/install/zed_wrapper/share/zed_wrapper/config/zedm.yaml
[23.738s] -- Symlinking: /home/mael/ros2_ws/install/zed_wrapper/share/zed_wrapper/config/zedx.yaml
[23.745s] -- Symlinking: /home/mael/ros2_ws/install/zed_wrapper/share/zed_wrapper/config/zedxm.yaml
[23.753s] -- Symlinking: /home/mael/ros2_ws/install/zed_wrapper/share/zed_wrapper/urdf/include/materials.urdf.xacro
[23.761s] -- Symlinking: /home/mael/ros2_ws/install/zed_wrapper/share/zed_wrapper/urdf/zed_descr.urdf.xacro
[23.768s] -- Symlinking: /home/mael/ros2_ws/install/zed_wrapper/share/zed_wrapper/urdf/zed_macro.urdf.xacro
[23.776s] -- Symlinking: /home/mael/ros2_ws/install/zed_wrapper/share/zed_wrapper/launch/include/zed_camera.launch.py
[23.783s] -- Symlinking: /home/mael/ros2_ws/install/zed_wrapper/share/zed_wrapper/launch/zed.launch.py
[23.791s] -- Symlinking: /home/mael/ros2_ws/install/zed_wrapper/share/zed_wrapper/launch/zed2.launch.py
[23.798s] -- Symlinking: /home/mael/ros2_ws/install/zed_wrapper/share/zed_wrapper/launch/zed2i.launch.py
[23.806s] -- Symlinking: /home/mael/ros2_ws/install/zed_wrapper/share/zed_wrapper/launch/zedm.launch.py
[23.813s] -- Symlinking: /home/mael/ros2_ws/install/zed_wrapper/share/zed_wrapper/launch/zedx.launch.py
[23.821s] -- Symlinking: /home/mael/ros2_ws/install/zed_wrapper/share/zed_wrapper/launch/zedxm.launch.py
[23.829s] -- Symlinking: /home/mael/ros2_ws/install/zed_wrapper/share/ament_index/resource_index/package_run_dependencies/zed_wrapper
[23.836s] -- Symlinking: /home/mael/ros2_ws/install/zed_wrapper/share/ament_index/resource_index/parent_prefix_path/zed_wrapper
[23.844s] -- Symlinking: /home/mael/ros2_ws/install/zed_wrapper/share/zed_wrapper/environment/ament_prefix_path.sh
[23.852s] -- Symlinking: /home/mael/ros2_ws/install/zed_wrapper/share/zed_wrapper/environment/ament_prefix_path.dsv
[23.859s] -- Symlinking: /home/mael/ros2_ws/install/zed_wrapper/share/zed_wrapper/environment/path.sh
[23.867s] -- Symlinking: /home/mael/ros2_ws/install/zed_wrapper/share/zed_wrapper/environment/path.dsv
[23.874s] -- Symlinking: /home/mael/ros2_ws/install/zed_wrapper/share/zed_wrapper/local_setup.bash
[23.882s] -- Symlinking: /home/mael/ros2_ws/install/zed_wrapper/share/zed_wrapper/local_setup.sh
[23.889s] -- Symlinking: /home/mael/ros2_ws/install/zed_wrapper/share/zed_wrapper/local_setup.zsh
[23.897s] -- Symlinking: /home/mael/ros2_ws/install/zed_wrapper/share/zed_wrapper/local_setup.dsv
[23.905s] -- Symlinking: /home/mael/ros2_ws/install/zed_wrapper/share/zed_wrapper/package.dsv
[23.913s] -- Symlinking: /home/mael/ros2_ws/install/zed_wrapper/share/ament_index/resource_index/packages/zed_wrapper
[23.920s] -- Symlinking: /home/mael/ros2_ws/install/zed_wrapper/share/zed_wrapper/cmake/zed_wrapperConfig.cmake
[23.928s] -- Symlinking: /home/mael/ros2_ws/install/zed_wrapper/share/zed_wrapper/cmake/zed_wrapperConfig-version.cmake
[23.936s] -- Symlinking: /home/mael/ros2_ws/install/zed_wrapper/share/zed_wrapper/package.xml
[23.945s] Invoked command in '/home/mael/ros2_ws/build/zed_wrapper' returned '0': CMAKE_PREFIX_PATH=/home/mael/ros2_ws/install/zed_components:/home/mael/ros2_ws/install/zed_interfaces:/home/mael/ros2_ws/install/zed_ros2:/home/mael/ros2_ws/install/zed_wrapper:/home/mael/ros2_ws/install/baxter_moveit_ros2:/home/mael/ros2_ws/install/baxter_description:/home/mael/ros2_ws/install/rethink_ee_description:/home/mael/ros2_ws/install/perception_pcl:/home/mael/ros2_ws/install/pcl_ros:/home/mael/ros2_ws/install/pcl_conversions:/home/mael/ros2_ws/install/baxter_maintenance_msgs:/home/mael/ros2_ws/install/baxter_core_msgs:/home/mael/ros2_ws/install/apriltag_ros_pose:/home/mael/ros2_ws/install/apriltag_ros2:/home/mael/ros2_ws/install/ros_tcp_endpoint:/home/mael/ros2_ws/install/baxter_joint_controller:/home/mael/ros2_ws/install/baxter_6dof_vr:/opt/ros/humble /usr/bin/cmake --install /home/mael/ros2_ws/build/zed_wrapper
