[7.084s] Invoking command in '/home/mael/ros2_ws/build/baxter_joint_controller': PYTHONPATH=/home/mael/ros2_ws/build/baxter_joint_controller/prefix_override:/home/mael/ros2_ws/install/baxter_joint_controller/lib/python3.10/site-packages:${PYTHONPATH} /usr/bin/python3 setup.py develop --editable --build-directory /home/mael/ros2_ws/build/baxter_joint_controller/build --no-deps install_data
[7.527s] running develop
[7.528s] /usr/lib/python3/dist-packages/setuptools/command/easy_install.py:158: EasyInstallDeprecationWarning: easy_install command is deprecated. Use build and pip and other standards-based tools.
[7.528s]   warnings.warn(
[7.529s] /usr/lib/python3/dist-packages/setuptools/command/install.py:34: SetuptoolsDeprecationWarning: setup.py install is deprecated. Use build and pip and other standards-based tools.
[7.529s]   warnings.warn(
[7.619s] /usr/lib/python3/dist-packages/pkg_resources/__init__.py:116: PkgResourcesDeprecationWarning: 1.16.0-unknown is an invalid version and will not be supported in a future release
[7.619s]   warnings.warn(
[7.619s] /usr/lib/python3/dist-packages/pkg_resources/__init__.py:116: PkgResourcesDeprecationWarning: 0.1.43ubuntu1 is an invalid version and will not be supported in a future release
[7.619s]   warnings.warn(
[7.620s] /usr/lib/python3/dist-packages/pkg_resources/__init__.py:116: PkgResourcesDeprecationWarning: 1.1build1 is an invalid version and will not be supported in a future release
[7.620s]   warnings.warn(
[7.759s] running egg_info
[7.759s] writing baxter_joint_controller.egg-info/PKG-INFO
[7.860s] writing dependency_links to baxter_joint_controller.egg-info/dependency_links.txt
[7.860s] writing entry points to baxter_joint_controller.egg-info/entry_points.txt
[7.865s] writing requirements to baxter_joint_controller.egg-info/requires.txt
[7.875s] writing top-level names to baxter_joint_controller.egg-info/top_level.txt
[7.917s] reading manifest file 'baxter_joint_controller.egg-info/SOURCES.txt'
[7.918s] writing manifest file 'baxter_joint_controller.egg-info/SOURCES.txt'
[8.030s] running build_ext
[8.030s] Creating /home/mael/ros2_ws/install/baxter_joint_controller/lib/python3.10/site-packages/baxter-joint-controller.egg-link (link to .)
[8.097s] Installing controller script to /home/mael/ros2_ws/install/baxter_joint_controller/lib/baxter_joint_controller
[8.098s] 
[8.098s] Installed /home/mael/ros2_ws/build/baxter_joint_controller
[8.098s] running install_data
[9.364s] Invoked command in '/home/mael/ros2_ws/build/baxter_joint_controller' returned '0': PYTHONPATH=/home/mael/ros2_ws/build/baxter_joint_controller/prefix_override:/home/mael/ros2_ws/install/baxter_joint_controller/lib/python3.10/site-packages:${PYTHONPATH} /usr/bin/python3 setup.py develop --editable --build-directory /home/mael/ros2_ws/build/baxter_joint_controller/build --no-deps install_data
