[0.471s] DEBUG:colcon:Command line arguments: ['/usr/bin/colcon', 'list', '-p', '--base-paths', '/home/mael/ros2_ws']
[0.471s] DEBUG:colcon:Parsed command line arguments: Namespace(log_base=None, log_level=None, verb_name='list', build_base='build', ignore_user_meta=False, metas=['./colcon.meta'], base_paths=['/home/mael/ros2_ws'], packages_ignore=None, packages_ignore_regex=None, paths=None, packages_up_to=None, packages_up_to_regex=None, packages_above=None, packages_above_and_dependencies=None, packages_above_depth=None, packages_select_by_dep=None, packages_skip_by_dep=None, packages_skip_up_to=None, packages_select_build_failed=False, packages_skip_build_finished=False, packages_select_test_failures=False, packages_skip_test_passed=False, packages_select=None, packages_skip=None, packages_select_regex=None, packages_skip_regex=None, packages_start=None, packages_end=None, allow_overriding=[], topological_order=False, names_only=False, paths_only=True, topological_graph=False, topological_graph_dot=False, topological_graph_density=False, topological_graph_legend=False, topological_graph_dot_cluster=False, topological_graph_dot_include_skipped=False, verb_parser=<colcon_defaults.argument_parser.defaults.DefaultArgumentsDecorator object at 0x7f74526217e0>, verb_extension=<colcon_package_information.verb.list.ListVerb object at 0x7f7452707b20>, main=<bound method ListVerb.main of <colcon_package_information.verb.list.ListVerb object at 0x7f7452707b20>>)
[0.506s] Level 1:colcon.colcon_core.package_discovery:discover_packages(colcon_meta) check parameters
[0.506s] Level 1:colcon.colcon_core.package_discovery:discover_packages(recursive) check parameters
[0.506s] Level 1:colcon.colcon_core.package_discovery:discover_packages(ignore) check parameters
[0.506s] Level 1:colcon.colcon_core.package_discovery:discover_packages(path) check parameters
[0.506s] Level 1:colcon.colcon_core.package_discovery:discover_packages(recursive) discover
[0.506s] INFO:colcon.colcon_core.package_discovery:Crawling recursively for packages in '/home/mael/ros2_ws'
[0.506s] Level 1:colcon.colcon_core.package_identification:_identify(/home/mael/ros2_ws) by extensions ['ignore', 'ignore_ament_install']
[0.506s] Level 1:colcon.colcon_core.package_identification:_identify(/home/mael/ros2_ws) by extension 'ignore'
[0.506s] Level 1:colcon.colcon_core.package_identification:_identify(/home/mael/ros2_ws) by extension 'ignore_ament_install'
[0.506s] Level 1:colcon.colcon_core.package_identification:_identify(/home/mael/ros2_ws) by extensions ['colcon_pkg']
[0.506s] Level 1:colcon.colcon_core.package_identification:_identify(/home/mael/ros2_ws) by extension 'colcon_pkg'
[0.506s] Level 1:colcon.colcon_core.package_identification:_identify(/home/mael/ros2_ws) by extensions ['colcon_meta']
[0.506s] Level 1:colcon.colcon_core.package_identification:_identify(/home/mael/ros2_ws) by extension 'colcon_meta'
[0.506s] Level 1:colcon.colcon_core.package_identification:_identify(/home/mael/ros2_ws) by extensions ['ros']
[0.506s] Level 1:colcon.colcon_core.package_identification:_identify(/home/mael/ros2_ws) by extension 'ros'
[0.522s] Level 1:colcon.colcon_core.package_identification:_identify(/home/mael/ros2_ws) by extensions ['cmake', 'python']
[0.522s] Level 1:colcon.colcon_core.package_identification:_identify(/home/mael/ros2_ws) by extension 'cmake'
[0.522s] Level 1:colcon.colcon_core.package_identification:_identify(/home/mael/ros2_ws) by extension 'python'
[0.522s] Level 1:colcon.colcon_core.package_identification:_identify(/home/mael/ros2_ws) by extensions ['python_setup_py']
[0.522s] Level 1:colcon.colcon_core.package_identification:_identify(/home/mael/ros2_ws) by extension 'python_setup_py'
[0.523s] Level 1:colcon.colcon_core.package_identification:_identify(/home/mael/ros2_ws/build) by extensions ['ignore', 'ignore_ament_install']
[0.523s] Level 1:colcon.colcon_core.package_identification:_identify(/home/mael/ros2_ws/build) by extension 'ignore'
[0.523s] Level 1:colcon.colcon_core.package_identification:_identify(/home/mael/ros2_ws/build) ignored
[0.523s] Level 1:colcon.colcon_core.package_identification:_identify(/home/mael/ros2_ws/install) by extensions ['ignore', 'ignore_ament_install']
[0.523s] Level 1:colcon.colcon_core.package_identification:_identify(/home/mael/ros2_ws/install) by extension 'ignore'
[0.523s] Level 1:colcon.colcon_core.package_identification:_identify(/home/mael/ros2_ws/install) ignored
[0.523s] Level 1:colcon.colcon_core.package_identification:_identify(/home/mael/ros2_ws/log) by extensions ['ignore', 'ignore_ament_install']
[0.524s] Level 1:colcon.colcon_core.package_identification:_identify(/home/mael/ros2_ws/log) by extension 'ignore'
[0.524s] Level 1:colcon.colcon_core.package_identification:_identify(/home/mael/ros2_ws/log) ignored
[0.524s] Level 1:colcon.colcon_core.package_identification:_identify(/home/mael/ros2_ws/src) by extensions ['ignore', 'ignore_ament_install']
[0.524s] Level 1:colcon.colcon_core.package_identification:_identify(/home/mael/ros2_ws/src) by extension 'ignore'
[0.524s] Level 1:colcon.colcon_core.package_identification:_identify(/home/mael/ros2_ws/src) by extension 'ignore_ament_install'
[0.524s] Level 1:colcon.colcon_core.package_identification:_identify(/home/mael/ros2_ws/src) by extensions ['colcon_pkg']
[0.524s] Level 1:colcon.colcon_core.package_identification:_identify(/home/mael/ros2_ws/src) by extension 'colcon_pkg'
[0.524s] Level 1:colcon.colcon_core.package_identification:_identify(/home/mael/ros2_ws/src) by extensions ['colcon_meta']
[0.524s] Level 1:colcon.colcon_core.package_identification:_identify(/home/mael/ros2_ws/src) by extension 'colcon_meta'
[0.524s] Level 1:colcon.colcon_core.package_identification:_identify(/home/mael/ros2_ws/src) by extensions ['ros']
[0.524s] Level 1:colcon.colcon_core.package_identification:_identify(/home/mael/ros2_ws/src) by extension 'ros'
[0.525s] Level 1:colcon.colcon_core.package_identification:_identify(/home/mael/ros2_ws/src) by extensions ['cmake', 'python']
[0.525s] Level 1:colcon.colcon_core.package_identification:_identify(/home/mael/ros2_ws/src) by extension 'cmake'
[0.525s] Level 1:colcon.colcon_core.package_identification:_identify(/home/mael/ros2_ws/src) by extension 'python'
[0.525s] Level 1:colcon.colcon_core.package_identification:_identify(/home/mael/ros2_ws/src) by extensions ['python_setup_py']
[0.525s] Level 1:colcon.colcon_core.package_identification:_identify(/home/mael/ros2_ws/src) by extension 'python_setup_py'
[0.525s] Level 1:colcon.colcon_core.package_identification:_identify(/home/mael/ros2_ws/src/ROS-TCP-Endpoint) by extensions ['ignore', 'ignore_ament_install']
[0.525s] Level 1:colcon.colcon_core.package_identification:_identify(/home/mael/ros2_ws/src/ROS-TCP-Endpoint) by extension 'ignore'
[0.525s] Level 1:colcon.colcon_core.package_identification:_identify(/home/mael/ros2_ws/src/ROS-TCP-Endpoint) by extension 'ignore_ament_install'
[0.525s] Level 1:colcon.colcon_core.package_identification:_identify(/home/mael/ros2_ws/src/ROS-TCP-Endpoint) by extensions ['colcon_pkg']
[0.525s] Level 1:colcon.colcon_core.package_identification:_identify(/home/mael/ros2_ws/src/ROS-TCP-Endpoint) by extension 'colcon_pkg'
[0.525s] Level 1:colcon.colcon_core.package_identification:_identify(/home/mael/ros2_ws/src/ROS-TCP-Endpoint) by extensions ['colcon_meta']
[0.525s] Level 1:colcon.colcon_core.package_identification:_identify(/home/mael/ros2_ws/src/ROS-TCP-Endpoint) by extension 'colcon_meta'
[0.526s] Level 1:colcon.colcon_core.package_identification:_identify(/home/mael/ros2_ws/src/ROS-TCP-Endpoint) by extensions ['ros']
[0.526s] Level 1:colcon.colcon_core.package_identification:_identify(/home/mael/ros2_ws/src/ROS-TCP-Endpoint) by extension 'ros'
[0.530s] DEBUG:colcon.colcon_core.package_identification:Package '/home/mael/ros2_ws/src/ROS-TCP-Endpoint' with type 'ros.ament_python' and name 'ros_tcp_endpoint'
[0.531s] Level 1:colcon.colcon_core.package_identification:_identify(/home/mael/ros2_ws/src/apriltag_ros2) by extensions ['ignore', 'ignore_ament_install']
[0.531s] Level 1:colcon.colcon_core.package_identification:_identify(/home/mael/ros2_ws/src/apriltag_ros2) by extension 'ignore'
[0.531s] Level 1:colcon.colcon_core.package_identification:_identify(/home/mael/ros2_ws/src/apriltag_ros2) by extension 'ignore_ament_install'
[0.531s] Level 1:colcon.colcon_core.package_identification:_identify(/home/mael/ros2_ws/src/apriltag_ros2) by extensions ['colcon_pkg']
[0.531s] Level 1:colcon.colcon_core.package_identification:_identify(/home/mael/ros2_ws/src/apriltag_ros2) by extension 'colcon_pkg'
[0.531s] Level 1:colcon.colcon_core.package_identification:_identify(/home/mael/ros2_ws/src/apriltag_ros2) by extensions ['colcon_meta']
[0.531s] Level 1:colcon.colcon_core.package_identification:_identify(/home/mael/ros2_ws/src/apriltag_ros2) by extension 'colcon_meta'
[0.531s] Level 1:colcon.colcon_core.package_identification:_identify(/home/mael/ros2_ws/src/apriltag_ros2) by extensions ['ros']
[0.531s] Level 1:colcon.colcon_core.package_identification:_identify(/home/mael/ros2_ws/src/apriltag_ros2) by extension 'ros'
[0.531s] Level 1:colcon.colcon_core.package_identification:_identify(/home/mael/ros2_ws/src/apriltag_ros2) by extensions ['cmake', 'python']
[0.531s] Level 1:colcon.colcon_core.package_identification:_identify(/home/mael/ros2_ws/src/apriltag_ros2) by extension 'cmake'
[0.531s] Level 1:colcon.colcon_core.package_identification:_identify(/home/mael/ros2_ws/src/apriltag_ros2) by extension 'python'
[0.532s] Level 1:colcon.colcon_core.package_identification:_identify(/home/mael/ros2_ws/src/apriltag_ros2) by extensions ['python_setup_py']
[0.532s] Level 1:colcon.colcon_core.package_identification:_identify(/home/mael/ros2_ws/src/apriltag_ros2) by extension 'python_setup_py'
[0.532s] Level 1:colcon.colcon_core.package_identification:_identify(/home/mael/ros2_ws/src/apriltag_ros2/apriltag_ros2) by extensions ['ignore', 'ignore_ament_install']
[0.532s] Level 1:colcon.colcon_core.package_identification:_identify(/home/mael/ros2_ws/src/apriltag_ros2/apriltag_ros2) by extension 'ignore'
[0.532s] Level 1:colcon.colcon_core.package_identification:_identify(/home/mael/ros2_ws/src/apriltag_ros2/apriltag_ros2) by extension 'ignore_ament_install'
[0.532s] Level 1:colcon.colcon_core.package_identification:_identify(/home/mael/ros2_ws/src/apriltag_ros2/apriltag_ros2) by extensions ['colcon_pkg']
[0.532s] Level 1:colcon.colcon_core.package_identification:_identify(/home/mael/ros2_ws/src/apriltag_ros2/apriltag_ros2) by extension 'colcon_pkg'
[0.532s] Level 1:colcon.colcon_core.package_identification:_identify(/home/mael/ros2_ws/src/apriltag_ros2/apriltag_ros2) by extensions ['colcon_meta']
[0.532s] Level 1:colcon.colcon_core.package_identification:_identify(/home/mael/ros2_ws/src/apriltag_ros2/apriltag_ros2) by extension 'colcon_meta'
[0.532s] Level 1:colcon.colcon_core.package_identification:_identify(/home/mael/ros2_ws/src/apriltag_ros2/apriltag_ros2) by extensions ['ros']
[0.532s] Level 1:colcon.colcon_core.package_identification:_identify(/home/mael/ros2_ws/src/apriltag_ros2/apriltag_ros2) by extension 'ros'
[0.535s] DEBUG:colcon.colcon_core.package_identification:Package '/home/mael/ros2_ws/src/apriltag_ros2/apriltag_ros2' with type 'ros.ament_cmake' and name 'apriltag_ros2'
[0.535s] Level 1:colcon.colcon_core.package_identification:_identify(/home/mael/ros2_ws/src/apriltag_ros_pose) by extensions ['ignore', 'ignore_ament_install']
[0.535s] Level 1:colcon.colcon_core.package_identification:_identify(/home/mael/ros2_ws/src/apriltag_ros_pose) by extension 'ignore'
[0.536s] Level 1:colcon.colcon_core.package_identification:_identify(/home/mael/ros2_ws/src/apriltag_ros_pose) by extension 'ignore_ament_install'
[0.536s] Level 1:colcon.colcon_core.package_identification:_identify(/home/mael/ros2_ws/src/apriltag_ros_pose) by extensions ['colcon_pkg']
[0.536s] Level 1:colcon.colcon_core.package_identification:_identify(/home/mael/ros2_ws/src/apriltag_ros_pose) by extension 'colcon_pkg'
[0.536s] Level 1:colcon.colcon_core.package_identification:_identify(/home/mael/ros2_ws/src/apriltag_ros_pose) by extensions ['colcon_meta']
[0.536s] Level 1:colcon.colcon_core.package_identification:_identify(/home/mael/ros2_ws/src/apriltag_ros_pose) by extension 'colcon_meta'
[0.536s] Level 1:colcon.colcon_core.package_identification:_identify(/home/mael/ros2_ws/src/apriltag_ros_pose) by extensions ['ros']
[0.536s] Level 1:colcon.colcon_core.package_identification:_identify(/home/mael/ros2_ws/src/apriltag_ros_pose) by extension 'ros'
[0.538s] DEBUG:colcon.colcon_core.package_identification:Package '/home/mael/ros2_ws/src/apriltag_ros_pose' with type 'ros.ament_cmake' and name 'apriltag_ros_pose'
[0.538s] Level 1:colcon.colcon_core.package_identification:_identify(/home/mael/ros2_ws/src/baxter) by extensions ['ignore', 'ignore_ament_install']
[0.539s] Level 1:colcon.colcon_core.package_identification:_identify(/home/mael/ros2_ws/src/baxter) by extension 'ignore'
[0.539s] Level 1:colcon.colcon_core.package_identification:_identify(/home/mael/ros2_ws/src/baxter) by extension 'ignore_ament_install'
[0.539s] Level 1:colcon.colcon_core.package_identification:_identify(/home/mael/ros2_ws/src/baxter) by extensions ['colcon_pkg']
[0.539s] Level 1:colcon.colcon_core.package_identification:_identify(/home/mael/ros2_ws/src/baxter) by extension 'colcon_pkg'
[0.539s] Level 1:colcon.colcon_core.package_identification:_identify(/home/mael/ros2_ws/src/baxter) by extensions ['colcon_meta']
[0.539s] Level 1:colcon.colcon_core.package_identification:_identify(/home/mael/ros2_ws/src/baxter) by extension 'colcon_meta'
[0.539s] Level 1:colcon.colcon_core.package_identification:_identify(/home/mael/ros2_ws/src/baxter) by extensions ['ros']
[0.539s] Level 1:colcon.colcon_core.package_identification:_identify(/home/mael/ros2_ws/src/baxter) by extension 'ros'
[0.539s] Level 1:colcon.colcon_core.package_identification:_identify(/home/mael/ros2_ws/src/baxter) by extensions ['cmake', 'python']
[0.539s] Level 1:colcon.colcon_core.package_identification:_identify(/home/mael/ros2_ws/src/baxter) by extension 'cmake'
[0.539s] Level 1:colcon.colcon_core.package_identification:_identify(/home/mael/ros2_ws/src/baxter) by extension 'python'
[0.539s] Level 1:colcon.colcon_core.package_identification:_identify(/home/mael/ros2_ws/src/baxter) by extensions ['python_setup_py']
[0.539s] Level 1:colcon.colcon_core.package_identification:_identify(/home/mael/ros2_ws/src/baxter) by extension 'python_setup_py'
[0.540s] Level 1:colcon.colcon_core.package_identification:_identify(/home/mael/ros2_ws/src/baxter_6dof_vr) by extensions ['ignore', 'ignore_ament_install']
[0.540s] Level 1:colcon.colcon_core.package_identification:_identify(/home/mael/ros2_ws/src/baxter_6dof_vr) by extension 'ignore'
[0.540s] Level 1:colcon.colcon_core.package_identification:_identify(/home/mael/ros2_ws/src/baxter_6dof_vr) by extension 'ignore_ament_install'
[0.540s] Level 1:colcon.colcon_core.package_identification:_identify(/home/mael/ros2_ws/src/baxter_6dof_vr) by extensions ['colcon_pkg']
[0.540s] Level 1:colcon.colcon_core.package_identification:_identify(/home/mael/ros2_ws/src/baxter_6dof_vr) by extension 'colcon_pkg'
[0.540s] Level 1:colcon.colcon_core.package_identification:_identify(/home/mael/ros2_ws/src/baxter_6dof_vr) by extensions ['colcon_meta']
[0.540s] Level 1:colcon.colcon_core.package_identification:_identify(/home/mael/ros2_ws/src/baxter_6dof_vr) by extension 'colcon_meta'
[0.540s] Level 1:colcon.colcon_core.package_identification:_identify(/home/mael/ros2_ws/src/baxter_6dof_vr) by extensions ['ros']
[0.540s] Level 1:colcon.colcon_core.package_identification:_identify(/home/mael/ros2_ws/src/baxter_6dof_vr) by extension 'ros'
[0.541s] DEBUG:colcon.colcon_core.package_identification:Package '/home/mael/ros2_ws/src/baxter_6dof_vr' with type 'ros.ament_python' and name 'baxter_6dof_vr'
[0.541s] Level 1:colcon.colcon_core.package_identification:_identify(/home/mael/ros2_ws/src/baxter_common_ros2) by extensions ['ignore', 'ignore_ament_install']
[0.541s] Level 1:colcon.colcon_core.package_identification:_identify(/home/mael/ros2_ws/src/baxter_common_ros2) by extension 'ignore'
[0.541s] Level 1:colcon.colcon_core.package_identification:_identify(/home/mael/ros2_ws/src/baxter_common_ros2) by extension 'ignore_ament_install'
[0.541s] Level 1:colcon.colcon_core.package_identification:_identify(/home/mael/ros2_ws/src/baxter_common_ros2) by extensions ['colcon_pkg']
[0.542s] Level 1:colcon.colcon_core.package_identification:_identify(/home/mael/ros2_ws/src/baxter_common_ros2) by extension 'colcon_pkg'
[0.542s] Level 1:colcon.colcon_core.package_identification:_identify(/home/mael/ros2_ws/src/baxter_common_ros2) by extensions ['colcon_meta']
[0.542s] Level 1:colcon.colcon_core.package_identification:_identify(/home/mael/ros2_ws/src/baxter_common_ros2) by extension 'colcon_meta'
[0.542s] Level 1:colcon.colcon_core.package_identification:_identify(/home/mael/ros2_ws/src/baxter_common_ros2) by extensions ['ros']
[0.542s] Level 1:colcon.colcon_core.package_identification:_identify(/home/mael/ros2_ws/src/baxter_common_ros2) by extension 'ros'
[0.542s] Level 1:colcon.colcon_core.package_identification:_identify(/home/mael/ros2_ws/src/baxter_common_ros2) by extensions ['cmake', 'python']
[0.542s] Level 1:colcon.colcon_core.package_identification:_identify(/home/mael/ros2_ws/src/baxter_common_ros2) by extension 'cmake'
[0.542s] Level 1:colcon.colcon_core.package_identification:_identify(/home/mael/ros2_ws/src/baxter_common_ros2) by extension 'python'
[0.542s] Level 1:colcon.colcon_core.package_identification:_identify(/home/mael/ros2_ws/src/baxter_common_ros2) by extensions ['python_setup_py']
[0.542s] Level 1:colcon.colcon_core.package_identification:_identify(/home/mael/ros2_ws/src/baxter_common_ros2) by extension 'python_setup_py'
[0.542s] Level 1:colcon.colcon_core.package_identification:_identify(/home/mael/ros2_ws/src/baxter_common_ros2/baxter_core_msgs) by extensions ['ignore', 'ignore_ament_install']
[0.542s] Level 1:colcon.colcon_core.package_identification:_identify(/home/mael/ros2_ws/src/baxter_common_ros2/baxter_core_msgs) by extension 'ignore'
[0.543s] Level 1:colcon.colcon_core.package_identification:_identify(/home/mael/ros2_ws/src/baxter_common_ros2/baxter_core_msgs) by extension 'ignore_ament_install'
[0.543s] Level 1:colcon.colcon_core.package_identification:_identify(/home/mael/ros2_ws/src/baxter_common_ros2/baxter_core_msgs) by extensions ['colcon_pkg']
[0.543s] Level 1:colcon.colcon_core.package_identification:_identify(/home/mael/ros2_ws/src/baxter_common_ros2/baxter_core_msgs) by extension 'colcon_pkg'
[0.543s] Level 1:colcon.colcon_core.package_identification:_identify(/home/mael/ros2_ws/src/baxter_common_ros2/baxter_core_msgs) by extensions ['colcon_meta']
[0.543s] Level 1:colcon.colcon_core.package_identification:_identify(/home/mael/ros2_ws/src/baxter_common_ros2/baxter_core_msgs) by extension 'colcon_meta'
[0.543s] Level 1:colcon.colcon_core.package_identification:_identify(/home/mael/ros2_ws/src/baxter_common_ros2/baxter_core_msgs) by extensions ['ros']
[0.543s] Level 1:colcon.colcon_core.package_identification:_identify(/home/mael/ros2_ws/src/baxter_common_ros2/baxter_core_msgs) by extension 'ros'
[0.544s] DEBUG:colcon.colcon_core.package_identification:Package '/home/mael/ros2_ws/src/baxter_common_ros2/baxter_core_msgs' with type 'ros.ament_cmake' and name 'baxter_core_msgs'
[0.544s] Level 1:colcon.colcon_core.package_identification:_identify(/home/mael/ros2_ws/src/baxter_common_ros2/baxter_description) by extensions ['ignore', 'ignore_ament_install']
[0.544s] Level 1:colcon.colcon_core.package_identification:_identify(/home/mael/ros2_ws/src/baxter_common_ros2/baxter_description) by extension 'ignore'
[0.544s] Level 1:colcon.colcon_core.package_identification:_identify(/home/mael/ros2_ws/src/baxter_common_ros2/baxter_description) by extension 'ignore_ament_install'
[0.544s] Level 1:colcon.colcon_core.package_identification:_identify(/home/mael/ros2_ws/src/baxter_common_ros2/baxter_description) by extensions ['colcon_pkg']
[0.545s] Level 1:colcon.colcon_core.package_identification:_identify(/home/mael/ros2_ws/src/baxter_common_ros2/baxter_description) by extension 'colcon_pkg'
[0.545s] Level 1:colcon.colcon_core.package_identification:_identify(/home/mael/ros2_ws/src/baxter_common_ros2/baxter_description) by extensions ['colcon_meta']
[0.545s] Level 1:colcon.colcon_core.package_identification:_identify(/home/mael/ros2_ws/src/baxter_common_ros2/baxter_description) by extension 'colcon_meta'
[0.545s] Level 1:colcon.colcon_core.package_identification:_identify(/home/mael/ros2_ws/src/baxter_common_ros2/baxter_description) by extensions ['ros']
[0.545s] Level 1:colcon.colcon_core.package_identification:_identify(/home/mael/ros2_ws/src/baxter_common_ros2/baxter_description) by extension 'ros'
[0.546s] DEBUG:colcon.colcon_core.package_identification:Package '/home/mael/ros2_ws/src/baxter_common_ros2/baxter_description' with type 'ros.ament_cmake' and name 'baxter_description'
[0.546s] Level 1:colcon.colcon_core.package_identification:_identify(/home/mael/ros2_ws/src/baxter_common_ros2/baxter_maintenance_msgs) by extensions ['ignore', 'ignore_ament_install']
[0.546s] Level 1:colcon.colcon_core.package_identification:_identify(/home/mael/ros2_ws/src/baxter_common_ros2/baxter_maintenance_msgs) by extension 'ignore'
[0.546s] Level 1:colcon.colcon_core.package_identification:_identify(/home/mael/ros2_ws/src/baxter_common_ros2/baxter_maintenance_msgs) by extension 'ignore_ament_install'
[0.546s] Level 1:colcon.colcon_core.package_identification:_identify(/home/mael/ros2_ws/src/baxter_common_ros2/baxter_maintenance_msgs) by extensions ['colcon_pkg']
[0.546s] Level 1:colcon.colcon_core.package_identification:_identify(/home/mael/ros2_ws/src/baxter_common_ros2/baxter_maintenance_msgs) by extension 'colcon_pkg'
[0.546s] Level 1:colcon.colcon_core.package_identification:_identify(/home/mael/ros2_ws/src/baxter_common_ros2/baxter_maintenance_msgs) by extensions ['colcon_meta']
[0.547s] Level 1:colcon.colcon_core.package_identification:_identify(/home/mael/ros2_ws/src/baxter_common_ros2/baxter_maintenance_msgs) by extension 'colcon_meta'
[0.547s] Level 1:colcon.colcon_core.package_identification:_identify(/home/mael/ros2_ws/src/baxter_common_ros2/baxter_maintenance_msgs) by extensions ['ros']
[0.547s] Level 1:colcon.colcon_core.package_identification:_identify(/home/mael/ros2_ws/src/baxter_common_ros2/baxter_maintenance_msgs) by extension 'ros'
[0.548s] DEBUG:colcon.colcon_core.package_identification:Package '/home/mael/ros2_ws/src/baxter_common_ros2/baxter_maintenance_msgs' with type 'ros.ament_cmake' and name 'baxter_maintenance_msgs'
[0.548s] Level 1:colcon.colcon_core.package_identification:_identify(/home/mael/ros2_ws/src/baxter_common_ros2/rethink_ee_description) by extensions ['ignore', 'ignore_ament_install']
[0.548s] Level 1:colcon.colcon_core.package_identification:_identify(/home/mael/ros2_ws/src/baxter_common_ros2/rethink_ee_description) by extension 'ignore'
[0.548s] Level 1:colcon.colcon_core.package_identification:_identify(/home/mael/ros2_ws/src/baxter_common_ros2/rethink_ee_description) by extension 'ignore_ament_install'
[0.548s] Level 1:colcon.colcon_core.package_identification:_identify(/home/mael/ros2_ws/src/baxter_common_ros2/rethink_ee_description) by extensions ['colcon_pkg']
[0.548s] Level 1:colcon.colcon_core.package_identification:_identify(/home/mael/ros2_ws/src/baxter_common_ros2/rethink_ee_description) by extension 'colcon_pkg'
[0.548s] Level 1:colcon.colcon_core.package_identification:_identify(/home/mael/ros2_ws/src/baxter_common_ros2/rethink_ee_description) by extensions ['colcon_meta']
[0.548s] Level 1:colcon.colcon_core.package_identification:_identify(/home/mael/ros2_ws/src/baxter_common_ros2/rethink_ee_description) by extension 'colcon_meta'
[0.548s] Level 1:colcon.colcon_core.package_identification:_identify(/home/mael/ros2_ws/src/baxter_common_ros2/rethink_ee_description) by extensions ['ros']
[0.548s] Level 1:colcon.colcon_core.package_identification:_identify(/home/mael/ros2_ws/src/baxter_common_ros2/rethink_ee_description) by extension 'ros'
[0.549s] DEBUG:colcon.colcon_core.package_identification:Package '/home/mael/ros2_ws/src/baxter_common_ros2/rethink_ee_description' with type 'ros.ament_cmake' and name 'rethink_ee_description'
[0.550s] Level 1:colcon.colcon_core.package_identification:_identify(/home/mael/ros2_ws/src/baxter_joint_controller) by extensions ['ignore', 'ignore_ament_install']
[0.550s] Level 1:colcon.colcon_core.package_identification:_identify(/home/mael/ros2_ws/src/baxter_joint_controller) by extension 'ignore'
[0.550s] Level 1:colcon.colcon_core.package_identification:_identify(/home/mael/ros2_ws/src/baxter_joint_controller) by extension 'ignore_ament_install'
[0.550s] Level 1:colcon.colcon_core.package_identification:_identify(/home/mael/ros2_ws/src/baxter_joint_controller) by extensions ['colcon_pkg']
[0.550s] Level 1:colcon.colcon_core.package_identification:_identify(/home/mael/ros2_ws/src/baxter_joint_controller) by extension 'colcon_pkg'
[0.550s] Level 1:colcon.colcon_core.package_identification:_identify(/home/mael/ros2_ws/src/baxter_joint_controller) by extensions ['colcon_meta']
[0.550s] Level 1:colcon.colcon_core.package_identification:_identify(/home/mael/ros2_ws/src/baxter_joint_controller) by extension 'colcon_meta'
[0.550s] Level 1:colcon.colcon_core.package_identification:_identify(/home/mael/ros2_ws/src/baxter_joint_controller) by extensions ['ros']
[0.550s] Level 1:colcon.colcon_core.package_identification:_identify(/home/mael/ros2_ws/src/baxter_joint_controller) by extension 'ros'
[0.551s] DEBUG:colcon.colcon_core.package_identification:Package '/home/mael/ros2_ws/src/baxter_joint_controller' with type 'ros.ament_python' and name 'baxter_joint_controller'
[0.551s] Level 1:colcon.colcon_core.package_identification:_identify(/home/mael/ros2_ws/src/baxter_moveit_ros2) by extensions ['ignore', 'ignore_ament_install']
[0.551s] Level 1:colcon.colcon_core.package_identification:_identify(/home/mael/ros2_ws/src/baxter_moveit_ros2) by extension 'ignore'
[0.551s] Level 1:colcon.colcon_core.package_identification:_identify(/home/mael/ros2_ws/src/baxter_moveit_ros2) by extension 'ignore_ament_install'
[0.551s] Level 1:colcon.colcon_core.package_identification:_identify(/home/mael/ros2_ws/src/baxter_moveit_ros2) by extensions ['colcon_pkg']
[0.551s] Level 1:colcon.colcon_core.package_identification:_identify(/home/mael/ros2_ws/src/baxter_moveit_ros2) by extension 'colcon_pkg'
[0.551s] Level 1:colcon.colcon_core.package_identification:_identify(/home/mael/ros2_ws/src/baxter_moveit_ros2) by extensions ['colcon_meta']
[0.551s] Level 1:colcon.colcon_core.package_identification:_identify(/home/mael/ros2_ws/src/baxter_moveit_ros2) by extension 'colcon_meta'
[0.551s] Level 1:colcon.colcon_core.package_identification:_identify(/home/mael/ros2_ws/src/baxter_moveit_ros2) by extensions ['ros']
[0.551s] Level 1:colcon.colcon_core.package_identification:_identify(/home/mael/ros2_ws/src/baxter_moveit_ros2) by extension 'ros'
[0.552s] DEBUG:colcon.colcon_core.package_identification:Package '/home/mael/ros2_ws/src/baxter_moveit_ros2' with type 'ros.ament_cmake' and name 'baxter_moveit_ros2'
[0.552s] Level 1:colcon.colcon_core.package_identification:_identify(/home/mael/ros2_ws/src/perception_pcl) by extensions ['ignore', 'ignore_ament_install']
[0.552s] Level 1:colcon.colcon_core.package_identification:_identify(/home/mael/ros2_ws/src/perception_pcl) by extension 'ignore'
[0.552s] Level 1:colcon.colcon_core.package_identification:_identify(/home/mael/ros2_ws/src/perception_pcl) by extension 'ignore_ament_install'
[0.553s] Level 1:colcon.colcon_core.package_identification:_identify(/home/mael/ros2_ws/src/perception_pcl) by extensions ['colcon_pkg']
[0.553s] Level 1:colcon.colcon_core.package_identification:_identify(/home/mael/ros2_ws/src/perception_pcl) by extension 'colcon_pkg'
[0.553s] Level 1:colcon.colcon_core.package_identification:_identify(/home/mael/ros2_ws/src/perception_pcl) by extensions ['colcon_meta']
[0.553s] Level 1:colcon.colcon_core.package_identification:_identify(/home/mael/ros2_ws/src/perception_pcl) by extension 'colcon_meta'
[0.553s] Level 1:colcon.colcon_core.package_identification:_identify(/home/mael/ros2_ws/src/perception_pcl) by extensions ['ros']
[0.553s] Level 1:colcon.colcon_core.package_identification:_identify(/home/mael/ros2_ws/src/perception_pcl) by extension 'ros'
[0.553s] Level 1:colcon.colcon_core.package_identification:_identify(/home/mael/ros2_ws/src/perception_pcl) by extensions ['cmake', 'python']
[0.553s] Level 1:colcon.colcon_core.package_identification:_identify(/home/mael/ros2_ws/src/perception_pcl) by extension 'cmake'
[0.553s] Level 1:colcon.colcon_core.package_identification:_identify(/home/mael/ros2_ws/src/perception_pcl) by extension 'python'
[0.553s] Level 1:colcon.colcon_core.package_identification:_identify(/home/mael/ros2_ws/src/perception_pcl) by extensions ['python_setup_py']
[0.553s] Level 1:colcon.colcon_core.package_identification:_identify(/home/mael/ros2_ws/src/perception_pcl) by extension 'python_setup_py'
[0.553s] Level 1:colcon.colcon_core.package_identification:_identify(/home/mael/ros2_ws/src/perception_pcl/pcl_conversions) by extensions ['ignore', 'ignore_ament_install']
[0.553s] Level 1:colcon.colcon_core.package_identification:_identify(/home/mael/ros2_ws/src/perception_pcl/pcl_conversions) by extension 'ignore'
[0.553s] Level 1:colcon.colcon_core.package_identification:_identify(/home/mael/ros2_ws/src/perception_pcl/pcl_conversions) by extension 'ignore_ament_install'
[0.553s] Level 1:colcon.colcon_core.package_identification:_identify(/home/mael/ros2_ws/src/perception_pcl/pcl_conversions) by extensions ['colcon_pkg']
[0.553s] Level 1:colcon.colcon_core.package_identification:_identify(/home/mael/ros2_ws/src/perception_pcl/pcl_conversions) by extension 'colcon_pkg'
[0.553s] Level 1:colcon.colcon_core.package_identification:_identify(/home/mael/ros2_ws/src/perception_pcl/pcl_conversions) by extensions ['colcon_meta']
[0.553s] Level 1:colcon.colcon_core.package_identification:_identify(/home/mael/ros2_ws/src/perception_pcl/pcl_conversions) by extension 'colcon_meta'
[0.553s] Level 1:colcon.colcon_core.package_identification:_identify(/home/mael/ros2_ws/src/perception_pcl/pcl_conversions) by extensions ['ros']
[0.553s] Level 1:colcon.colcon_core.package_identification:_identify(/home/mael/ros2_ws/src/perception_pcl/pcl_conversions) by extension 'ros'
[0.555s] DEBUG:colcon.colcon_core.package_identification:Package '/home/mael/ros2_ws/src/perception_pcl/pcl_conversions' with type 'ros.ament_cmake' and name 'pcl_conversions'
[0.555s] Level 1:colcon.colcon_core.package_identification:_identify(/home/mael/ros2_ws/src/perception_pcl/pcl_ros) by extensions ['ignore', 'ignore_ament_install']
[0.555s] Level 1:colcon.colcon_core.package_identification:_identify(/home/mael/ros2_ws/src/perception_pcl/pcl_ros) by extension 'ignore'
[0.555s] Level 1:colcon.colcon_core.package_identification:_identify(/home/mael/ros2_ws/src/perception_pcl/pcl_ros) by extension 'ignore_ament_install'
[0.555s] Level 1:colcon.colcon_core.package_identification:_identify(/home/mael/ros2_ws/src/perception_pcl/pcl_ros) by extensions ['colcon_pkg']
[0.555s] Level 1:colcon.colcon_core.package_identification:_identify(/home/mael/ros2_ws/src/perception_pcl/pcl_ros) by extension 'colcon_pkg'
[0.556s] Level 1:colcon.colcon_core.package_identification:_identify(/home/mael/ros2_ws/src/perception_pcl/pcl_ros) by extensions ['colcon_meta']
[0.556s] Level 1:colcon.colcon_core.package_identification:_identify(/home/mael/ros2_ws/src/perception_pcl/pcl_ros) by extension 'colcon_meta'
[0.556s] Level 1:colcon.colcon_core.package_identification:_identify(/home/mael/ros2_ws/src/perception_pcl/pcl_ros) by extensions ['ros']
[0.556s] Level 1:colcon.colcon_core.package_identification:_identify(/home/mael/ros2_ws/src/perception_pcl/pcl_ros) by extension 'ros'
[0.557s] DEBUG:colcon.colcon_core.package_identification:Package '/home/mael/ros2_ws/src/perception_pcl/pcl_ros' with type 'ros.ament_cmake' and name 'pcl_ros'
[0.557s] Level 1:colcon.colcon_core.package_identification:_identify(/home/mael/ros2_ws/src/perception_pcl/perception_pcl) by extensions ['ignore', 'ignore_ament_install']
[0.557s] Level 1:colcon.colcon_core.package_identification:_identify(/home/mael/ros2_ws/src/perception_pcl/perception_pcl) by extension 'ignore'
[0.557s] Level 1:colcon.colcon_core.package_identification:_identify(/home/mael/ros2_ws/src/perception_pcl/perception_pcl) by extension 'ignore_ament_install'
[0.557s] Level 1:colcon.colcon_core.package_identification:_identify(/home/mael/ros2_ws/src/perception_pcl/perception_pcl) by extensions ['colcon_pkg']
[0.557s] Level 1:colcon.colcon_core.package_identification:_identify(/home/mael/ros2_ws/src/perception_pcl/perception_pcl) by extension 'colcon_pkg'
[0.557s] Level 1:colcon.colcon_core.package_identification:_identify(/home/mael/ros2_ws/src/perception_pcl/perception_pcl) by extensions ['colcon_meta']
[0.557s] Level 1:colcon.colcon_core.package_identification:_identify(/home/mael/ros2_ws/src/perception_pcl/perception_pcl) by extension 'colcon_meta'
[0.557s] Level 1:colcon.colcon_core.package_identification:_identify(/home/mael/ros2_ws/src/perception_pcl/perception_pcl) by extensions ['ros']
[0.558s] Level 1:colcon.colcon_core.package_identification:_identify(/home/mael/ros2_ws/src/perception_pcl/perception_pcl) by extension 'ros'
[0.558s] DEBUG:colcon.colcon_core.package_identification:Package '/home/mael/ros2_ws/src/perception_pcl/perception_pcl' with type 'ros.ament_cmake' and name 'perception_pcl'
[0.558s] Level 1:colcon.colcon_core.package_identification:_identify(/home/mael/ros2_ws/src/zed-ros2-wrapper) by extensions ['ignore', 'ignore_ament_install']
[0.558s] Level 1:colcon.colcon_core.package_identification:_identify(/home/mael/ros2_ws/src/zed-ros2-wrapper) by extension 'ignore'
[0.558s] Level 1:colcon.colcon_core.package_identification:_identify(/home/mael/ros2_ws/src/zed-ros2-wrapper) by extension 'ignore_ament_install'
[0.558s] Level 1:colcon.colcon_core.package_identification:_identify(/home/mael/ros2_ws/src/zed-ros2-wrapper) by extensions ['colcon_pkg']
[0.558s] Level 1:colcon.colcon_core.package_identification:_identify(/home/mael/ros2_ws/src/zed-ros2-wrapper) by extension 'colcon_pkg'
[0.559s] Level 1:colcon.colcon_core.package_identification:_identify(/home/mael/ros2_ws/src/zed-ros2-wrapper) by extensions ['colcon_meta']
[0.559s] Level 1:colcon.colcon_core.package_identification:_identify(/home/mael/ros2_ws/src/zed-ros2-wrapper) by extension 'colcon_meta'
[0.559s] Level 1:colcon.colcon_core.package_identification:_identify(/home/mael/ros2_ws/src/zed-ros2-wrapper) by extensions ['ros']
[0.559s] Level 1:colcon.colcon_core.package_identification:_identify(/home/mael/ros2_ws/src/zed-ros2-wrapper) by extension 'ros'
[0.559s] Level 1:colcon.colcon_core.package_identification:_identify(/home/mael/ros2_ws/src/zed-ros2-wrapper) by extensions ['cmake', 'python']
[0.559s] Level 1:colcon.colcon_core.package_identification:_identify(/home/mael/ros2_ws/src/zed-ros2-wrapper) by extension 'cmake'
[0.559s] Level 1:colcon.colcon_core.package_identification:_identify(/home/mael/ros2_ws/src/zed-ros2-wrapper) by extension 'python'
[0.559s] Level 1:colcon.colcon_core.package_identification:_identify(/home/mael/ros2_ws/src/zed-ros2-wrapper) by extensions ['python_setup_py']
[0.559s] Level 1:colcon.colcon_core.package_identification:_identify(/home/mael/ros2_ws/src/zed-ros2-wrapper) by extension 'python_setup_py'
[0.559s] Level 1:colcon.colcon_core.package_identification:_identify(/home/mael/ros2_ws/src/zed-ros2-wrapper/docker) by extensions ['ignore', 'ignore_ament_install']
[0.559s] Level 1:colcon.colcon_core.package_identification:_identify(/home/mael/ros2_ws/src/zed-ros2-wrapper/docker) by extension 'ignore'
[0.559s] Level 1:colcon.colcon_core.package_identification:_identify(/home/mael/ros2_ws/src/zed-ros2-wrapper/docker) by extension 'ignore_ament_install'
[0.559s] Level 1:colcon.colcon_core.package_identification:_identify(/home/mael/ros2_ws/src/zed-ros2-wrapper/docker) by extensions ['colcon_pkg']
[0.559s] Level 1:colcon.colcon_core.package_identification:_identify(/home/mael/ros2_ws/src/zed-ros2-wrapper/docker) by extension 'colcon_pkg'
[0.560s] Level 1:colcon.colcon_core.package_identification:_identify(/home/mael/ros2_ws/src/zed-ros2-wrapper/docker) by extensions ['colcon_meta']
[0.560s] Level 1:colcon.colcon_core.package_identification:_identify(/home/mael/ros2_ws/src/zed-ros2-wrapper/docker) by extension 'colcon_meta'
[0.560s] Level 1:colcon.colcon_core.package_identification:_identify(/home/mael/ros2_ws/src/zed-ros2-wrapper/docker) by extensions ['ros']
[0.560s] Level 1:colcon.colcon_core.package_identification:_identify(/home/mael/ros2_ws/src/zed-ros2-wrapper/docker) by extension 'ros'
[0.561s] Level 1:colcon.colcon_core.package_identification:_identify(/home/mael/ros2_ws/src/zed-ros2-wrapper/docker) by extensions ['cmake', 'python']
[0.561s] Level 1:colcon.colcon_core.package_identification:_identify(/home/mael/ros2_ws/src/zed-ros2-wrapper/docker) by extension 'cmake'
[0.561s] Level 1:colcon.colcon_core.package_identification:_identify(/home/mael/ros2_ws/src/zed-ros2-wrapper/docker) by extension 'python'
[0.562s] Level 1:colcon.colcon_core.package_identification:_identify(/home/mael/ros2_ws/src/zed-ros2-wrapper/docker) by extensions ['python_setup_py']
[0.562s] Level 1:colcon.colcon_core.package_identification:_identify(/home/mael/ros2_ws/src/zed-ros2-wrapper/docker) by extension 'python_setup_py'
[0.562s] Level 1:colcon.colcon_core.package_identification:_identify(/home/mael/ros2_ws/src/zed-ros2-wrapper/images) by extensions ['ignore', 'ignore_ament_install']
[0.562s] Level 1:colcon.colcon_core.package_identification:_identify(/home/mael/ros2_ws/src/zed-ros2-wrapper/images) by extension 'ignore'
[0.562s] Level 1:colcon.colcon_core.package_identification:_identify(/home/mael/ros2_ws/src/zed-ros2-wrapper/images) by extension 'ignore_ament_install'
[0.562s] Level 1:colcon.colcon_core.package_identification:_identify(/home/mael/ros2_ws/src/zed-ros2-wrapper/images) by extensions ['colcon_pkg']
[0.562s] Level 1:colcon.colcon_core.package_identification:_identify(/home/mael/ros2_ws/src/zed-ros2-wrapper/images) by extension 'colcon_pkg'
[0.562s] Level 1:colcon.colcon_core.package_identification:_identify(/home/mael/ros2_ws/src/zed-ros2-wrapper/images) by extensions ['colcon_meta']
[0.562s] Level 1:colcon.colcon_core.package_identification:_identify(/home/mael/ros2_ws/src/zed-ros2-wrapper/images) by extension 'colcon_meta'
[0.562s] Level 1:colcon.colcon_core.package_identification:_identify(/home/mael/ros2_ws/src/zed-ros2-wrapper/images) by extensions ['ros']
[0.562s] Level 1:colcon.colcon_core.package_identification:_identify(/home/mael/ros2_ws/src/zed-ros2-wrapper/images) by extension 'ros'
[0.562s] Level 1:colcon.colcon_core.package_identification:_identify(/home/mael/ros2_ws/src/zed-ros2-wrapper/images) by extensions ['cmake', 'python']
[0.562s] Level 1:colcon.colcon_core.package_identification:_identify(/home/mael/ros2_ws/src/zed-ros2-wrapper/images) by extension 'cmake'
[0.563s] Level 1:colcon.colcon_core.package_identification:_identify(/home/mael/ros2_ws/src/zed-ros2-wrapper/images) by extension 'python'
[0.563s] Level 1:colcon.colcon_core.package_identification:_identify(/home/mael/ros2_ws/src/zed-ros2-wrapper/images) by extensions ['python_setup_py']
[0.563s] Level 1:colcon.colcon_core.package_identification:_identify(/home/mael/ros2_ws/src/zed-ros2-wrapper/images) by extension 'python_setup_py'
[0.563s] Level 1:colcon.colcon_core.package_identification:_identify(/home/mael/ros2_ws/src/zed-ros2-wrapper/zed-ros2-interfaces) by extensions ['ignore', 'ignore_ament_install']
[0.563s] Level 1:colcon.colcon_core.package_identification:_identify(/home/mael/ros2_ws/src/zed-ros2-wrapper/zed-ros2-interfaces) by extension 'ignore'
[0.563s] Level 1:colcon.colcon_core.package_identification:_identify(/home/mael/ros2_ws/src/zed-ros2-wrapper/zed-ros2-interfaces) by extension 'ignore_ament_install'
[0.563s] Level 1:colcon.colcon_core.package_identification:_identify(/home/mael/ros2_ws/src/zed-ros2-wrapper/zed-ros2-interfaces) by extensions ['colcon_pkg']
[0.563s] Level 1:colcon.colcon_core.package_identification:_identify(/home/mael/ros2_ws/src/zed-ros2-wrapper/zed-ros2-interfaces) by extension 'colcon_pkg'
[0.563s] Level 1:colcon.colcon_core.package_identification:_identify(/home/mael/ros2_ws/src/zed-ros2-wrapper/zed-ros2-interfaces) by extensions ['colcon_meta']
[0.563s] Level 1:colcon.colcon_core.package_identification:_identify(/home/mael/ros2_ws/src/zed-ros2-wrapper/zed-ros2-interfaces) by extension 'colcon_meta'
[0.563s] Level 1:colcon.colcon_core.package_identification:_identify(/home/mael/ros2_ws/src/zed-ros2-wrapper/zed-ros2-interfaces) by extensions ['ros']
[0.563s] Level 1:colcon.colcon_core.package_identification:_identify(/home/mael/ros2_ws/src/zed-ros2-wrapper/zed-ros2-interfaces) by extension 'ros'
[0.565s] DEBUG:colcon.colcon_core.package_identification:Package '/home/mael/ros2_ws/src/zed-ros2-wrapper/zed-ros2-interfaces' with type 'ros.ament_cmake' and name 'zed_interfaces'
[0.565s] Level 1:colcon.colcon_core.package_identification:_identify(/home/mael/ros2_ws/src/zed-ros2-wrapper/zed_components) by extensions ['ignore', 'ignore_ament_install']
[0.565s] Level 1:colcon.colcon_core.package_identification:_identify(/home/mael/ros2_ws/src/zed-ros2-wrapper/zed_components) by extension 'ignore'
[0.565s] Level 1:colcon.colcon_core.package_identification:_identify(/home/mael/ros2_ws/src/zed-ros2-wrapper/zed_components) by extension 'ignore_ament_install'
[0.565s] Level 1:colcon.colcon_core.package_identification:_identify(/home/mael/ros2_ws/src/zed-ros2-wrapper/zed_components) by extensions ['colcon_pkg']
[0.565s] Level 1:colcon.colcon_core.package_identification:_identify(/home/mael/ros2_ws/src/zed-ros2-wrapper/zed_components) by extension 'colcon_pkg'
[0.565s] Level 1:colcon.colcon_core.package_identification:_identify(/home/mael/ros2_ws/src/zed-ros2-wrapper/zed_components) by extensions ['colcon_meta']
[0.565s] Level 1:colcon.colcon_core.package_identification:_identify(/home/mael/ros2_ws/src/zed-ros2-wrapper/zed_components) by extension 'colcon_meta'
[0.565s] Level 1:colcon.colcon_core.package_identification:_identify(/home/mael/ros2_ws/src/zed-ros2-wrapper/zed_components) by extensions ['ros']
[0.565s] Level 1:colcon.colcon_core.package_identification:_identify(/home/mael/ros2_ws/src/zed-ros2-wrapper/zed_components) by extension 'ros'
[0.567s] DEBUG:colcon.colcon_core.package_identification:Package '/home/mael/ros2_ws/src/zed-ros2-wrapper/zed_components' with type 'ros.ament_cmake' and name 'zed_components'
[0.568s] Level 1:colcon.colcon_core.package_identification:_identify(/home/mael/ros2_ws/src/zed-ros2-wrapper/zed_ros2) by extensions ['ignore', 'ignore_ament_install']
[0.568s] Level 1:colcon.colcon_core.package_identification:_identify(/home/mael/ros2_ws/src/zed-ros2-wrapper/zed_ros2) by extension 'ignore'
[0.568s] Level 1:colcon.colcon_core.package_identification:_identify(/home/mael/ros2_ws/src/zed-ros2-wrapper/zed_ros2) by extension 'ignore_ament_install'
[0.568s] Level 1:colcon.colcon_core.package_identification:_identify(/home/mael/ros2_ws/src/zed-ros2-wrapper/zed_ros2) by extensions ['colcon_pkg']
[0.568s] Level 1:colcon.colcon_core.package_identification:_identify(/home/mael/ros2_ws/src/zed-ros2-wrapper/zed_ros2) by extension 'colcon_pkg'
[0.568s] Level 1:colcon.colcon_core.package_identification:_identify(/home/mael/ros2_ws/src/zed-ros2-wrapper/zed_ros2) by extensions ['colcon_meta']
[0.568s] Level 1:colcon.colcon_core.package_identification:_identify(/home/mael/ros2_ws/src/zed-ros2-wrapper/zed_ros2) by extension 'colcon_meta'
[0.568s] Level 1:colcon.colcon_core.package_identification:_identify(/home/mael/ros2_ws/src/zed-ros2-wrapper/zed_ros2) by extensions ['ros']
[0.568s] Level 1:colcon.colcon_core.package_identification:_identify(/home/mael/ros2_ws/src/zed-ros2-wrapper/zed_ros2) by extension 'ros'
[0.569s] DEBUG:colcon.colcon_core.package_identification:Package '/home/mael/ros2_ws/src/zed-ros2-wrapper/zed_ros2' with type 'ros.ament_cmake' and name 'zed_ros2'
[0.570s] Level 1:colcon.colcon_core.package_identification:_identify(/home/mael/ros2_ws/src/zed-ros2-wrapper/zed_wrapper) by extensions ['ignore', 'ignore_ament_install']
[0.570s] Level 1:colcon.colcon_core.package_identification:_identify(/home/mael/ros2_ws/src/zed-ros2-wrapper/zed_wrapper) by extension 'ignore'
[0.570s] Level 1:colcon.colcon_core.package_identification:_identify(/home/mael/ros2_ws/src/zed-ros2-wrapper/zed_wrapper) by extension 'ignore_ament_install'
[0.570s] Level 1:colcon.colcon_core.package_identification:_identify(/home/mael/ros2_ws/src/zed-ros2-wrapper/zed_wrapper) by extensions ['colcon_pkg']
[0.570s] Level 1:colcon.colcon_core.package_identification:_identify(/home/mael/ros2_ws/src/zed-ros2-wrapper/zed_wrapper) by extension 'colcon_pkg'
[0.570s] Level 1:colcon.colcon_core.package_identification:_identify(/home/mael/ros2_ws/src/zed-ros2-wrapper/zed_wrapper) by extensions ['colcon_meta']
[0.570s] Level 1:colcon.colcon_core.package_identification:_identify(/home/mael/ros2_ws/src/zed-ros2-wrapper/zed_wrapper) by extension 'colcon_meta'
[0.570s] Level 1:colcon.colcon_core.package_identification:_identify(/home/mael/ros2_ws/src/zed-ros2-wrapper/zed_wrapper) by extensions ['ros']
[0.570s] Level 1:colcon.colcon_core.package_identification:_identify(/home/mael/ros2_ws/src/zed-ros2-wrapper/zed_wrapper) by extension 'ros'
[0.571s] DEBUG:colcon.colcon_core.package_identification:Package '/home/mael/ros2_ws/src/zed-ros2-wrapper/zed_wrapper' with type 'ros.ament_cmake' and name 'zed_wrapper'
[0.572s] Level 1:colcon.colcon_core.package_discovery:discover_packages(recursive) using defaults
