[4.579s] Invoking command in '/home/mael/ros2_ws/build/baxter_6dof_vr': PYTHONPATH=/home/mael/ros2_ws/build/baxter_6dof_vr/prefix_override:/home/mael/ros2_ws/install/baxter_6dof_vr/lib/python3.10/site-packages:${PYTHONPATH} /usr/bin/python3 setup.py develop --editable --build-directory /home/mael/ros2_ws/build/baxter_6dof_vr/build --no-deps install_data
[4.938s] running develop
[4.938s] /usr/lib/python3/dist-packages/setuptools/command/easy_install.py:158: EasyInstallDeprecationWarning: easy_install command is deprecated. Use build and pip and other standards-based tools.
[4.938s]   warnings.warn(
[4.939s] /usr/lib/python3/dist-packages/setuptools/command/install.py:34: SetuptoolsDeprecationWarning: setup.py install is deprecated. Use build and pip and other standards-based tools.
[4.939s]   warnings.warn(
[4.999s] /usr/lib/python3/dist-packages/pkg_resources/__init__.py:116: PkgResourcesDeprecationWarning: 1.16.0-unknown is an invalid version and will not be supported in a future release
[4.999s]   warnings.warn(
[4.999s] /usr/lib/python3/dist-packages/pkg_resources/__init__.py:116: PkgResourcesDeprecationWarning: 0.1.43ubuntu1 is an invalid version and will not be supported in a future release
[4.999s]   warnings.warn(
[4.999s] /usr/lib/python3/dist-packages/pkg_resources/__init__.py:116: PkgResourcesDeprecationWarning: 1.1build1 is an invalid version and will not be supported in a future release
[5.000s]   warnings.warn(
[5.163s] running egg_info
[5.164s] writing baxter_6dof_vr.egg-info/PKG-INFO
[5.340s] writing dependency_links to baxter_6dof_vr.egg-info/dependency_links.txt
[5.572s] writing entry points to baxter_6dof_vr.egg-info/entry_points.txt
[5.572s] writing requirements to baxter_6dof_vr.egg-info/requires.txt
[5.573s] writing top-level names to baxter_6dof_vr.egg-info/top_level.txt
[5.576s] reading manifest file 'baxter_6dof_vr.egg-info/SOURCES.txt'
[5.576s] writing manifest file 'baxter_6dof_vr.egg-info/SOURCES.txt'
[5.636s] running build_ext
[5.637s] Creating /home/mael/ros2_ws/install/baxter_6dof_vr/lib/python3.10/site-packages/baxter-6dof-vr.egg-link (link to .)
[5.877s] Installing pose_to_tf script to /home/mael/ros2_ws/install/baxter_6dof_vr/lib/baxter_6dof_vr
[5.877s] 
[5.877s] Installed /home/mael/ros2_ws/build/baxter_6dof_vr
[5.877s] running install_data
[7.298s] Invoked command in '/home/mael/ros2_ws/build/baxter_6dof_vr' returned '0': PYTHONPATH=/home/mael/ros2_ws/build/baxter_6dof_vr/prefix_override:/home/mael/ros2_ws/install/baxter_6dof_vr/lib/python3.10/site-packages:${PYTHONPATH} /usr/bin/python3 setup.py develop --editable --build-directory /home/mael/ros2_ws/build/baxter_6dof_vr/build --no-deps install_data
