[2.351s] Invoking command in '/home/mael/ros2_ws/build/baxter_6dof_vr': PYTHONPATH=/home/mael/ros2_ws/build/baxter_6dof_vr/prefix_override:/home/mael/ros2_ws/install/baxter_6dof_vr/lib/python3.10/site-packages:${PYTHONPATH} /usr/bin/python3 setup.py develop --editable --build-directory /home/mael/ros2_ws/build/baxter_6dof_vr/build --no-deps install_data
[2.847s] running develop
[2.848s] /usr/lib/python3/dist-packages/setuptools/command/easy_install.py:158: EasyInstallDeprecationWarning: easy_install command is deprecated. Use build and pip and other standards-based tools.
[2.848s]   warnings.warn(
[2.852s] /usr/lib/python3/dist-packages/setuptools/command/install.py:34: SetuptoolsDeprecationWarning: setup.py install is deprecated. Use build and pip and other standards-based tools.
[2.852s]   warnings.warn(
[2.969s] /usr/lib/python3/dist-packages/pkg_resources/__init__.py:116: PkgResourcesDeprecationWarning: 1.16.0-unknown is an invalid version and will not be supported in a future release
[2.970s]   warnings.warn(
[2.970s] /usr/lib/python3/dist-packages/pkg_resources/__init__.py:116: PkgResourcesDeprecationWarning: 0.1.43ubuntu1 is an invalid version and will not be supported in a future release
[2.970s]   warnings.warn(
[2.971s] /usr/lib/python3/dist-packages/pkg_resources/__init__.py:116: PkgResourcesDeprecationWarning: 1.1build1 is an invalid version and will not be supported in a future release
[2.971s]   warnings.warn(
[3.163s] running egg_info
[3.163s] writing baxter_6dof_vr.egg-info/PKG-INFO
[3.164s] writing dependency_links to baxter_6dof_vr.egg-info/dependency_links.txt
[3.164s] writing entry points to baxter_6dof_vr.egg-info/entry_points.txt
[3.165s] writing requirements to baxter_6dof_vr.egg-info/requires.txt
[3.165s] writing top-level names to baxter_6dof_vr.egg-info/top_level.txt
[3.168s] reading manifest file 'baxter_6dof_vr.egg-info/SOURCES.txt'
[3.171s] writing manifest file 'baxter_6dof_vr.egg-info/SOURCES.txt'
[3.231s] running build_ext
[3.232s] Creating /home/mael/ros2_ws/install/baxter_6dof_vr/lib/python3.10/site-packages/baxter-6dof-vr.egg-link (link to .)
[3.233s] Installing pose_to_tf script to /home/mael/ros2_ws/install/baxter_6dof_vr/lib/baxter_6dof_vr
[3.234s] 
[3.234s] Installed /home/mael/ros2_ws/build/baxter_6dof_vr
[3.234s] running install_data
[3.235s] copying launch/pointcloud_aligned_apriltag.launch.py -> /home/mael/ros2_ws/install/baxter_6dof_vr/share/baxter_6dof_vr/launch
[3.293s] Invoked command in '/home/mael/ros2_ws/build/baxter_6dof_vr' returned '0': PYTHONPATH=/home/mael/ros2_ws/build/baxter_6dof_vr/prefix_override:/home/mael/ros2_ws/install/baxter_6dof_vr/lib/python3.10/site-packages:${PYTHONPATH} /usr/bin/python3 setup.py develop --editable --build-directory /home/mael/ros2_ws/build/baxter_6dof_vr/build --no-deps install_data
