[0.690s] Invoking command in '/home/mael/ros2_ws/build/pcl_ros': CMAKE_PREFIX_PATH=/home/mael/ros2_ws/install/pcl_conversions:/home/mael/ros2_ws/install/zed_ros2:/home/mael/ros2_ws/install/zed_wrapper:/home/mael/ros2_ws/install/zed_components:/home/mael/ros2_ws/install/zed_interfaces:/home/mael/ros2_ws/install/baxter_moveit_ros2:/home/mael/ros2_ws/install/baxter_description:/home/mael/ros2_ws/install/rethink_ee_description:/home/mael/ros2_ws/install/perception_pcl:/home/mael/ros2_ws/install/pcl_ros:/home/mael/ros2_ws/install/baxter_maintenance_msgs:/home/mael/ros2_ws/install/baxter_core_msgs:/home/mael/ros2_ws/install/apriltag_ros_pose:/home/mael/ros2_ws/install/apriltag_ros2:/home/mael/ros2_ws/install/ros_tcp_endpoint:/home/mael/ros2_ws/install/baxter_joint_controller:/home/mael/ros2_ws/install/baxter_6dof_vr:/opt/ros/humble /usr/bin/cmake /home/mael/ros2_ws/src/perception_pcl/pcl_ros -DAMENT_CMAKE_SYMLINK_INSTALL=1 -DCMAKE_INSTALL_PREFIX=/home/mael/ros2_ws/install/pcl_ros
[1.190s] -- The C compiler identification is GNU 11.3.0
[1.874s] -- The CXX compiler identification is GNU 11.3.0
[1.883s] -- Detecting C compiler ABI info
[2.450s] -- Detecting C compiler ABI info - done
[2.457s] -- Check for working C compiler: /usr/bin/cc - skipped
[2.457s] -- Detecting C compile features
[2.457s] -- Detecting C compile features - done
[2.460s] -- Detecting CXX compiler ABI info
[2.915s] -- Detecting CXX compiler ABI info - done
[2.921s] -- Check for working CXX compiler: /usr/bin/c++ - skipped
[2.922s] -- Detecting CXX compile features
[2.922s] -- Detecting CXX compile features - done
[2.942s] -- Checking for module 'eigen3'
[2.953s] --   Found eigen3, version 3.4.0
[2.978s] -- Found Eigen: /usr/include/eigen3 (Required is at least version "3.1") 
[2.979s] -- Eigen found (include: /usr/include/eigen3, version: 3.4.0)
[3.092s] -- Checking for module 'flann'
[3.272s] --   Found flann, version 1.9.1
[3.313s] -- Found FLANN: /usr/lib/x86_64-linux-gnu/libflann_cpp.so  
[3.313s] -- FLANN found (include: /usr/include, lib: /usr/lib/x86_64-linux-gnu/libflann_cpp.so)
[14.050s] -- Checking for module 'libusb-1.0'
[14.066s] --   Found libusb-1.0, version 1.0.25
[14.122s] -- Found libusb: /usr/lib/x86_64-linux-gnu/libusb-1.0.so  
[14.124s] -- OpenNI found (version: 1.5.4.0, include: /usr/include/ni, lib: /usr/lib/libOpenNI.so;libusb::libusb)
[14.226s] -- OpenNI2 found (version: 2.2.0.33, include: /usr/include/openni2, lib: /usr/lib/x86_64-linux-gnu/libOpenNI2.so;libusb::libusb)
[14.526s] -- Eigen found (include: /usr/include/eigen3, version: 3.4.0)
[14.566s] -- Found Qhull version 8.0.2
[14.748s] -- Found PCL_COMMON: /usr/lib/x86_64-linux-gnu/libpcl_common.so  
[14.750s] -- Found PCL_KDTREE: /usr/lib/x86_64-linux-gnu/libpcl_kdtree.so  
[14.751s] -- Found PCL_OCTREE: /usr/lib/x86_64-linux-gnu/libpcl_octree.so  
[14.767s] -- Found PCL_SEARCH: /usr/lib/x86_64-linux-gnu/libpcl_search.so  
[14.768s] -- Found PCL_2D: /usr/include/pcl-1.12  
[14.769s] -- Found PCL_FEATURES: /usr/lib/x86_64-linux-gnu/libpcl_features.so  
[14.770s] -- Found PCL_SAMPLE_CONSENSUS: /usr/lib/x86_64-linux-gnu/libpcl_sample_consensus.so  
[14.772s] -- Found PCL_FILTERS: /usr/lib/x86_64-linux-gnu/libpcl_filters.so  
[14.773s] -- Found PCL_IO: /usr/lib/x86_64-linux-gnu/libpcl_io.so  
[14.773s] -- Found PCL_GEOMETRY: /usr/include/pcl-1.12  
[14.774s] -- Found PCL_ML: /usr/lib/x86_64-linux-gnu/libpcl_ml.so  
[14.775s] -- Found PCL_SEGMENTATION: /usr/lib/x86_64-linux-gnu/libpcl_segmentation.so  
[14.776s] -- Found PCL_SURFACE: /usr/lib/x86_64-linux-gnu/libpcl_surface.so  
[14.779s] -- Found ament_cmake: 1.3.5 (/opt/ros/humble/share/ament_cmake/cmake)
[14.968s] -- Found Python3: /usr/bin/python3.10 (found version "3.10.6") found components: Interpreter 
[15.030s] -- Override CMake install command with custom implementation using symlinks instead of copying resources
[15.071s] -- Found pcl_conversions: 2.4.1 (/home/mael/ros2_ws/install/pcl_conversions/share/pcl_conversions/cmake)
[15.127s] -- Found rosidl_generator_c: 3.1.4 (/opt/ros/humble/share/rosidl_generator_c/cmake)
[15.134s] -- Found rosidl_adapter: 3.1.4 (/opt/ros/humble/share/rosidl_adapter/cmake)
[15.148s] -- Found rosidl_generator_cpp: 3.1.4 (/opt/ros/humble/share/rosidl_generator_cpp/cmake)
[15.167s] -- Using all available rosidl_typesupport_c: rosidl_typesupport_fastrtps_c;rosidl_typesupport_introspection_c
[15.193s] -- Using all available rosidl_typesupport_cpp: rosidl_typesupport_fastrtps_cpp;rosidl_typesupport_introspection_cpp
[15.312s] -- Found rmw_implementation_cmake: 6.1.1 (/opt/ros/humble/share/rmw_implementation_cmake/cmake)
[15.312s] -- Found rmw_fastrtps_cpp: 6.2.2 (/opt/ros/humble/share/rmw_fastrtps_cpp/cmake)
[15.414s] -- Found OpenSSL: /usr/lib/x86_64-linux-gnu/libcrypto.so (found version "3.0.2")  
[15.447s] -- Found FastRTPS: /opt/ros/humble/include  
[15.511s] -- Using RMW implementation 'rmw_fastrtps_cpp' as default
[15.529s] -- Found Threads: TRUE  
[16.249s] -- Found rclcpp_components: 16.0.4 (/opt/ros/humble/share/rclcpp_components/cmake)
[16.323s] -- Found tf2: 0.25.2 (/opt/ros/humble/share/tf2/cmake)
[16.333s] -- Found tf2_geometry_msgs: 0.25.2 (/opt/ros/humble/share/tf2_geometry_msgs/cmake)
[16.344s] -- Found eigen3_cmake_module: 0.1.1 (/opt/ros/humble/share/eigen3_cmake_module/cmake)
[16.345s] -- Found Eigen3: TRUE (found version "3.4.0") 
[16.345s] -- Ensuring Eigen3 include directory is part of orocos-kdl CMake target
[17.048s] -- Checking to see if CXX compiler accepts flag -Wl,--version-script,"/home/mael/ros2_ws/build/pcl_ros/class_loader_hide_library_symbols__pcl_ros_filters.script"
[17.377s] -- Checking to see if CXX compiler accepts flag -Wl,--version-script,"/home/mael/ros2_ws/build/pcl_ros/class_loader_hide_library_symbols__pcl_ros_filters.script" - yes
[17.549s] -- Found ament_lint_auto: 0.12.6 (/opt/ros/humble/share/ament_lint_auto/cmake)
[82.383s] -- Added test 'cppcheck' to perform static code analysis on C / C++ code
[82.383s] -- Configured cppcheck include dirs: $<BUILD_INTERFACE:/home/mael/ros2_ws/src/perception_pcl/pcl_ros/include>
[82.383s] -- Configured cppcheck exclude dirs and/or files: 
[82.390s] -- Added test 'cpplint' to check C / C++ code against the Google style
[82.390s] -- Configured cpplint exclude dirs and/or files: 
[82.391s] -- Added test 'flake8' to check Python code syntax and style conventions
[82.394s] -- Added test 'lint_cmake' to check CMake code style
[82.395s] -- Added test 'pep257' to check Python code against some of the docstring style conventions in PEP 257
[82.401s] -- Added test 'uncrustify' to check C / C++ code style
[82.401s] -- Configured uncrustify additional arguments: 
[82.403s] -- Added test 'xmllint' to check XML markup files
[82.407s] -- Configuring done
[86.182s] -- Generating done
[86.839s] -- Build files have been written to: /home/mael/ros2_ws/build/pcl_ros
[86.840s] Invoked command in '/home/mael/ros2_ws/build/pcl_ros' returned '0': CMAKE_PREFIX_PATH=/home/mael/ros2_ws/install/pcl_conversions:/home/mael/ros2_ws/install/zed_ros2:/home/mael/ros2_ws/install/zed_wrapper:/home/mael/ros2_ws/install/zed_components:/home/mael/ros2_ws/install/zed_interfaces:/home/mael/ros2_ws/install/baxter_moveit_ros2:/home/mael/ros2_ws/install/baxter_description:/home/mael/ros2_ws/install/rethink_ee_description:/home/mael/ros2_ws/install/perception_pcl:/home/mael/ros2_ws/install/pcl_ros:/home/mael/ros2_ws/install/baxter_maintenance_msgs:/home/mael/ros2_ws/install/baxter_core_msgs:/home/mael/ros2_ws/install/apriltag_ros_pose:/home/mael/ros2_ws/install/apriltag_ros2:/home/mael/ros2_ws/install/ros_tcp_endpoint:/home/mael/ros2_ws/install/baxter_joint_controller:/home/mael/ros2_ws/install/baxter_6dof_vr:/opt/ros/humble /usr/bin/cmake /home/mael/ros2_ws/src/perception_pcl/pcl_ros -DAMENT_CMAKE_SYMLINK_INSTALL=1 -DCMAKE_INSTALL_PREFIX=/home/mael/ros2_ws/install/pcl_ros
[86.841s] Invoking command in '/home/mael/ros2_ws/build/pcl_ros': CMAKE_PREFIX_PATH=/home/mael/ros2_ws/install/pcl_conversions:/home/mael/ros2_ws/install/zed_ros2:/home/mael/ros2_ws/install/zed_wrapper:/home/mael/ros2_ws/install/zed_components:/home/mael/ros2_ws/install/zed_interfaces:/home/mael/ros2_ws/install/baxter_moveit_ros2:/home/mael/ros2_ws/install/baxter_description:/home/mael/ros2_ws/install/rethink_ee_description:/home/mael/ros2_ws/install/perception_pcl:/home/mael/ros2_ws/install/pcl_ros:/home/mael/ros2_ws/install/baxter_maintenance_msgs:/home/mael/ros2_ws/install/baxter_core_msgs:/home/mael/ros2_ws/install/apriltag_ros_pose:/home/mael/ros2_ws/install/apriltag_ros2:/home/mael/ros2_ws/install/ros_tcp_endpoint:/home/mael/ros2_ws/install/baxter_joint_controller:/home/mael/ros2_ws/install/baxter_6dof_vr:/opt/ros/humble /usr/bin/cmake --build /home/mael/ros2_ws/build/pcl_ros -- -j8 -l8
[86.907s] [  3%] [32mBuilding CXX object CMakeFiles/pcl_ros_tf.dir/src/transforms.cpp.o[0m
[123.669s] [  6%] [32m[1mLinking CXX static library libpcl_ros_tf.a[0m
[123.886s] [  6%] Built target pcl_ros_tf
[123.914s] [  9%] [32mBuilding CXX object CMakeFiles/filter_voxel_grid_node.dir/rclcpp_components/node_main_filter_voxel_grid_node.cpp.o[0m
[126.704s] [ 12%] [32m[1mLinking CXX executable filter_voxel_grid_node[0m
[126.823s] [ 12%] Built target filter_voxel_grid_node
[126.842s] [ 16%] [32mBuilding CXX object CMakeFiles/pcd_to_pointcloud_lib.dir/tools/pcd_to_pointcloud.cpp.o[0m
[133.450s] [ 19%] [32m[1mLinking CXX shared library libpcd_to_pointcloud_lib.so[0m
[133.959s] [ 19%] Built target pcd_to_pointcloud_lib
[133.977s] [ 22%] [32mBuilding CXX object CMakeFiles/pcd_to_pointcloud.dir/rclcpp_components/node_main_pcd_to_pointcloud.cpp.o[0m
[136.558s] [ 25%] [32m[1mLinking CXX executable pcd_to_pointcloud[0m
[136.663s] [ 25%] Built target pcd_to_pointcloud
[136.681s] [ 29%] [32mBuilding CXX object tests/filters/CMakeFiles/dummy_topics.dir/dummy_topics.cpp.o[0m
[143.757s] [ 32%] [32m[1mLinking CXX shared library libdummy_topics.so[0m
[144.197s] [ 32%] Built target dummy_topics
[144.215s] [ 35%] [32mBuilding CXX object CMakeFiles/pcl_ros_filters.dir/src/pcl_ros/filters/extract_indices.cpp.o[0m
[157.115s] [ 38%] [32mBuilding CXX object CMakeFiles/pcl_ros_filters.dir/src/pcl_ros/filters/filter.cpp.o[0m
[165.131s] [ 41%] [32mBuilding CXX object CMakeFiles/pcl_ros_filters.dir/src/pcl_ros/filters/passthrough.cpp.o[0m
[183.109s] [ 45%] [32mBuilding CXX object CMakeFiles/pcl_ros_filters.dir/src/pcl_ros/filters/project_inliers.cpp.o[0m
[189.925s] [ 48%] [32mBuilding CXX object CMakeFiles/pcl_ros_filters.dir/src/pcl_ros/filters/radius_outlier_removal.cpp.o[0m
[212.025s] [ 51%] [32mBuilding CXX object CMakeFiles/pcl_ros_filters.dir/src/pcl_ros/filters/statistical_outlier_removal.cpp.o[0m
[222.998s] [ 54%] [32mBuilding CXX object CMakeFiles/pcl_ros_filters.dir/src/pcl_ros/filters/voxel_grid.cpp.o[0m
[243.728s] [ 58%] [32mBuilding CXX object CMakeFiles/pcl_ros_filters.dir/src/pcl_ros/filters/crop_box.cpp.o[0m
[266.261s] [ 61%] [32m[1mLinking CXX shared library libpcl_ros_filters.so[0m
[270.265s] [ 61%] Built target pcl_ros_filters
[270.286s] [ 64%] [32mBuilding CXX object CMakeFiles/filter_passthrough_node.dir/rclcpp_components/node_main_filter_passthrough_node.cpp.o[0m
[270.288s] [ 67%] [32mBuilding CXX object CMakeFiles/filter_crop_box_node.dir/rclcpp_components/node_main_filter_crop_box_node.cpp.o[0m
[270.289s] [ 70%] [32mBuilding CXX object CMakeFiles/filter_extract_indices_node.dir/rclcpp_components/node_main_filter_extract_indices_node.cpp.o[0m
[270.290s] [ 74%] [32mBuilding CXX object CMakeFiles/filter_statistical_outlier_removal_node.dir/rclcpp_components/node_main_filter_statistical_outlier_removal_node.cpp.o[0m
[270.291s] [ 77%] [32mBuilding CXX object CMakeFiles/filter_project_inliers_node.dir/rclcpp_components/node_main_filter_project_inliers_node.cpp.o[0m
[270.292s] [ 80%] [32mBuilding CXX object CMakeFiles/filter_radius_outlier_removal_node.dir/rclcpp_components/node_main_filter_radius_outlier_removal_node.cpp.o[0m
[273.118s] [ 83%] [32m[1mLinking CXX executable filter_passthrough_node[0m
[273.193s] [ 87%] [32m[1mLinking CXX executable filter_project_inliers_node[0m
[273.274s] [ 87%] Built target filter_passthrough_node
[273.357s] [ 87%] Built target filter_project_inliers_node
[274.657s] [ 90%] [32m[1mLinking CXX executable filter_crop_box_node[0m
[274.723s] [ 93%] [32m[1mLinking CXX executable filter_radius_outlier_removal_node[0m
[274.730s] [100%] [32m[1mLinking CXX executable filter_extract_indices_node[0m
[274.730s] [100%] [32m[1mLinking CXX executable filter_statistical_outlier_removal_node[0m
[274.874s] [100%] Built target filter_crop_box_node
[274.874s] [100%] Built target filter_extract_indices_node
[274.874s] [100%] Built target filter_radius_outlier_removal_node
[274.969s] [100%] Built target filter_statistical_outlier_removal_node
[274.999s] Invoked command in '/home/mael/ros2_ws/build/pcl_ros' returned '0': CMAKE_PREFIX_PATH=/home/mael/ros2_ws/install/pcl_conversions:/home/mael/ros2_ws/install/zed_ros2:/home/mael/ros2_ws/install/zed_wrapper:/home/mael/ros2_ws/install/zed_components:/home/mael/ros2_ws/install/zed_interfaces:/home/mael/ros2_ws/install/baxter_moveit_ros2:/home/mael/ros2_ws/install/baxter_description:/home/mael/ros2_ws/install/rethink_ee_description:/home/mael/ros2_ws/install/perception_pcl:/home/mael/ros2_ws/install/pcl_ros:/home/mael/ros2_ws/install/baxter_maintenance_msgs:/home/mael/ros2_ws/install/baxter_core_msgs:/home/mael/ros2_ws/install/apriltag_ros_pose:/home/mael/ros2_ws/install/apriltag_ros2:/home/mael/ros2_ws/install/ros_tcp_endpoint:/home/mael/ros2_ws/install/baxter_joint_controller:/home/mael/ros2_ws/install/baxter_6dof_vr:/opt/ros/humble /usr/bin/cmake --build /home/mael/ros2_ws/build/pcl_ros -- -j8 -l8
[275.352s] Invoking command in '/home/mael/ros2_ws/build/pcl_ros': CMAKE_PREFIX_PATH=/home/mael/ros2_ws/install/pcl_conversions:/home/mael/ros2_ws/install/zed_ros2:/home/mael/ros2_ws/install/zed_wrapper:/home/mael/ros2_ws/install/zed_components:/home/mael/ros2_ws/install/zed_interfaces:/home/mael/ros2_ws/install/baxter_moveit_ros2:/home/mael/ros2_ws/install/baxter_description:/home/mael/ros2_ws/install/rethink_ee_description:/home/mael/ros2_ws/install/perception_pcl:/home/mael/ros2_ws/install/pcl_ros:/home/mael/ros2_ws/install/baxter_maintenance_msgs:/home/mael/ros2_ws/install/baxter_core_msgs:/home/mael/ros2_ws/install/apriltag_ros_pose:/home/mael/ros2_ws/install/apriltag_ros2:/home/mael/ros2_ws/install/ros_tcp_endpoint:/home/mael/ros2_ws/install/baxter_joint_controller:/home/mael/ros2_ws/install/baxter_6dof_vr:/opt/ros/humble /usr/bin/cmake --install /home/mael/ros2_ws/build/pcl_ros
[275.378s] -- Install configuration: ""
[275.380s] -- Execute custom install script
[275.381s] -- Symlinking: /home/mael/ros2_ws/install/pcl_ros/lib/pcl_ros/filter_extract_indices_node
[275.395s] -- Symlinking: /home/mael/ros2_ws/install/pcl_ros/lib/pcl_ros/filter_passthrough_node
[275.409s] -- Symlinking: /home/mael/ros2_ws/install/pcl_ros/lib/pcl_ros/filter_project_inliers_node
[275.423s] -- Symlinking: /home/mael/ros2_ws/install/pcl_ros/lib/pcl_ros/filter_radius_outlier_removal_node
[275.436s] -- Symlinking: /home/mael/ros2_ws/install/pcl_ros/lib/pcl_ros/filter_statistical_outlier_removal_node
[275.450s] -- Symlinking: /home/mael/ros2_ws/install/pcl_ros/lib/pcl_ros/filter_crop_box_node
[275.464s] -- Symlinking: /home/mael/ros2_ws/install/pcl_ros/lib/pcl_ros/filter_voxel_grid_node
[275.477s] -- Symlinking: /home/mael/ros2_ws/install/pcl_ros/lib/pcl_ros/pcd_to_pointcloud
[275.493s] -- Symlinking: /home/mael/ros2_ws/install/pcl_ros/include/pcl_ros/pcl_ros/features/boundary.hpp
[275.507s] -- Symlinking: /home/mael/ros2_ws/install/pcl_ros/include/pcl_ros/pcl_ros/features/feature.hpp
[275.520s] -- Symlinking: /home/mael/ros2_ws/install/pcl_ros/include/pcl_ros/pcl_ros/features/fpfh.hpp
[275.534s] -- Symlinking: /home/mael/ros2_ws/install/pcl_ros/include/pcl_ros/pcl_ros/features/fpfh_omp.hpp
[275.548s] -- Symlinking: /home/mael/ros2_ws/install/pcl_ros/include/pcl_ros/pcl_ros/features/moment_invariants.hpp
[275.561s] -- Symlinking: /home/mael/ros2_ws/install/pcl_ros/include/pcl_ros/pcl_ros/features/normal_3d.hpp
[275.572s] -- Symlinking: /home/mael/ros2_ws/install/pcl_ros/include/pcl_ros/pcl_ros/features/normal_3d_omp.hpp
[275.584s] -- Symlinking: /home/mael/ros2_ws/install/pcl_ros/include/pcl_ros/pcl_ros/features/normal_3d_tbb.hpp
[275.596s] -- Symlinking: /home/mael/ros2_ws/install/pcl_ros/include/pcl_ros/pcl_ros/features/pfh.hpp
[275.607s] -- Symlinking: /home/mael/ros2_ws/install/pcl_ros/include/pcl_ros/pcl_ros/features/principal_curvatures.hpp
[275.618s] -- Symlinking: /home/mael/ros2_ws/install/pcl_ros/include/pcl_ros/pcl_ros/features/shot.hpp
[275.630s] -- Symlinking: /home/mael/ros2_ws/install/pcl_ros/include/pcl_ros/pcl_ros/features/shot_omp.hpp
[275.641s] -- Symlinking: /home/mael/ros2_ws/install/pcl_ros/include/pcl_ros/pcl_ros/features/vfh.hpp
[275.653s] -- Symlinking: /home/mael/ros2_ws/install/pcl_ros/include/pcl_ros/pcl_ros/filters/crop_box.hpp
[275.664s] -- Symlinking: /home/mael/ros2_ws/install/pcl_ros/include/pcl_ros/pcl_ros/filters/extract_indices.hpp
[275.675s] -- Symlinking: /home/mael/ros2_ws/install/pcl_ros/include/pcl_ros/pcl_ros/filters/filter.hpp
[275.685s] -- Symlinking: /home/mael/ros2_ws/install/pcl_ros/include/pcl_ros/pcl_ros/filters/passthrough.hpp
[275.695s] -- Symlinking: /home/mael/ros2_ws/install/pcl_ros/include/pcl_ros/pcl_ros/filters/project_inliers.hpp
[275.705s] -- Symlinking: /home/mael/ros2_ws/install/pcl_ros/include/pcl_ros/pcl_ros/filters/radius_outlier_removal.hpp
[275.714s] -- Symlinking: /home/mael/ros2_ws/install/pcl_ros/include/pcl_ros/pcl_ros/filters/statistical_outlier_removal.hpp
[275.724s] -- Symlinking: /home/mael/ros2_ws/install/pcl_ros/include/pcl_ros/pcl_ros/filters/voxel_grid.hpp
[275.734s] -- Symlinking: /home/mael/ros2_ws/install/pcl_ros/include/pcl_ros/pcl_ros/impl/transforms.hpp
[275.744s] -- Symlinking: /home/mael/ros2_ws/install/pcl_ros/include/pcl_ros/pcl_ros/io/bag_io.hpp
[275.753s] -- Symlinking: /home/mael/ros2_ws/install/pcl_ros/include/pcl_ros/pcl_ros/io/concatenate_data.hpp
[275.763s] -- Symlinking: /home/mael/ros2_ws/install/pcl_ros/include/pcl_ros/pcl_ros/io/concatenate_fields.hpp
[275.773s] -- Symlinking: /home/mael/ros2_ws/install/pcl_ros/include/pcl_ros/pcl_ros/io/pcd_io.hpp
[275.783s] -- Symlinking: /home/mael/ros2_ws/install/pcl_ros/include/pcl_ros/pcl_ros/pcl_node.hpp
[275.793s] -- Symlinking: /home/mael/ros2_ws/install/pcl_ros/include/pcl_ros/pcl_ros/point_cloud.hpp
[275.803s] -- Symlinking: /home/mael/ros2_ws/install/pcl_ros/include/pcl_ros/pcl_ros/publisher.hpp
[275.812s] -- Symlinking: /home/mael/ros2_ws/install/pcl_ros/include/pcl_ros/pcl_ros/segmentation/extract_clusters.hpp
[275.823s] -- Symlinking: /home/mael/ros2_ws/install/pcl_ros/include/pcl_ros/pcl_ros/segmentation/extract_polygonal_prism_data.hpp
[275.833s] -- Symlinking: /home/mael/ros2_ws/install/pcl_ros/include/pcl_ros/pcl_ros/segmentation/sac_segmentation.hpp
[275.843s] -- Symlinking: /home/mael/ros2_ws/install/pcl_ros/include/pcl_ros/pcl_ros/segmentation/segment_differences.hpp
[275.853s] -- Symlinking: /home/mael/ros2_ws/install/pcl_ros/include/pcl_ros/pcl_ros/surface/convex_hull.hpp
[275.862s] -- Symlinking: /home/mael/ros2_ws/install/pcl_ros/include/pcl_ros/pcl_ros/surface/moving_least_squares.hpp
[275.872s] -- Symlinking: /home/mael/ros2_ws/install/pcl_ros/include/pcl_ros/pcl_ros/transforms.hpp
[275.882s] -- Symlinking: /home/mael/ros2_ws/install/pcl_ros/share/pcl_ros/plugins/nodelet/libpcl_ros_features.xml
[275.892s] -- Symlinking: /home/mael/ros2_ws/install/pcl_ros/share/pcl_ros/plugins/nodelet/libpcl_ros_filters.xml
[275.902s] -- Symlinking: /home/mael/ros2_ws/install/pcl_ros/share/pcl_ros/plugins/nodelet/libpcl_ros_io.xml
[275.912s] -- Symlinking: /home/mael/ros2_ws/install/pcl_ros/share/pcl_ros/plugins/nodelet/libpcl_ros_segmentation.xml
[275.921s] -- Symlinking: /home/mael/ros2_ws/install/pcl_ros/share/pcl_ros/plugins/nodelet/libpcl_ros_surface.xml
[275.932s] -- Symlinking: /home/mael/ros2_ws/install/pcl_ros/share/pcl_ros/samples/data/.gitignore
[275.942s] -- Symlinking: /home/mael/ros2_ws/install/pcl_ros/share/pcl_ros/samples/pcl_ros/features/sample_normal_3d.launch
[275.951s] -- Symlinking: /home/mael/ros2_ws/install/pcl_ros/share/pcl_ros/samples/pcl_ros/filters/config/statistical_outlier_removal.rviz
[275.961s] -- Symlinking: /home/mael/ros2_ws/install/pcl_ros/share/pcl_ros/samples/pcl_ros/filters/config/voxel_grid.rviz
[275.971s] -- Symlinking: /home/mael/ros2_ws/install/pcl_ros/share/pcl_ros/samples/pcl_ros/filters/sample_statistical_outlier_removal.launch
[275.981s] -- Symlinking: /home/mael/ros2_ws/install/pcl_ros/share/pcl_ros/samples/pcl_ros/filters/sample_voxel_grid.launch
[275.990s] -- Symlinking: /home/mael/ros2_ws/install/pcl_ros/share/pcl_ros/samples/pcl_ros/io/sample_concatenate_data.launch
[276.000s] -- Symlinking: /home/mael/ros2_ws/install/pcl_ros/share/pcl_ros/samples/pcl_ros/segmentation/sample_extract_clusters.launch
[276.010s] -- Symlinking: /home/mael/ros2_ws/install/pcl_ros/share/pcl_ros/samples/pcl_ros/surface/sample_convex_hull.launch
[276.019s] -- Symlinking: /home/mael/ros2_ws/install/pcl_ros/share/pcl_ros/environment/library_path.sh
[276.028s] -- Symlinking: /home/mael/ros2_ws/install/pcl_ros/share/pcl_ros/environment/library_path.dsv
[276.036s] -- Symlinking: /home/mael/ros2_ws/install/pcl_ros/share/ament_index/resource_index/package_run_dependencies/pcl_ros
[276.045s] -- Symlinking: /home/mael/ros2_ws/install/pcl_ros/share/ament_index/resource_index/parent_prefix_path/pcl_ros
[276.054s] -- Symlinking: /home/mael/ros2_ws/install/pcl_ros/share/pcl_ros/environment/ament_prefix_path.sh
[276.062s] -- Symlinking: /home/mael/ros2_ws/install/pcl_ros/share/pcl_ros/environment/ament_prefix_path.dsv
[276.071s] -- Symlinking: /home/mael/ros2_ws/install/pcl_ros/share/pcl_ros/environment/path.sh
[276.079s] -- Symlinking: /home/mael/ros2_ws/install/pcl_ros/share/pcl_ros/environment/path.dsv
[276.086s] -- Symlinking: /home/mael/ros2_ws/install/pcl_ros/share/pcl_ros/local_setup.bash
[276.094s] -- Symlinking: /home/mael/ros2_ws/install/pcl_ros/share/pcl_ros/local_setup.sh
[276.101s] -- Symlinking: /home/mael/ros2_ws/install/pcl_ros/share/pcl_ros/local_setup.zsh
[276.108s] -- Symlinking: /home/mael/ros2_ws/install/pcl_ros/share/pcl_ros/local_setup.dsv
[276.115s] -- Symlinking: /home/mael/ros2_ws/install/pcl_ros/share/pcl_ros/package.dsv
[276.122s] -- Symlinking: /home/mael/ros2_ws/install/pcl_ros/share/ament_index/resource_index/packages/pcl_ros
[276.129s] -- Symlinking: /home/mael/ros2_ws/install/pcl_ros/share/ament_index/resource_index/rclcpp_components/pcl_ros
[276.136s] -- Symlinking: /home/mael/ros2_ws/install/pcl_ros/share/pcl_ros/cmake/ament_cmake_export_include_directories-extras.cmake
[276.143s] -- Symlinking: /home/mael/ros2_ws/install/pcl_ros/share/pcl_ros/cmake/ament_cmake_export_libraries-extras.cmake
[276.149s] -- Symlinking: /home/mael/ros2_ws/install/pcl_ros/share/pcl_ros/cmake/ament_cmake_export_targets-extras.cmake
[276.156s] -- Symlinking: /home/mael/ros2_ws/install/pcl_ros/share/pcl_ros/cmake/ament_cmake_export_dependencies-extras.cmake
[276.164s] -- Symlinking: /home/mael/ros2_ws/install/pcl_ros/share/pcl_ros/cmake/pcl_rosConfig.cmake
[276.170s] -- Symlinking: /home/mael/ros2_ws/install/pcl_ros/share/pcl_ros/cmake/pcl_rosConfig-version.cmake
[276.177s] -- Symlinking: /home/mael/ros2_ws/install/pcl_ros/share/pcl_ros/package.xml
[276.184s] -- Installing: /home/mael/ros2_ws/install/pcl_ros/lib/libpcl_ros_tf.a
[276.186s] -- Installing: /home/mael/ros2_ws/install/pcl_ros/lib/libpcd_to_pointcloud_lib.so
[276.188s] -- Set runtime path of "/home/mael/ros2_ws/install/pcl_ros/lib/libpcd_to_pointcloud_lib.so" to ""
[276.189s] -- Installing: /home/mael/ros2_ws/install/pcl_ros/lib/libpcl_ros_filters.so
[276.198s] -- Set runtime path of "/home/mael/ros2_ws/install/pcl_ros/lib/libpcl_ros_filters.so" to ""
[276.198s] -- Installing: /home/mael/ros2_ws/install/pcl_ros/share/pcl_ros/cmake/export_pcl_rosExport.cmake
[276.198s] -- Installing: /home/mael/ros2_ws/install/pcl_ros/share/pcl_ros/cmake/export_pcl_rosExport-noconfig.cmake
[276.203s] Invoked command in '/home/mael/ros2_ws/build/pcl_ros' returned '0': CMAKE_PREFIX_PATH=/home/mael/ros2_ws/install/pcl_conversions:/home/mael/ros2_ws/install/zed_ros2:/home/mael/ros2_ws/install/zed_wrapper:/home/mael/ros2_ws/install/zed_components:/home/mael/ros2_ws/install/zed_interfaces:/home/mael/ros2_ws/install/baxter_moveit_ros2:/home/mael/ros2_ws/install/baxter_description:/home/mael/ros2_ws/install/rethink_ee_description:/home/mael/ros2_ws/install/perception_pcl:/home/mael/ros2_ws/install/pcl_ros:/home/mael/ros2_ws/install/baxter_maintenance_msgs:/home/mael/ros2_ws/install/baxter_core_msgs:/home/mael/ros2_ws/install/apriltag_ros_pose:/home/mael/ros2_ws/install/apriltag_ros2:/home/mael/ros2_ws/install/ros_tcp_endpoint:/home/mael/ros2_ws/install/baxter_joint_controller:/home/mael/ros2_ws/install/baxter_6dof_vr:/opt/ros/humble /usr/bin/cmake --install /home/mael/ros2_ws/build/pcl_ros
