[0.037s] Invoking command in '/home/mael/ros2_ws/build/perception_pcl': CMAKE_PREFIX_PATH=/home/mael/ros2_ws/install/pcl_ros:/home/mael/ros2_ws/install/pcl_conversions:/home/mael/ros2_ws/install/zed_ros2:/home/mael/ros2_ws/install/zed_wrapper:/home/mael/ros2_ws/install/zed_components:/home/mael/ros2_ws/install/zed_interfaces:/home/mael/ros2_ws/install/baxter_moveit_ros2:/home/mael/ros2_ws/install/baxter_description:/home/mael/ros2_ws/install/rethink_ee_description:/home/mael/ros2_ws/install/perception_pcl:/home/mael/ros2_ws/install/baxter_maintenance_msgs:/home/mael/ros2_ws/install/baxter_core_msgs:/home/mael/ros2_ws/install/apriltag_ros_pose:/home/mael/ros2_ws/install/apriltag_ros2:/home/mael/ros2_ws/install/ros_tcp_endpoint:/home/mael/ros2_ws/install/baxter_joint_controller:/home/mael/ros2_ws/install/baxter_6dof_vr:/opt/ros/humble LD_LIBRARY_PATH=/home/mael/ros2_ws/install/pcl_ros/lib:/home/mael/ros2_ws/install/zed_components/lib:/home/mael/ros2_ws/install/zed_interfaces/lib:/home/mael/ros2_ws/install/baxter_maintenance_msgs/lib:/home/mael/ros2_ws/install/baxter_core_msgs/lib:/home/mael/ros2_ws/install/apriltag_ros_pose/lib:/home/mael/ros2_ws/install/apriltag_ros2/lib:/opt/ros/humble/opt/rviz_ogre_vendor/lib:/opt/ros/humble/lib/x86_64-linux-gnu:/opt/ros/humble/lib /usr/bin/cmake /home/mael/ros2_ws/src/perception_pcl/perception_pcl -DAMENT_CMAKE_SYMLINK_INSTALL=1 -DCMAKE_INSTALL_PREFIX=/home/mael/ros2_ws/install/perception_pcl
[0.085s] -- The C compiler identification is GNU 11.3.0
[0.131s] -- The CXX compiler identification is GNU 11.3.0
[0.137s] -- Detecting C compiler ABI info
[0.195s] -- Detecting C compiler ABI info - done
[0.202s] -- Check for working C compiler: /usr/bin/cc - skipped
[0.202s] -- Detecting C compile features
[0.202s] -- Detecting C compile features - done
[0.205s] -- Detecting CXX compiler ABI info
[0.271s] -- Detecting CXX compiler ABI info - done
[0.278s] -- Check for working CXX compiler: /usr/bin/c++ - skipped
[0.278s] -- Detecting CXX compile features
[0.278s] -- Detecting CXX compile features - done
[0.282s] -- Found ament_cmake: 1.3.5 (/opt/ros/humble/share/ament_cmake/cmake)
[0.439s] -- Found Python3: /usr/bin/python3.10 (found version "3.10.6") found components: Interpreter 
[0.494s] -- Override CMake install command with custom implementation using symlinks instead of copying resources
[0.591s] -- Configuring done
[0.593s] -- Generating done
[0.594s] -- Build files have been written to: /home/mael/ros2_ws/build/perception_pcl
[0.598s] Invoked command in '/home/mael/ros2_ws/build/perception_pcl' returned '0': CMAKE_PREFIX_PATH=/home/mael/ros2_ws/install/pcl_ros:/home/mael/ros2_ws/install/pcl_conversions:/home/mael/ros2_ws/install/zed_ros2:/home/mael/ros2_ws/install/zed_wrapper:/home/mael/ros2_ws/install/zed_components:/home/mael/ros2_ws/install/zed_interfaces:/home/mael/ros2_ws/install/baxter_moveit_ros2:/home/mael/ros2_ws/install/baxter_description:/home/mael/ros2_ws/install/rethink_ee_description:/home/mael/ros2_ws/install/perception_pcl:/home/mael/ros2_ws/install/baxter_maintenance_msgs:/home/mael/ros2_ws/install/baxter_core_msgs:/home/mael/ros2_ws/install/apriltag_ros_pose:/home/mael/ros2_ws/install/apriltag_ros2:/home/mael/ros2_ws/install/ros_tcp_endpoint:/home/mael/ros2_ws/install/baxter_joint_controller:/home/mael/ros2_ws/install/baxter_6dof_vr:/opt/ros/humble LD_LIBRARY_PATH=/home/mael/ros2_ws/install/pcl_ros/lib:/home/mael/ros2_ws/install/zed_components/lib:/home/mael/ros2_ws/install/zed_interfaces/lib:/home/mael/ros2_ws/install/baxter_maintenance_msgs/lib:/home/mael/ros2_ws/install/baxter_core_msgs/lib:/home/mael/ros2_ws/install/apriltag_ros_pose/lib:/home/mael/ros2_ws/install/apriltag_ros2/lib:/opt/ros/humble/opt/rviz_ogre_vendor/lib:/opt/ros/humble/lib/x86_64-linux-gnu:/opt/ros/humble/lib /usr/bin/cmake /home/mael/ros2_ws/src/perception_pcl/perception_pcl -DAMENT_CMAKE_SYMLINK_INSTALL=1 -DCMAKE_INSTALL_PREFIX=/home/mael/ros2_ws/install/perception_pcl
[0.599s] Invoking command in '/home/mael/ros2_ws/build/perception_pcl': CMAKE_PREFIX_PATH=/home/mael/ros2_ws/install/pcl_ros:/home/mael/ros2_ws/install/pcl_conversions:/home/mael/ros2_ws/install/zed_ros2:/home/mael/ros2_ws/install/zed_wrapper:/home/mael/ros2_ws/install/zed_components:/home/mael/ros2_ws/install/zed_interfaces:/home/mael/ros2_ws/install/baxter_moveit_ros2:/home/mael/ros2_ws/install/baxter_description:/home/mael/ros2_ws/install/rethink_ee_description:/home/mael/ros2_ws/install/perception_pcl:/home/mael/ros2_ws/install/baxter_maintenance_msgs:/home/mael/ros2_ws/install/baxter_core_msgs:/home/mael/ros2_ws/install/apriltag_ros_pose:/home/mael/ros2_ws/install/apriltag_ros2:/home/mael/ros2_ws/install/ros_tcp_endpoint:/home/mael/ros2_ws/install/baxter_joint_controller:/home/mael/ros2_ws/install/baxter_6dof_vr:/opt/ros/humble LD_LIBRARY_PATH=/home/mael/ros2_ws/install/pcl_ros/lib:/home/mael/ros2_ws/install/zed_components/lib:/home/mael/ros2_ws/install/zed_interfaces/lib:/home/mael/ros2_ws/install/baxter_maintenance_msgs/lib:/home/mael/ros2_ws/install/baxter_core_msgs/lib:/home/mael/ros2_ws/install/apriltag_ros_pose/lib:/home/mael/ros2_ws/install/apriltag_ros2/lib:/opt/ros/humble/opt/rviz_ogre_vendor/lib:/opt/ros/humble/lib/x86_64-linux-gnu:/opt/ros/humble/lib /usr/bin/cmake --build /home/mael/ros2_ws/build/perception_pcl -- -j8 -l8
[0.629s] Invoked command in '/home/mael/ros2_ws/build/perception_pcl' returned '0': CMAKE_PREFIX_PATH=/home/mael/ros2_ws/install/pcl_ros:/home/mael/ros2_ws/install/pcl_conversions:/home/mael/ros2_ws/install/zed_ros2:/home/mael/ros2_ws/install/zed_wrapper:/home/mael/ros2_ws/install/zed_components:/home/mael/ros2_ws/install/zed_interfaces:/home/mael/ros2_ws/install/baxter_moveit_ros2:/home/mael/ros2_ws/install/baxter_description:/home/mael/ros2_ws/install/rethink_ee_description:/home/mael/ros2_ws/install/perception_pcl:/home/mael/ros2_ws/install/baxter_maintenance_msgs:/home/mael/ros2_ws/install/baxter_core_msgs:/home/mael/ros2_ws/install/apriltag_ros_pose:/home/mael/ros2_ws/install/apriltag_ros2:/home/mael/ros2_ws/install/ros_tcp_endpoint:/home/mael/ros2_ws/install/baxter_joint_controller:/home/mael/ros2_ws/install/baxter_6dof_vr:/opt/ros/humble LD_LIBRARY_PATH=/home/mael/ros2_ws/install/pcl_ros/lib:/home/mael/ros2_ws/install/zed_components/lib:/home/mael/ros2_ws/install/zed_interfaces/lib:/home/mael/ros2_ws/install/baxter_maintenance_msgs/lib:/home/mael/ros2_ws/install/baxter_core_msgs/lib:/home/mael/ros2_ws/install/apriltag_ros_pose/lib:/home/mael/ros2_ws/install/apriltag_ros2/lib:/opt/ros/humble/opt/rviz_ogre_vendor/lib:/opt/ros/humble/lib/x86_64-linux-gnu:/opt/ros/humble/lib /usr/bin/cmake --build /home/mael/ros2_ws/build/perception_pcl -- -j8 -l8
[0.648s] Invoking command in '/home/mael/ros2_ws/build/perception_pcl': CMAKE_PREFIX_PATH=/home/mael/ros2_ws/install/pcl_ros:/home/mael/ros2_ws/install/pcl_conversions:/home/mael/ros2_ws/install/zed_ros2:/home/mael/ros2_ws/install/zed_wrapper:/home/mael/ros2_ws/install/zed_components:/home/mael/ros2_ws/install/zed_interfaces:/home/mael/ros2_ws/install/baxter_moveit_ros2:/home/mael/ros2_ws/install/baxter_description:/home/mael/ros2_ws/install/rethink_ee_description:/home/mael/ros2_ws/install/perception_pcl:/home/mael/ros2_ws/install/baxter_maintenance_msgs:/home/mael/ros2_ws/install/baxter_core_msgs:/home/mael/ros2_ws/install/apriltag_ros_pose:/home/mael/ros2_ws/install/apriltag_ros2:/home/mael/ros2_ws/install/ros_tcp_endpoint:/home/mael/ros2_ws/install/baxter_joint_controller:/home/mael/ros2_ws/install/baxter_6dof_vr:/opt/ros/humble LD_LIBRARY_PATH=/home/mael/ros2_ws/install/pcl_ros/lib:/home/mael/ros2_ws/install/zed_components/lib:/home/mael/ros2_ws/install/zed_interfaces/lib:/home/mael/ros2_ws/install/baxter_maintenance_msgs/lib:/home/mael/ros2_ws/install/baxter_core_msgs/lib:/home/mael/ros2_ws/install/apriltag_ros_pose/lib:/home/mael/ros2_ws/install/apriltag_ros2/lib:/opt/ros/humble/opt/rviz_ogre_vendor/lib:/opt/ros/humble/lib/x86_64-linux-gnu:/opt/ros/humble/lib /usr/bin/cmake --install /home/mael/ros2_ws/build/perception_pcl
[0.655s] -- Install configuration: ""
[0.656s] -- Execute custom install script
[0.656s] -- Symlinking: /home/mael/ros2_ws/install/perception_pcl/share/ament_index/resource_index/package_run_dependencies/perception_pcl
[0.663s] -- Symlinking: /home/mael/ros2_ws/install/perception_pcl/share/ament_index/resource_index/parent_prefix_path/perception_pcl
[0.670s] -- Symlinking: /home/mael/ros2_ws/install/perception_pcl/share/perception_pcl/environment/ament_prefix_path.sh
[0.677s] -- Symlinking: /home/mael/ros2_ws/install/perception_pcl/share/perception_pcl/environment/ament_prefix_path.dsv
[0.684s] -- Symlinking: /home/mael/ros2_ws/install/perception_pcl/share/perception_pcl/environment/path.sh
[0.691s] -- Symlinking: /home/mael/ros2_ws/install/perception_pcl/share/perception_pcl/environment/path.dsv
[0.698s] -- Symlinking: /home/mael/ros2_ws/install/perception_pcl/share/perception_pcl/local_setup.bash
[0.705s] -- Symlinking: /home/mael/ros2_ws/install/perception_pcl/share/perception_pcl/local_setup.sh
[0.712s] -- Symlinking: /home/mael/ros2_ws/install/perception_pcl/share/perception_pcl/local_setup.zsh
[0.719s] -- Symlinking: /home/mael/ros2_ws/install/perception_pcl/share/perception_pcl/local_setup.dsv
[0.726s] -- Symlinking: /home/mael/ros2_ws/install/perception_pcl/share/perception_pcl/package.dsv
[0.733s] -- Symlinking: /home/mael/ros2_ws/install/perception_pcl/share/ament_index/resource_index/packages/perception_pcl
[0.740s] -- Symlinking: /home/mael/ros2_ws/install/perception_pcl/share/perception_pcl/cmake/perception_pclConfig.cmake
[0.747s] -- Symlinking: /home/mael/ros2_ws/install/perception_pcl/share/perception_pcl/cmake/perception_pclConfig-version.cmake
[0.755s] -- Symlinking: /home/mael/ros2_ws/install/perception_pcl/share/perception_pcl/package.xml
[0.767s] Invoked command in '/home/mael/ros2_ws/build/perception_pcl' returned '0': CMAKE_PREFIX_PATH=/home/mael/ros2_ws/install/pcl_ros:/home/mael/ros2_ws/install/pcl_conversions:/home/mael/ros2_ws/install/zed_ros2:/home/mael/ros2_ws/install/zed_wrapper:/home/mael/ros2_ws/install/zed_components:/home/mael/ros2_ws/install/zed_interfaces:/home/mael/ros2_ws/install/baxter_moveit_ros2:/home/mael/ros2_ws/install/baxter_description:/home/mael/ros2_ws/install/rethink_ee_description:/home/mael/ros2_ws/install/perception_pcl:/home/mael/ros2_ws/install/baxter_maintenance_msgs:/home/mael/ros2_ws/install/baxter_core_msgs:/home/mael/ros2_ws/install/apriltag_ros_pose:/home/mael/ros2_ws/install/apriltag_ros2:/home/mael/ros2_ws/install/ros_tcp_endpoint:/home/mael/ros2_ws/install/baxter_joint_controller:/home/mael/ros2_ws/install/baxter_6dof_vr:/opt/ros/humble LD_LIBRARY_PATH=/home/mael/ros2_ws/install/pcl_ros/lib:/home/mael/ros2_ws/install/zed_components/lib:/home/mael/ros2_ws/install/zed_interfaces/lib:/home/mael/ros2_ws/install/baxter_maintenance_msgs/lib:/home/mael/ros2_ws/install/baxter_core_msgs/lib:/home/mael/ros2_ws/install/apriltag_ros_pose/lib:/home/mael/ros2_ws/install/apriltag_ros2/lib:/opt/ros/humble/opt/rviz_ogre_vendor/lib:/opt/ros/humble/lib/x86_64-linux-gnu:/opt/ros/humble/lib /usr/bin/cmake --install /home/mael/ros2_ws/build/perception_pcl
