[1.358s] Invoking command in '/home/mael/ros2_ws/build/ros_tcp_endpoint': PYTHONPATH=/home/mael/ros2_ws/build/ros_tcp_endpoint/prefix_override:/home/mael/ros2_ws/install/ros_tcp_endpoint/lib/python3.10/site-packages:${PYTHONPATH} /usr/bin/python3 setup.py develop --editable --build-directory /home/mael/ros2_ws/build/ros_tcp_endpoint/build --no-deps install_data
[1.774s] /usr/lib/python3/dist-packages/setuptools/dist.py:723: UserWarning: Usage of dash-separated 'script-dir' will not be supported in future versions. Please use the underscore name 'script_dir' instead
[1.774s]   warnings.warn(
[1.818s] running develop
[1.819s] /usr/lib/python3/dist-packages/setuptools/command/easy_install.py:158: EasyInstallDeprecationWarning: easy_install command is deprecated. Use build and pip and other standards-based tools.
[1.819s]   warnings.warn(
[1.821s] /usr/lib/python3/dist-packages/setuptools/command/install.py:34: SetuptoolsDeprecationWarning: setup.py install is deprecated. Use build and pip and other standards-based tools.
[1.822s]   warnings.warn(
[1.913s] /usr/lib/python3/dist-packages/pkg_resources/__init__.py:116: PkgResourcesDeprecationWarning: 1.16.0-unknown is an invalid version and will not be supported in a future release
[1.914s]   warnings.warn(
[1.914s] /usr/lib/python3/dist-packages/pkg_resources/__init__.py:116: PkgResourcesDeprecationWarning: 0.1.43ubuntu1 is an invalid version and will not be supported in a future release
[1.914s]   warnings.warn(
[1.915s] /usr/lib/python3/dist-packages/pkg_resources/__init__.py:116: PkgResourcesDeprecationWarning: 1.1build1 is an invalid version and will not be supported in a future release
[1.915s]   warnings.warn(
[2.080s] running egg_info
[2.080s] writing ros_tcp_endpoint.egg-info/PKG-INFO
[2.081s] writing dependency_links to ros_tcp_endpoint.egg-info/dependency_links.txt
[2.081s] writing entry points to ros_tcp_endpoint.egg-info/entry_points.txt
[2.081s] writing requirements to ros_tcp_endpoint.egg-info/requires.txt
[2.081s] writing top-level names to ros_tcp_endpoint.egg-info/top_level.txt
[2.084s] reading manifest file 'ros_tcp_endpoint.egg-info/SOURCES.txt'
[2.086s] writing manifest file 'ros_tcp_endpoint.egg-info/SOURCES.txt'
[2.137s] running build_ext
[2.138s] Creating /home/mael/ros2_ws/install/ros_tcp_endpoint/lib/python3.10/site-packages/ros-tcp-endpoint.egg-link (link to .)
[2.138s] Installing default_server_endpoint script to /home/mael/ros2_ws/install/ros_tcp_endpoint/lib/ros_tcp_endpoint
[2.140s] 
[2.140s] Installed /home/mael/ros2_ws/build/ros_tcp_endpoint
[2.140s] running install_data
[2.196s] Invoked command in '/home/mael/ros2_ws/build/ros_tcp_endpoint' returned '0': PYTHONPATH=/home/mael/ros2_ws/build/ros_tcp_endpoint/prefix_override:/home/mael/ros2_ws/install/ros_tcp_endpoint/lib/python3.10/site-packages:${PYTHONPATH} /usr/bin/python3 setup.py develop --editable --build-directory /home/mael/ros2_ws/build/ros_tcp_endpoint/build --no-deps install_data
