[1.784s] Invoking command in '/home/mael/ros2_ws/build/rethink_ee_description': CMAKE_PREFIX_PATH=${CMAKE_PREFIX_PATH}:/home/mael/ros2_ws/install/ros_tcp_endpoint:/home/mael/ros2_ws/install/baxter_joint_controller:/home/mael/ros2_ws/install/baxter_6dof_vr:/opt/ros/humble /usr/bin/cmake --build /home/mael/ros2_ws/build/rethink_ee_description -- -j8 -l8
[3.130s] Invoked command in '/home/mael/ros2_ws/build/rethink_ee_description' returned '0': CMAKE_PREFIX_PATH=${CMAKE_PREFIX_PATH}:/home/mael/ros2_ws/install/ros_tcp_endpoint:/home/mael/ros2_ws/install/baxter_joint_controller:/home/mael/ros2_ws/install/baxter_6dof_vr:/opt/ros/humble /usr/bin/cmake --build /home/mael/ros2_ws/build/rethink_ee_description -- -j8 -l8
[3.221s] Invoking command in '/home/mael/ros2_ws/build/rethink_ee_description': CMAKE_PREFIX_PATH=${CMAKE_PREFIX_PATH}:/home/mael/ros2_ws/install/ros_tcp_endpoint:/home/mael/ros2_ws/install/baxter_joint_controller:/home/mael/ros2_ws/install/baxter_6dof_vr:/opt/ros/humble /usr/bin/cmake --install /home/mael/ros2_ws/build/rethink_ee_description
[3.244s] -- Install configuration: ""
[3.244s] -- Execute custom install script
[3.244s] -- Up-to-date symlink: /home/mael/ros2_ws/install/rethink_ee_description/share/rethink_ee_description/meshes/electric_gripper/electric_gripper_base.DAE
[3.244s] -- Up-to-date symlink: /home/mael/ros2_ws/install/rethink_ee_description/share/rethink_ee_description/meshes/electric_gripper/electric_gripper_base.STL
[3.244s] -- Up-to-date symlink: /home/mael/ros2_ws/install/rethink_ee_description/share/rethink_ee_description/meshes/electric_gripper/electric_gripper_w_fingers.DAE
[3.244s] -- Up-to-date symlink: /home/mael/ros2_ws/install/rethink_ee_description/share/rethink_ee_description/meshes/electric_gripper/electric_gripper_w_fingers.STL
[3.245s] -- Up-to-date symlink: /home/mael/ros2_ws/install/rethink_ee_description/share/rethink_ee_description/meshes/electric_gripper/fingers/basic_hard_tip.DAE
[3.245s] -- Up-to-date symlink: /home/mael/ros2_ws/install/rethink_ee_description/share/rethink_ee_description/meshes/electric_gripper/fingers/basic_hard_tip.STL
[3.245s] -- Up-to-date symlink: /home/mael/ros2_ws/install/rethink_ee_description/share/rethink_ee_description/meshes/electric_gripper/fingers/basic_soft_tip.DAE
[3.245s] -- Up-to-date symlink: /home/mael/ros2_ws/install/rethink_ee_description/share/rethink_ee_description/meshes/electric_gripper/fingers/basic_soft_tip.STL
[3.245s] -- Up-to-date symlink: /home/mael/ros2_ws/install/rethink_ee_description/share/rethink_ee_description/meshes/electric_gripper/fingers/extended_narrow.DAE
[3.245s] -- Up-to-date symlink: /home/mael/ros2_ws/install/rethink_ee_description/share/rethink_ee_description/meshes/electric_gripper/fingers/extended_narrow.STL
[3.245s] -- Up-to-date symlink: /home/mael/ros2_ws/install/rethink_ee_description/share/rethink_ee_description/meshes/electric_gripper/fingers/extended_wide.DAE
[3.245s] -- Up-to-date symlink: /home/mael/ros2_ws/install/rethink_ee_description/share/rethink_ee_description/meshes/electric_gripper/fingers/extended_wide.STL
[3.245s] -- Up-to-date symlink: /home/mael/ros2_ws/install/rethink_ee_description/share/rethink_ee_description/meshes/electric_gripper/fingers/half_round_tip.DAE
[3.246s] -- Up-to-date symlink: /home/mael/ros2_ws/install/rethink_ee_description/share/rethink_ee_description/meshes/electric_gripper/fingers/half_round_tip.STL
[3.246s] -- Up-to-date symlink: /home/mael/ros2_ws/install/rethink_ee_description/share/rethink_ee_description/meshes/electric_gripper/fingers/limiter.DAE
[3.246s] -- Up-to-date symlink: /home/mael/ros2_ws/install/rethink_ee_description/share/rethink_ee_description/meshes/electric_gripper/fingers/limiter.STL
[3.246s] -- Up-to-date symlink: /home/mael/ros2_ws/install/rethink_ee_description/share/rethink_ee_description/meshes/electric_gripper/fingers/paddle_tip.DAE
[3.246s] -- Up-to-date symlink: /home/mael/ros2_ws/install/rethink_ee_description/share/rethink_ee_description/meshes/electric_gripper/fingers/paddle_tip.STL
[3.246s] -- Up-to-date symlink: /home/mael/ros2_ws/install/rethink_ee_description/share/rethink_ee_description/meshes/electric_gripper/fingers/standard_narrow.DAE
[3.246s] -- Up-to-date symlink: /home/mael/ros2_ws/install/rethink_ee_description/share/rethink_ee_description/meshes/electric_gripper/fingers/standard_narrow.STL
[3.246s] -- Up-to-date symlink: /home/mael/ros2_ws/install/rethink_ee_description/share/rethink_ee_description/meshes/electric_gripper/fingers/standard_wide.DAE
[3.246s] -- Up-to-date symlink: /home/mael/ros2_ws/install/rethink_ee_description/share/rethink_ee_description/meshes/electric_gripper/fingers/standard_wide.STL
[3.247s] -- Up-to-date symlink: /home/mael/ros2_ws/install/rethink_ee_description/share/rethink_ee_description/meshes/pneumatic_gripper/archive/pneumatic_gripper.STL
[3.247s] -- Up-to-date symlink: /home/mael/ros2_ws/install/rethink_ee_description/share/rethink_ee_description/meshes/pneumatic_gripper/archive/pneumatic_gripper_30mm_cup.STL
[3.247s] -- Up-to-date symlink: /home/mael/ros2_ws/install/rethink_ee_description/share/rethink_ee_description/meshes/pneumatic_gripper/pneumatic_gripper_base.DAE
[3.247s] -- Up-to-date symlink: /home/mael/ros2_ws/install/rethink_ee_description/share/rethink_ee_description/meshes/pneumatic_gripper/pneumatic_gripper_base.STL
[3.247s] -- Up-to-date symlink: /home/mael/ros2_ws/install/rethink_ee_description/share/rethink_ee_description/meshes/pneumatic_gripper/pneumatic_gripper_w_cup.DAE
[3.247s] -- Up-to-date symlink: /home/mael/ros2_ws/install/rethink_ee_description/share/rethink_ee_description/meshes/pneumatic_gripper/pneumatic_gripper_w_cup.STL
[3.247s] -- Up-to-date symlink: /home/mael/ros2_ws/install/rethink_ee_description/share/rethink_ee_description/urdf/electric_gripper/example_end_effector.urdf.xacro
[3.247s] -- Up-to-date symlink: /home/mael/ros2_ws/install/rethink_ee_description/share/rethink_ee_description/urdf/electric_gripper/fingers/basic_hard_tip.xacro
[3.247s] -- Up-to-date symlink: /home/mael/ros2_ws/install/rethink_ee_description/share/rethink_ee_description/urdf/electric_gripper/fingers/basic_soft_tip.xacro
[3.247s] -- Up-to-date symlink: /home/mael/ros2_ws/install/rethink_ee_description/share/rethink_ee_description/urdf/electric_gripper/fingers/extended_narrow.xacro
[3.247s] -- Up-to-date symlink: /home/mael/ros2_ws/install/rethink_ee_description/share/rethink_ee_description/urdf/electric_gripper/fingers/extended_wide.xacro
[3.248s] -- Up-to-date symlink: /home/mael/ros2_ws/install/rethink_ee_description/share/rethink_ee_description/urdf/electric_gripper/fingers/half_round_tip.xacro
[3.248s] -- Up-to-date symlink: /home/mael/ros2_ws/install/rethink_ee_description/share/rethink_ee_description/urdf/electric_gripper/fingers/none.xacro
[3.248s] -- Up-to-date symlink: /home/mael/ros2_ws/install/rethink_ee_description/share/rethink_ee_description/urdf/electric_gripper/fingers/paddle_tip.xacro
[3.248s] -- Up-to-date symlink: /home/mael/ros2_ws/install/rethink_ee_description/share/rethink_ee_description/urdf/electric_gripper/fingers/standard_narrow.xacro
[3.248s] -- Up-to-date symlink: /home/mael/ros2_ws/install/rethink_ee_description/share/rethink_ee_description/urdf/electric_gripper/fingers/standard_wide.xacro
[3.248s] -- Up-to-date symlink: /home/mael/ros2_ws/install/rethink_ee_description/share/rethink_ee_description/urdf/electric_gripper/rethink_electric_gripper.xacro
[3.248s] -- Up-to-date symlink: /home/mael/ros2_ws/install/rethink_ee_description/share/rethink_ee_description/urdf/null_gripper/example_end_effector.urdf.xacro
[3.248s] -- Up-to-date symlink: /home/mael/ros2_ws/install/rethink_ee_description/share/rethink_ee_description/urdf/null_gripper/null_gripper.xacro
[3.248s] -- Up-to-date symlink: /home/mael/ros2_ws/install/rethink_ee_description/share/rethink_ee_description/urdf/pneumatic_gripper/example_end_effector.urdf.xacro
[3.249s] -- Up-to-date symlink: /home/mael/ros2_ws/install/rethink_ee_description/share/rethink_ee_description/urdf/pneumatic_gripper/pneumatic_gripper_base.xacro
[3.249s] -- Up-to-date symlink: /home/mael/ros2_ws/install/rethink_ee_description/share/rethink_ee_description/urdf/pneumatic_gripper/rethink_pneumatic_gripper.xacro
[3.249s] -- Up-to-date symlink: /home/mael/ros2_ws/install/rethink_ee_description/share/ament_index/resource_index/package_run_dependencies/rethink_ee_description
[3.252s] -- Up-to-date symlink: /home/mael/ros2_ws/install/rethink_ee_description/share/ament_index/resource_index/parent_prefix_path/rethink_ee_description
[3.252s] -- Up-to-date symlink: /home/mael/ros2_ws/install/rethink_ee_description/share/rethink_ee_description/environment/ament_prefix_path.sh
[3.252s] -- Up-to-date symlink: /home/mael/ros2_ws/install/rethink_ee_description/share/rethink_ee_description/environment/ament_prefix_path.dsv
[3.253s] -- Up-to-date symlink: /home/mael/ros2_ws/install/rethink_ee_description/share/rethink_ee_description/environment/path.sh
[3.253s] -- Up-to-date symlink: /home/mael/ros2_ws/install/rethink_ee_description/share/rethink_ee_description/environment/path.dsv
[3.253s] -- Up-to-date symlink: /home/mael/ros2_ws/install/rethink_ee_description/share/rethink_ee_description/local_setup.bash
[3.253s] -- Up-to-date symlink: /home/mael/ros2_ws/install/rethink_ee_description/share/rethink_ee_description/local_setup.sh
[3.265s] -- Up-to-date symlink: /home/mael/ros2_ws/install/rethink_ee_description/share/rethink_ee_description/local_setup.zsh
[3.265s] -- Up-to-date symlink: /home/mael/ros2_ws/install/rethink_ee_description/share/rethink_ee_description/local_setup.dsv
[3.265s] -- Symlinking: /home/mael/ros2_ws/install/rethink_ee_description/share/rethink_ee_description/package.dsv
[3.269s] -- Up-to-date symlink: /home/mael/ros2_ws/install/rethink_ee_description/share/ament_index/resource_index/packages/rethink_ee_description
[3.269s] -- Up-to-date symlink: /home/mael/ros2_ws/install/rethink_ee_description/share/rethink_ee_description/cmake/rethink_ee_descriptionConfig.cmake
[3.269s] -- Up-to-date symlink: /home/mael/ros2_ws/install/rethink_ee_description/share/rethink_ee_description/cmake/rethink_ee_descriptionConfig-version.cmake
[3.269s] -- Up-to-date symlink: /home/mael/ros2_ws/install/rethink_ee_description/share/rethink_ee_description/package.xml
[3.691s] Invoked command in '/home/mael/ros2_ws/build/rethink_ee_description' returned '0': CMAKE_PREFIX_PATH=${CMAKE_PREFIX_PATH}:/home/mael/ros2_ws/install/ros_tcp_endpoint:/home/mael/ros2_ws/install/baxter_joint_controller:/home/mael/ros2_ws/install/baxter_6dof_vr:/opt/ros/humble /usr/bin/cmake --install /home/mael/ros2_ws/build/rethink_ee_description
