[9.482s] Invoking command in '/home/mael/ros2_ws/build/baxter_6dof_vr': PYTHONPATH=/home/mael/ros2_ws/build/baxter_6dof_vr/prefix_override:/home/mael/ros2_ws/install/baxter_6dof_vr/lib/python3.10/site-packages:${PYTHONPATH} /usr/bin/python3 setup.py develop --editable --build-directory /home/mael/ros2_ws/build/baxter_6dof_vr/build --no-deps install_data
[9.841s] running develop
[9.841s] /usr/lib/python3/dist-packages/setuptools/command/easy_install.py:158: EasyInstallDeprecationWarning: easy_install command is deprecated. Use build and pip and other standards-based tools.
[9.842s]   warnings.warn(
[9.843s] /usr/lib/python3/dist-packages/setuptools/command/install.py:34: SetuptoolsDeprecationWarning: setup.py install is deprecated. Use build and pip and other standards-based tools.
[9.843s]   warnings.warn(
[9.921s] /usr/lib/python3/dist-packages/pkg_resources/__init__.py:116: PkgResourcesDeprecationWarning: 1.16.0-unknown is an invalid version and will not be supported in a future release
[9.921s]   warnings.warn(
[9.921s] /usr/lib/python3/dist-packages/pkg_resources/__init__.py:116: PkgResourcesDeprecationWarning: 0.1.43ubuntu1 is an invalid version and will not be supported in a future release
[9.921s]   warnings.warn(
[9.922s] /usr/lib/python3/dist-packages/pkg_resources/__init__.py:116: PkgResourcesDeprecationWarning: 1.1build1 is an invalid version and will not be supported in a future release
[9.922s]   warnings.warn(
[10.049s] running egg_info
[10.049s] writing baxter_6dof_vr.egg-info/PKG-INFO
[10.079s] writing dependency_links to baxter_6dof_vr.egg-info/dependency_links.txt
[10.080s] writing entry points to baxter_6dof_vr.egg-info/entry_points.txt
[10.214s] writing requirements to baxter_6dof_vr.egg-info/requires.txt
[10.384s] writing top-level names to baxter_6dof_vr.egg-info/top_level.txt
[10.716s] reading manifest file 'baxter_6dof_vr.egg-info/SOURCES.txt'
[10.722s] writing manifest file 'baxter_6dof_vr.egg-info/SOURCES.txt'
[10.965s] running build_ext
[10.965s] Creating /home/mael/ros2_ws/install/baxter_6dof_vr/lib/python3.10/site-packages/baxter-6dof-vr.egg-link (link to .)
[11.491s] Installing pose_to_tf script to /home/mael/ros2_ws/install/baxter_6dof_vr/lib/baxter_6dof_vr
[11.491s] 
[11.491s] Installed /home/mael/ros2_ws/build/baxter_6dof_vr
[11.491s] running install_data
[15.938s] Invoked command in '/home/mael/ros2_ws/build/baxter_6dof_vr' returned '0': PYTHONPATH=/home/mael/ros2_ws/build/baxter_6dof_vr/prefix_override:/home/mael/ros2_ws/install/baxter_6dof_vr/lib/python3.10/site-packages:${PYTHONPATH} /usr/bin/python3 setup.py develop --editable --build-directory /home/mael/ros2_ws/build/baxter_6dof_vr/build --no-deps install_data
